[2024-07-08T17:20:47.761+0000] {local_task_job_runner.py:120} INFO - ::group::Pre task execution logs
[2024-07-08T17:20:47.786+0000] {taskinstance.py:2076} INFO - Dependencies all met for dep_context=non-requeueable deps ti=<TaskInstance: minha_primeira_dag.minha_primeira_dag scheduled__2024-01-04T00:00:00+00:00 [queued]>
[2024-07-08T17:20:47.795+0000] {taskinstance.py:2076} INFO - Dependencies all met for dep_context=requeueable deps ti=<TaskInstance: minha_primeira_dag.minha_primeira_dag scheduled__2024-01-04T00:00:00+00:00 [queued]>
[2024-07-08T17:20:47.797+0000] {taskinstance.py:2306} INFO - Starting attempt 1 of 2
[2024-07-08T17:20:47.816+0000] {taskinstance.py:2330} INFO - Executing <Task(PythonOperator): minha_primeira_dag> on 2024-01-04 00:00:00+00:00
[2024-07-08T17:20:47.827+0000] {warnings.py:112} WARNING - /home/***/.local/lib/python3.12/site-packages/***/task/task_runner/standard_task_runner.py:61: DeprecationWarning: This process (pid=605) is multi-threaded, use of fork() may lead to deadlocks in the child.
  pid = os.fork()

[2024-07-08T17:20:47.829+0000] {standard_task_runner.py:63} INFO - Started process 625 to run task
[2024-07-08T17:20:47.829+0000] {standard_task_runner.py:90} INFO - Running: ['***', 'tasks', 'run', 'minha_primeira_dag', 'minha_primeira_dag', 'scheduled__2024-01-04T00:00:00+00:00', '--job-id', '224', '--raw', '--subdir', 'DAGS_FOLDER/vitorfornaro_dag.py', '--cfg-path', '/tmp/tmpixb4ob3s']
[2024-07-08T17:20:47.833+0000] {standard_task_runner.py:91} INFO - Job 224: Subtask minha_primeira_dag
[2024-07-08T17:20:47.851+0000] {warnings.py:112} WARNING - /home/***/.local/lib/python3.12/site-packages/***/settings.py:195: DeprecationWarning: The sql_alchemy_conn option in [core] has been moved to the sql_alchemy_conn option in [database] - the old setting has been used, but please update your config.
  SQL_ALCHEMY_CONN = conf.get("database", "SQL_ALCHEMY_CONN")

[2024-07-08T17:20:47.884+0000] {task_command.py:426} INFO - Running <TaskInstance: minha_primeira_dag.minha_primeira_dag scheduled__2024-01-04T00:00:00+00:00 [running]> on host 97f0f2466900
[2024-07-08T17:20:47.961+0000] {taskinstance.py:2648} INFO - Exporting env vars: AIRFLOW_CTX_DAG_OWNER='***' AIRFLOW_CTX_DAG_ID='minha_primeira_dag' AIRFLOW_CTX_TASK_ID='minha_primeira_dag' AIRFLOW_CTX_EXECUTION_DATE='2024-01-04T00:00:00+00:00' AIRFLOW_CTX_TRY_NUMBER='1' AIRFLOW_CTX_DAG_RUN_ID='scheduled__2024-01-04T00:00:00+00:00'
[2024-07-08T17:20:47.963+0000] {taskinstance.py:430} INFO - ::endgroup::
[2024-07-08T17:20:47.964+0000] {logging_mixin.py:188} INFO - Hello, world!
[2024-07-08T17:20:47.965+0000] {python.py:237} INFO - Done. Returned value was: None
[2024-07-08T17:20:47.965+0000] {taskinstance.py:441} INFO - ::group::Post task execution logs
[2024-07-08T17:20:47.974+0000] {taskinstance.py:1206} INFO - Marking task as SUCCESS. dag_id=minha_primeira_dag, task_id=minha_primeira_dag, run_id=scheduled__2024-01-04T00:00:00+00:00, execution_date=20240104T000000, start_date=20240708T172047, end_date=20240708T172047
[2024-07-08T17:20:48.013+0000] {local_task_job_runner.py:240} INFO - Task exited with return code 0
[2024-07-08T17:20:48.028+0000] {taskinstance.py:3503} INFO - 0 downstream tasks scheduled from follow-on schedule check
[2024-07-08T17:20:48.031+0000] {local_task_job_runner.py:222} INFO - ::endgroup::
