[2024-07-08T17:19:38.395+0000] {local_task_job_runner.py:120} INFO - ::group::Pre task execution logs
[2024-07-08T17:19:38.403+0000] {taskinstance.py:2076} INFO - Dependencies all met for dep_context=non-requeueable deps ti=<TaskInstance: minha_primeira_dag.minha_primeira_dag scheduled__2023-09-10T00:00:00+00:00 [queued]>
[2024-07-08T17:19:38.406+0000] {taskinstance.py:2076} INFO - Dependencies all met for dep_context=requeueable deps ti=<TaskInstance: minha_primeira_dag.minha_primeira_dag scheduled__2023-09-10T00:00:00+00:00 [queued]>
[2024-07-08T17:19:38.408+0000] {taskinstance.py:2306} INFO - Starting attempt 1 of 2
[2024-07-08T17:19:38.415+0000] {taskinstance.py:2330} INFO - Executing <Task(PythonOperator): minha_primeira_dag> on 2023-09-10 00:00:00+00:00
[2024-07-08T17:19:38.418+0000] {warnings.py:112} WARNING - /home/***/.local/lib/python3.12/site-packages/***/task/task_runner/standard_task_runner.py:61: DeprecationWarning: This process (pid=255) is multi-threaded, use of fork() may lead to deadlocks in the child.
  pid = os.fork()

[2024-07-08T17:19:38.420+0000] {standard_task_runner.py:63} INFO - Started process 269 to run task
[2024-07-08T17:19:38.419+0000] {standard_task_runner.py:90} INFO - Running: ['***', 'tasks', 'run', 'minha_primeira_dag', 'minha_primeira_dag', 'scheduled__2023-09-10T00:00:00+00:00', '--job-id', '109', '--raw', '--subdir', 'DAGS_FOLDER/vitorfornaro_dag.py', '--cfg-path', '/tmp/tmpegl_b3yo']
[2024-07-08T17:19:38.421+0000] {standard_task_runner.py:91} INFO - Job 109: Subtask minha_primeira_dag
[2024-07-08T17:19:38.427+0000] {warnings.py:112} WARNING - /home/***/.local/lib/python3.12/site-packages/***/settings.py:195: DeprecationWarning: The sql_alchemy_conn option in [core] has been moved to the sql_alchemy_conn option in [database] - the old setting has been used, but please update your config.
  SQL_ALCHEMY_CONN = conf.get("database", "SQL_ALCHEMY_CONN")

[2024-07-08T17:19:38.440+0000] {task_command.py:426} INFO - Running <TaskInstance: minha_primeira_dag.minha_primeira_dag scheduled__2023-09-10T00:00:00+00:00 [running]> on host 97f0f2466900
[2024-07-08T17:19:38.470+0000] {taskinstance.py:2648} INFO - Exporting env vars: AIRFLOW_CTX_DAG_OWNER='***' AIRFLOW_CTX_DAG_ID='minha_primeira_dag' AIRFLOW_CTX_TASK_ID='minha_primeira_dag' AIRFLOW_CTX_EXECUTION_DATE='2023-09-10T00:00:00+00:00' AIRFLOW_CTX_TRY_NUMBER='1' AIRFLOW_CTX_DAG_RUN_ID='scheduled__2023-09-10T00:00:00+00:00'
[2024-07-08T17:19:38.470+0000] {taskinstance.py:430} INFO - ::endgroup::
[2024-07-08T17:19:38.471+0000] {logging_mixin.py:188} INFO - Hello, world!
[2024-07-08T17:19:38.472+0000] {python.py:237} INFO - Done. Returned value was: None
[2024-07-08T17:19:38.472+0000] {taskinstance.py:441} INFO - ::group::Post task execution logs
[2024-07-08T17:19:38.476+0000] {taskinstance.py:1206} INFO - Marking task as SUCCESS. dag_id=minha_primeira_dag, task_id=minha_primeira_dag, run_id=scheduled__2023-09-10T00:00:00+00:00, execution_date=20230910T000000, start_date=20240708T171938, end_date=20240708T171938
[2024-07-08T17:19:38.519+0000] {local_task_job_runner.py:240} INFO - Task exited with return code 0
[2024-07-08T17:19:38.525+0000] {taskinstance.py:3503} INFO - 0 downstream tasks scheduled from follow-on schedule check
[2024-07-08T17:19:38.525+0000] {local_task_job_runner.py:222} INFO - ::endgroup::
