[2024-07-08T02:45:59.690+0000] {processor.py:161} INFO - Started process (PID=32) to work on /opt/airflow/dags/api_to_bd.py
[2024-07-08T02:45:59.691+0000] {processor.py:830} INFO - Processing file /opt/airflow/dags/api_to_bd.py for tasks to queue
[2024-07-08T02:45:59.693+0000] {logging_mixin.py:188} INFO - [2024-07-08T02:45:59.693+0000] {dagbag.py:545} INFO - Filling up the DagBag from /opt/airflow/dags/api_to_bd.py
[2024-07-08T02:45:59.728+0000] {processor.py:840} INFO - DAG(s) 'collect_data' retrieved from /opt/airflow/dags/api_to_bd.py
[2024-07-08T02:45:59.912+0000] {logging_mixin.py:188} INFO - [2024-07-08T02:45:59.911+0000] {override.py:1829} INFO - Created Permission View: can read on DAG:collect_data
[2024-07-08T02:45:59.919+0000] {logging_mixin.py:188} INFO - [2024-07-08T02:45:59.918+0000] {override.py:1829} INFO - Created Permission View: can delete on DAG:collect_data
[2024-07-08T02:45:59.926+0000] {logging_mixin.py:188} INFO - [2024-07-08T02:45:59.925+0000] {override.py:1829} INFO - Created Permission View: can edit on DAG:collect_data
[2024-07-08T02:45:59.926+0000] {logging_mixin.py:188} INFO - [2024-07-08T02:45:59.926+0000] {dag.py:3096} INFO - Sync 1 DAGs
[2024-07-08T02:45:59.933+0000] {logging_mixin.py:188} INFO - [2024-07-08T02:45:59.932+0000] {dag.py:3118} INFO - Creating ORM DAG for collect_data
[2024-07-08T02:45:59.941+0000] {logging_mixin.py:188} INFO - [2024-07-08T02:45:59.941+0000] {dag.py:3954} INFO - Setting next_dagrun for collect_data to 2024-07-01 00:00:00+00:00, run_after=2024-07-02 00:00:00+00:00
[2024-07-08T02:45:59.948+0000] {processor.py:183} INFO - Processing /opt/airflow/dags/api_to_bd.py took 0.264 seconds
[2024-07-08T02:46:30.192+0000] {processor.py:161} INFO - Started process (PID=33) to work on /opt/airflow/dags/api_to_bd.py
[2024-07-08T02:46:30.193+0000] {processor.py:830} INFO - Processing file /opt/airflow/dags/api_to_bd.py for tasks to queue
[2024-07-08T02:46:30.194+0000] {logging_mixin.py:188} INFO - [2024-07-08T02:46:30.194+0000] {dagbag.py:545} INFO - Filling up the DagBag from /opt/airflow/dags/api_to_bd.py
[2024-07-08T02:46:30.207+0000] {processor.py:840} INFO - DAG(s) 'collect_data' retrieved from /opt/airflow/dags/api_to_bd.py
[2024-07-08T02:46:30.227+0000] {logging_mixin.py:188} INFO - [2024-07-08T02:46:30.227+0000] {dag.py:3096} INFO - Sync 1 DAGs
[2024-07-08T02:46:30.240+0000] {logging_mixin.py:188} INFO - [2024-07-08T02:46:30.240+0000] {dag.py:3954} INFO - Setting next_dagrun for collect_data to 2024-07-01 00:00:00+00:00, run_after=2024-07-02 00:00:00+00:00
[2024-07-08T02:46:30.249+0000] {processor.py:183} INFO - Processing /opt/airflow/dags/api_to_bd.py took 0.064 seconds
[2024-07-08T02:47:00.505+0000] {processor.py:161} INFO - Started process (PID=34) to work on /opt/airflow/dags/api_to_bd.py
[2024-07-08T02:47:00.507+0000] {processor.py:830} INFO - Processing file /opt/airflow/dags/api_to_bd.py for tasks to queue
[2024-07-08T02:47:00.511+0000] {logging_mixin.py:188} INFO - [2024-07-08T02:47:00.510+0000] {dagbag.py:545} INFO - Filling up the DagBag from /opt/airflow/dags/api_to_bd.py
[2024-07-08T02:47:00.530+0000] {processor.py:840} INFO - DAG(s) 'collect_data' retrieved from /opt/airflow/dags/api_to_bd.py
[2024-07-08T02:47:00.553+0000] {logging_mixin.py:188} INFO - [2024-07-08T02:47:00.553+0000] {dag.py:3096} INFO - Sync 1 DAGs
[2024-07-08T02:47:00.564+0000] {logging_mixin.py:188} INFO - [2024-07-08T02:47:00.564+0000] {dag.py:3954} INFO - Setting next_dagrun for collect_data to 2024-07-01 00:00:00+00:00, run_after=2024-07-02 00:00:00+00:00
[2024-07-08T02:47:00.570+0000] {processor.py:183} INFO - Processing /opt/airflow/dags/api_to_bd.py took 0.074 seconds
[2024-07-08T02:47:30.819+0000] {processor.py:161} INFO - Started process (PID=35) to work on /opt/airflow/dags/api_to_bd.py
[2024-07-08T02:47:30.820+0000] {processor.py:830} INFO - Processing file /opt/airflow/dags/api_to_bd.py for tasks to queue
[2024-07-08T02:47:30.822+0000] {logging_mixin.py:188} INFO - [2024-07-08T02:47:30.822+0000] {dagbag.py:545} INFO - Filling up the DagBag from /opt/airflow/dags/api_to_bd.py
[2024-07-08T02:47:30.837+0000] {processor.py:840} INFO - DAG(s) 'collect_data' retrieved from /opt/airflow/dags/api_to_bd.py
[2024-07-08T02:47:30.859+0000] {logging_mixin.py:188} INFO - [2024-07-08T02:47:30.859+0000] {dag.py:3096} INFO - Sync 1 DAGs
[2024-07-08T02:47:30.873+0000] {logging_mixin.py:188} INFO - [2024-07-08T02:47:30.873+0000] {dag.py:3954} INFO - Setting next_dagrun for collect_data to 2024-07-01 00:00:00+00:00, run_after=2024-07-02 00:00:00+00:00
[2024-07-08T02:47:30.881+0000] {processor.py:183} INFO - Processing /opt/airflow/dags/api_to_bd.py took 0.068 seconds
[2024-07-08T02:48:01.132+0000] {processor.py:161} INFO - Started process (PID=36) to work on /opt/airflow/dags/api_to_bd.py
[2024-07-08T02:48:01.133+0000] {processor.py:830} INFO - Processing file /opt/airflow/dags/api_to_bd.py for tasks to queue
[2024-07-08T02:48:01.135+0000] {logging_mixin.py:188} INFO - [2024-07-08T02:48:01.134+0000] {dagbag.py:545} INFO - Filling up the DagBag from /opt/airflow/dags/api_to_bd.py
[2024-07-08T02:48:01.147+0000] {processor.py:840} INFO - DAG(s) 'collect_data' retrieved from /opt/airflow/dags/api_to_bd.py
[2024-07-08T02:48:01.166+0000] {logging_mixin.py:188} INFO - [2024-07-08T02:48:01.166+0000] {dag.py:3096} INFO - Sync 1 DAGs
[2024-07-08T02:48:01.177+0000] {logging_mixin.py:188} INFO - [2024-07-08T02:48:01.177+0000] {dag.py:3954} INFO - Setting next_dagrun for collect_data to 2024-07-01 00:00:00+00:00, run_after=2024-07-02 00:00:00+00:00
[2024-07-08T02:48:01.184+0000] {processor.py:183} INFO - Processing /opt/airflow/dags/api_to_bd.py took 0.058 seconds
[2024-07-08T02:48:31.430+0000] {processor.py:161} INFO - Started process (PID=37) to work on /opt/airflow/dags/api_to_bd.py
[2024-07-08T02:48:31.431+0000] {processor.py:830} INFO - Processing file /opt/airflow/dags/api_to_bd.py for tasks to queue
[2024-07-08T02:48:31.432+0000] {logging_mixin.py:188} INFO - [2024-07-08T02:48:31.432+0000] {dagbag.py:545} INFO - Filling up the DagBag from /opt/airflow/dags/api_to_bd.py
[2024-07-08T02:48:31.442+0000] {processor.py:840} INFO - DAG(s) 'collect_data' retrieved from /opt/airflow/dags/api_to_bd.py
[2024-07-08T02:48:31.459+0000] {logging_mixin.py:188} INFO - [2024-07-08T02:48:31.458+0000] {dag.py:3096} INFO - Sync 1 DAGs
[2024-07-08T02:48:31.469+0000] {logging_mixin.py:188} INFO - [2024-07-08T02:48:31.469+0000] {dag.py:3954} INFO - Setting next_dagrun for collect_data to 2024-07-01 00:00:00+00:00, run_after=2024-07-02 00:00:00+00:00
[2024-07-08T02:48:31.477+0000] {processor.py:183} INFO - Processing /opt/airflow/dags/api_to_bd.py took 0.051 seconds
[2024-07-08T02:49:01.742+0000] {processor.py:161} INFO - Started process (PID=38) to work on /opt/airflow/dags/api_to_bd.py
[2024-07-08T02:49:01.743+0000] {processor.py:830} INFO - Processing file /opt/airflow/dags/api_to_bd.py for tasks to queue
[2024-07-08T02:49:01.745+0000] {logging_mixin.py:188} INFO - [2024-07-08T02:49:01.745+0000] {dagbag.py:545} INFO - Filling up the DagBag from /opt/airflow/dags/api_to_bd.py
[2024-07-08T02:49:01.757+0000] {processor.py:840} INFO - DAG(s) 'collect_data' retrieved from /opt/airflow/dags/api_to_bd.py
[2024-07-08T02:49:01.776+0000] {logging_mixin.py:188} INFO - [2024-07-08T02:49:01.776+0000] {dag.py:3096} INFO - Sync 1 DAGs
[2024-07-08T02:49:01.785+0000] {logging_mixin.py:188} INFO - [2024-07-08T02:49:01.785+0000] {dag.py:3954} INFO - Setting next_dagrun for collect_data to 2024-07-01 00:00:00+00:00, run_after=2024-07-02 00:00:00+00:00
[2024-07-08T02:49:01.792+0000] {processor.py:183} INFO - Processing /opt/airflow/dags/api_to_bd.py took 0.056 seconds
