[2024-07-08T03:02:34.115+0000] {processor.py:161} INFO - Started process (PID=32) to work on /opt/airflow/dags/simple_dag.py
[2024-07-08T03:02:34.121+0000] {processor.py:830} INFO - Processing file /opt/airflow/dags/simple_dag.py for tasks to queue
[2024-07-08T03:02:34.125+0000] {logging_mixin.py:188} INFO - [2024-07-08T03:02:34.124+0000] {dagbag.py:545} INFO - Filling up the DagBag from /opt/airflow/dags/simple_dag.py
[2024-07-08T03:02:34.145+0000] {processor.py:840} INFO - DAG(s) 'simple_dag' retrieved from /opt/airflow/dags/simple_dag.py
[2024-07-08T03:02:34.163+0000] {logging_mixin.py:188} INFO - [2024-07-08T03:02:34.163+0000] {dag.py:3096} INFO - Sync 1 DAGs
[2024-07-08T03:02:34.178+0000] {logging_mixin.py:188} INFO - [2024-07-08T03:02:34.178+0000] {dag.py:3954} INFO - Setting next_dagrun for simple_dag to 2024-07-01 00:00:00+00:00, run_after=2024-07-02 00:00:00+00:00
[2024-07-08T03:02:34.193+0000] {processor.py:183} INFO - Processing /opt/airflow/dags/simple_dag.py took 0.085 seconds
[2024-07-08T03:03:04.860+0000] {processor.py:161} INFO - Started process (PID=33) to work on /opt/airflow/dags/simple_dag.py
[2024-07-08T03:03:04.861+0000] {processor.py:830} INFO - Processing file /opt/airflow/dags/simple_dag.py for tasks to queue
[2024-07-08T03:03:04.868+0000] {logging_mixin.py:188} INFO - [2024-07-08T03:03:04.866+0000] {dagbag.py:545} INFO - Filling up the DagBag from /opt/airflow/dags/simple_dag.py
[2024-07-08T03:03:04.895+0000] {processor.py:840} INFO - DAG(s) 'simple_dag' retrieved from /opt/airflow/dags/simple_dag.py
[2024-07-08T03:03:05.015+0000] {logging_mixin.py:188} INFO - [2024-07-08T03:03:05.015+0000] {dag.py:3096} INFO - Sync 1 DAGs
[2024-07-08T03:03:05.027+0000] {logging_mixin.py:188} INFO - [2024-07-08T03:03:05.027+0000] {dag.py:3954} INFO - Setting next_dagrun for simple_dag to 2024-07-01 00:00:00+00:00, run_after=2024-07-02 00:00:00+00:00
[2024-07-08T03:03:05.036+0000] {processor.py:183} INFO - Processing /opt/airflow/dags/simple_dag.py took 0.182 seconds
[2024-07-08T03:03:35.284+0000] {processor.py:161} INFO - Started process (PID=34) to work on /opt/airflow/dags/simple_dag.py
[2024-07-08T03:03:35.285+0000] {processor.py:830} INFO - Processing file /opt/airflow/dags/simple_dag.py for tasks to queue
[2024-07-08T03:03:35.287+0000] {logging_mixin.py:188} INFO - [2024-07-08T03:03:35.287+0000] {dagbag.py:545} INFO - Filling up the DagBag from /opt/airflow/dags/simple_dag.py
[2024-07-08T03:03:35.299+0000] {processor.py:840} INFO - DAG(s) 'simple_dag' retrieved from /opt/airflow/dags/simple_dag.py
[2024-07-08T03:03:35.317+0000] {logging_mixin.py:188} INFO - [2024-07-08T03:03:35.317+0000] {dag.py:3096} INFO - Sync 1 DAGs
[2024-07-08T03:03:35.327+0000] {logging_mixin.py:188} INFO - [2024-07-08T03:03:35.327+0000] {dag.py:3954} INFO - Setting next_dagrun for simple_dag to 2024-07-08 00:00:00+00:00, run_after=2024-07-09 00:00:00+00:00
[2024-07-08T03:03:35.334+0000] {processor.py:183} INFO - Processing /opt/airflow/dags/simple_dag.py took 0.055 seconds
[2024-07-08T03:04:05.560+0000] {processor.py:161} INFO - Started process (PID=35) to work on /opt/airflow/dags/simple_dag.py
[2024-07-08T03:04:05.560+0000] {processor.py:830} INFO - Processing file /opt/airflow/dags/simple_dag.py for tasks to queue
[2024-07-08T03:04:05.562+0000] {logging_mixin.py:188} INFO - [2024-07-08T03:04:05.562+0000] {dagbag.py:545} INFO - Filling up the DagBag from /opt/airflow/dags/simple_dag.py
[2024-07-08T03:04:05.573+0000] {processor.py:840} INFO - DAG(s) 'simple_dag' retrieved from /opt/airflow/dags/simple_dag.py
[2024-07-08T03:04:05.592+0000] {logging_mixin.py:188} INFO - [2024-07-08T03:04:05.592+0000] {dag.py:3096} INFO - Sync 1 DAGs
[2024-07-08T03:04:05.603+0000] {logging_mixin.py:188} INFO - [2024-07-08T03:04:05.603+0000] {dag.py:3954} INFO - Setting next_dagrun for simple_dag to 2024-07-08 00:00:00+00:00, run_after=2024-07-09 00:00:00+00:00
[2024-07-08T03:04:05.611+0000] {processor.py:183} INFO - Processing /opt/airflow/dags/simple_dag.py took 0.056 seconds
[2024-07-08T03:04:35.806+0000] {processor.py:161} INFO - Started process (PID=36) to work on /opt/airflow/dags/simple_dag.py
[2024-07-08T03:04:35.807+0000] {processor.py:830} INFO - Processing file /opt/airflow/dags/simple_dag.py for tasks to queue
[2024-07-08T03:04:35.810+0000] {logging_mixin.py:188} INFO - [2024-07-08T03:04:35.809+0000] {dagbag.py:545} INFO - Filling up the DagBag from /opt/airflow/dags/simple_dag.py
[2024-07-08T03:04:35.822+0000] {processor.py:840} INFO - DAG(s) 'simple_dag' retrieved from /opt/airflow/dags/simple_dag.py
[2024-07-08T03:04:35.841+0000] {logging_mixin.py:188} INFO - [2024-07-08T03:04:35.841+0000] {dag.py:3096} INFO - Sync 1 DAGs
[2024-07-08T03:04:35.852+0000] {logging_mixin.py:188} INFO - [2024-07-08T03:04:35.852+0000] {dag.py:3954} INFO - Setting next_dagrun for simple_dag to 2024-07-08 00:00:00+00:00, run_after=2024-07-09 00:00:00+00:00
[2024-07-08T03:04:35.860+0000] {processor.py:183} INFO - Processing /opt/airflow/dags/simple_dag.py took 0.061 seconds
[2024-07-08T03:06:45.322+0000] {processor.py:161} INFO - Started process (PID=32) to work on /opt/airflow/dags/simple_dag.py
[2024-07-08T03:06:45.325+0000] {processor.py:830} INFO - Processing file /opt/airflow/dags/simple_dag.py for tasks to queue
[2024-07-08T03:06:45.332+0000] {logging_mixin.py:188} INFO - [2024-07-08T03:06:45.332+0000] {dagbag.py:545} INFO - Filling up the DagBag from /opt/airflow/dags/simple_dag.py
[2024-07-08T03:06:45.352+0000] {processor.py:840} INFO - DAG(s) 'simple_dag' retrieved from /opt/airflow/dags/simple_dag.py
[2024-07-08T03:06:45.387+0000] {logging_mixin.py:188} INFO - [2024-07-08T03:06:45.387+0000] {dag.py:3096} INFO - Sync 1 DAGs
[2024-07-08T03:06:45.421+0000] {logging_mixin.py:188} INFO - [2024-07-08T03:06:45.421+0000] {dag.py:3954} INFO - Setting next_dagrun for simple_dag to 2024-07-08 00:00:00+00:00, run_after=2024-07-09 00:00:00+00:00
[2024-07-08T03:06:45.435+0000] {processor.py:183} INFO - Processing /opt/airflow/dags/simple_dag.py took 0.118 seconds
[2024-07-08T03:07:15.623+0000] {processor.py:161} INFO - Started process (PID=33) to work on /opt/airflow/dags/simple_dag.py
[2024-07-08T03:07:15.624+0000] {processor.py:830} INFO - Processing file /opt/airflow/dags/simple_dag.py for tasks to queue
[2024-07-08T03:07:15.626+0000] {logging_mixin.py:188} INFO - [2024-07-08T03:07:15.626+0000] {dagbag.py:545} INFO - Filling up the DagBag from /opt/airflow/dags/simple_dag.py
[2024-07-08T03:07:15.652+0000] {processor.py:840} INFO - DAG(s) 'simple_dag' retrieved from /opt/airflow/dags/simple_dag.py
[2024-07-08T03:07:15.833+0000] {logging_mixin.py:188} INFO - [2024-07-08T03:07:15.833+0000] {dag.py:3096} INFO - Sync 1 DAGs
[2024-07-08T03:07:15.842+0000] {logging_mixin.py:188} INFO - [2024-07-08T03:07:15.842+0000] {dag.py:3954} INFO - Setting next_dagrun for simple_dag to 2024-07-08 00:00:00+00:00, run_after=2024-07-09 00:00:00+00:00
[2024-07-08T03:07:15.849+0000] {processor.py:183} INFO - Processing /opt/airflow/dags/simple_dag.py took 0.232 seconds
[2024-07-08T03:07:45.926+0000] {processor.py:161} INFO - Started process (PID=34) to work on /opt/airflow/dags/simple_dag.py
[2024-07-08T03:07:45.927+0000] {processor.py:830} INFO - Processing file /opt/airflow/dags/simple_dag.py for tasks to queue
[2024-07-08T03:07:45.928+0000] {logging_mixin.py:188} INFO - [2024-07-08T03:07:45.928+0000] {dagbag.py:545} INFO - Filling up the DagBag from /opt/airflow/dags/simple_dag.py
[2024-07-08T03:07:45.936+0000] {processor.py:840} INFO - DAG(s) 'simple_dag' retrieved from /opt/airflow/dags/simple_dag.py
[2024-07-08T03:07:45.955+0000] {logging_mixin.py:188} INFO - [2024-07-08T03:07:45.955+0000] {dag.py:3096} INFO - Sync 1 DAGs
[2024-07-08T03:07:45.965+0000] {logging_mixin.py:188} INFO - [2024-07-08T03:07:45.965+0000] {dag.py:3954} INFO - Setting next_dagrun for simple_dag to 2024-07-08 00:00:00+00:00, run_after=2024-07-09 00:00:00+00:00
[2024-07-08T03:07:45.972+0000] {processor.py:183} INFO - Processing /opt/airflow/dags/simple_dag.py took 0.049 seconds
[2024-07-08T03:08:16.216+0000] {processor.py:161} INFO - Started process (PID=35) to work on /opt/airflow/dags/simple_dag.py
[2024-07-08T03:08:16.217+0000] {processor.py:830} INFO - Processing file /opt/airflow/dags/simple_dag.py for tasks to queue
[2024-07-08T03:08:16.218+0000] {logging_mixin.py:188} INFO - [2024-07-08T03:08:16.218+0000] {dagbag.py:545} INFO - Filling up the DagBag from /opt/airflow/dags/simple_dag.py
[2024-07-08T03:08:16.231+0000] {processor.py:840} INFO - DAG(s) 'simple_dag' retrieved from /opt/airflow/dags/simple_dag.py
[2024-07-08T03:08:16.249+0000] {logging_mixin.py:188} INFO - [2024-07-08T03:08:16.249+0000] {dag.py:3096} INFO - Sync 1 DAGs
[2024-07-08T03:08:16.260+0000] {logging_mixin.py:188} INFO - [2024-07-08T03:08:16.260+0000] {dag.py:3954} INFO - Setting next_dagrun for simple_dag to 2024-07-08 00:00:00+00:00, run_after=2024-07-09 00:00:00+00:00
[2024-07-08T03:08:16.267+0000] {processor.py:183} INFO - Processing /opt/airflow/dags/simple_dag.py took 0.056 seconds
[2024-07-08T03:08:46.512+0000] {processor.py:161} INFO - Started process (PID=44) to work on /opt/airflow/dags/simple_dag.py
[2024-07-08T03:08:46.514+0000] {processor.py:830} INFO - Processing file /opt/airflow/dags/simple_dag.py for tasks to queue
[2024-07-08T03:08:46.515+0000] {logging_mixin.py:188} INFO - [2024-07-08T03:08:46.515+0000] {dagbag.py:545} INFO - Filling up the DagBag from /opt/airflow/dags/simple_dag.py
[2024-07-08T03:08:46.528+0000] {processor.py:840} INFO - DAG(s) 'simple_dag' retrieved from /opt/airflow/dags/simple_dag.py
[2024-07-08T03:08:46.546+0000] {logging_mixin.py:188} INFO - [2024-07-08T03:08:46.546+0000] {dag.py:3096} INFO - Sync 1 DAGs
[2024-07-08T03:08:46.559+0000] {logging_mixin.py:188} INFO - [2024-07-08T03:08:46.559+0000] {dag.py:3954} INFO - Setting next_dagrun for simple_dag to 2024-07-08 00:00:00+00:00, run_after=2024-07-09 00:00:00+00:00
[2024-07-08T03:08:46.566+0000] {processor.py:183} INFO - Processing /opt/airflow/dags/simple_dag.py took 0.060 seconds
[2024-07-08T03:09:16.794+0000] {processor.py:161} INFO - Started process (PID=45) to work on /opt/airflow/dags/simple_dag.py
[2024-07-08T03:09:16.794+0000] {processor.py:830} INFO - Processing file /opt/airflow/dags/simple_dag.py for tasks to queue
[2024-07-08T03:09:16.796+0000] {logging_mixin.py:188} INFO - [2024-07-08T03:09:16.796+0000] {dagbag.py:545} INFO - Filling up the DagBag from /opt/airflow/dags/simple_dag.py
[2024-07-08T03:09:16.812+0000] {processor.py:840} INFO - DAG(s) 'simple_dag' retrieved from /opt/airflow/dags/simple_dag.py
[2024-07-08T03:09:16.833+0000] {logging_mixin.py:188} INFO - [2024-07-08T03:09:16.832+0000] {dag.py:3096} INFO - Sync 1 DAGs
[2024-07-08T03:09:16.844+0000] {logging_mixin.py:188} INFO - [2024-07-08T03:09:16.844+0000] {dag.py:3954} INFO - Setting next_dagrun for simple_dag to 2024-07-08 00:00:00+00:00, run_after=2024-07-09 00:00:00+00:00
[2024-07-08T03:09:16.853+0000] {processor.py:183} INFO - Processing /opt/airflow/dags/simple_dag.py took 0.066 seconds
[2024-07-08T03:09:47.064+0000] {processor.py:161} INFO - Started process (PID=46) to work on /opt/airflow/dags/simple_dag.py
[2024-07-08T03:09:47.065+0000] {processor.py:830} INFO - Processing file /opt/airflow/dags/simple_dag.py for tasks to queue
[2024-07-08T03:09:47.067+0000] {logging_mixin.py:188} INFO - [2024-07-08T03:09:47.067+0000] {dagbag.py:545} INFO - Filling up the DagBag from /opt/airflow/dags/simple_dag.py
[2024-07-08T03:09:47.079+0000] {processor.py:840} INFO - DAG(s) 'simple_dag' retrieved from /opt/airflow/dags/simple_dag.py
[2024-07-08T03:09:47.098+0000] {logging_mixin.py:188} INFO - [2024-07-08T03:09:47.098+0000] {dag.py:3096} INFO - Sync 1 DAGs
[2024-07-08T03:09:47.109+0000] {logging_mixin.py:188} INFO - [2024-07-08T03:09:47.109+0000] {dag.py:3954} INFO - Setting next_dagrun for simple_dag to 2024-07-08 00:00:00+00:00, run_after=2024-07-09 00:00:00+00:00
[2024-07-08T03:09:47.116+0000] {processor.py:183} INFO - Processing /opt/airflow/dags/simple_dag.py took 0.057 seconds
[2024-07-08T03:10:17.377+0000] {processor.py:161} INFO - Started process (PID=47) to work on /opt/airflow/dags/simple_dag.py
[2024-07-08T03:10:17.378+0000] {processor.py:830} INFO - Processing file /opt/airflow/dags/simple_dag.py for tasks to queue
[2024-07-08T03:10:17.382+0000] {logging_mixin.py:188} INFO - [2024-07-08T03:10:17.381+0000] {dagbag.py:545} INFO - Filling up the DagBag from /opt/airflow/dags/simple_dag.py
[2024-07-08T03:10:17.401+0000] {processor.py:840} INFO - DAG(s) 'simple_dag' retrieved from /opt/airflow/dags/simple_dag.py
[2024-07-08T03:10:17.426+0000] {logging_mixin.py:188} INFO - [2024-07-08T03:10:17.425+0000] {dag.py:3096} INFO - Sync 1 DAGs
[2024-07-08T03:10:17.450+0000] {logging_mixin.py:188} INFO - [2024-07-08T03:10:17.450+0000] {dag.py:3954} INFO - Setting next_dagrun for simple_dag to 2024-07-08 00:00:00+00:00, run_after=2024-07-09 00:00:00+00:00
[2024-07-08T03:10:17.458+0000] {processor.py:183} INFO - Processing /opt/airflow/dags/simple_dag.py took 0.091 seconds
[2024-07-08T03:10:47.557+0000] {processor.py:161} INFO - Started process (PID=48) to work on /opt/airflow/dags/simple_dag.py
[2024-07-08T03:10:47.559+0000] {processor.py:830} INFO - Processing file /opt/airflow/dags/simple_dag.py for tasks to queue
[2024-07-08T03:10:47.562+0000] {logging_mixin.py:188} INFO - [2024-07-08T03:10:47.561+0000] {dagbag.py:545} INFO - Filling up the DagBag from /opt/airflow/dags/simple_dag.py
[2024-07-08T03:10:47.577+0000] {processor.py:840} INFO - DAG(s) 'simple_dag' retrieved from /opt/airflow/dags/simple_dag.py
[2024-07-08T03:10:47.601+0000] {logging_mixin.py:188} INFO - [2024-07-08T03:10:47.600+0000] {dag.py:3096} INFO - Sync 1 DAGs
[2024-07-08T03:10:47.614+0000] {logging_mixin.py:188} INFO - [2024-07-08T03:10:47.614+0000] {dag.py:3954} INFO - Setting next_dagrun for simple_dag to 2024-07-08 00:00:00+00:00, run_after=2024-07-09 00:00:00+00:00
[2024-07-08T03:10:47.623+0000] {processor.py:183} INFO - Processing /opt/airflow/dags/simple_dag.py took 0.076 seconds
[2024-07-08T03:11:17.814+0000] {processor.py:161} INFO - Started process (PID=49) to work on /opt/airflow/dags/simple_dag.py
[2024-07-08T03:11:17.815+0000] {processor.py:830} INFO - Processing file /opt/airflow/dags/simple_dag.py for tasks to queue
[2024-07-08T03:11:17.817+0000] {logging_mixin.py:188} INFO - [2024-07-08T03:11:17.816+0000] {dagbag.py:545} INFO - Filling up the DagBag from /opt/airflow/dags/simple_dag.py
[2024-07-08T03:11:17.828+0000] {processor.py:840} INFO - DAG(s) 'simple_dag' retrieved from /opt/airflow/dags/simple_dag.py
[2024-07-08T03:11:17.848+0000] {logging_mixin.py:188} INFO - [2024-07-08T03:11:17.847+0000] {dag.py:3096} INFO - Sync 1 DAGs
[2024-07-08T03:11:17.859+0000] {logging_mixin.py:188} INFO - [2024-07-08T03:11:17.859+0000] {dag.py:3954} INFO - Setting next_dagrun for simple_dag to 2024-07-08 00:00:00+00:00, run_after=2024-07-09 00:00:00+00:00
[2024-07-08T03:11:17.868+0000] {processor.py:183} INFO - Processing /opt/airflow/dags/simple_dag.py took 0.059 seconds
[2024-07-08T03:11:48.174+0000] {processor.py:161} INFO - Started process (PID=50) to work on /opt/airflow/dags/simple_dag.py
[2024-07-08T03:11:48.175+0000] {processor.py:830} INFO - Processing file /opt/airflow/dags/simple_dag.py for tasks to queue
[2024-07-08T03:11:48.176+0000] {logging_mixin.py:188} INFO - [2024-07-08T03:11:48.176+0000] {dagbag.py:545} INFO - Filling up the DagBag from /opt/airflow/dags/simple_dag.py
[2024-07-08T03:11:48.187+0000] {processor.py:840} INFO - DAG(s) 'simple_dag' retrieved from /opt/airflow/dags/simple_dag.py
[2024-07-08T03:11:48.205+0000] {logging_mixin.py:188} INFO - [2024-07-08T03:11:48.205+0000] {dag.py:3096} INFO - Sync 1 DAGs
[2024-07-08T03:11:48.216+0000] {logging_mixin.py:188} INFO - [2024-07-08T03:11:48.216+0000] {dag.py:3954} INFO - Setting next_dagrun for simple_dag to 2024-07-08 00:00:00+00:00, run_after=2024-07-09 00:00:00+00:00
[2024-07-08T03:11:48.222+0000] {processor.py:183} INFO - Processing /opt/airflow/dags/simple_dag.py took 0.054 seconds
[2024-07-08T03:12:18.463+0000] {processor.py:161} INFO - Started process (PID=51) to work on /opt/airflow/dags/simple_dag.py
[2024-07-08T03:12:18.463+0000] {processor.py:830} INFO - Processing file /opt/airflow/dags/simple_dag.py for tasks to queue
[2024-07-08T03:12:18.464+0000] {logging_mixin.py:188} INFO - [2024-07-08T03:12:18.464+0000] {dagbag.py:545} INFO - Filling up the DagBag from /opt/airflow/dags/simple_dag.py
[2024-07-08T03:12:18.471+0000] {processor.py:840} INFO - DAG(s) 'simple_dag' retrieved from /opt/airflow/dags/simple_dag.py
[2024-07-08T03:12:18.483+0000] {logging_mixin.py:188} INFO - [2024-07-08T03:12:18.483+0000] {dag.py:3096} INFO - Sync 1 DAGs
[2024-07-08T03:12:18.491+0000] {logging_mixin.py:188} INFO - [2024-07-08T03:12:18.491+0000] {dag.py:3954} INFO - Setting next_dagrun for simple_dag to 2024-07-08 00:00:00+00:00, run_after=2024-07-09 00:00:00+00:00
[2024-07-08T03:12:18.498+0000] {processor.py:183} INFO - Processing /opt/airflow/dags/simple_dag.py took 0.038 seconds
[2024-07-08T03:12:48.800+0000] {processor.py:161} INFO - Started process (PID=52) to work on /opt/airflow/dags/simple_dag.py
[2024-07-08T03:12:48.801+0000] {processor.py:830} INFO - Processing file /opt/airflow/dags/simple_dag.py for tasks to queue
[2024-07-08T03:12:48.804+0000] {logging_mixin.py:188} INFO - [2024-07-08T03:12:48.804+0000] {dagbag.py:545} INFO - Filling up the DagBag from /opt/airflow/dags/simple_dag.py
[2024-07-08T03:12:48.822+0000] {processor.py:840} INFO - DAG(s) 'simple_dag' retrieved from /opt/airflow/dags/simple_dag.py
[2024-07-08T03:12:48.850+0000] {logging_mixin.py:188} INFO - [2024-07-08T03:12:48.849+0000] {dag.py:3096} INFO - Sync 1 DAGs
[2024-07-08T03:12:48.867+0000] {logging_mixin.py:188} INFO - [2024-07-08T03:12:48.867+0000] {dag.py:3954} INFO - Setting next_dagrun for simple_dag to 2024-07-08 00:00:00+00:00, run_after=2024-07-09 00:00:00+00:00
[2024-07-08T03:12:48.876+0000] {processor.py:183} INFO - Processing /opt/airflow/dags/simple_dag.py took 0.084 seconds
[2024-07-08T03:13:19.176+0000] {processor.py:161} INFO - Started process (PID=53) to work on /opt/airflow/dags/simple_dag.py
[2024-07-08T03:13:19.177+0000] {processor.py:830} INFO - Processing file /opt/airflow/dags/simple_dag.py for tasks to queue
[2024-07-08T03:13:19.179+0000] {logging_mixin.py:188} INFO - [2024-07-08T03:13:19.179+0000] {dagbag.py:545} INFO - Filling up the DagBag from /opt/airflow/dags/simple_dag.py
[2024-07-08T03:13:19.192+0000] {processor.py:840} INFO - DAG(s) 'simple_dag' retrieved from /opt/airflow/dags/simple_dag.py
[2024-07-08T03:13:19.210+0000] {logging_mixin.py:188} INFO - [2024-07-08T03:13:19.210+0000] {dag.py:3096} INFO - Sync 1 DAGs
[2024-07-08T03:13:19.220+0000] {logging_mixin.py:188} INFO - [2024-07-08T03:13:19.220+0000] {dag.py:3954} INFO - Setting next_dagrun for simple_dag to 2024-07-08 00:00:00+00:00, run_after=2024-07-09 00:00:00+00:00
[2024-07-08T03:13:19.226+0000] {processor.py:183} INFO - Processing /opt/airflow/dags/simple_dag.py took 0.059 seconds
[2024-07-08T03:13:49.498+0000] {processor.py:161} INFO - Started process (PID=54) to work on /opt/airflow/dags/simple_dag.py
[2024-07-08T03:13:49.498+0000] {processor.py:830} INFO - Processing file /opt/airflow/dags/simple_dag.py for tasks to queue
[2024-07-08T03:13:49.501+0000] {logging_mixin.py:188} INFO - [2024-07-08T03:13:49.501+0000] {dagbag.py:545} INFO - Filling up the DagBag from /opt/airflow/dags/simple_dag.py
[2024-07-08T03:13:49.519+0000] {processor.py:840} INFO - DAG(s) 'simple_dag' retrieved from /opt/airflow/dags/simple_dag.py
[2024-07-08T03:13:49.545+0000] {logging_mixin.py:188} INFO - [2024-07-08T03:13:49.544+0000] {dag.py:3096} INFO - Sync 1 DAGs
[2024-07-08T03:13:49.558+0000] {logging_mixin.py:188} INFO - [2024-07-08T03:13:49.557+0000] {dag.py:3954} INFO - Setting next_dagrun for simple_dag to 2024-07-08 00:00:00+00:00, run_after=2024-07-09 00:00:00+00:00
[2024-07-08T03:13:49.566+0000] {processor.py:183} INFO - Processing /opt/airflow/dags/simple_dag.py took 0.075 seconds
[2024-07-08T03:14:19.777+0000] {processor.py:161} INFO - Started process (PID=55) to work on /opt/airflow/dags/simple_dag.py
[2024-07-08T03:14:19.777+0000] {processor.py:830} INFO - Processing file /opt/airflow/dags/simple_dag.py for tasks to queue
[2024-07-08T03:14:19.779+0000] {logging_mixin.py:188} INFO - [2024-07-08T03:14:19.779+0000] {dagbag.py:545} INFO - Filling up the DagBag from /opt/airflow/dags/simple_dag.py
[2024-07-08T03:14:19.792+0000] {processor.py:840} INFO - DAG(s) 'simple_dag' retrieved from /opt/airflow/dags/simple_dag.py
[2024-07-08T03:14:19.810+0000] {logging_mixin.py:188} INFO - [2024-07-08T03:14:19.810+0000] {dag.py:3096} INFO - Sync 1 DAGs
[2024-07-08T03:14:19.821+0000] {logging_mixin.py:188} INFO - [2024-07-08T03:14:19.821+0000] {dag.py:3954} INFO - Setting next_dagrun for simple_dag to 2024-07-08 00:00:00+00:00, run_after=2024-07-09 00:00:00+00:00
[2024-07-08T03:14:19.829+0000] {processor.py:183} INFO - Processing /opt/airflow/dags/simple_dag.py took 0.058 seconds
[2024-07-08T03:14:50.074+0000] {processor.py:161} INFO - Started process (PID=56) to work on /opt/airflow/dags/simple_dag.py
[2024-07-08T03:14:50.075+0000] {processor.py:830} INFO - Processing file /opt/airflow/dags/simple_dag.py for tasks to queue
[2024-07-08T03:14:50.076+0000] {logging_mixin.py:188} INFO - [2024-07-08T03:14:50.076+0000] {dagbag.py:545} INFO - Filling up the DagBag from /opt/airflow/dags/simple_dag.py
[2024-07-08T03:14:50.087+0000] {processor.py:840} INFO - DAG(s) 'simple_dag' retrieved from /opt/airflow/dags/simple_dag.py
[2024-07-08T03:14:50.104+0000] {logging_mixin.py:188} INFO - [2024-07-08T03:14:50.104+0000] {dag.py:3096} INFO - Sync 1 DAGs
[2024-07-08T03:14:50.114+0000] {logging_mixin.py:188} INFO - [2024-07-08T03:14:50.113+0000] {dag.py:3954} INFO - Setting next_dagrun for simple_dag to 2024-07-08 00:00:00+00:00, run_after=2024-07-09 00:00:00+00:00
[2024-07-08T03:14:50.121+0000] {processor.py:183} INFO - Processing /opt/airflow/dags/simple_dag.py took 0.053 seconds
[2024-07-08T03:15:20.425+0000] {processor.py:161} INFO - Started process (PID=57) to work on /opt/airflow/dags/simple_dag.py
[2024-07-08T03:15:20.426+0000] {processor.py:830} INFO - Processing file /opt/airflow/dags/simple_dag.py for tasks to queue
[2024-07-08T03:15:20.427+0000] {logging_mixin.py:188} INFO - [2024-07-08T03:15:20.427+0000] {dagbag.py:545} INFO - Filling up the DagBag from /opt/airflow/dags/simple_dag.py
[2024-07-08T03:15:20.437+0000] {processor.py:840} INFO - DAG(s) 'simple_dag' retrieved from /opt/airflow/dags/simple_dag.py
[2024-07-08T03:15:20.454+0000] {logging_mixin.py:188} INFO - [2024-07-08T03:15:20.454+0000] {dag.py:3096} INFO - Sync 1 DAGs
[2024-07-08T03:15:20.464+0000] {logging_mixin.py:188} INFO - [2024-07-08T03:15:20.464+0000] {dag.py:3954} INFO - Setting next_dagrun for simple_dag to 2024-07-08 00:00:00+00:00, run_after=2024-07-09 00:00:00+00:00
[2024-07-08T03:15:20.471+0000] {processor.py:183} INFO - Processing /opt/airflow/dags/simple_dag.py took 0.052 seconds
[2024-07-08T03:15:50.721+0000] {processor.py:161} INFO - Started process (PID=58) to work on /opt/airflow/dags/simple_dag.py
[2024-07-08T03:15:50.722+0000] {processor.py:830} INFO - Processing file /opt/airflow/dags/simple_dag.py for tasks to queue
[2024-07-08T03:15:50.724+0000] {logging_mixin.py:188} INFO - [2024-07-08T03:15:50.724+0000] {dagbag.py:545} INFO - Filling up the DagBag from /opt/airflow/dags/simple_dag.py
[2024-07-08T03:15:50.742+0000] {processor.py:840} INFO - DAG(s) 'simple_dag' retrieved from /opt/airflow/dags/simple_dag.py
[2024-07-08T03:15:50.766+0000] {logging_mixin.py:188} INFO - [2024-07-08T03:15:50.766+0000] {dag.py:3096} INFO - Sync 1 DAGs
[2024-07-08T03:15:50.780+0000] {logging_mixin.py:188} INFO - [2024-07-08T03:15:50.780+0000] {dag.py:3954} INFO - Setting next_dagrun for simple_dag to 2024-07-08 00:00:00+00:00, run_after=2024-07-09 00:00:00+00:00
[2024-07-08T03:15:50.791+0000] {processor.py:183} INFO - Processing /opt/airflow/dags/simple_dag.py took 0.077 seconds
[2024-07-08T03:16:21.021+0000] {processor.py:161} INFO - Started process (PID=59) to work on /opt/airflow/dags/simple_dag.py
[2024-07-08T03:16:21.023+0000] {processor.py:830} INFO - Processing file /opt/airflow/dags/simple_dag.py for tasks to queue
[2024-07-08T03:16:21.026+0000] {logging_mixin.py:188} INFO - [2024-07-08T03:16:21.026+0000] {dagbag.py:545} INFO - Filling up the DagBag from /opt/airflow/dags/simple_dag.py
[2024-07-08T03:16:21.046+0000] {processor.py:840} INFO - DAG(s) 'simple_dag' retrieved from /opt/airflow/dags/simple_dag.py
[2024-07-08T03:16:21.074+0000] {logging_mixin.py:188} INFO - [2024-07-08T03:16:21.074+0000] {dag.py:3096} INFO - Sync 1 DAGs
[2024-07-08T03:16:21.089+0000] {logging_mixin.py:188} INFO - [2024-07-08T03:16:21.088+0000] {dag.py:3954} INFO - Setting next_dagrun for simple_dag to 2024-07-08 00:00:00+00:00, run_after=2024-07-09 00:00:00+00:00
[2024-07-08T03:16:21.097+0000] {processor.py:183} INFO - Processing /opt/airflow/dags/simple_dag.py took 0.087 seconds
[2024-07-08T03:16:51.352+0000] {processor.py:161} INFO - Started process (PID=60) to work on /opt/airflow/dags/simple_dag.py
[2024-07-08T03:16:51.353+0000] {processor.py:830} INFO - Processing file /opt/airflow/dags/simple_dag.py for tasks to queue
[2024-07-08T03:16:51.355+0000] {logging_mixin.py:188} INFO - [2024-07-08T03:16:51.355+0000] {dagbag.py:545} INFO - Filling up the DagBag from /opt/airflow/dags/simple_dag.py
[2024-07-08T03:16:51.369+0000] {processor.py:840} INFO - DAG(s) 'simple_dag' retrieved from /opt/airflow/dags/simple_dag.py
[2024-07-08T03:16:51.391+0000] {logging_mixin.py:188} INFO - [2024-07-08T03:16:51.390+0000] {dag.py:3096} INFO - Sync 1 DAGs
[2024-07-08T03:16:51.403+0000] {logging_mixin.py:188} INFO - [2024-07-08T03:16:51.402+0000] {dag.py:3954} INFO - Setting next_dagrun for simple_dag to 2024-07-08 00:00:00+00:00, run_after=2024-07-09 00:00:00+00:00
[2024-07-08T03:16:51.412+0000] {processor.py:183} INFO - Processing /opt/airflow/dags/simple_dag.py took 0.067 seconds
[2024-07-08T03:17:21.612+0000] {processor.py:161} INFO - Started process (PID=61) to work on /opt/airflow/dags/simple_dag.py
[2024-07-08T03:17:21.612+0000] {processor.py:830} INFO - Processing file /opt/airflow/dags/simple_dag.py for tasks to queue
[2024-07-08T03:17:21.615+0000] {logging_mixin.py:188} INFO - [2024-07-08T03:17:21.615+0000] {dagbag.py:545} INFO - Filling up the DagBag from /opt/airflow/dags/simple_dag.py
[2024-07-08T03:17:21.633+0000] {processor.py:840} INFO - DAG(s) 'simple_dag' retrieved from /opt/airflow/dags/simple_dag.py
[2024-07-08T03:17:21.655+0000] {logging_mixin.py:188} INFO - [2024-07-08T03:17:21.655+0000] {dag.py:3096} INFO - Sync 1 DAGs
[2024-07-08T03:17:21.667+0000] {logging_mixin.py:188} INFO - [2024-07-08T03:17:21.667+0000] {dag.py:3954} INFO - Setting next_dagrun for simple_dag to 2024-07-08 00:00:00+00:00, run_after=2024-07-09 00:00:00+00:00
[2024-07-08T03:17:21.675+0000] {processor.py:183} INFO - Processing /opt/airflow/dags/simple_dag.py took 0.071 seconds
[2024-07-08T03:17:51.938+0000] {processor.py:161} INFO - Started process (PID=62) to work on /opt/airflow/dags/simple_dag.py
[2024-07-08T03:17:51.939+0000] {processor.py:830} INFO - Processing file /opt/airflow/dags/simple_dag.py for tasks to queue
[2024-07-08T03:17:51.941+0000] {logging_mixin.py:188} INFO - [2024-07-08T03:17:51.941+0000] {dagbag.py:545} INFO - Filling up the DagBag from /opt/airflow/dags/simple_dag.py
[2024-07-08T03:17:51.952+0000] {processor.py:840} INFO - DAG(s) 'simple_dag' retrieved from /opt/airflow/dags/simple_dag.py
[2024-07-08T03:17:51.971+0000] {logging_mixin.py:188} INFO - [2024-07-08T03:17:51.970+0000] {dag.py:3096} INFO - Sync 1 DAGs
[2024-07-08T03:17:51.980+0000] {logging_mixin.py:188} INFO - [2024-07-08T03:17:51.980+0000] {dag.py:3954} INFO - Setting next_dagrun for simple_dag to 2024-07-08 00:00:00+00:00, run_after=2024-07-09 00:00:00+00:00
[2024-07-08T03:17:51.987+0000] {processor.py:183} INFO - Processing /opt/airflow/dags/simple_dag.py took 0.056 seconds
[2024-07-08T03:18:22.267+0000] {processor.py:161} INFO - Started process (PID=63) to work on /opt/airflow/dags/simple_dag.py
[2024-07-08T03:18:22.268+0000] {processor.py:830} INFO - Processing file /opt/airflow/dags/simple_dag.py for tasks to queue
[2024-07-08T03:18:22.271+0000] {logging_mixin.py:188} INFO - [2024-07-08T03:18:22.271+0000] {dagbag.py:545} INFO - Filling up the DagBag from /opt/airflow/dags/simple_dag.py
[2024-07-08T03:18:22.291+0000] {processor.py:840} INFO - DAG(s) 'simple_dag' retrieved from /opt/airflow/dags/simple_dag.py
[2024-07-08T03:18:22.315+0000] {logging_mixin.py:188} INFO - [2024-07-08T03:18:22.315+0000] {dag.py:3096} INFO - Sync 1 DAGs
[2024-07-08T03:18:22.331+0000] {logging_mixin.py:188} INFO - [2024-07-08T03:18:22.331+0000] {dag.py:3954} INFO - Setting next_dagrun for simple_dag to 2024-07-08 00:00:00+00:00, run_after=2024-07-09 00:00:00+00:00
[2024-07-08T03:18:22.339+0000] {processor.py:183} INFO - Processing /opt/airflow/dags/simple_dag.py took 0.080 seconds
[2024-07-08T03:18:52.572+0000] {processor.py:161} INFO - Started process (PID=64) to work on /opt/airflow/dags/simple_dag.py
[2024-07-08T03:18:52.573+0000] {processor.py:830} INFO - Processing file /opt/airflow/dags/simple_dag.py for tasks to queue
[2024-07-08T03:18:52.574+0000] {logging_mixin.py:188} INFO - [2024-07-08T03:18:52.574+0000] {dagbag.py:545} INFO - Filling up the DagBag from /opt/airflow/dags/simple_dag.py
[2024-07-08T03:18:52.586+0000] {processor.py:840} INFO - DAG(s) 'simple_dag' retrieved from /opt/airflow/dags/simple_dag.py
[2024-07-08T03:18:52.605+0000] {logging_mixin.py:188} INFO - [2024-07-08T03:18:52.605+0000] {dag.py:3096} INFO - Sync 1 DAGs
[2024-07-08T03:18:52.618+0000] {logging_mixin.py:188} INFO - [2024-07-08T03:18:52.618+0000] {dag.py:3954} INFO - Setting next_dagrun for simple_dag to 2024-07-08 00:00:00+00:00, run_after=2024-07-09 00:00:00+00:00
[2024-07-08T03:18:52.627+0000] {processor.py:183} INFO - Processing /opt/airflow/dags/simple_dag.py took 0.062 seconds
[2024-07-08T03:19:22.867+0000] {processor.py:161} INFO - Started process (PID=65) to work on /opt/airflow/dags/simple_dag.py
[2024-07-08T03:19:22.868+0000] {processor.py:830} INFO - Processing file /opt/airflow/dags/simple_dag.py for tasks to queue
[2024-07-08T03:19:22.869+0000] {logging_mixin.py:188} INFO - [2024-07-08T03:19:22.869+0000] {dagbag.py:545} INFO - Filling up the DagBag from /opt/airflow/dags/simple_dag.py
[2024-07-08T03:19:22.882+0000] {processor.py:840} INFO - DAG(s) 'simple_dag' retrieved from /opt/airflow/dags/simple_dag.py
[2024-07-08T03:19:22.900+0000] {logging_mixin.py:188} INFO - [2024-07-08T03:19:22.900+0000] {dag.py:3096} INFO - Sync 1 DAGs
[2024-07-08T03:19:22.909+0000] {logging_mixin.py:188} INFO - [2024-07-08T03:19:22.909+0000] {dag.py:3954} INFO - Setting next_dagrun for simple_dag to 2024-07-08 00:00:00+00:00, run_after=2024-07-09 00:00:00+00:00
[2024-07-08T03:19:22.915+0000] {processor.py:183} INFO - Processing /opt/airflow/dags/simple_dag.py took 0.056 seconds
[2024-07-08T03:19:53.194+0000] {processor.py:161} INFO - Started process (PID=66) to work on /opt/airflow/dags/simple_dag.py
[2024-07-08T03:19:53.195+0000] {processor.py:830} INFO - Processing file /opt/airflow/dags/simple_dag.py for tasks to queue
[2024-07-08T03:19:53.196+0000] {logging_mixin.py:188} INFO - [2024-07-08T03:19:53.196+0000] {dagbag.py:545} INFO - Filling up the DagBag from /opt/airflow/dags/simple_dag.py
[2024-07-08T03:19:53.380+0000] {processor.py:840} INFO - DAG(s) 'simple_dag' retrieved from /opt/airflow/dags/simple_dag.py
[2024-07-08T03:19:53.414+0000] {logging_mixin.py:188} INFO - [2024-07-08T03:19:53.414+0000] {dag.py:3096} INFO - Sync 1 DAGs
[2024-07-08T03:19:53.429+0000] {logging_mixin.py:188} INFO - [2024-07-08T03:19:53.429+0000] {dag.py:3954} INFO - Setting next_dagrun for simple_dag to 2024-07-08 00:00:00+00:00, run_after=2024-07-09 00:00:00+00:00
[2024-07-08T03:19:53.438+0000] {processor.py:183} INFO - Processing /opt/airflow/dags/simple_dag.py took 0.258 seconds
[2024-07-08T03:20:23.507+0000] {processor.py:161} INFO - Started process (PID=67) to work on /opt/airflow/dags/simple_dag.py
[2024-07-08T03:20:23.508+0000] {processor.py:830} INFO - Processing file /opt/airflow/dags/simple_dag.py for tasks to queue
[2024-07-08T03:20:23.512+0000] {logging_mixin.py:188} INFO - [2024-07-08T03:20:23.511+0000] {dagbag.py:545} INFO - Filling up the DagBag from /opt/airflow/dags/simple_dag.py
[2024-07-08T03:20:23.535+0000] {processor.py:840} INFO - DAG(s) 'simple_dag' retrieved from /opt/airflow/dags/simple_dag.py
[2024-07-08T03:20:23.564+0000] {logging_mixin.py:188} INFO - [2024-07-08T03:20:23.564+0000] {dag.py:3096} INFO - Sync 1 DAGs
[2024-07-08T03:20:23.579+0000] {logging_mixin.py:188} INFO - [2024-07-08T03:20:23.579+0000] {dag.py:3954} INFO - Setting next_dagrun for simple_dag to 2024-07-08 00:00:00+00:00, run_after=2024-07-09 00:00:00+00:00
[2024-07-08T03:20:23.588+0000] {processor.py:183} INFO - Processing /opt/airflow/dags/simple_dag.py took 0.089 seconds
[2024-07-08T03:20:53.790+0000] {processor.py:161} INFO - Started process (PID=68) to work on /opt/airflow/dags/simple_dag.py
[2024-07-08T03:20:53.791+0000] {processor.py:830} INFO - Processing file /opt/airflow/dags/simple_dag.py for tasks to queue
[2024-07-08T03:20:53.793+0000] {logging_mixin.py:188} INFO - [2024-07-08T03:20:53.792+0000] {dagbag.py:545} INFO - Filling up the DagBag from /opt/airflow/dags/simple_dag.py
[2024-07-08T03:20:53.803+0000] {processor.py:840} INFO - DAG(s) 'simple_dag' retrieved from /opt/airflow/dags/simple_dag.py
[2024-07-08T03:20:53.820+0000] {logging_mixin.py:188} INFO - [2024-07-08T03:20:53.820+0000] {dag.py:3096} INFO - Sync 1 DAGs
[2024-07-08T03:20:53.831+0000] {logging_mixin.py:188} INFO - [2024-07-08T03:20:53.831+0000] {dag.py:3954} INFO - Setting next_dagrun for simple_dag to 2024-07-08 00:00:00+00:00, run_after=2024-07-09 00:00:00+00:00
[2024-07-08T03:20:53.839+0000] {processor.py:183} INFO - Processing /opt/airflow/dags/simple_dag.py took 0.054 seconds
[2024-07-08T03:21:24.209+0000] {processor.py:161} INFO - Started process (PID=69) to work on /opt/airflow/dags/simple_dag.py
[2024-07-08T03:21:24.210+0000] {processor.py:830} INFO - Processing file /opt/airflow/dags/simple_dag.py for tasks to queue
[2024-07-08T03:21:24.213+0000] {logging_mixin.py:188} INFO - [2024-07-08T03:21:24.213+0000] {dagbag.py:545} INFO - Filling up the DagBag from /opt/airflow/dags/simple_dag.py
[2024-07-08T03:21:24.230+0000] {processor.py:840} INFO - DAG(s) 'simple_dag' retrieved from /opt/airflow/dags/simple_dag.py
[2024-07-08T03:21:24.252+0000] {logging_mixin.py:188} INFO - [2024-07-08T03:21:24.252+0000] {dag.py:3096} INFO - Sync 1 DAGs
[2024-07-08T03:21:24.267+0000] {logging_mixin.py:188} INFO - [2024-07-08T03:21:24.266+0000] {dag.py:3954} INFO - Setting next_dagrun for simple_dag to 2024-07-08 00:00:00+00:00, run_after=2024-07-09 00:00:00+00:00
[2024-07-08T03:21:24.275+0000] {processor.py:183} INFO - Processing /opt/airflow/dags/simple_dag.py took 0.074 seconds
[2024-07-08T03:21:54.563+0000] {processor.py:161} INFO - Started process (PID=70) to work on /opt/airflow/dags/simple_dag.py
[2024-07-08T03:21:54.565+0000] {processor.py:830} INFO - Processing file /opt/airflow/dags/simple_dag.py for tasks to queue
[2024-07-08T03:21:54.569+0000] {logging_mixin.py:188} INFO - [2024-07-08T03:21:54.569+0000] {dagbag.py:545} INFO - Filling up the DagBag from /opt/airflow/dags/simple_dag.py
[2024-07-08T03:21:54.589+0000] {processor.py:840} INFO - DAG(s) 'simple_dag' retrieved from /opt/airflow/dags/simple_dag.py
[2024-07-08T03:21:54.622+0000] {logging_mixin.py:188} INFO - [2024-07-08T03:21:54.622+0000] {dag.py:3096} INFO - Sync 1 DAGs
[2024-07-08T03:21:54.636+0000] {logging_mixin.py:188} INFO - [2024-07-08T03:21:54.635+0000] {dag.py:3954} INFO - Setting next_dagrun for simple_dag to 2024-07-08 00:00:00+00:00, run_after=2024-07-09 00:00:00+00:00
[2024-07-08T03:21:54.645+0000] {processor.py:183} INFO - Processing /opt/airflow/dags/simple_dag.py took 0.090 seconds
[2024-07-08T03:22:24.886+0000] {processor.py:161} INFO - Started process (PID=71) to work on /opt/airflow/dags/simple_dag.py
[2024-07-08T03:22:24.888+0000] {processor.py:830} INFO - Processing file /opt/airflow/dags/simple_dag.py for tasks to queue
[2024-07-08T03:22:24.891+0000] {logging_mixin.py:188} INFO - [2024-07-08T03:22:24.891+0000] {dagbag.py:545} INFO - Filling up the DagBag from /opt/airflow/dags/simple_dag.py
[2024-07-08T03:22:24.913+0000] {processor.py:840} INFO - DAG(s) 'simple_dag' retrieved from /opt/airflow/dags/simple_dag.py
[2024-07-08T03:22:24.946+0000] {logging_mixin.py:188} INFO - [2024-07-08T03:22:24.946+0000] {dag.py:3096} INFO - Sync 1 DAGs
[2024-07-08T03:22:24.961+0000] {logging_mixin.py:188} INFO - [2024-07-08T03:22:24.961+0000] {dag.py:3954} INFO - Setting next_dagrun for simple_dag to 2024-07-08 00:00:00+00:00, run_after=2024-07-09 00:00:00+00:00
[2024-07-08T03:22:24.970+0000] {processor.py:183} INFO - Processing /opt/airflow/dags/simple_dag.py took 0.094 seconds
