[2024-07-08T17:20:19.364+0000] {local_task_job_runner.py:120} INFO - ::group::Pre task execution logs
[2024-07-08T17:20:19.457+0000] {taskinstance.py:2076} INFO - Dependencies all met for dep_context=non-requeueable deps ti=<TaskInstance: minha_primeira_dag.minha_primeira_dag scheduled__2023-11-09T00:00:00+00:00 [queued]>
[2024-07-08T17:20:19.495+0000] {taskinstance.py:2076} INFO - Dependencies all met for dep_context=requeueable deps ti=<TaskInstance: minha_primeira_dag.minha_primeira_dag scheduled__2023-11-09T00:00:00+00:00 [queued]>
[2024-07-08T17:20:19.503+0000] {taskinstance.py:2306} INFO - Starting attempt 1 of 2
[2024-07-08T17:20:19.645+0000] {taskinstance.py:2330} INFO - Executing <Task(PythonOperator): minha_primeira_dag> on 2023-11-09 00:00:00+00:00
[2024-07-08T17:20:19.662+0000] {warnings.py:112} WARNING - /home/***/.local/lib/python3.12/site-packages/***/task/task_runner/standard_task_runner.py:61: DeprecationWarning: This process (pid=439) is multi-threaded, use of fork() may lead to deadlocks in the child.
  pid = os.fork()

[2024-07-08T17:20:19.667+0000] {standard_task_runner.py:63} INFO - Started process 459 to run task
[2024-07-08T17:20:19.673+0000] {standard_task_runner.py:90} INFO - Running: ['***', 'tasks', 'run', 'minha_primeira_dag', 'minha_primeira_dag', 'scheduled__2023-11-09T00:00:00+00:00', '--job-id', '169', '--raw', '--subdir', 'DAGS_FOLDER/vitorfornaro_dag.py', '--cfg-path', '/tmp/tmpq5c3t_fh']
[2024-07-08T17:20:19.686+0000] {standard_task_runner.py:91} INFO - Job 169: Subtask minha_primeira_dag
[2024-07-08T17:20:19.724+0000] {warnings.py:112} WARNING - /home/***/.local/lib/python3.12/site-packages/***/settings.py:195: DeprecationWarning: The sql_alchemy_conn option in [core] has been moved to the sql_alchemy_conn option in [database] - the old setting has been used, but please update your config.
  SQL_ALCHEMY_CONN = conf.get("database", "SQL_ALCHEMY_CONN")

[2024-07-08T17:20:19.876+0000] {task_command.py:426} INFO - Running <TaskInstance: minha_primeira_dag.minha_primeira_dag scheduled__2023-11-09T00:00:00+00:00 [running]> on host 97f0f2466900
[2024-07-08T17:20:19.979+0000] {taskinstance.py:2648} INFO - Exporting env vars: AIRFLOW_CTX_DAG_OWNER='***' AIRFLOW_CTX_DAG_ID='minha_primeira_dag' AIRFLOW_CTX_TASK_ID='minha_primeira_dag' AIRFLOW_CTX_EXECUTION_DATE='2023-11-09T00:00:00+00:00' AIRFLOW_CTX_TRY_NUMBER='1' AIRFLOW_CTX_DAG_RUN_ID='scheduled__2023-11-09T00:00:00+00:00'
[2024-07-08T17:20:19.985+0000] {taskinstance.py:430} INFO - ::endgroup::
[2024-07-08T17:20:19.988+0000] {logging_mixin.py:188} INFO - Hello, world!
[2024-07-08T17:20:19.991+0000] {python.py:237} INFO - Done. Returned value was: None
[2024-07-08T17:20:19.997+0000] {taskinstance.py:441} INFO - ::group::Post task execution logs
[2024-07-08T17:20:20.012+0000] {taskinstance.py:1206} INFO - Marking task as SUCCESS. dag_id=minha_primeira_dag, task_id=minha_primeira_dag, run_id=scheduled__2023-11-09T00:00:00+00:00, execution_date=20231109T000000, start_date=20240708T172019, end_date=20240708T172020
[2024-07-08T17:20:20.073+0000] {local_task_job_runner.py:240} INFO - Task exited with return code 0
[2024-07-08T17:20:20.130+0000] {taskinstance.py:3503} INFO - 0 downstream tasks scheduled from follow-on schedule check
[2024-07-08T17:20:20.135+0000] {local_task_job_runner.py:222} INFO - ::endgroup::
