[2024-07-07T22:13:07.253+0000] {processor.py:161} INFO - Started process (PID=35) to work on /home/airflow/.local/lib/python3.12/site-packages/airflow/example_dags/example_sensor_decorator.py
[2024-07-07T22:13:07.254+0000] {processor.py:830} INFO - Processing file /home/airflow/.local/lib/python3.12/site-packages/airflow/example_dags/example_sensor_decorator.py for tasks to queue
[2024-07-07T22:13:07.258+0000] {logging_mixin.py:188} INFO - [2024-07-07T22:13:07.257+0000] {dagbag.py:545} INFO - Filling up the DagBag from /home/airflow/.local/lib/python3.12/site-packages/airflow/example_dags/example_sensor_decorator.py
[2024-07-07T22:13:07.265+0000] {processor.py:840} INFO - DAG(s) 'example_sensor_decorator' retrieved from /home/airflow/.local/lib/python3.12/site-packages/airflow/example_dags/example_sensor_decorator.py
[2024-07-07T22:13:07.339+0000] {logging_mixin.py:188} INFO - [2024-07-07T22:13:07.338+0000] {override.py:1829} INFO - Created Permission View: can edit on DAG:example_sensor_decorator
[2024-07-07T22:13:07.353+0000] {logging_mixin.py:188} INFO - [2024-07-07T22:13:07.353+0000] {override.py:1829} INFO - Created Permission View: can read on DAG:example_sensor_decorator
[2024-07-07T22:13:07.359+0000] {logging_mixin.py:188} INFO - [2024-07-07T22:13:07.359+0000] {override.py:1829} INFO - Created Permission View: can delete on DAG:example_sensor_decorator
[2024-07-07T22:13:07.360+0000] {logging_mixin.py:188} INFO - [2024-07-07T22:13:07.360+0000] {dag.py:3096} INFO - Sync 1 DAGs
[2024-07-07T22:13:07.365+0000] {logging_mixin.py:188} INFO - [2024-07-07T22:13:07.365+0000] {dag.py:3118} INFO - Creating ORM DAG for example_sensor_decorator
[2024-07-07T22:13:07.366+0000] {logging_mixin.py:188} INFO - [2024-07-07T22:13:07.365+0000] {dag.py:3954} INFO - Setting next_dagrun for example_sensor_decorator to None, run_after=None
[2024-07-07T22:13:07.377+0000] {processor.py:183} INFO - Processing /home/airflow/.local/lib/python3.12/site-packages/airflow/example_dags/example_sensor_decorator.py took 0.132 seconds
[2024-07-07T22:13:52.567+0000] {processor.py:161} INFO - Started process (PID=35) to work on /home/airflow/.local/lib/python3.12/site-packages/airflow/example_dags/example_sensor_decorator.py
[2024-07-07T22:13:52.568+0000] {processor.py:830} INFO - Processing file /home/airflow/.local/lib/python3.12/site-packages/airflow/example_dags/example_sensor_decorator.py for tasks to queue
[2024-07-07T22:13:52.569+0000] {logging_mixin.py:188} INFO - [2024-07-07T22:13:52.569+0000] {dagbag.py:545} INFO - Filling up the DagBag from /home/airflow/.local/lib/python3.12/site-packages/airflow/example_dags/example_sensor_decorator.py
[2024-07-07T22:13:52.577+0000] {processor.py:840} INFO - DAG(s) 'example_sensor_decorator' retrieved from /home/airflow/.local/lib/python3.12/site-packages/airflow/example_dags/example_sensor_decorator.py
[2024-07-07T22:13:52.586+0000] {logging_mixin.py:188} INFO - [2024-07-07T22:13:52.585+0000] {dag.py:3096} INFO - Sync 1 DAGs
[2024-07-07T22:13:52.596+0000] {logging_mixin.py:188} INFO - [2024-07-07T22:13:52.596+0000] {dag.py:3954} INFO - Setting next_dagrun for example_sensor_decorator to None, run_after=None
[2024-07-07T22:13:52.613+0000] {processor.py:183} INFO - Processing /home/airflow/.local/lib/python3.12/site-packages/airflow/example_dags/example_sensor_decorator.py took 0.051 seconds
[2024-07-07T22:14:22.835+0000] {processor.py:161} INFO - Started process (PID=87) to work on /home/airflow/.local/lib/python3.12/site-packages/airflow/example_dags/example_sensor_decorator.py
[2024-07-07T22:14:22.836+0000] {processor.py:830} INFO - Processing file /home/airflow/.local/lib/python3.12/site-packages/airflow/example_dags/example_sensor_decorator.py for tasks to queue
[2024-07-07T22:14:22.836+0000] {logging_mixin.py:188} INFO - [2024-07-07T22:14:22.836+0000] {dagbag.py:545} INFO - Filling up the DagBag from /home/airflow/.local/lib/python3.12/site-packages/airflow/example_dags/example_sensor_decorator.py
[2024-07-07T22:14:22.839+0000] {processor.py:840} INFO - DAG(s) 'example_sensor_decorator' retrieved from /home/airflow/.local/lib/python3.12/site-packages/airflow/example_dags/example_sensor_decorator.py
[2024-07-07T22:14:22.874+0000] {logging_mixin.py:188} INFO - [2024-07-07T22:14:22.873+0000] {dag.py:3096} INFO - Sync 1 DAGs
[2024-07-07T22:14:22.877+0000] {logging_mixin.py:188} INFO - [2024-07-07T22:14:22.877+0000] {dag.py:3954} INFO - Setting next_dagrun for example_sensor_decorator to None, run_after=None
[2024-07-07T22:14:22.884+0000] {processor.py:183} INFO - Processing /home/airflow/.local/lib/python3.12/site-packages/airflow/example_dags/example_sensor_decorator.py took 0.051 seconds
[2024-07-07T22:14:53.004+0000] {processor.py:161} INFO - Started process (PID=139) to work on /home/airflow/.local/lib/python3.12/site-packages/airflow/example_dags/example_sensor_decorator.py
[2024-07-07T22:14:53.005+0000] {processor.py:830} INFO - Processing file /home/airflow/.local/lib/python3.12/site-packages/airflow/example_dags/example_sensor_decorator.py for tasks to queue
[2024-07-07T22:14:53.006+0000] {logging_mixin.py:188} INFO - [2024-07-07T22:14:53.006+0000] {dagbag.py:545} INFO - Filling up the DagBag from /home/airflow/.local/lib/python3.12/site-packages/airflow/example_dags/example_sensor_decorator.py
[2024-07-07T22:14:53.010+0000] {processor.py:840} INFO - DAG(s) 'example_sensor_decorator' retrieved from /home/airflow/.local/lib/python3.12/site-packages/airflow/example_dags/example_sensor_decorator.py
[2024-07-07T22:14:53.020+0000] {logging_mixin.py:188} INFO - [2024-07-07T22:14:53.020+0000] {dag.py:3096} INFO - Sync 1 DAGs
[2024-07-07T22:14:53.026+0000] {logging_mixin.py:188} INFO - [2024-07-07T22:14:53.026+0000] {dag.py:3954} INFO - Setting next_dagrun for example_sensor_decorator to None, run_after=None
[2024-07-07T22:14:53.034+0000] {processor.py:183} INFO - Processing /home/airflow/.local/lib/python3.12/site-packages/airflow/example_dags/example_sensor_decorator.py took 0.033 seconds
[2024-07-07T22:15:23.353+0000] {processor.py:161} INFO - Started process (PID=191) to work on /home/airflow/.local/lib/python3.12/site-packages/airflow/example_dags/example_sensor_decorator.py
[2024-07-07T22:15:23.353+0000] {processor.py:830} INFO - Processing file /home/airflow/.local/lib/python3.12/site-packages/airflow/example_dags/example_sensor_decorator.py for tasks to queue
[2024-07-07T22:15:23.354+0000] {logging_mixin.py:188} INFO - [2024-07-07T22:15:23.354+0000] {dagbag.py:545} INFO - Filling up the DagBag from /home/airflow/.local/lib/python3.12/site-packages/airflow/example_dags/example_sensor_decorator.py
[2024-07-07T22:15:23.356+0000] {processor.py:840} INFO - DAG(s) 'example_sensor_decorator' retrieved from /home/airflow/.local/lib/python3.12/site-packages/airflow/example_dags/example_sensor_decorator.py
[2024-07-07T22:15:23.364+0000] {logging_mixin.py:188} INFO - [2024-07-07T22:15:23.364+0000] {dag.py:3096} INFO - Sync 1 DAGs
[2024-07-07T22:15:23.368+0000] {logging_mixin.py:188} INFO - [2024-07-07T22:15:23.368+0000] {dag.py:3954} INFO - Setting next_dagrun for example_sensor_decorator to None, run_after=None
[2024-07-07T22:15:23.374+0000] {processor.py:183} INFO - Processing /home/airflow/.local/lib/python3.12/site-packages/airflow/example_dags/example_sensor_decorator.py took 0.024 seconds
[2024-07-07T22:15:53.598+0000] {processor.py:161} INFO - Started process (PID=255) to work on /home/airflow/.local/lib/python3.12/site-packages/airflow/example_dags/example_sensor_decorator.py
[2024-07-07T22:15:53.600+0000] {processor.py:830} INFO - Processing file /home/airflow/.local/lib/python3.12/site-packages/airflow/example_dags/example_sensor_decorator.py for tasks to queue
[2024-07-07T22:15:53.601+0000] {logging_mixin.py:188} INFO - [2024-07-07T22:15:53.601+0000] {dagbag.py:545} INFO - Filling up the DagBag from /home/airflow/.local/lib/python3.12/site-packages/airflow/example_dags/example_sensor_decorator.py
[2024-07-07T22:15:53.603+0000] {processor.py:840} INFO - DAG(s) 'example_sensor_decorator' retrieved from /home/airflow/.local/lib/python3.12/site-packages/airflow/example_dags/example_sensor_decorator.py
[2024-07-07T22:15:53.611+0000] {logging_mixin.py:188} INFO - [2024-07-07T22:15:53.611+0000] {dag.py:3096} INFO - Sync 1 DAGs
[2024-07-07T22:15:53.616+0000] {logging_mixin.py:188} INFO - [2024-07-07T22:15:53.616+0000] {dag.py:3954} INFO - Setting next_dagrun for example_sensor_decorator to None, run_after=None
[2024-07-07T22:15:53.622+0000] {processor.py:183} INFO - Processing /home/airflow/.local/lib/python3.12/site-packages/airflow/example_dags/example_sensor_decorator.py took 0.026 seconds
[2024-07-07T22:16:23.828+0000] {processor.py:161} INFO - Started process (PID=314) to work on /home/airflow/.local/lib/python3.12/site-packages/airflow/example_dags/example_sensor_decorator.py
[2024-07-07T22:16:23.828+0000] {processor.py:830} INFO - Processing file /home/airflow/.local/lib/python3.12/site-packages/airflow/example_dags/example_sensor_decorator.py for tasks to queue
[2024-07-07T22:16:23.829+0000] {logging_mixin.py:188} INFO - [2024-07-07T22:16:23.829+0000] {dagbag.py:545} INFO - Filling up the DagBag from /home/airflow/.local/lib/python3.12/site-packages/airflow/example_dags/example_sensor_decorator.py
[2024-07-07T22:16:23.832+0000] {processor.py:840} INFO - DAG(s) 'example_sensor_decorator' retrieved from /home/airflow/.local/lib/python3.12/site-packages/airflow/example_dags/example_sensor_decorator.py
[2024-07-07T22:16:23.840+0000] {logging_mixin.py:188} INFO - [2024-07-07T22:16:23.840+0000] {dag.py:3096} INFO - Sync 1 DAGs
[2024-07-07T22:16:23.844+0000] {logging_mixin.py:188} INFO - [2024-07-07T22:16:23.844+0000] {dag.py:3954} INFO - Setting next_dagrun for example_sensor_decorator to None, run_after=None
[2024-07-07T22:16:23.850+0000] {processor.py:183} INFO - Processing /home/airflow/.local/lib/python3.12/site-packages/airflow/example_dags/example_sensor_decorator.py took 0.025 seconds
[2024-07-07T22:16:54.021+0000] {processor.py:161} INFO - Started process (PID=381) to work on /home/airflow/.local/lib/python3.12/site-packages/airflow/example_dags/example_sensor_decorator.py
[2024-07-07T22:16:54.021+0000] {processor.py:830} INFO - Processing file /home/airflow/.local/lib/python3.12/site-packages/airflow/example_dags/example_sensor_decorator.py for tasks to queue
[2024-07-07T22:16:54.022+0000] {logging_mixin.py:188} INFO - [2024-07-07T22:16:54.022+0000] {dagbag.py:545} INFO - Filling up the DagBag from /home/airflow/.local/lib/python3.12/site-packages/airflow/example_dags/example_sensor_decorator.py
[2024-07-07T22:16:54.024+0000] {processor.py:840} INFO - DAG(s) 'example_sensor_decorator' retrieved from /home/airflow/.local/lib/python3.12/site-packages/airflow/example_dags/example_sensor_decorator.py
[2024-07-07T22:16:54.032+0000] {logging_mixin.py:188} INFO - [2024-07-07T22:16:54.032+0000] {dag.py:3096} INFO - Sync 1 DAGs
[2024-07-07T22:16:54.037+0000] {logging_mixin.py:188} INFO - [2024-07-07T22:16:54.037+0000] {dag.py:3954} INFO - Setting next_dagrun for example_sensor_decorator to None, run_after=None
[2024-07-07T22:16:54.044+0000] {processor.py:183} INFO - Processing /home/airflow/.local/lib/python3.12/site-packages/airflow/example_dags/example_sensor_decorator.py took 0.025 seconds
[2024-07-07T22:17:24.250+0000] {processor.py:161} INFO - Started process (PID=434) to work on /home/airflow/.local/lib/python3.12/site-packages/airflow/example_dags/example_sensor_decorator.py
[2024-07-07T22:17:24.250+0000] {processor.py:830} INFO - Processing file /home/airflow/.local/lib/python3.12/site-packages/airflow/example_dags/example_sensor_decorator.py for tasks to queue
[2024-07-07T22:17:24.250+0000] {logging_mixin.py:188} INFO - [2024-07-07T22:17:24.250+0000] {dagbag.py:545} INFO - Filling up the DagBag from /home/airflow/.local/lib/python3.12/site-packages/airflow/example_dags/example_sensor_decorator.py
[2024-07-07T22:17:24.253+0000] {processor.py:840} INFO - DAG(s) 'example_sensor_decorator' retrieved from /home/airflow/.local/lib/python3.12/site-packages/airflow/example_dags/example_sensor_decorator.py
[2024-07-07T22:17:24.261+0000] {logging_mixin.py:188} INFO - [2024-07-07T22:17:24.261+0000] {dag.py:3096} INFO - Sync 1 DAGs
[2024-07-07T22:17:24.266+0000] {logging_mixin.py:188} INFO - [2024-07-07T22:17:24.266+0000] {dag.py:3954} INFO - Setting next_dagrun for example_sensor_decorator to None, run_after=None
[2024-07-07T22:17:24.273+0000] {processor.py:183} INFO - Processing /home/airflow/.local/lib/python3.12/site-packages/airflow/example_dags/example_sensor_decorator.py took 0.026 seconds
[2024-07-07T22:17:54.575+0000] {processor.py:161} INFO - Started process (PID=488) to work on /home/airflow/.local/lib/python3.12/site-packages/airflow/example_dags/example_sensor_decorator.py
[2024-07-07T22:17:54.575+0000] {processor.py:830} INFO - Processing file /home/airflow/.local/lib/python3.12/site-packages/airflow/example_dags/example_sensor_decorator.py for tasks to queue
[2024-07-07T22:17:54.576+0000] {logging_mixin.py:188} INFO - [2024-07-07T22:17:54.576+0000] {dagbag.py:545} INFO - Filling up the DagBag from /home/airflow/.local/lib/python3.12/site-packages/airflow/example_dags/example_sensor_decorator.py
[2024-07-07T22:17:54.579+0000] {processor.py:840} INFO - DAG(s) 'example_sensor_decorator' retrieved from /home/airflow/.local/lib/python3.12/site-packages/airflow/example_dags/example_sensor_decorator.py
[2024-07-07T22:17:54.594+0000] {logging_mixin.py:188} INFO - [2024-07-07T22:17:54.594+0000] {dag.py:3096} INFO - Sync 1 DAGs
[2024-07-07T22:17:54.599+0000] {logging_mixin.py:188} INFO - [2024-07-07T22:17:54.599+0000] {dag.py:3954} INFO - Setting next_dagrun for example_sensor_decorator to None, run_after=None
[2024-07-07T22:17:54.609+0000] {processor.py:183} INFO - Processing /home/airflow/.local/lib/python3.12/site-packages/airflow/example_dags/example_sensor_decorator.py took 0.036 seconds
[2024-07-07T22:18:25.140+0000] {processor.py:161} INFO - Started process (PID=540) to work on /home/airflow/.local/lib/python3.12/site-packages/airflow/example_dags/example_sensor_decorator.py
[2024-07-07T22:18:25.141+0000] {processor.py:830} INFO - Processing file /home/airflow/.local/lib/python3.12/site-packages/airflow/example_dags/example_sensor_decorator.py for tasks to queue
[2024-07-07T22:18:25.141+0000] {logging_mixin.py:188} INFO - [2024-07-07T22:18:25.141+0000] {dagbag.py:545} INFO - Filling up the DagBag from /home/airflow/.local/lib/python3.12/site-packages/airflow/example_dags/example_sensor_decorator.py
[2024-07-07T22:18:25.144+0000] {processor.py:840} INFO - DAG(s) 'example_sensor_decorator' retrieved from /home/airflow/.local/lib/python3.12/site-packages/airflow/example_dags/example_sensor_decorator.py
[2024-07-07T22:18:25.152+0000] {logging_mixin.py:188} INFO - [2024-07-07T22:18:25.152+0000] {dag.py:3096} INFO - Sync 1 DAGs
[2024-07-07T22:18:25.157+0000] {logging_mixin.py:188} INFO - [2024-07-07T22:18:25.157+0000] {dag.py:3954} INFO - Setting next_dagrun for example_sensor_decorator to None, run_after=None
[2024-07-07T22:18:25.163+0000] {processor.py:183} INFO - Processing /home/airflow/.local/lib/python3.12/site-packages/airflow/example_dags/example_sensor_decorator.py took 0.025 seconds
[2024-07-07T22:18:55.451+0000] {processor.py:161} INFO - Started process (PID=592) to work on /home/airflow/.local/lib/python3.12/site-packages/airflow/example_dags/example_sensor_decorator.py
[2024-07-07T22:18:55.451+0000] {processor.py:830} INFO - Processing file /home/airflow/.local/lib/python3.12/site-packages/airflow/example_dags/example_sensor_decorator.py for tasks to queue
[2024-07-07T22:18:55.452+0000] {logging_mixin.py:188} INFO - [2024-07-07T22:18:55.452+0000] {dagbag.py:545} INFO - Filling up the DagBag from /home/airflow/.local/lib/python3.12/site-packages/airflow/example_dags/example_sensor_decorator.py
[2024-07-07T22:18:55.455+0000] {processor.py:840} INFO - DAG(s) 'example_sensor_decorator' retrieved from /home/airflow/.local/lib/python3.12/site-packages/airflow/example_dags/example_sensor_decorator.py
[2024-07-07T22:18:55.462+0000] {logging_mixin.py:188} INFO - [2024-07-07T22:18:55.462+0000] {dag.py:3096} INFO - Sync 1 DAGs
[2024-07-07T22:18:55.467+0000] {logging_mixin.py:188} INFO - [2024-07-07T22:18:55.467+0000] {dag.py:3954} INFO - Setting next_dagrun for example_sensor_decorator to None, run_after=None
[2024-07-07T22:18:55.473+0000] {processor.py:183} INFO - Processing /home/airflow/.local/lib/python3.12/site-packages/airflow/example_dags/example_sensor_decorator.py took 0.025 seconds
[2024-07-07T22:19:25.731+0000] {processor.py:161} INFO - Started process (PID=644) to work on /home/airflow/.local/lib/python3.12/site-packages/airflow/example_dags/example_sensor_decorator.py
[2024-07-07T22:19:25.731+0000] {processor.py:830} INFO - Processing file /home/airflow/.local/lib/python3.12/site-packages/airflow/example_dags/example_sensor_decorator.py for tasks to queue
[2024-07-07T22:19:25.732+0000] {logging_mixin.py:188} INFO - [2024-07-07T22:19:25.732+0000] {dagbag.py:545} INFO - Filling up the DagBag from /home/airflow/.local/lib/python3.12/site-packages/airflow/example_dags/example_sensor_decorator.py
[2024-07-07T22:19:25.734+0000] {processor.py:840} INFO - DAG(s) 'example_sensor_decorator' retrieved from /home/airflow/.local/lib/python3.12/site-packages/airflow/example_dags/example_sensor_decorator.py
[2024-07-07T22:19:25.743+0000] {logging_mixin.py:188} INFO - [2024-07-07T22:19:25.743+0000] {dag.py:3096} INFO - Sync 1 DAGs
[2024-07-07T22:19:25.748+0000] {logging_mixin.py:188} INFO - [2024-07-07T22:19:25.748+0000] {dag.py:3954} INFO - Setting next_dagrun for example_sensor_decorator to None, run_after=None
[2024-07-07T22:19:25.754+0000] {processor.py:183} INFO - Processing /home/airflow/.local/lib/python3.12/site-packages/airflow/example_dags/example_sensor_decorator.py took 0.026 seconds
[2024-07-07T22:19:56.022+0000] {processor.py:161} INFO - Started process (PID=696) to work on /home/airflow/.local/lib/python3.12/site-packages/airflow/example_dags/example_sensor_decorator.py
[2024-07-07T22:19:56.022+0000] {processor.py:830} INFO - Processing file /home/airflow/.local/lib/python3.12/site-packages/airflow/example_dags/example_sensor_decorator.py for tasks to queue
[2024-07-07T22:19:56.023+0000] {logging_mixin.py:188} INFO - [2024-07-07T22:19:56.023+0000] {dagbag.py:545} INFO - Filling up the DagBag from /home/airflow/.local/lib/python3.12/site-packages/airflow/example_dags/example_sensor_decorator.py
[2024-07-07T22:19:56.025+0000] {processor.py:840} INFO - DAG(s) 'example_sensor_decorator' retrieved from /home/airflow/.local/lib/python3.12/site-packages/airflow/example_dags/example_sensor_decorator.py
[2024-07-07T22:19:56.033+0000] {logging_mixin.py:188} INFO - [2024-07-07T22:19:56.033+0000] {dag.py:3096} INFO - Sync 1 DAGs
[2024-07-07T22:19:56.038+0000] {logging_mixin.py:188} INFO - [2024-07-07T22:19:56.038+0000] {dag.py:3954} INFO - Setting next_dagrun for example_sensor_decorator to None, run_after=None
[2024-07-07T22:19:56.044+0000] {processor.py:183} INFO - Processing /home/airflow/.local/lib/python3.12/site-packages/airflow/example_dags/example_sensor_decorator.py took 0.024 seconds
[2024-07-07T22:20:26.319+0000] {processor.py:161} INFO - Started process (PID=748) to work on /home/airflow/.local/lib/python3.12/site-packages/airflow/example_dags/example_sensor_decorator.py
[2024-07-07T22:20:26.320+0000] {processor.py:830} INFO - Processing file /home/airflow/.local/lib/python3.12/site-packages/airflow/example_dags/example_sensor_decorator.py for tasks to queue
[2024-07-07T22:20:26.320+0000] {logging_mixin.py:188} INFO - [2024-07-07T22:20:26.320+0000] {dagbag.py:545} INFO - Filling up the DagBag from /home/airflow/.local/lib/python3.12/site-packages/airflow/example_dags/example_sensor_decorator.py
[2024-07-07T22:20:26.323+0000] {processor.py:840} INFO - DAG(s) 'example_sensor_decorator' retrieved from /home/airflow/.local/lib/python3.12/site-packages/airflow/example_dags/example_sensor_decorator.py
[2024-07-07T22:20:26.332+0000] {logging_mixin.py:188} INFO - [2024-07-07T22:20:26.332+0000] {dag.py:3096} INFO - Sync 1 DAGs
[2024-07-07T22:20:26.337+0000] {logging_mixin.py:188} INFO - [2024-07-07T22:20:26.337+0000] {dag.py:3954} INFO - Setting next_dagrun for example_sensor_decorator to None, run_after=None
[2024-07-07T22:20:26.344+0000] {processor.py:183} INFO - Processing /home/airflow/.local/lib/python3.12/site-packages/airflow/example_dags/example_sensor_decorator.py took 0.028 seconds
[2024-07-07T22:20:56.604+0000] {processor.py:161} INFO - Started process (PID=800) to work on /home/airflow/.local/lib/python3.12/site-packages/airflow/example_dags/example_sensor_decorator.py
[2024-07-07T22:20:56.604+0000] {processor.py:830} INFO - Processing file /home/airflow/.local/lib/python3.12/site-packages/airflow/example_dags/example_sensor_decorator.py for tasks to queue
[2024-07-07T22:20:56.605+0000] {logging_mixin.py:188} INFO - [2024-07-07T22:20:56.605+0000] {dagbag.py:545} INFO - Filling up the DagBag from /home/airflow/.local/lib/python3.12/site-packages/airflow/example_dags/example_sensor_decorator.py
[2024-07-07T22:20:56.607+0000] {processor.py:840} INFO - DAG(s) 'example_sensor_decorator' retrieved from /home/airflow/.local/lib/python3.12/site-packages/airflow/example_dags/example_sensor_decorator.py
[2024-07-07T22:20:56.615+0000] {logging_mixin.py:188} INFO - [2024-07-07T22:20:56.615+0000] {dag.py:3096} INFO - Sync 1 DAGs
[2024-07-07T22:20:56.620+0000] {logging_mixin.py:188} INFO - [2024-07-07T22:20:56.620+0000] {dag.py:3954} INFO - Setting next_dagrun for example_sensor_decorator to None, run_after=None
[2024-07-07T22:20:56.626+0000] {processor.py:183} INFO - Processing /home/airflow/.local/lib/python3.12/site-packages/airflow/example_dags/example_sensor_decorator.py took 0.025 seconds
[2024-07-07T22:21:26.881+0000] {processor.py:161} INFO - Started process (PID=852) to work on /home/airflow/.local/lib/python3.12/site-packages/airflow/example_dags/example_sensor_decorator.py
[2024-07-07T22:21:26.882+0000] {processor.py:830} INFO - Processing file /home/airflow/.local/lib/python3.12/site-packages/airflow/example_dags/example_sensor_decorator.py for tasks to queue
[2024-07-07T22:21:26.882+0000] {logging_mixin.py:188} INFO - [2024-07-07T22:21:26.882+0000] {dagbag.py:545} INFO - Filling up the DagBag from /home/airflow/.local/lib/python3.12/site-packages/airflow/example_dags/example_sensor_decorator.py
[2024-07-07T22:21:26.885+0000] {processor.py:840} INFO - DAG(s) 'example_sensor_decorator' retrieved from /home/airflow/.local/lib/python3.12/site-packages/airflow/example_dags/example_sensor_decorator.py
[2024-07-07T22:21:26.893+0000] {logging_mixin.py:188} INFO - [2024-07-07T22:21:26.893+0000] {dag.py:3096} INFO - Sync 1 DAGs
[2024-07-07T22:21:26.898+0000] {logging_mixin.py:188} INFO - [2024-07-07T22:21:26.898+0000] {dag.py:3954} INFO - Setting next_dagrun for example_sensor_decorator to None, run_after=None
[2024-07-07T22:21:26.904+0000] {processor.py:183} INFO - Processing /home/airflow/.local/lib/python3.12/site-packages/airflow/example_dags/example_sensor_decorator.py took 0.025 seconds
[2024-07-07T22:21:57.253+0000] {processor.py:161} INFO - Started process (PID=904) to work on /home/airflow/.local/lib/python3.12/site-packages/airflow/example_dags/example_sensor_decorator.py
[2024-07-07T22:21:57.254+0000] {processor.py:830} INFO - Processing file /home/airflow/.local/lib/python3.12/site-packages/airflow/example_dags/example_sensor_decorator.py for tasks to queue
[2024-07-07T22:21:57.255+0000] {logging_mixin.py:188} INFO - [2024-07-07T22:21:57.254+0000] {dagbag.py:545} INFO - Filling up the DagBag from /home/airflow/.local/lib/python3.12/site-packages/airflow/example_dags/example_sensor_decorator.py
[2024-07-07T22:21:57.257+0000] {processor.py:840} INFO - DAG(s) 'example_sensor_decorator' retrieved from /home/airflow/.local/lib/python3.12/site-packages/airflow/example_dags/example_sensor_decorator.py
[2024-07-07T22:21:57.266+0000] {logging_mixin.py:188} INFO - [2024-07-07T22:21:57.266+0000] {dag.py:3096} INFO - Sync 1 DAGs
[2024-07-07T22:21:57.272+0000] {logging_mixin.py:188} INFO - [2024-07-07T22:21:57.271+0000] {dag.py:3954} INFO - Setting next_dagrun for example_sensor_decorator to None, run_after=None
[2024-07-07T22:21:57.278+0000] {processor.py:183} INFO - Processing /home/airflow/.local/lib/python3.12/site-packages/airflow/example_dags/example_sensor_decorator.py took 0.028 seconds
[2024-07-07T22:22:27.524+0000] {processor.py:161} INFO - Started process (PID=956) to work on /home/airflow/.local/lib/python3.12/site-packages/airflow/example_dags/example_sensor_decorator.py
[2024-07-07T22:22:27.525+0000] {processor.py:830} INFO - Processing file /home/airflow/.local/lib/python3.12/site-packages/airflow/example_dags/example_sensor_decorator.py for tasks to queue
[2024-07-07T22:22:27.527+0000] {logging_mixin.py:188} INFO - [2024-07-07T22:22:27.526+0000] {dagbag.py:545} INFO - Filling up the DagBag from /home/airflow/.local/lib/python3.12/site-packages/airflow/example_dags/example_sensor_decorator.py
[2024-07-07T22:22:27.530+0000] {processor.py:840} INFO - DAG(s) 'example_sensor_decorator' retrieved from /home/airflow/.local/lib/python3.12/site-packages/airflow/example_dags/example_sensor_decorator.py
[2024-07-07T22:22:27.542+0000] {logging_mixin.py:188} INFO - [2024-07-07T22:22:27.542+0000] {dag.py:3096} INFO - Sync 1 DAGs
[2024-07-07T22:22:27.548+0000] {logging_mixin.py:188} INFO - [2024-07-07T22:22:27.548+0000] {dag.py:3954} INFO - Setting next_dagrun for example_sensor_decorator to None, run_after=None
[2024-07-07T22:22:27.559+0000] {processor.py:183} INFO - Processing /home/airflow/.local/lib/python3.12/site-packages/airflow/example_dags/example_sensor_decorator.py took 0.038 seconds
[2024-07-07T22:22:57.939+0000] {processor.py:161} INFO - Started process (PID=1008) to work on /home/airflow/.local/lib/python3.12/site-packages/airflow/example_dags/example_sensor_decorator.py
[2024-07-07T22:22:57.939+0000] {processor.py:830} INFO - Processing file /home/airflow/.local/lib/python3.12/site-packages/airflow/example_dags/example_sensor_decorator.py for tasks to queue
[2024-07-07T22:22:57.940+0000] {logging_mixin.py:188} INFO - [2024-07-07T22:22:57.940+0000] {dagbag.py:545} INFO - Filling up the DagBag from /home/airflow/.local/lib/python3.12/site-packages/airflow/example_dags/example_sensor_decorator.py
[2024-07-07T22:22:57.943+0000] {processor.py:840} INFO - DAG(s) 'example_sensor_decorator' retrieved from /home/airflow/.local/lib/python3.12/site-packages/airflow/example_dags/example_sensor_decorator.py
[2024-07-07T22:22:57.951+0000] {logging_mixin.py:188} INFO - [2024-07-07T22:22:57.951+0000] {dag.py:3096} INFO - Sync 1 DAGs
[2024-07-07T22:22:57.956+0000] {logging_mixin.py:188} INFO - [2024-07-07T22:22:57.956+0000] {dag.py:3954} INFO - Setting next_dagrun for example_sensor_decorator to None, run_after=None
[2024-07-07T22:22:57.963+0000] {processor.py:183} INFO - Processing /home/airflow/.local/lib/python3.12/site-packages/airflow/example_dags/example_sensor_decorator.py took 0.026 seconds
[2024-07-07T22:23:28.282+0000] {processor.py:161} INFO - Started process (PID=1060) to work on /home/airflow/.local/lib/python3.12/site-packages/airflow/example_dags/example_sensor_decorator.py
[2024-07-07T22:23:28.282+0000] {processor.py:830} INFO - Processing file /home/airflow/.local/lib/python3.12/site-packages/airflow/example_dags/example_sensor_decorator.py for tasks to queue
[2024-07-07T22:23:28.283+0000] {logging_mixin.py:188} INFO - [2024-07-07T22:23:28.283+0000] {dagbag.py:545} INFO - Filling up the DagBag from /home/airflow/.local/lib/python3.12/site-packages/airflow/example_dags/example_sensor_decorator.py
[2024-07-07T22:23:28.285+0000] {processor.py:840} INFO - DAG(s) 'example_sensor_decorator' retrieved from /home/airflow/.local/lib/python3.12/site-packages/airflow/example_dags/example_sensor_decorator.py
[2024-07-07T22:23:28.293+0000] {logging_mixin.py:188} INFO - [2024-07-07T22:23:28.293+0000] {dag.py:3096} INFO - Sync 1 DAGs
[2024-07-07T22:23:28.297+0000] {logging_mixin.py:188} INFO - [2024-07-07T22:23:28.297+0000] {dag.py:3954} INFO - Setting next_dagrun for example_sensor_decorator to None, run_after=None
[2024-07-07T22:23:28.303+0000] {processor.py:183} INFO - Processing /home/airflow/.local/lib/python3.12/site-packages/airflow/example_dags/example_sensor_decorator.py took 0.024 seconds
[2024-07-07T22:23:58.604+0000] {processor.py:161} INFO - Started process (PID=1112) to work on /home/airflow/.local/lib/python3.12/site-packages/airflow/example_dags/example_sensor_decorator.py
[2024-07-07T22:23:58.605+0000] {processor.py:830} INFO - Processing file /home/airflow/.local/lib/python3.12/site-packages/airflow/example_dags/example_sensor_decorator.py for tasks to queue
[2024-07-07T22:23:58.605+0000] {logging_mixin.py:188} INFO - [2024-07-07T22:23:58.605+0000] {dagbag.py:545} INFO - Filling up the DagBag from /home/airflow/.local/lib/python3.12/site-packages/airflow/example_dags/example_sensor_decorator.py
[2024-07-07T22:23:58.608+0000] {processor.py:840} INFO - DAG(s) 'example_sensor_decorator' retrieved from /home/airflow/.local/lib/python3.12/site-packages/airflow/example_dags/example_sensor_decorator.py
[2024-07-07T22:23:58.617+0000] {logging_mixin.py:188} INFO - [2024-07-07T22:23:58.616+0000] {dag.py:3096} INFO - Sync 1 DAGs
[2024-07-07T22:23:58.621+0000] {logging_mixin.py:188} INFO - [2024-07-07T22:23:58.621+0000] {dag.py:3954} INFO - Setting next_dagrun for example_sensor_decorator to None, run_after=None
[2024-07-07T22:23:58.628+0000] {processor.py:183} INFO - Processing /home/airflow/.local/lib/python3.12/site-packages/airflow/example_dags/example_sensor_decorator.py took 0.026 seconds
[2024-07-07T22:24:28.923+0000] {processor.py:161} INFO - Started process (PID=1164) to work on /home/airflow/.local/lib/python3.12/site-packages/airflow/example_dags/example_sensor_decorator.py
[2024-07-07T22:24:28.923+0000] {processor.py:830} INFO - Processing file /home/airflow/.local/lib/python3.12/site-packages/airflow/example_dags/example_sensor_decorator.py for tasks to queue
[2024-07-07T22:24:28.924+0000] {logging_mixin.py:188} INFO - [2024-07-07T22:24:28.924+0000] {dagbag.py:545} INFO - Filling up the DagBag from /home/airflow/.local/lib/python3.12/site-packages/airflow/example_dags/example_sensor_decorator.py
[2024-07-07T22:24:28.927+0000] {processor.py:840} INFO - DAG(s) 'example_sensor_decorator' retrieved from /home/airflow/.local/lib/python3.12/site-packages/airflow/example_dags/example_sensor_decorator.py
[2024-07-07T22:24:28.934+0000] {logging_mixin.py:188} INFO - [2024-07-07T22:24:28.934+0000] {dag.py:3096} INFO - Sync 1 DAGs
[2024-07-07T22:24:28.939+0000] {logging_mixin.py:188} INFO - [2024-07-07T22:24:28.939+0000] {dag.py:3954} INFO - Setting next_dagrun for example_sensor_decorator to None, run_after=None
[2024-07-07T22:24:28.945+0000] {processor.py:183} INFO - Processing /home/airflow/.local/lib/python3.12/site-packages/airflow/example_dags/example_sensor_decorator.py took 0.025 seconds
[2024-07-07T22:24:59.361+0000] {processor.py:161} INFO - Started process (PID=1216) to work on /home/airflow/.local/lib/python3.12/site-packages/airflow/example_dags/example_sensor_decorator.py
[2024-07-07T22:24:59.361+0000] {processor.py:830} INFO - Processing file /home/airflow/.local/lib/python3.12/site-packages/airflow/example_dags/example_sensor_decorator.py for tasks to queue
[2024-07-07T22:24:59.362+0000] {logging_mixin.py:188} INFO - [2024-07-07T22:24:59.362+0000] {dagbag.py:545} INFO - Filling up the DagBag from /home/airflow/.local/lib/python3.12/site-packages/airflow/example_dags/example_sensor_decorator.py
[2024-07-07T22:24:59.365+0000] {processor.py:840} INFO - DAG(s) 'example_sensor_decorator' retrieved from /home/airflow/.local/lib/python3.12/site-packages/airflow/example_dags/example_sensor_decorator.py
[2024-07-07T22:24:59.375+0000] {logging_mixin.py:188} INFO - [2024-07-07T22:24:59.375+0000] {dag.py:3096} INFO - Sync 1 DAGs
[2024-07-07T22:24:59.380+0000] {logging_mixin.py:188} INFO - [2024-07-07T22:24:59.380+0000] {dag.py:3954} INFO - Setting next_dagrun for example_sensor_decorator to None, run_after=None
[2024-07-07T22:24:59.388+0000] {processor.py:183} INFO - Processing /home/airflow/.local/lib/python3.12/site-packages/airflow/example_dags/example_sensor_decorator.py took 0.030 seconds
[2024-07-07T22:25:29.928+0000] {processor.py:161} INFO - Started process (PID=1268) to work on /home/airflow/.local/lib/python3.12/site-packages/airflow/example_dags/example_sensor_decorator.py
[2024-07-07T22:25:29.928+0000] {processor.py:830} INFO - Processing file /home/airflow/.local/lib/python3.12/site-packages/airflow/example_dags/example_sensor_decorator.py for tasks to queue
[2024-07-07T22:25:29.929+0000] {logging_mixin.py:188} INFO - [2024-07-07T22:25:29.929+0000] {dagbag.py:545} INFO - Filling up the DagBag from /home/airflow/.local/lib/python3.12/site-packages/airflow/example_dags/example_sensor_decorator.py
[2024-07-07T22:25:29.932+0000] {processor.py:840} INFO - DAG(s) 'example_sensor_decorator' retrieved from /home/airflow/.local/lib/python3.12/site-packages/airflow/example_dags/example_sensor_decorator.py
[2024-07-07T22:25:29.941+0000] {logging_mixin.py:188} INFO - [2024-07-07T22:25:29.941+0000] {dag.py:3096} INFO - Sync 1 DAGs
[2024-07-07T22:25:29.945+0000] {logging_mixin.py:188} INFO - [2024-07-07T22:25:29.945+0000] {dag.py:3954} INFO - Setting next_dagrun for example_sensor_decorator to None, run_after=None
[2024-07-07T22:25:29.952+0000] {processor.py:183} INFO - Processing /home/airflow/.local/lib/python3.12/site-packages/airflow/example_dags/example_sensor_decorator.py took 0.027 seconds
[2024-07-07T22:26:00.292+0000] {processor.py:161} INFO - Started process (PID=1320) to work on /home/airflow/.local/lib/python3.12/site-packages/airflow/example_dags/example_sensor_decorator.py
[2024-07-07T22:26:00.293+0000] {processor.py:830} INFO - Processing file /home/airflow/.local/lib/python3.12/site-packages/airflow/example_dags/example_sensor_decorator.py for tasks to queue
[2024-07-07T22:26:00.294+0000] {logging_mixin.py:188} INFO - [2024-07-07T22:26:00.293+0000] {dagbag.py:545} INFO - Filling up the DagBag from /home/airflow/.local/lib/python3.12/site-packages/airflow/example_dags/example_sensor_decorator.py
[2024-07-07T22:26:00.297+0000] {processor.py:840} INFO - DAG(s) 'example_sensor_decorator' retrieved from /home/airflow/.local/lib/python3.12/site-packages/airflow/example_dags/example_sensor_decorator.py
[2024-07-07T22:26:00.308+0000] {logging_mixin.py:188} INFO - [2024-07-07T22:26:00.307+0000] {dag.py:3096} INFO - Sync 1 DAGs
[2024-07-07T22:26:00.314+0000] {logging_mixin.py:188} INFO - [2024-07-07T22:26:00.314+0000] {dag.py:3954} INFO - Setting next_dagrun for example_sensor_decorator to None, run_after=None
[2024-07-07T22:26:00.322+0000] {processor.py:183} INFO - Processing /home/airflow/.local/lib/python3.12/site-packages/airflow/example_dags/example_sensor_decorator.py took 0.036 seconds
[2024-07-07T22:26:30.860+0000] {processor.py:161} INFO - Started process (PID=1372) to work on /home/airflow/.local/lib/python3.12/site-packages/airflow/example_dags/example_sensor_decorator.py
[2024-07-07T22:26:30.860+0000] {processor.py:830} INFO - Processing file /home/airflow/.local/lib/python3.12/site-packages/airflow/example_dags/example_sensor_decorator.py for tasks to queue
[2024-07-07T22:26:30.861+0000] {logging_mixin.py:188} INFO - [2024-07-07T22:26:30.861+0000] {dagbag.py:545} INFO - Filling up the DagBag from /home/airflow/.local/lib/python3.12/site-packages/airflow/example_dags/example_sensor_decorator.py
[2024-07-07T22:26:30.863+0000] {processor.py:840} INFO - DAG(s) 'example_sensor_decorator' retrieved from /home/airflow/.local/lib/python3.12/site-packages/airflow/example_dags/example_sensor_decorator.py
[2024-07-07T22:26:30.871+0000] {logging_mixin.py:188} INFO - [2024-07-07T22:26:30.871+0000] {dag.py:3096} INFO - Sync 1 DAGs
[2024-07-07T22:26:30.876+0000] {logging_mixin.py:188} INFO - [2024-07-07T22:26:30.876+0000] {dag.py:3954} INFO - Setting next_dagrun for example_sensor_decorator to None, run_after=None
[2024-07-07T22:26:30.882+0000] {processor.py:183} INFO - Processing /home/airflow/.local/lib/python3.12/site-packages/airflow/example_dags/example_sensor_decorator.py took 0.024 seconds
[2024-07-07T22:27:01.156+0000] {processor.py:161} INFO - Started process (PID=1424) to work on /home/airflow/.local/lib/python3.12/site-packages/airflow/example_dags/example_sensor_decorator.py
[2024-07-07T22:27:01.157+0000] {processor.py:830} INFO - Processing file /home/airflow/.local/lib/python3.12/site-packages/airflow/example_dags/example_sensor_decorator.py for tasks to queue
[2024-07-07T22:27:01.157+0000] {logging_mixin.py:188} INFO - [2024-07-07T22:27:01.157+0000] {dagbag.py:545} INFO - Filling up the DagBag from /home/airflow/.local/lib/python3.12/site-packages/airflow/example_dags/example_sensor_decorator.py
[2024-07-07T22:27:01.160+0000] {processor.py:840} INFO - DAG(s) 'example_sensor_decorator' retrieved from /home/airflow/.local/lib/python3.12/site-packages/airflow/example_dags/example_sensor_decorator.py
[2024-07-07T22:27:01.168+0000] {logging_mixin.py:188} INFO - [2024-07-07T22:27:01.168+0000] {dag.py:3096} INFO - Sync 1 DAGs
[2024-07-07T22:27:01.172+0000] {logging_mixin.py:188} INFO - [2024-07-07T22:27:01.172+0000] {dag.py:3954} INFO - Setting next_dagrun for example_sensor_decorator to None, run_after=None
[2024-07-07T22:27:01.178+0000] {processor.py:183} INFO - Processing /home/airflow/.local/lib/python3.12/site-packages/airflow/example_dags/example_sensor_decorator.py took 0.024 seconds
[2024-07-07T22:27:31.428+0000] {processor.py:161} INFO - Started process (PID=1476) to work on /home/airflow/.local/lib/python3.12/site-packages/airflow/example_dags/example_sensor_decorator.py
[2024-07-07T22:27:31.429+0000] {processor.py:830} INFO - Processing file /home/airflow/.local/lib/python3.12/site-packages/airflow/example_dags/example_sensor_decorator.py for tasks to queue
[2024-07-07T22:27:31.429+0000] {logging_mixin.py:188} INFO - [2024-07-07T22:27:31.429+0000] {dagbag.py:545} INFO - Filling up the DagBag from /home/airflow/.local/lib/python3.12/site-packages/airflow/example_dags/example_sensor_decorator.py
[2024-07-07T22:27:31.432+0000] {processor.py:840} INFO - DAG(s) 'example_sensor_decorator' retrieved from /home/airflow/.local/lib/python3.12/site-packages/airflow/example_dags/example_sensor_decorator.py
[2024-07-07T22:27:31.439+0000] {logging_mixin.py:188} INFO - [2024-07-07T22:27:31.439+0000] {dag.py:3096} INFO - Sync 1 DAGs
[2024-07-07T22:27:31.444+0000] {logging_mixin.py:188} INFO - [2024-07-07T22:27:31.443+0000] {dag.py:3954} INFO - Setting next_dagrun for example_sensor_decorator to None, run_after=None
[2024-07-07T22:27:31.450+0000] {processor.py:183} INFO - Processing /home/airflow/.local/lib/python3.12/site-packages/airflow/example_dags/example_sensor_decorator.py took 0.024 seconds
[2024-07-07T22:28:01.683+0000] {processor.py:161} INFO - Started process (PID=1528) to work on /home/airflow/.local/lib/python3.12/site-packages/airflow/example_dags/example_sensor_decorator.py
[2024-07-07T22:28:01.684+0000] {processor.py:830} INFO - Processing file /home/airflow/.local/lib/python3.12/site-packages/airflow/example_dags/example_sensor_decorator.py for tasks to queue
[2024-07-07T22:28:01.685+0000] {logging_mixin.py:188} INFO - [2024-07-07T22:28:01.684+0000] {dagbag.py:545} INFO - Filling up the DagBag from /home/airflow/.local/lib/python3.12/site-packages/airflow/example_dags/example_sensor_decorator.py
[2024-07-07T22:28:01.687+0000] {processor.py:840} INFO - DAG(s) 'example_sensor_decorator' retrieved from /home/airflow/.local/lib/python3.12/site-packages/airflow/example_dags/example_sensor_decorator.py
[2024-07-07T22:28:01.695+0000] {logging_mixin.py:188} INFO - [2024-07-07T22:28:01.695+0000] {dag.py:3096} INFO - Sync 1 DAGs
[2024-07-07T22:28:01.699+0000] {logging_mixin.py:188} INFO - [2024-07-07T22:28:01.699+0000] {dag.py:3954} INFO - Setting next_dagrun for example_sensor_decorator to None, run_after=None
[2024-07-07T22:28:01.705+0000] {processor.py:183} INFO - Processing /home/airflow/.local/lib/python3.12/site-packages/airflow/example_dags/example_sensor_decorator.py took 0.024 seconds
[2024-07-07T22:28:31.945+0000] {processor.py:161} INFO - Started process (PID=1580) to work on /home/airflow/.local/lib/python3.12/site-packages/airflow/example_dags/example_sensor_decorator.py
[2024-07-07T22:28:31.945+0000] {processor.py:830} INFO - Processing file /home/airflow/.local/lib/python3.12/site-packages/airflow/example_dags/example_sensor_decorator.py for tasks to queue
[2024-07-07T22:28:31.946+0000] {logging_mixin.py:188} INFO - [2024-07-07T22:28:31.946+0000] {dagbag.py:545} INFO - Filling up the DagBag from /home/airflow/.local/lib/python3.12/site-packages/airflow/example_dags/example_sensor_decorator.py
[2024-07-07T22:28:31.949+0000] {processor.py:840} INFO - DAG(s) 'example_sensor_decorator' retrieved from /home/airflow/.local/lib/python3.12/site-packages/airflow/example_dags/example_sensor_decorator.py
[2024-07-07T22:28:31.956+0000] {logging_mixin.py:188} INFO - [2024-07-07T22:28:31.956+0000] {dag.py:3096} INFO - Sync 1 DAGs
[2024-07-07T22:28:31.961+0000] {logging_mixin.py:188} INFO - [2024-07-07T22:28:31.961+0000] {dag.py:3954} INFO - Setting next_dagrun for example_sensor_decorator to None, run_after=None
[2024-07-07T22:28:31.967+0000] {processor.py:183} INFO - Processing /home/airflow/.local/lib/python3.12/site-packages/airflow/example_dags/example_sensor_decorator.py took 0.025 seconds
[2024-07-07T22:29:02.272+0000] {processor.py:161} INFO - Started process (PID=1632) to work on /home/airflow/.local/lib/python3.12/site-packages/airflow/example_dags/example_sensor_decorator.py
[2024-07-07T22:29:02.272+0000] {processor.py:830} INFO - Processing file /home/airflow/.local/lib/python3.12/site-packages/airflow/example_dags/example_sensor_decorator.py for tasks to queue
[2024-07-07T22:29:02.273+0000] {logging_mixin.py:188} INFO - [2024-07-07T22:29:02.273+0000] {dagbag.py:545} INFO - Filling up the DagBag from /home/airflow/.local/lib/python3.12/site-packages/airflow/example_dags/example_sensor_decorator.py
[2024-07-07T22:29:02.276+0000] {processor.py:840} INFO - DAG(s) 'example_sensor_decorator' retrieved from /home/airflow/.local/lib/python3.12/site-packages/airflow/example_dags/example_sensor_decorator.py
[2024-07-07T22:29:02.284+0000] {logging_mixin.py:188} INFO - [2024-07-07T22:29:02.284+0000] {dag.py:3096} INFO - Sync 1 DAGs
[2024-07-07T22:29:02.289+0000] {logging_mixin.py:188} INFO - [2024-07-07T22:29:02.288+0000] {dag.py:3954} INFO - Setting next_dagrun for example_sensor_decorator to None, run_after=None
[2024-07-07T22:29:02.295+0000] {processor.py:183} INFO - Processing /home/airflow/.local/lib/python3.12/site-packages/airflow/example_dags/example_sensor_decorator.py took 0.026 seconds
[2024-07-07T22:29:32.550+0000] {processor.py:161} INFO - Started process (PID=1684) to work on /home/airflow/.local/lib/python3.12/site-packages/airflow/example_dags/example_sensor_decorator.py
[2024-07-07T22:29:32.550+0000] {processor.py:830} INFO - Processing file /home/airflow/.local/lib/python3.12/site-packages/airflow/example_dags/example_sensor_decorator.py for tasks to queue
[2024-07-07T22:29:32.551+0000] {logging_mixin.py:188} INFO - [2024-07-07T22:29:32.551+0000] {dagbag.py:545} INFO - Filling up the DagBag from /home/airflow/.local/lib/python3.12/site-packages/airflow/example_dags/example_sensor_decorator.py
[2024-07-07T22:29:32.553+0000] {processor.py:840} INFO - DAG(s) 'example_sensor_decorator' retrieved from /home/airflow/.local/lib/python3.12/site-packages/airflow/example_dags/example_sensor_decorator.py
[2024-07-07T22:29:32.561+0000] {logging_mixin.py:188} INFO - [2024-07-07T22:29:32.561+0000] {dag.py:3096} INFO - Sync 1 DAGs
[2024-07-07T22:29:32.566+0000] {logging_mixin.py:188} INFO - [2024-07-07T22:29:32.566+0000] {dag.py:3954} INFO - Setting next_dagrun for example_sensor_decorator to None, run_after=None
[2024-07-07T22:29:32.572+0000] {processor.py:183} INFO - Processing /home/airflow/.local/lib/python3.12/site-packages/airflow/example_dags/example_sensor_decorator.py took 0.024 seconds
[2024-07-07T22:30:03.051+0000] {processor.py:161} INFO - Started process (PID=1736) to work on /home/airflow/.local/lib/python3.12/site-packages/airflow/example_dags/example_sensor_decorator.py
[2024-07-07T22:30:03.051+0000] {processor.py:830} INFO - Processing file /home/airflow/.local/lib/python3.12/site-packages/airflow/example_dags/example_sensor_decorator.py for tasks to queue
[2024-07-07T22:30:03.052+0000] {logging_mixin.py:188} INFO - [2024-07-07T22:30:03.052+0000] {dagbag.py:545} INFO - Filling up the DagBag from /home/airflow/.local/lib/python3.12/site-packages/airflow/example_dags/example_sensor_decorator.py
[2024-07-07T22:30:03.055+0000] {processor.py:840} INFO - DAG(s) 'example_sensor_decorator' retrieved from /home/airflow/.local/lib/python3.12/site-packages/airflow/example_dags/example_sensor_decorator.py
[2024-07-07T22:30:03.062+0000] {logging_mixin.py:188} INFO - [2024-07-07T22:30:03.062+0000] {dag.py:3096} INFO - Sync 1 DAGs
[2024-07-07T22:30:03.066+0000] {logging_mixin.py:188} INFO - [2024-07-07T22:30:03.066+0000] {dag.py:3954} INFO - Setting next_dagrun for example_sensor_decorator to None, run_after=None
[2024-07-07T22:30:03.073+0000] {processor.py:183} INFO - Processing /home/airflow/.local/lib/python3.12/site-packages/airflow/example_dags/example_sensor_decorator.py took 0.024 seconds
[2024-07-07T22:30:33.584+0000] {processor.py:161} INFO - Started process (PID=1788) to work on /home/airflow/.local/lib/python3.12/site-packages/airflow/example_dags/example_sensor_decorator.py
[2024-07-07T22:30:33.584+0000] {processor.py:830} INFO - Processing file /home/airflow/.local/lib/python3.12/site-packages/airflow/example_dags/example_sensor_decorator.py for tasks to queue
[2024-07-07T22:30:33.585+0000] {logging_mixin.py:188} INFO - [2024-07-07T22:30:33.585+0000] {dagbag.py:545} INFO - Filling up the DagBag from /home/airflow/.local/lib/python3.12/site-packages/airflow/example_dags/example_sensor_decorator.py
[2024-07-07T22:30:33.587+0000] {processor.py:840} INFO - DAG(s) 'example_sensor_decorator' retrieved from /home/airflow/.local/lib/python3.12/site-packages/airflow/example_dags/example_sensor_decorator.py
[2024-07-07T22:30:33.595+0000] {logging_mixin.py:188} INFO - [2024-07-07T22:30:33.595+0000] {dag.py:3096} INFO - Sync 1 DAGs
[2024-07-07T22:30:33.599+0000] {logging_mixin.py:188} INFO - [2024-07-07T22:30:33.599+0000] {dag.py:3954} INFO - Setting next_dagrun for example_sensor_decorator to None, run_after=None
[2024-07-07T22:30:33.605+0000] {processor.py:183} INFO - Processing /home/airflow/.local/lib/python3.12/site-packages/airflow/example_dags/example_sensor_decorator.py took 0.024 seconds
[2024-07-07T22:31:04.561+0000] {processor.py:161} INFO - Started process (PID=1840) to work on /home/airflow/.local/lib/python3.12/site-packages/airflow/example_dags/example_sensor_decorator.py
[2024-07-07T22:31:04.562+0000] {processor.py:830} INFO - Processing file /home/airflow/.local/lib/python3.12/site-packages/airflow/example_dags/example_sensor_decorator.py for tasks to queue
[2024-07-07T22:31:04.563+0000] {logging_mixin.py:188} INFO - [2024-07-07T22:31:04.563+0000] {dagbag.py:545} INFO - Filling up the DagBag from /home/airflow/.local/lib/python3.12/site-packages/airflow/example_dags/example_sensor_decorator.py
[2024-07-07T22:31:04.566+0000] {processor.py:840} INFO - DAG(s) 'example_sensor_decorator' retrieved from /home/airflow/.local/lib/python3.12/site-packages/airflow/example_dags/example_sensor_decorator.py
[2024-07-07T22:31:04.577+0000] {logging_mixin.py:188} INFO - [2024-07-07T22:31:04.577+0000] {dag.py:3096} INFO - Sync 1 DAGs
[2024-07-07T22:31:04.583+0000] {logging_mixin.py:188} INFO - [2024-07-07T22:31:04.583+0000] {dag.py:3954} INFO - Setting next_dagrun for example_sensor_decorator to None, run_after=None
[2024-07-07T22:31:04.592+0000] {processor.py:183} INFO - Processing /home/airflow/.local/lib/python3.12/site-packages/airflow/example_dags/example_sensor_decorator.py took 0.035 seconds
[2024-07-07T22:31:35.280+0000] {processor.py:161} INFO - Started process (PID=1892) to work on /home/airflow/.local/lib/python3.12/site-packages/airflow/example_dags/example_sensor_decorator.py
[2024-07-07T22:31:35.281+0000] {processor.py:830} INFO - Processing file /home/airflow/.local/lib/python3.12/site-packages/airflow/example_dags/example_sensor_decorator.py for tasks to queue
[2024-07-07T22:31:35.281+0000] {logging_mixin.py:188} INFO - [2024-07-07T22:31:35.281+0000] {dagbag.py:545} INFO - Filling up the DagBag from /home/airflow/.local/lib/python3.12/site-packages/airflow/example_dags/example_sensor_decorator.py
[2024-07-07T22:31:35.284+0000] {processor.py:840} INFO - DAG(s) 'example_sensor_decorator' retrieved from /home/airflow/.local/lib/python3.12/site-packages/airflow/example_dags/example_sensor_decorator.py
[2024-07-07T22:31:35.292+0000] {logging_mixin.py:188} INFO - [2024-07-07T22:31:35.292+0000] {dag.py:3096} INFO - Sync 1 DAGs
[2024-07-07T22:31:35.296+0000] {logging_mixin.py:188} INFO - [2024-07-07T22:31:35.296+0000] {dag.py:3954} INFO - Setting next_dagrun for example_sensor_decorator to None, run_after=None
[2024-07-07T22:31:35.371+0000] {processor.py:183} INFO - Processing /home/airflow/.local/lib/python3.12/site-packages/airflow/example_dags/example_sensor_decorator.py took 0.093 seconds
[2024-07-07T22:32:06.077+0000] {processor.py:161} INFO - Started process (PID=1944) to work on /home/airflow/.local/lib/python3.12/site-packages/airflow/example_dags/example_sensor_decorator.py
[2024-07-07T22:32:06.078+0000] {processor.py:830} INFO - Processing file /home/airflow/.local/lib/python3.12/site-packages/airflow/example_dags/example_sensor_decorator.py for tasks to queue
[2024-07-07T22:32:06.078+0000] {logging_mixin.py:188} INFO - [2024-07-07T22:32:06.078+0000] {dagbag.py:545} INFO - Filling up the DagBag from /home/airflow/.local/lib/python3.12/site-packages/airflow/example_dags/example_sensor_decorator.py
[2024-07-07T22:32:06.081+0000] {processor.py:840} INFO - DAG(s) 'example_sensor_decorator' retrieved from /home/airflow/.local/lib/python3.12/site-packages/airflow/example_dags/example_sensor_decorator.py
[2024-07-07T22:32:06.089+0000] {logging_mixin.py:188} INFO - [2024-07-07T22:32:06.088+0000] {dag.py:3096} INFO - Sync 1 DAGs
[2024-07-07T22:32:06.093+0000] {logging_mixin.py:188} INFO - [2024-07-07T22:32:06.093+0000] {dag.py:3954} INFO - Setting next_dagrun for example_sensor_decorator to None, run_after=None
[2024-07-07T22:32:06.099+0000] {processor.py:183} INFO - Processing /home/airflow/.local/lib/python3.12/site-packages/airflow/example_dags/example_sensor_decorator.py took 0.024 seconds
[2024-07-07T22:32:36.695+0000] {processor.py:161} INFO - Started process (PID=1996) to work on /home/airflow/.local/lib/python3.12/site-packages/airflow/example_dags/example_sensor_decorator.py
[2024-07-07T22:32:36.696+0000] {processor.py:830} INFO - Processing file /home/airflow/.local/lib/python3.12/site-packages/airflow/example_dags/example_sensor_decorator.py for tasks to queue
[2024-07-07T22:32:36.697+0000] {logging_mixin.py:188} INFO - [2024-07-07T22:32:36.697+0000] {dagbag.py:545} INFO - Filling up the DagBag from /home/airflow/.local/lib/python3.12/site-packages/airflow/example_dags/example_sensor_decorator.py
[2024-07-07T22:32:36.701+0000] {processor.py:840} INFO - DAG(s) 'example_sensor_decorator' retrieved from /home/airflow/.local/lib/python3.12/site-packages/airflow/example_dags/example_sensor_decorator.py
[2024-07-07T22:32:36.714+0000] {logging_mixin.py:188} INFO - [2024-07-07T22:32:36.714+0000] {dag.py:3096} INFO - Sync 1 DAGs
[2024-07-07T22:32:36.719+0000] {logging_mixin.py:188} INFO - [2024-07-07T22:32:36.719+0000] {dag.py:3954} INFO - Setting next_dagrun for example_sensor_decorator to None, run_after=None
[2024-07-07T22:32:36.728+0000] {processor.py:183} INFO - Processing /home/airflow/.local/lib/python3.12/site-packages/airflow/example_dags/example_sensor_decorator.py took 0.035 seconds
[2024-07-07T22:33:07.161+0000] {processor.py:161} INFO - Started process (PID=2048) to work on /home/airflow/.local/lib/python3.12/site-packages/airflow/example_dags/example_sensor_decorator.py
[2024-07-07T22:33:07.161+0000] {processor.py:830} INFO - Processing file /home/airflow/.local/lib/python3.12/site-packages/airflow/example_dags/example_sensor_decorator.py for tasks to queue
[2024-07-07T22:33:07.162+0000] {logging_mixin.py:188} INFO - [2024-07-07T22:33:07.162+0000] {dagbag.py:545} INFO - Filling up the DagBag from /home/airflow/.local/lib/python3.12/site-packages/airflow/example_dags/example_sensor_decorator.py
[2024-07-07T22:33:07.165+0000] {processor.py:840} INFO - DAG(s) 'example_sensor_decorator' retrieved from /home/airflow/.local/lib/python3.12/site-packages/airflow/example_dags/example_sensor_decorator.py
[2024-07-07T22:33:07.175+0000] {logging_mixin.py:188} INFO - [2024-07-07T22:33:07.174+0000] {dag.py:3096} INFO - Sync 1 DAGs
[2024-07-07T22:33:07.180+0000] {logging_mixin.py:188} INFO - [2024-07-07T22:33:07.180+0000] {dag.py:3954} INFO - Setting next_dagrun for example_sensor_decorator to None, run_after=None
[2024-07-07T22:33:07.187+0000] {processor.py:183} INFO - Processing /home/airflow/.local/lib/python3.12/site-packages/airflow/example_dags/example_sensor_decorator.py took 0.029 seconds
[2024-07-07T22:33:37.642+0000] {processor.py:161} INFO - Started process (PID=2100) to work on /home/airflow/.local/lib/python3.12/site-packages/airflow/example_dags/example_sensor_decorator.py
[2024-07-07T22:33:37.643+0000] {processor.py:830} INFO - Processing file /home/airflow/.local/lib/python3.12/site-packages/airflow/example_dags/example_sensor_decorator.py for tasks to queue
[2024-07-07T22:33:37.643+0000] {logging_mixin.py:188} INFO - [2024-07-07T22:33:37.643+0000] {dagbag.py:545} INFO - Filling up the DagBag from /home/airflow/.local/lib/python3.12/site-packages/airflow/example_dags/example_sensor_decorator.py
[2024-07-07T22:33:37.646+0000] {processor.py:840} INFO - DAG(s) 'example_sensor_decorator' retrieved from /home/airflow/.local/lib/python3.12/site-packages/airflow/example_dags/example_sensor_decorator.py
[2024-07-07T22:33:37.655+0000] {logging_mixin.py:188} INFO - [2024-07-07T22:33:37.655+0000] {dag.py:3096} INFO - Sync 1 DAGs
[2024-07-07T22:33:37.661+0000] {logging_mixin.py:188} INFO - [2024-07-07T22:33:37.661+0000] {dag.py:3954} INFO - Setting next_dagrun for example_sensor_decorator to None, run_after=None
[2024-07-07T22:33:37.668+0000] {processor.py:183} INFO - Processing /home/airflow/.local/lib/python3.12/site-packages/airflow/example_dags/example_sensor_decorator.py took 0.028 seconds
