[2024-07-07T22:13:07.711+0000] {processor.py:161} INFO - Started process (PID=41) to work on /home/airflow/.local/lib/python3.12/site-packages/airflow/example_dags/example_branch_labels.py
[2024-07-07T22:13:07.712+0000] {processor.py:830} INFO - Processing file /home/airflow/.local/lib/python3.12/site-packages/airflow/example_dags/example_branch_labels.py for tasks to queue
[2024-07-07T22:13:07.714+0000] {logging_mixin.py:188} INFO - [2024-07-07T22:13:07.714+0000] {dagbag.py:545} INFO - Filling up the DagBag from /home/airflow/.local/lib/python3.12/site-packages/airflow/example_dags/example_branch_labels.py
[2024-07-07T22:13:07.720+0000] {processor.py:840} INFO - DAG(s) 'example_branch_labels' retrieved from /home/airflow/.local/lib/python3.12/site-packages/airflow/example_dags/example_branch_labels.py
[2024-07-07T22:13:07.780+0000] {logging_mixin.py:188} INFO - [2024-07-07T22:13:07.779+0000] {override.py:1829} INFO - Created Permission View: can edit on DAG:example_branch_labels
[2024-07-07T22:13:07.789+0000] {logging_mixin.py:188} INFO - [2024-07-07T22:13:07.788+0000] {override.py:1829} INFO - Created Permission View: can read on DAG:example_branch_labels
[2024-07-07T22:13:07.794+0000] {logging_mixin.py:188} INFO - [2024-07-07T22:13:07.793+0000] {override.py:1829} INFO - Created Permission View: can delete on DAG:example_branch_labels
[2024-07-07T22:13:07.794+0000] {logging_mixin.py:188} INFO - [2024-07-07T22:13:07.794+0000] {dag.py:3096} INFO - Sync 1 DAGs
[2024-07-07T22:13:07.801+0000] {logging_mixin.py:188} INFO - [2024-07-07T22:13:07.801+0000] {dag.py:3118} INFO - Creating ORM DAG for example_branch_labels
[2024-07-07T22:13:07.808+0000] {logging_mixin.py:188} INFO - [2024-07-07T22:13:07.808+0000] {dag.py:3954} INFO - Setting next_dagrun for example_branch_labels to 2024-07-06 00:00:00+00:00, run_after=2024-07-07 00:00:00+00:00
[2024-07-07T22:13:07.818+0000] {processor.py:183} INFO - Processing /home/airflow/.local/lib/python3.12/site-packages/airflow/example_dags/example_branch_labels.py took 0.110 seconds
[2024-07-07T22:13:52.806+0000] {processor.py:161} INFO - Started process (PID=41) to work on /home/airflow/.local/lib/python3.12/site-packages/airflow/example_dags/example_branch_labels.py
[2024-07-07T22:13:52.808+0000] {processor.py:830} INFO - Processing file /home/airflow/.local/lib/python3.12/site-packages/airflow/example_dags/example_branch_labels.py for tasks to queue
[2024-07-07T22:13:52.810+0000] {logging_mixin.py:188} INFO - [2024-07-07T22:13:52.809+0000] {dagbag.py:545} INFO - Filling up the DagBag from /home/airflow/.local/lib/python3.12/site-packages/airflow/example_dags/example_branch_labels.py
[2024-07-07T22:13:52.818+0000] {processor.py:840} INFO - DAG(s) 'example_branch_labels' retrieved from /home/airflow/.local/lib/python3.12/site-packages/airflow/example_dags/example_branch_labels.py
[2024-07-07T22:13:52.829+0000] {logging_mixin.py:188} INFO - [2024-07-07T22:13:52.829+0000] {dag.py:3096} INFO - Sync 1 DAGs
[2024-07-07T22:13:52.851+0000] {logging_mixin.py:188} INFO - [2024-07-07T22:13:52.851+0000] {dag.py:3954} INFO - Setting next_dagrun for example_branch_labels to 2024-07-06 00:00:00+00:00, run_after=2024-07-07 00:00:00+00:00
[2024-07-07T22:13:52.870+0000] {processor.py:183} INFO - Processing /home/airflow/.local/lib/python3.12/site-packages/airflow/example_dags/example_branch_labels.py took 0.069 seconds
[2024-07-07T22:14:23.043+0000] {processor.py:161} INFO - Started process (PID=93) to work on /home/airflow/.local/lib/python3.12/site-packages/airflow/example_dags/example_branch_labels.py
[2024-07-07T22:14:23.044+0000] {processor.py:830} INFO - Processing file /home/airflow/.local/lib/python3.12/site-packages/airflow/example_dags/example_branch_labels.py for tasks to queue
[2024-07-07T22:14:23.044+0000] {logging_mixin.py:188} INFO - [2024-07-07T22:14:23.044+0000] {dagbag.py:545} INFO - Filling up the DagBag from /home/airflow/.local/lib/python3.12/site-packages/airflow/example_dags/example_branch_labels.py
[2024-07-07T22:14:23.047+0000] {processor.py:840} INFO - DAG(s) 'example_branch_labels' retrieved from /home/airflow/.local/lib/python3.12/site-packages/airflow/example_dags/example_branch_labels.py
[2024-07-07T22:14:23.084+0000] {logging_mixin.py:188} INFO - [2024-07-07T22:14:23.084+0000] {dag.py:3096} INFO - Sync 1 DAGs
[2024-07-07T22:14:23.090+0000] {logging_mixin.py:188} INFO - [2024-07-07T22:14:23.090+0000] {dag.py:3954} INFO - Setting next_dagrun for example_branch_labels to 2024-07-06 00:00:00+00:00, run_after=2024-07-07 00:00:00+00:00
[2024-07-07T22:14:23.096+0000] {processor.py:183} INFO - Processing /home/airflow/.local/lib/python3.12/site-packages/airflow/example_dags/example_branch_labels.py took 0.055 seconds
[2024-07-07T22:14:53.144+0000] {processor.py:161} INFO - Started process (PID=145) to work on /home/airflow/.local/lib/python3.12/site-packages/airflow/example_dags/example_branch_labels.py
[2024-07-07T22:14:53.144+0000] {processor.py:830} INFO - Processing file /home/airflow/.local/lib/python3.12/site-packages/airflow/example_dags/example_branch_labels.py for tasks to queue
[2024-07-07T22:14:53.145+0000] {logging_mixin.py:188} INFO - [2024-07-07T22:14:53.145+0000] {dagbag.py:545} INFO - Filling up the DagBag from /home/airflow/.local/lib/python3.12/site-packages/airflow/example_dags/example_branch_labels.py
[2024-07-07T22:14:53.149+0000] {processor.py:840} INFO - DAG(s) 'example_branch_labels' retrieved from /home/airflow/.local/lib/python3.12/site-packages/airflow/example_dags/example_branch_labels.py
[2024-07-07T22:14:53.160+0000] {logging_mixin.py:188} INFO - [2024-07-07T22:14:53.160+0000] {dag.py:3096} INFO - Sync 1 DAGs
[2024-07-07T22:14:53.170+0000] {logging_mixin.py:188} INFO - [2024-07-07T22:14:53.170+0000] {dag.py:3954} INFO - Setting next_dagrun for example_branch_labels to 2024-07-06 00:00:00+00:00, run_after=2024-07-07 00:00:00+00:00
[2024-07-07T22:14:53.178+0000] {processor.py:183} INFO - Processing /home/airflow/.local/lib/python3.12/site-packages/airflow/example_dags/example_branch_labels.py took 0.038 seconds
[2024-07-07T22:15:23.460+0000] {processor.py:161} INFO - Started process (PID=197) to work on /home/airflow/.local/lib/python3.12/site-packages/airflow/example_dags/example_branch_labels.py
[2024-07-07T22:15:23.460+0000] {processor.py:830} INFO - Processing file /home/airflow/.local/lib/python3.12/site-packages/airflow/example_dags/example_branch_labels.py for tasks to queue
[2024-07-07T22:15:23.461+0000] {logging_mixin.py:188} INFO - [2024-07-07T22:15:23.461+0000] {dagbag.py:545} INFO - Filling up the DagBag from /home/airflow/.local/lib/python3.12/site-packages/airflow/example_dags/example_branch_labels.py
[2024-07-07T22:15:23.463+0000] {processor.py:840} INFO - DAG(s) 'example_branch_labels' retrieved from /home/airflow/.local/lib/python3.12/site-packages/airflow/example_dags/example_branch_labels.py
[2024-07-07T22:15:23.470+0000] {logging_mixin.py:188} INFO - [2024-07-07T22:15:23.470+0000] {dag.py:3096} INFO - Sync 1 DAGs
[2024-07-07T22:15:23.477+0000] {logging_mixin.py:188} INFO - [2024-07-07T22:15:23.477+0000] {dag.py:3954} INFO - Setting next_dagrun for example_branch_labels to 2024-07-06 00:00:00+00:00, run_after=2024-07-07 00:00:00+00:00
[2024-07-07T22:15:23.483+0000] {processor.py:183} INFO - Processing /home/airflow/.local/lib/python3.12/site-packages/airflow/example_dags/example_branch_labels.py took 0.024 seconds
[2024-07-07T22:15:53.710+0000] {processor.py:161} INFO - Started process (PID=261) to work on /home/airflow/.local/lib/python3.12/site-packages/airflow/example_dags/example_branch_labels.py
[2024-07-07T22:15:53.710+0000] {processor.py:830} INFO - Processing file /home/airflow/.local/lib/python3.12/site-packages/airflow/example_dags/example_branch_labels.py for tasks to queue
[2024-07-07T22:15:53.711+0000] {logging_mixin.py:188} INFO - [2024-07-07T22:15:53.710+0000] {dagbag.py:545} INFO - Filling up the DagBag from /home/airflow/.local/lib/python3.12/site-packages/airflow/example_dags/example_branch_labels.py
[2024-07-07T22:15:53.713+0000] {processor.py:840} INFO - DAG(s) 'example_branch_labels' retrieved from /home/airflow/.local/lib/python3.12/site-packages/airflow/example_dags/example_branch_labels.py
[2024-07-07T22:15:53.720+0000] {logging_mixin.py:188} INFO - [2024-07-07T22:15:53.720+0000] {dag.py:3096} INFO - Sync 1 DAGs
[2024-07-07T22:15:53.727+0000] {logging_mixin.py:188} INFO - [2024-07-07T22:15:53.727+0000] {dag.py:3954} INFO - Setting next_dagrun for example_branch_labels to 2024-07-06 00:00:00+00:00, run_after=2024-07-07 00:00:00+00:00
[2024-07-07T22:15:53.732+0000] {processor.py:183} INFO - Processing /home/airflow/.local/lib/python3.12/site-packages/airflow/example_dags/example_branch_labels.py took 0.024 seconds
[2024-07-07T22:16:23.930+0000] {processor.py:161} INFO - Started process (PID=320) to work on /home/airflow/.local/lib/python3.12/site-packages/airflow/example_dags/example_branch_labels.py
[2024-07-07T22:16:23.930+0000] {processor.py:830} INFO - Processing file /home/airflow/.local/lib/python3.12/site-packages/airflow/example_dags/example_branch_labels.py for tasks to queue
[2024-07-07T22:16:23.931+0000] {logging_mixin.py:188} INFO - [2024-07-07T22:16:23.931+0000] {dagbag.py:545} INFO - Filling up the DagBag from /home/airflow/.local/lib/python3.12/site-packages/airflow/example_dags/example_branch_labels.py
[2024-07-07T22:16:23.933+0000] {processor.py:840} INFO - DAG(s) 'example_branch_labels' retrieved from /home/airflow/.local/lib/python3.12/site-packages/airflow/example_dags/example_branch_labels.py
[2024-07-07T22:16:23.941+0000] {logging_mixin.py:188} INFO - [2024-07-07T22:16:23.941+0000] {dag.py:3096} INFO - Sync 1 DAGs
[2024-07-07T22:16:23.950+0000] {logging_mixin.py:188} INFO - [2024-07-07T22:16:23.950+0000] {dag.py:3954} INFO - Setting next_dagrun for example_branch_labels to 2024-07-06 00:00:00+00:00, run_after=2024-07-07 00:00:00+00:00
[2024-07-07T22:16:23.956+0000] {processor.py:183} INFO - Processing /home/airflow/.local/lib/python3.12/site-packages/airflow/example_dags/example_branch_labels.py took 0.028 seconds
[2024-07-07T22:16:54.146+0000] {processor.py:161} INFO - Started process (PID=387) to work on /home/airflow/.local/lib/python3.12/site-packages/airflow/example_dags/example_branch_labels.py
[2024-07-07T22:16:54.147+0000] {processor.py:830} INFO - Processing file /home/airflow/.local/lib/python3.12/site-packages/airflow/example_dags/example_branch_labels.py for tasks to queue
[2024-07-07T22:16:54.147+0000] {logging_mixin.py:188} INFO - [2024-07-07T22:16:54.147+0000] {dagbag.py:545} INFO - Filling up the DagBag from /home/airflow/.local/lib/python3.12/site-packages/airflow/example_dags/example_branch_labels.py
[2024-07-07T22:16:54.150+0000] {processor.py:840} INFO - DAG(s) 'example_branch_labels' retrieved from /home/airflow/.local/lib/python3.12/site-packages/airflow/example_dags/example_branch_labels.py
[2024-07-07T22:16:54.158+0000] {logging_mixin.py:188} INFO - [2024-07-07T22:16:54.158+0000] {dag.py:3096} INFO - Sync 1 DAGs
[2024-07-07T22:16:54.166+0000] {logging_mixin.py:188} INFO - [2024-07-07T22:16:54.166+0000] {dag.py:3954} INFO - Setting next_dagrun for example_branch_labels to 2024-07-06 00:00:00+00:00, run_after=2024-07-07 00:00:00+00:00
[2024-07-07T22:16:54.171+0000] {processor.py:183} INFO - Processing /home/airflow/.local/lib/python3.12/site-packages/airflow/example_dags/example_branch_labels.py took 0.027 seconds
[2024-07-07T22:17:24.377+0000] {processor.py:161} INFO - Started process (PID=440) to work on /home/airflow/.local/lib/python3.12/site-packages/airflow/example_dags/example_branch_labels.py
[2024-07-07T22:17:24.378+0000] {processor.py:830} INFO - Processing file /home/airflow/.local/lib/python3.12/site-packages/airflow/example_dags/example_branch_labels.py for tasks to queue
[2024-07-07T22:17:24.378+0000] {logging_mixin.py:188} INFO - [2024-07-07T22:17:24.378+0000] {dagbag.py:545} INFO - Filling up the DagBag from /home/airflow/.local/lib/python3.12/site-packages/airflow/example_dags/example_branch_labels.py
[2024-07-07T22:17:24.381+0000] {processor.py:840} INFO - DAG(s) 'example_branch_labels' retrieved from /home/airflow/.local/lib/python3.12/site-packages/airflow/example_dags/example_branch_labels.py
[2024-07-07T22:17:24.389+0000] {logging_mixin.py:188} INFO - [2024-07-07T22:17:24.389+0000] {dag.py:3096} INFO - Sync 1 DAGs
[2024-07-07T22:17:24.397+0000] {logging_mixin.py:188} INFO - [2024-07-07T22:17:24.397+0000] {dag.py:3954} INFO - Setting next_dagrun for example_branch_labels to 2024-07-06 00:00:00+00:00, run_after=2024-07-07 00:00:00+00:00
[2024-07-07T22:17:24.403+0000] {processor.py:183} INFO - Processing /home/airflow/.local/lib/python3.12/site-packages/airflow/example_dags/example_branch_labels.py took 0.028 seconds
[2024-07-07T22:17:54.710+0000] {processor.py:161} INFO - Started process (PID=494) to work on /home/airflow/.local/lib/python3.12/site-packages/airflow/example_dags/example_branch_labels.py
[2024-07-07T22:17:54.711+0000] {processor.py:830} INFO - Processing file /home/airflow/.local/lib/python3.12/site-packages/airflow/example_dags/example_branch_labels.py for tasks to queue
[2024-07-07T22:17:54.711+0000] {logging_mixin.py:188} INFO - [2024-07-07T22:17:54.711+0000] {dagbag.py:545} INFO - Filling up the DagBag from /home/airflow/.local/lib/python3.12/site-packages/airflow/example_dags/example_branch_labels.py
[2024-07-07T22:17:54.714+0000] {processor.py:840} INFO - DAG(s) 'example_branch_labels' retrieved from /home/airflow/.local/lib/python3.12/site-packages/airflow/example_dags/example_branch_labels.py
[2024-07-07T22:17:54.723+0000] {logging_mixin.py:188} INFO - [2024-07-07T22:17:54.723+0000] {dag.py:3096} INFO - Sync 1 DAGs
[2024-07-07T22:17:54.732+0000] {logging_mixin.py:188} INFO - [2024-07-07T22:17:54.732+0000] {dag.py:3954} INFO - Setting next_dagrun for example_branch_labels to 2024-07-06 00:00:00+00:00, run_after=2024-07-07 00:00:00+00:00
[2024-07-07T22:17:54.739+0000] {processor.py:183} INFO - Processing /home/airflow/.local/lib/python3.12/site-packages/airflow/example_dags/example_branch_labels.py took 0.031 seconds
[2024-07-07T22:18:25.254+0000] {processor.py:161} INFO - Started process (PID=546) to work on /home/airflow/.local/lib/python3.12/site-packages/airflow/example_dags/example_branch_labels.py
[2024-07-07T22:18:25.255+0000] {processor.py:830} INFO - Processing file /home/airflow/.local/lib/python3.12/site-packages/airflow/example_dags/example_branch_labels.py for tasks to queue
[2024-07-07T22:18:25.255+0000] {logging_mixin.py:188} INFO - [2024-07-07T22:18:25.255+0000] {dagbag.py:545} INFO - Filling up the DagBag from /home/airflow/.local/lib/python3.12/site-packages/airflow/example_dags/example_branch_labels.py
[2024-07-07T22:18:25.258+0000] {processor.py:840} INFO - DAG(s) 'example_branch_labels' retrieved from /home/airflow/.local/lib/python3.12/site-packages/airflow/example_dags/example_branch_labels.py
[2024-07-07T22:18:25.266+0000] {logging_mixin.py:188} INFO - [2024-07-07T22:18:25.266+0000] {dag.py:3096} INFO - Sync 1 DAGs
[2024-07-07T22:18:25.274+0000] {logging_mixin.py:188} INFO - [2024-07-07T22:18:25.274+0000] {dag.py:3954} INFO - Setting next_dagrun for example_branch_labels to 2024-07-06 00:00:00+00:00, run_after=2024-07-07 00:00:00+00:00
[2024-07-07T22:18:25.280+0000] {processor.py:183} INFO - Processing /home/airflow/.local/lib/python3.12/site-packages/airflow/example_dags/example_branch_labels.py took 0.028 seconds
[2024-07-07T22:18:55.564+0000] {processor.py:161} INFO - Started process (PID=598) to work on /home/airflow/.local/lib/python3.12/site-packages/airflow/example_dags/example_branch_labels.py
[2024-07-07T22:18:55.564+0000] {processor.py:830} INFO - Processing file /home/airflow/.local/lib/python3.12/site-packages/airflow/example_dags/example_branch_labels.py for tasks to queue
[2024-07-07T22:18:55.565+0000] {logging_mixin.py:188} INFO - [2024-07-07T22:18:55.565+0000] {dagbag.py:545} INFO - Filling up the DagBag from /home/airflow/.local/lib/python3.12/site-packages/airflow/example_dags/example_branch_labels.py
[2024-07-07T22:18:55.568+0000] {processor.py:840} INFO - DAG(s) 'example_branch_labels' retrieved from /home/airflow/.local/lib/python3.12/site-packages/airflow/example_dags/example_branch_labels.py
[2024-07-07T22:18:55.576+0000] {logging_mixin.py:188} INFO - [2024-07-07T22:18:55.576+0000] {dag.py:3096} INFO - Sync 1 DAGs
[2024-07-07T22:18:55.584+0000] {logging_mixin.py:188} INFO - [2024-07-07T22:18:55.584+0000] {dag.py:3954} INFO - Setting next_dagrun for example_branch_labels to 2024-07-06 00:00:00+00:00, run_after=2024-07-07 00:00:00+00:00
[2024-07-07T22:18:55.589+0000] {processor.py:183} INFO - Processing /home/airflow/.local/lib/python3.12/site-packages/airflow/example_dags/example_branch_labels.py took 0.028 seconds
[2024-07-07T22:19:25.851+0000] {processor.py:161} INFO - Started process (PID=650) to work on /home/airflow/.local/lib/python3.12/site-packages/airflow/example_dags/example_branch_labels.py
[2024-07-07T22:19:25.851+0000] {processor.py:830} INFO - Processing file /home/airflow/.local/lib/python3.12/site-packages/airflow/example_dags/example_branch_labels.py for tasks to queue
[2024-07-07T22:19:25.852+0000] {logging_mixin.py:188} INFO - [2024-07-07T22:19:25.852+0000] {dagbag.py:545} INFO - Filling up the DagBag from /home/airflow/.local/lib/python3.12/site-packages/airflow/example_dags/example_branch_labels.py
[2024-07-07T22:19:25.855+0000] {processor.py:840} INFO - DAG(s) 'example_branch_labels' retrieved from /home/airflow/.local/lib/python3.12/site-packages/airflow/example_dags/example_branch_labels.py
[2024-07-07T22:19:25.862+0000] {logging_mixin.py:188} INFO - [2024-07-07T22:19:25.862+0000] {dag.py:3096} INFO - Sync 1 DAGs
[2024-07-07T22:19:25.870+0000] {logging_mixin.py:188} INFO - [2024-07-07T22:19:25.870+0000] {dag.py:3954} INFO - Setting next_dagrun for example_branch_labels to 2024-07-06 00:00:00+00:00, run_after=2024-07-07 00:00:00+00:00
[2024-07-07T22:19:25.875+0000] {processor.py:183} INFO - Processing /home/airflow/.local/lib/python3.12/site-packages/airflow/example_dags/example_branch_labels.py took 0.027 seconds
[2024-07-07T22:19:56.134+0000] {processor.py:161} INFO - Started process (PID=702) to work on /home/airflow/.local/lib/python3.12/site-packages/airflow/example_dags/example_branch_labels.py
[2024-07-07T22:19:56.135+0000] {processor.py:830} INFO - Processing file /home/airflow/.local/lib/python3.12/site-packages/airflow/example_dags/example_branch_labels.py for tasks to queue
[2024-07-07T22:19:56.136+0000] {logging_mixin.py:188} INFO - [2024-07-07T22:19:56.135+0000] {dagbag.py:545} INFO - Filling up the DagBag from /home/airflow/.local/lib/python3.12/site-packages/airflow/example_dags/example_branch_labels.py
[2024-07-07T22:19:56.138+0000] {processor.py:840} INFO - DAG(s) 'example_branch_labels' retrieved from /home/airflow/.local/lib/python3.12/site-packages/airflow/example_dags/example_branch_labels.py
[2024-07-07T22:19:56.146+0000] {logging_mixin.py:188} INFO - [2024-07-07T22:19:56.146+0000] {dag.py:3096} INFO - Sync 1 DAGs
[2024-07-07T22:19:56.154+0000] {logging_mixin.py:188} INFO - [2024-07-07T22:19:56.154+0000] {dag.py:3954} INFO - Setting next_dagrun for example_branch_labels to 2024-07-06 00:00:00+00:00, run_after=2024-07-07 00:00:00+00:00
[2024-07-07T22:19:56.160+0000] {processor.py:183} INFO - Processing /home/airflow/.local/lib/python3.12/site-packages/airflow/example_dags/example_branch_labels.py took 0.028 seconds
[2024-07-07T22:20:26.448+0000] {processor.py:161} INFO - Started process (PID=754) to work on /home/airflow/.local/lib/python3.12/site-packages/airflow/example_dags/example_branch_labels.py
[2024-07-07T22:20:26.448+0000] {processor.py:830} INFO - Processing file /home/airflow/.local/lib/python3.12/site-packages/airflow/example_dags/example_branch_labels.py for tasks to queue
[2024-07-07T22:20:26.449+0000] {logging_mixin.py:188} INFO - [2024-07-07T22:20:26.449+0000] {dagbag.py:545} INFO - Filling up the DagBag from /home/airflow/.local/lib/python3.12/site-packages/airflow/example_dags/example_branch_labels.py
[2024-07-07T22:20:26.452+0000] {processor.py:840} INFO - DAG(s) 'example_branch_labels' retrieved from /home/airflow/.local/lib/python3.12/site-packages/airflow/example_dags/example_branch_labels.py
[2024-07-07T22:20:26.460+0000] {logging_mixin.py:188} INFO - [2024-07-07T22:20:26.460+0000] {dag.py:3096} INFO - Sync 1 DAGs
[2024-07-07T22:20:26.468+0000] {logging_mixin.py:188} INFO - [2024-07-07T22:20:26.468+0000] {dag.py:3954} INFO - Setting next_dagrun for example_branch_labels to 2024-07-06 00:00:00+00:00, run_after=2024-07-07 00:00:00+00:00
[2024-07-07T22:20:26.473+0000] {processor.py:183} INFO - Processing /home/airflow/.local/lib/python3.12/site-packages/airflow/example_dags/example_branch_labels.py took 0.027 seconds
[2024-07-07T22:20:56.724+0000] {processor.py:161} INFO - Started process (PID=806) to work on /home/airflow/.local/lib/python3.12/site-packages/airflow/example_dags/example_branch_labels.py
[2024-07-07T22:20:56.724+0000] {processor.py:830} INFO - Processing file /home/airflow/.local/lib/python3.12/site-packages/airflow/example_dags/example_branch_labels.py for tasks to queue
[2024-07-07T22:20:56.725+0000] {logging_mixin.py:188} INFO - [2024-07-07T22:20:56.725+0000] {dagbag.py:545} INFO - Filling up the DagBag from /home/airflow/.local/lib/python3.12/site-packages/airflow/example_dags/example_branch_labels.py
[2024-07-07T22:20:56.728+0000] {processor.py:840} INFO - DAG(s) 'example_branch_labels' retrieved from /home/airflow/.local/lib/python3.12/site-packages/airflow/example_dags/example_branch_labels.py
[2024-07-07T22:20:56.737+0000] {logging_mixin.py:188} INFO - [2024-07-07T22:20:56.737+0000] {dag.py:3096} INFO - Sync 1 DAGs
[2024-07-07T22:20:56.745+0000] {logging_mixin.py:188} INFO - [2024-07-07T22:20:56.745+0000] {dag.py:3954} INFO - Setting next_dagrun for example_branch_labels to 2024-07-06 00:00:00+00:00, run_after=2024-07-07 00:00:00+00:00
[2024-07-07T22:20:56.751+0000] {processor.py:183} INFO - Processing /home/airflow/.local/lib/python3.12/site-packages/airflow/example_dags/example_branch_labels.py took 0.029 seconds
[2024-07-07T22:21:27.017+0000] {processor.py:161} INFO - Started process (PID=858) to work on /home/airflow/.local/lib/python3.12/site-packages/airflow/example_dags/example_branch_labels.py
[2024-07-07T22:21:27.017+0000] {processor.py:830} INFO - Processing file /home/airflow/.local/lib/python3.12/site-packages/airflow/example_dags/example_branch_labels.py for tasks to queue
[2024-07-07T22:21:27.018+0000] {logging_mixin.py:188} INFO - [2024-07-07T22:21:27.018+0000] {dagbag.py:545} INFO - Filling up the DagBag from /home/airflow/.local/lib/python3.12/site-packages/airflow/example_dags/example_branch_labels.py
[2024-07-07T22:21:27.021+0000] {processor.py:840} INFO - DAG(s) 'example_branch_labels' retrieved from /home/airflow/.local/lib/python3.12/site-packages/airflow/example_dags/example_branch_labels.py
[2024-07-07T22:21:27.030+0000] {logging_mixin.py:188} INFO - [2024-07-07T22:21:27.030+0000] {dag.py:3096} INFO - Sync 1 DAGs
[2024-07-07T22:21:27.039+0000] {logging_mixin.py:188} INFO - [2024-07-07T22:21:27.039+0000] {dag.py:3954} INFO - Setting next_dagrun for example_branch_labels to 2024-07-06 00:00:00+00:00, run_after=2024-07-07 00:00:00+00:00
[2024-07-07T22:21:27.045+0000] {processor.py:183} INFO - Processing /home/airflow/.local/lib/python3.12/site-packages/airflow/example_dags/example_branch_labels.py took 0.031 seconds
[2024-07-07T22:21:57.384+0000] {processor.py:161} INFO - Started process (PID=910) to work on /home/airflow/.local/lib/python3.12/site-packages/airflow/example_dags/example_branch_labels.py
[2024-07-07T22:21:57.384+0000] {processor.py:830} INFO - Processing file /home/airflow/.local/lib/python3.12/site-packages/airflow/example_dags/example_branch_labels.py for tasks to queue
[2024-07-07T22:21:57.385+0000] {logging_mixin.py:188} INFO - [2024-07-07T22:21:57.385+0000] {dagbag.py:545} INFO - Filling up the DagBag from /home/airflow/.local/lib/python3.12/site-packages/airflow/example_dags/example_branch_labels.py
[2024-07-07T22:21:57.388+0000] {processor.py:840} INFO - DAG(s) 'example_branch_labels' retrieved from /home/airflow/.local/lib/python3.12/site-packages/airflow/example_dags/example_branch_labels.py
[2024-07-07T22:21:57.397+0000] {logging_mixin.py:188} INFO - [2024-07-07T22:21:57.397+0000] {dag.py:3096} INFO - Sync 1 DAGs
[2024-07-07T22:21:57.405+0000] {logging_mixin.py:188} INFO - [2024-07-07T22:21:57.405+0000] {dag.py:3954} INFO - Setting next_dagrun for example_branch_labels to 2024-07-06 00:00:00+00:00, run_after=2024-07-07 00:00:00+00:00
[2024-07-07T22:21:57.412+0000] {processor.py:183} INFO - Processing /home/airflow/.local/lib/python3.12/site-packages/airflow/example_dags/example_branch_labels.py took 0.030 seconds
[2024-07-07T22:22:27.714+0000] {processor.py:161} INFO - Started process (PID=962) to work on /home/airflow/.local/lib/python3.12/site-packages/airflow/example_dags/example_branch_labels.py
[2024-07-07T22:22:27.715+0000] {processor.py:830} INFO - Processing file /home/airflow/.local/lib/python3.12/site-packages/airflow/example_dags/example_branch_labels.py for tasks to queue
[2024-07-07T22:22:27.715+0000] {logging_mixin.py:188} INFO - [2024-07-07T22:22:27.715+0000] {dagbag.py:545} INFO - Filling up the DagBag from /home/airflow/.local/lib/python3.12/site-packages/airflow/example_dags/example_branch_labels.py
[2024-07-07T22:22:27.719+0000] {processor.py:840} INFO - DAG(s) 'example_branch_labels' retrieved from /home/airflow/.local/lib/python3.12/site-packages/airflow/example_dags/example_branch_labels.py
[2024-07-07T22:22:27.729+0000] {logging_mixin.py:188} INFO - [2024-07-07T22:22:27.729+0000] {dag.py:3096} INFO - Sync 1 DAGs
[2024-07-07T22:22:27.741+0000] {logging_mixin.py:188} INFO - [2024-07-07T22:22:27.740+0000] {dag.py:3954} INFO - Setting next_dagrun for example_branch_labels to 2024-07-06 00:00:00+00:00, run_after=2024-07-07 00:00:00+00:00
[2024-07-07T22:22:27.751+0000] {processor.py:183} INFO - Processing /home/airflow/.local/lib/python3.12/site-packages/airflow/example_dags/example_branch_labels.py took 0.040 seconds
[2024-07-07T22:22:58.052+0000] {processor.py:161} INFO - Started process (PID=1014) to work on /home/airflow/.local/lib/python3.12/site-packages/airflow/example_dags/example_branch_labels.py
[2024-07-07T22:22:58.052+0000] {processor.py:830} INFO - Processing file /home/airflow/.local/lib/python3.12/site-packages/airflow/example_dags/example_branch_labels.py for tasks to queue
[2024-07-07T22:22:58.053+0000] {logging_mixin.py:188} INFO - [2024-07-07T22:22:58.053+0000] {dagbag.py:545} INFO - Filling up the DagBag from /home/airflow/.local/lib/python3.12/site-packages/airflow/example_dags/example_branch_labels.py
[2024-07-07T22:22:58.056+0000] {processor.py:840} INFO - DAG(s) 'example_branch_labels' retrieved from /home/airflow/.local/lib/python3.12/site-packages/airflow/example_dags/example_branch_labels.py
[2024-07-07T22:22:58.066+0000] {logging_mixin.py:188} INFO - [2024-07-07T22:22:58.066+0000] {dag.py:3096} INFO - Sync 1 DAGs
[2024-07-07T22:22:58.075+0000] {logging_mixin.py:188} INFO - [2024-07-07T22:22:58.075+0000] {dag.py:3954} INFO - Setting next_dagrun for example_branch_labels to 2024-07-06 00:00:00+00:00, run_after=2024-07-07 00:00:00+00:00
[2024-07-07T22:22:58.081+0000] {processor.py:183} INFO - Processing /home/airflow/.local/lib/python3.12/site-packages/airflow/example_dags/example_branch_labels.py took 0.031 seconds
[2024-07-07T22:23:28.393+0000] {processor.py:161} INFO - Started process (PID=1066) to work on /home/airflow/.local/lib/python3.12/site-packages/airflow/example_dags/example_branch_labels.py
[2024-07-07T22:23:28.393+0000] {processor.py:830} INFO - Processing file /home/airflow/.local/lib/python3.12/site-packages/airflow/example_dags/example_branch_labels.py for tasks to queue
[2024-07-07T22:23:28.394+0000] {logging_mixin.py:188} INFO - [2024-07-07T22:23:28.394+0000] {dagbag.py:545} INFO - Filling up the DagBag from /home/airflow/.local/lib/python3.12/site-packages/airflow/example_dags/example_branch_labels.py
[2024-07-07T22:23:28.396+0000] {processor.py:840} INFO - DAG(s) 'example_branch_labels' retrieved from /home/airflow/.local/lib/python3.12/site-packages/airflow/example_dags/example_branch_labels.py
[2024-07-07T22:23:28.404+0000] {logging_mixin.py:188} INFO - [2024-07-07T22:23:28.404+0000] {dag.py:3096} INFO - Sync 1 DAGs
[2024-07-07T22:23:28.412+0000] {logging_mixin.py:188} INFO - [2024-07-07T22:23:28.412+0000] {dag.py:3954} INFO - Setting next_dagrun for example_branch_labels to 2024-07-06 00:00:00+00:00, run_after=2024-07-07 00:00:00+00:00
[2024-07-07T22:23:28.418+0000] {processor.py:183} INFO - Processing /home/airflow/.local/lib/python3.12/site-packages/airflow/example_dags/example_branch_labels.py took 0.027 seconds
[2024-07-07T22:23:58.727+0000] {processor.py:161} INFO - Started process (PID=1118) to work on /home/airflow/.local/lib/python3.12/site-packages/airflow/example_dags/example_branch_labels.py
[2024-07-07T22:23:58.730+0000] {processor.py:830} INFO - Processing file /home/airflow/.local/lib/python3.12/site-packages/airflow/example_dags/example_branch_labels.py for tasks to queue
[2024-07-07T22:23:58.731+0000] {logging_mixin.py:188} INFO - [2024-07-07T22:23:58.731+0000] {dagbag.py:545} INFO - Filling up the DagBag from /home/airflow/.local/lib/python3.12/site-packages/airflow/example_dags/example_branch_labels.py
[2024-07-07T22:23:58.735+0000] {processor.py:840} INFO - DAG(s) 'example_branch_labels' retrieved from /home/airflow/.local/lib/python3.12/site-packages/airflow/example_dags/example_branch_labels.py
[2024-07-07T22:23:58.747+0000] {logging_mixin.py:188} INFO - [2024-07-07T22:23:58.746+0000] {dag.py:3096} INFO - Sync 1 DAGs
[2024-07-07T22:23:58.756+0000] {logging_mixin.py:188} INFO - [2024-07-07T22:23:58.756+0000] {dag.py:3954} INFO - Setting next_dagrun for example_branch_labels to 2024-07-06 00:00:00+00:00, run_after=2024-07-07 00:00:00+00:00
[2024-07-07T22:23:58.763+0000] {processor.py:183} INFO - Processing /home/airflow/.local/lib/python3.12/site-packages/airflow/example_dags/example_branch_labels.py took 0.039 seconds
[2024-07-07T22:24:29.064+0000] {processor.py:161} INFO - Started process (PID=1170) to work on /home/airflow/.local/lib/python3.12/site-packages/airflow/example_dags/example_branch_labels.py
[2024-07-07T22:24:29.064+0000] {processor.py:830} INFO - Processing file /home/airflow/.local/lib/python3.12/site-packages/airflow/example_dags/example_branch_labels.py for tasks to queue
[2024-07-07T22:24:29.065+0000] {logging_mixin.py:188} INFO - [2024-07-07T22:24:29.065+0000] {dagbag.py:545} INFO - Filling up the DagBag from /home/airflow/.local/lib/python3.12/site-packages/airflow/example_dags/example_branch_labels.py
[2024-07-07T22:24:29.067+0000] {processor.py:840} INFO - DAG(s) 'example_branch_labels' retrieved from /home/airflow/.local/lib/python3.12/site-packages/airflow/example_dags/example_branch_labels.py
[2024-07-07T22:24:29.075+0000] {logging_mixin.py:188} INFO - [2024-07-07T22:24:29.074+0000] {dag.py:3096} INFO - Sync 1 DAGs
[2024-07-07T22:24:29.082+0000] {logging_mixin.py:188} INFO - [2024-07-07T22:24:29.081+0000] {dag.py:3954} INFO - Setting next_dagrun for example_branch_labels to 2024-07-06 00:00:00+00:00, run_after=2024-07-07 00:00:00+00:00
[2024-07-07T22:24:29.087+0000] {processor.py:183} INFO - Processing /home/airflow/.local/lib/python3.12/site-packages/airflow/example_dags/example_branch_labels.py took 0.025 seconds
[2024-07-07T22:24:59.505+0000] {processor.py:161} INFO - Started process (PID=1222) to work on /home/airflow/.local/lib/python3.12/site-packages/airflow/example_dags/example_branch_labels.py
[2024-07-07T22:24:59.506+0000] {processor.py:830} INFO - Processing file /home/airflow/.local/lib/python3.12/site-packages/airflow/example_dags/example_branch_labels.py for tasks to queue
[2024-07-07T22:24:59.507+0000] {logging_mixin.py:188} INFO - [2024-07-07T22:24:59.507+0000] {dagbag.py:545} INFO - Filling up the DagBag from /home/airflow/.local/lib/python3.12/site-packages/airflow/example_dags/example_branch_labels.py
[2024-07-07T22:24:59.511+0000] {processor.py:840} INFO - DAG(s) 'example_branch_labels' retrieved from /home/airflow/.local/lib/python3.12/site-packages/airflow/example_dags/example_branch_labels.py
[2024-07-07T22:24:59.520+0000] {logging_mixin.py:188} INFO - [2024-07-07T22:24:59.519+0000] {dag.py:3096} INFO - Sync 1 DAGs
[2024-07-07T22:24:59.529+0000] {logging_mixin.py:188} INFO - [2024-07-07T22:24:59.529+0000] {dag.py:3954} INFO - Setting next_dagrun for example_branch_labels to 2024-07-06 00:00:00+00:00, run_after=2024-07-07 00:00:00+00:00
[2024-07-07T22:24:59.537+0000] {processor.py:183} INFO - Processing /home/airflow/.local/lib/python3.12/site-packages/airflow/example_dags/example_branch_labels.py took 0.035 seconds
[2024-07-07T22:25:30.060+0000] {processor.py:161} INFO - Started process (PID=1274) to work on /home/airflow/.local/lib/python3.12/site-packages/airflow/example_dags/example_branch_labels.py
[2024-07-07T22:25:30.060+0000] {processor.py:830} INFO - Processing file /home/airflow/.local/lib/python3.12/site-packages/airflow/example_dags/example_branch_labels.py for tasks to queue
[2024-07-07T22:25:30.064+0000] {logging_mixin.py:188} INFO - [2024-07-07T22:25:30.064+0000] {dagbag.py:545} INFO - Filling up the DagBag from /home/airflow/.local/lib/python3.12/site-packages/airflow/example_dags/example_branch_labels.py
[2024-07-07T22:25:30.067+0000] {processor.py:840} INFO - DAG(s) 'example_branch_labels' retrieved from /home/airflow/.local/lib/python3.12/site-packages/airflow/example_dags/example_branch_labels.py
[2024-07-07T22:25:30.077+0000] {logging_mixin.py:188} INFO - [2024-07-07T22:25:30.077+0000] {dag.py:3096} INFO - Sync 1 DAGs
[2024-07-07T22:25:30.086+0000] {logging_mixin.py:188} INFO - [2024-07-07T22:25:30.086+0000] {dag.py:3954} INFO - Setting next_dagrun for example_branch_labels to 2024-07-06 00:00:00+00:00, run_after=2024-07-07 00:00:00+00:00
[2024-07-07T22:25:30.093+0000] {processor.py:183} INFO - Processing /home/airflow/.local/lib/python3.12/site-packages/airflow/example_dags/example_branch_labels.py took 0.036 seconds
[2024-07-07T22:26:00.460+0000] {processor.py:161} INFO - Started process (PID=1326) to work on /home/airflow/.local/lib/python3.12/site-packages/airflow/example_dags/example_branch_labels.py
[2024-07-07T22:26:00.461+0000] {processor.py:830} INFO - Processing file /home/airflow/.local/lib/python3.12/site-packages/airflow/example_dags/example_branch_labels.py for tasks to queue
[2024-07-07T22:26:00.462+0000] {logging_mixin.py:188} INFO - [2024-07-07T22:26:00.462+0000] {dagbag.py:545} INFO - Filling up the DagBag from /home/airflow/.local/lib/python3.12/site-packages/airflow/example_dags/example_branch_labels.py
[2024-07-07T22:26:00.465+0000] {processor.py:840} INFO - DAG(s) 'example_branch_labels' retrieved from /home/airflow/.local/lib/python3.12/site-packages/airflow/example_dags/example_branch_labels.py
[2024-07-07T22:26:00.474+0000] {logging_mixin.py:188} INFO - [2024-07-07T22:26:00.474+0000] {dag.py:3096} INFO - Sync 1 DAGs
[2024-07-07T22:26:00.485+0000] {logging_mixin.py:188} INFO - [2024-07-07T22:26:00.485+0000] {dag.py:3954} INFO - Setting next_dagrun for example_branch_labels to 2024-07-06 00:00:00+00:00, run_after=2024-07-07 00:00:00+00:00
[2024-07-07T22:26:00.492+0000] {processor.py:183} INFO - Processing /home/airflow/.local/lib/python3.12/site-packages/airflow/example_dags/example_branch_labels.py took 0.034 seconds
[2024-07-07T22:26:30.971+0000] {processor.py:161} INFO - Started process (PID=1378) to work on /home/airflow/.local/lib/python3.12/site-packages/airflow/example_dags/example_branch_labels.py
[2024-07-07T22:26:30.972+0000] {processor.py:830} INFO - Processing file /home/airflow/.local/lib/python3.12/site-packages/airflow/example_dags/example_branch_labels.py for tasks to queue
[2024-07-07T22:26:30.973+0000] {logging_mixin.py:188} INFO - [2024-07-07T22:26:30.972+0000] {dagbag.py:545} INFO - Filling up the DagBag from /home/airflow/.local/lib/python3.12/site-packages/airflow/example_dags/example_branch_labels.py
[2024-07-07T22:26:30.975+0000] {processor.py:840} INFO - DAG(s) 'example_branch_labels' retrieved from /home/airflow/.local/lib/python3.12/site-packages/airflow/example_dags/example_branch_labels.py
[2024-07-07T22:26:30.983+0000] {logging_mixin.py:188} INFO - [2024-07-07T22:26:30.983+0000] {dag.py:3096} INFO - Sync 1 DAGs
[2024-07-07T22:26:30.991+0000] {logging_mixin.py:188} INFO - [2024-07-07T22:26:30.991+0000] {dag.py:3954} INFO - Setting next_dagrun for example_branch_labels to 2024-07-06 00:00:00+00:00, run_after=2024-07-07 00:00:00+00:00
[2024-07-07T22:26:30.997+0000] {processor.py:183} INFO - Processing /home/airflow/.local/lib/python3.12/site-packages/airflow/example_dags/example_branch_labels.py took 0.028 seconds
[2024-07-07T22:27:01.270+0000] {processor.py:161} INFO - Started process (PID=1430) to work on /home/airflow/.local/lib/python3.12/site-packages/airflow/example_dags/example_branch_labels.py
[2024-07-07T22:27:01.270+0000] {processor.py:830} INFO - Processing file /home/airflow/.local/lib/python3.12/site-packages/airflow/example_dags/example_branch_labels.py for tasks to queue
[2024-07-07T22:27:01.271+0000] {logging_mixin.py:188} INFO - [2024-07-07T22:27:01.271+0000] {dagbag.py:545} INFO - Filling up the DagBag from /home/airflow/.local/lib/python3.12/site-packages/airflow/example_dags/example_branch_labels.py
[2024-07-07T22:27:01.274+0000] {processor.py:840} INFO - DAG(s) 'example_branch_labels' retrieved from /home/airflow/.local/lib/python3.12/site-packages/airflow/example_dags/example_branch_labels.py
[2024-07-07T22:27:01.282+0000] {logging_mixin.py:188} INFO - [2024-07-07T22:27:01.282+0000] {dag.py:3096} INFO - Sync 1 DAGs
[2024-07-07T22:27:01.290+0000] {logging_mixin.py:188} INFO - [2024-07-07T22:27:01.290+0000] {dag.py:3954} INFO - Setting next_dagrun for example_branch_labels to 2024-07-06 00:00:00+00:00, run_after=2024-07-07 00:00:00+00:00
[2024-07-07T22:27:01.295+0000] {processor.py:183} INFO - Processing /home/airflow/.local/lib/python3.12/site-packages/airflow/example_dags/example_branch_labels.py took 0.028 seconds
[2024-07-07T22:27:31.540+0000] {processor.py:161} INFO - Started process (PID=1482) to work on /home/airflow/.local/lib/python3.12/site-packages/airflow/example_dags/example_branch_labels.py
[2024-07-07T22:27:31.541+0000] {processor.py:830} INFO - Processing file /home/airflow/.local/lib/python3.12/site-packages/airflow/example_dags/example_branch_labels.py for tasks to queue
[2024-07-07T22:27:31.541+0000] {logging_mixin.py:188} INFO - [2024-07-07T22:27:31.541+0000] {dagbag.py:545} INFO - Filling up the DagBag from /home/airflow/.local/lib/python3.12/site-packages/airflow/example_dags/example_branch_labels.py
[2024-07-07T22:27:31.544+0000] {processor.py:840} INFO - DAG(s) 'example_branch_labels' retrieved from /home/airflow/.local/lib/python3.12/site-packages/airflow/example_dags/example_branch_labels.py
[2024-07-07T22:27:31.552+0000] {logging_mixin.py:188} INFO - [2024-07-07T22:27:31.552+0000] {dag.py:3096} INFO - Sync 1 DAGs
[2024-07-07T22:27:31.560+0000] {logging_mixin.py:188} INFO - [2024-07-07T22:27:31.560+0000] {dag.py:3954} INFO - Setting next_dagrun for example_branch_labels to 2024-07-06 00:00:00+00:00, run_after=2024-07-07 00:00:00+00:00
[2024-07-07T22:27:31.565+0000] {processor.py:183} INFO - Processing /home/airflow/.local/lib/python3.12/site-packages/airflow/example_dags/example_branch_labels.py took 0.027 seconds
[2024-07-07T22:28:01.795+0000] {processor.py:161} INFO - Started process (PID=1534) to work on /home/airflow/.local/lib/python3.12/site-packages/airflow/example_dags/example_branch_labels.py
[2024-07-07T22:28:01.796+0000] {processor.py:830} INFO - Processing file /home/airflow/.local/lib/python3.12/site-packages/airflow/example_dags/example_branch_labels.py for tasks to queue
[2024-07-07T22:28:01.796+0000] {logging_mixin.py:188} INFO - [2024-07-07T22:28:01.796+0000] {dagbag.py:545} INFO - Filling up the DagBag from /home/airflow/.local/lib/python3.12/site-packages/airflow/example_dags/example_branch_labels.py
[2024-07-07T22:28:01.799+0000] {processor.py:840} INFO - DAG(s) 'example_branch_labels' retrieved from /home/airflow/.local/lib/python3.12/site-packages/airflow/example_dags/example_branch_labels.py
[2024-07-07T22:28:01.807+0000] {logging_mixin.py:188} INFO - [2024-07-07T22:28:01.807+0000] {dag.py:3096} INFO - Sync 1 DAGs
[2024-07-07T22:28:01.816+0000] {logging_mixin.py:188} INFO - [2024-07-07T22:28:01.815+0000] {dag.py:3954} INFO - Setting next_dagrun for example_branch_labels to 2024-07-06 00:00:00+00:00, run_after=2024-07-07 00:00:00+00:00
[2024-07-07T22:28:01.821+0000] {processor.py:183} INFO - Processing /home/airflow/.local/lib/python3.12/site-packages/airflow/example_dags/example_branch_labels.py took 0.028 seconds
[2024-07-07T22:28:32.063+0000] {processor.py:161} INFO - Started process (PID=1586) to work on /home/airflow/.local/lib/python3.12/site-packages/airflow/example_dags/example_branch_labels.py
[2024-07-07T22:28:32.063+0000] {processor.py:830} INFO - Processing file /home/airflow/.local/lib/python3.12/site-packages/airflow/example_dags/example_branch_labels.py for tasks to queue
[2024-07-07T22:28:32.064+0000] {logging_mixin.py:188} INFO - [2024-07-07T22:28:32.064+0000] {dagbag.py:545} INFO - Filling up the DagBag from /home/airflow/.local/lib/python3.12/site-packages/airflow/example_dags/example_branch_labels.py
[2024-07-07T22:28:32.067+0000] {processor.py:840} INFO - DAG(s) 'example_branch_labels' retrieved from /home/airflow/.local/lib/python3.12/site-packages/airflow/example_dags/example_branch_labels.py
[2024-07-07T22:28:32.074+0000] {logging_mixin.py:188} INFO - [2024-07-07T22:28:32.074+0000] {dag.py:3096} INFO - Sync 1 DAGs
[2024-07-07T22:28:32.082+0000] {logging_mixin.py:188} INFO - [2024-07-07T22:28:32.082+0000] {dag.py:3954} INFO - Setting next_dagrun for example_branch_labels to 2024-07-06 00:00:00+00:00, run_after=2024-07-07 00:00:00+00:00
[2024-07-07T22:28:32.088+0000] {processor.py:183} INFO - Processing /home/airflow/.local/lib/python3.12/site-packages/airflow/example_dags/example_branch_labels.py took 0.027 seconds
[2024-07-07T22:29:02.385+0000] {processor.py:161} INFO - Started process (PID=1638) to work on /home/airflow/.local/lib/python3.12/site-packages/airflow/example_dags/example_branch_labels.py
[2024-07-07T22:29:02.386+0000] {processor.py:830} INFO - Processing file /home/airflow/.local/lib/python3.12/site-packages/airflow/example_dags/example_branch_labels.py for tasks to queue
[2024-07-07T22:29:02.386+0000] {logging_mixin.py:188} INFO - [2024-07-07T22:29:02.386+0000] {dagbag.py:545} INFO - Filling up the DagBag from /home/airflow/.local/lib/python3.12/site-packages/airflow/example_dags/example_branch_labels.py
[2024-07-07T22:29:02.389+0000] {processor.py:840} INFO - DAG(s) 'example_branch_labels' retrieved from /home/airflow/.local/lib/python3.12/site-packages/airflow/example_dags/example_branch_labels.py
[2024-07-07T22:29:02.397+0000] {logging_mixin.py:188} INFO - [2024-07-07T22:29:02.397+0000] {dag.py:3096} INFO - Sync 1 DAGs
[2024-07-07T22:29:02.404+0000] {logging_mixin.py:188} INFO - [2024-07-07T22:29:02.404+0000] {dag.py:3954} INFO - Setting next_dagrun for example_branch_labels to 2024-07-06 00:00:00+00:00, run_after=2024-07-07 00:00:00+00:00
[2024-07-07T22:29:02.410+0000] {processor.py:183} INFO - Processing /home/airflow/.local/lib/python3.12/site-packages/airflow/example_dags/example_branch_labels.py took 0.027 seconds
[2024-07-07T22:29:32.676+0000] {processor.py:161} INFO - Started process (PID=1690) to work on /home/airflow/.local/lib/python3.12/site-packages/airflow/example_dags/example_branch_labels.py
[2024-07-07T22:29:32.677+0000] {processor.py:830} INFO - Processing file /home/airflow/.local/lib/python3.12/site-packages/airflow/example_dags/example_branch_labels.py for tasks to queue
[2024-07-07T22:29:32.677+0000] {logging_mixin.py:188} INFO - [2024-07-07T22:29:32.677+0000] {dagbag.py:545} INFO - Filling up the DagBag from /home/airflow/.local/lib/python3.12/site-packages/airflow/example_dags/example_branch_labels.py
[2024-07-07T22:29:32.680+0000] {processor.py:840} INFO - DAG(s) 'example_branch_labels' retrieved from /home/airflow/.local/lib/python3.12/site-packages/airflow/example_dags/example_branch_labels.py
[2024-07-07T22:29:32.689+0000] {logging_mixin.py:188} INFO - [2024-07-07T22:29:32.688+0000] {dag.py:3096} INFO - Sync 1 DAGs
[2024-07-07T22:29:32.696+0000] {logging_mixin.py:188} INFO - [2024-07-07T22:29:32.696+0000] {dag.py:3954} INFO - Setting next_dagrun for example_branch_labels to 2024-07-06 00:00:00+00:00, run_after=2024-07-07 00:00:00+00:00
[2024-07-07T22:29:32.703+0000] {processor.py:183} INFO - Processing /home/airflow/.local/lib/python3.12/site-packages/airflow/example_dags/example_branch_labels.py took 0.029 seconds
[2024-07-07T22:30:03.178+0000] {processor.py:161} INFO - Started process (PID=1742) to work on /home/airflow/.local/lib/python3.12/site-packages/airflow/example_dags/example_branch_labels.py
[2024-07-07T22:30:03.179+0000] {processor.py:830} INFO - Processing file /home/airflow/.local/lib/python3.12/site-packages/airflow/example_dags/example_branch_labels.py for tasks to queue
[2024-07-07T22:30:03.180+0000] {logging_mixin.py:188} INFO - [2024-07-07T22:30:03.180+0000] {dagbag.py:545} INFO - Filling up the DagBag from /home/airflow/.local/lib/python3.12/site-packages/airflow/example_dags/example_branch_labels.py
[2024-07-07T22:30:03.183+0000] {processor.py:840} INFO - DAG(s) 'example_branch_labels' retrieved from /home/airflow/.local/lib/python3.12/site-packages/airflow/example_dags/example_branch_labels.py
[2024-07-07T22:30:03.192+0000] {logging_mixin.py:188} INFO - [2024-07-07T22:30:03.192+0000] {dag.py:3096} INFO - Sync 1 DAGs
[2024-07-07T22:30:03.200+0000] {logging_mixin.py:188} INFO - [2024-07-07T22:30:03.200+0000] {dag.py:3954} INFO - Setting next_dagrun for example_branch_labels to 2024-07-06 00:00:00+00:00, run_after=2024-07-07 00:00:00+00:00
[2024-07-07T22:30:03.205+0000] {processor.py:183} INFO - Processing /home/airflow/.local/lib/python3.12/site-packages/airflow/example_dags/example_branch_labels.py took 0.029 seconds
[2024-07-07T22:30:33.695+0000] {processor.py:161} INFO - Started process (PID=1794) to work on /home/airflow/.local/lib/python3.12/site-packages/airflow/example_dags/example_branch_labels.py
[2024-07-07T22:30:33.695+0000] {processor.py:830} INFO - Processing file /home/airflow/.local/lib/python3.12/site-packages/airflow/example_dags/example_branch_labels.py for tasks to queue
[2024-07-07T22:30:33.696+0000] {logging_mixin.py:188} INFO - [2024-07-07T22:30:33.696+0000] {dagbag.py:545} INFO - Filling up the DagBag from /home/airflow/.local/lib/python3.12/site-packages/airflow/example_dags/example_branch_labels.py
[2024-07-07T22:30:33.699+0000] {processor.py:840} INFO - DAG(s) 'example_branch_labels' retrieved from /home/airflow/.local/lib/python3.12/site-packages/airflow/example_dags/example_branch_labels.py
[2024-07-07T22:30:33.706+0000] {logging_mixin.py:188} INFO - [2024-07-07T22:30:33.706+0000] {dag.py:3096} INFO - Sync 1 DAGs
[2024-07-07T22:30:33.714+0000] {logging_mixin.py:188} INFO - [2024-07-07T22:30:33.714+0000] {dag.py:3954} INFO - Setting next_dagrun for example_branch_labels to 2024-07-06 00:00:00+00:00, run_after=2024-07-07 00:00:00+00:00
[2024-07-07T22:30:33.720+0000] {processor.py:183} INFO - Processing /home/airflow/.local/lib/python3.12/site-packages/airflow/example_dags/example_branch_labels.py took 0.027 seconds
[2024-07-07T22:31:04.709+0000] {processor.py:161} INFO - Started process (PID=1846) to work on /home/airflow/.local/lib/python3.12/site-packages/airflow/example_dags/example_branch_labels.py
[2024-07-07T22:31:04.709+0000] {processor.py:830} INFO - Processing file /home/airflow/.local/lib/python3.12/site-packages/airflow/example_dags/example_branch_labels.py for tasks to queue
[2024-07-07T22:31:04.710+0000] {logging_mixin.py:188} INFO - [2024-07-07T22:31:04.710+0000] {dagbag.py:545} INFO - Filling up the DagBag from /home/airflow/.local/lib/python3.12/site-packages/airflow/example_dags/example_branch_labels.py
[2024-07-07T22:31:04.713+0000] {processor.py:840} INFO - DAG(s) 'example_branch_labels' retrieved from /home/airflow/.local/lib/python3.12/site-packages/airflow/example_dags/example_branch_labels.py
[2024-07-07T22:31:04.722+0000] {logging_mixin.py:188} INFO - [2024-07-07T22:31:04.722+0000] {dag.py:3096} INFO - Sync 1 DAGs
[2024-07-07T22:31:04.730+0000] {logging_mixin.py:188} INFO - [2024-07-07T22:31:04.730+0000] {dag.py:3954} INFO - Setting next_dagrun for example_branch_labels to 2024-07-06 00:00:00+00:00, run_after=2024-07-07 00:00:00+00:00
[2024-07-07T22:31:04.736+0000] {processor.py:183} INFO - Processing /home/airflow/.local/lib/python3.12/site-packages/airflow/example_dags/example_branch_labels.py took 0.030 seconds
[2024-07-07T22:31:35.599+0000] {processor.py:161} INFO - Started process (PID=1898) to work on /home/airflow/.local/lib/python3.12/site-packages/airflow/example_dags/example_branch_labels.py
[2024-07-07T22:31:35.600+0000] {processor.py:830} INFO - Processing file /home/airflow/.local/lib/python3.12/site-packages/airflow/example_dags/example_branch_labels.py for tasks to queue
[2024-07-07T22:31:35.601+0000] {logging_mixin.py:188} INFO - [2024-07-07T22:31:35.600+0000] {dagbag.py:545} INFO - Filling up the DagBag from /home/airflow/.local/lib/python3.12/site-packages/airflow/example_dags/example_branch_labels.py
[2024-07-07T22:31:35.603+0000] {processor.py:840} INFO - DAG(s) 'example_branch_labels' retrieved from /home/airflow/.local/lib/python3.12/site-packages/airflow/example_dags/example_branch_labels.py
[2024-07-07T22:31:35.612+0000] {logging_mixin.py:188} INFO - [2024-07-07T22:31:35.612+0000] {dag.py:3096} INFO - Sync 1 DAGs
[2024-07-07T22:31:35.691+0000] {logging_mixin.py:188} INFO - [2024-07-07T22:31:35.691+0000] {dag.py:3954} INFO - Setting next_dagrun for example_branch_labels to 2024-07-06 00:00:00+00:00, run_after=2024-07-07 00:00:00+00:00
[2024-07-07T22:31:35.696+0000] {processor.py:183} INFO - Processing /home/airflow/.local/lib/python3.12/site-packages/airflow/example_dags/example_branch_labels.py took 0.099 seconds
[2024-07-07T22:32:06.368+0000] {processor.py:161} INFO - Started process (PID=1950) to work on /home/airflow/.local/lib/python3.12/site-packages/airflow/example_dags/example_branch_labels.py
[2024-07-07T22:32:06.368+0000] {processor.py:830} INFO - Processing file /home/airflow/.local/lib/python3.12/site-packages/airflow/example_dags/example_branch_labels.py for tasks to queue
[2024-07-07T22:32:06.369+0000] {logging_mixin.py:188} INFO - [2024-07-07T22:32:06.369+0000] {dagbag.py:545} INFO - Filling up the DagBag from /home/airflow/.local/lib/python3.12/site-packages/airflow/example_dags/example_branch_labels.py
[2024-07-07T22:32:06.372+0000] {processor.py:840} INFO - DAG(s) 'example_branch_labels' retrieved from /home/airflow/.local/lib/python3.12/site-packages/airflow/example_dags/example_branch_labels.py
[2024-07-07T22:32:06.381+0000] {logging_mixin.py:188} INFO - [2024-07-07T22:32:06.380+0000] {dag.py:3096} INFO - Sync 1 DAGs
[2024-07-07T22:32:06.389+0000] {logging_mixin.py:188} INFO - [2024-07-07T22:32:06.389+0000] {dag.py:3954} INFO - Setting next_dagrun for example_branch_labels to 2024-07-06 00:00:00+00:00, run_after=2024-07-07 00:00:00+00:00
[2024-07-07T22:32:06.471+0000] {processor.py:183} INFO - Processing /home/airflow/.local/lib/python3.12/site-packages/airflow/example_dags/example_branch_labels.py took 0.106 seconds
[2024-07-07T22:32:36.862+0000] {processor.py:161} INFO - Started process (PID=2002) to work on /home/airflow/.local/lib/python3.12/site-packages/airflow/example_dags/example_branch_labels.py
[2024-07-07T22:32:36.863+0000] {processor.py:830} INFO - Processing file /home/airflow/.local/lib/python3.12/site-packages/airflow/example_dags/example_branch_labels.py for tasks to queue
[2024-07-07T22:32:36.864+0000] {logging_mixin.py:188} INFO - [2024-07-07T22:32:36.863+0000] {dagbag.py:545} INFO - Filling up the DagBag from /home/airflow/.local/lib/python3.12/site-packages/airflow/example_dags/example_branch_labels.py
[2024-07-07T22:32:36.867+0000] {processor.py:840} INFO - DAG(s) 'example_branch_labels' retrieved from /home/airflow/.local/lib/python3.12/site-packages/airflow/example_dags/example_branch_labels.py
[2024-07-07T22:32:36.878+0000] {logging_mixin.py:188} INFO - [2024-07-07T22:32:36.878+0000] {dag.py:3096} INFO - Sync 1 DAGs
[2024-07-07T22:32:36.890+0000] {logging_mixin.py:188} INFO - [2024-07-07T22:32:36.889+0000] {dag.py:3954} INFO - Setting next_dagrun for example_branch_labels to 2024-07-06 00:00:00+00:00, run_after=2024-07-07 00:00:00+00:00
[2024-07-07T22:32:36.898+0000] {processor.py:183} INFO - Processing /home/airflow/.local/lib/python3.12/site-packages/airflow/example_dags/example_branch_labels.py took 0.039 seconds
[2024-07-07T22:33:07.293+0000] {processor.py:161} INFO - Started process (PID=2054) to work on /home/airflow/.local/lib/python3.12/site-packages/airflow/example_dags/example_branch_labels.py
[2024-07-07T22:33:07.294+0000] {processor.py:830} INFO - Processing file /home/airflow/.local/lib/python3.12/site-packages/airflow/example_dags/example_branch_labels.py for tasks to queue
[2024-07-07T22:33:07.294+0000] {logging_mixin.py:188} INFO - [2024-07-07T22:33:07.294+0000] {dagbag.py:545} INFO - Filling up the DagBag from /home/airflow/.local/lib/python3.12/site-packages/airflow/example_dags/example_branch_labels.py
[2024-07-07T22:33:07.298+0000] {processor.py:840} INFO - DAG(s) 'example_branch_labels' retrieved from /home/airflow/.local/lib/python3.12/site-packages/airflow/example_dags/example_branch_labels.py
[2024-07-07T22:33:07.307+0000] {logging_mixin.py:188} INFO - [2024-07-07T22:33:07.306+0000] {dag.py:3096} INFO - Sync 1 DAGs
[2024-07-07T22:33:07.315+0000] {logging_mixin.py:188} INFO - [2024-07-07T22:33:07.315+0000] {dag.py:3954} INFO - Setting next_dagrun for example_branch_labels to 2024-07-06 00:00:00+00:00, run_after=2024-07-07 00:00:00+00:00
[2024-07-07T22:33:07.320+0000] {processor.py:183} INFO - Processing /home/airflow/.local/lib/python3.12/site-packages/airflow/example_dags/example_branch_labels.py took 0.030 seconds
[2024-07-07T22:33:37.772+0000] {processor.py:161} INFO - Started process (PID=2106) to work on /home/airflow/.local/lib/python3.12/site-packages/airflow/example_dags/example_branch_labels.py
[2024-07-07T22:33:37.773+0000] {processor.py:830} INFO - Processing file /home/airflow/.local/lib/python3.12/site-packages/airflow/example_dags/example_branch_labels.py for tasks to queue
[2024-07-07T22:33:37.774+0000] {logging_mixin.py:188} INFO - [2024-07-07T22:33:37.773+0000] {dagbag.py:545} INFO - Filling up the DagBag from /home/airflow/.local/lib/python3.12/site-packages/airflow/example_dags/example_branch_labels.py
[2024-07-07T22:33:37.777+0000] {processor.py:840} INFO - DAG(s) 'example_branch_labels' retrieved from /home/airflow/.local/lib/python3.12/site-packages/airflow/example_dags/example_branch_labels.py
[2024-07-07T22:33:37.786+0000] {logging_mixin.py:188} INFO - [2024-07-07T22:33:37.786+0000] {dag.py:3096} INFO - Sync 1 DAGs
[2024-07-07T22:33:37.794+0000] {logging_mixin.py:188} INFO - [2024-07-07T22:33:37.794+0000] {dag.py:3954} INFO - Setting next_dagrun for example_branch_labels to 2024-07-06 00:00:00+00:00, run_after=2024-07-07 00:00:00+00:00
[2024-07-07T22:33:37.799+0000] {processor.py:183} INFO - Processing /home/airflow/.local/lib/python3.12/site-packages/airflow/example_dags/example_branch_labels.py took 0.029 seconds
