[2024-07-07T22:13:09.763+0000] {processor.py:161} INFO - Started process (PID=77) to work on /home/airflow/.local/lib/python3.12/site-packages/airflow/example_dags/example_latest_only.py
[2024-07-07T22:13:09.764+0000] {processor.py:830} INFO - Processing file /home/airflow/.local/lib/python3.12/site-packages/airflow/example_dags/example_latest_only.py for tasks to queue
[2024-07-07T22:13:09.764+0000] {logging_mixin.py:188} INFO - [2024-07-07T22:13:09.764+0000] {dagbag.py:545} INFO - Filling up the DagBag from /home/airflow/.local/lib/python3.12/site-packages/airflow/example_dags/example_latest_only.py
[2024-07-07T22:13:09.767+0000] {processor.py:840} INFO - DAG(s) 'latest_only' retrieved from /home/airflow/.local/lib/python3.12/site-packages/airflow/example_dags/example_latest_only.py
[2024-07-07T22:13:09.804+0000] {logging_mixin.py:188} INFO - [2024-07-07T22:13:09.803+0000] {override.py:1829} INFO - Created Permission View: can edit on DAG:latest_only
[2024-07-07T22:13:09.808+0000] {logging_mixin.py:188} INFO - [2024-07-07T22:13:09.808+0000] {override.py:1829} INFO - Created Permission View: can read on DAG:latest_only
[2024-07-07T22:13:09.809+0000] {logging_mixin.py:188} INFO - [2024-07-07T22:13:09.809+0000] {override.py:1829} INFO - Created Permission View: can delete on DAG:latest_only
[2024-07-07T22:13:09.810+0000] {logging_mixin.py:188} INFO - [2024-07-07T22:13:09.810+0000] {dag.py:3096} INFO - Sync 1 DAGs
[2024-07-07T22:13:09.813+0000] {logging_mixin.py:188} INFO - [2024-07-07T22:13:09.813+0000] {dag.py:3118} INFO - Creating ORM DAG for latest_only
[2024-07-07T22:13:09.818+0000] {logging_mixin.py:188} INFO - [2024-07-07T22:13:09.818+0000] {dag.py:3954} INFO - Setting next_dagrun for latest_only to 2024-07-07 16:00:00+00:00, run_after=2024-07-07 20:00:00+00:00
[2024-07-07T22:13:09.825+0000] {processor.py:183} INFO - Processing /home/airflow/.local/lib/python3.12/site-packages/airflow/example_dags/example_latest_only.py took 0.064 seconds
[2024-07-07T22:13:54.210+0000] {processor.py:161} INFO - Started process (PID=77) to work on /home/airflow/.local/lib/python3.12/site-packages/airflow/example_dags/example_latest_only.py
[2024-07-07T22:13:54.211+0000] {processor.py:830} INFO - Processing file /home/airflow/.local/lib/python3.12/site-packages/airflow/example_dags/example_latest_only.py for tasks to queue
[2024-07-07T22:13:54.213+0000] {logging_mixin.py:188} INFO - [2024-07-07T22:13:54.212+0000] {dagbag.py:545} INFO - Filling up the DagBag from /home/airflow/.local/lib/python3.12/site-packages/airflow/example_dags/example_latest_only.py
[2024-07-07T22:13:54.217+0000] {processor.py:840} INFO - DAG(s) 'latest_only' retrieved from /home/airflow/.local/lib/python3.12/site-packages/airflow/example_dags/example_latest_only.py
[2024-07-07T22:13:54.226+0000] {logging_mixin.py:188} INFO - [2024-07-07T22:13:54.226+0000] {dag.py:3096} INFO - Sync 1 DAGs
[2024-07-07T22:13:54.237+0000] {logging_mixin.py:188} INFO - [2024-07-07T22:13:54.236+0000] {dag.py:3954} INFO - Setting next_dagrun for latest_only to 2024-07-07 16:00:00+00:00, run_after=2024-07-07 20:00:00+00:00
[2024-07-07T22:13:54.248+0000] {processor.py:183} INFO - Processing /home/airflow/.local/lib/python3.12/site-packages/airflow/example_dags/example_latest_only.py took 0.041 seconds
[2024-07-07T22:14:24.333+0000] {processor.py:161} INFO - Started process (PID=129) to work on /home/airflow/.local/lib/python3.12/site-packages/airflow/example_dags/example_latest_only.py
[2024-07-07T22:14:24.333+0000] {processor.py:830} INFO - Processing file /home/airflow/.local/lib/python3.12/site-packages/airflow/example_dags/example_latest_only.py for tasks to queue
[2024-07-07T22:14:24.334+0000] {logging_mixin.py:188} INFO - [2024-07-07T22:14:24.334+0000] {dagbag.py:545} INFO - Filling up the DagBag from /home/airflow/.local/lib/python3.12/site-packages/airflow/example_dags/example_latest_only.py
[2024-07-07T22:14:24.336+0000] {processor.py:840} INFO - DAG(s) 'latest_only' retrieved from /home/airflow/.local/lib/python3.12/site-packages/airflow/example_dags/example_latest_only.py
[2024-07-07T22:14:24.370+0000] {logging_mixin.py:188} INFO - [2024-07-07T22:14:24.370+0000] {dag.py:3096} INFO - Sync 1 DAGs
[2024-07-07T22:14:24.376+0000] {logging_mixin.py:188} INFO - [2024-07-07T22:14:24.376+0000] {dag.py:3954} INFO - Setting next_dagrun for latest_only to 2024-07-07 16:00:00+00:00, run_after=2024-07-07 20:00:00+00:00
[2024-07-07T22:14:24.382+0000] {processor.py:183} INFO - Processing /home/airflow/.local/lib/python3.12/site-packages/airflow/example_dags/example_latest_only.py took 0.051 seconds
[2024-07-07T22:14:54.938+0000] {processor.py:161} INFO - Started process (PID=181) to work on /home/airflow/.local/lib/python3.12/site-packages/airflow/example_dags/example_latest_only.py
[2024-07-07T22:14:54.938+0000] {processor.py:830} INFO - Processing file /home/airflow/.local/lib/python3.12/site-packages/airflow/example_dags/example_latest_only.py for tasks to queue
[2024-07-07T22:14:54.939+0000] {logging_mixin.py:188} INFO - [2024-07-07T22:14:54.939+0000] {dagbag.py:545} INFO - Filling up the DagBag from /home/airflow/.local/lib/python3.12/site-packages/airflow/example_dags/example_latest_only.py
[2024-07-07T22:14:54.941+0000] {processor.py:840} INFO - DAG(s) 'latest_only' retrieved from /home/airflow/.local/lib/python3.12/site-packages/airflow/example_dags/example_latest_only.py
[2024-07-07T22:14:54.948+0000] {logging_mixin.py:188} INFO - [2024-07-07T22:14:54.948+0000] {dag.py:3096} INFO - Sync 1 DAGs
[2024-07-07T22:14:54.956+0000] {logging_mixin.py:188} INFO - [2024-07-07T22:14:54.956+0000] {dag.py:3954} INFO - Setting next_dagrun for latest_only to 2024-07-07 16:00:00+00:00, run_after=2024-07-07 20:00:00+00:00
[2024-07-07T22:14:54.963+0000] {processor.py:183} INFO - Processing /home/airflow/.local/lib/python3.12/site-packages/airflow/example_dags/example_latest_only.py took 0.027 seconds
[2024-07-07T22:15:25.218+0000] {processor.py:161} INFO - Started process (PID=233) to work on /home/airflow/.local/lib/python3.12/site-packages/airflow/example_dags/example_latest_only.py
[2024-07-07T22:15:25.219+0000] {processor.py:830} INFO - Processing file /home/airflow/.local/lib/python3.12/site-packages/airflow/example_dags/example_latest_only.py for tasks to queue
[2024-07-07T22:15:25.219+0000] {logging_mixin.py:188} INFO - [2024-07-07T22:15:25.219+0000] {dagbag.py:545} INFO - Filling up the DagBag from /home/airflow/.local/lib/python3.12/site-packages/airflow/example_dags/example_latest_only.py
[2024-07-07T22:15:25.221+0000] {processor.py:840} INFO - DAG(s) 'latest_only' retrieved from /home/airflow/.local/lib/python3.12/site-packages/airflow/example_dags/example_latest_only.py
[2024-07-07T22:15:25.228+0000] {logging_mixin.py:188} INFO - [2024-07-07T22:15:25.228+0000] {dag.py:3096} INFO - Sync 1 DAGs
[2024-07-07T22:15:25.235+0000] {logging_mixin.py:188} INFO - [2024-07-07T22:15:25.234+0000] {dag.py:3954} INFO - Setting next_dagrun for latest_only to 2024-07-07 16:00:00+00:00, run_after=2024-07-07 20:00:00+00:00
[2024-07-07T22:15:25.240+0000] {processor.py:183} INFO - Processing /home/airflow/.local/lib/python3.12/site-packages/airflow/example_dags/example_latest_only.py took 0.024 seconds
[2024-07-07T22:15:55.446+0000] {processor.py:161} INFO - Started process (PID=298) to work on /home/airflow/.local/lib/python3.12/site-packages/airflow/example_dags/example_latest_only.py
[2024-07-07T22:15:55.447+0000] {processor.py:830} INFO - Processing file /home/airflow/.local/lib/python3.12/site-packages/airflow/example_dags/example_latest_only.py for tasks to queue
[2024-07-07T22:15:55.447+0000] {logging_mixin.py:188} INFO - [2024-07-07T22:15:55.447+0000] {dagbag.py:545} INFO - Filling up the DagBag from /home/airflow/.local/lib/python3.12/site-packages/airflow/example_dags/example_latest_only.py
[2024-07-07T22:15:55.449+0000] {processor.py:840} INFO - DAG(s) 'latest_only' retrieved from /home/airflow/.local/lib/python3.12/site-packages/airflow/example_dags/example_latest_only.py
[2024-07-07T22:15:55.457+0000] {logging_mixin.py:188} INFO - [2024-07-07T22:15:55.456+0000] {dag.py:3096} INFO - Sync 1 DAGs
[2024-07-07T22:15:55.464+0000] {logging_mixin.py:188} INFO - [2024-07-07T22:15:55.464+0000] {dag.py:3954} INFO - Setting next_dagrun for latest_only to 2024-07-07 16:00:00+00:00, run_after=2024-07-07 20:00:00+00:00
[2024-07-07T22:15:55.470+0000] {processor.py:183} INFO - Processing /home/airflow/.local/lib/python3.12/site-packages/airflow/example_dags/example_latest_only.py took 0.026 seconds
[2024-07-07T22:16:25.643+0000] {processor.py:161} INFO - Started process (PID=358) to work on /home/airflow/.local/lib/python3.12/site-packages/airflow/example_dags/example_latest_only.py
[2024-07-07T22:16:25.643+0000] {processor.py:830} INFO - Processing file /home/airflow/.local/lib/python3.12/site-packages/airflow/example_dags/example_latest_only.py for tasks to queue
[2024-07-07T22:16:25.644+0000] {logging_mixin.py:188} INFO - [2024-07-07T22:16:25.644+0000] {dagbag.py:545} INFO - Filling up the DagBag from /home/airflow/.local/lib/python3.12/site-packages/airflow/example_dags/example_latest_only.py
[2024-07-07T22:16:25.646+0000] {processor.py:840} INFO - DAG(s) 'latest_only' retrieved from /home/airflow/.local/lib/python3.12/site-packages/airflow/example_dags/example_latest_only.py
[2024-07-07T22:16:25.653+0000] {logging_mixin.py:188} INFO - [2024-07-07T22:16:25.653+0000] {dag.py:3096} INFO - Sync 1 DAGs
[2024-07-07T22:16:25.660+0000] {logging_mixin.py:188} INFO - [2024-07-07T22:16:25.660+0000] {dag.py:3954} INFO - Setting next_dagrun for latest_only to 2024-07-07 16:00:00+00:00, run_after=2024-07-07 20:00:00+00:00
[2024-07-07T22:16:25.665+0000] {processor.py:183} INFO - Processing /home/airflow/.local/lib/python3.12/site-packages/airflow/example_dags/example_latest_only.py took 0.025 seconds
[2024-07-07T22:16:55.883+0000] {processor.py:161} INFO - Started process (PID=423) to work on /home/airflow/.local/lib/python3.12/site-packages/airflow/example_dags/example_latest_only.py
[2024-07-07T22:16:55.883+0000] {processor.py:830} INFO - Processing file /home/airflow/.local/lib/python3.12/site-packages/airflow/example_dags/example_latest_only.py for tasks to queue
[2024-07-07T22:16:55.884+0000] {logging_mixin.py:188} INFO - [2024-07-07T22:16:55.883+0000] {dagbag.py:545} INFO - Filling up the DagBag from /home/airflow/.local/lib/python3.12/site-packages/airflow/example_dags/example_latest_only.py
[2024-07-07T22:16:55.885+0000] {processor.py:840} INFO - DAG(s) 'latest_only' retrieved from /home/airflow/.local/lib/python3.12/site-packages/airflow/example_dags/example_latest_only.py
[2024-07-07T22:16:55.892+0000] {logging_mixin.py:188} INFO - [2024-07-07T22:16:55.892+0000] {dag.py:3096} INFO - Sync 1 DAGs
[2024-07-07T22:16:55.899+0000] {logging_mixin.py:188} INFO - [2024-07-07T22:16:55.899+0000] {dag.py:3954} INFO - Setting next_dagrun for latest_only to 2024-07-07 16:00:00+00:00, run_after=2024-07-07 20:00:00+00:00
[2024-07-07T22:16:55.905+0000] {processor.py:183} INFO - Processing /home/airflow/.local/lib/python3.12/site-packages/airflow/example_dags/example_latest_only.py took 0.024 seconds
[2024-07-07T22:17:26.157+0000] {processor.py:161} INFO - Started process (PID=476) to work on /home/airflow/.local/lib/python3.12/site-packages/airflow/example_dags/example_latest_only.py
[2024-07-07T22:17:26.158+0000] {processor.py:830} INFO - Processing file /home/airflow/.local/lib/python3.12/site-packages/airflow/example_dags/example_latest_only.py for tasks to queue
[2024-07-07T22:17:26.159+0000] {logging_mixin.py:188} INFO - [2024-07-07T22:17:26.158+0000] {dagbag.py:545} INFO - Filling up the DagBag from /home/airflow/.local/lib/python3.12/site-packages/airflow/example_dags/example_latest_only.py
[2024-07-07T22:17:26.160+0000] {processor.py:840} INFO - DAG(s) 'latest_only' retrieved from /home/airflow/.local/lib/python3.12/site-packages/airflow/example_dags/example_latest_only.py
[2024-07-07T22:17:26.168+0000] {logging_mixin.py:188} INFO - [2024-07-07T22:17:26.168+0000] {dag.py:3096} INFO - Sync 1 DAGs
[2024-07-07T22:17:26.175+0000] {logging_mixin.py:188} INFO - [2024-07-07T22:17:26.175+0000] {dag.py:3954} INFO - Setting next_dagrun for latest_only to 2024-07-07 16:00:00+00:00, run_after=2024-07-07 20:00:00+00:00
[2024-07-07T22:17:26.181+0000] {processor.py:183} INFO - Processing /home/airflow/.local/lib/python3.12/site-packages/airflow/example_dags/example_latest_only.py took 0.026 seconds
[2024-07-07T22:17:56.588+0000] {processor.py:161} INFO - Started process (PID=530) to work on /home/airflow/.local/lib/python3.12/site-packages/airflow/example_dags/example_latest_only.py
[2024-07-07T22:17:56.589+0000] {processor.py:830} INFO - Processing file /home/airflow/.local/lib/python3.12/site-packages/airflow/example_dags/example_latest_only.py for tasks to queue
[2024-07-07T22:17:56.590+0000] {logging_mixin.py:188} INFO - [2024-07-07T22:17:56.590+0000] {dagbag.py:545} INFO - Filling up the DagBag from /home/airflow/.local/lib/python3.12/site-packages/airflow/example_dags/example_latest_only.py
[2024-07-07T22:17:56.593+0000] {processor.py:840} INFO - DAG(s) 'latest_only' retrieved from /home/airflow/.local/lib/python3.12/site-packages/airflow/example_dags/example_latest_only.py
[2024-07-07T22:17:56.601+0000] {logging_mixin.py:188} INFO - [2024-07-07T22:17:56.601+0000] {dag.py:3096} INFO - Sync 1 DAGs
[2024-07-07T22:17:56.610+0000] {logging_mixin.py:188} INFO - [2024-07-07T22:17:56.610+0000] {dag.py:3954} INFO - Setting next_dagrun for latest_only to 2024-07-07 16:00:00+00:00, run_after=2024-07-07 20:00:00+00:00
[2024-07-07T22:17:56.617+0000] {processor.py:183} INFO - Processing /home/airflow/.local/lib/python3.12/site-packages/airflow/example_dags/example_latest_only.py took 0.035 seconds
[2024-07-07T22:18:27.000+0000] {processor.py:161} INFO - Started process (PID=582) to work on /home/airflow/.local/lib/python3.12/site-packages/airflow/example_dags/example_latest_only.py
[2024-07-07T22:18:27.000+0000] {processor.py:830} INFO - Processing file /home/airflow/.local/lib/python3.12/site-packages/airflow/example_dags/example_latest_only.py for tasks to queue
[2024-07-07T22:18:27.001+0000] {logging_mixin.py:188} INFO - [2024-07-07T22:18:27.001+0000] {dagbag.py:545} INFO - Filling up the DagBag from /home/airflow/.local/lib/python3.12/site-packages/airflow/example_dags/example_latest_only.py
[2024-07-07T22:18:27.003+0000] {processor.py:840} INFO - DAG(s) 'latest_only' retrieved from /home/airflow/.local/lib/python3.12/site-packages/airflow/example_dags/example_latest_only.py
[2024-07-07T22:18:27.010+0000] {logging_mixin.py:188} INFO - [2024-07-07T22:18:27.010+0000] {dag.py:3096} INFO - Sync 1 DAGs
[2024-07-07T22:18:27.018+0000] {logging_mixin.py:188} INFO - [2024-07-07T22:18:27.018+0000] {dag.py:3954} INFO - Setting next_dagrun for latest_only to 2024-07-07 16:00:00+00:00, run_after=2024-07-07 20:00:00+00:00
[2024-07-07T22:18:27.025+0000] {processor.py:183} INFO - Processing /home/airflow/.local/lib/python3.12/site-packages/airflow/example_dags/example_latest_only.py took 0.027 seconds
[2024-07-07T22:18:57.309+0000] {processor.py:161} INFO - Started process (PID=634) to work on /home/airflow/.local/lib/python3.12/site-packages/airflow/example_dags/example_latest_only.py
[2024-07-07T22:18:57.309+0000] {processor.py:830} INFO - Processing file /home/airflow/.local/lib/python3.12/site-packages/airflow/example_dags/example_latest_only.py for tasks to queue
[2024-07-07T22:18:57.310+0000] {logging_mixin.py:188} INFO - [2024-07-07T22:18:57.310+0000] {dagbag.py:545} INFO - Filling up the DagBag from /home/airflow/.local/lib/python3.12/site-packages/airflow/example_dags/example_latest_only.py
[2024-07-07T22:18:57.312+0000] {processor.py:840} INFO - DAG(s) 'latest_only' retrieved from /home/airflow/.local/lib/python3.12/site-packages/airflow/example_dags/example_latest_only.py
[2024-07-07T22:18:57.319+0000] {logging_mixin.py:188} INFO - [2024-07-07T22:18:57.319+0000] {dag.py:3096} INFO - Sync 1 DAGs
[2024-07-07T22:18:57.327+0000] {logging_mixin.py:188} INFO - [2024-07-07T22:18:57.327+0000] {dag.py:3954} INFO - Setting next_dagrun for latest_only to 2024-07-07 16:00:00+00:00, run_after=2024-07-07 20:00:00+00:00
[2024-07-07T22:18:57.333+0000] {processor.py:183} INFO - Processing /home/airflow/.local/lib/python3.12/site-packages/airflow/example_dags/example_latest_only.py took 0.027 seconds
[2024-07-07T22:19:27.600+0000] {processor.py:161} INFO - Started process (PID=686) to work on /home/airflow/.local/lib/python3.12/site-packages/airflow/example_dags/example_latest_only.py
[2024-07-07T22:19:27.601+0000] {processor.py:830} INFO - Processing file /home/airflow/.local/lib/python3.12/site-packages/airflow/example_dags/example_latest_only.py for tasks to queue
[2024-07-07T22:19:27.601+0000] {logging_mixin.py:188} INFO - [2024-07-07T22:19:27.601+0000] {dagbag.py:545} INFO - Filling up the DagBag from /home/airflow/.local/lib/python3.12/site-packages/airflow/example_dags/example_latest_only.py
[2024-07-07T22:19:27.603+0000] {processor.py:840} INFO - DAG(s) 'latest_only' retrieved from /home/airflow/.local/lib/python3.12/site-packages/airflow/example_dags/example_latest_only.py
[2024-07-07T22:19:27.611+0000] {logging_mixin.py:188} INFO - [2024-07-07T22:19:27.611+0000] {dag.py:3096} INFO - Sync 1 DAGs
[2024-07-07T22:19:27.618+0000] {logging_mixin.py:188} INFO - [2024-07-07T22:19:27.618+0000] {dag.py:3954} INFO - Setting next_dagrun for latest_only to 2024-07-07 16:00:00+00:00, run_after=2024-07-07 20:00:00+00:00
[2024-07-07T22:19:27.625+0000] {processor.py:183} INFO - Processing /home/airflow/.local/lib/python3.12/site-packages/airflow/example_dags/example_latest_only.py took 0.027 seconds
[2024-07-07T22:19:57.906+0000] {processor.py:161} INFO - Started process (PID=738) to work on /home/airflow/.local/lib/python3.12/site-packages/airflow/example_dags/example_latest_only.py
[2024-07-07T22:19:57.906+0000] {processor.py:830} INFO - Processing file /home/airflow/.local/lib/python3.12/site-packages/airflow/example_dags/example_latest_only.py for tasks to queue
[2024-07-07T22:19:57.907+0000] {logging_mixin.py:188} INFO - [2024-07-07T22:19:57.907+0000] {dagbag.py:545} INFO - Filling up the DagBag from /home/airflow/.local/lib/python3.12/site-packages/airflow/example_dags/example_latest_only.py
[2024-07-07T22:19:57.909+0000] {processor.py:840} INFO - DAG(s) 'latest_only' retrieved from /home/airflow/.local/lib/python3.12/site-packages/airflow/example_dags/example_latest_only.py
[2024-07-07T22:19:57.917+0000] {logging_mixin.py:188} INFO - [2024-07-07T22:19:57.917+0000] {dag.py:3096} INFO - Sync 1 DAGs
[2024-07-07T22:19:57.925+0000] {logging_mixin.py:188} INFO - [2024-07-07T22:19:57.925+0000] {dag.py:3954} INFO - Setting next_dagrun for latest_only to 2024-07-07 16:00:00+00:00, run_after=2024-07-07 20:00:00+00:00
[2024-07-07T22:19:57.932+0000] {processor.py:183} INFO - Processing /home/airflow/.local/lib/python3.12/site-packages/airflow/example_dags/example_latest_only.py took 0.028 seconds
[2024-07-07T22:20:28.164+0000] {processor.py:161} INFO - Started process (PID=790) to work on /home/airflow/.local/lib/python3.12/site-packages/airflow/example_dags/example_latest_only.py
[2024-07-07T22:20:28.164+0000] {processor.py:830} INFO - Processing file /home/airflow/.local/lib/python3.12/site-packages/airflow/example_dags/example_latest_only.py for tasks to queue
[2024-07-07T22:20:28.165+0000] {logging_mixin.py:188} INFO - [2024-07-07T22:20:28.165+0000] {dagbag.py:545} INFO - Filling up the DagBag from /home/airflow/.local/lib/python3.12/site-packages/airflow/example_dags/example_latest_only.py
[2024-07-07T22:20:28.167+0000] {processor.py:840} INFO - DAG(s) 'latest_only' retrieved from /home/airflow/.local/lib/python3.12/site-packages/airflow/example_dags/example_latest_only.py
[2024-07-07T22:20:28.175+0000] {logging_mixin.py:188} INFO - [2024-07-07T22:20:28.175+0000] {dag.py:3096} INFO - Sync 1 DAGs
[2024-07-07T22:20:28.184+0000] {logging_mixin.py:188} INFO - [2024-07-07T22:20:28.184+0000] {dag.py:3954} INFO - Setting next_dagrun for latest_only to 2024-07-07 16:00:00+00:00, run_after=2024-07-07 20:00:00+00:00
[2024-07-07T22:20:28.190+0000] {processor.py:183} INFO - Processing /home/airflow/.local/lib/python3.12/site-packages/airflow/example_dags/example_latest_only.py took 0.029 seconds
[2024-07-07T22:20:58.473+0000] {processor.py:161} INFO - Started process (PID=842) to work on /home/airflow/.local/lib/python3.12/site-packages/airflow/example_dags/example_latest_only.py
[2024-07-07T22:20:58.474+0000] {processor.py:830} INFO - Processing file /home/airflow/.local/lib/python3.12/site-packages/airflow/example_dags/example_latest_only.py for tasks to queue
[2024-07-07T22:20:58.474+0000] {logging_mixin.py:188} INFO - [2024-07-07T22:20:58.474+0000] {dagbag.py:545} INFO - Filling up the DagBag from /home/airflow/.local/lib/python3.12/site-packages/airflow/example_dags/example_latest_only.py
[2024-07-07T22:20:58.476+0000] {processor.py:840} INFO - DAG(s) 'latest_only' retrieved from /home/airflow/.local/lib/python3.12/site-packages/airflow/example_dags/example_latest_only.py
[2024-07-07T22:20:58.483+0000] {logging_mixin.py:188} INFO - [2024-07-07T22:20:58.483+0000] {dag.py:3096} INFO - Sync 1 DAGs
[2024-07-07T22:20:58.491+0000] {logging_mixin.py:188} INFO - [2024-07-07T22:20:58.491+0000] {dag.py:3954} INFO - Setting next_dagrun for latest_only to 2024-07-07 16:00:00+00:00, run_after=2024-07-07 20:00:00+00:00
[2024-07-07T22:20:58.498+0000] {processor.py:183} INFO - Processing /home/airflow/.local/lib/python3.12/site-packages/airflow/example_dags/example_latest_only.py took 0.026 seconds
[2024-07-07T22:21:28.851+0000] {processor.py:161} INFO - Started process (PID=894) to work on /home/airflow/.local/lib/python3.12/site-packages/airflow/example_dags/example_latest_only.py
[2024-07-07T22:21:28.852+0000] {processor.py:830} INFO - Processing file /home/airflow/.local/lib/python3.12/site-packages/airflow/example_dags/example_latest_only.py for tasks to queue
[2024-07-07T22:21:28.852+0000] {logging_mixin.py:188} INFO - [2024-07-07T22:21:28.852+0000] {dagbag.py:545} INFO - Filling up the DagBag from /home/airflow/.local/lib/python3.12/site-packages/airflow/example_dags/example_latest_only.py
[2024-07-07T22:21:28.854+0000] {processor.py:840} INFO - DAG(s) 'latest_only' retrieved from /home/airflow/.local/lib/python3.12/site-packages/airflow/example_dags/example_latest_only.py
[2024-07-07T22:21:28.862+0000] {logging_mixin.py:188} INFO - [2024-07-07T22:21:28.862+0000] {dag.py:3096} INFO - Sync 1 DAGs
[2024-07-07T22:21:28.870+0000] {logging_mixin.py:188} INFO - [2024-07-07T22:21:28.870+0000] {dag.py:3954} INFO - Setting next_dagrun for latest_only to 2024-07-07 16:00:00+00:00, run_after=2024-07-07 20:00:00+00:00
[2024-07-07T22:21:28.877+0000] {processor.py:183} INFO - Processing /home/airflow/.local/lib/python3.12/site-packages/airflow/example_dags/example_latest_only.py took 0.028 seconds
[2024-07-07T22:21:59.111+0000] {processor.py:161} INFO - Started process (PID=946) to work on /home/airflow/.local/lib/python3.12/site-packages/airflow/example_dags/example_latest_only.py
[2024-07-07T22:21:59.112+0000] {processor.py:830} INFO - Processing file /home/airflow/.local/lib/python3.12/site-packages/airflow/example_dags/example_latest_only.py for tasks to queue
[2024-07-07T22:21:59.112+0000] {logging_mixin.py:188} INFO - [2024-07-07T22:21:59.112+0000] {dagbag.py:545} INFO - Filling up the DagBag from /home/airflow/.local/lib/python3.12/site-packages/airflow/example_dags/example_latest_only.py
[2024-07-07T22:21:59.114+0000] {processor.py:840} INFO - DAG(s) 'latest_only' retrieved from /home/airflow/.local/lib/python3.12/site-packages/airflow/example_dags/example_latest_only.py
[2024-07-07T22:21:59.121+0000] {logging_mixin.py:188} INFO - [2024-07-07T22:21:59.121+0000] {dag.py:3096} INFO - Sync 1 DAGs
[2024-07-07T22:21:59.128+0000] {logging_mixin.py:188} INFO - [2024-07-07T22:21:59.128+0000] {dag.py:3954} INFO - Setting next_dagrun for latest_only to 2024-07-07 16:00:00+00:00, run_after=2024-07-07 20:00:00+00:00
[2024-07-07T22:21:59.134+0000] {processor.py:183} INFO - Processing /home/airflow/.local/lib/python3.12/site-packages/airflow/example_dags/example_latest_only.py took 0.025 seconds
[2024-07-07T22:22:29.496+0000] {processor.py:161} INFO - Started process (PID=998) to work on /home/airflow/.local/lib/python3.12/site-packages/airflow/example_dags/example_latest_only.py
[2024-07-07T22:22:29.497+0000] {processor.py:830} INFO - Processing file /home/airflow/.local/lib/python3.12/site-packages/airflow/example_dags/example_latest_only.py for tasks to queue
[2024-07-07T22:22:29.498+0000] {logging_mixin.py:188} INFO - [2024-07-07T22:22:29.498+0000] {dagbag.py:545} INFO - Filling up the DagBag from /home/airflow/.local/lib/python3.12/site-packages/airflow/example_dags/example_latest_only.py
[2024-07-07T22:22:29.500+0000] {processor.py:840} INFO - DAG(s) 'latest_only' retrieved from /home/airflow/.local/lib/python3.12/site-packages/airflow/example_dags/example_latest_only.py
[2024-07-07T22:22:29.506+0000] {logging_mixin.py:188} INFO - [2024-07-07T22:22:29.506+0000] {dag.py:3096} INFO - Sync 1 DAGs
[2024-07-07T22:22:29.513+0000] {logging_mixin.py:188} INFO - [2024-07-07T22:22:29.513+0000] {dag.py:3954} INFO - Setting next_dagrun for latest_only to 2024-07-07 16:00:00+00:00, run_after=2024-07-07 20:00:00+00:00
[2024-07-07T22:22:29.519+0000] {processor.py:183} INFO - Processing /home/airflow/.local/lib/python3.12/site-packages/airflow/example_dags/example_latest_only.py took 0.025 seconds
[2024-07-07T22:22:59.869+0000] {processor.py:161} INFO - Started process (PID=1050) to work on /home/airflow/.local/lib/python3.12/site-packages/airflow/example_dags/example_latest_only.py
[2024-07-07T22:22:59.869+0000] {processor.py:830} INFO - Processing file /home/airflow/.local/lib/python3.12/site-packages/airflow/example_dags/example_latest_only.py for tasks to queue
[2024-07-07T22:22:59.870+0000] {logging_mixin.py:188} INFO - [2024-07-07T22:22:59.870+0000] {dagbag.py:545} INFO - Filling up the DagBag from /home/airflow/.local/lib/python3.12/site-packages/airflow/example_dags/example_latest_only.py
[2024-07-07T22:22:59.872+0000] {processor.py:840} INFO - DAG(s) 'latest_only' retrieved from /home/airflow/.local/lib/python3.12/site-packages/airflow/example_dags/example_latest_only.py
[2024-07-07T22:22:59.882+0000] {logging_mixin.py:188} INFO - [2024-07-07T22:22:59.882+0000] {dag.py:3096} INFO - Sync 1 DAGs
[2024-07-07T22:22:59.891+0000] {logging_mixin.py:188} INFO - [2024-07-07T22:22:59.891+0000] {dag.py:3954} INFO - Setting next_dagrun for latest_only to 2024-07-07 16:00:00+00:00, run_after=2024-07-07 20:00:00+00:00
[2024-07-07T22:22:59.899+0000] {processor.py:183} INFO - Processing /home/airflow/.local/lib/python3.12/site-packages/airflow/example_dags/example_latest_only.py took 0.032 seconds
[2024-07-07T22:23:30.168+0000] {processor.py:161} INFO - Started process (PID=1102) to work on /home/airflow/.local/lib/python3.12/site-packages/airflow/example_dags/example_latest_only.py
[2024-07-07T22:23:30.169+0000] {processor.py:830} INFO - Processing file /home/airflow/.local/lib/python3.12/site-packages/airflow/example_dags/example_latest_only.py for tasks to queue
[2024-07-07T22:23:30.169+0000] {logging_mixin.py:188} INFO - [2024-07-07T22:23:30.169+0000] {dagbag.py:545} INFO - Filling up the DagBag from /home/airflow/.local/lib/python3.12/site-packages/airflow/example_dags/example_latest_only.py
[2024-07-07T22:23:30.171+0000] {processor.py:840} INFO - DAG(s) 'latest_only' retrieved from /home/airflow/.local/lib/python3.12/site-packages/airflow/example_dags/example_latest_only.py
[2024-07-07T22:23:30.178+0000] {logging_mixin.py:188} INFO - [2024-07-07T22:23:30.178+0000] {dag.py:3096} INFO - Sync 1 DAGs
[2024-07-07T22:23:30.186+0000] {logging_mixin.py:188} INFO - [2024-07-07T22:23:30.186+0000] {dag.py:3954} INFO - Setting next_dagrun for latest_only to 2024-07-07 16:00:00+00:00, run_after=2024-07-07 20:00:00+00:00
[2024-07-07T22:23:30.193+0000] {processor.py:183} INFO - Processing /home/airflow/.local/lib/python3.12/site-packages/airflow/example_dags/example_latest_only.py took 0.027 seconds
[2024-07-07T22:24:00.538+0000] {processor.py:161} INFO - Started process (PID=1154) to work on /home/airflow/.local/lib/python3.12/site-packages/airflow/example_dags/example_latest_only.py
[2024-07-07T22:24:00.538+0000] {processor.py:830} INFO - Processing file /home/airflow/.local/lib/python3.12/site-packages/airflow/example_dags/example_latest_only.py for tasks to queue
[2024-07-07T22:24:00.539+0000] {logging_mixin.py:188} INFO - [2024-07-07T22:24:00.539+0000] {dagbag.py:545} INFO - Filling up the DagBag from /home/airflow/.local/lib/python3.12/site-packages/airflow/example_dags/example_latest_only.py
[2024-07-07T22:24:00.541+0000] {processor.py:840} INFO - DAG(s) 'latest_only' retrieved from /home/airflow/.local/lib/python3.12/site-packages/airflow/example_dags/example_latest_only.py
[2024-07-07T22:24:00.549+0000] {logging_mixin.py:188} INFO - [2024-07-07T22:24:00.548+0000] {dag.py:3096} INFO - Sync 1 DAGs
[2024-07-07T22:24:00.556+0000] {logging_mixin.py:188} INFO - [2024-07-07T22:24:00.556+0000] {dag.py:3954} INFO - Setting next_dagrun for latest_only to 2024-07-07 16:00:00+00:00, run_after=2024-07-07 20:00:00+00:00
[2024-07-07T22:24:00.563+0000] {processor.py:183} INFO - Processing /home/airflow/.local/lib/python3.12/site-packages/airflow/example_dags/example_latest_only.py took 0.027 seconds
[2024-07-07T22:24:30.898+0000] {processor.py:161} INFO - Started process (PID=1207) to work on /home/airflow/.local/lib/python3.12/site-packages/airflow/example_dags/example_latest_only.py
[2024-07-07T22:24:30.898+0000] {processor.py:830} INFO - Processing file /home/airflow/.local/lib/python3.12/site-packages/airflow/example_dags/example_latest_only.py for tasks to queue
[2024-07-07T22:24:30.899+0000] {logging_mixin.py:188} INFO - [2024-07-07T22:24:30.899+0000] {dagbag.py:545} INFO - Filling up the DagBag from /home/airflow/.local/lib/python3.12/site-packages/airflow/example_dags/example_latest_only.py
[2024-07-07T22:24:30.901+0000] {processor.py:840} INFO - DAG(s) 'latest_only' retrieved from /home/airflow/.local/lib/python3.12/site-packages/airflow/example_dags/example_latest_only.py
[2024-07-07T22:24:30.908+0000] {logging_mixin.py:188} INFO - [2024-07-07T22:24:30.908+0000] {dag.py:3096} INFO - Sync 1 DAGs
[2024-07-07T22:24:30.916+0000] {logging_mixin.py:188} INFO - [2024-07-07T22:24:30.916+0000] {dag.py:3954} INFO - Setting next_dagrun for latest_only to 2024-07-07 16:00:00+00:00, run_after=2024-07-07 20:00:00+00:00
[2024-07-07T22:24:30.922+0000] {processor.py:183} INFO - Processing /home/airflow/.local/lib/python3.12/site-packages/airflow/example_dags/example_latest_only.py took 0.027 seconds
[2024-07-07T22:25:01.491+0000] {processor.py:161} INFO - Started process (PID=1258) to work on /home/airflow/.local/lib/python3.12/site-packages/airflow/example_dags/example_latest_only.py
[2024-07-07T22:25:01.491+0000] {processor.py:830} INFO - Processing file /home/airflow/.local/lib/python3.12/site-packages/airflow/example_dags/example_latest_only.py for tasks to queue
[2024-07-07T22:25:01.492+0000] {logging_mixin.py:188} INFO - [2024-07-07T22:25:01.492+0000] {dagbag.py:545} INFO - Filling up the DagBag from /home/airflow/.local/lib/python3.12/site-packages/airflow/example_dags/example_latest_only.py
[2024-07-07T22:25:01.495+0000] {processor.py:840} INFO - DAG(s) 'latest_only' retrieved from /home/airflow/.local/lib/python3.12/site-packages/airflow/example_dags/example_latest_only.py
[2024-07-07T22:25:01.503+0000] {logging_mixin.py:188} INFO - [2024-07-07T22:25:01.503+0000] {dag.py:3096} INFO - Sync 1 DAGs
[2024-07-07T22:25:01.511+0000] {logging_mixin.py:188} INFO - [2024-07-07T22:25:01.511+0000] {dag.py:3954} INFO - Setting next_dagrun for latest_only to 2024-07-07 16:00:00+00:00, run_after=2024-07-07 20:00:00+00:00
[2024-07-07T22:25:01.519+0000] {processor.py:183} INFO - Processing /home/airflow/.local/lib/python3.12/site-packages/airflow/example_dags/example_latest_only.py took 0.030 seconds
[2024-07-07T22:25:31.876+0000] {processor.py:161} INFO - Started process (PID=1310) to work on /home/airflow/.local/lib/python3.12/site-packages/airflow/example_dags/example_latest_only.py
[2024-07-07T22:25:31.876+0000] {processor.py:830} INFO - Processing file /home/airflow/.local/lib/python3.12/site-packages/airflow/example_dags/example_latest_only.py for tasks to queue
[2024-07-07T22:25:31.877+0000] {logging_mixin.py:188} INFO - [2024-07-07T22:25:31.877+0000] {dagbag.py:545} INFO - Filling up the DagBag from /home/airflow/.local/lib/python3.12/site-packages/airflow/example_dags/example_latest_only.py
[2024-07-07T22:25:31.880+0000] {processor.py:840} INFO - DAG(s) 'latest_only' retrieved from /home/airflow/.local/lib/python3.12/site-packages/airflow/example_dags/example_latest_only.py
[2024-07-07T22:25:31.888+0000] {logging_mixin.py:188} INFO - [2024-07-07T22:25:31.888+0000] {dag.py:3096} INFO - Sync 1 DAGs
[2024-07-07T22:25:31.895+0000] {logging_mixin.py:188} INFO - [2024-07-07T22:25:31.895+0000] {dag.py:3954} INFO - Setting next_dagrun for latest_only to 2024-07-07 16:00:00+00:00, run_after=2024-07-07 20:00:00+00:00
[2024-07-07T22:25:31.902+0000] {processor.py:183} INFO - Processing /home/airflow/.local/lib/python3.12/site-packages/airflow/example_dags/example_latest_only.py took 0.028 seconds
[2024-07-07T22:26:02.441+0000] {processor.py:161} INFO - Started process (PID=1362) to work on /home/airflow/.local/lib/python3.12/site-packages/airflow/example_dags/example_latest_only.py
[2024-07-07T22:26:02.442+0000] {processor.py:830} INFO - Processing file /home/airflow/.local/lib/python3.12/site-packages/airflow/example_dags/example_latest_only.py for tasks to queue
[2024-07-07T22:26:02.443+0000] {logging_mixin.py:188} INFO - [2024-07-07T22:26:02.442+0000] {dagbag.py:545} INFO - Filling up the DagBag from /home/airflow/.local/lib/python3.12/site-packages/airflow/example_dags/example_latest_only.py
[2024-07-07T22:26:02.445+0000] {processor.py:840} INFO - DAG(s) 'latest_only' retrieved from /home/airflow/.local/lib/python3.12/site-packages/airflow/example_dags/example_latest_only.py
[2024-07-07T22:26:02.454+0000] {logging_mixin.py:188} INFO - [2024-07-07T22:26:02.454+0000] {dag.py:3096} INFO - Sync 1 DAGs
[2024-07-07T22:26:02.463+0000] {logging_mixin.py:188} INFO - [2024-07-07T22:26:02.463+0000] {dag.py:3954} INFO - Setting next_dagrun for latest_only to 2024-07-07 16:00:00+00:00, run_after=2024-07-07 20:00:00+00:00
[2024-07-07T22:26:02.471+0000] {processor.py:183} INFO - Processing /home/airflow/.local/lib/python3.12/site-packages/airflow/example_dags/example_latest_only.py took 0.032 seconds
[2024-07-07T22:26:32.763+0000] {processor.py:161} INFO - Started process (PID=1414) to work on /home/airflow/.local/lib/python3.12/site-packages/airflow/example_dags/example_latest_only.py
[2024-07-07T22:26:32.763+0000] {processor.py:830} INFO - Processing file /home/airflow/.local/lib/python3.12/site-packages/airflow/example_dags/example_latest_only.py for tasks to queue
[2024-07-07T22:26:32.764+0000] {logging_mixin.py:188} INFO - [2024-07-07T22:26:32.764+0000] {dagbag.py:545} INFO - Filling up the DagBag from /home/airflow/.local/lib/python3.12/site-packages/airflow/example_dags/example_latest_only.py
[2024-07-07T22:26:32.766+0000] {processor.py:840} INFO - DAG(s) 'latest_only' retrieved from /home/airflow/.local/lib/python3.12/site-packages/airflow/example_dags/example_latest_only.py
[2024-07-07T22:26:32.773+0000] {logging_mixin.py:188} INFO - [2024-07-07T22:26:32.773+0000] {dag.py:3096} INFO - Sync 1 DAGs
[2024-07-07T22:26:32.781+0000] {logging_mixin.py:188} INFO - [2024-07-07T22:26:32.781+0000] {dag.py:3954} INFO - Setting next_dagrun for latest_only to 2024-07-07 16:00:00+00:00, run_after=2024-07-07 20:00:00+00:00
[2024-07-07T22:26:32.788+0000] {processor.py:183} INFO - Processing /home/airflow/.local/lib/python3.12/site-packages/airflow/example_dags/example_latest_only.py took 0.027 seconds
[2024-07-07T22:27:03.011+0000] {processor.py:161} INFO - Started process (PID=1466) to work on /home/airflow/.local/lib/python3.12/site-packages/airflow/example_dags/example_latest_only.py
[2024-07-07T22:27:03.011+0000] {processor.py:830} INFO - Processing file /home/airflow/.local/lib/python3.12/site-packages/airflow/example_dags/example_latest_only.py for tasks to queue
[2024-07-07T22:27:03.012+0000] {logging_mixin.py:188} INFO - [2024-07-07T22:27:03.012+0000] {dagbag.py:545} INFO - Filling up the DagBag from /home/airflow/.local/lib/python3.12/site-packages/airflow/example_dags/example_latest_only.py
[2024-07-07T22:27:03.014+0000] {processor.py:840} INFO - DAG(s) 'latest_only' retrieved from /home/airflow/.local/lib/python3.12/site-packages/airflow/example_dags/example_latest_only.py
[2024-07-07T22:27:03.020+0000] {logging_mixin.py:188} INFO - [2024-07-07T22:27:03.020+0000] {dag.py:3096} INFO - Sync 1 DAGs
[2024-07-07T22:27:03.027+0000] {logging_mixin.py:188} INFO - [2024-07-07T22:27:03.027+0000] {dag.py:3954} INFO - Setting next_dagrun for latest_only to 2024-07-07 16:00:00+00:00, run_after=2024-07-07 20:00:00+00:00
[2024-07-07T22:27:03.032+0000] {processor.py:183} INFO - Processing /home/airflow/.local/lib/python3.12/site-packages/airflow/example_dags/example_latest_only.py took 0.024 seconds
[2024-07-07T22:27:33.264+0000] {processor.py:161} INFO - Started process (PID=1518) to work on /home/airflow/.local/lib/python3.12/site-packages/airflow/example_dags/example_latest_only.py
[2024-07-07T22:27:33.264+0000] {processor.py:830} INFO - Processing file /home/airflow/.local/lib/python3.12/site-packages/airflow/example_dags/example_latest_only.py for tasks to queue
[2024-07-07T22:27:33.265+0000] {logging_mixin.py:188} INFO - [2024-07-07T22:27:33.265+0000] {dagbag.py:545} INFO - Filling up the DagBag from /home/airflow/.local/lib/python3.12/site-packages/airflow/example_dags/example_latest_only.py
[2024-07-07T22:27:33.267+0000] {processor.py:840} INFO - DAG(s) 'latest_only' retrieved from /home/airflow/.local/lib/python3.12/site-packages/airflow/example_dags/example_latest_only.py
[2024-07-07T22:27:33.274+0000] {logging_mixin.py:188} INFO - [2024-07-07T22:27:33.274+0000] {dag.py:3096} INFO - Sync 1 DAGs
[2024-07-07T22:27:33.280+0000] {logging_mixin.py:188} INFO - [2024-07-07T22:27:33.280+0000] {dag.py:3954} INFO - Setting next_dagrun for latest_only to 2024-07-07 16:00:00+00:00, run_after=2024-07-07 20:00:00+00:00
[2024-07-07T22:27:33.286+0000] {processor.py:183} INFO - Processing /home/airflow/.local/lib/python3.12/site-packages/airflow/example_dags/example_latest_only.py took 0.024 seconds
[2024-07-07T22:28:03.528+0000] {processor.py:161} INFO - Started process (PID=1570) to work on /home/airflow/.local/lib/python3.12/site-packages/airflow/example_dags/example_latest_only.py
[2024-07-07T22:28:03.528+0000] {processor.py:830} INFO - Processing file /home/airflow/.local/lib/python3.12/site-packages/airflow/example_dags/example_latest_only.py for tasks to queue
[2024-07-07T22:28:03.529+0000] {logging_mixin.py:188} INFO - [2024-07-07T22:28:03.528+0000] {dagbag.py:545} INFO - Filling up the DagBag from /home/airflow/.local/lib/python3.12/site-packages/airflow/example_dags/example_latest_only.py
[2024-07-07T22:28:03.530+0000] {processor.py:840} INFO - DAG(s) 'latest_only' retrieved from /home/airflow/.local/lib/python3.12/site-packages/airflow/example_dags/example_latest_only.py
[2024-07-07T22:28:03.537+0000] {logging_mixin.py:188} INFO - [2024-07-07T22:28:03.537+0000] {dag.py:3096} INFO - Sync 1 DAGs
[2024-07-07T22:28:03.544+0000] {logging_mixin.py:188} INFO - [2024-07-07T22:28:03.544+0000] {dag.py:3954} INFO - Setting next_dagrun for latest_only to 2024-07-07 16:00:00+00:00, run_after=2024-07-07 20:00:00+00:00
[2024-07-07T22:28:03.551+0000] {processor.py:183} INFO - Processing /home/airflow/.local/lib/python3.12/site-packages/airflow/example_dags/example_latest_only.py took 0.025 seconds
[2024-07-07T22:28:33.819+0000] {processor.py:161} INFO - Started process (PID=1622) to work on /home/airflow/.local/lib/python3.12/site-packages/airflow/example_dags/example_latest_only.py
[2024-07-07T22:28:33.819+0000] {processor.py:830} INFO - Processing file /home/airflow/.local/lib/python3.12/site-packages/airflow/example_dags/example_latest_only.py for tasks to queue
[2024-07-07T22:28:33.820+0000] {logging_mixin.py:188} INFO - [2024-07-07T22:28:33.820+0000] {dagbag.py:545} INFO - Filling up the DagBag from /home/airflow/.local/lib/python3.12/site-packages/airflow/example_dags/example_latest_only.py
[2024-07-07T22:28:33.822+0000] {processor.py:840} INFO - DAG(s) 'latest_only' retrieved from /home/airflow/.local/lib/python3.12/site-packages/airflow/example_dags/example_latest_only.py
[2024-07-07T22:28:33.829+0000] {logging_mixin.py:188} INFO - [2024-07-07T22:28:33.829+0000] {dag.py:3096} INFO - Sync 1 DAGs
[2024-07-07T22:28:33.837+0000] {logging_mixin.py:188} INFO - [2024-07-07T22:28:33.837+0000] {dag.py:3954} INFO - Setting next_dagrun for latest_only to 2024-07-07 16:00:00+00:00, run_after=2024-07-07 20:00:00+00:00
[2024-07-07T22:28:33.843+0000] {processor.py:183} INFO - Processing /home/airflow/.local/lib/python3.12/site-packages/airflow/example_dags/example_latest_only.py took 0.027 seconds
[2024-07-07T22:29:04.093+0000] {processor.py:161} INFO - Started process (PID=1674) to work on /home/airflow/.local/lib/python3.12/site-packages/airflow/example_dags/example_latest_only.py
[2024-07-07T22:29:04.094+0000] {processor.py:830} INFO - Processing file /home/airflow/.local/lib/python3.12/site-packages/airflow/example_dags/example_latest_only.py for tasks to queue
[2024-07-07T22:29:04.094+0000] {logging_mixin.py:188} INFO - [2024-07-07T22:29:04.094+0000] {dagbag.py:545} INFO - Filling up the DagBag from /home/airflow/.local/lib/python3.12/site-packages/airflow/example_dags/example_latest_only.py
[2024-07-07T22:29:04.096+0000] {processor.py:840} INFO - DAG(s) 'latest_only' retrieved from /home/airflow/.local/lib/python3.12/site-packages/airflow/example_dags/example_latest_only.py
[2024-07-07T22:29:04.103+0000] {logging_mixin.py:188} INFO - [2024-07-07T22:29:04.103+0000] {dag.py:3096} INFO - Sync 1 DAGs
[2024-07-07T22:29:04.110+0000] {logging_mixin.py:188} INFO - [2024-07-07T22:29:04.110+0000] {dag.py:3954} INFO - Setting next_dagrun for latest_only to 2024-07-07 16:00:00+00:00, run_after=2024-07-07 20:00:00+00:00
[2024-07-07T22:29:04.115+0000] {processor.py:183} INFO - Processing /home/airflow/.local/lib/python3.12/site-packages/airflow/example_dags/example_latest_only.py took 0.024 seconds
[2024-07-07T22:29:34.631+0000] {processor.py:161} INFO - Started process (PID=1726) to work on /home/airflow/.local/lib/python3.12/site-packages/airflow/example_dags/example_latest_only.py
[2024-07-07T22:29:34.631+0000] {processor.py:830} INFO - Processing file /home/airflow/.local/lib/python3.12/site-packages/airflow/example_dags/example_latest_only.py for tasks to queue
[2024-07-07T22:29:34.632+0000] {logging_mixin.py:188} INFO - [2024-07-07T22:29:34.632+0000] {dagbag.py:545} INFO - Filling up the DagBag from /home/airflow/.local/lib/python3.12/site-packages/airflow/example_dags/example_latest_only.py
[2024-07-07T22:29:34.634+0000] {processor.py:840} INFO - DAG(s) 'latest_only' retrieved from /home/airflow/.local/lib/python3.12/site-packages/airflow/example_dags/example_latest_only.py
[2024-07-07T22:29:34.640+0000] {logging_mixin.py:188} INFO - [2024-07-07T22:29:34.640+0000] {dag.py:3096} INFO - Sync 1 DAGs
[2024-07-07T22:29:34.647+0000] {logging_mixin.py:188} INFO - [2024-07-07T22:29:34.647+0000] {dag.py:3954} INFO - Setting next_dagrun for latest_only to 2024-07-07 16:00:00+00:00, run_after=2024-07-07 20:00:00+00:00
[2024-07-07T22:29:34.653+0000] {processor.py:183} INFO - Processing /home/airflow/.local/lib/python3.12/site-packages/airflow/example_dags/example_latest_only.py took 0.024 seconds
[2024-07-07T22:30:05.155+0000] {processor.py:161} INFO - Started process (PID=1778) to work on /home/airflow/.local/lib/python3.12/site-packages/airflow/example_dags/example_latest_only.py
[2024-07-07T22:30:05.156+0000] {processor.py:830} INFO - Processing file /home/airflow/.local/lib/python3.12/site-packages/airflow/example_dags/example_latest_only.py for tasks to queue
[2024-07-07T22:30:05.156+0000] {logging_mixin.py:188} INFO - [2024-07-07T22:30:05.156+0000] {dagbag.py:545} INFO - Filling up the DagBag from /home/airflow/.local/lib/python3.12/site-packages/airflow/example_dags/example_latest_only.py
[2024-07-07T22:30:05.158+0000] {processor.py:840} INFO - DAG(s) 'latest_only' retrieved from /home/airflow/.local/lib/python3.12/site-packages/airflow/example_dags/example_latest_only.py
[2024-07-07T22:30:05.165+0000] {logging_mixin.py:188} INFO - [2024-07-07T22:30:05.165+0000] {dag.py:3096} INFO - Sync 1 DAGs
[2024-07-07T22:30:05.172+0000] {logging_mixin.py:188} INFO - [2024-07-07T22:30:05.172+0000] {dag.py:3954} INFO - Setting next_dagrun for latest_only to 2024-07-07 16:00:00+00:00, run_after=2024-07-07 20:00:00+00:00
[2024-07-07T22:30:05.178+0000] {processor.py:183} INFO - Processing /home/airflow/.local/lib/python3.12/site-packages/airflow/example_dags/example_latest_only.py took 0.025 seconds
[2024-07-07T22:30:35.989+0000] {processor.py:161} INFO - Started process (PID=1830) to work on /home/airflow/.local/lib/python3.12/site-packages/airflow/example_dags/example_latest_only.py
[2024-07-07T22:30:35.989+0000] {processor.py:830} INFO - Processing file /home/airflow/.local/lib/python3.12/site-packages/airflow/example_dags/example_latest_only.py for tasks to queue
[2024-07-07T22:30:35.990+0000] {logging_mixin.py:188} INFO - [2024-07-07T22:30:35.990+0000] {dagbag.py:545} INFO - Filling up the DagBag from /home/airflow/.local/lib/python3.12/site-packages/airflow/example_dags/example_latest_only.py
[2024-07-07T22:30:35.992+0000] {processor.py:840} INFO - DAG(s) 'latest_only' retrieved from /home/airflow/.local/lib/python3.12/site-packages/airflow/example_dags/example_latest_only.py
[2024-07-07T22:30:35.999+0000] {logging_mixin.py:188} INFO - [2024-07-07T22:30:35.999+0000] {dag.py:3096} INFO - Sync 1 DAGs
[2024-07-07T22:30:36.074+0000] {logging_mixin.py:188} INFO - [2024-07-07T22:30:36.074+0000] {dag.py:3954} INFO - Setting next_dagrun for latest_only to 2024-07-07 16:00:00+00:00, run_after=2024-07-07 20:00:00+00:00
[2024-07-07T22:30:36.080+0000] {processor.py:183} INFO - Processing /home/airflow/.local/lib/python3.12/site-packages/airflow/example_dags/example_latest_only.py took 0.093 seconds
[2024-07-07T22:31:06.660+0000] {processor.py:161} INFO - Started process (PID=1882) to work on /home/airflow/.local/lib/python3.12/site-packages/airflow/example_dags/example_latest_only.py
[2024-07-07T22:31:06.661+0000] {processor.py:830} INFO - Processing file /home/airflow/.local/lib/python3.12/site-packages/airflow/example_dags/example_latest_only.py for tasks to queue
[2024-07-07T22:31:06.661+0000] {logging_mixin.py:188} INFO - [2024-07-07T22:31:06.661+0000] {dagbag.py:545} INFO - Filling up the DagBag from /home/airflow/.local/lib/python3.12/site-packages/airflow/example_dags/example_latest_only.py
[2024-07-07T22:31:06.664+0000] {processor.py:840} INFO - DAG(s) 'latest_only' retrieved from /home/airflow/.local/lib/python3.12/site-packages/airflow/example_dags/example_latest_only.py
[2024-07-07T22:31:06.671+0000] {logging_mixin.py:188} INFO - [2024-07-07T22:31:06.671+0000] {dag.py:3096} INFO - Sync 1 DAGs
[2024-07-07T22:31:06.679+0000] {logging_mixin.py:188} INFO - [2024-07-07T22:31:06.679+0000] {dag.py:3954} INFO - Setting next_dagrun for latest_only to 2024-07-07 16:00:00+00:00, run_after=2024-07-07 20:00:00+00:00
[2024-07-07T22:31:06.687+0000] {processor.py:183} INFO - Processing /home/airflow/.local/lib/python3.12/site-packages/airflow/example_dags/example_latest_only.py took 0.029 seconds
[2024-07-07T22:31:37.553+0000] {processor.py:161} INFO - Started process (PID=1934) to work on /home/airflow/.local/lib/python3.12/site-packages/airflow/example_dags/example_latest_only.py
[2024-07-07T22:31:37.554+0000] {processor.py:830} INFO - Processing file /home/airflow/.local/lib/python3.12/site-packages/airflow/example_dags/example_latest_only.py for tasks to queue
[2024-07-07T22:31:37.554+0000] {logging_mixin.py:188} INFO - [2024-07-07T22:31:37.554+0000] {dagbag.py:545} INFO - Filling up the DagBag from /home/airflow/.local/lib/python3.12/site-packages/airflow/example_dags/example_latest_only.py
[2024-07-07T22:31:37.556+0000] {processor.py:840} INFO - DAG(s) 'latest_only' retrieved from /home/airflow/.local/lib/python3.12/site-packages/airflow/example_dags/example_latest_only.py
[2024-07-07T22:31:37.563+0000] {logging_mixin.py:188} INFO - [2024-07-07T22:31:37.563+0000] {dag.py:3096} INFO - Sync 1 DAGs
[2024-07-07T22:31:37.570+0000] {logging_mixin.py:188} INFO - [2024-07-07T22:31:37.570+0000] {dag.py:3954} INFO - Setting next_dagrun for latest_only to 2024-07-07 16:00:00+00:00, run_after=2024-07-07 20:00:00+00:00
[2024-07-07T22:31:37.576+0000] {processor.py:183} INFO - Processing /home/airflow/.local/lib/python3.12/site-packages/airflow/example_dags/example_latest_only.py took 0.025 seconds
[2024-07-07T22:32:09.234+0000] {processor.py:161} INFO - Started process (PID=1986) to work on /home/airflow/.local/lib/python3.12/site-packages/airflow/example_dags/example_latest_only.py
[2024-07-07T22:32:09.234+0000] {processor.py:830} INFO - Processing file /home/airflow/.local/lib/python3.12/site-packages/airflow/example_dags/example_latest_only.py for tasks to queue
[2024-07-07T22:32:09.235+0000] {logging_mixin.py:188} INFO - [2024-07-07T22:32:09.235+0000] {dagbag.py:545} INFO - Filling up the DagBag from /home/airflow/.local/lib/python3.12/site-packages/airflow/example_dags/example_latest_only.py
[2024-07-07T22:32:09.236+0000] {processor.py:840} INFO - DAG(s) 'latest_only' retrieved from /home/airflow/.local/lib/python3.12/site-packages/airflow/example_dags/example_latest_only.py
[2024-07-07T22:32:09.244+0000] {logging_mixin.py:188} INFO - [2024-07-07T22:32:09.243+0000] {dag.py:3096} INFO - Sync 1 DAGs
[2024-07-07T22:32:09.251+0000] {logging_mixin.py:188} INFO - [2024-07-07T22:32:09.251+0000] {dag.py:3954} INFO - Setting next_dagrun for latest_only to 2024-07-07 16:00:00+00:00, run_after=2024-07-07 20:00:00+00:00
[2024-07-07T22:32:09.256+0000] {processor.py:183} INFO - Processing /home/airflow/.local/lib/python3.12/site-packages/airflow/example_dags/example_latest_only.py took 0.025 seconds
[2024-07-07T22:32:39.655+0000] {processor.py:161} INFO - Started process (PID=2038) to work on /home/airflow/.local/lib/python3.12/site-packages/airflow/example_dags/example_latest_only.py
[2024-07-07T22:32:39.655+0000] {processor.py:830} INFO - Processing file /home/airflow/.local/lib/python3.12/site-packages/airflow/example_dags/example_latest_only.py for tasks to queue
[2024-07-07T22:32:39.656+0000] {logging_mixin.py:188} INFO - [2024-07-07T22:32:39.656+0000] {dagbag.py:545} INFO - Filling up the DagBag from /home/airflow/.local/lib/python3.12/site-packages/airflow/example_dags/example_latest_only.py
[2024-07-07T22:32:39.658+0000] {processor.py:840} INFO - DAG(s) 'latest_only' retrieved from /home/airflow/.local/lib/python3.12/site-packages/airflow/example_dags/example_latest_only.py
[2024-07-07T22:32:39.665+0000] {logging_mixin.py:188} INFO - [2024-07-07T22:32:39.665+0000] {dag.py:3096} INFO - Sync 1 DAGs
[2024-07-07T22:32:39.673+0000] {logging_mixin.py:188} INFO - [2024-07-07T22:32:39.673+0000] {dag.py:3954} INFO - Setting next_dagrun for latest_only to 2024-07-07 16:00:00+00:00, run_after=2024-07-07 20:00:00+00:00
[2024-07-07T22:32:39.679+0000] {processor.py:183} INFO - Processing /home/airflow/.local/lib/python3.12/site-packages/airflow/example_dags/example_latest_only.py took 0.026 seconds
[2024-07-07T22:33:10.183+0000] {processor.py:161} INFO - Started process (PID=2090) to work on /home/airflow/.local/lib/python3.12/site-packages/airflow/example_dags/example_latest_only.py
[2024-07-07T22:33:10.184+0000] {processor.py:830} INFO - Processing file /home/airflow/.local/lib/python3.12/site-packages/airflow/example_dags/example_latest_only.py for tasks to queue
[2024-07-07T22:33:10.184+0000] {logging_mixin.py:188} INFO - [2024-07-07T22:33:10.184+0000] {dagbag.py:545} INFO - Filling up the DagBag from /home/airflow/.local/lib/python3.12/site-packages/airflow/example_dags/example_latest_only.py
[2024-07-07T22:33:10.187+0000] {processor.py:840} INFO - DAG(s) 'latest_only' retrieved from /home/airflow/.local/lib/python3.12/site-packages/airflow/example_dags/example_latest_only.py
[2024-07-07T22:33:10.197+0000] {logging_mixin.py:188} INFO - [2024-07-07T22:33:10.197+0000] {dag.py:3096} INFO - Sync 1 DAGs
[2024-07-07T22:33:10.207+0000] {logging_mixin.py:188} INFO - [2024-07-07T22:33:10.207+0000] {dag.py:3954} INFO - Setting next_dagrun for latest_only to 2024-07-07 16:00:00+00:00, run_after=2024-07-07 20:00:00+00:00
[2024-07-07T22:33:10.215+0000] {processor.py:183} INFO - Processing /home/airflow/.local/lib/python3.12/site-packages/airflow/example_dags/example_latest_only.py took 0.034 seconds
[2024-07-07T22:33:40.657+0000] {processor.py:161} INFO - Started process (PID=2142) to work on /home/airflow/.local/lib/python3.12/site-packages/airflow/example_dags/example_latest_only.py
[2024-07-07T22:33:40.658+0000] {processor.py:830} INFO - Processing file /home/airflow/.local/lib/python3.12/site-packages/airflow/example_dags/example_latest_only.py for tasks to queue
[2024-07-07T22:33:40.659+0000] {logging_mixin.py:188} INFO - [2024-07-07T22:33:40.659+0000] {dagbag.py:545} INFO - Filling up the DagBag from /home/airflow/.local/lib/python3.12/site-packages/airflow/example_dags/example_latest_only.py
[2024-07-07T22:33:40.661+0000] {processor.py:840} INFO - DAG(s) 'latest_only' retrieved from /home/airflow/.local/lib/python3.12/site-packages/airflow/example_dags/example_latest_only.py
[2024-07-07T22:33:40.673+0000] {logging_mixin.py:188} INFO - [2024-07-07T22:33:40.673+0000] {dag.py:3096} INFO - Sync 1 DAGs
[2024-07-07T22:33:40.683+0000] {logging_mixin.py:188} INFO - [2024-07-07T22:33:40.683+0000] {dag.py:3954} INFO - Setting next_dagrun for latest_only to 2024-07-07 16:00:00+00:00, run_after=2024-07-07 20:00:00+00:00
[2024-07-07T22:33:40.691+0000] {processor.py:183} INFO - Processing /home/airflow/.local/lib/python3.12/site-packages/airflow/example_dags/example_latest_only.py took 0.038 seconds
