[2024-07-07T22:13:08.253+0000] {processor.py:161} INFO - Started process (PID=47) to work on /home/airflow/.local/lib/python3.12/site-packages/airflow/example_dags/example_skip_dag.py
[2024-07-07T22:13:08.254+0000] {processor.py:830} INFO - Processing file /home/airflow/.local/lib/python3.12/site-packages/airflow/example_dags/example_skip_dag.py for tasks to queue
[2024-07-07T22:13:08.255+0000] {logging_mixin.py:188} INFO - [2024-07-07T22:13:08.255+0000] {dagbag.py:545} INFO - Filling up the DagBag from /home/airflow/.local/lib/python3.12/site-packages/airflow/example_dags/example_skip_dag.py
[2024-07-07T22:13:08.260+0000] {processor.py:840} INFO - DAG(s) 'example_skip_dag' retrieved from /home/airflow/.local/lib/python3.12/site-packages/airflow/example_dags/example_skip_dag.py
[2024-07-07T22:13:08.317+0000] {logging_mixin.py:188} INFO - [2024-07-07T22:13:08.316+0000] {override.py:1829} INFO - Created Permission View: can edit on DAG:example_skip_dag
[2024-07-07T22:13:08.323+0000] {logging_mixin.py:188} INFO - [2024-07-07T22:13:08.323+0000] {override.py:1829} INFO - Created Permission View: can read on DAG:example_skip_dag
[2024-07-07T22:13:08.328+0000] {logging_mixin.py:188} INFO - [2024-07-07T22:13:08.328+0000] {override.py:1829} INFO - Created Permission View: can delete on DAG:example_skip_dag
[2024-07-07T22:13:08.328+0000] {logging_mixin.py:188} INFO - [2024-07-07T22:13:08.328+0000] {dag.py:3096} INFO - Sync 1 DAGs
[2024-07-07T22:13:08.335+0000] {logging_mixin.py:188} INFO - [2024-07-07T22:13:08.335+0000] {dag.py:3118} INFO - Creating ORM DAG for example_skip_dag
[2024-07-07T22:13:08.344+0000] {logging_mixin.py:188} INFO - [2024-07-07T22:13:08.344+0000] {dag.py:3954} INFO - Setting next_dagrun for example_skip_dag to 2024-07-06 00:00:00+00:00, run_after=2024-07-07 00:00:00+00:00
[2024-07-07T22:13:08.359+0000] {processor.py:183} INFO - Processing /home/airflow/.local/lib/python3.12/site-packages/airflow/example_dags/example_skip_dag.py took 0.110 seconds
[2024-07-07T22:13:53.108+0000] {processor.py:161} INFO - Started process (PID=47) to work on /home/airflow/.local/lib/python3.12/site-packages/airflow/example_dags/example_skip_dag.py
[2024-07-07T22:13:53.109+0000] {processor.py:830} INFO - Processing file /home/airflow/.local/lib/python3.12/site-packages/airflow/example_dags/example_skip_dag.py for tasks to queue
[2024-07-07T22:13:53.110+0000] {logging_mixin.py:188} INFO - [2024-07-07T22:13:53.110+0000] {dagbag.py:545} INFO - Filling up the DagBag from /home/airflow/.local/lib/python3.12/site-packages/airflow/example_dags/example_skip_dag.py
[2024-07-07T22:13:53.125+0000] {processor.py:840} INFO - DAG(s) 'example_skip_dag' retrieved from /home/airflow/.local/lib/python3.12/site-packages/airflow/example_dags/example_skip_dag.py
[2024-07-07T22:13:53.135+0000] {logging_mixin.py:188} INFO - [2024-07-07T22:13:53.135+0000] {dag.py:3096} INFO - Sync 1 DAGs
[2024-07-07T22:13:53.155+0000] {logging_mixin.py:188} INFO - [2024-07-07T22:13:53.155+0000] {dag.py:3954} INFO - Setting next_dagrun for example_skip_dag to 2024-07-06 00:00:00+00:00, run_after=2024-07-07 00:00:00+00:00
[2024-07-07T22:13:53.176+0000] {processor.py:183} INFO - Processing /home/airflow/.local/lib/python3.12/site-packages/airflow/example_dags/example_skip_dag.py took 0.071 seconds
[2024-07-07T22:14:23.241+0000] {processor.py:161} INFO - Started process (PID=99) to work on /home/airflow/.local/lib/python3.12/site-packages/airflow/example_dags/example_skip_dag.py
[2024-07-07T22:14:23.242+0000] {processor.py:830} INFO - Processing file /home/airflow/.local/lib/python3.12/site-packages/airflow/example_dags/example_skip_dag.py for tasks to queue
[2024-07-07T22:14:23.242+0000] {logging_mixin.py:188} INFO - [2024-07-07T22:14:23.242+0000] {dagbag.py:545} INFO - Filling up the DagBag from /home/airflow/.local/lib/python3.12/site-packages/airflow/example_dags/example_skip_dag.py
[2024-07-07T22:14:23.245+0000] {processor.py:840} INFO - DAG(s) 'example_skip_dag' retrieved from /home/airflow/.local/lib/python3.12/site-packages/airflow/example_dags/example_skip_dag.py
[2024-07-07T22:14:23.281+0000] {logging_mixin.py:188} INFO - [2024-07-07T22:14:23.281+0000] {dag.py:3096} INFO - Sync 1 DAGs
[2024-07-07T22:14:23.288+0000] {logging_mixin.py:188} INFO - [2024-07-07T22:14:23.288+0000] {dag.py:3954} INFO - Setting next_dagrun for example_skip_dag to 2024-07-06 00:00:00+00:00, run_after=2024-07-07 00:00:00+00:00
[2024-07-07T22:14:23.296+0000] {processor.py:183} INFO - Processing /home/airflow/.local/lib/python3.12/site-packages/airflow/example_dags/example_skip_dag.py took 0.056 seconds
[2024-07-07T22:14:53.333+0000] {processor.py:161} INFO - Started process (PID=151) to work on /home/airflow/.local/lib/python3.12/site-packages/airflow/example_dags/example_skip_dag.py
[2024-07-07T22:14:53.334+0000] {processor.py:830} INFO - Processing file /home/airflow/.local/lib/python3.12/site-packages/airflow/example_dags/example_skip_dag.py for tasks to queue
[2024-07-07T22:14:53.334+0000] {logging_mixin.py:188} INFO - [2024-07-07T22:14:53.334+0000] {dagbag.py:545} INFO - Filling up the DagBag from /home/airflow/.local/lib/python3.12/site-packages/airflow/example_dags/example_skip_dag.py
[2024-07-07T22:14:53.337+0000] {processor.py:840} INFO - DAG(s) 'example_skip_dag' retrieved from /home/airflow/.local/lib/python3.12/site-packages/airflow/example_dags/example_skip_dag.py
[2024-07-07T22:14:53.344+0000] {logging_mixin.py:188} INFO - [2024-07-07T22:14:53.344+0000] {dag.py:3096} INFO - Sync 1 DAGs
[2024-07-07T22:14:53.351+0000] {logging_mixin.py:188} INFO - [2024-07-07T22:14:53.351+0000] {dag.py:3954} INFO - Setting next_dagrun for example_skip_dag to 2024-07-06 00:00:00+00:00, run_after=2024-07-07 00:00:00+00:00
[2024-07-07T22:14:53.356+0000] {processor.py:183} INFO - Processing /home/airflow/.local/lib/python3.12/site-packages/airflow/example_dags/example_skip_dag.py took 0.025 seconds
[2024-07-07T22:15:23.591+0000] {processor.py:161} INFO - Started process (PID=203) to work on /home/airflow/.local/lib/python3.12/site-packages/airflow/example_dags/example_skip_dag.py
[2024-07-07T22:15:23.591+0000] {processor.py:830} INFO - Processing file /home/airflow/.local/lib/python3.12/site-packages/airflow/example_dags/example_skip_dag.py for tasks to queue
[2024-07-07T22:15:23.592+0000] {logging_mixin.py:188} INFO - [2024-07-07T22:15:23.591+0000] {dagbag.py:545} INFO - Filling up the DagBag from /home/airflow/.local/lib/python3.12/site-packages/airflow/example_dags/example_skip_dag.py
[2024-07-07T22:15:23.594+0000] {processor.py:840} INFO - DAG(s) 'example_skip_dag' retrieved from /home/airflow/.local/lib/python3.12/site-packages/airflow/example_dags/example_skip_dag.py
[2024-07-07T22:15:23.601+0000] {logging_mixin.py:188} INFO - [2024-07-07T22:15:23.601+0000] {dag.py:3096} INFO - Sync 1 DAGs
[2024-07-07T22:15:23.608+0000] {logging_mixin.py:188} INFO - [2024-07-07T22:15:23.608+0000] {dag.py:3954} INFO - Setting next_dagrun for example_skip_dag to 2024-07-06 00:00:00+00:00, run_after=2024-07-07 00:00:00+00:00
[2024-07-07T22:15:23.614+0000] {processor.py:183} INFO - Processing /home/airflow/.local/lib/python3.12/site-packages/airflow/example_dags/example_skip_dag.py took 0.025 seconds
[2024-07-07T22:15:53.840+0000] {processor.py:161} INFO - Started process (PID=267) to work on /home/airflow/.local/lib/python3.12/site-packages/airflow/example_dags/example_skip_dag.py
[2024-07-07T22:15:53.841+0000] {processor.py:830} INFO - Processing file /home/airflow/.local/lib/python3.12/site-packages/airflow/example_dags/example_skip_dag.py for tasks to queue
[2024-07-07T22:15:53.842+0000] {logging_mixin.py:188} INFO - [2024-07-07T22:15:53.841+0000] {dagbag.py:545} INFO - Filling up the DagBag from /home/airflow/.local/lib/python3.12/site-packages/airflow/example_dags/example_skip_dag.py
[2024-07-07T22:15:53.844+0000] {processor.py:840} INFO - DAG(s) 'example_skip_dag' retrieved from /home/airflow/.local/lib/python3.12/site-packages/airflow/example_dags/example_skip_dag.py
[2024-07-07T22:15:53.852+0000] {logging_mixin.py:188} INFO - [2024-07-07T22:15:53.852+0000] {dag.py:3096} INFO - Sync 1 DAGs
[2024-07-07T22:15:53.861+0000] {logging_mixin.py:188} INFO - [2024-07-07T22:15:53.860+0000] {dag.py:3954} INFO - Setting next_dagrun for example_skip_dag to 2024-07-06 00:00:00+00:00, run_after=2024-07-07 00:00:00+00:00
[2024-07-07T22:15:53.870+0000] {processor.py:183} INFO - Processing /home/airflow/.local/lib/python3.12/site-packages/airflow/example_dags/example_skip_dag.py took 0.031 seconds
[2024-07-07T22:16:24.042+0000] {processor.py:161} INFO - Started process (PID=327) to work on /home/airflow/.local/lib/python3.12/site-packages/airflow/example_dags/example_skip_dag.py
[2024-07-07T22:16:24.042+0000] {processor.py:830} INFO - Processing file /home/airflow/.local/lib/python3.12/site-packages/airflow/example_dags/example_skip_dag.py for tasks to queue
[2024-07-07T22:16:24.043+0000] {logging_mixin.py:188} INFO - [2024-07-07T22:16:24.043+0000] {dagbag.py:545} INFO - Filling up the DagBag from /home/airflow/.local/lib/python3.12/site-packages/airflow/example_dags/example_skip_dag.py
[2024-07-07T22:16:24.045+0000] {processor.py:840} INFO - DAG(s) 'example_skip_dag' retrieved from /home/airflow/.local/lib/python3.12/site-packages/airflow/example_dags/example_skip_dag.py
[2024-07-07T22:16:24.053+0000] {logging_mixin.py:188} INFO - [2024-07-07T22:16:24.053+0000] {dag.py:3096} INFO - Sync 1 DAGs
[2024-07-07T22:16:24.061+0000] {logging_mixin.py:188} INFO - [2024-07-07T22:16:24.061+0000] {dag.py:3954} INFO - Setting next_dagrun for example_skip_dag to 2024-07-06 00:00:00+00:00, run_after=2024-07-07 00:00:00+00:00
[2024-07-07T22:16:24.066+0000] {processor.py:183} INFO - Processing /home/airflow/.local/lib/python3.12/site-packages/airflow/example_dags/example_skip_dag.py took 0.027 seconds
[2024-07-07T22:16:54.253+0000] {processor.py:161} INFO - Started process (PID=393) to work on /home/airflow/.local/lib/python3.12/site-packages/airflow/example_dags/example_skip_dag.py
[2024-07-07T22:16:54.253+0000] {processor.py:830} INFO - Processing file /home/airflow/.local/lib/python3.12/site-packages/airflow/example_dags/example_skip_dag.py for tasks to queue
[2024-07-07T22:16:54.254+0000] {logging_mixin.py:188} INFO - [2024-07-07T22:16:54.254+0000] {dagbag.py:545} INFO - Filling up the DagBag from /home/airflow/.local/lib/python3.12/site-packages/airflow/example_dags/example_skip_dag.py
[2024-07-07T22:16:54.256+0000] {processor.py:840} INFO - DAG(s) 'example_skip_dag' retrieved from /home/airflow/.local/lib/python3.12/site-packages/airflow/example_dags/example_skip_dag.py
[2024-07-07T22:16:54.263+0000] {logging_mixin.py:188} INFO - [2024-07-07T22:16:54.263+0000] {dag.py:3096} INFO - Sync 1 DAGs
[2024-07-07T22:16:54.270+0000] {logging_mixin.py:188} INFO - [2024-07-07T22:16:54.270+0000] {dag.py:3954} INFO - Setting next_dagrun for example_skip_dag to 2024-07-06 00:00:00+00:00, run_after=2024-07-07 00:00:00+00:00
[2024-07-07T22:16:54.276+0000] {processor.py:183} INFO - Processing /home/airflow/.local/lib/python3.12/site-packages/airflow/example_dags/example_skip_dag.py took 0.025 seconds
[2024-07-07T22:17:24.532+0000] {processor.py:161} INFO - Started process (PID=446) to work on /home/airflow/.local/lib/python3.12/site-packages/airflow/example_dags/example_skip_dag.py
[2024-07-07T22:17:24.533+0000] {processor.py:830} INFO - Processing file /home/airflow/.local/lib/python3.12/site-packages/airflow/example_dags/example_skip_dag.py for tasks to queue
[2024-07-07T22:17:24.534+0000] {logging_mixin.py:188} INFO - [2024-07-07T22:17:24.533+0000] {dagbag.py:545} INFO - Filling up the DagBag from /home/airflow/.local/lib/python3.12/site-packages/airflow/example_dags/example_skip_dag.py
[2024-07-07T22:17:24.540+0000] {processor.py:840} INFO - DAG(s) 'example_skip_dag' retrieved from /home/airflow/.local/lib/python3.12/site-packages/airflow/example_dags/example_skip_dag.py
[2024-07-07T22:17:24.547+0000] {logging_mixin.py:188} INFO - [2024-07-07T22:17:24.547+0000] {dag.py:3096} INFO - Sync 1 DAGs
[2024-07-07T22:17:24.556+0000] {logging_mixin.py:188} INFO - [2024-07-07T22:17:24.556+0000] {dag.py:3954} INFO - Setting next_dagrun for example_skip_dag to 2024-07-06 00:00:00+00:00, run_after=2024-07-07 00:00:00+00:00
[2024-07-07T22:17:24.562+0000] {processor.py:183} INFO - Processing /home/airflow/.local/lib/python3.12/site-packages/airflow/example_dags/example_skip_dag.py took 0.032 seconds
[2024-07-07T22:17:54.829+0000] {processor.py:161} INFO - Started process (PID=500) to work on /home/airflow/.local/lib/python3.12/site-packages/airflow/example_dags/example_skip_dag.py
[2024-07-07T22:17:54.830+0000] {processor.py:830} INFO - Processing file /home/airflow/.local/lib/python3.12/site-packages/airflow/example_dags/example_skip_dag.py for tasks to queue
[2024-07-07T22:17:54.830+0000] {logging_mixin.py:188} INFO - [2024-07-07T22:17:54.830+0000] {dagbag.py:545} INFO - Filling up the DagBag from /home/airflow/.local/lib/python3.12/site-packages/airflow/example_dags/example_skip_dag.py
[2024-07-07T22:17:54.833+0000] {processor.py:840} INFO - DAG(s) 'example_skip_dag' retrieved from /home/airflow/.local/lib/python3.12/site-packages/airflow/example_dags/example_skip_dag.py
[2024-07-07T22:17:54.840+0000] {logging_mixin.py:188} INFO - [2024-07-07T22:17:54.840+0000] {dag.py:3096} INFO - Sync 1 DAGs
[2024-07-07T22:17:54.847+0000] {logging_mixin.py:188} INFO - [2024-07-07T22:17:54.847+0000] {dag.py:3954} INFO - Setting next_dagrun for example_skip_dag to 2024-07-06 00:00:00+00:00, run_after=2024-07-07 00:00:00+00:00
[2024-07-07T22:17:54.853+0000] {processor.py:183} INFO - Processing /home/airflow/.local/lib/python3.12/site-packages/airflow/example_dags/example_skip_dag.py took 0.026 seconds
[2024-07-07T22:18:25.361+0000] {processor.py:161} INFO - Started process (PID=552) to work on /home/airflow/.local/lib/python3.12/site-packages/airflow/example_dags/example_skip_dag.py
[2024-07-07T22:18:25.361+0000] {processor.py:830} INFO - Processing file /home/airflow/.local/lib/python3.12/site-packages/airflow/example_dags/example_skip_dag.py for tasks to queue
[2024-07-07T22:18:25.362+0000] {logging_mixin.py:188} INFO - [2024-07-07T22:18:25.362+0000] {dagbag.py:545} INFO - Filling up the DagBag from /home/airflow/.local/lib/python3.12/site-packages/airflow/example_dags/example_skip_dag.py
[2024-07-07T22:18:25.364+0000] {processor.py:840} INFO - DAG(s) 'example_skip_dag' retrieved from /home/airflow/.local/lib/python3.12/site-packages/airflow/example_dags/example_skip_dag.py
[2024-07-07T22:18:25.372+0000] {logging_mixin.py:188} INFO - [2024-07-07T22:18:25.371+0000] {dag.py:3096} INFO - Sync 1 DAGs
[2024-07-07T22:18:25.378+0000] {logging_mixin.py:188} INFO - [2024-07-07T22:18:25.378+0000] {dag.py:3954} INFO - Setting next_dagrun for example_skip_dag to 2024-07-06 00:00:00+00:00, run_after=2024-07-07 00:00:00+00:00
[2024-07-07T22:18:25.384+0000] {processor.py:183} INFO - Processing /home/airflow/.local/lib/python3.12/site-packages/airflow/example_dags/example_skip_dag.py took 0.025 seconds
[2024-07-07T22:18:55.671+0000] {processor.py:161} INFO - Started process (PID=604) to work on /home/airflow/.local/lib/python3.12/site-packages/airflow/example_dags/example_skip_dag.py
[2024-07-07T22:18:55.671+0000] {processor.py:830} INFO - Processing file /home/airflow/.local/lib/python3.12/site-packages/airflow/example_dags/example_skip_dag.py for tasks to queue
[2024-07-07T22:18:55.672+0000] {logging_mixin.py:188} INFO - [2024-07-07T22:18:55.672+0000] {dagbag.py:545} INFO - Filling up the DagBag from /home/airflow/.local/lib/python3.12/site-packages/airflow/example_dags/example_skip_dag.py
[2024-07-07T22:18:55.675+0000] {processor.py:840} INFO - DAG(s) 'example_skip_dag' retrieved from /home/airflow/.local/lib/python3.12/site-packages/airflow/example_dags/example_skip_dag.py
[2024-07-07T22:18:55.682+0000] {logging_mixin.py:188} INFO - [2024-07-07T22:18:55.682+0000] {dag.py:3096} INFO - Sync 1 DAGs
[2024-07-07T22:18:55.690+0000] {logging_mixin.py:188} INFO - [2024-07-07T22:18:55.690+0000] {dag.py:3954} INFO - Setting next_dagrun for example_skip_dag to 2024-07-06 00:00:00+00:00, run_after=2024-07-07 00:00:00+00:00
[2024-07-07T22:18:55.695+0000] {processor.py:183} INFO - Processing /home/airflow/.local/lib/python3.12/site-packages/airflow/example_dags/example_skip_dag.py took 0.026 seconds
[2024-07-07T22:19:25.957+0000] {processor.py:161} INFO - Started process (PID=656) to work on /home/airflow/.local/lib/python3.12/site-packages/airflow/example_dags/example_skip_dag.py
[2024-07-07T22:19:25.957+0000] {processor.py:830} INFO - Processing file /home/airflow/.local/lib/python3.12/site-packages/airflow/example_dags/example_skip_dag.py for tasks to queue
[2024-07-07T22:19:25.958+0000] {logging_mixin.py:188} INFO - [2024-07-07T22:19:25.958+0000] {dagbag.py:545} INFO - Filling up the DagBag from /home/airflow/.local/lib/python3.12/site-packages/airflow/example_dags/example_skip_dag.py
[2024-07-07T22:19:25.960+0000] {processor.py:840} INFO - DAG(s) 'example_skip_dag' retrieved from /home/airflow/.local/lib/python3.12/site-packages/airflow/example_dags/example_skip_dag.py
[2024-07-07T22:19:25.968+0000] {logging_mixin.py:188} INFO - [2024-07-07T22:19:25.968+0000] {dag.py:3096} INFO - Sync 1 DAGs
[2024-07-07T22:19:25.975+0000] {logging_mixin.py:188} INFO - [2024-07-07T22:19:25.975+0000] {dag.py:3954} INFO - Setting next_dagrun for example_skip_dag to 2024-07-06 00:00:00+00:00, run_after=2024-07-07 00:00:00+00:00
[2024-07-07T22:19:25.981+0000] {processor.py:183} INFO - Processing /home/airflow/.local/lib/python3.12/site-packages/airflow/example_dags/example_skip_dag.py took 0.026 seconds
[2024-07-07T22:19:56.248+0000] {processor.py:161} INFO - Started process (PID=708) to work on /home/airflow/.local/lib/python3.12/site-packages/airflow/example_dags/example_skip_dag.py
[2024-07-07T22:19:56.248+0000] {processor.py:830} INFO - Processing file /home/airflow/.local/lib/python3.12/site-packages/airflow/example_dags/example_skip_dag.py for tasks to queue
[2024-07-07T22:19:56.249+0000] {logging_mixin.py:188} INFO - [2024-07-07T22:19:56.249+0000] {dagbag.py:545} INFO - Filling up the DagBag from /home/airflow/.local/lib/python3.12/site-packages/airflow/example_dags/example_skip_dag.py
[2024-07-07T22:19:56.251+0000] {processor.py:840} INFO - DAG(s) 'example_skip_dag' retrieved from /home/airflow/.local/lib/python3.12/site-packages/airflow/example_dags/example_skip_dag.py
[2024-07-07T22:19:56.259+0000] {logging_mixin.py:188} INFO - [2024-07-07T22:19:56.259+0000] {dag.py:3096} INFO - Sync 1 DAGs
[2024-07-07T22:19:56.267+0000] {logging_mixin.py:188} INFO - [2024-07-07T22:19:56.267+0000] {dag.py:3954} INFO - Setting next_dagrun for example_skip_dag to 2024-07-06 00:00:00+00:00, run_after=2024-07-07 00:00:00+00:00
[2024-07-07T22:19:56.273+0000] {processor.py:183} INFO - Processing /home/airflow/.local/lib/python3.12/site-packages/airflow/example_dags/example_skip_dag.py took 0.027 seconds
[2024-07-07T22:20:26.558+0000] {processor.py:161} INFO - Started process (PID=760) to work on /home/airflow/.local/lib/python3.12/site-packages/airflow/example_dags/example_skip_dag.py
[2024-07-07T22:20:26.559+0000] {processor.py:830} INFO - Processing file /home/airflow/.local/lib/python3.12/site-packages/airflow/example_dags/example_skip_dag.py for tasks to queue
[2024-07-07T22:20:26.559+0000] {logging_mixin.py:188} INFO - [2024-07-07T22:20:26.559+0000] {dagbag.py:545} INFO - Filling up the DagBag from /home/airflow/.local/lib/python3.12/site-packages/airflow/example_dags/example_skip_dag.py
[2024-07-07T22:20:26.562+0000] {processor.py:840} INFO - DAG(s) 'example_skip_dag' retrieved from /home/airflow/.local/lib/python3.12/site-packages/airflow/example_dags/example_skip_dag.py
[2024-07-07T22:20:26.570+0000] {logging_mixin.py:188} INFO - [2024-07-07T22:20:26.570+0000] {dag.py:3096} INFO - Sync 1 DAGs
[2024-07-07T22:20:26.578+0000] {logging_mixin.py:188} INFO - [2024-07-07T22:20:26.577+0000] {dag.py:3954} INFO - Setting next_dagrun for example_skip_dag to 2024-07-06 00:00:00+00:00, run_after=2024-07-07 00:00:00+00:00
[2024-07-07T22:20:26.584+0000] {processor.py:183} INFO - Processing /home/airflow/.local/lib/python3.12/site-packages/airflow/example_dags/example_skip_dag.py took 0.028 seconds
[2024-07-07T22:20:56.835+0000] {processor.py:161} INFO - Started process (PID=812) to work on /home/airflow/.local/lib/python3.12/site-packages/airflow/example_dags/example_skip_dag.py
[2024-07-07T22:20:56.836+0000] {processor.py:830} INFO - Processing file /home/airflow/.local/lib/python3.12/site-packages/airflow/example_dags/example_skip_dag.py for tasks to queue
[2024-07-07T22:20:56.836+0000] {logging_mixin.py:188} INFO - [2024-07-07T22:20:56.836+0000] {dagbag.py:545} INFO - Filling up the DagBag from /home/airflow/.local/lib/python3.12/site-packages/airflow/example_dags/example_skip_dag.py
[2024-07-07T22:20:56.839+0000] {processor.py:840} INFO - DAG(s) 'example_skip_dag' retrieved from /home/airflow/.local/lib/python3.12/site-packages/airflow/example_dags/example_skip_dag.py
[2024-07-07T22:20:56.846+0000] {logging_mixin.py:188} INFO - [2024-07-07T22:20:56.846+0000] {dag.py:3096} INFO - Sync 1 DAGs
[2024-07-07T22:20:56.853+0000] {logging_mixin.py:188} INFO - [2024-07-07T22:20:56.853+0000] {dag.py:3954} INFO - Setting next_dagrun for example_skip_dag to 2024-07-06 00:00:00+00:00, run_after=2024-07-07 00:00:00+00:00
[2024-07-07T22:20:56.859+0000] {processor.py:183} INFO - Processing /home/airflow/.local/lib/python3.12/site-packages/airflow/example_dags/example_skip_dag.py took 0.026 seconds
[2024-07-07T22:21:27.133+0000] {processor.py:161} INFO - Started process (PID=864) to work on /home/airflow/.local/lib/python3.12/site-packages/airflow/example_dags/example_skip_dag.py
[2024-07-07T22:21:27.134+0000] {processor.py:830} INFO - Processing file /home/airflow/.local/lib/python3.12/site-packages/airflow/example_dags/example_skip_dag.py for tasks to queue
[2024-07-07T22:21:27.134+0000] {logging_mixin.py:188} INFO - [2024-07-07T22:21:27.134+0000] {dagbag.py:545} INFO - Filling up the DagBag from /home/airflow/.local/lib/python3.12/site-packages/airflow/example_dags/example_skip_dag.py
[2024-07-07T22:21:27.137+0000] {processor.py:840} INFO - DAG(s) 'example_skip_dag' retrieved from /home/airflow/.local/lib/python3.12/site-packages/airflow/example_dags/example_skip_dag.py
[2024-07-07T22:21:27.144+0000] {logging_mixin.py:188} INFO - [2024-07-07T22:21:27.144+0000] {dag.py:3096} INFO - Sync 1 DAGs
[2024-07-07T22:21:27.151+0000] {logging_mixin.py:188} INFO - [2024-07-07T22:21:27.151+0000] {dag.py:3954} INFO - Setting next_dagrun for example_skip_dag to 2024-07-06 00:00:00+00:00, run_after=2024-07-07 00:00:00+00:00
[2024-07-07T22:21:27.157+0000] {processor.py:183} INFO - Processing /home/airflow/.local/lib/python3.12/site-packages/airflow/example_dags/example_skip_dag.py took 0.026 seconds
[2024-07-07T22:21:57.534+0000] {processor.py:161} INFO - Started process (PID=916) to work on /home/airflow/.local/lib/python3.12/site-packages/airflow/example_dags/example_skip_dag.py
[2024-07-07T22:21:57.535+0000] {processor.py:830} INFO - Processing file /home/airflow/.local/lib/python3.12/site-packages/airflow/example_dags/example_skip_dag.py for tasks to queue
[2024-07-07T22:21:57.537+0000] {logging_mixin.py:188} INFO - [2024-07-07T22:21:57.537+0000] {dagbag.py:545} INFO - Filling up the DagBag from /home/airflow/.local/lib/python3.12/site-packages/airflow/example_dags/example_skip_dag.py
[2024-07-07T22:21:57.540+0000] {processor.py:840} INFO - DAG(s) 'example_skip_dag' retrieved from /home/airflow/.local/lib/python3.12/site-packages/airflow/example_dags/example_skip_dag.py
[2024-07-07T22:21:57.548+0000] {logging_mixin.py:188} INFO - [2024-07-07T22:21:57.548+0000] {dag.py:3096} INFO - Sync 1 DAGs
[2024-07-07T22:21:57.555+0000] {logging_mixin.py:188} INFO - [2024-07-07T22:21:57.555+0000] {dag.py:3954} INFO - Setting next_dagrun for example_skip_dag to 2024-07-06 00:00:00+00:00, run_after=2024-07-07 00:00:00+00:00
[2024-07-07T22:21:57.561+0000] {processor.py:183} INFO - Processing /home/airflow/.local/lib/python3.12/site-packages/airflow/example_dags/example_skip_dag.py took 0.029 seconds
[2024-07-07T22:22:27.852+0000] {processor.py:161} INFO - Started process (PID=968) to work on /home/airflow/.local/lib/python3.12/site-packages/airflow/example_dags/example_skip_dag.py
[2024-07-07T22:22:27.853+0000] {processor.py:830} INFO - Processing file /home/airflow/.local/lib/python3.12/site-packages/airflow/example_dags/example_skip_dag.py for tasks to queue
[2024-07-07T22:22:27.854+0000] {logging_mixin.py:188} INFO - [2024-07-07T22:22:27.854+0000] {dagbag.py:545} INFO - Filling up the DagBag from /home/airflow/.local/lib/python3.12/site-packages/airflow/example_dags/example_skip_dag.py
[2024-07-07T22:22:27.857+0000] {processor.py:840} INFO - DAG(s) 'example_skip_dag' retrieved from /home/airflow/.local/lib/python3.12/site-packages/airflow/example_dags/example_skip_dag.py
[2024-07-07T22:22:27.865+0000] {logging_mixin.py:188} INFO - [2024-07-07T22:22:27.865+0000] {dag.py:3096} INFO - Sync 1 DAGs
[2024-07-07T22:22:27.873+0000] {logging_mixin.py:188} INFO - [2024-07-07T22:22:27.873+0000] {dag.py:3954} INFO - Setting next_dagrun for example_skip_dag to 2024-07-06 00:00:00+00:00, run_after=2024-07-07 00:00:00+00:00
[2024-07-07T22:22:27.879+0000] {processor.py:183} INFO - Processing /home/airflow/.local/lib/python3.12/site-packages/airflow/example_dags/example_skip_dag.py took 0.029 seconds
[2024-07-07T22:22:58.168+0000] {processor.py:161} INFO - Started process (PID=1020) to work on /home/airflow/.local/lib/python3.12/site-packages/airflow/example_dags/example_skip_dag.py
[2024-07-07T22:22:58.169+0000] {processor.py:830} INFO - Processing file /home/airflow/.local/lib/python3.12/site-packages/airflow/example_dags/example_skip_dag.py for tasks to queue
[2024-07-07T22:22:58.171+0000] {logging_mixin.py:188} INFO - [2024-07-07T22:22:58.170+0000] {dagbag.py:545} INFO - Filling up the DagBag from /home/airflow/.local/lib/python3.12/site-packages/airflow/example_dags/example_skip_dag.py
[2024-07-07T22:22:58.173+0000] {processor.py:840} INFO - DAG(s) 'example_skip_dag' retrieved from /home/airflow/.local/lib/python3.12/site-packages/airflow/example_dags/example_skip_dag.py
[2024-07-07T22:22:58.181+0000] {logging_mixin.py:188} INFO - [2024-07-07T22:22:58.181+0000] {dag.py:3096} INFO - Sync 1 DAGs
[2024-07-07T22:22:58.189+0000] {logging_mixin.py:188} INFO - [2024-07-07T22:22:58.189+0000] {dag.py:3954} INFO - Setting next_dagrun for example_skip_dag to 2024-07-06 00:00:00+00:00, run_after=2024-07-07 00:00:00+00:00
[2024-07-07T22:22:58.195+0000] {processor.py:183} INFO - Processing /home/airflow/.local/lib/python3.12/site-packages/airflow/example_dags/example_skip_dag.py took 0.030 seconds
[2024-07-07T22:23:28.500+0000] {processor.py:161} INFO - Started process (PID=1072) to work on /home/airflow/.local/lib/python3.12/site-packages/airflow/example_dags/example_skip_dag.py
[2024-07-07T22:23:28.500+0000] {processor.py:830} INFO - Processing file /home/airflow/.local/lib/python3.12/site-packages/airflow/example_dags/example_skip_dag.py for tasks to queue
[2024-07-07T22:23:28.501+0000] {logging_mixin.py:188} INFO - [2024-07-07T22:23:28.501+0000] {dagbag.py:545} INFO - Filling up the DagBag from /home/airflow/.local/lib/python3.12/site-packages/airflow/example_dags/example_skip_dag.py
[2024-07-07T22:23:28.504+0000] {processor.py:840} INFO - DAG(s) 'example_skip_dag' retrieved from /home/airflow/.local/lib/python3.12/site-packages/airflow/example_dags/example_skip_dag.py
[2024-07-07T22:23:28.512+0000] {logging_mixin.py:188} INFO - [2024-07-07T22:23:28.512+0000] {dag.py:3096} INFO - Sync 1 DAGs
[2024-07-07T22:23:28.520+0000] {logging_mixin.py:188} INFO - [2024-07-07T22:23:28.519+0000] {dag.py:3954} INFO - Setting next_dagrun for example_skip_dag to 2024-07-06 00:00:00+00:00, run_after=2024-07-07 00:00:00+00:00
[2024-07-07T22:23:28.526+0000] {processor.py:183} INFO - Processing /home/airflow/.local/lib/python3.12/site-packages/airflow/example_dags/example_skip_dag.py took 0.029 seconds
[2024-07-07T22:23:58.858+0000] {processor.py:161} INFO - Started process (PID=1124) to work on /home/airflow/.local/lib/python3.12/site-packages/airflow/example_dags/example_skip_dag.py
[2024-07-07T22:23:58.859+0000] {processor.py:830} INFO - Processing file /home/airflow/.local/lib/python3.12/site-packages/airflow/example_dags/example_skip_dag.py for tasks to queue
[2024-07-07T22:23:58.860+0000] {logging_mixin.py:188} INFO - [2024-07-07T22:23:58.860+0000] {dagbag.py:545} INFO - Filling up the DagBag from /home/airflow/.local/lib/python3.12/site-packages/airflow/example_dags/example_skip_dag.py
[2024-07-07T22:23:58.863+0000] {processor.py:840} INFO - DAG(s) 'example_skip_dag' retrieved from /home/airflow/.local/lib/python3.12/site-packages/airflow/example_dags/example_skip_dag.py
[2024-07-07T22:23:58.871+0000] {logging_mixin.py:188} INFO - [2024-07-07T22:23:58.870+0000] {dag.py:3096} INFO - Sync 1 DAGs
[2024-07-07T22:23:58.879+0000] {logging_mixin.py:188} INFO - [2024-07-07T22:23:58.879+0000] {dag.py:3954} INFO - Setting next_dagrun for example_skip_dag to 2024-07-06 00:00:00+00:00, run_after=2024-07-07 00:00:00+00:00
[2024-07-07T22:23:58.889+0000] {processor.py:183} INFO - Processing /home/airflow/.local/lib/python3.12/site-packages/airflow/example_dags/example_skip_dag.py took 0.033 seconds
[2024-07-07T22:24:29.196+0000] {processor.py:161} INFO - Started process (PID=1176) to work on /home/airflow/.local/lib/python3.12/site-packages/airflow/example_dags/example_skip_dag.py
[2024-07-07T22:24:29.196+0000] {processor.py:830} INFO - Processing file /home/airflow/.local/lib/python3.12/site-packages/airflow/example_dags/example_skip_dag.py for tasks to queue
[2024-07-07T22:24:29.197+0000] {logging_mixin.py:188} INFO - [2024-07-07T22:24:29.197+0000] {dagbag.py:545} INFO - Filling up the DagBag from /home/airflow/.local/lib/python3.12/site-packages/airflow/example_dags/example_skip_dag.py
[2024-07-07T22:24:29.199+0000] {processor.py:840} INFO - DAG(s) 'example_skip_dag' retrieved from /home/airflow/.local/lib/python3.12/site-packages/airflow/example_dags/example_skip_dag.py
[2024-07-07T22:24:29.206+0000] {logging_mixin.py:188} INFO - [2024-07-07T22:24:29.206+0000] {dag.py:3096} INFO - Sync 1 DAGs
[2024-07-07T22:24:29.213+0000] {logging_mixin.py:188} INFO - [2024-07-07T22:24:29.213+0000] {dag.py:3954} INFO - Setting next_dagrun for example_skip_dag to 2024-07-06 00:00:00+00:00, run_after=2024-07-07 00:00:00+00:00
[2024-07-07T22:24:29.219+0000] {processor.py:183} INFO - Processing /home/airflow/.local/lib/python3.12/site-packages/airflow/example_dags/example_skip_dag.py took 0.026 seconds
[2024-07-07T22:24:59.610+0000] {processor.py:161} INFO - Started process (PID=1227) to work on /home/airflow/.local/lib/python3.12/site-packages/airflow/example_dags/example_skip_dag.py
[2024-07-07T22:24:59.610+0000] {processor.py:830} INFO - Processing file /home/airflow/.local/lib/python3.12/site-packages/airflow/example_dags/example_skip_dag.py for tasks to queue
[2024-07-07T22:24:59.611+0000] {logging_mixin.py:188} INFO - [2024-07-07T22:24:59.611+0000] {dagbag.py:545} INFO - Filling up the DagBag from /home/airflow/.local/lib/python3.12/site-packages/airflow/example_dags/example_skip_dag.py
[2024-07-07T22:24:59.613+0000] {processor.py:840} INFO - DAG(s) 'example_skip_dag' retrieved from /home/airflow/.local/lib/python3.12/site-packages/airflow/example_dags/example_skip_dag.py
[2024-07-07T22:24:59.621+0000] {logging_mixin.py:188} INFO - [2024-07-07T22:24:59.621+0000] {dag.py:3096} INFO - Sync 1 DAGs
[2024-07-07T22:24:59.630+0000] {logging_mixin.py:188} INFO - [2024-07-07T22:24:59.630+0000] {dag.py:3954} INFO - Setting next_dagrun for example_skip_dag to 2024-07-06 00:00:00+00:00, run_after=2024-07-07 00:00:00+00:00
[2024-07-07T22:24:59.636+0000] {processor.py:183} INFO - Processing /home/airflow/.local/lib/python3.12/site-packages/airflow/example_dags/example_skip_dag.py took 0.029 seconds
[2024-07-07T22:25:30.196+0000] {processor.py:161} INFO - Started process (PID=1280) to work on /home/airflow/.local/lib/python3.12/site-packages/airflow/example_dags/example_skip_dag.py
[2024-07-07T22:25:30.196+0000] {processor.py:830} INFO - Processing file /home/airflow/.local/lib/python3.12/site-packages/airflow/example_dags/example_skip_dag.py for tasks to queue
[2024-07-07T22:25:30.197+0000] {logging_mixin.py:188} INFO - [2024-07-07T22:25:30.197+0000] {dagbag.py:545} INFO - Filling up the DagBag from /home/airflow/.local/lib/python3.12/site-packages/airflow/example_dags/example_skip_dag.py
[2024-07-07T22:25:30.201+0000] {processor.py:840} INFO - DAG(s) 'example_skip_dag' retrieved from /home/airflow/.local/lib/python3.12/site-packages/airflow/example_dags/example_skip_dag.py
[2024-07-07T22:25:30.213+0000] {logging_mixin.py:188} INFO - [2024-07-07T22:25:30.213+0000] {dag.py:3096} INFO - Sync 1 DAGs
[2024-07-07T22:25:30.223+0000] {logging_mixin.py:188} INFO - [2024-07-07T22:25:30.223+0000] {dag.py:3954} INFO - Setting next_dagrun for example_skip_dag to 2024-07-06 00:00:00+00:00, run_after=2024-07-07 00:00:00+00:00
[2024-07-07T22:25:30.229+0000] {processor.py:183} INFO - Processing /home/airflow/.local/lib/python3.12/site-packages/airflow/example_dags/example_skip_dag.py took 0.036 seconds
[2024-07-07T22:26:00.617+0000] {processor.py:161} INFO - Started process (PID=1332) to work on /home/airflow/.local/lib/python3.12/site-packages/airflow/example_dags/example_skip_dag.py
[2024-07-07T22:26:00.618+0000] {processor.py:830} INFO - Processing file /home/airflow/.local/lib/python3.12/site-packages/airflow/example_dags/example_skip_dag.py for tasks to queue
[2024-07-07T22:26:00.619+0000] {logging_mixin.py:188} INFO - [2024-07-07T22:26:00.619+0000] {dagbag.py:545} INFO - Filling up the DagBag from /home/airflow/.local/lib/python3.12/site-packages/airflow/example_dags/example_skip_dag.py
[2024-07-07T22:26:00.622+0000] {processor.py:840} INFO - DAG(s) 'example_skip_dag' retrieved from /home/airflow/.local/lib/python3.12/site-packages/airflow/example_dags/example_skip_dag.py
[2024-07-07T22:26:00.630+0000] {logging_mixin.py:188} INFO - [2024-07-07T22:26:00.630+0000] {dag.py:3096} INFO - Sync 1 DAGs
[2024-07-07T22:26:00.639+0000] {logging_mixin.py:188} INFO - [2024-07-07T22:26:00.639+0000] {dag.py:3954} INFO - Setting next_dagrun for example_skip_dag to 2024-07-06 00:00:00+00:00, run_after=2024-07-07 00:00:00+00:00
[2024-07-07T22:26:00.646+0000] {processor.py:183} INFO - Processing /home/airflow/.local/lib/python3.12/site-packages/airflow/example_dags/example_skip_dag.py took 0.031 seconds
[2024-07-07T22:26:31.079+0000] {processor.py:161} INFO - Started process (PID=1384) to work on /home/airflow/.local/lib/python3.12/site-packages/airflow/example_dags/example_skip_dag.py
[2024-07-07T22:26:31.079+0000] {processor.py:830} INFO - Processing file /home/airflow/.local/lib/python3.12/site-packages/airflow/example_dags/example_skip_dag.py for tasks to queue
[2024-07-07T22:26:31.080+0000] {logging_mixin.py:188} INFO - [2024-07-07T22:26:31.080+0000] {dagbag.py:545} INFO - Filling up the DagBag from /home/airflow/.local/lib/python3.12/site-packages/airflow/example_dags/example_skip_dag.py
[2024-07-07T22:26:31.082+0000] {processor.py:840} INFO - DAG(s) 'example_skip_dag' retrieved from /home/airflow/.local/lib/python3.12/site-packages/airflow/example_dags/example_skip_dag.py
[2024-07-07T22:26:31.089+0000] {logging_mixin.py:188} INFO - [2024-07-07T22:26:31.089+0000] {dag.py:3096} INFO - Sync 1 DAGs
[2024-07-07T22:26:31.097+0000] {logging_mixin.py:188} INFO - [2024-07-07T22:26:31.097+0000] {dag.py:3954} INFO - Setting next_dagrun for example_skip_dag to 2024-07-06 00:00:00+00:00, run_after=2024-07-07 00:00:00+00:00
[2024-07-07T22:26:31.103+0000] {processor.py:183} INFO - Processing /home/airflow/.local/lib/python3.12/site-packages/airflow/example_dags/example_skip_dag.py took 0.026 seconds
[2024-07-07T22:27:01.385+0000] {processor.py:161} INFO - Started process (PID=1436) to work on /home/airflow/.local/lib/python3.12/site-packages/airflow/example_dags/example_skip_dag.py
[2024-07-07T22:27:01.385+0000] {processor.py:830} INFO - Processing file /home/airflow/.local/lib/python3.12/site-packages/airflow/example_dags/example_skip_dag.py for tasks to queue
[2024-07-07T22:27:01.386+0000] {logging_mixin.py:188} INFO - [2024-07-07T22:27:01.386+0000] {dagbag.py:545} INFO - Filling up the DagBag from /home/airflow/.local/lib/python3.12/site-packages/airflow/example_dags/example_skip_dag.py
[2024-07-07T22:27:01.388+0000] {processor.py:840} INFO - DAG(s) 'example_skip_dag' retrieved from /home/airflow/.local/lib/python3.12/site-packages/airflow/example_dags/example_skip_dag.py
[2024-07-07T22:27:01.396+0000] {logging_mixin.py:188} INFO - [2024-07-07T22:27:01.396+0000] {dag.py:3096} INFO - Sync 1 DAGs
[2024-07-07T22:27:01.404+0000] {logging_mixin.py:188} INFO - [2024-07-07T22:27:01.404+0000] {dag.py:3954} INFO - Setting next_dagrun for example_skip_dag to 2024-07-06 00:00:00+00:00, run_after=2024-07-07 00:00:00+00:00
[2024-07-07T22:27:01.410+0000] {processor.py:183} INFO - Processing /home/airflow/.local/lib/python3.12/site-packages/airflow/example_dags/example_skip_dag.py took 0.027 seconds
[2024-07-07T22:27:31.647+0000] {processor.py:161} INFO - Started process (PID=1488) to work on /home/airflow/.local/lib/python3.12/site-packages/airflow/example_dags/example_skip_dag.py
[2024-07-07T22:27:31.647+0000] {processor.py:830} INFO - Processing file /home/airflow/.local/lib/python3.12/site-packages/airflow/example_dags/example_skip_dag.py for tasks to queue
[2024-07-07T22:27:31.648+0000] {logging_mixin.py:188} INFO - [2024-07-07T22:27:31.648+0000] {dagbag.py:545} INFO - Filling up the DagBag from /home/airflow/.local/lib/python3.12/site-packages/airflow/example_dags/example_skip_dag.py
[2024-07-07T22:27:31.650+0000] {processor.py:840} INFO - DAG(s) 'example_skip_dag' retrieved from /home/airflow/.local/lib/python3.12/site-packages/airflow/example_dags/example_skip_dag.py
[2024-07-07T22:27:31.658+0000] {logging_mixin.py:188} INFO - [2024-07-07T22:27:31.658+0000] {dag.py:3096} INFO - Sync 1 DAGs
[2024-07-07T22:27:31.665+0000] {logging_mixin.py:188} INFO - [2024-07-07T22:27:31.665+0000] {dag.py:3954} INFO - Setting next_dagrun for example_skip_dag to 2024-07-06 00:00:00+00:00, run_after=2024-07-07 00:00:00+00:00
[2024-07-07T22:27:31.671+0000] {processor.py:183} INFO - Processing /home/airflow/.local/lib/python3.12/site-packages/airflow/example_dags/example_skip_dag.py took 0.027 seconds
[2024-07-07T22:28:01.904+0000] {processor.py:161} INFO - Started process (PID=1540) to work on /home/airflow/.local/lib/python3.12/site-packages/airflow/example_dags/example_skip_dag.py
[2024-07-07T22:28:01.904+0000] {processor.py:830} INFO - Processing file /home/airflow/.local/lib/python3.12/site-packages/airflow/example_dags/example_skip_dag.py for tasks to queue
[2024-07-07T22:28:01.905+0000] {logging_mixin.py:188} INFO - [2024-07-07T22:28:01.904+0000] {dagbag.py:545} INFO - Filling up the DagBag from /home/airflow/.local/lib/python3.12/site-packages/airflow/example_dags/example_skip_dag.py
[2024-07-07T22:28:01.907+0000] {processor.py:840} INFO - DAG(s) 'example_skip_dag' retrieved from /home/airflow/.local/lib/python3.12/site-packages/airflow/example_dags/example_skip_dag.py
[2024-07-07T22:28:01.914+0000] {logging_mixin.py:188} INFO - [2024-07-07T22:28:01.914+0000] {dag.py:3096} INFO - Sync 1 DAGs
[2024-07-07T22:28:01.922+0000] {logging_mixin.py:188} INFO - [2024-07-07T22:28:01.922+0000] {dag.py:3954} INFO - Setting next_dagrun for example_skip_dag to 2024-07-06 00:00:00+00:00, run_after=2024-07-07 00:00:00+00:00
[2024-07-07T22:28:01.928+0000] {processor.py:183} INFO - Processing /home/airflow/.local/lib/python3.12/site-packages/airflow/example_dags/example_skip_dag.py took 0.027 seconds
[2024-07-07T22:28:32.168+0000] {processor.py:161} INFO - Started process (PID=1592) to work on /home/airflow/.local/lib/python3.12/site-packages/airflow/example_dags/example_skip_dag.py
[2024-07-07T22:28:32.169+0000] {processor.py:830} INFO - Processing file /home/airflow/.local/lib/python3.12/site-packages/airflow/example_dags/example_skip_dag.py for tasks to queue
[2024-07-07T22:28:32.169+0000] {logging_mixin.py:188} INFO - [2024-07-07T22:28:32.169+0000] {dagbag.py:545} INFO - Filling up the DagBag from /home/airflow/.local/lib/python3.12/site-packages/airflow/example_dags/example_skip_dag.py
[2024-07-07T22:28:32.172+0000] {processor.py:840} INFO - DAG(s) 'example_skip_dag' retrieved from /home/airflow/.local/lib/python3.12/site-packages/airflow/example_dags/example_skip_dag.py
[2024-07-07T22:28:32.180+0000] {logging_mixin.py:188} INFO - [2024-07-07T22:28:32.180+0000] {dag.py:3096} INFO - Sync 1 DAGs
[2024-07-07T22:28:32.188+0000] {logging_mixin.py:188} INFO - [2024-07-07T22:28:32.188+0000] {dag.py:3954} INFO - Setting next_dagrun for example_skip_dag to 2024-07-06 00:00:00+00:00, run_after=2024-07-07 00:00:00+00:00
[2024-07-07T22:28:32.194+0000] {processor.py:183} INFO - Processing /home/airflow/.local/lib/python3.12/site-packages/airflow/example_dags/example_skip_dag.py took 0.028 seconds
[2024-07-07T22:29:02.492+0000] {processor.py:161} INFO - Started process (PID=1644) to work on /home/airflow/.local/lib/python3.12/site-packages/airflow/example_dags/example_skip_dag.py
[2024-07-07T22:29:02.492+0000] {processor.py:830} INFO - Processing file /home/airflow/.local/lib/python3.12/site-packages/airflow/example_dags/example_skip_dag.py for tasks to queue
[2024-07-07T22:29:02.493+0000] {logging_mixin.py:188} INFO - [2024-07-07T22:29:02.493+0000] {dagbag.py:545} INFO - Filling up the DagBag from /home/airflow/.local/lib/python3.12/site-packages/airflow/example_dags/example_skip_dag.py
[2024-07-07T22:29:02.495+0000] {processor.py:840} INFO - DAG(s) 'example_skip_dag' retrieved from /home/airflow/.local/lib/python3.12/site-packages/airflow/example_dags/example_skip_dag.py
[2024-07-07T22:29:02.503+0000] {logging_mixin.py:188} INFO - [2024-07-07T22:29:02.503+0000] {dag.py:3096} INFO - Sync 1 DAGs
[2024-07-07T22:29:02.511+0000] {logging_mixin.py:188} INFO - [2024-07-07T22:29:02.511+0000] {dag.py:3954} INFO - Setting next_dagrun for example_skip_dag to 2024-07-06 00:00:00+00:00, run_after=2024-07-07 00:00:00+00:00
[2024-07-07T22:29:02.516+0000] {processor.py:183} INFO - Processing /home/airflow/.local/lib/python3.12/site-packages/airflow/example_dags/example_skip_dag.py took 0.027 seconds
[2024-07-07T22:29:32.931+0000] {processor.py:161} INFO - Started process (PID=1696) to work on /home/airflow/.local/lib/python3.12/site-packages/airflow/example_dags/example_skip_dag.py
[2024-07-07T22:29:32.931+0000] {processor.py:830} INFO - Processing file /home/airflow/.local/lib/python3.12/site-packages/airflow/example_dags/example_skip_dag.py for tasks to queue
[2024-07-07T22:29:32.932+0000] {logging_mixin.py:188} INFO - [2024-07-07T22:29:32.932+0000] {dagbag.py:545} INFO - Filling up the DagBag from /home/airflow/.local/lib/python3.12/site-packages/airflow/example_dags/example_skip_dag.py
[2024-07-07T22:29:32.934+0000] {processor.py:840} INFO - DAG(s) 'example_skip_dag' retrieved from /home/airflow/.local/lib/python3.12/site-packages/airflow/example_dags/example_skip_dag.py
[2024-07-07T22:29:32.942+0000] {logging_mixin.py:188} INFO - [2024-07-07T22:29:32.942+0000] {dag.py:3096} INFO - Sync 1 DAGs
[2024-07-07T22:29:32.949+0000] {logging_mixin.py:188} INFO - [2024-07-07T22:29:32.949+0000] {dag.py:3954} INFO - Setting next_dagrun for example_skip_dag to 2024-07-06 00:00:00+00:00, run_after=2024-07-07 00:00:00+00:00
[2024-07-07T22:29:33.023+0000] {processor.py:183} INFO - Processing /home/airflow/.local/lib/python3.12/site-packages/airflow/example_dags/example_skip_dag.py took 0.095 seconds
[2024-07-07T22:30:03.317+0000] {processor.py:161} INFO - Started process (PID=1748) to work on /home/airflow/.local/lib/python3.12/site-packages/airflow/example_dags/example_skip_dag.py
[2024-07-07T22:30:03.318+0000] {processor.py:830} INFO - Processing file /home/airflow/.local/lib/python3.12/site-packages/airflow/example_dags/example_skip_dag.py for tasks to queue
[2024-07-07T22:30:03.319+0000] {logging_mixin.py:188} INFO - [2024-07-07T22:30:03.318+0000] {dagbag.py:545} INFO - Filling up the DagBag from /home/airflow/.local/lib/python3.12/site-packages/airflow/example_dags/example_skip_dag.py
[2024-07-07T22:30:03.321+0000] {processor.py:840} INFO - DAG(s) 'example_skip_dag' retrieved from /home/airflow/.local/lib/python3.12/site-packages/airflow/example_dags/example_skip_dag.py
[2024-07-07T22:30:03.329+0000] {logging_mixin.py:188} INFO - [2024-07-07T22:30:03.329+0000] {dag.py:3096} INFO - Sync 1 DAGs
[2024-07-07T22:30:03.337+0000] {logging_mixin.py:188} INFO - [2024-07-07T22:30:03.336+0000] {dag.py:3954} INFO - Setting next_dagrun for example_skip_dag to 2024-07-06 00:00:00+00:00, run_after=2024-07-07 00:00:00+00:00
[2024-07-07T22:30:03.342+0000] {processor.py:183} INFO - Processing /home/airflow/.local/lib/python3.12/site-packages/airflow/example_dags/example_skip_dag.py took 0.027 seconds
[2024-07-07T22:30:33.802+0000] {processor.py:161} INFO - Started process (PID=1800) to work on /home/airflow/.local/lib/python3.12/site-packages/airflow/example_dags/example_skip_dag.py
[2024-07-07T22:30:33.802+0000] {processor.py:830} INFO - Processing file /home/airflow/.local/lib/python3.12/site-packages/airflow/example_dags/example_skip_dag.py for tasks to queue
[2024-07-07T22:30:33.803+0000] {logging_mixin.py:188} INFO - [2024-07-07T22:30:33.803+0000] {dagbag.py:545} INFO - Filling up the DagBag from /home/airflow/.local/lib/python3.12/site-packages/airflow/example_dags/example_skip_dag.py
[2024-07-07T22:30:33.805+0000] {processor.py:840} INFO - DAG(s) 'example_skip_dag' retrieved from /home/airflow/.local/lib/python3.12/site-packages/airflow/example_dags/example_skip_dag.py
[2024-07-07T22:30:33.813+0000] {logging_mixin.py:188} INFO - [2024-07-07T22:30:33.813+0000] {dag.py:3096} INFO - Sync 1 DAGs
[2024-07-07T22:30:33.821+0000] {logging_mixin.py:188} INFO - [2024-07-07T22:30:33.821+0000] {dag.py:3954} INFO - Setting next_dagrun for example_skip_dag to 2024-07-06 00:00:00+00:00, run_after=2024-07-07 00:00:00+00:00
[2024-07-07T22:30:33.827+0000] {processor.py:183} INFO - Processing /home/airflow/.local/lib/python3.12/site-packages/airflow/example_dags/example_skip_dag.py took 0.027 seconds
[2024-07-07T22:31:04.829+0000] {processor.py:161} INFO - Started process (PID=1852) to work on /home/airflow/.local/lib/python3.12/site-packages/airflow/example_dags/example_skip_dag.py
[2024-07-07T22:31:04.829+0000] {processor.py:830} INFO - Processing file /home/airflow/.local/lib/python3.12/site-packages/airflow/example_dags/example_skip_dag.py for tasks to queue
[2024-07-07T22:31:04.830+0000] {logging_mixin.py:188} INFO - [2024-07-07T22:31:04.830+0000] {dagbag.py:545} INFO - Filling up the DagBag from /home/airflow/.local/lib/python3.12/site-packages/airflow/example_dags/example_skip_dag.py
[2024-07-07T22:31:04.833+0000] {processor.py:840} INFO - DAG(s) 'example_skip_dag' retrieved from /home/airflow/.local/lib/python3.12/site-packages/airflow/example_dags/example_skip_dag.py
[2024-07-07T22:31:04.841+0000] {logging_mixin.py:188} INFO - [2024-07-07T22:31:04.841+0000] {dag.py:3096} INFO - Sync 1 DAGs
[2024-07-07T22:31:04.850+0000] {logging_mixin.py:188} INFO - [2024-07-07T22:31:04.850+0000] {dag.py:3954} INFO - Setting next_dagrun for example_skip_dag to 2024-07-06 00:00:00+00:00, run_after=2024-07-07 00:00:00+00:00
[2024-07-07T22:31:04.856+0000] {processor.py:183} INFO - Processing /home/airflow/.local/lib/python3.12/site-packages/airflow/example_dags/example_skip_dag.py took 0.030 seconds
[2024-07-07T22:31:35.895+0000] {processor.py:161} INFO - Started process (PID=1904) to work on /home/airflow/.local/lib/python3.12/site-packages/airflow/example_dags/example_skip_dag.py
[2024-07-07T22:31:35.895+0000] {processor.py:830} INFO - Processing file /home/airflow/.local/lib/python3.12/site-packages/airflow/example_dags/example_skip_dag.py for tasks to queue
[2024-07-07T22:31:35.896+0000] {logging_mixin.py:188} INFO - [2024-07-07T22:31:35.896+0000] {dagbag.py:545} INFO - Filling up the DagBag from /home/airflow/.local/lib/python3.12/site-packages/airflow/example_dags/example_skip_dag.py
[2024-07-07T22:31:35.899+0000] {processor.py:840} INFO - DAG(s) 'example_skip_dag' retrieved from /home/airflow/.local/lib/python3.12/site-packages/airflow/example_dags/example_skip_dag.py
[2024-07-07T22:31:35.907+0000] {logging_mixin.py:188} INFO - [2024-07-07T22:31:35.907+0000] {dag.py:3096} INFO - Sync 1 DAGs
[2024-07-07T22:31:35.915+0000] {logging_mixin.py:188} INFO - [2024-07-07T22:31:35.915+0000] {dag.py:3954} INFO - Setting next_dagrun for example_skip_dag to 2024-07-06 00:00:00+00:00, run_after=2024-07-07 00:00:00+00:00
[2024-07-07T22:31:35.921+0000] {processor.py:183} INFO - Processing /home/airflow/.local/lib/python3.12/site-packages/airflow/example_dags/example_skip_dag.py took 0.028 seconds
[2024-07-07T22:32:06.705+0000] {processor.py:161} INFO - Started process (PID=1956) to work on /home/airflow/.local/lib/python3.12/site-packages/airflow/example_dags/example_skip_dag.py
[2024-07-07T22:32:06.705+0000] {processor.py:830} INFO - Processing file /home/airflow/.local/lib/python3.12/site-packages/airflow/example_dags/example_skip_dag.py for tasks to queue
[2024-07-07T22:32:06.706+0000] {logging_mixin.py:188} INFO - [2024-07-07T22:32:06.706+0000] {dagbag.py:545} INFO - Filling up the DagBag from /home/airflow/.local/lib/python3.12/site-packages/airflow/example_dags/example_skip_dag.py
[2024-07-07T22:32:06.708+0000] {processor.py:840} INFO - DAG(s) 'example_skip_dag' retrieved from /home/airflow/.local/lib/python3.12/site-packages/airflow/example_dags/example_skip_dag.py
[2024-07-07T22:32:06.716+0000] {logging_mixin.py:188} INFO - [2024-07-07T22:32:06.716+0000] {dag.py:3096} INFO - Sync 1 DAGs
[2024-07-07T22:32:06.797+0000] {logging_mixin.py:188} INFO - [2024-07-07T22:32:06.797+0000] {dag.py:3954} INFO - Setting next_dagrun for example_skip_dag to 2024-07-06 00:00:00+00:00, run_after=2024-07-07 00:00:00+00:00
[2024-07-07T22:32:06.803+0000] {processor.py:183} INFO - Processing /home/airflow/.local/lib/python3.12/site-packages/airflow/example_dags/example_skip_dag.py took 0.100 seconds
[2024-07-07T22:32:37.008+0000] {processor.py:161} INFO - Started process (PID=2008) to work on /home/airflow/.local/lib/python3.12/site-packages/airflow/example_dags/example_skip_dag.py
[2024-07-07T22:32:37.008+0000] {processor.py:830} INFO - Processing file /home/airflow/.local/lib/python3.12/site-packages/airflow/example_dags/example_skip_dag.py for tasks to queue
[2024-07-07T22:32:37.009+0000] {logging_mixin.py:188} INFO - [2024-07-07T22:32:37.009+0000] {dagbag.py:545} INFO - Filling up the DagBag from /home/airflow/.local/lib/python3.12/site-packages/airflow/example_dags/example_skip_dag.py
[2024-07-07T22:32:37.013+0000] {processor.py:840} INFO - DAG(s) 'example_skip_dag' retrieved from /home/airflow/.local/lib/python3.12/site-packages/airflow/example_dags/example_skip_dag.py
[2024-07-07T22:32:37.023+0000] {logging_mixin.py:188} INFO - [2024-07-07T22:32:37.023+0000] {dag.py:3096} INFO - Sync 1 DAGs
[2024-07-07T22:32:37.033+0000] {logging_mixin.py:188} INFO - [2024-07-07T22:32:37.033+0000] {dag.py:3954} INFO - Setting next_dagrun for example_skip_dag to 2024-07-06 00:00:00+00:00, run_after=2024-07-07 00:00:00+00:00
[2024-07-07T22:32:37.041+0000] {processor.py:183} INFO - Processing /home/airflow/.local/lib/python3.12/site-packages/airflow/example_dags/example_skip_dag.py took 0.036 seconds
[2024-07-07T22:33:07.414+0000] {processor.py:161} INFO - Started process (PID=2060) to work on /home/airflow/.local/lib/python3.12/site-packages/airflow/example_dags/example_skip_dag.py
[2024-07-07T22:33:07.415+0000] {processor.py:830} INFO - Processing file /home/airflow/.local/lib/python3.12/site-packages/airflow/example_dags/example_skip_dag.py for tasks to queue
[2024-07-07T22:33:07.415+0000] {logging_mixin.py:188} INFO - [2024-07-07T22:33:07.415+0000] {dagbag.py:545} INFO - Filling up the DagBag from /home/airflow/.local/lib/python3.12/site-packages/airflow/example_dags/example_skip_dag.py
[2024-07-07T22:33:07.418+0000] {processor.py:840} INFO - DAG(s) 'example_skip_dag' retrieved from /home/airflow/.local/lib/python3.12/site-packages/airflow/example_dags/example_skip_dag.py
[2024-07-07T22:33:07.426+0000] {logging_mixin.py:188} INFO - [2024-07-07T22:33:07.425+0000] {dag.py:3096} INFO - Sync 1 DAGs
[2024-07-07T22:33:07.434+0000] {logging_mixin.py:188} INFO - [2024-07-07T22:33:07.433+0000] {dag.py:3954} INFO - Setting next_dagrun for example_skip_dag to 2024-07-06 00:00:00+00:00, run_after=2024-07-07 00:00:00+00:00
[2024-07-07T22:33:07.440+0000] {processor.py:183} INFO - Processing /home/airflow/.local/lib/python3.12/site-packages/airflow/example_dags/example_skip_dag.py took 0.028 seconds
[2024-07-07T22:33:37.884+0000] {processor.py:161} INFO - Started process (PID=2112) to work on /home/airflow/.local/lib/python3.12/site-packages/airflow/example_dags/example_skip_dag.py
[2024-07-07T22:33:37.885+0000] {processor.py:830} INFO - Processing file /home/airflow/.local/lib/python3.12/site-packages/airflow/example_dags/example_skip_dag.py for tasks to queue
[2024-07-07T22:33:37.885+0000] {logging_mixin.py:188} INFO - [2024-07-07T22:33:37.885+0000] {dagbag.py:545} INFO - Filling up the DagBag from /home/airflow/.local/lib/python3.12/site-packages/airflow/example_dags/example_skip_dag.py
[2024-07-07T22:33:37.888+0000] {processor.py:840} INFO - DAG(s) 'example_skip_dag' retrieved from /home/airflow/.local/lib/python3.12/site-packages/airflow/example_dags/example_skip_dag.py
[2024-07-07T22:33:37.896+0000] {logging_mixin.py:188} INFO - [2024-07-07T22:33:37.895+0000] {dag.py:3096} INFO - Sync 1 DAGs
[2024-07-07T22:33:37.903+0000] {logging_mixin.py:188} INFO - [2024-07-07T22:33:37.903+0000] {dag.py:3954} INFO - Setting next_dagrun for example_skip_dag to 2024-07-06 00:00:00+00:00, run_after=2024-07-07 00:00:00+00:00
[2024-07-07T22:33:37.909+0000] {processor.py:183} INFO - Processing /home/airflow/.local/lib/python3.12/site-packages/airflow/example_dags/example_skip_dag.py took 0.027 seconds
