[2024-07-07T22:13:09.100+0000] {processor.py:161} INFO - Started process (PID=62) to work on /home/airflow/.local/lib/python3.12/site-packages/airflow/example_dags/example_params_ui_tutorial.py
[2024-07-07T22:13:09.101+0000] {processor.py:830} INFO - Processing file /home/airflow/.local/lib/python3.12/site-packages/airflow/example_dags/example_params_ui_tutorial.py for tasks to queue
[2024-07-07T22:13:09.101+0000] {logging_mixin.py:188} INFO - [2024-07-07T22:13:09.101+0000] {dagbag.py:545} INFO - Filling up the DagBag from /home/airflow/.local/lib/python3.12/site-packages/airflow/example_dags/example_params_ui_tutorial.py
[2024-07-07T22:13:09.107+0000] {processor.py:840} INFO - DAG(s) 'example_params_ui_tutorial' retrieved from /home/airflow/.local/lib/python3.12/site-packages/airflow/example_dags/example_params_ui_tutorial.py
[2024-07-07T22:13:09.150+0000] {logging_mixin.py:188} INFO - [2024-07-07T22:13:09.150+0000] {override.py:1829} INFO - Created Permission View: can edit on DAG:example_params_ui_tutorial
[2024-07-07T22:13:09.153+0000] {logging_mixin.py:188} INFO - [2024-07-07T22:13:09.153+0000] {override.py:1829} INFO - Created Permission View: can read on DAG:example_params_ui_tutorial
[2024-07-07T22:13:09.154+0000] {logging_mixin.py:188} INFO - [2024-07-07T22:13:09.154+0000] {override.py:1829} INFO - Created Permission View: can delete on DAG:example_params_ui_tutorial
[2024-07-07T22:13:09.155+0000] {logging_mixin.py:188} INFO - [2024-07-07T22:13:09.155+0000] {dag.py:3096} INFO - Sync 1 DAGs
[2024-07-07T22:13:09.159+0000] {logging_mixin.py:188} INFO - [2024-07-07T22:13:09.159+0000] {dag.py:3118} INFO - Creating ORM DAG for example_params_ui_tutorial
[2024-07-07T22:13:09.159+0000] {logging_mixin.py:188} INFO - [2024-07-07T22:13:09.159+0000] {dag.py:3954} INFO - Setting next_dagrun for example_params_ui_tutorial to None, run_after=None
[2024-07-07T22:13:09.165+0000] {processor.py:183} INFO - Processing /home/airflow/.local/lib/python3.12/site-packages/airflow/example_dags/example_params_ui_tutorial.py took 0.066 seconds
[2024-07-07T22:13:53.710+0000] {processor.py:161} INFO - Started process (PID=62) to work on /home/airflow/.local/lib/python3.12/site-packages/airflow/example_dags/example_params_ui_tutorial.py
[2024-07-07T22:13:53.711+0000] {processor.py:830} INFO - Processing file /home/airflow/.local/lib/python3.12/site-packages/airflow/example_dags/example_params_ui_tutorial.py for tasks to queue
[2024-07-07T22:13:53.712+0000] {logging_mixin.py:188} INFO - [2024-07-07T22:13:53.712+0000] {dagbag.py:545} INFO - Filling up the DagBag from /home/airflow/.local/lib/python3.12/site-packages/airflow/example_dags/example_params_ui_tutorial.py
[2024-07-07T22:13:53.719+0000] {processor.py:840} INFO - DAG(s) 'example_params_ui_tutorial' retrieved from /home/airflow/.local/lib/python3.12/site-packages/airflow/example_dags/example_params_ui_tutorial.py
[2024-07-07T22:13:53.727+0000] {logging_mixin.py:188} INFO - [2024-07-07T22:13:53.727+0000] {dag.py:3096} INFO - Sync 1 DAGs
[2024-07-07T22:13:53.734+0000] {logging_mixin.py:188} INFO - [2024-07-07T22:13:53.734+0000] {dag.py:3954} INFO - Setting next_dagrun for example_params_ui_tutorial to None, run_after=None
[2024-07-07T22:13:53.747+0000] {processor.py:183} INFO - Processing /home/airflow/.local/lib/python3.12/site-packages/airflow/example_dags/example_params_ui_tutorial.py took 0.040 seconds
[2024-07-07T22:14:23.795+0000] {processor.py:161} INFO - Started process (PID=114) to work on /home/airflow/.local/lib/python3.12/site-packages/airflow/example_dags/example_params_ui_tutorial.py
[2024-07-07T22:14:23.796+0000] {processor.py:830} INFO - Processing file /home/airflow/.local/lib/python3.12/site-packages/airflow/example_dags/example_params_ui_tutorial.py for tasks to queue
[2024-07-07T22:14:23.797+0000] {logging_mixin.py:188} INFO - [2024-07-07T22:14:23.797+0000] {dagbag.py:545} INFO - Filling up the DagBag from /home/airflow/.local/lib/python3.12/site-packages/airflow/example_dags/example_params_ui_tutorial.py
[2024-07-07T22:14:23.803+0000] {processor.py:840} INFO - DAG(s) 'example_params_ui_tutorial' retrieved from /home/airflow/.local/lib/python3.12/site-packages/airflow/example_dags/example_params_ui_tutorial.py
[2024-07-07T22:14:23.849+0000] {logging_mixin.py:188} INFO - [2024-07-07T22:14:23.849+0000] {dag.py:3096} INFO - Sync 1 DAGs
[2024-07-07T22:14:23.854+0000] {logging_mixin.py:188} INFO - [2024-07-07T22:14:23.854+0000] {dag.py:3954} INFO - Setting next_dagrun for example_params_ui_tutorial to None, run_after=None
[2024-07-07T22:14:23.861+0000] {processor.py:183} INFO - Processing /home/airflow/.local/lib/python3.12/site-packages/airflow/example_dags/example_params_ui_tutorial.py took 0.068 seconds
[2024-07-07T22:14:54.675+0000] {processor.py:161} INFO - Started process (PID=166) to work on /home/airflow/.local/lib/python3.12/site-packages/airflow/example_dags/example_params_ui_tutorial.py
[2024-07-07T22:14:54.677+0000] {processor.py:830} INFO - Processing file /home/airflow/.local/lib/python3.12/site-packages/airflow/example_dags/example_params_ui_tutorial.py for tasks to queue
[2024-07-07T22:14:54.677+0000] {logging_mixin.py:188} INFO - [2024-07-07T22:14:54.677+0000] {dagbag.py:545} INFO - Filling up the DagBag from /home/airflow/.local/lib/python3.12/site-packages/airflow/example_dags/example_params_ui_tutorial.py
[2024-07-07T22:14:54.682+0000] {processor.py:840} INFO - DAG(s) 'example_params_ui_tutorial' retrieved from /home/airflow/.local/lib/python3.12/site-packages/airflow/example_dags/example_params_ui_tutorial.py
[2024-07-07T22:14:54.699+0000] {logging_mixin.py:188} INFO - [2024-07-07T22:14:54.699+0000] {dag.py:3096} INFO - Sync 1 DAGs
[2024-07-07T22:14:54.703+0000] {logging_mixin.py:188} INFO - [2024-07-07T22:14:54.703+0000] {dag.py:3954} INFO - Setting next_dagrun for example_params_ui_tutorial to None, run_after=None
[2024-07-07T22:14:54.710+0000] {processor.py:183} INFO - Processing /home/airflow/.local/lib/python3.12/site-packages/airflow/example_dags/example_params_ui_tutorial.py took 0.037 seconds
[2024-07-07T22:15:24.915+0000] {processor.py:161} INFO - Started process (PID=218) to work on /home/airflow/.local/lib/python3.12/site-packages/airflow/example_dags/example_params_ui_tutorial.py
[2024-07-07T22:15:24.915+0000] {processor.py:830} INFO - Processing file /home/airflow/.local/lib/python3.12/site-packages/airflow/example_dags/example_params_ui_tutorial.py for tasks to queue
[2024-07-07T22:15:24.916+0000] {logging_mixin.py:188} INFO - [2024-07-07T22:15:24.916+0000] {dagbag.py:545} INFO - Filling up the DagBag from /home/airflow/.local/lib/python3.12/site-packages/airflow/example_dags/example_params_ui_tutorial.py
[2024-07-07T22:15:24.921+0000] {processor.py:840} INFO - DAG(s) 'example_params_ui_tutorial' retrieved from /home/airflow/.local/lib/python3.12/site-packages/airflow/example_dags/example_params_ui_tutorial.py
[2024-07-07T22:15:24.939+0000] {logging_mixin.py:188} INFO - [2024-07-07T22:15:24.939+0000] {dag.py:3096} INFO - Sync 1 DAGs
[2024-07-07T22:15:24.943+0000] {logging_mixin.py:188} INFO - [2024-07-07T22:15:24.943+0000] {dag.py:3954} INFO - Setting next_dagrun for example_params_ui_tutorial to None, run_after=None
[2024-07-07T22:15:24.949+0000] {processor.py:183} INFO - Processing /home/airflow/.local/lib/python3.12/site-packages/airflow/example_dags/example_params_ui_tutorial.py took 0.036 seconds
[2024-07-07T22:15:55.141+0000] {processor.py:161} INFO - Started process (PID=283) to work on /home/airflow/.local/lib/python3.12/site-packages/airflow/example_dags/example_params_ui_tutorial.py
[2024-07-07T22:15:55.141+0000] {processor.py:830} INFO - Processing file /home/airflow/.local/lib/python3.12/site-packages/airflow/example_dags/example_params_ui_tutorial.py for tasks to queue
[2024-07-07T22:15:55.142+0000] {logging_mixin.py:188} INFO - [2024-07-07T22:15:55.142+0000] {dagbag.py:545} INFO - Filling up the DagBag from /home/airflow/.local/lib/python3.12/site-packages/airflow/example_dags/example_params_ui_tutorial.py
[2024-07-07T22:15:55.147+0000] {processor.py:840} INFO - DAG(s) 'example_params_ui_tutorial' retrieved from /home/airflow/.local/lib/python3.12/site-packages/airflow/example_dags/example_params_ui_tutorial.py
[2024-07-07T22:15:55.166+0000] {logging_mixin.py:188} INFO - [2024-07-07T22:15:55.166+0000] {dag.py:3096} INFO - Sync 1 DAGs
[2024-07-07T22:15:55.171+0000] {logging_mixin.py:188} INFO - [2024-07-07T22:15:55.170+0000] {dag.py:3954} INFO - Setting next_dagrun for example_params_ui_tutorial to None, run_after=None
[2024-07-07T22:15:55.177+0000] {processor.py:183} INFO - Processing /home/airflow/.local/lib/python3.12/site-packages/airflow/example_dags/example_params_ui_tutorial.py took 0.038 seconds
[2024-07-07T22:16:25.369+0000] {processor.py:161} INFO - Started process (PID=342) to work on /home/airflow/.local/lib/python3.12/site-packages/airflow/example_dags/example_params_ui_tutorial.py
[2024-07-07T22:16:25.370+0000] {processor.py:830} INFO - Processing file /home/airflow/.local/lib/python3.12/site-packages/airflow/example_dags/example_params_ui_tutorial.py for tasks to queue
[2024-07-07T22:16:25.370+0000] {logging_mixin.py:188} INFO - [2024-07-07T22:16:25.370+0000] {dagbag.py:545} INFO - Filling up the DagBag from /home/airflow/.local/lib/python3.12/site-packages/airflow/example_dags/example_params_ui_tutorial.py
[2024-07-07T22:16:25.375+0000] {processor.py:840} INFO - DAG(s) 'example_params_ui_tutorial' retrieved from /home/airflow/.local/lib/python3.12/site-packages/airflow/example_dags/example_params_ui_tutorial.py
[2024-07-07T22:16:25.392+0000] {logging_mixin.py:188} INFO - [2024-07-07T22:16:25.392+0000] {dag.py:3096} INFO - Sync 1 DAGs
[2024-07-07T22:16:25.396+0000] {logging_mixin.py:188} INFO - [2024-07-07T22:16:25.396+0000] {dag.py:3954} INFO - Setting next_dagrun for example_params_ui_tutorial to None, run_after=None
[2024-07-07T22:16:25.402+0000] {processor.py:183} INFO - Processing /home/airflow/.local/lib/python3.12/site-packages/airflow/example_dags/example_params_ui_tutorial.py took 0.035 seconds
[2024-07-07T22:16:55.586+0000] {processor.py:161} INFO - Started process (PID=408) to work on /home/airflow/.local/lib/python3.12/site-packages/airflow/example_dags/example_params_ui_tutorial.py
[2024-07-07T22:16:55.587+0000] {processor.py:830} INFO - Processing file /home/airflow/.local/lib/python3.12/site-packages/airflow/example_dags/example_params_ui_tutorial.py for tasks to queue
[2024-07-07T22:16:55.587+0000] {logging_mixin.py:188} INFO - [2024-07-07T22:16:55.587+0000] {dagbag.py:545} INFO - Filling up the DagBag from /home/airflow/.local/lib/python3.12/site-packages/airflow/example_dags/example_params_ui_tutorial.py
[2024-07-07T22:16:55.592+0000] {processor.py:840} INFO - DAG(s) 'example_params_ui_tutorial' retrieved from /home/airflow/.local/lib/python3.12/site-packages/airflow/example_dags/example_params_ui_tutorial.py
[2024-07-07T22:16:55.609+0000] {logging_mixin.py:188} INFO - [2024-07-07T22:16:55.608+0000] {dag.py:3096} INFO - Sync 1 DAGs
[2024-07-07T22:16:55.613+0000] {logging_mixin.py:188} INFO - [2024-07-07T22:16:55.613+0000] {dag.py:3954} INFO - Setting next_dagrun for example_params_ui_tutorial to None, run_after=None
[2024-07-07T22:16:55.619+0000] {processor.py:183} INFO - Processing /home/airflow/.local/lib/python3.12/site-packages/airflow/example_dags/example_params_ui_tutorial.py took 0.035 seconds
[2024-07-07T22:17:25.851+0000] {processor.py:161} INFO - Started process (PID=461) to work on /home/airflow/.local/lib/python3.12/site-packages/airflow/example_dags/example_params_ui_tutorial.py
[2024-07-07T22:17:25.851+0000] {processor.py:830} INFO - Processing file /home/airflow/.local/lib/python3.12/site-packages/airflow/example_dags/example_params_ui_tutorial.py for tasks to queue
[2024-07-07T22:17:25.851+0000] {logging_mixin.py:188} INFO - [2024-07-07T22:17:25.851+0000] {dagbag.py:545} INFO - Filling up the DagBag from /home/airflow/.local/lib/python3.12/site-packages/airflow/example_dags/example_params_ui_tutorial.py
[2024-07-07T22:17:25.856+0000] {processor.py:840} INFO - DAG(s) 'example_params_ui_tutorial' retrieved from /home/airflow/.local/lib/python3.12/site-packages/airflow/example_dags/example_params_ui_tutorial.py
[2024-07-07T22:17:25.873+0000] {logging_mixin.py:188} INFO - [2024-07-07T22:17:25.873+0000] {dag.py:3096} INFO - Sync 1 DAGs
[2024-07-07T22:17:25.878+0000] {logging_mixin.py:188} INFO - [2024-07-07T22:17:25.878+0000] {dag.py:3954} INFO - Setting next_dagrun for example_params_ui_tutorial to None, run_after=None
[2024-07-07T22:17:25.884+0000] {processor.py:183} INFO - Processing /home/airflow/.local/lib/python3.12/site-packages/airflow/example_dags/example_params_ui_tutorial.py took 0.036 seconds
[2024-07-07T22:17:56.196+0000] {processor.py:161} INFO - Started process (PID=515) to work on /home/airflow/.local/lib/python3.12/site-packages/airflow/example_dags/example_params_ui_tutorial.py
[2024-07-07T22:17:56.196+0000] {processor.py:830} INFO - Processing file /home/airflow/.local/lib/python3.12/site-packages/airflow/example_dags/example_params_ui_tutorial.py for tasks to queue
[2024-07-07T22:17:56.197+0000] {logging_mixin.py:188} INFO - [2024-07-07T22:17:56.197+0000] {dagbag.py:545} INFO - Filling up the DagBag from /home/airflow/.local/lib/python3.12/site-packages/airflow/example_dags/example_params_ui_tutorial.py
[2024-07-07T22:17:56.203+0000] {processor.py:840} INFO - DAG(s) 'example_params_ui_tutorial' retrieved from /home/airflow/.local/lib/python3.12/site-packages/airflow/example_dags/example_params_ui_tutorial.py
[2024-07-07T22:17:56.225+0000] {logging_mixin.py:188} INFO - [2024-07-07T22:17:56.225+0000] {dag.py:3096} INFO - Sync 1 DAGs
[2024-07-07T22:17:56.231+0000] {logging_mixin.py:188} INFO - [2024-07-07T22:17:56.231+0000] {dag.py:3954} INFO - Setting next_dagrun for example_params_ui_tutorial to None, run_after=None
[2024-07-07T22:17:56.238+0000] {processor.py:183} INFO - Processing /home/airflow/.local/lib/python3.12/site-packages/airflow/example_dags/example_params_ui_tutorial.py took 0.045 seconds
[2024-07-07T22:18:26.693+0000] {processor.py:161} INFO - Started process (PID=567) to work on /home/airflow/.local/lib/python3.12/site-packages/airflow/example_dags/example_params_ui_tutorial.py
[2024-07-07T22:18:26.693+0000] {processor.py:830} INFO - Processing file /home/airflow/.local/lib/python3.12/site-packages/airflow/example_dags/example_params_ui_tutorial.py for tasks to queue
[2024-07-07T22:18:26.694+0000] {logging_mixin.py:188} INFO - [2024-07-07T22:18:26.694+0000] {dagbag.py:545} INFO - Filling up the DagBag from /home/airflow/.local/lib/python3.12/site-packages/airflow/example_dags/example_params_ui_tutorial.py
[2024-07-07T22:18:26.699+0000] {processor.py:840} INFO - DAG(s) 'example_params_ui_tutorial' retrieved from /home/airflow/.local/lib/python3.12/site-packages/airflow/example_dags/example_params_ui_tutorial.py
[2024-07-07T22:18:26.718+0000] {logging_mixin.py:188} INFO - [2024-07-07T22:18:26.718+0000] {dag.py:3096} INFO - Sync 1 DAGs
[2024-07-07T22:18:26.723+0000] {logging_mixin.py:188} INFO - [2024-07-07T22:18:26.723+0000] {dag.py:3954} INFO - Setting next_dagrun for example_params_ui_tutorial to None, run_after=None
[2024-07-07T22:18:26.729+0000] {processor.py:183} INFO - Processing /home/airflow/.local/lib/python3.12/site-packages/airflow/example_dags/example_params_ui_tutorial.py took 0.038 seconds
[2024-07-07T22:18:57.014+0000] {processor.py:161} INFO - Started process (PID=619) to work on /home/airflow/.local/lib/python3.12/site-packages/airflow/example_dags/example_params_ui_tutorial.py
[2024-07-07T22:18:57.015+0000] {processor.py:830} INFO - Processing file /home/airflow/.local/lib/python3.12/site-packages/airflow/example_dags/example_params_ui_tutorial.py for tasks to queue
[2024-07-07T22:18:57.015+0000] {logging_mixin.py:188} INFO - [2024-07-07T22:18:57.015+0000] {dagbag.py:545} INFO - Filling up the DagBag from /home/airflow/.local/lib/python3.12/site-packages/airflow/example_dags/example_params_ui_tutorial.py
[2024-07-07T22:18:57.020+0000] {processor.py:840} INFO - DAG(s) 'example_params_ui_tutorial' retrieved from /home/airflow/.local/lib/python3.12/site-packages/airflow/example_dags/example_params_ui_tutorial.py
[2024-07-07T22:18:57.037+0000] {logging_mixin.py:188} INFO - [2024-07-07T22:18:57.037+0000] {dag.py:3096} INFO - Sync 1 DAGs
[2024-07-07T22:18:57.041+0000] {logging_mixin.py:188} INFO - [2024-07-07T22:18:57.041+0000] {dag.py:3954} INFO - Setting next_dagrun for example_params_ui_tutorial to None, run_after=None
[2024-07-07T22:18:57.047+0000] {processor.py:183} INFO - Processing /home/airflow/.local/lib/python3.12/site-packages/airflow/example_dags/example_params_ui_tutorial.py took 0.035 seconds
[2024-07-07T22:19:27.291+0000] {processor.py:161} INFO - Started process (PID=671) to work on /home/airflow/.local/lib/python3.12/site-packages/airflow/example_dags/example_params_ui_tutorial.py
[2024-07-07T22:19:27.292+0000] {processor.py:830} INFO - Processing file /home/airflow/.local/lib/python3.12/site-packages/airflow/example_dags/example_params_ui_tutorial.py for tasks to queue
[2024-07-07T22:19:27.292+0000] {logging_mixin.py:188} INFO - [2024-07-07T22:19:27.292+0000] {dagbag.py:545} INFO - Filling up the DagBag from /home/airflow/.local/lib/python3.12/site-packages/airflow/example_dags/example_params_ui_tutorial.py
[2024-07-07T22:19:27.297+0000] {processor.py:840} INFO - DAG(s) 'example_params_ui_tutorial' retrieved from /home/airflow/.local/lib/python3.12/site-packages/airflow/example_dags/example_params_ui_tutorial.py
[2024-07-07T22:19:27.314+0000] {logging_mixin.py:188} INFO - [2024-07-07T22:19:27.314+0000] {dag.py:3096} INFO - Sync 1 DAGs
[2024-07-07T22:19:27.318+0000] {logging_mixin.py:188} INFO - [2024-07-07T22:19:27.318+0000] {dag.py:3954} INFO - Setting next_dagrun for example_params_ui_tutorial to None, run_after=None
[2024-07-07T22:19:27.324+0000] {processor.py:183} INFO - Processing /home/airflow/.local/lib/python3.12/site-packages/airflow/example_dags/example_params_ui_tutorial.py took 0.035 seconds
[2024-07-07T22:19:57.581+0000] {processor.py:161} INFO - Started process (PID=723) to work on /home/airflow/.local/lib/python3.12/site-packages/airflow/example_dags/example_params_ui_tutorial.py
[2024-07-07T22:19:57.581+0000] {processor.py:830} INFO - Processing file /home/airflow/.local/lib/python3.12/site-packages/airflow/example_dags/example_params_ui_tutorial.py for tasks to queue
[2024-07-07T22:19:57.582+0000] {logging_mixin.py:188} INFO - [2024-07-07T22:19:57.582+0000] {dagbag.py:545} INFO - Filling up the DagBag from /home/airflow/.local/lib/python3.12/site-packages/airflow/example_dags/example_params_ui_tutorial.py
[2024-07-07T22:19:57.586+0000] {processor.py:840} INFO - DAG(s) 'example_params_ui_tutorial' retrieved from /home/airflow/.local/lib/python3.12/site-packages/airflow/example_dags/example_params_ui_tutorial.py
[2024-07-07T22:19:57.604+0000] {logging_mixin.py:188} INFO - [2024-07-07T22:19:57.604+0000] {dag.py:3096} INFO - Sync 1 DAGs
[2024-07-07T22:19:57.609+0000] {logging_mixin.py:188} INFO - [2024-07-07T22:19:57.608+0000] {dag.py:3954} INFO - Setting next_dagrun for example_params_ui_tutorial to None, run_after=None
[2024-07-07T22:19:57.615+0000] {processor.py:183} INFO - Processing /home/airflow/.local/lib/python3.12/site-packages/airflow/example_dags/example_params_ui_tutorial.py took 0.037 seconds
[2024-07-07T22:20:27.881+0000] {processor.py:161} INFO - Started process (PID=775) to work on /home/airflow/.local/lib/python3.12/site-packages/airflow/example_dags/example_params_ui_tutorial.py
[2024-07-07T22:20:27.881+0000] {processor.py:830} INFO - Processing file /home/airflow/.local/lib/python3.12/site-packages/airflow/example_dags/example_params_ui_tutorial.py for tasks to queue
[2024-07-07T22:20:27.882+0000] {logging_mixin.py:188} INFO - [2024-07-07T22:20:27.882+0000] {dagbag.py:545} INFO - Filling up the DagBag from /home/airflow/.local/lib/python3.12/site-packages/airflow/example_dags/example_params_ui_tutorial.py
[2024-07-07T22:20:27.887+0000] {processor.py:840} INFO - DAG(s) 'example_params_ui_tutorial' retrieved from /home/airflow/.local/lib/python3.12/site-packages/airflow/example_dags/example_params_ui_tutorial.py
[2024-07-07T22:20:27.905+0000] {logging_mixin.py:188} INFO - [2024-07-07T22:20:27.905+0000] {dag.py:3096} INFO - Sync 1 DAGs
[2024-07-07T22:20:27.909+0000] {logging_mixin.py:188} INFO - [2024-07-07T22:20:27.909+0000] {dag.py:3954} INFO - Setting next_dagrun for example_params_ui_tutorial to None, run_after=None
[2024-07-07T22:20:27.915+0000] {processor.py:183} INFO - Processing /home/airflow/.local/lib/python3.12/site-packages/airflow/example_dags/example_params_ui_tutorial.py took 0.037 seconds
[2024-07-07T22:20:58.180+0000] {processor.py:161} INFO - Started process (PID=827) to work on /home/airflow/.local/lib/python3.12/site-packages/airflow/example_dags/example_params_ui_tutorial.py
[2024-07-07T22:20:58.181+0000] {processor.py:830} INFO - Processing file /home/airflow/.local/lib/python3.12/site-packages/airflow/example_dags/example_params_ui_tutorial.py for tasks to queue
[2024-07-07T22:20:58.182+0000] {logging_mixin.py:188} INFO - [2024-07-07T22:20:58.181+0000] {dagbag.py:545} INFO - Filling up the DagBag from /home/airflow/.local/lib/python3.12/site-packages/airflow/example_dags/example_params_ui_tutorial.py
[2024-07-07T22:20:58.186+0000] {processor.py:840} INFO - DAG(s) 'example_params_ui_tutorial' retrieved from /home/airflow/.local/lib/python3.12/site-packages/airflow/example_dags/example_params_ui_tutorial.py
[2024-07-07T22:20:58.204+0000] {logging_mixin.py:188} INFO - [2024-07-07T22:20:58.204+0000] {dag.py:3096} INFO - Sync 1 DAGs
[2024-07-07T22:20:58.209+0000] {logging_mixin.py:188} INFO - [2024-07-07T22:20:58.209+0000] {dag.py:3954} INFO - Setting next_dagrun for example_params_ui_tutorial to None, run_after=None
[2024-07-07T22:20:58.215+0000] {processor.py:183} INFO - Processing /home/airflow/.local/lib/python3.12/site-packages/airflow/example_dags/example_params_ui_tutorial.py took 0.036 seconds
[2024-07-07T22:21:28.516+0000] {processor.py:161} INFO - Started process (PID=879) to work on /home/airflow/.local/lib/python3.12/site-packages/airflow/example_dags/example_params_ui_tutorial.py
[2024-07-07T22:21:28.516+0000] {processor.py:830} INFO - Processing file /home/airflow/.local/lib/python3.12/site-packages/airflow/example_dags/example_params_ui_tutorial.py for tasks to queue
[2024-07-07T22:21:28.517+0000] {logging_mixin.py:188} INFO - [2024-07-07T22:21:28.517+0000] {dagbag.py:545} INFO - Filling up the DagBag from /home/airflow/.local/lib/python3.12/site-packages/airflow/example_dags/example_params_ui_tutorial.py
[2024-07-07T22:21:28.521+0000] {processor.py:840} INFO - DAG(s) 'example_params_ui_tutorial' retrieved from /home/airflow/.local/lib/python3.12/site-packages/airflow/example_dags/example_params_ui_tutorial.py
[2024-07-07T22:21:28.539+0000] {logging_mixin.py:188} INFO - [2024-07-07T22:21:28.539+0000] {dag.py:3096} INFO - Sync 1 DAGs
[2024-07-07T22:21:28.544+0000] {logging_mixin.py:188} INFO - [2024-07-07T22:21:28.544+0000] {dag.py:3954} INFO - Setting next_dagrun for example_params_ui_tutorial to None, run_after=None
[2024-07-07T22:21:28.551+0000] {processor.py:183} INFO - Processing /home/airflow/.local/lib/python3.12/site-packages/airflow/example_dags/example_params_ui_tutorial.py took 0.038 seconds
[2024-07-07T22:21:58.836+0000] {processor.py:161} INFO - Started process (PID=931) to work on /home/airflow/.local/lib/python3.12/site-packages/airflow/example_dags/example_params_ui_tutorial.py
[2024-07-07T22:21:58.836+0000] {processor.py:830} INFO - Processing file /home/airflow/.local/lib/python3.12/site-packages/airflow/example_dags/example_params_ui_tutorial.py for tasks to queue
[2024-07-07T22:21:58.837+0000] {logging_mixin.py:188} INFO - [2024-07-07T22:21:58.837+0000] {dagbag.py:545} INFO - Filling up the DagBag from /home/airflow/.local/lib/python3.12/site-packages/airflow/example_dags/example_params_ui_tutorial.py
[2024-07-07T22:21:58.841+0000] {processor.py:840} INFO - DAG(s) 'example_params_ui_tutorial' retrieved from /home/airflow/.local/lib/python3.12/site-packages/airflow/example_dags/example_params_ui_tutorial.py
[2024-07-07T22:21:58.859+0000] {logging_mixin.py:188} INFO - [2024-07-07T22:21:58.859+0000] {dag.py:3096} INFO - Sync 1 DAGs
[2024-07-07T22:21:58.864+0000] {logging_mixin.py:188} INFO - [2024-07-07T22:21:58.864+0000] {dag.py:3954} INFO - Setting next_dagrun for example_params_ui_tutorial to None, run_after=None
[2024-07-07T22:21:58.869+0000] {processor.py:183} INFO - Processing /home/airflow/.local/lib/python3.12/site-packages/airflow/example_dags/example_params_ui_tutorial.py took 0.036 seconds
[2024-07-07T22:22:29.228+0000] {processor.py:161} INFO - Started process (PID=983) to work on /home/airflow/.local/lib/python3.12/site-packages/airflow/example_dags/example_params_ui_tutorial.py
[2024-07-07T22:22:29.228+0000] {processor.py:830} INFO - Processing file /home/airflow/.local/lib/python3.12/site-packages/airflow/example_dags/example_params_ui_tutorial.py for tasks to queue
[2024-07-07T22:22:29.229+0000] {logging_mixin.py:188} INFO - [2024-07-07T22:22:29.229+0000] {dagbag.py:545} INFO - Filling up the DagBag from /home/airflow/.local/lib/python3.12/site-packages/airflow/example_dags/example_params_ui_tutorial.py
[2024-07-07T22:22:29.234+0000] {processor.py:840} INFO - DAG(s) 'example_params_ui_tutorial' retrieved from /home/airflow/.local/lib/python3.12/site-packages/airflow/example_dags/example_params_ui_tutorial.py
[2024-07-07T22:22:29.252+0000] {logging_mixin.py:188} INFO - [2024-07-07T22:22:29.252+0000] {dag.py:3096} INFO - Sync 1 DAGs
[2024-07-07T22:22:29.256+0000] {logging_mixin.py:188} INFO - [2024-07-07T22:22:29.256+0000] {dag.py:3954} INFO - Setting next_dagrun for example_params_ui_tutorial to None, run_after=None
[2024-07-07T22:22:29.263+0000] {processor.py:183} INFO - Processing /home/airflow/.local/lib/python3.12/site-packages/airflow/example_dags/example_params_ui_tutorial.py took 0.037 seconds
[2024-07-07T22:22:59.580+0000] {processor.py:161} INFO - Started process (PID=1035) to work on /home/airflow/.local/lib/python3.12/site-packages/airflow/example_dags/example_params_ui_tutorial.py
[2024-07-07T22:22:59.580+0000] {processor.py:830} INFO - Processing file /home/airflow/.local/lib/python3.12/site-packages/airflow/example_dags/example_params_ui_tutorial.py for tasks to queue
[2024-07-07T22:22:59.581+0000] {logging_mixin.py:188} INFO - [2024-07-07T22:22:59.581+0000] {dagbag.py:545} INFO - Filling up the DagBag from /home/airflow/.local/lib/python3.12/site-packages/airflow/example_dags/example_params_ui_tutorial.py
[2024-07-07T22:22:59.585+0000] {processor.py:840} INFO - DAG(s) 'example_params_ui_tutorial' retrieved from /home/airflow/.local/lib/python3.12/site-packages/airflow/example_dags/example_params_ui_tutorial.py
[2024-07-07T22:22:59.602+0000] {logging_mixin.py:188} INFO - [2024-07-07T22:22:59.602+0000] {dag.py:3096} INFO - Sync 1 DAGs
[2024-07-07T22:22:59.606+0000] {logging_mixin.py:188} INFO - [2024-07-07T22:22:59.606+0000] {dag.py:3954} INFO - Setting next_dagrun for example_params_ui_tutorial to None, run_after=None
[2024-07-07T22:22:59.612+0000] {processor.py:183} INFO - Processing /home/airflow/.local/lib/python3.12/site-packages/airflow/example_dags/example_params_ui_tutorial.py took 0.034 seconds
[2024-07-07T22:23:29.871+0000] {processor.py:161} INFO - Started process (PID=1087) to work on /home/airflow/.local/lib/python3.12/site-packages/airflow/example_dags/example_params_ui_tutorial.py
[2024-07-07T22:23:29.872+0000] {processor.py:830} INFO - Processing file /home/airflow/.local/lib/python3.12/site-packages/airflow/example_dags/example_params_ui_tutorial.py for tasks to queue
[2024-07-07T22:23:29.872+0000] {logging_mixin.py:188} INFO - [2024-07-07T22:23:29.872+0000] {dagbag.py:545} INFO - Filling up the DagBag from /home/airflow/.local/lib/python3.12/site-packages/airflow/example_dags/example_params_ui_tutorial.py
[2024-07-07T22:23:29.876+0000] {processor.py:840} INFO - DAG(s) 'example_params_ui_tutorial' retrieved from /home/airflow/.local/lib/python3.12/site-packages/airflow/example_dags/example_params_ui_tutorial.py
[2024-07-07T22:23:29.894+0000] {logging_mixin.py:188} INFO - [2024-07-07T22:23:29.894+0000] {dag.py:3096} INFO - Sync 1 DAGs
[2024-07-07T22:23:29.898+0000] {logging_mixin.py:188} INFO - [2024-07-07T22:23:29.898+0000] {dag.py:3954} INFO - Setting next_dagrun for example_params_ui_tutorial to None, run_after=None
[2024-07-07T22:23:29.904+0000] {processor.py:183} INFO - Processing /home/airflow/.local/lib/python3.12/site-packages/airflow/example_dags/example_params_ui_tutorial.py took 0.035 seconds
[2024-07-07T22:24:00.255+0000] {processor.py:161} INFO - Started process (PID=1139) to work on /home/airflow/.local/lib/python3.12/site-packages/airflow/example_dags/example_params_ui_tutorial.py
[2024-07-07T22:24:00.256+0000] {processor.py:830} INFO - Processing file /home/airflow/.local/lib/python3.12/site-packages/airflow/example_dags/example_params_ui_tutorial.py for tasks to queue
[2024-07-07T22:24:00.256+0000] {logging_mixin.py:188} INFO - [2024-07-07T22:24:00.256+0000] {dagbag.py:545} INFO - Filling up the DagBag from /home/airflow/.local/lib/python3.12/site-packages/airflow/example_dags/example_params_ui_tutorial.py
[2024-07-07T22:24:00.260+0000] {processor.py:840} INFO - DAG(s) 'example_params_ui_tutorial' retrieved from /home/airflow/.local/lib/python3.12/site-packages/airflow/example_dags/example_params_ui_tutorial.py
[2024-07-07T22:24:00.278+0000] {logging_mixin.py:188} INFO - [2024-07-07T22:24:00.278+0000] {dag.py:3096} INFO - Sync 1 DAGs
[2024-07-07T22:24:00.283+0000] {logging_mixin.py:188} INFO - [2024-07-07T22:24:00.282+0000] {dag.py:3954} INFO - Setting next_dagrun for example_params_ui_tutorial to None, run_after=None
[2024-07-07T22:24:00.289+0000] {processor.py:183} INFO - Processing /home/airflow/.local/lib/python3.12/site-packages/airflow/example_dags/example_params_ui_tutorial.py took 0.035 seconds
[2024-07-07T22:24:30.574+0000] {processor.py:161} INFO - Started process (PID=1191) to work on /home/airflow/.local/lib/python3.12/site-packages/airflow/example_dags/example_params_ui_tutorial.py
[2024-07-07T22:24:30.575+0000] {processor.py:830} INFO - Processing file /home/airflow/.local/lib/python3.12/site-packages/airflow/example_dags/example_params_ui_tutorial.py for tasks to queue
[2024-07-07T22:24:30.575+0000] {logging_mixin.py:188} INFO - [2024-07-07T22:24:30.575+0000] {dagbag.py:545} INFO - Filling up the DagBag from /home/airflow/.local/lib/python3.12/site-packages/airflow/example_dags/example_params_ui_tutorial.py
[2024-07-07T22:24:30.580+0000] {processor.py:840} INFO - DAG(s) 'example_params_ui_tutorial' retrieved from /home/airflow/.local/lib/python3.12/site-packages/airflow/example_dags/example_params_ui_tutorial.py
[2024-07-07T22:24:30.598+0000] {logging_mixin.py:188} INFO - [2024-07-07T22:24:30.598+0000] {dag.py:3096} INFO - Sync 1 DAGs
[2024-07-07T22:24:30.602+0000] {logging_mixin.py:188} INFO - [2024-07-07T22:24:30.602+0000] {dag.py:3954} INFO - Setting next_dagrun for example_params_ui_tutorial to None, run_after=None
[2024-07-07T22:24:30.608+0000] {processor.py:183} INFO - Processing /home/airflow/.local/lib/python3.12/site-packages/airflow/example_dags/example_params_ui_tutorial.py took 0.036 seconds
[2024-07-07T22:25:01.098+0000] {processor.py:161} INFO - Started process (PID=1243) to work on /home/airflow/.local/lib/python3.12/site-packages/airflow/example_dags/example_params_ui_tutorial.py
[2024-07-07T22:25:01.098+0000] {processor.py:830} INFO - Processing file /home/airflow/.local/lib/python3.12/site-packages/airflow/example_dags/example_params_ui_tutorial.py for tasks to queue
[2024-07-07T22:25:01.099+0000] {logging_mixin.py:188} INFO - [2024-07-07T22:25:01.099+0000] {dagbag.py:545} INFO - Filling up the DagBag from /home/airflow/.local/lib/python3.12/site-packages/airflow/example_dags/example_params_ui_tutorial.py
[2024-07-07T22:25:01.104+0000] {processor.py:840} INFO - DAG(s) 'example_params_ui_tutorial' retrieved from /home/airflow/.local/lib/python3.12/site-packages/airflow/example_dags/example_params_ui_tutorial.py
[2024-07-07T22:25:01.126+0000] {logging_mixin.py:188} INFO - [2024-07-07T22:25:01.126+0000] {dag.py:3096} INFO - Sync 1 DAGs
[2024-07-07T22:25:01.132+0000] {logging_mixin.py:188} INFO - [2024-07-07T22:25:01.132+0000] {dag.py:3954} INFO - Setting next_dagrun for example_params_ui_tutorial to None, run_after=None
[2024-07-07T22:25:01.139+0000] {processor.py:183} INFO - Processing /home/airflow/.local/lib/python3.12/site-packages/airflow/example_dags/example_params_ui_tutorial.py took 0.043 seconds
[2024-07-07T22:25:31.611+0000] {processor.py:161} INFO - Started process (PID=1295) to work on /home/airflow/.local/lib/python3.12/site-packages/airflow/example_dags/example_params_ui_tutorial.py
[2024-07-07T22:25:31.612+0000] {processor.py:830} INFO - Processing file /home/airflow/.local/lib/python3.12/site-packages/airflow/example_dags/example_params_ui_tutorial.py for tasks to queue
[2024-07-07T22:25:31.613+0000] {logging_mixin.py:188} INFO - [2024-07-07T22:25:31.612+0000] {dagbag.py:545} INFO - Filling up the DagBag from /home/airflow/.local/lib/python3.12/site-packages/airflow/example_dags/example_params_ui_tutorial.py
[2024-07-07T22:25:31.617+0000] {processor.py:840} INFO - DAG(s) 'example_params_ui_tutorial' retrieved from /home/airflow/.local/lib/python3.12/site-packages/airflow/example_dags/example_params_ui_tutorial.py
[2024-07-07T22:25:31.634+0000] {logging_mixin.py:188} INFO - [2024-07-07T22:25:31.634+0000] {dag.py:3096} INFO - Sync 1 DAGs
[2024-07-07T22:25:31.638+0000] {logging_mixin.py:188} INFO - [2024-07-07T22:25:31.638+0000] {dag.py:3954} INFO - Setting next_dagrun for example_params_ui_tutorial to None, run_after=None
[2024-07-07T22:25:31.643+0000] {processor.py:183} INFO - Processing /home/airflow/.local/lib/python3.12/site-packages/airflow/example_dags/example_params_ui_tutorial.py took 0.034 seconds
[2024-07-07T22:26:02.075+0000] {processor.py:161} INFO - Started process (PID=1347) to work on /home/airflow/.local/lib/python3.12/site-packages/airflow/example_dags/example_params_ui_tutorial.py
[2024-07-07T22:26:02.075+0000] {processor.py:830} INFO - Processing file /home/airflow/.local/lib/python3.12/site-packages/airflow/example_dags/example_params_ui_tutorial.py for tasks to queue
[2024-07-07T22:26:02.077+0000] {logging_mixin.py:188} INFO - [2024-07-07T22:26:02.077+0000] {dagbag.py:545} INFO - Filling up the DagBag from /home/airflow/.local/lib/python3.12/site-packages/airflow/example_dags/example_params_ui_tutorial.py
[2024-07-07T22:26:02.082+0000] {processor.py:840} INFO - DAG(s) 'example_params_ui_tutorial' retrieved from /home/airflow/.local/lib/python3.12/site-packages/airflow/example_dags/example_params_ui_tutorial.py
[2024-07-07T22:26:02.104+0000] {logging_mixin.py:188} INFO - [2024-07-07T22:26:02.104+0000] {dag.py:3096} INFO - Sync 1 DAGs
[2024-07-07T22:26:02.110+0000] {logging_mixin.py:188} INFO - [2024-07-07T22:26:02.110+0000] {dag.py:3954} INFO - Setting next_dagrun for example_params_ui_tutorial to None, run_after=None
[2024-07-07T22:26:02.120+0000] {processor.py:183} INFO - Processing /home/airflow/.local/lib/python3.12/site-packages/airflow/example_dags/example_params_ui_tutorial.py took 0.049 seconds
[2024-07-07T22:26:32.440+0000] {processor.py:161} INFO - Started process (PID=1399) to work on /home/airflow/.local/lib/python3.12/site-packages/airflow/example_dags/example_params_ui_tutorial.py
[2024-07-07T22:26:32.440+0000] {processor.py:830} INFO - Processing file /home/airflow/.local/lib/python3.12/site-packages/airflow/example_dags/example_params_ui_tutorial.py for tasks to queue
[2024-07-07T22:26:32.441+0000] {logging_mixin.py:188} INFO - [2024-07-07T22:26:32.441+0000] {dagbag.py:545} INFO - Filling up the DagBag from /home/airflow/.local/lib/python3.12/site-packages/airflow/example_dags/example_params_ui_tutorial.py
[2024-07-07T22:26:32.445+0000] {processor.py:840} INFO - DAG(s) 'example_params_ui_tutorial' retrieved from /home/airflow/.local/lib/python3.12/site-packages/airflow/example_dags/example_params_ui_tutorial.py
[2024-07-07T22:26:32.463+0000] {logging_mixin.py:188} INFO - [2024-07-07T22:26:32.463+0000] {dag.py:3096} INFO - Sync 1 DAGs
[2024-07-07T22:26:32.467+0000] {logging_mixin.py:188} INFO - [2024-07-07T22:26:32.467+0000] {dag.py:3954} INFO - Setting next_dagrun for example_params_ui_tutorial to None, run_after=None
[2024-07-07T22:26:32.473+0000] {processor.py:183} INFO - Processing /home/airflow/.local/lib/python3.12/site-packages/airflow/example_dags/example_params_ui_tutorial.py took 0.036 seconds
[2024-07-07T22:27:02.743+0000] {processor.py:161} INFO - Started process (PID=1451) to work on /home/airflow/.local/lib/python3.12/site-packages/airflow/example_dags/example_params_ui_tutorial.py
[2024-07-07T22:27:02.743+0000] {processor.py:830} INFO - Processing file /home/airflow/.local/lib/python3.12/site-packages/airflow/example_dags/example_params_ui_tutorial.py for tasks to queue
[2024-07-07T22:27:02.744+0000] {logging_mixin.py:188} INFO - [2024-07-07T22:27:02.743+0000] {dagbag.py:545} INFO - Filling up the DagBag from /home/airflow/.local/lib/python3.12/site-packages/airflow/example_dags/example_params_ui_tutorial.py
[2024-07-07T22:27:02.748+0000] {processor.py:840} INFO - DAG(s) 'example_params_ui_tutorial' retrieved from /home/airflow/.local/lib/python3.12/site-packages/airflow/example_dags/example_params_ui_tutorial.py
[2024-07-07T22:27:02.766+0000] {logging_mixin.py:188} INFO - [2024-07-07T22:27:02.765+0000] {dag.py:3096} INFO - Sync 1 DAGs
[2024-07-07T22:27:02.770+0000] {logging_mixin.py:188} INFO - [2024-07-07T22:27:02.770+0000] {dag.py:3954} INFO - Setting next_dagrun for example_params_ui_tutorial to None, run_after=None
[2024-07-07T22:27:02.776+0000] {processor.py:183} INFO - Processing /home/airflow/.local/lib/python3.12/site-packages/airflow/example_dags/example_params_ui_tutorial.py took 0.036 seconds
[2024-07-07T22:27:32.992+0000] {processor.py:161} INFO - Started process (PID=1503) to work on /home/airflow/.local/lib/python3.12/site-packages/airflow/example_dags/example_params_ui_tutorial.py
[2024-07-07T22:27:32.992+0000] {processor.py:830} INFO - Processing file /home/airflow/.local/lib/python3.12/site-packages/airflow/example_dags/example_params_ui_tutorial.py for tasks to queue
[2024-07-07T22:27:32.993+0000] {logging_mixin.py:188} INFO - [2024-07-07T22:27:32.993+0000] {dagbag.py:545} INFO - Filling up the DagBag from /home/airflow/.local/lib/python3.12/site-packages/airflow/example_dags/example_params_ui_tutorial.py
[2024-07-07T22:27:32.997+0000] {processor.py:840} INFO - DAG(s) 'example_params_ui_tutorial' retrieved from /home/airflow/.local/lib/python3.12/site-packages/airflow/example_dags/example_params_ui_tutorial.py
[2024-07-07T22:27:33.014+0000] {logging_mixin.py:188} INFO - [2024-07-07T22:27:33.014+0000] {dag.py:3096} INFO - Sync 1 DAGs
[2024-07-07T22:27:33.020+0000] {logging_mixin.py:188} INFO - [2024-07-07T22:27:33.020+0000] {dag.py:3954} INFO - Setting next_dagrun for example_params_ui_tutorial to None, run_after=None
[2024-07-07T22:27:33.026+0000] {processor.py:183} INFO - Processing /home/airflow/.local/lib/python3.12/site-packages/airflow/example_dags/example_params_ui_tutorial.py took 0.036 seconds
[2024-07-07T22:28:03.259+0000] {processor.py:161} INFO - Started process (PID=1555) to work on /home/airflow/.local/lib/python3.12/site-packages/airflow/example_dags/example_params_ui_tutorial.py
[2024-07-07T22:28:03.259+0000] {processor.py:830} INFO - Processing file /home/airflow/.local/lib/python3.12/site-packages/airflow/example_dags/example_params_ui_tutorial.py for tasks to queue
[2024-07-07T22:28:03.260+0000] {logging_mixin.py:188} INFO - [2024-07-07T22:28:03.260+0000] {dagbag.py:545} INFO - Filling up the DagBag from /home/airflow/.local/lib/python3.12/site-packages/airflow/example_dags/example_params_ui_tutorial.py
[2024-07-07T22:28:03.264+0000] {processor.py:840} INFO - DAG(s) 'example_params_ui_tutorial' retrieved from /home/airflow/.local/lib/python3.12/site-packages/airflow/example_dags/example_params_ui_tutorial.py
[2024-07-07T22:28:03.281+0000] {logging_mixin.py:188} INFO - [2024-07-07T22:28:03.281+0000] {dag.py:3096} INFO - Sync 1 DAGs
[2024-07-07T22:28:03.285+0000] {logging_mixin.py:188} INFO - [2024-07-07T22:28:03.285+0000] {dag.py:3954} INFO - Setting next_dagrun for example_params_ui_tutorial to None, run_after=None
[2024-07-07T22:28:03.291+0000] {processor.py:183} INFO - Processing /home/airflow/.local/lib/python3.12/site-packages/airflow/example_dags/example_params_ui_tutorial.py took 0.035 seconds
[2024-07-07T22:28:33.525+0000] {processor.py:161} INFO - Started process (PID=1607) to work on /home/airflow/.local/lib/python3.12/site-packages/airflow/example_dags/example_params_ui_tutorial.py
[2024-07-07T22:28:33.525+0000] {processor.py:830} INFO - Processing file /home/airflow/.local/lib/python3.12/site-packages/airflow/example_dags/example_params_ui_tutorial.py for tasks to queue
[2024-07-07T22:28:33.526+0000] {logging_mixin.py:188} INFO - [2024-07-07T22:28:33.526+0000] {dagbag.py:545} INFO - Filling up the DagBag from /home/airflow/.local/lib/python3.12/site-packages/airflow/example_dags/example_params_ui_tutorial.py
[2024-07-07T22:28:33.530+0000] {processor.py:840} INFO - DAG(s) 'example_params_ui_tutorial' retrieved from /home/airflow/.local/lib/python3.12/site-packages/airflow/example_dags/example_params_ui_tutorial.py
[2024-07-07T22:28:33.548+0000] {logging_mixin.py:188} INFO - [2024-07-07T22:28:33.548+0000] {dag.py:3096} INFO - Sync 1 DAGs
[2024-07-07T22:28:33.552+0000] {logging_mixin.py:188} INFO - [2024-07-07T22:28:33.552+0000] {dag.py:3954} INFO - Setting next_dagrun for example_params_ui_tutorial to None, run_after=None
[2024-07-07T22:28:33.558+0000] {processor.py:183} INFO - Processing /home/airflow/.local/lib/python3.12/site-packages/airflow/example_dags/example_params_ui_tutorial.py took 0.035 seconds
[2024-07-07T22:29:03.825+0000] {processor.py:161} INFO - Started process (PID=1659) to work on /home/airflow/.local/lib/python3.12/site-packages/airflow/example_dags/example_params_ui_tutorial.py
[2024-07-07T22:29:03.826+0000] {processor.py:830} INFO - Processing file /home/airflow/.local/lib/python3.12/site-packages/airflow/example_dags/example_params_ui_tutorial.py for tasks to queue
[2024-07-07T22:29:03.826+0000] {logging_mixin.py:188} INFO - [2024-07-07T22:29:03.826+0000] {dagbag.py:545} INFO - Filling up the DagBag from /home/airflow/.local/lib/python3.12/site-packages/airflow/example_dags/example_params_ui_tutorial.py
[2024-07-07T22:29:03.831+0000] {processor.py:840} INFO - DAG(s) 'example_params_ui_tutorial' retrieved from /home/airflow/.local/lib/python3.12/site-packages/airflow/example_dags/example_params_ui_tutorial.py
[2024-07-07T22:29:03.849+0000] {logging_mixin.py:188} INFO - [2024-07-07T22:29:03.849+0000] {dag.py:3096} INFO - Sync 1 DAGs
[2024-07-07T22:29:03.853+0000] {logging_mixin.py:188} INFO - [2024-07-07T22:29:03.853+0000] {dag.py:3954} INFO - Setting next_dagrun for example_params_ui_tutorial to None, run_after=None
[2024-07-07T22:29:03.859+0000] {processor.py:183} INFO - Processing /home/airflow/.local/lib/python3.12/site-packages/airflow/example_dags/example_params_ui_tutorial.py took 0.036 seconds
[2024-07-07T22:29:34.338+0000] {processor.py:161} INFO - Started process (PID=1711) to work on /home/airflow/.local/lib/python3.12/site-packages/airflow/example_dags/example_params_ui_tutorial.py
[2024-07-07T22:29:34.338+0000] {processor.py:830} INFO - Processing file /home/airflow/.local/lib/python3.12/site-packages/airflow/example_dags/example_params_ui_tutorial.py for tasks to queue
[2024-07-07T22:29:34.339+0000] {logging_mixin.py:188} INFO - [2024-07-07T22:29:34.339+0000] {dagbag.py:545} INFO - Filling up the DagBag from /home/airflow/.local/lib/python3.12/site-packages/airflow/example_dags/example_params_ui_tutorial.py
[2024-07-07T22:29:34.343+0000] {processor.py:840} INFO - DAG(s) 'example_params_ui_tutorial' retrieved from /home/airflow/.local/lib/python3.12/site-packages/airflow/example_dags/example_params_ui_tutorial.py
[2024-07-07T22:29:34.361+0000] {logging_mixin.py:188} INFO - [2024-07-07T22:29:34.361+0000] {dag.py:3096} INFO - Sync 1 DAGs
[2024-07-07T22:29:34.365+0000] {logging_mixin.py:188} INFO - [2024-07-07T22:29:34.365+0000] {dag.py:3954} INFO - Setting next_dagrun for example_params_ui_tutorial to None, run_after=None
[2024-07-07T22:29:34.372+0000] {processor.py:183} INFO - Processing /home/airflow/.local/lib/python3.12/site-packages/airflow/example_dags/example_params_ui_tutorial.py took 0.036 seconds
[2024-07-07T22:30:04.819+0000] {processor.py:161} INFO - Started process (PID=1763) to work on /home/airflow/.local/lib/python3.12/site-packages/airflow/example_dags/example_params_ui_tutorial.py
[2024-07-07T22:30:04.819+0000] {processor.py:830} INFO - Processing file /home/airflow/.local/lib/python3.12/site-packages/airflow/example_dags/example_params_ui_tutorial.py for tasks to queue
[2024-07-07T22:30:04.820+0000] {logging_mixin.py:188} INFO - [2024-07-07T22:30:04.820+0000] {dagbag.py:545} INFO - Filling up the DagBag from /home/airflow/.local/lib/python3.12/site-packages/airflow/example_dags/example_params_ui_tutorial.py
[2024-07-07T22:30:04.824+0000] {processor.py:840} INFO - DAG(s) 'example_params_ui_tutorial' retrieved from /home/airflow/.local/lib/python3.12/site-packages/airflow/example_dags/example_params_ui_tutorial.py
[2024-07-07T22:30:04.842+0000] {logging_mixin.py:188} INFO - [2024-07-07T22:30:04.842+0000] {dag.py:3096} INFO - Sync 1 DAGs
[2024-07-07T22:30:04.847+0000] {logging_mixin.py:188} INFO - [2024-07-07T22:30:04.846+0000] {dag.py:3954} INFO - Setting next_dagrun for example_params_ui_tutorial to None, run_after=None
[2024-07-07T22:30:04.853+0000] {processor.py:183} INFO - Processing /home/airflow/.local/lib/python3.12/site-packages/airflow/example_dags/example_params_ui_tutorial.py took 0.036 seconds
[2024-07-07T22:30:35.146+0000] {processor.py:161} INFO - Started process (PID=1814) to work on /home/airflow/.local/lib/python3.12/site-packages/airflow/example_dags/example_params_ui_tutorial.py
[2024-07-07T22:30:35.146+0000] {processor.py:830} INFO - Processing file /home/airflow/.local/lib/python3.12/site-packages/airflow/example_dags/example_params_ui_tutorial.py for tasks to queue
[2024-07-07T22:30:35.147+0000] {logging_mixin.py:188} INFO - [2024-07-07T22:30:35.147+0000] {dagbag.py:545} INFO - Filling up the DagBag from /home/airflow/.local/lib/python3.12/site-packages/airflow/example_dags/example_params_ui_tutorial.py
[2024-07-07T22:30:35.152+0000] {processor.py:840} INFO - DAG(s) 'example_params_ui_tutorial' retrieved from /home/airflow/.local/lib/python3.12/site-packages/airflow/example_dags/example_params_ui_tutorial.py
[2024-07-07T22:30:35.170+0000] {logging_mixin.py:188} INFO - [2024-07-07T22:30:35.170+0000] {dag.py:3096} INFO - Sync 1 DAGs
[2024-07-07T22:30:35.174+0000] {logging_mixin.py:188} INFO - [2024-07-07T22:30:35.174+0000] {dag.py:3954} INFO - Setting next_dagrun for example_params_ui_tutorial to None, run_after=None
[2024-07-07T22:30:35.180+0000] {processor.py:183} INFO - Processing /home/airflow/.local/lib/python3.12/site-packages/airflow/example_dags/example_params_ui_tutorial.py took 0.037 seconds
[2024-07-07T22:31:06.313+0000] {processor.py:161} INFO - Started process (PID=1867) to work on /home/airflow/.local/lib/python3.12/site-packages/airflow/example_dags/example_params_ui_tutorial.py
[2024-07-07T22:31:06.314+0000] {processor.py:830} INFO - Processing file /home/airflow/.local/lib/python3.12/site-packages/airflow/example_dags/example_params_ui_tutorial.py for tasks to queue
[2024-07-07T22:31:06.314+0000] {logging_mixin.py:188} INFO - [2024-07-07T22:31:06.314+0000] {dagbag.py:545} INFO - Filling up the DagBag from /home/airflow/.local/lib/python3.12/site-packages/airflow/example_dags/example_params_ui_tutorial.py
[2024-07-07T22:31:06.320+0000] {processor.py:840} INFO - DAG(s) 'example_params_ui_tutorial' retrieved from /home/airflow/.local/lib/python3.12/site-packages/airflow/example_dags/example_params_ui_tutorial.py
[2024-07-07T22:31:06.340+0000] {logging_mixin.py:188} INFO - [2024-07-07T22:31:06.340+0000] {dag.py:3096} INFO - Sync 1 DAGs
[2024-07-07T22:31:06.344+0000] {logging_mixin.py:188} INFO - [2024-07-07T22:31:06.344+0000] {dag.py:3954} INFO - Setting next_dagrun for example_params_ui_tutorial to None, run_after=None
[2024-07-07T22:31:06.351+0000] {processor.py:183} INFO - Processing /home/airflow/.local/lib/python3.12/site-packages/airflow/example_dags/example_params_ui_tutorial.py took 0.041 seconds
[2024-07-07T22:31:37.267+0000] {processor.py:161} INFO - Started process (PID=1919) to work on /home/airflow/.local/lib/python3.12/site-packages/airflow/example_dags/example_params_ui_tutorial.py
[2024-07-07T22:31:37.267+0000] {processor.py:830} INFO - Processing file /home/airflow/.local/lib/python3.12/site-packages/airflow/example_dags/example_params_ui_tutorial.py for tasks to queue
[2024-07-07T22:31:37.268+0000] {logging_mixin.py:188} INFO - [2024-07-07T22:31:37.268+0000] {dagbag.py:545} INFO - Filling up the DagBag from /home/airflow/.local/lib/python3.12/site-packages/airflow/example_dags/example_params_ui_tutorial.py
[2024-07-07T22:31:37.273+0000] {processor.py:840} INFO - DAG(s) 'example_params_ui_tutorial' retrieved from /home/airflow/.local/lib/python3.12/site-packages/airflow/example_dags/example_params_ui_tutorial.py
[2024-07-07T22:31:37.294+0000] {logging_mixin.py:188} INFO - [2024-07-07T22:31:37.293+0000] {dag.py:3096} INFO - Sync 1 DAGs
[2024-07-07T22:31:37.299+0000] {logging_mixin.py:188} INFO - [2024-07-07T22:31:37.299+0000] {dag.py:3954} INFO - Setting next_dagrun for example_params_ui_tutorial to None, run_after=None
[2024-07-07T22:31:37.305+0000] {processor.py:183} INFO - Processing /home/airflow/.local/lib/python3.12/site-packages/airflow/example_dags/example_params_ui_tutorial.py took 0.041 seconds
[2024-07-07T22:32:08.593+0000] {processor.py:161} INFO - Started process (PID=1971) to work on /home/airflow/.local/lib/python3.12/site-packages/airflow/example_dags/example_params_ui_tutorial.py
[2024-07-07T22:32:08.593+0000] {processor.py:830} INFO - Processing file /home/airflow/.local/lib/python3.12/site-packages/airflow/example_dags/example_params_ui_tutorial.py for tasks to queue
[2024-07-07T22:32:08.594+0000] {logging_mixin.py:188} INFO - [2024-07-07T22:32:08.594+0000] {dagbag.py:545} INFO - Filling up the DagBag from /home/airflow/.local/lib/python3.12/site-packages/airflow/example_dags/example_params_ui_tutorial.py
[2024-07-07T22:32:08.600+0000] {processor.py:840} INFO - DAG(s) 'example_params_ui_tutorial' retrieved from /home/airflow/.local/lib/python3.12/site-packages/airflow/example_dags/example_params_ui_tutorial.py
[2024-07-07T22:32:08.686+0000] {logging_mixin.py:188} INFO - [2024-07-07T22:32:08.686+0000] {dag.py:3096} INFO - Sync 1 DAGs
[2024-07-07T22:32:08.691+0000] {logging_mixin.py:188} INFO - [2024-07-07T22:32:08.691+0000] {dag.py:3954} INFO - Setting next_dagrun for example_params_ui_tutorial to None, run_after=None
[2024-07-07T22:32:08.697+0000] {processor.py:183} INFO - Processing /home/airflow/.local/lib/python3.12/site-packages/airflow/example_dags/example_params_ui_tutorial.py took 0.107 seconds
[2024-07-07T22:32:39.358+0000] {processor.py:161} INFO - Started process (PID=2023) to work on /home/airflow/.local/lib/python3.12/site-packages/airflow/example_dags/example_params_ui_tutorial.py
[2024-07-07T22:32:39.359+0000] {processor.py:830} INFO - Processing file /home/airflow/.local/lib/python3.12/site-packages/airflow/example_dags/example_params_ui_tutorial.py for tasks to queue
[2024-07-07T22:32:39.360+0000] {logging_mixin.py:188} INFO - [2024-07-07T22:32:39.359+0000] {dagbag.py:545} INFO - Filling up the DagBag from /home/airflow/.local/lib/python3.12/site-packages/airflow/example_dags/example_params_ui_tutorial.py
[2024-07-07T22:32:39.365+0000] {processor.py:840} INFO - DAG(s) 'example_params_ui_tutorial' retrieved from /home/airflow/.local/lib/python3.12/site-packages/airflow/example_dags/example_params_ui_tutorial.py
[2024-07-07T22:32:39.383+0000] {logging_mixin.py:188} INFO - [2024-07-07T22:32:39.383+0000] {dag.py:3096} INFO - Sync 1 DAGs
[2024-07-07T22:32:39.388+0000] {logging_mixin.py:188} INFO - [2024-07-07T22:32:39.388+0000] {dag.py:3954} INFO - Setting next_dagrun for example_params_ui_tutorial to None, run_after=None
[2024-07-07T22:32:39.396+0000] {processor.py:183} INFO - Processing /home/airflow/.local/lib/python3.12/site-packages/airflow/example_dags/example_params_ui_tutorial.py took 0.040 seconds
[2024-07-07T22:33:09.844+0000] {processor.py:161} INFO - Started process (PID=2075) to work on /home/airflow/.local/lib/python3.12/site-packages/airflow/example_dags/example_params_ui_tutorial.py
[2024-07-07T22:33:09.845+0000] {processor.py:830} INFO - Processing file /home/airflow/.local/lib/python3.12/site-packages/airflow/example_dags/example_params_ui_tutorial.py for tasks to queue
[2024-07-07T22:33:09.846+0000] {logging_mixin.py:188} INFO - [2024-07-07T22:33:09.846+0000] {dagbag.py:545} INFO - Filling up the DagBag from /home/airflow/.local/lib/python3.12/site-packages/airflow/example_dags/example_params_ui_tutorial.py
[2024-07-07T22:33:09.851+0000] {processor.py:840} INFO - DAG(s) 'example_params_ui_tutorial' retrieved from /home/airflow/.local/lib/python3.12/site-packages/airflow/example_dags/example_params_ui_tutorial.py
[2024-07-07T22:33:09.872+0000] {logging_mixin.py:188} INFO - [2024-07-07T22:33:09.872+0000] {dag.py:3096} INFO - Sync 1 DAGs
[2024-07-07T22:33:09.877+0000] {logging_mixin.py:188} INFO - [2024-07-07T22:33:09.877+0000] {dag.py:3954} INFO - Setting next_dagrun for example_params_ui_tutorial to None, run_after=None
[2024-07-07T22:33:09.885+0000] {processor.py:183} INFO - Processing /home/airflow/.local/lib/python3.12/site-packages/airflow/example_dags/example_params_ui_tutorial.py took 0.043 seconds
[2024-07-07T22:33:40.291+0000] {processor.py:161} INFO - Started process (PID=2127) to work on /home/airflow/.local/lib/python3.12/site-packages/airflow/example_dags/example_params_ui_tutorial.py
[2024-07-07T22:33:40.291+0000] {processor.py:830} INFO - Processing file /home/airflow/.local/lib/python3.12/site-packages/airflow/example_dags/example_params_ui_tutorial.py for tasks to queue
[2024-07-07T22:33:40.292+0000] {logging_mixin.py:188} INFO - [2024-07-07T22:33:40.292+0000] {dagbag.py:545} INFO - Filling up the DagBag from /home/airflow/.local/lib/python3.12/site-packages/airflow/example_dags/example_params_ui_tutorial.py
[2024-07-07T22:33:40.298+0000] {processor.py:840} INFO - DAG(s) 'example_params_ui_tutorial' retrieved from /home/airflow/.local/lib/python3.12/site-packages/airflow/example_dags/example_params_ui_tutorial.py
[2024-07-07T22:33:40.319+0000] {logging_mixin.py:188} INFO - [2024-07-07T22:33:40.319+0000] {dag.py:3096} INFO - Sync 1 DAGs
[2024-07-07T22:33:40.326+0000] {logging_mixin.py:188} INFO - [2024-07-07T22:33:40.325+0000] {dag.py:3954} INFO - Setting next_dagrun for example_params_ui_tutorial to None, run_after=None
[2024-07-07T22:33:40.333+0000] {processor.py:183} INFO - Processing /home/airflow/.local/lib/python3.12/site-packages/airflow/example_dags/example_params_ui_tutorial.py took 0.046 seconds
