[2024-07-07T22:13:07.838+0000] {processor.py:161} INFO - Started process (PID=42) to work on /home/airflow/.local/lib/python3.12/site-packages/airflow/example_dags/example_bash_operator.py
[2024-07-07T22:13:07.839+0000] {processor.py:830} INFO - Processing file /home/airflow/.local/lib/python3.12/site-packages/airflow/example_dags/example_bash_operator.py for tasks to queue
[2024-07-07T22:13:07.842+0000] {logging_mixin.py:188} INFO - [2024-07-07T22:13:07.842+0000] {dagbag.py:545} INFO - Filling up the DagBag from /home/airflow/.local/lib/python3.12/site-packages/airflow/example_dags/example_bash_operator.py
[2024-07-07T22:13:07.854+0000] {processor.py:840} INFO - DAG(s) 'example_bash_operator' retrieved from /home/airflow/.local/lib/python3.12/site-packages/airflow/example_dags/example_bash_operator.py
[2024-07-07T22:13:07.914+0000] {logging_mixin.py:188} INFO - [2024-07-07T22:13:07.913+0000] {override.py:1829} INFO - Created Permission View: can edit on DAG:example_bash_operator
[2024-07-07T22:13:07.922+0000] {logging_mixin.py:188} INFO - [2024-07-07T22:13:07.922+0000] {override.py:1829} INFO - Created Permission View: can read on DAG:example_bash_operator
[2024-07-07T22:13:07.926+0000] {logging_mixin.py:188} INFO - [2024-07-07T22:13:07.926+0000] {override.py:1829} INFO - Created Permission View: can delete on DAG:example_bash_operator
[2024-07-07T22:13:07.927+0000] {logging_mixin.py:188} INFO - [2024-07-07T22:13:07.927+0000] {dag.py:3096} INFO - Sync 1 DAGs
[2024-07-07T22:13:07.933+0000] {logging_mixin.py:188} INFO - [2024-07-07T22:13:07.932+0000] {dag.py:3118} INFO - Creating ORM DAG for example_bash_operator
[2024-07-07T22:13:07.940+0000] {logging_mixin.py:188} INFO - [2024-07-07T22:13:07.940+0000] {dag.py:3954} INFO - Setting next_dagrun for example_bash_operator to 2024-07-06 00:00:00+00:00, run_after=2024-07-07 00:00:00+00:00
[2024-07-07T22:13:07.954+0000] {processor.py:183} INFO - Processing /home/airflow/.local/lib/python3.12/site-packages/airflow/example_dags/example_bash_operator.py took 0.123 seconds
[2024-07-07T22:13:52.850+0000] {processor.py:161} INFO - Started process (PID=42) to work on /home/airflow/.local/lib/python3.12/site-packages/airflow/example_dags/example_bash_operator.py
[2024-07-07T22:13:52.852+0000] {processor.py:830} INFO - Processing file /home/airflow/.local/lib/python3.12/site-packages/airflow/example_dags/example_bash_operator.py for tasks to queue
[2024-07-07T22:13:52.853+0000] {logging_mixin.py:188} INFO - [2024-07-07T22:13:52.853+0000] {dagbag.py:545} INFO - Filling up the DagBag from /home/airflow/.local/lib/python3.12/site-packages/airflow/example_dags/example_bash_operator.py
[2024-07-07T22:13:52.863+0000] {processor.py:840} INFO - DAG(s) 'example_bash_operator' retrieved from /home/airflow/.local/lib/python3.12/site-packages/airflow/example_dags/example_bash_operator.py
[2024-07-07T22:13:52.881+0000] {logging_mixin.py:188} INFO - [2024-07-07T22:13:52.880+0000] {dag.py:3096} INFO - Sync 1 DAGs
[2024-07-07T22:13:52.907+0000] {logging_mixin.py:188} INFO - [2024-07-07T22:13:52.906+0000] {dag.py:3954} INFO - Setting next_dagrun for example_bash_operator to 2024-07-06 00:00:00+00:00, run_after=2024-07-07 00:00:00+00:00
[2024-07-07T22:13:52.929+0000] {processor.py:183} INFO - Processing /home/airflow/.local/lib/python3.12/site-packages/airflow/example_dags/example_bash_operator.py took 0.083 seconds
[2024-07-07T22:14:23.066+0000] {processor.py:161} INFO - Started process (PID=94) to work on /home/airflow/.local/lib/python3.12/site-packages/airflow/example_dags/example_bash_operator.py
[2024-07-07T22:14:23.067+0000] {processor.py:830} INFO - Processing file /home/airflow/.local/lib/python3.12/site-packages/airflow/example_dags/example_bash_operator.py for tasks to queue
[2024-07-07T22:14:23.067+0000] {logging_mixin.py:188} INFO - [2024-07-07T22:14:23.067+0000] {dagbag.py:545} INFO - Filling up the DagBag from /home/airflow/.local/lib/python3.12/site-packages/airflow/example_dags/example_bash_operator.py
[2024-07-07T22:14:23.071+0000] {processor.py:840} INFO - DAG(s) 'example_bash_operator' retrieved from /home/airflow/.local/lib/python3.12/site-packages/airflow/example_dags/example_bash_operator.py
[2024-07-07T22:14:23.108+0000] {logging_mixin.py:188} INFO - [2024-07-07T22:14:23.108+0000] {dag.py:3096} INFO - Sync 1 DAGs
[2024-07-07T22:14:23.116+0000] {logging_mixin.py:188} INFO - [2024-07-07T22:14:23.116+0000] {dag.py:3954} INFO - Setting next_dagrun for example_bash_operator to 2024-07-06 00:00:00+00:00, run_after=2024-07-07 00:00:00+00:00
[2024-07-07T22:14:23.123+0000] {processor.py:183} INFO - Processing /home/airflow/.local/lib/python3.12/site-packages/airflow/example_dags/example_bash_operator.py took 0.058 seconds
[2024-07-07T22:14:53.168+0000] {processor.py:161} INFO - Started process (PID=146) to work on /home/airflow/.local/lib/python3.12/site-packages/airflow/example_dags/example_bash_operator.py
[2024-07-07T22:14:53.169+0000] {processor.py:830} INFO - Processing file /home/airflow/.local/lib/python3.12/site-packages/airflow/example_dags/example_bash_operator.py for tasks to queue
[2024-07-07T22:14:53.169+0000] {logging_mixin.py:188} INFO - [2024-07-07T22:14:53.169+0000] {dagbag.py:545} INFO - Filling up the DagBag from /home/airflow/.local/lib/python3.12/site-packages/airflow/example_dags/example_bash_operator.py
[2024-07-07T22:14:53.175+0000] {processor.py:840} INFO - DAG(s) 'example_bash_operator' retrieved from /home/airflow/.local/lib/python3.12/site-packages/airflow/example_dags/example_bash_operator.py
[2024-07-07T22:14:53.187+0000] {logging_mixin.py:188} INFO - [2024-07-07T22:14:53.187+0000] {dag.py:3096} INFO - Sync 1 DAGs
[2024-07-07T22:14:53.197+0000] {logging_mixin.py:188} INFO - [2024-07-07T22:14:53.197+0000] {dag.py:3954} INFO - Setting next_dagrun for example_bash_operator to 2024-07-06 00:00:00+00:00, run_after=2024-07-07 00:00:00+00:00
[2024-07-07T22:14:53.204+0000] {processor.py:183} INFO - Processing /home/airflow/.local/lib/python3.12/site-packages/airflow/example_dags/example_bash_operator.py took 0.039 seconds
[2024-07-07T22:15:23.488+0000] {processor.py:161} INFO - Started process (PID=198) to work on /home/airflow/.local/lib/python3.12/site-packages/airflow/example_dags/example_bash_operator.py
[2024-07-07T22:15:23.488+0000] {processor.py:830} INFO - Processing file /home/airflow/.local/lib/python3.12/site-packages/airflow/example_dags/example_bash_operator.py for tasks to queue
[2024-07-07T22:15:23.489+0000] {logging_mixin.py:188} INFO - [2024-07-07T22:15:23.489+0000] {dagbag.py:545} INFO - Filling up the DagBag from /home/airflow/.local/lib/python3.12/site-packages/airflow/example_dags/example_bash_operator.py
[2024-07-07T22:15:23.492+0000] {processor.py:840} INFO - DAG(s) 'example_bash_operator' retrieved from /home/airflow/.local/lib/python3.12/site-packages/airflow/example_dags/example_bash_operator.py
[2024-07-07T22:15:23.501+0000] {logging_mixin.py:188} INFO - [2024-07-07T22:15:23.501+0000] {dag.py:3096} INFO - Sync 1 DAGs
[2024-07-07T22:15:23.509+0000] {logging_mixin.py:188} INFO - [2024-07-07T22:15:23.509+0000] {dag.py:3954} INFO - Setting next_dagrun for example_bash_operator to 2024-07-06 00:00:00+00:00, run_after=2024-07-07 00:00:00+00:00
[2024-07-07T22:15:23.514+0000] {processor.py:183} INFO - Processing /home/airflow/.local/lib/python3.12/site-packages/airflow/example_dags/example_bash_operator.py took 0.028 seconds
[2024-07-07T22:15:53.738+0000] {processor.py:161} INFO - Started process (PID=262) to work on /home/airflow/.local/lib/python3.12/site-packages/airflow/example_dags/example_bash_operator.py
[2024-07-07T22:15:53.738+0000] {processor.py:830} INFO - Processing file /home/airflow/.local/lib/python3.12/site-packages/airflow/example_dags/example_bash_operator.py for tasks to queue
[2024-07-07T22:15:53.739+0000] {logging_mixin.py:188} INFO - [2024-07-07T22:15:53.738+0000] {dagbag.py:545} INFO - Filling up the DagBag from /home/airflow/.local/lib/python3.12/site-packages/airflow/example_dags/example_bash_operator.py
[2024-07-07T22:15:53.742+0000] {processor.py:840} INFO - DAG(s) 'example_bash_operator' retrieved from /home/airflow/.local/lib/python3.12/site-packages/airflow/example_dags/example_bash_operator.py
[2024-07-07T22:15:53.751+0000] {logging_mixin.py:188} INFO - [2024-07-07T22:15:53.751+0000] {dag.py:3096} INFO - Sync 1 DAGs
[2024-07-07T22:15:53.758+0000] {logging_mixin.py:188} INFO - [2024-07-07T22:15:53.758+0000] {dag.py:3954} INFO - Setting next_dagrun for example_bash_operator to 2024-07-06 00:00:00+00:00, run_after=2024-07-07 00:00:00+00:00
[2024-07-07T22:15:53.763+0000] {processor.py:183} INFO - Processing /home/airflow/.local/lib/python3.12/site-packages/airflow/example_dags/example_bash_operator.py took 0.027 seconds
[2024-07-07T22:16:23.946+0000] {processor.py:161} INFO - Started process (PID=321) to work on /home/airflow/.local/lib/python3.12/site-packages/airflow/example_dags/example_bash_operator.py
[2024-07-07T22:16:23.947+0000] {processor.py:830} INFO - Processing file /home/airflow/.local/lib/python3.12/site-packages/airflow/example_dags/example_bash_operator.py for tasks to queue
[2024-07-07T22:16:23.947+0000] {logging_mixin.py:188} INFO - [2024-07-07T22:16:23.947+0000] {dagbag.py:545} INFO - Filling up the DagBag from /home/airflow/.local/lib/python3.12/site-packages/airflow/example_dags/example_bash_operator.py
[2024-07-07T22:16:23.951+0000] {processor.py:840} INFO - DAG(s) 'example_bash_operator' retrieved from /home/airflow/.local/lib/python3.12/site-packages/airflow/example_dags/example_bash_operator.py
[2024-07-07T22:16:23.961+0000] {logging_mixin.py:188} INFO - [2024-07-07T22:16:23.961+0000] {dag.py:3096} INFO - Sync 1 DAGs
[2024-07-07T22:16:23.969+0000] {logging_mixin.py:188} INFO - [2024-07-07T22:16:23.969+0000] {dag.py:3954} INFO - Setting next_dagrun for example_bash_operator to 2024-07-06 00:00:00+00:00, run_after=2024-07-07 00:00:00+00:00
[2024-07-07T22:16:23.975+0000] {processor.py:183} INFO - Processing /home/airflow/.local/lib/python3.12/site-packages/airflow/example_dags/example_bash_operator.py took 0.031 seconds
[2024-07-07T22:16:54.166+0000] {processor.py:161} INFO - Started process (PID=388) to work on /home/airflow/.local/lib/python3.12/site-packages/airflow/example_dags/example_bash_operator.py
[2024-07-07T22:16:54.167+0000] {processor.py:830} INFO - Processing file /home/airflow/.local/lib/python3.12/site-packages/airflow/example_dags/example_bash_operator.py for tasks to queue
[2024-07-07T22:16:54.167+0000] {logging_mixin.py:188} INFO - [2024-07-07T22:16:54.167+0000] {dagbag.py:545} INFO - Filling up the DagBag from /home/airflow/.local/lib/python3.12/site-packages/airflow/example_dags/example_bash_operator.py
[2024-07-07T22:16:54.171+0000] {processor.py:840} INFO - DAG(s) 'example_bash_operator' retrieved from /home/airflow/.local/lib/python3.12/site-packages/airflow/example_dags/example_bash_operator.py
[2024-07-07T22:16:54.181+0000] {logging_mixin.py:188} INFO - [2024-07-07T22:16:54.181+0000] {dag.py:3096} INFO - Sync 1 DAGs
[2024-07-07T22:16:54.189+0000] {logging_mixin.py:188} INFO - [2024-07-07T22:16:54.189+0000] {dag.py:3954} INFO - Setting next_dagrun for example_bash_operator to 2024-07-06 00:00:00+00:00, run_after=2024-07-07 00:00:00+00:00
[2024-07-07T22:16:54.195+0000] {processor.py:183} INFO - Processing /home/airflow/.local/lib/python3.12/site-packages/airflow/example_dags/example_bash_operator.py took 0.031 seconds
[2024-07-07T22:17:24.403+0000] {processor.py:161} INFO - Started process (PID=441) to work on /home/airflow/.local/lib/python3.12/site-packages/airflow/example_dags/example_bash_operator.py
[2024-07-07T22:17:24.403+0000] {processor.py:830} INFO - Processing file /home/airflow/.local/lib/python3.12/site-packages/airflow/example_dags/example_bash_operator.py for tasks to queue
[2024-07-07T22:17:24.405+0000] {logging_mixin.py:188} INFO - [2024-07-07T22:17:24.405+0000] {dagbag.py:545} INFO - Filling up the DagBag from /home/airflow/.local/lib/python3.12/site-packages/airflow/example_dags/example_bash_operator.py
[2024-07-07T22:17:24.410+0000] {processor.py:840} INFO - DAG(s) 'example_bash_operator' retrieved from /home/airflow/.local/lib/python3.12/site-packages/airflow/example_dags/example_bash_operator.py
[2024-07-07T22:17:24.419+0000] {logging_mixin.py:188} INFO - [2024-07-07T22:17:24.419+0000] {dag.py:3096} INFO - Sync 1 DAGs
[2024-07-07T22:17:24.427+0000] {logging_mixin.py:188} INFO - [2024-07-07T22:17:24.426+0000] {dag.py:3954} INFO - Setting next_dagrun for example_bash_operator to 2024-07-06 00:00:00+00:00, run_after=2024-07-07 00:00:00+00:00
[2024-07-07T22:17:24.432+0000] {processor.py:183} INFO - Processing /home/airflow/.local/lib/python3.12/site-packages/airflow/example_dags/example_bash_operator.py took 0.032 seconds
[2024-07-07T22:17:54.729+0000] {processor.py:161} INFO - Started process (PID=495) to work on /home/airflow/.local/lib/python3.12/site-packages/airflow/example_dags/example_bash_operator.py
[2024-07-07T22:17:54.730+0000] {processor.py:830} INFO - Processing file /home/airflow/.local/lib/python3.12/site-packages/airflow/example_dags/example_bash_operator.py for tasks to queue
[2024-07-07T22:17:54.731+0000] {logging_mixin.py:188} INFO - [2024-07-07T22:17:54.731+0000] {dagbag.py:545} INFO - Filling up the DagBag from /home/airflow/.local/lib/python3.12/site-packages/airflow/example_dags/example_bash_operator.py
[2024-07-07T22:17:54.737+0000] {processor.py:840} INFO - DAG(s) 'example_bash_operator' retrieved from /home/airflow/.local/lib/python3.12/site-packages/airflow/example_dags/example_bash_operator.py
[2024-07-07T22:17:54.748+0000] {logging_mixin.py:188} INFO - [2024-07-07T22:17:54.747+0000] {dag.py:3096} INFO - Sync 1 DAGs
[2024-07-07T22:17:54.757+0000] {logging_mixin.py:188} INFO - [2024-07-07T22:17:54.757+0000] {dag.py:3954} INFO - Setting next_dagrun for example_bash_operator to 2024-07-06 00:00:00+00:00, run_after=2024-07-07 00:00:00+00:00
[2024-07-07T22:17:54.764+0000] {processor.py:183} INFO - Processing /home/airflow/.local/lib/python3.12/site-packages/airflow/example_dags/example_bash_operator.py took 0.036 seconds
[2024-07-07T22:18:25.266+0000] {processor.py:161} INFO - Started process (PID=547) to work on /home/airflow/.local/lib/python3.12/site-packages/airflow/example_dags/example_bash_operator.py
[2024-07-07T22:18:25.266+0000] {processor.py:830} INFO - Processing file /home/airflow/.local/lib/python3.12/site-packages/airflow/example_dags/example_bash_operator.py for tasks to queue
[2024-07-07T22:18:25.267+0000] {logging_mixin.py:188} INFO - [2024-07-07T22:18:25.267+0000] {dagbag.py:545} INFO - Filling up the DagBag from /home/airflow/.local/lib/python3.12/site-packages/airflow/example_dags/example_bash_operator.py
[2024-07-07T22:18:25.271+0000] {processor.py:840} INFO - DAG(s) 'example_bash_operator' retrieved from /home/airflow/.local/lib/python3.12/site-packages/airflow/example_dags/example_bash_operator.py
[2024-07-07T22:18:25.280+0000] {logging_mixin.py:188} INFO - [2024-07-07T22:18:25.280+0000] {dag.py:3096} INFO - Sync 1 DAGs
[2024-07-07T22:18:25.288+0000] {logging_mixin.py:188} INFO - [2024-07-07T22:18:25.288+0000] {dag.py:3954} INFO - Setting next_dagrun for example_bash_operator to 2024-07-06 00:00:00+00:00, run_after=2024-07-07 00:00:00+00:00
[2024-07-07T22:18:25.294+0000] {processor.py:183} INFO - Processing /home/airflow/.local/lib/python3.12/site-packages/airflow/example_dags/example_bash_operator.py took 0.030 seconds
[2024-07-07T22:18:55.575+0000] {processor.py:161} INFO - Started process (PID=599) to work on /home/airflow/.local/lib/python3.12/site-packages/airflow/example_dags/example_bash_operator.py
[2024-07-07T22:18:55.575+0000] {processor.py:830} INFO - Processing file /home/airflow/.local/lib/python3.12/site-packages/airflow/example_dags/example_bash_operator.py for tasks to queue
[2024-07-07T22:18:55.576+0000] {logging_mixin.py:188} INFO - [2024-07-07T22:18:55.576+0000] {dagbag.py:545} INFO - Filling up the DagBag from /home/airflow/.local/lib/python3.12/site-packages/airflow/example_dags/example_bash_operator.py
[2024-07-07T22:18:55.580+0000] {processor.py:840} INFO - DAG(s) 'example_bash_operator' retrieved from /home/airflow/.local/lib/python3.12/site-packages/airflow/example_dags/example_bash_operator.py
[2024-07-07T22:18:55.589+0000] {logging_mixin.py:188} INFO - [2024-07-07T22:18:55.589+0000] {dag.py:3096} INFO - Sync 1 DAGs
[2024-07-07T22:18:55.597+0000] {logging_mixin.py:188} INFO - [2024-07-07T22:18:55.597+0000] {dag.py:3954} INFO - Setting next_dagrun for example_bash_operator to 2024-07-06 00:00:00+00:00, run_after=2024-07-07 00:00:00+00:00
[2024-07-07T22:18:55.603+0000] {processor.py:183} INFO - Processing /home/airflow/.local/lib/python3.12/site-packages/airflow/example_dags/example_bash_operator.py took 0.030 seconds
[2024-07-07T22:19:25.853+0000] {processor.py:161} INFO - Started process (PID=651) to work on /home/airflow/.local/lib/python3.12/site-packages/airflow/example_dags/example_bash_operator.py
[2024-07-07T22:19:25.854+0000] {processor.py:830} INFO - Processing file /home/airflow/.local/lib/python3.12/site-packages/airflow/example_dags/example_bash_operator.py for tasks to queue
[2024-07-07T22:19:25.854+0000] {logging_mixin.py:188} INFO - [2024-07-07T22:19:25.854+0000] {dagbag.py:545} INFO - Filling up the DagBag from /home/airflow/.local/lib/python3.12/site-packages/airflow/example_dags/example_bash_operator.py
[2024-07-07T22:19:25.858+0000] {processor.py:840} INFO - DAG(s) 'example_bash_operator' retrieved from /home/airflow/.local/lib/python3.12/site-packages/airflow/example_dags/example_bash_operator.py
[2024-07-07T22:19:25.867+0000] {logging_mixin.py:188} INFO - [2024-07-07T22:19:25.867+0000] {dag.py:3096} INFO - Sync 1 DAGs
[2024-07-07T22:19:25.874+0000] {logging_mixin.py:188} INFO - [2024-07-07T22:19:25.874+0000] {dag.py:3954} INFO - Setting next_dagrun for example_bash_operator to 2024-07-06 00:00:00+00:00, run_after=2024-07-07 00:00:00+00:00
[2024-07-07T22:19:25.880+0000] {processor.py:183} INFO - Processing /home/airflow/.local/lib/python3.12/site-packages/airflow/example_dags/example_bash_operator.py took 0.029 seconds
[2024-07-07T22:19:56.145+0000] {processor.py:161} INFO - Started process (PID=703) to work on /home/airflow/.local/lib/python3.12/site-packages/airflow/example_dags/example_bash_operator.py
[2024-07-07T22:19:56.146+0000] {processor.py:830} INFO - Processing file /home/airflow/.local/lib/python3.12/site-packages/airflow/example_dags/example_bash_operator.py for tasks to queue
[2024-07-07T22:19:56.146+0000] {logging_mixin.py:188} INFO - [2024-07-07T22:19:56.146+0000] {dagbag.py:545} INFO - Filling up the DagBag from /home/airflow/.local/lib/python3.12/site-packages/airflow/example_dags/example_bash_operator.py
[2024-07-07T22:19:56.151+0000] {processor.py:840} INFO - DAG(s) 'example_bash_operator' retrieved from /home/airflow/.local/lib/python3.12/site-packages/airflow/example_dags/example_bash_operator.py
[2024-07-07T22:19:56.160+0000] {logging_mixin.py:188} INFO - [2024-07-07T22:19:56.160+0000] {dag.py:3096} INFO - Sync 1 DAGs
[2024-07-07T22:19:56.169+0000] {logging_mixin.py:188} INFO - [2024-07-07T22:19:56.169+0000] {dag.py:3954} INFO - Setting next_dagrun for example_bash_operator to 2024-07-06 00:00:00+00:00, run_after=2024-07-07 00:00:00+00:00
[2024-07-07T22:19:56.175+0000] {processor.py:183} INFO - Processing /home/airflow/.local/lib/python3.12/site-packages/airflow/example_dags/example_bash_operator.py took 0.032 seconds
[2024-07-07T22:20:26.459+0000] {processor.py:161} INFO - Started process (PID=755) to work on /home/airflow/.local/lib/python3.12/site-packages/airflow/example_dags/example_bash_operator.py
[2024-07-07T22:20:26.459+0000] {processor.py:830} INFO - Processing file /home/airflow/.local/lib/python3.12/site-packages/airflow/example_dags/example_bash_operator.py for tasks to queue
[2024-07-07T22:20:26.460+0000] {logging_mixin.py:188} INFO - [2024-07-07T22:20:26.460+0000] {dagbag.py:545} INFO - Filling up the DagBag from /home/airflow/.local/lib/python3.12/site-packages/airflow/example_dags/example_bash_operator.py
[2024-07-07T22:20:26.464+0000] {processor.py:840} INFO - DAG(s) 'example_bash_operator' retrieved from /home/airflow/.local/lib/python3.12/site-packages/airflow/example_dags/example_bash_operator.py
[2024-07-07T22:20:26.473+0000] {logging_mixin.py:188} INFO - [2024-07-07T22:20:26.473+0000] {dag.py:3096} INFO - Sync 1 DAGs
[2024-07-07T22:20:26.481+0000] {logging_mixin.py:188} INFO - [2024-07-07T22:20:26.480+0000] {dag.py:3954} INFO - Setting next_dagrun for example_bash_operator to 2024-07-06 00:00:00+00:00, run_after=2024-07-07 00:00:00+00:00
[2024-07-07T22:20:26.487+0000] {processor.py:183} INFO - Processing /home/airflow/.local/lib/python3.12/site-packages/airflow/example_dags/example_bash_operator.py took 0.030 seconds
[2024-07-07T22:20:56.739+0000] {processor.py:161} INFO - Started process (PID=807) to work on /home/airflow/.local/lib/python3.12/site-packages/airflow/example_dags/example_bash_operator.py
[2024-07-07T22:20:56.739+0000] {processor.py:830} INFO - Processing file /home/airflow/.local/lib/python3.12/site-packages/airflow/example_dags/example_bash_operator.py for tasks to queue
[2024-07-07T22:20:56.740+0000] {logging_mixin.py:188} INFO - [2024-07-07T22:20:56.740+0000] {dagbag.py:545} INFO - Filling up the DagBag from /home/airflow/.local/lib/python3.12/site-packages/airflow/example_dags/example_bash_operator.py
[2024-07-07T22:20:56.744+0000] {processor.py:840} INFO - DAG(s) 'example_bash_operator' retrieved from /home/airflow/.local/lib/python3.12/site-packages/airflow/example_dags/example_bash_operator.py
[2024-07-07T22:20:56.754+0000] {logging_mixin.py:188} INFO - [2024-07-07T22:20:56.754+0000] {dag.py:3096} INFO - Sync 1 DAGs
[2024-07-07T22:20:56.762+0000] {logging_mixin.py:188} INFO - [2024-07-07T22:20:56.762+0000] {dag.py:3954} INFO - Setting next_dagrun for example_bash_operator to 2024-07-06 00:00:00+00:00, run_after=2024-07-07 00:00:00+00:00
[2024-07-07T22:20:56.768+0000] {processor.py:183} INFO - Processing /home/airflow/.local/lib/python3.12/site-packages/airflow/example_dags/example_bash_operator.py took 0.032 seconds
[2024-07-07T22:21:27.040+0000] {processor.py:161} INFO - Started process (PID=859) to work on /home/airflow/.local/lib/python3.12/site-packages/airflow/example_dags/example_bash_operator.py
[2024-07-07T22:21:27.040+0000] {processor.py:830} INFO - Processing file /home/airflow/.local/lib/python3.12/site-packages/airflow/example_dags/example_bash_operator.py for tasks to queue
[2024-07-07T22:21:27.041+0000] {logging_mixin.py:188} INFO - [2024-07-07T22:21:27.041+0000] {dagbag.py:545} INFO - Filling up the DagBag from /home/airflow/.local/lib/python3.12/site-packages/airflow/example_dags/example_bash_operator.py
[2024-07-07T22:21:27.046+0000] {processor.py:840} INFO - DAG(s) 'example_bash_operator' retrieved from /home/airflow/.local/lib/python3.12/site-packages/airflow/example_dags/example_bash_operator.py
[2024-07-07T22:21:27.056+0000] {logging_mixin.py:188} INFO - [2024-07-07T22:21:27.056+0000] {dag.py:3096} INFO - Sync 1 DAGs
[2024-07-07T22:21:27.065+0000] {logging_mixin.py:188} INFO - [2024-07-07T22:21:27.065+0000] {dag.py:3954} INFO - Setting next_dagrun for example_bash_operator to 2024-07-06 00:00:00+00:00, run_after=2024-07-07 00:00:00+00:00
[2024-07-07T22:21:27.071+0000] {processor.py:183} INFO - Processing /home/airflow/.local/lib/python3.12/site-packages/airflow/example_dags/example_bash_operator.py took 0.034 seconds
[2024-07-07T22:21:57.419+0000] {processor.py:161} INFO - Started process (PID=911) to work on /home/airflow/.local/lib/python3.12/site-packages/airflow/example_dags/example_bash_operator.py
[2024-07-07T22:21:57.419+0000] {processor.py:830} INFO - Processing file /home/airflow/.local/lib/python3.12/site-packages/airflow/example_dags/example_bash_operator.py for tasks to queue
[2024-07-07T22:21:57.420+0000] {logging_mixin.py:188} INFO - [2024-07-07T22:21:57.420+0000] {dagbag.py:545} INFO - Filling up the DagBag from /home/airflow/.local/lib/python3.12/site-packages/airflow/example_dags/example_bash_operator.py
[2024-07-07T22:21:57.424+0000] {processor.py:840} INFO - DAG(s) 'example_bash_operator' retrieved from /home/airflow/.local/lib/python3.12/site-packages/airflow/example_dags/example_bash_operator.py
[2024-07-07T22:21:57.433+0000] {logging_mixin.py:188} INFO - [2024-07-07T22:21:57.433+0000] {dag.py:3096} INFO - Sync 1 DAGs
[2024-07-07T22:21:57.440+0000] {logging_mixin.py:188} INFO - [2024-07-07T22:21:57.440+0000] {dag.py:3954} INFO - Setting next_dagrun for example_bash_operator to 2024-07-06 00:00:00+00:00, run_after=2024-07-07 00:00:00+00:00
[2024-07-07T22:21:57.446+0000] {processor.py:183} INFO - Processing /home/airflow/.local/lib/python3.12/site-packages/airflow/example_dags/example_bash_operator.py took 0.029 seconds
[2024-07-07T22:22:27.738+0000] {processor.py:161} INFO - Started process (PID=963) to work on /home/airflow/.local/lib/python3.12/site-packages/airflow/example_dags/example_bash_operator.py
[2024-07-07T22:22:27.739+0000] {processor.py:830} INFO - Processing file /home/airflow/.local/lib/python3.12/site-packages/airflow/example_dags/example_bash_operator.py for tasks to queue
[2024-07-07T22:22:27.740+0000] {logging_mixin.py:188} INFO - [2024-07-07T22:22:27.740+0000] {dagbag.py:545} INFO - Filling up the DagBag from /home/airflow/.local/lib/python3.12/site-packages/airflow/example_dags/example_bash_operator.py
[2024-07-07T22:22:27.746+0000] {processor.py:840} INFO - DAG(s) 'example_bash_operator' retrieved from /home/airflow/.local/lib/python3.12/site-packages/airflow/example_dags/example_bash_operator.py
[2024-07-07T22:22:27.760+0000] {logging_mixin.py:188} INFO - [2024-07-07T22:22:27.760+0000] {dag.py:3096} INFO - Sync 1 DAGs
[2024-07-07T22:22:27.771+0000] {logging_mixin.py:188} INFO - [2024-07-07T22:22:27.771+0000] {dag.py:3954} INFO - Setting next_dagrun for example_bash_operator to 2024-07-06 00:00:00+00:00, run_after=2024-07-07 00:00:00+00:00
[2024-07-07T22:22:27.779+0000] {processor.py:183} INFO - Processing /home/airflow/.local/lib/python3.12/site-packages/airflow/example_dags/example_bash_operator.py took 0.044 seconds
[2024-07-07T22:22:58.066+0000] {processor.py:161} INFO - Started process (PID=1015) to work on /home/airflow/.local/lib/python3.12/site-packages/airflow/example_dags/example_bash_operator.py
[2024-07-07T22:22:58.066+0000] {processor.py:830} INFO - Processing file /home/airflow/.local/lib/python3.12/site-packages/airflow/example_dags/example_bash_operator.py for tasks to queue
[2024-07-07T22:22:58.067+0000] {logging_mixin.py:188} INFO - [2024-07-07T22:22:58.067+0000] {dagbag.py:545} INFO - Filling up the DagBag from /home/airflow/.local/lib/python3.12/site-packages/airflow/example_dags/example_bash_operator.py
[2024-07-07T22:22:58.071+0000] {processor.py:840} INFO - DAG(s) 'example_bash_operator' retrieved from /home/airflow/.local/lib/python3.12/site-packages/airflow/example_dags/example_bash_operator.py
[2024-07-07T22:22:58.081+0000] {logging_mixin.py:188} INFO - [2024-07-07T22:22:58.081+0000] {dag.py:3096} INFO - Sync 1 DAGs
[2024-07-07T22:22:58.089+0000] {logging_mixin.py:188} INFO - [2024-07-07T22:22:58.089+0000] {dag.py:3954} INFO - Setting next_dagrun for example_bash_operator to 2024-07-06 00:00:00+00:00, run_after=2024-07-07 00:00:00+00:00
[2024-07-07T22:22:58.095+0000] {processor.py:183} INFO - Processing /home/airflow/.local/lib/python3.12/site-packages/airflow/example_dags/example_bash_operator.py took 0.032 seconds
[2024-07-07T22:23:28.401+0000] {processor.py:161} INFO - Started process (PID=1067) to work on /home/airflow/.local/lib/python3.12/site-packages/airflow/example_dags/example_bash_operator.py
[2024-07-07T22:23:28.401+0000] {processor.py:830} INFO - Processing file /home/airflow/.local/lib/python3.12/site-packages/airflow/example_dags/example_bash_operator.py for tasks to queue
[2024-07-07T22:23:28.402+0000] {logging_mixin.py:188} INFO - [2024-07-07T22:23:28.402+0000] {dagbag.py:545} INFO - Filling up the DagBag from /home/airflow/.local/lib/python3.12/site-packages/airflow/example_dags/example_bash_operator.py
[2024-07-07T22:23:28.406+0000] {processor.py:840} INFO - DAG(s) 'example_bash_operator' retrieved from /home/airflow/.local/lib/python3.12/site-packages/airflow/example_dags/example_bash_operator.py
[2024-07-07T22:23:28.415+0000] {logging_mixin.py:188} INFO - [2024-07-07T22:23:28.415+0000] {dag.py:3096} INFO - Sync 1 DAGs
[2024-07-07T22:23:28.422+0000] {logging_mixin.py:188} INFO - [2024-07-07T22:23:28.422+0000] {dag.py:3954} INFO - Setting next_dagrun for example_bash_operator to 2024-07-06 00:00:00+00:00, run_after=2024-07-07 00:00:00+00:00
[2024-07-07T22:23:28.428+0000] {processor.py:183} INFO - Processing /home/airflow/.local/lib/python3.12/site-packages/airflow/example_dags/example_bash_operator.py took 0.030 seconds
[2024-07-07T22:23:58.745+0000] {processor.py:161} INFO - Started process (PID=1119) to work on /home/airflow/.local/lib/python3.12/site-packages/airflow/example_dags/example_bash_operator.py
[2024-07-07T22:23:58.746+0000] {processor.py:830} INFO - Processing file /home/airflow/.local/lib/python3.12/site-packages/airflow/example_dags/example_bash_operator.py for tasks to queue
[2024-07-07T22:23:58.747+0000] {logging_mixin.py:188} INFO - [2024-07-07T22:23:58.747+0000] {dagbag.py:545} INFO - Filling up the DagBag from /home/airflow/.local/lib/python3.12/site-packages/airflow/example_dags/example_bash_operator.py
[2024-07-07T22:23:58.752+0000] {processor.py:840} INFO - DAG(s) 'example_bash_operator' retrieved from /home/airflow/.local/lib/python3.12/site-packages/airflow/example_dags/example_bash_operator.py
[2024-07-07T22:23:58.763+0000] {logging_mixin.py:188} INFO - [2024-07-07T22:23:58.762+0000] {dag.py:3096} INFO - Sync 1 DAGs
[2024-07-07T22:23:58.771+0000] {logging_mixin.py:188} INFO - [2024-07-07T22:23:58.771+0000] {dag.py:3954} INFO - Setting next_dagrun for example_bash_operator to 2024-07-06 00:00:00+00:00, run_after=2024-07-07 00:00:00+00:00
[2024-07-07T22:23:58.777+0000] {processor.py:183} INFO - Processing /home/airflow/.local/lib/python3.12/site-packages/airflow/example_dags/example_bash_operator.py took 0.035 seconds
[2024-07-07T22:24:29.092+0000] {processor.py:161} INFO - Started process (PID=1171) to work on /home/airflow/.local/lib/python3.12/site-packages/airflow/example_dags/example_bash_operator.py
[2024-07-07T22:24:29.093+0000] {processor.py:830} INFO - Processing file /home/airflow/.local/lib/python3.12/site-packages/airflow/example_dags/example_bash_operator.py for tasks to queue
[2024-07-07T22:24:29.093+0000] {logging_mixin.py:188} INFO - [2024-07-07T22:24:29.093+0000] {dagbag.py:545} INFO - Filling up the DagBag from /home/airflow/.local/lib/python3.12/site-packages/airflow/example_dags/example_bash_operator.py
[2024-07-07T22:24:29.097+0000] {processor.py:840} INFO - DAG(s) 'example_bash_operator' retrieved from /home/airflow/.local/lib/python3.12/site-packages/airflow/example_dags/example_bash_operator.py
[2024-07-07T22:24:29.107+0000] {logging_mixin.py:188} INFO - [2024-07-07T22:24:29.107+0000] {dag.py:3096} INFO - Sync 1 DAGs
[2024-07-07T22:24:29.114+0000] {logging_mixin.py:188} INFO - [2024-07-07T22:24:29.114+0000] {dag.py:3954} INFO - Setting next_dagrun for example_bash_operator to 2024-07-06 00:00:00+00:00, run_after=2024-07-07 00:00:00+00:00
[2024-07-07T22:24:29.119+0000] {processor.py:183} INFO - Processing /home/airflow/.local/lib/python3.12/site-packages/airflow/example_dags/example_bash_operator.py took 0.029 seconds
[2024-07-07T22:24:59.520+0000] {processor.py:161} INFO - Started process (PID=1223) to work on /home/airflow/.local/lib/python3.12/site-packages/airflow/example_dags/example_bash_operator.py
[2024-07-07T22:24:59.520+0000] {processor.py:830} INFO - Processing file /home/airflow/.local/lib/python3.12/site-packages/airflow/example_dags/example_bash_operator.py for tasks to queue
[2024-07-07T22:24:59.521+0000] {logging_mixin.py:188} INFO - [2024-07-07T22:24:59.521+0000] {dagbag.py:545} INFO - Filling up the DagBag from /home/airflow/.local/lib/python3.12/site-packages/airflow/example_dags/example_bash_operator.py
[2024-07-07T22:24:59.526+0000] {processor.py:840} INFO - DAG(s) 'example_bash_operator' retrieved from /home/airflow/.local/lib/python3.12/site-packages/airflow/example_dags/example_bash_operator.py
[2024-07-07T22:24:59.538+0000] {logging_mixin.py:188} INFO - [2024-07-07T22:24:59.538+0000] {dag.py:3096} INFO - Sync 1 DAGs
[2024-07-07T22:24:59.548+0000] {logging_mixin.py:188} INFO - [2024-07-07T22:24:59.548+0000] {dag.py:3954} INFO - Setting next_dagrun for example_bash_operator to 2024-07-06 00:00:00+00:00, run_after=2024-07-07 00:00:00+00:00
[2024-07-07T22:24:59.555+0000] {processor.py:183} INFO - Processing /home/airflow/.local/lib/python3.12/site-packages/airflow/example_dags/example_bash_operator.py took 0.038 seconds
[2024-07-07T22:25:30.072+0000] {processor.py:161} INFO - Started process (PID=1275) to work on /home/airflow/.local/lib/python3.12/site-packages/airflow/example_dags/example_bash_operator.py
[2024-07-07T22:25:30.072+0000] {processor.py:830} INFO - Processing file /home/airflow/.local/lib/python3.12/site-packages/airflow/example_dags/example_bash_operator.py for tasks to queue
[2024-07-07T22:25:30.073+0000] {logging_mixin.py:188} INFO - [2024-07-07T22:25:30.073+0000] {dagbag.py:545} INFO - Filling up the DagBag from /home/airflow/.local/lib/python3.12/site-packages/airflow/example_dags/example_bash_operator.py
[2024-07-07T22:25:30.078+0000] {processor.py:840} INFO - DAG(s) 'example_bash_operator' retrieved from /home/airflow/.local/lib/python3.12/site-packages/airflow/example_dags/example_bash_operator.py
[2024-07-07T22:25:30.089+0000] {logging_mixin.py:188} INFO - [2024-07-07T22:25:30.089+0000] {dag.py:3096} INFO - Sync 1 DAGs
[2024-07-07T22:25:30.098+0000] {logging_mixin.py:188} INFO - [2024-07-07T22:25:30.098+0000] {dag.py:3954} INFO - Setting next_dagrun for example_bash_operator to 2024-07-06 00:00:00+00:00, run_after=2024-07-07 00:00:00+00:00
[2024-07-07T22:25:30.105+0000] {processor.py:183} INFO - Processing /home/airflow/.local/lib/python3.12/site-packages/airflow/example_dags/example_bash_operator.py took 0.036 seconds
[2024-07-07T22:26:00.477+0000] {processor.py:161} INFO - Started process (PID=1327) to work on /home/airflow/.local/lib/python3.12/site-packages/airflow/example_dags/example_bash_operator.py
[2024-07-07T22:26:00.477+0000] {processor.py:830} INFO - Processing file /home/airflow/.local/lib/python3.12/site-packages/airflow/example_dags/example_bash_operator.py for tasks to queue
[2024-07-07T22:26:00.478+0000] {logging_mixin.py:188} INFO - [2024-07-07T22:26:00.477+0000] {dagbag.py:545} INFO - Filling up the DagBag from /home/airflow/.local/lib/python3.12/site-packages/airflow/example_dags/example_bash_operator.py
[2024-07-07T22:26:00.481+0000] {processor.py:840} INFO - DAG(s) 'example_bash_operator' retrieved from /home/airflow/.local/lib/python3.12/site-packages/airflow/example_dags/example_bash_operator.py
[2024-07-07T22:26:00.492+0000] {logging_mixin.py:188} INFO - [2024-07-07T22:26:00.491+0000] {dag.py:3096} INFO - Sync 1 DAGs
[2024-07-07T22:26:00.509+0000] {logging_mixin.py:188} INFO - [2024-07-07T22:26:00.509+0000] {dag.py:3954} INFO - Setting next_dagrun for example_bash_operator to 2024-07-06 00:00:00+00:00, run_after=2024-07-07 00:00:00+00:00
[2024-07-07T22:26:00.520+0000] {processor.py:183} INFO - Processing /home/airflow/.local/lib/python3.12/site-packages/airflow/example_dags/example_bash_operator.py took 0.046 seconds
[2024-07-07T22:26:30.983+0000] {processor.py:161} INFO - Started process (PID=1379) to work on /home/airflow/.local/lib/python3.12/site-packages/airflow/example_dags/example_bash_operator.py
[2024-07-07T22:26:30.983+0000] {processor.py:830} INFO - Processing file /home/airflow/.local/lib/python3.12/site-packages/airflow/example_dags/example_bash_operator.py for tasks to queue
[2024-07-07T22:26:30.984+0000] {logging_mixin.py:188} INFO - [2024-07-07T22:26:30.984+0000] {dagbag.py:545} INFO - Filling up the DagBag from /home/airflow/.local/lib/python3.12/site-packages/airflow/example_dags/example_bash_operator.py
[2024-07-07T22:26:30.988+0000] {processor.py:840} INFO - DAG(s) 'example_bash_operator' retrieved from /home/airflow/.local/lib/python3.12/site-packages/airflow/example_dags/example_bash_operator.py
[2024-07-07T22:26:30.997+0000] {logging_mixin.py:188} INFO - [2024-07-07T22:26:30.997+0000] {dag.py:3096} INFO - Sync 1 DAGs
[2024-07-07T22:26:31.005+0000] {logging_mixin.py:188} INFO - [2024-07-07T22:26:31.005+0000] {dag.py:3954} INFO - Setting next_dagrun for example_bash_operator to 2024-07-06 00:00:00+00:00, run_after=2024-07-07 00:00:00+00:00
[2024-07-07T22:26:31.011+0000] {processor.py:183} INFO - Processing /home/airflow/.local/lib/python3.12/site-packages/airflow/example_dags/example_bash_operator.py took 0.030 seconds
[2024-07-07T22:27:01.280+0000] {processor.py:161} INFO - Started process (PID=1431) to work on /home/airflow/.local/lib/python3.12/site-packages/airflow/example_dags/example_bash_operator.py
[2024-07-07T22:27:01.280+0000] {processor.py:830} INFO - Processing file /home/airflow/.local/lib/python3.12/site-packages/airflow/example_dags/example_bash_operator.py for tasks to queue
[2024-07-07T22:27:01.281+0000] {logging_mixin.py:188} INFO - [2024-07-07T22:27:01.281+0000] {dagbag.py:545} INFO - Filling up the DagBag from /home/airflow/.local/lib/python3.12/site-packages/airflow/example_dags/example_bash_operator.py
[2024-07-07T22:27:01.285+0000] {processor.py:840} INFO - DAG(s) 'example_bash_operator' retrieved from /home/airflow/.local/lib/python3.12/site-packages/airflow/example_dags/example_bash_operator.py
[2024-07-07T22:27:01.294+0000] {logging_mixin.py:188} INFO - [2024-07-07T22:27:01.294+0000] {dag.py:3096} INFO - Sync 1 DAGs
[2024-07-07T22:27:01.302+0000] {logging_mixin.py:188} INFO - [2024-07-07T22:27:01.302+0000] {dag.py:3954} INFO - Setting next_dagrun for example_bash_operator to 2024-07-06 00:00:00+00:00, run_after=2024-07-07 00:00:00+00:00
[2024-07-07T22:27:01.308+0000] {processor.py:183} INFO - Processing /home/airflow/.local/lib/python3.12/site-packages/airflow/example_dags/example_bash_operator.py took 0.030 seconds
[2024-07-07T22:27:31.551+0000] {processor.py:161} INFO - Started process (PID=1483) to work on /home/airflow/.local/lib/python3.12/site-packages/airflow/example_dags/example_bash_operator.py
[2024-07-07T22:27:31.551+0000] {processor.py:830} INFO - Processing file /home/airflow/.local/lib/python3.12/site-packages/airflow/example_dags/example_bash_operator.py for tasks to queue
[2024-07-07T22:27:31.552+0000] {logging_mixin.py:188} INFO - [2024-07-07T22:27:31.552+0000] {dagbag.py:545} INFO - Filling up the DagBag from /home/airflow/.local/lib/python3.12/site-packages/airflow/example_dags/example_bash_operator.py
[2024-07-07T22:27:31.556+0000] {processor.py:840} INFO - DAG(s) 'example_bash_operator' retrieved from /home/airflow/.local/lib/python3.12/site-packages/airflow/example_dags/example_bash_operator.py
[2024-07-07T22:27:31.565+0000] {logging_mixin.py:188} INFO - [2024-07-07T22:27:31.565+0000] {dag.py:3096} INFO - Sync 1 DAGs
[2024-07-07T22:27:31.573+0000] {logging_mixin.py:188} INFO - [2024-07-07T22:27:31.573+0000] {dag.py:3954} INFO - Setting next_dagrun for example_bash_operator to 2024-07-06 00:00:00+00:00, run_after=2024-07-07 00:00:00+00:00
[2024-07-07T22:27:31.579+0000] {processor.py:183} INFO - Processing /home/airflow/.local/lib/python3.12/site-packages/airflow/example_dags/example_bash_operator.py took 0.030 seconds
[2024-07-07T22:28:01.807+0000] {processor.py:161} INFO - Started process (PID=1535) to work on /home/airflow/.local/lib/python3.12/site-packages/airflow/example_dags/example_bash_operator.py
[2024-07-07T22:28:01.807+0000] {processor.py:830} INFO - Processing file /home/airflow/.local/lib/python3.12/site-packages/airflow/example_dags/example_bash_operator.py for tasks to queue
[2024-07-07T22:28:01.808+0000] {logging_mixin.py:188} INFO - [2024-07-07T22:28:01.808+0000] {dagbag.py:545} INFO - Filling up the DagBag from /home/airflow/.local/lib/python3.12/site-packages/airflow/example_dags/example_bash_operator.py
[2024-07-07T22:28:01.812+0000] {processor.py:840} INFO - DAG(s) 'example_bash_operator' retrieved from /home/airflow/.local/lib/python3.12/site-packages/airflow/example_dags/example_bash_operator.py
[2024-07-07T22:28:01.821+0000] {logging_mixin.py:188} INFO - [2024-07-07T22:28:01.821+0000] {dag.py:3096} INFO - Sync 1 DAGs
[2024-07-07T22:28:01.829+0000] {logging_mixin.py:188} INFO - [2024-07-07T22:28:01.829+0000] {dag.py:3954} INFO - Setting next_dagrun for example_bash_operator to 2024-07-06 00:00:00+00:00, run_after=2024-07-07 00:00:00+00:00
[2024-07-07T22:28:01.835+0000] {processor.py:183} INFO - Processing /home/airflow/.local/lib/python3.12/site-packages/airflow/example_dags/example_bash_operator.py took 0.030 seconds
[2024-07-07T22:28:32.072+0000] {processor.py:161} INFO - Started process (PID=1587) to work on /home/airflow/.local/lib/python3.12/site-packages/airflow/example_dags/example_bash_operator.py
[2024-07-07T22:28:32.072+0000] {processor.py:830} INFO - Processing file /home/airflow/.local/lib/python3.12/site-packages/airflow/example_dags/example_bash_operator.py for tasks to queue
[2024-07-07T22:28:32.073+0000] {logging_mixin.py:188} INFO - [2024-07-07T22:28:32.073+0000] {dagbag.py:545} INFO - Filling up the DagBag from /home/airflow/.local/lib/python3.12/site-packages/airflow/example_dags/example_bash_operator.py
[2024-07-07T22:28:32.077+0000] {processor.py:840} INFO - DAG(s) 'example_bash_operator' retrieved from /home/airflow/.local/lib/python3.12/site-packages/airflow/example_dags/example_bash_operator.py
[2024-07-07T22:28:32.086+0000] {logging_mixin.py:188} INFO - [2024-07-07T22:28:32.086+0000] {dag.py:3096} INFO - Sync 1 DAGs
[2024-07-07T22:28:32.093+0000] {logging_mixin.py:188} INFO - [2024-07-07T22:28:32.093+0000] {dag.py:3954} INFO - Setting next_dagrun for example_bash_operator to 2024-07-06 00:00:00+00:00, run_after=2024-07-07 00:00:00+00:00
[2024-07-07T22:28:32.099+0000] {processor.py:183} INFO - Processing /home/airflow/.local/lib/python3.12/site-packages/airflow/example_dags/example_bash_operator.py took 0.030 seconds
[2024-07-07T22:29:02.396+0000] {processor.py:161} INFO - Started process (PID=1639) to work on /home/airflow/.local/lib/python3.12/site-packages/airflow/example_dags/example_bash_operator.py
[2024-07-07T22:29:02.397+0000] {processor.py:830} INFO - Processing file /home/airflow/.local/lib/python3.12/site-packages/airflow/example_dags/example_bash_operator.py for tasks to queue
[2024-07-07T22:29:02.397+0000] {logging_mixin.py:188} INFO - [2024-07-07T22:29:02.397+0000] {dagbag.py:545} INFO - Filling up the DagBag from /home/airflow/.local/lib/python3.12/site-packages/airflow/example_dags/example_bash_operator.py
[2024-07-07T22:29:02.401+0000] {processor.py:840} INFO - DAG(s) 'example_bash_operator' retrieved from /home/airflow/.local/lib/python3.12/site-packages/airflow/example_dags/example_bash_operator.py
[2024-07-07T22:29:02.410+0000] {logging_mixin.py:188} INFO - [2024-07-07T22:29:02.410+0000] {dag.py:3096} INFO - Sync 1 DAGs
[2024-07-07T22:29:02.418+0000] {logging_mixin.py:188} INFO - [2024-07-07T22:29:02.418+0000] {dag.py:3954} INFO - Setting next_dagrun for example_bash_operator to 2024-07-06 00:00:00+00:00, run_after=2024-07-07 00:00:00+00:00
[2024-07-07T22:29:02.424+0000] {processor.py:183} INFO - Processing /home/airflow/.local/lib/python3.12/site-packages/airflow/example_dags/example_bash_operator.py took 0.030 seconds
[2024-07-07T22:29:32.711+0000] {processor.py:161} INFO - Started process (PID=1691) to work on /home/airflow/.local/lib/python3.12/site-packages/airflow/example_dags/example_bash_operator.py
[2024-07-07T22:29:32.712+0000] {processor.py:830} INFO - Processing file /home/airflow/.local/lib/python3.12/site-packages/airflow/example_dags/example_bash_operator.py for tasks to queue
[2024-07-07T22:29:32.712+0000] {logging_mixin.py:188} INFO - [2024-07-07T22:29:32.712+0000] {dagbag.py:545} INFO - Filling up the DagBag from /home/airflow/.local/lib/python3.12/site-packages/airflow/example_dags/example_bash_operator.py
[2024-07-07T22:29:32.716+0000] {processor.py:840} INFO - DAG(s) 'example_bash_operator' retrieved from /home/airflow/.local/lib/python3.12/site-packages/airflow/example_dags/example_bash_operator.py
[2024-07-07T22:29:32.726+0000] {logging_mixin.py:188} INFO - [2024-07-07T22:29:32.726+0000] {dag.py:3096} INFO - Sync 1 DAGs
[2024-07-07T22:29:32.734+0000] {logging_mixin.py:188} INFO - [2024-07-07T22:29:32.734+0000] {dag.py:3954} INFO - Setting next_dagrun for example_bash_operator to 2024-07-06 00:00:00+00:00, run_after=2024-07-07 00:00:00+00:00
[2024-07-07T22:29:32.811+0000] {processor.py:183} INFO - Processing /home/airflow/.local/lib/python3.12/site-packages/airflow/example_dags/example_bash_operator.py took 0.102 seconds
[2024-07-07T22:30:03.214+0000] {processor.py:161} INFO - Started process (PID=1743) to work on /home/airflow/.local/lib/python3.12/site-packages/airflow/example_dags/example_bash_operator.py
[2024-07-07T22:30:03.215+0000] {processor.py:830} INFO - Processing file /home/airflow/.local/lib/python3.12/site-packages/airflow/example_dags/example_bash_operator.py for tasks to queue
[2024-07-07T22:30:03.215+0000] {logging_mixin.py:188} INFO - [2024-07-07T22:30:03.215+0000] {dagbag.py:545} INFO - Filling up the DagBag from /home/airflow/.local/lib/python3.12/site-packages/airflow/example_dags/example_bash_operator.py
[2024-07-07T22:30:03.219+0000] {processor.py:840} INFO - DAG(s) 'example_bash_operator' retrieved from /home/airflow/.local/lib/python3.12/site-packages/airflow/example_dags/example_bash_operator.py
[2024-07-07T22:30:03.228+0000] {logging_mixin.py:188} INFO - [2024-07-07T22:30:03.228+0000] {dag.py:3096} INFO - Sync 1 DAGs
[2024-07-07T22:30:03.236+0000] {logging_mixin.py:188} INFO - [2024-07-07T22:30:03.236+0000] {dag.py:3954} INFO - Setting next_dagrun for example_bash_operator to 2024-07-06 00:00:00+00:00, run_after=2024-07-07 00:00:00+00:00
[2024-07-07T22:30:03.242+0000] {processor.py:183} INFO - Processing /home/airflow/.local/lib/python3.12/site-packages/airflow/example_dags/example_bash_operator.py took 0.030 seconds
[2024-07-07T22:30:33.703+0000] {processor.py:161} INFO - Started process (PID=1795) to work on /home/airflow/.local/lib/python3.12/site-packages/airflow/example_dags/example_bash_operator.py
[2024-07-07T22:30:33.703+0000] {processor.py:830} INFO - Processing file /home/airflow/.local/lib/python3.12/site-packages/airflow/example_dags/example_bash_operator.py for tasks to queue
[2024-07-07T22:30:33.704+0000] {logging_mixin.py:188} INFO - [2024-07-07T22:30:33.704+0000] {dagbag.py:545} INFO - Filling up the DagBag from /home/airflow/.local/lib/python3.12/site-packages/airflow/example_dags/example_bash_operator.py
[2024-07-07T22:30:33.708+0000] {processor.py:840} INFO - DAG(s) 'example_bash_operator' retrieved from /home/airflow/.local/lib/python3.12/site-packages/airflow/example_dags/example_bash_operator.py
[2024-07-07T22:30:33.716+0000] {logging_mixin.py:188} INFO - [2024-07-07T22:30:33.716+0000] {dag.py:3096} INFO - Sync 1 DAGs
[2024-07-07T22:30:33.724+0000] {logging_mixin.py:188} INFO - [2024-07-07T22:30:33.724+0000] {dag.py:3954} INFO - Setting next_dagrun for example_bash_operator to 2024-07-06 00:00:00+00:00, run_after=2024-07-07 00:00:00+00:00
[2024-07-07T22:30:33.729+0000] {processor.py:183} INFO - Processing /home/airflow/.local/lib/python3.12/site-packages/airflow/example_dags/example_bash_operator.py took 0.029 seconds
[2024-07-07T22:31:04.712+0000] {processor.py:161} INFO - Started process (PID=1847) to work on /home/airflow/.local/lib/python3.12/site-packages/airflow/example_dags/example_bash_operator.py
[2024-07-07T22:31:04.713+0000] {processor.py:830} INFO - Processing file /home/airflow/.local/lib/python3.12/site-packages/airflow/example_dags/example_bash_operator.py for tasks to queue
[2024-07-07T22:31:04.714+0000] {logging_mixin.py:188} INFO - [2024-07-07T22:31:04.714+0000] {dagbag.py:545} INFO - Filling up the DagBag from /home/airflow/.local/lib/python3.12/site-packages/airflow/example_dags/example_bash_operator.py
[2024-07-07T22:31:04.718+0000] {processor.py:840} INFO - DAG(s) 'example_bash_operator' retrieved from /home/airflow/.local/lib/python3.12/site-packages/airflow/example_dags/example_bash_operator.py
[2024-07-07T22:31:04.728+0000] {logging_mixin.py:188} INFO - [2024-07-07T22:31:04.728+0000] {dag.py:3096} INFO - Sync 1 DAGs
[2024-07-07T22:31:04.736+0000] {logging_mixin.py:188} INFO - [2024-07-07T22:31:04.736+0000] {dag.py:3954} INFO - Setting next_dagrun for example_bash_operator to 2024-07-06 00:00:00+00:00, run_after=2024-07-07 00:00:00+00:00
[2024-07-07T22:31:04.743+0000] {processor.py:183} INFO - Processing /home/airflow/.local/lib/python3.12/site-packages/airflow/example_dags/example_bash_operator.py took 0.033 seconds
[2024-07-07T22:31:35.679+0000] {processor.py:161} INFO - Started process (PID=1899) to work on /home/airflow/.local/lib/python3.12/site-packages/airflow/example_dags/example_bash_operator.py
[2024-07-07T22:31:35.679+0000] {processor.py:830} INFO - Processing file /home/airflow/.local/lib/python3.12/site-packages/airflow/example_dags/example_bash_operator.py for tasks to queue
[2024-07-07T22:31:35.680+0000] {logging_mixin.py:188} INFO - [2024-07-07T22:31:35.680+0000] {dagbag.py:545} INFO - Filling up the DagBag from /home/airflow/.local/lib/python3.12/site-packages/airflow/example_dags/example_bash_operator.py
[2024-07-07T22:31:35.684+0000] {processor.py:840} INFO - DAG(s) 'example_bash_operator' retrieved from /home/airflow/.local/lib/python3.12/site-packages/airflow/example_dags/example_bash_operator.py
[2024-07-07T22:31:35.695+0000] {logging_mixin.py:188} INFO - [2024-07-07T22:31:35.695+0000] {dag.py:3096} INFO - Sync 1 DAGs
[2024-07-07T22:31:35.775+0000] {logging_mixin.py:188} INFO - [2024-07-07T22:31:35.775+0000] {dag.py:3954} INFO - Setting next_dagrun for example_bash_operator to 2024-07-06 00:00:00+00:00, run_after=2024-07-07 00:00:00+00:00
[2024-07-07T22:31:35.783+0000] {processor.py:183} INFO - Processing /home/airflow/.local/lib/python3.12/site-packages/airflow/example_dags/example_bash_operator.py took 0.106 seconds
[2024-07-07T22:32:06.376+0000] {processor.py:161} INFO - Started process (PID=1951) to work on /home/airflow/.local/lib/python3.12/site-packages/airflow/example_dags/example_bash_operator.py
[2024-07-07T22:32:06.376+0000] {processor.py:830} INFO - Processing file /home/airflow/.local/lib/python3.12/site-packages/airflow/example_dags/example_bash_operator.py for tasks to queue
[2024-07-07T22:32:06.377+0000] {logging_mixin.py:188} INFO - [2024-07-07T22:32:06.377+0000] {dagbag.py:545} INFO - Filling up the DagBag from /home/airflow/.local/lib/python3.12/site-packages/airflow/example_dags/example_bash_operator.py
[2024-07-07T22:32:06.381+0000] {processor.py:840} INFO - DAG(s) 'example_bash_operator' retrieved from /home/airflow/.local/lib/python3.12/site-packages/airflow/example_dags/example_bash_operator.py
[2024-07-07T22:32:06.391+0000] {logging_mixin.py:188} INFO - [2024-07-07T22:32:06.391+0000] {dag.py:3096} INFO - Sync 1 DAGs
[2024-07-07T22:32:06.476+0000] {logging_mixin.py:188} INFO - [2024-07-07T22:32:06.476+0000] {dag.py:3954} INFO - Setting next_dagrun for example_bash_operator to 2024-07-06 00:00:00+00:00, run_after=2024-07-07 00:00:00+00:00
[2024-07-07T22:32:06.482+0000] {processor.py:183} INFO - Processing /home/airflow/.local/lib/python3.12/site-packages/airflow/example_dags/example_bash_operator.py took 0.109 seconds
[2024-07-07T22:32:36.878+0000] {processor.py:161} INFO - Started process (PID=2003) to work on /home/airflow/.local/lib/python3.12/site-packages/airflow/example_dags/example_bash_operator.py
[2024-07-07T22:32:36.879+0000] {processor.py:830} INFO - Processing file /home/airflow/.local/lib/python3.12/site-packages/airflow/example_dags/example_bash_operator.py for tasks to queue
[2024-07-07T22:32:36.880+0000] {logging_mixin.py:188} INFO - [2024-07-07T22:32:36.880+0000] {dagbag.py:545} INFO - Filling up the DagBag from /home/airflow/.local/lib/python3.12/site-packages/airflow/example_dags/example_bash_operator.py
[2024-07-07T22:32:36.885+0000] {processor.py:840} INFO - DAG(s) 'example_bash_operator' retrieved from /home/airflow/.local/lib/python3.12/site-packages/airflow/example_dags/example_bash_operator.py
[2024-07-07T22:32:36.898+0000] {logging_mixin.py:188} INFO - [2024-07-07T22:32:36.898+0000] {dag.py:3096} INFO - Sync 1 DAGs
[2024-07-07T22:32:36.908+0000] {logging_mixin.py:188} INFO - [2024-07-07T22:32:36.908+0000] {dag.py:3954} INFO - Setting next_dagrun for example_bash_operator to 2024-07-06 00:00:00+00:00, run_after=2024-07-07 00:00:00+00:00
[2024-07-07T22:32:36.917+0000] {processor.py:183} INFO - Processing /home/airflow/.local/lib/python3.12/site-packages/airflow/example_dags/example_bash_operator.py took 0.042 seconds
[2024-07-07T22:33:07.303+0000] {processor.py:161} INFO - Started process (PID=2055) to work on /home/airflow/.local/lib/python3.12/site-packages/airflow/example_dags/example_bash_operator.py
[2024-07-07T22:33:07.304+0000] {processor.py:830} INFO - Processing file /home/airflow/.local/lib/python3.12/site-packages/airflow/example_dags/example_bash_operator.py for tasks to queue
[2024-07-07T22:33:07.304+0000] {logging_mixin.py:188} INFO - [2024-07-07T22:33:07.304+0000] {dagbag.py:545} INFO - Filling up the DagBag from /home/airflow/.local/lib/python3.12/site-packages/airflow/example_dags/example_bash_operator.py
[2024-07-07T22:33:07.309+0000] {processor.py:840} INFO - DAG(s) 'example_bash_operator' retrieved from /home/airflow/.local/lib/python3.12/site-packages/airflow/example_dags/example_bash_operator.py
[2024-07-07T22:33:07.318+0000] {logging_mixin.py:188} INFO - [2024-07-07T22:33:07.318+0000] {dag.py:3096} INFO - Sync 1 DAGs
[2024-07-07T22:33:07.328+0000] {logging_mixin.py:188} INFO - [2024-07-07T22:33:07.328+0000] {dag.py:3954} INFO - Setting next_dagrun for example_bash_operator to 2024-07-06 00:00:00+00:00, run_after=2024-07-07 00:00:00+00:00
[2024-07-07T22:33:07.337+0000] {processor.py:183} INFO - Processing /home/airflow/.local/lib/python3.12/site-packages/airflow/example_dags/example_bash_operator.py took 0.035 seconds
[2024-07-07T22:33:37.783+0000] {processor.py:161} INFO - Started process (PID=2107) to work on /home/airflow/.local/lib/python3.12/site-packages/airflow/example_dags/example_bash_operator.py
[2024-07-07T22:33:37.784+0000] {processor.py:830} INFO - Processing file /home/airflow/.local/lib/python3.12/site-packages/airflow/example_dags/example_bash_operator.py for tasks to queue
[2024-07-07T22:33:37.784+0000] {logging_mixin.py:188} INFO - [2024-07-07T22:33:37.784+0000] {dagbag.py:545} INFO - Filling up the DagBag from /home/airflow/.local/lib/python3.12/site-packages/airflow/example_dags/example_bash_operator.py
[2024-07-07T22:33:37.788+0000] {processor.py:840} INFO - DAG(s) 'example_bash_operator' retrieved from /home/airflow/.local/lib/python3.12/site-packages/airflow/example_dags/example_bash_operator.py
[2024-07-07T22:33:37.798+0000] {logging_mixin.py:188} INFO - [2024-07-07T22:33:37.798+0000] {dag.py:3096} INFO - Sync 1 DAGs
[2024-07-07T22:33:37.806+0000] {logging_mixin.py:188} INFO - [2024-07-07T22:33:37.806+0000] {dag.py:3954} INFO - Setting next_dagrun for example_bash_operator to 2024-07-06 00:00:00+00:00, run_after=2024-07-07 00:00:00+00:00
[2024-07-07T22:33:37.812+0000] {processor.py:183} INFO - Processing /home/airflow/.local/lib/python3.12/site-packages/airflow/example_dags/example_bash_operator.py took 0.031 seconds
