[2024-07-07T22:13:09.025+0000] {processor.py:161} INFO - Started process (PID=59) to work on /home/airflow/.local/lib/python3.12/site-packages/airflow/example_dags/example_xcomargs.py
[2024-07-07T22:13:09.025+0000] {processor.py:830} INFO - Processing file /home/airflow/.local/lib/python3.12/site-packages/airflow/example_dags/example_xcomargs.py for tasks to queue
[2024-07-07T22:13:09.026+0000] {logging_mixin.py:188} INFO - [2024-07-07T22:13:09.026+0000] {dagbag.py:545} INFO - Filling up the DagBag from /home/airflow/.local/lib/python3.12/site-packages/airflow/example_dags/example_xcomargs.py
[2024-07-07T22:13:09.030+0000] {processor.py:840} INFO - DAG(s) 'example_xcom_args', 'example_xcom_args_with_operators' retrieved from /home/airflow/.local/lib/python3.12/site-packages/airflow/example_dags/example_xcomargs.py
[2024-07-07T22:13:09.066+0000] {logging_mixin.py:188} INFO - [2024-07-07T22:13:09.066+0000] {override.py:1829} INFO - Created Permission View: can edit on DAG:example_xcom_args
[2024-07-07T22:13:09.069+0000] {logging_mixin.py:188} INFO - [2024-07-07T22:13:09.069+0000] {override.py:1829} INFO - Created Permission View: can read on DAG:example_xcom_args
[2024-07-07T22:13:09.071+0000] {logging_mixin.py:188} INFO - [2024-07-07T22:13:09.071+0000] {override.py:1829} INFO - Created Permission View: can delete on DAG:example_xcom_args
[2024-07-07T22:13:09.075+0000] {logging_mixin.py:188} INFO - [2024-07-07T22:13:09.075+0000] {override.py:1829} INFO - Created Permission View: can edit on DAG:example_xcom_args_with_operators
[2024-07-07T22:13:09.077+0000] {logging_mixin.py:188} INFO - [2024-07-07T22:13:09.077+0000] {override.py:1829} INFO - Created Permission View: can read on DAG:example_xcom_args_with_operators
[2024-07-07T22:13:09.078+0000] {logging_mixin.py:188} INFO - [2024-07-07T22:13:09.078+0000] {override.py:1829} INFO - Created Permission View: can delete on DAG:example_xcom_args_with_operators
[2024-07-07T22:13:09.079+0000] {logging_mixin.py:188} INFO - [2024-07-07T22:13:09.078+0000] {dag.py:3096} INFO - Sync 2 DAGs
[2024-07-07T22:13:09.082+0000] {logging_mixin.py:188} INFO - [2024-07-07T22:13:09.082+0000] {dag.py:3118} INFO - Creating ORM DAG for example_xcom_args_with_operators
[2024-07-07T22:13:09.083+0000] {logging_mixin.py:188} INFO - [2024-07-07T22:13:09.083+0000] {dag.py:3118} INFO - Creating ORM DAG for example_xcom_args
[2024-07-07T22:13:09.083+0000] {logging_mixin.py:188} INFO - [2024-07-07T22:13:09.083+0000] {dag.py:3954} INFO - Setting next_dagrun for example_xcom_args to None, run_after=None
[2024-07-07T22:13:09.083+0000] {logging_mixin.py:188} INFO - [2024-07-07T22:13:09.083+0000] {dag.py:3954} INFO - Setting next_dagrun for example_xcom_args_with_operators to None, run_after=None
[2024-07-07T22:13:09.089+0000] {processor.py:183} INFO - Processing /home/airflow/.local/lib/python3.12/site-packages/airflow/example_dags/example_xcomargs.py took 0.067 seconds
[2024-07-07T22:13:53.618+0000] {processor.py:161} INFO - Started process (PID=59) to work on /home/airflow/.local/lib/python3.12/site-packages/airflow/example_dags/example_xcomargs.py
[2024-07-07T22:13:53.619+0000] {processor.py:830} INFO - Processing file /home/airflow/.local/lib/python3.12/site-packages/airflow/example_dags/example_xcomargs.py for tasks to queue
[2024-07-07T22:13:53.621+0000] {logging_mixin.py:188} INFO - [2024-07-07T22:13:53.620+0000] {dagbag.py:545} INFO - Filling up the DagBag from /home/airflow/.local/lib/python3.12/site-packages/airflow/example_dags/example_xcomargs.py
[2024-07-07T22:13:53.628+0000] {processor.py:840} INFO - DAG(s) 'example_xcom_args_with_operators', 'example_xcom_args' retrieved from /home/airflow/.local/lib/python3.12/site-packages/airflow/example_dags/example_xcomargs.py
[2024-07-07T22:13:53.638+0000] {logging_mixin.py:188} INFO - [2024-07-07T22:13:53.638+0000] {dag.py:3096} INFO - Sync 2 DAGs
[2024-07-07T22:13:53.649+0000] {logging_mixin.py:188} INFO - [2024-07-07T22:13:53.648+0000] {dag.py:3954} INFO - Setting next_dagrun for example_xcom_args to None, run_after=None
[2024-07-07T22:13:53.656+0000] {logging_mixin.py:188} INFO - [2024-07-07T22:13:53.654+0000] {dag.py:3954} INFO - Setting next_dagrun for example_xcom_args_with_operators to None, run_after=None
[2024-07-07T22:13:53.678+0000] {processor.py:183} INFO - Processing /home/airflow/.local/lib/python3.12/site-packages/airflow/example_dags/example_xcomargs.py took 0.064 seconds
[2024-07-07T22:14:23.701+0000] {processor.py:161} INFO - Started process (PID=111) to work on /home/airflow/.local/lib/python3.12/site-packages/airflow/example_dags/example_xcomargs.py
[2024-07-07T22:14:23.701+0000] {processor.py:830} INFO - Processing file /home/airflow/.local/lib/python3.12/site-packages/airflow/example_dags/example_xcomargs.py for tasks to queue
[2024-07-07T22:14:23.702+0000] {logging_mixin.py:188} INFO - [2024-07-07T22:14:23.702+0000] {dagbag.py:545} INFO - Filling up the DagBag from /home/airflow/.local/lib/python3.12/site-packages/airflow/example_dags/example_xcomargs.py
[2024-07-07T22:14:23.705+0000] {processor.py:840} INFO - DAG(s) 'example_xcom_args_with_operators', 'example_xcom_args' retrieved from /home/airflow/.local/lib/python3.12/site-packages/airflow/example_dags/example_xcomargs.py
[2024-07-07T22:14:23.745+0000] {logging_mixin.py:188} INFO - [2024-07-07T22:14:23.745+0000] {dag.py:3096} INFO - Sync 2 DAGs
[2024-07-07T22:14:23.751+0000] {logging_mixin.py:188} INFO - [2024-07-07T22:14:23.751+0000] {dag.py:3954} INFO - Setting next_dagrun for example_xcom_args to None, run_after=None
[2024-07-07T22:14:23.752+0000] {logging_mixin.py:188} INFO - [2024-07-07T22:14:23.752+0000] {dag.py:3954} INFO - Setting next_dagrun for example_xcom_args_with_operators to None, run_after=None
[2024-07-07T22:14:23.759+0000] {processor.py:183} INFO - Processing /home/airflow/.local/lib/python3.12/site-packages/airflow/example_dags/example_xcomargs.py took 0.060 seconds
[2024-07-07T22:14:54.611+0000] {processor.py:161} INFO - Started process (PID=163) to work on /home/airflow/.local/lib/python3.12/site-packages/airflow/example_dags/example_xcomargs.py
[2024-07-07T22:14:54.612+0000] {processor.py:830} INFO - Processing file /home/airflow/.local/lib/python3.12/site-packages/airflow/example_dags/example_xcomargs.py for tasks to queue
[2024-07-07T22:14:54.612+0000] {logging_mixin.py:188} INFO - [2024-07-07T22:14:54.612+0000] {dagbag.py:545} INFO - Filling up the DagBag from /home/airflow/.local/lib/python3.12/site-packages/airflow/example_dags/example_xcomargs.py
[2024-07-07T22:14:54.615+0000] {processor.py:840} INFO - DAG(s) 'example_xcom_args', 'example_xcom_args_with_operators' retrieved from /home/airflow/.local/lib/python3.12/site-packages/airflow/example_dags/example_xcomargs.py
[2024-07-07T22:14:54.623+0000] {logging_mixin.py:188} INFO - [2024-07-07T22:14:54.623+0000] {dag.py:3096} INFO - Sync 2 DAGs
[2024-07-07T22:14:54.627+0000] {logging_mixin.py:188} INFO - [2024-07-07T22:14:54.627+0000] {dag.py:3954} INFO - Setting next_dagrun for example_xcom_args to None, run_after=None
[2024-07-07T22:14:54.628+0000] {logging_mixin.py:188} INFO - [2024-07-07T22:14:54.628+0000] {dag.py:3954} INFO - Setting next_dagrun for example_xcom_args_with_operators to None, run_after=None
[2024-07-07T22:14:54.633+0000] {processor.py:183} INFO - Processing /home/airflow/.local/lib/python3.12/site-packages/airflow/example_dags/example_xcomargs.py took 0.024 seconds
[2024-07-07T22:15:24.856+0000] {processor.py:161} INFO - Started process (PID=215) to work on /home/airflow/.local/lib/python3.12/site-packages/airflow/example_dags/example_xcomargs.py
[2024-07-07T22:15:24.857+0000] {processor.py:830} INFO - Processing file /home/airflow/.local/lib/python3.12/site-packages/airflow/example_dags/example_xcomargs.py for tasks to queue
[2024-07-07T22:15:24.857+0000] {logging_mixin.py:188} INFO - [2024-07-07T22:15:24.857+0000] {dagbag.py:545} INFO - Filling up the DagBag from /home/airflow/.local/lib/python3.12/site-packages/airflow/example_dags/example_xcomargs.py
[2024-07-07T22:15:24.860+0000] {processor.py:840} INFO - DAG(s) 'example_xcom_args_with_operators', 'example_xcom_args' retrieved from /home/airflow/.local/lib/python3.12/site-packages/airflow/example_dags/example_xcomargs.py
[2024-07-07T22:15:24.869+0000] {logging_mixin.py:188} INFO - [2024-07-07T22:15:24.869+0000] {dag.py:3096} INFO - Sync 2 DAGs
[2024-07-07T22:15:24.874+0000] {logging_mixin.py:188} INFO - [2024-07-07T22:15:24.874+0000] {dag.py:3954} INFO - Setting next_dagrun for example_xcom_args to None, run_after=None
[2024-07-07T22:15:24.875+0000] {logging_mixin.py:188} INFO - [2024-07-07T22:15:24.875+0000] {dag.py:3954} INFO - Setting next_dagrun for example_xcom_args_with_operators to None, run_after=None
[2024-07-07T22:15:24.880+0000] {processor.py:183} INFO - Processing /home/airflow/.local/lib/python3.12/site-packages/airflow/example_dags/example_xcomargs.py took 0.027 seconds
[2024-07-07T22:15:55.099+0000] {processor.py:161} INFO - Started process (PID=280) to work on /home/airflow/.local/lib/python3.12/site-packages/airflow/example_dags/example_xcomargs.py
[2024-07-07T22:15:55.100+0000] {processor.py:830} INFO - Processing file /home/airflow/.local/lib/python3.12/site-packages/airflow/example_dags/example_xcomargs.py for tasks to queue
[2024-07-07T22:15:55.101+0000] {logging_mixin.py:188} INFO - [2024-07-07T22:15:55.100+0000] {dagbag.py:545} INFO - Filling up the DagBag from /home/airflow/.local/lib/python3.12/site-packages/airflow/example_dags/example_xcomargs.py
[2024-07-07T22:15:55.104+0000] {processor.py:840} INFO - DAG(s) 'example_xcom_args_with_operators', 'example_xcom_args' retrieved from /home/airflow/.local/lib/python3.12/site-packages/airflow/example_dags/example_xcomargs.py
[2024-07-07T22:15:55.112+0000] {logging_mixin.py:188} INFO - [2024-07-07T22:15:55.112+0000] {dag.py:3096} INFO - Sync 2 DAGs
[2024-07-07T22:15:55.117+0000] {logging_mixin.py:188} INFO - [2024-07-07T22:15:55.117+0000] {dag.py:3954} INFO - Setting next_dagrun for example_xcom_args to None, run_after=None
[2024-07-07T22:15:55.119+0000] {logging_mixin.py:188} INFO - [2024-07-07T22:15:55.118+0000] {dag.py:3954} INFO - Setting next_dagrun for example_xcom_args_with_operators to None, run_after=None
[2024-07-07T22:15:55.124+0000] {processor.py:183} INFO - Processing /home/airflow/.local/lib/python3.12/site-packages/airflow/example_dags/example_xcomargs.py took 0.027 seconds
[2024-07-07T22:16:25.315+0000] {processor.py:161} INFO - Started process (PID=339) to work on /home/airflow/.local/lib/python3.12/site-packages/airflow/example_dags/example_xcomargs.py
[2024-07-07T22:16:25.315+0000] {processor.py:830} INFO - Processing file /home/airflow/.local/lib/python3.12/site-packages/airflow/example_dags/example_xcomargs.py for tasks to queue
[2024-07-07T22:16:25.316+0000] {logging_mixin.py:188} INFO - [2024-07-07T22:16:25.316+0000] {dagbag.py:545} INFO - Filling up the DagBag from /home/airflow/.local/lib/python3.12/site-packages/airflow/example_dags/example_xcomargs.py
[2024-07-07T22:16:25.319+0000] {processor.py:840} INFO - DAG(s) 'example_xcom_args_with_operators', 'example_xcom_args' retrieved from /home/airflow/.local/lib/python3.12/site-packages/airflow/example_dags/example_xcomargs.py
[2024-07-07T22:16:25.329+0000] {logging_mixin.py:188} INFO - [2024-07-07T22:16:25.329+0000] {dag.py:3096} INFO - Sync 2 DAGs
[2024-07-07T22:16:25.334+0000] {logging_mixin.py:188} INFO - [2024-07-07T22:16:25.333+0000] {dag.py:3954} INFO - Setting next_dagrun for example_xcom_args to None, run_after=None
[2024-07-07T22:16:25.335+0000] {logging_mixin.py:188} INFO - [2024-07-07T22:16:25.335+0000] {dag.py:3954} INFO - Setting next_dagrun for example_xcom_args_with_operators to None, run_after=None
[2024-07-07T22:16:25.341+0000] {processor.py:183} INFO - Processing /home/airflow/.local/lib/python3.12/site-packages/airflow/example_dags/example_xcomargs.py took 0.028 seconds
[2024-07-07T22:16:55.544+0000] {processor.py:161} INFO - Started process (PID=405) to work on /home/airflow/.local/lib/python3.12/site-packages/airflow/example_dags/example_xcomargs.py
[2024-07-07T22:16:55.545+0000] {processor.py:830} INFO - Processing file /home/airflow/.local/lib/python3.12/site-packages/airflow/example_dags/example_xcomargs.py for tasks to queue
[2024-07-07T22:16:55.545+0000] {logging_mixin.py:188} INFO - [2024-07-07T22:16:55.545+0000] {dagbag.py:545} INFO - Filling up the DagBag from /home/airflow/.local/lib/python3.12/site-packages/airflow/example_dags/example_xcomargs.py
[2024-07-07T22:16:55.549+0000] {processor.py:840} INFO - DAG(s) 'example_xcom_args', 'example_xcom_args_with_operators' retrieved from /home/airflow/.local/lib/python3.12/site-packages/airflow/example_dags/example_xcomargs.py
[2024-07-07T22:16:55.558+0000] {logging_mixin.py:188} INFO - [2024-07-07T22:16:55.558+0000] {dag.py:3096} INFO - Sync 2 DAGs
[2024-07-07T22:16:55.563+0000] {logging_mixin.py:188} INFO - [2024-07-07T22:16:55.562+0000] {dag.py:3954} INFO - Setting next_dagrun for example_xcom_args to None, run_after=None
[2024-07-07T22:16:55.564+0000] {logging_mixin.py:188} INFO - [2024-07-07T22:16:55.564+0000] {dag.py:3954} INFO - Setting next_dagrun for example_xcom_args_with_operators to None, run_after=None
[2024-07-07T22:16:55.569+0000] {processor.py:183} INFO - Processing /home/airflow/.local/lib/python3.12/site-packages/airflow/example_dags/example_xcomargs.py took 0.027 seconds
[2024-07-07T22:17:25.798+0000] {processor.py:161} INFO - Started process (PID=458) to work on /home/airflow/.local/lib/python3.12/site-packages/airflow/example_dags/example_xcomargs.py
[2024-07-07T22:17:25.799+0000] {processor.py:830} INFO - Processing file /home/airflow/.local/lib/python3.12/site-packages/airflow/example_dags/example_xcomargs.py for tasks to queue
[2024-07-07T22:17:25.799+0000] {logging_mixin.py:188} INFO - [2024-07-07T22:17:25.799+0000] {dagbag.py:545} INFO - Filling up the DagBag from /home/airflow/.local/lib/python3.12/site-packages/airflow/example_dags/example_xcomargs.py
[2024-07-07T22:17:25.803+0000] {processor.py:840} INFO - DAG(s) 'example_xcom_args', 'example_xcom_args_with_operators' retrieved from /home/airflow/.local/lib/python3.12/site-packages/airflow/example_dags/example_xcomargs.py
[2024-07-07T22:17:25.812+0000] {logging_mixin.py:188} INFO - [2024-07-07T22:17:25.812+0000] {dag.py:3096} INFO - Sync 2 DAGs
[2024-07-07T22:17:25.817+0000] {logging_mixin.py:188} INFO - [2024-07-07T22:17:25.817+0000] {dag.py:3954} INFO - Setting next_dagrun for example_xcom_args to None, run_after=None
[2024-07-07T22:17:25.819+0000] {logging_mixin.py:188} INFO - [2024-07-07T22:17:25.819+0000] {dag.py:3954} INFO - Setting next_dagrun for example_xcom_args_with_operators to None, run_after=None
[2024-07-07T22:17:25.825+0000] {processor.py:183} INFO - Processing /home/airflow/.local/lib/python3.12/site-packages/airflow/example_dags/example_xcomargs.py took 0.029 seconds
[2024-07-07T22:17:56.146+0000] {processor.py:161} INFO - Started process (PID=512) to work on /home/airflow/.local/lib/python3.12/site-packages/airflow/example_dags/example_xcomargs.py
[2024-07-07T22:17:56.146+0000] {processor.py:830} INFO - Processing file /home/airflow/.local/lib/python3.12/site-packages/airflow/example_dags/example_xcomargs.py for tasks to queue
[2024-07-07T22:17:56.148+0000] {logging_mixin.py:188} INFO - [2024-07-07T22:17:56.148+0000] {dagbag.py:545} INFO - Filling up the DagBag from /home/airflow/.local/lib/python3.12/site-packages/airflow/example_dags/example_xcomargs.py
[2024-07-07T22:17:56.153+0000] {processor.py:840} INFO - DAG(s) 'example_xcom_args', 'example_xcom_args_with_operators' retrieved from /home/airflow/.local/lib/python3.12/site-packages/airflow/example_dags/example_xcomargs.py
[2024-07-07T22:17:56.163+0000] {logging_mixin.py:188} INFO - [2024-07-07T22:17:56.163+0000] {dag.py:3096} INFO - Sync 2 DAGs
[2024-07-07T22:17:56.169+0000] {logging_mixin.py:188} INFO - [2024-07-07T22:17:56.169+0000] {dag.py:3954} INFO - Setting next_dagrun for example_xcom_args to None, run_after=None
[2024-07-07T22:17:56.170+0000] {logging_mixin.py:188} INFO - [2024-07-07T22:17:56.170+0000] {dag.py:3954} INFO - Setting next_dagrun for example_xcom_args_with_operators to None, run_after=None
[2024-07-07T22:17:56.176+0000] {processor.py:183} INFO - Processing /home/airflow/.local/lib/python3.12/site-packages/airflow/example_dags/example_xcomargs.py took 0.033 seconds
[2024-07-07T22:18:26.641+0000] {processor.py:161} INFO - Started process (PID=564) to work on /home/airflow/.local/lib/python3.12/site-packages/airflow/example_dags/example_xcomargs.py
[2024-07-07T22:18:26.642+0000] {processor.py:830} INFO - Processing file /home/airflow/.local/lib/python3.12/site-packages/airflow/example_dags/example_xcomargs.py for tasks to queue
[2024-07-07T22:18:26.642+0000] {logging_mixin.py:188} INFO - [2024-07-07T22:18:26.642+0000] {dagbag.py:545} INFO - Filling up the DagBag from /home/airflow/.local/lib/python3.12/site-packages/airflow/example_dags/example_xcomargs.py
[2024-07-07T22:18:26.646+0000] {processor.py:840} INFO - DAG(s) 'example_xcom_args_with_operators', 'example_xcom_args' retrieved from /home/airflow/.local/lib/python3.12/site-packages/airflow/example_dags/example_xcomargs.py
[2024-07-07T22:18:26.654+0000] {logging_mixin.py:188} INFO - [2024-07-07T22:18:26.654+0000] {dag.py:3096} INFO - Sync 2 DAGs
[2024-07-07T22:18:26.659+0000] {logging_mixin.py:188} INFO - [2024-07-07T22:18:26.659+0000] {dag.py:3954} INFO - Setting next_dagrun for example_xcom_args to None, run_after=None
[2024-07-07T22:18:26.661+0000] {logging_mixin.py:188} INFO - [2024-07-07T22:18:26.660+0000] {dag.py:3954} INFO - Setting next_dagrun for example_xcom_args_with_operators to None, run_after=None
[2024-07-07T22:18:26.666+0000] {processor.py:183} INFO - Processing /home/airflow/.local/lib/python3.12/site-packages/airflow/example_dags/example_xcomargs.py took 0.027 seconds
[2024-07-07T22:18:56.964+0000] {processor.py:161} INFO - Started process (PID=616) to work on /home/airflow/.local/lib/python3.12/site-packages/airflow/example_dags/example_xcomargs.py
[2024-07-07T22:18:56.964+0000] {processor.py:830} INFO - Processing file /home/airflow/.local/lib/python3.12/site-packages/airflow/example_dags/example_xcomargs.py for tasks to queue
[2024-07-07T22:18:56.965+0000] {logging_mixin.py:188} INFO - [2024-07-07T22:18:56.965+0000] {dagbag.py:545} INFO - Filling up the DagBag from /home/airflow/.local/lib/python3.12/site-packages/airflow/example_dags/example_xcomargs.py
[2024-07-07T22:18:56.968+0000] {processor.py:840} INFO - DAG(s) 'example_xcom_args_with_operators', 'example_xcom_args' retrieved from /home/airflow/.local/lib/python3.12/site-packages/airflow/example_dags/example_xcomargs.py
[2024-07-07T22:18:56.977+0000] {logging_mixin.py:188} INFO - [2024-07-07T22:18:56.977+0000] {dag.py:3096} INFO - Sync 2 DAGs
[2024-07-07T22:18:56.982+0000] {logging_mixin.py:188} INFO - [2024-07-07T22:18:56.981+0000] {dag.py:3954} INFO - Setting next_dagrun for example_xcom_args to None, run_after=None
[2024-07-07T22:18:56.983+0000] {logging_mixin.py:188} INFO - [2024-07-07T22:18:56.983+0000] {dag.py:3954} INFO - Setting next_dagrun for example_xcom_args_with_operators to None, run_after=None
[2024-07-07T22:18:56.989+0000] {processor.py:183} INFO - Processing /home/airflow/.local/lib/python3.12/site-packages/airflow/example_dags/example_xcomargs.py took 0.027 seconds
[2024-07-07T22:19:27.251+0000] {processor.py:161} INFO - Started process (PID=668) to work on /home/airflow/.local/lib/python3.12/site-packages/airflow/example_dags/example_xcomargs.py
[2024-07-07T22:19:27.251+0000] {processor.py:830} INFO - Processing file /home/airflow/.local/lib/python3.12/site-packages/airflow/example_dags/example_xcomargs.py for tasks to queue
[2024-07-07T22:19:27.252+0000] {logging_mixin.py:188} INFO - [2024-07-07T22:19:27.252+0000] {dagbag.py:545} INFO - Filling up the DagBag from /home/airflow/.local/lib/python3.12/site-packages/airflow/example_dags/example_xcomargs.py
[2024-07-07T22:19:27.255+0000] {processor.py:840} INFO - DAG(s) 'example_xcom_args', 'example_xcom_args_with_operators' retrieved from /home/airflow/.local/lib/python3.12/site-packages/airflow/example_dags/example_xcomargs.py
[2024-07-07T22:19:27.264+0000] {logging_mixin.py:188} INFO - [2024-07-07T22:19:27.264+0000] {dag.py:3096} INFO - Sync 2 DAGs
[2024-07-07T22:19:27.268+0000] {logging_mixin.py:188} INFO - [2024-07-07T22:19:27.268+0000] {dag.py:3954} INFO - Setting next_dagrun for example_xcom_args to None, run_after=None
[2024-07-07T22:19:27.270+0000] {logging_mixin.py:188} INFO - [2024-07-07T22:19:27.270+0000] {dag.py:3954} INFO - Setting next_dagrun for example_xcom_args_with_operators to None, run_after=None
[2024-07-07T22:19:27.275+0000] {processor.py:183} INFO - Processing /home/airflow/.local/lib/python3.12/site-packages/airflow/example_dags/example_xcomargs.py took 0.026 seconds
[2024-07-07T22:19:57.538+0000] {processor.py:161} INFO - Started process (PID=720) to work on /home/airflow/.local/lib/python3.12/site-packages/airflow/example_dags/example_xcomargs.py
[2024-07-07T22:19:57.539+0000] {processor.py:830} INFO - Processing file /home/airflow/.local/lib/python3.12/site-packages/airflow/example_dags/example_xcomargs.py for tasks to queue
[2024-07-07T22:19:57.539+0000] {logging_mixin.py:188} INFO - [2024-07-07T22:19:57.539+0000] {dagbag.py:545} INFO - Filling up the DagBag from /home/airflow/.local/lib/python3.12/site-packages/airflow/example_dags/example_xcomargs.py
[2024-07-07T22:19:57.543+0000] {processor.py:840} INFO - DAG(s) 'example_xcom_args', 'example_xcom_args_with_operators' retrieved from /home/airflow/.local/lib/python3.12/site-packages/airflow/example_dags/example_xcomargs.py
[2024-07-07T22:19:57.553+0000] {logging_mixin.py:188} INFO - [2024-07-07T22:19:57.553+0000] {dag.py:3096} INFO - Sync 2 DAGs
[2024-07-07T22:19:57.558+0000] {logging_mixin.py:188} INFO - [2024-07-07T22:19:57.558+0000] {dag.py:3954} INFO - Setting next_dagrun for example_xcom_args to None, run_after=None
[2024-07-07T22:19:57.559+0000] {logging_mixin.py:188} INFO - [2024-07-07T22:19:57.559+0000] {dag.py:3954} INFO - Setting next_dagrun for example_xcom_args_with_operators to None, run_after=None
[2024-07-07T22:19:57.565+0000] {processor.py:183} INFO - Processing /home/airflow/.local/lib/python3.12/site-packages/airflow/example_dags/example_xcomargs.py took 0.029 seconds
[2024-07-07T22:20:27.810+0000] {processor.py:161} INFO - Started process (PID=772) to work on /home/airflow/.local/lib/python3.12/site-packages/airflow/example_dags/example_xcomargs.py
[2024-07-07T22:20:27.810+0000] {processor.py:830} INFO - Processing file /home/airflow/.local/lib/python3.12/site-packages/airflow/example_dags/example_xcomargs.py for tasks to queue
[2024-07-07T22:20:27.811+0000] {logging_mixin.py:188} INFO - [2024-07-07T22:20:27.811+0000] {dagbag.py:545} INFO - Filling up the DagBag from /home/airflow/.local/lib/python3.12/site-packages/airflow/example_dags/example_xcomargs.py
[2024-07-07T22:20:27.815+0000] {processor.py:840} INFO - DAG(s) 'example_xcom_args', 'example_xcom_args_with_operators' retrieved from /home/airflow/.local/lib/python3.12/site-packages/airflow/example_dags/example_xcomargs.py
[2024-07-07T22:20:27.827+0000] {logging_mixin.py:188} INFO - [2024-07-07T22:20:27.827+0000] {dag.py:3096} INFO - Sync 2 DAGs
[2024-07-07T22:20:27.832+0000] {logging_mixin.py:188} INFO - [2024-07-07T22:20:27.832+0000] {dag.py:3954} INFO - Setting next_dagrun for example_xcom_args to None, run_after=None
[2024-07-07T22:20:27.834+0000] {logging_mixin.py:188} INFO - [2024-07-07T22:20:27.834+0000] {dag.py:3954} INFO - Setting next_dagrun for example_xcom_args_with_operators to None, run_after=None
[2024-07-07T22:20:27.840+0000] {processor.py:183} INFO - Processing /home/airflow/.local/lib/python3.12/site-packages/airflow/example_dags/example_xcomargs.py took 0.033 seconds
[2024-07-07T22:20:58.126+0000] {processor.py:161} INFO - Started process (PID=824) to work on /home/airflow/.local/lib/python3.12/site-packages/airflow/example_dags/example_xcomargs.py
[2024-07-07T22:20:58.127+0000] {processor.py:830} INFO - Processing file /home/airflow/.local/lib/python3.12/site-packages/airflow/example_dags/example_xcomargs.py for tasks to queue
[2024-07-07T22:20:58.128+0000] {logging_mixin.py:188} INFO - [2024-07-07T22:20:58.127+0000] {dagbag.py:545} INFO - Filling up the DagBag from /home/airflow/.local/lib/python3.12/site-packages/airflow/example_dags/example_xcomargs.py
[2024-07-07T22:20:58.130+0000] {processor.py:840} INFO - DAG(s) 'example_xcom_args', 'example_xcom_args_with_operators' retrieved from /home/airflow/.local/lib/python3.12/site-packages/airflow/example_dags/example_xcomargs.py
[2024-07-07T22:20:58.139+0000] {logging_mixin.py:188} INFO - [2024-07-07T22:20:58.139+0000] {dag.py:3096} INFO - Sync 2 DAGs
[2024-07-07T22:20:58.144+0000] {logging_mixin.py:188} INFO - [2024-07-07T22:20:58.144+0000] {dag.py:3954} INFO - Setting next_dagrun for example_xcom_args to None, run_after=None
[2024-07-07T22:20:58.145+0000] {logging_mixin.py:188} INFO - [2024-07-07T22:20:58.145+0000] {dag.py:3954} INFO - Setting next_dagrun for example_xcom_args_with_operators to None, run_after=None
[2024-07-07T22:20:58.151+0000] {processor.py:183} INFO - Processing /home/airflow/.local/lib/python3.12/site-packages/airflow/example_dags/example_xcomargs.py took 0.027 seconds
[2024-07-07T22:21:28.466+0000] {processor.py:161} INFO - Started process (PID=876) to work on /home/airflow/.local/lib/python3.12/site-packages/airflow/example_dags/example_xcomargs.py
[2024-07-07T22:21:28.467+0000] {processor.py:830} INFO - Processing file /home/airflow/.local/lib/python3.12/site-packages/airflow/example_dags/example_xcomargs.py for tasks to queue
[2024-07-07T22:21:28.468+0000] {logging_mixin.py:188} INFO - [2024-07-07T22:21:28.467+0000] {dagbag.py:545} INFO - Filling up the DagBag from /home/airflow/.local/lib/python3.12/site-packages/airflow/example_dags/example_xcomargs.py
[2024-07-07T22:21:28.471+0000] {processor.py:840} INFO - DAG(s) 'example_xcom_args_with_operators', 'example_xcom_args' retrieved from /home/airflow/.local/lib/python3.12/site-packages/airflow/example_dags/example_xcomargs.py
[2024-07-07T22:21:28.479+0000] {logging_mixin.py:188} INFO - [2024-07-07T22:21:28.479+0000] {dag.py:3096} INFO - Sync 2 DAGs
[2024-07-07T22:21:28.484+0000] {logging_mixin.py:188} INFO - [2024-07-07T22:21:28.484+0000] {dag.py:3954} INFO - Setting next_dagrun for example_xcom_args to None, run_after=None
[2024-07-07T22:21:28.486+0000] {logging_mixin.py:188} INFO - [2024-07-07T22:21:28.485+0000] {dag.py:3954} INFO - Setting next_dagrun for example_xcom_args_with_operators to None, run_after=None
[2024-07-07T22:21:28.491+0000] {processor.py:183} INFO - Processing /home/airflow/.local/lib/python3.12/site-packages/airflow/example_dags/example_xcomargs.py took 0.027 seconds
[2024-07-07T22:21:58.792+0000] {processor.py:161} INFO - Started process (PID=928) to work on /home/airflow/.local/lib/python3.12/site-packages/airflow/example_dags/example_xcomargs.py
[2024-07-07T22:21:58.793+0000] {processor.py:830} INFO - Processing file /home/airflow/.local/lib/python3.12/site-packages/airflow/example_dags/example_xcomargs.py for tasks to queue
[2024-07-07T22:21:58.793+0000] {logging_mixin.py:188} INFO - [2024-07-07T22:21:58.793+0000] {dagbag.py:545} INFO - Filling up the DagBag from /home/airflow/.local/lib/python3.12/site-packages/airflow/example_dags/example_xcomargs.py
[2024-07-07T22:21:58.797+0000] {processor.py:840} INFO - DAG(s) 'example_xcom_args_with_operators', 'example_xcom_args' retrieved from /home/airflow/.local/lib/python3.12/site-packages/airflow/example_dags/example_xcomargs.py
[2024-07-07T22:21:58.805+0000] {logging_mixin.py:188} INFO - [2024-07-07T22:21:58.805+0000] {dag.py:3096} INFO - Sync 2 DAGs
[2024-07-07T22:21:58.810+0000] {logging_mixin.py:188} INFO - [2024-07-07T22:21:58.810+0000] {dag.py:3954} INFO - Setting next_dagrun for example_xcom_args to None, run_after=None
[2024-07-07T22:21:58.811+0000] {logging_mixin.py:188} INFO - [2024-07-07T22:21:58.811+0000] {dag.py:3954} INFO - Setting next_dagrun for example_xcom_args_with_operators to None, run_after=None
[2024-07-07T22:21:58.817+0000] {processor.py:183} INFO - Processing /home/airflow/.local/lib/python3.12/site-packages/airflow/example_dags/example_xcomargs.py took 0.026 seconds
[2024-07-07T22:22:29.176+0000] {processor.py:161} INFO - Started process (PID=980) to work on /home/airflow/.local/lib/python3.12/site-packages/airflow/example_dags/example_xcomargs.py
[2024-07-07T22:22:29.177+0000] {processor.py:830} INFO - Processing file /home/airflow/.local/lib/python3.12/site-packages/airflow/example_dags/example_xcomargs.py for tasks to queue
[2024-07-07T22:22:29.177+0000] {logging_mixin.py:188} INFO - [2024-07-07T22:22:29.177+0000] {dagbag.py:545} INFO - Filling up the DagBag from /home/airflow/.local/lib/python3.12/site-packages/airflow/example_dags/example_xcomargs.py
[2024-07-07T22:22:29.181+0000] {processor.py:840} INFO - DAG(s) 'example_xcom_args', 'example_xcom_args_with_operators' retrieved from /home/airflow/.local/lib/python3.12/site-packages/airflow/example_dags/example_xcomargs.py
[2024-07-07T22:22:29.191+0000] {logging_mixin.py:188} INFO - [2024-07-07T22:22:29.191+0000] {dag.py:3096} INFO - Sync 2 DAGs
[2024-07-07T22:22:29.196+0000] {logging_mixin.py:188} INFO - [2024-07-07T22:22:29.196+0000] {dag.py:3954} INFO - Setting next_dagrun for example_xcom_args to None, run_after=None
[2024-07-07T22:22:29.198+0000] {logging_mixin.py:188} INFO - [2024-07-07T22:22:29.198+0000] {dag.py:3954} INFO - Setting next_dagrun for example_xcom_args_with_operators to None, run_after=None
[2024-07-07T22:22:29.204+0000] {processor.py:183} INFO - Processing /home/airflow/.local/lib/python3.12/site-packages/airflow/example_dags/example_xcomargs.py took 0.030 seconds
[2024-07-07T22:22:59.535+0000] {processor.py:161} INFO - Started process (PID=1032) to work on /home/airflow/.local/lib/python3.12/site-packages/airflow/example_dags/example_xcomargs.py
[2024-07-07T22:22:59.535+0000] {processor.py:830} INFO - Processing file /home/airflow/.local/lib/python3.12/site-packages/airflow/example_dags/example_xcomargs.py for tasks to queue
[2024-07-07T22:22:59.536+0000] {logging_mixin.py:188} INFO - [2024-07-07T22:22:59.536+0000] {dagbag.py:545} INFO - Filling up the DagBag from /home/airflow/.local/lib/python3.12/site-packages/airflow/example_dags/example_xcomargs.py
[2024-07-07T22:22:59.539+0000] {processor.py:840} INFO - DAG(s) 'example_xcom_args_with_operators', 'example_xcom_args' retrieved from /home/airflow/.local/lib/python3.12/site-packages/airflow/example_dags/example_xcomargs.py
[2024-07-07T22:22:59.548+0000] {logging_mixin.py:188} INFO - [2024-07-07T22:22:59.548+0000] {dag.py:3096} INFO - Sync 2 DAGs
[2024-07-07T22:22:59.553+0000] {logging_mixin.py:188} INFO - [2024-07-07T22:22:59.553+0000] {dag.py:3954} INFO - Setting next_dagrun for example_xcom_args to None, run_after=None
[2024-07-07T22:22:59.554+0000] {logging_mixin.py:188} INFO - [2024-07-07T22:22:59.554+0000] {dag.py:3954} INFO - Setting next_dagrun for example_xcom_args_with_operators to None, run_after=None
[2024-07-07T22:22:59.560+0000] {processor.py:183} INFO - Processing /home/airflow/.local/lib/python3.12/site-packages/airflow/example_dags/example_xcomargs.py took 0.028 seconds
[2024-07-07T22:23:29.828+0000] {processor.py:161} INFO - Started process (PID=1084) to work on /home/airflow/.local/lib/python3.12/site-packages/airflow/example_dags/example_xcomargs.py
[2024-07-07T22:23:29.828+0000] {processor.py:830} INFO - Processing file /home/airflow/.local/lib/python3.12/site-packages/airflow/example_dags/example_xcomargs.py for tasks to queue
[2024-07-07T22:23:29.829+0000] {logging_mixin.py:188} INFO - [2024-07-07T22:23:29.829+0000] {dagbag.py:545} INFO - Filling up the DagBag from /home/airflow/.local/lib/python3.12/site-packages/airflow/example_dags/example_xcomargs.py
[2024-07-07T22:23:29.832+0000] {processor.py:840} INFO - DAG(s) 'example_xcom_args_with_operators', 'example_xcom_args' retrieved from /home/airflow/.local/lib/python3.12/site-packages/airflow/example_dags/example_xcomargs.py
[2024-07-07T22:23:29.841+0000] {logging_mixin.py:188} INFO - [2024-07-07T22:23:29.840+0000] {dag.py:3096} INFO - Sync 2 DAGs
[2024-07-07T22:23:29.845+0000] {logging_mixin.py:188} INFO - [2024-07-07T22:23:29.845+0000] {dag.py:3954} INFO - Setting next_dagrun for example_xcom_args to None, run_after=None
[2024-07-07T22:23:29.847+0000] {logging_mixin.py:188} INFO - [2024-07-07T22:23:29.847+0000] {dag.py:3954} INFO - Setting next_dagrun for example_xcom_args_with_operators to None, run_after=None
[2024-07-07T22:23:29.852+0000] {processor.py:183} INFO - Processing /home/airflow/.local/lib/python3.12/site-packages/airflow/example_dags/example_xcomargs.py took 0.027 seconds
[2024-07-07T22:24:00.194+0000] {processor.py:161} INFO - Started process (PID=1136) to work on /home/airflow/.local/lib/python3.12/site-packages/airflow/example_dags/example_xcomargs.py
[2024-07-07T22:24:00.195+0000] {processor.py:830} INFO - Processing file /home/airflow/.local/lib/python3.12/site-packages/airflow/example_dags/example_xcomargs.py for tasks to queue
[2024-07-07T22:24:00.195+0000] {logging_mixin.py:188} INFO - [2024-07-07T22:24:00.195+0000] {dagbag.py:545} INFO - Filling up the DagBag from /home/airflow/.local/lib/python3.12/site-packages/airflow/example_dags/example_xcomargs.py
[2024-07-07T22:24:00.198+0000] {processor.py:840} INFO - DAG(s) 'example_xcom_args', 'example_xcom_args_with_operators' retrieved from /home/airflow/.local/lib/python3.12/site-packages/airflow/example_dags/example_xcomargs.py
[2024-07-07T22:24:00.207+0000] {logging_mixin.py:188} INFO - [2024-07-07T22:24:00.207+0000] {dag.py:3096} INFO - Sync 2 DAGs
[2024-07-07T22:24:00.211+0000] {logging_mixin.py:188} INFO - [2024-07-07T22:24:00.211+0000] {dag.py:3954} INFO - Setting next_dagrun for example_xcom_args to None, run_after=None
[2024-07-07T22:24:00.213+0000] {logging_mixin.py:188} INFO - [2024-07-07T22:24:00.213+0000] {dag.py:3954} INFO - Setting next_dagrun for example_xcom_args_with_operators to None, run_after=None
[2024-07-07T22:24:00.219+0000] {processor.py:183} INFO - Processing /home/airflow/.local/lib/python3.12/site-packages/airflow/example_dags/example_xcomargs.py took 0.027 seconds
[2024-07-07T22:24:30.526+0000] {processor.py:161} INFO - Started process (PID=1188) to work on /home/airflow/.local/lib/python3.12/site-packages/airflow/example_dags/example_xcomargs.py
[2024-07-07T22:24:30.526+0000] {processor.py:830} INFO - Processing file /home/airflow/.local/lib/python3.12/site-packages/airflow/example_dags/example_xcomargs.py for tasks to queue
[2024-07-07T22:24:30.527+0000] {logging_mixin.py:188} INFO - [2024-07-07T22:24:30.527+0000] {dagbag.py:545} INFO - Filling up the DagBag from /home/airflow/.local/lib/python3.12/site-packages/airflow/example_dags/example_xcomargs.py
[2024-07-07T22:24:30.530+0000] {processor.py:840} INFO - DAG(s) 'example_xcom_args_with_operators', 'example_xcom_args' retrieved from /home/airflow/.local/lib/python3.12/site-packages/airflow/example_dags/example_xcomargs.py
[2024-07-07T22:24:30.538+0000] {logging_mixin.py:188} INFO - [2024-07-07T22:24:30.538+0000] {dag.py:3096} INFO - Sync 2 DAGs
[2024-07-07T22:24:30.543+0000] {logging_mixin.py:188} INFO - [2024-07-07T22:24:30.543+0000] {dag.py:3954} INFO - Setting next_dagrun for example_xcom_args to None, run_after=None
[2024-07-07T22:24:30.545+0000] {logging_mixin.py:188} INFO - [2024-07-07T22:24:30.545+0000] {dag.py:3954} INFO - Setting next_dagrun for example_xcom_args_with_operators to None, run_after=None
[2024-07-07T22:24:30.550+0000] {processor.py:183} INFO - Processing /home/airflow/.local/lib/python3.12/site-packages/airflow/example_dags/example_xcomargs.py took 0.027 seconds
[2024-07-07T22:25:01.042+0000] {processor.py:161} INFO - Started process (PID=1240) to work on /home/airflow/.local/lib/python3.12/site-packages/airflow/example_dags/example_xcomargs.py
[2024-07-07T22:25:01.042+0000] {processor.py:830} INFO - Processing file /home/airflow/.local/lib/python3.12/site-packages/airflow/example_dags/example_xcomargs.py for tasks to queue
[2024-07-07T22:25:01.043+0000] {logging_mixin.py:188} INFO - [2024-07-07T22:25:01.043+0000] {dagbag.py:545} INFO - Filling up the DagBag from /home/airflow/.local/lib/python3.12/site-packages/airflow/example_dags/example_xcomargs.py
[2024-07-07T22:25:01.047+0000] {processor.py:840} INFO - DAG(s) 'example_xcom_args_with_operators', 'example_xcom_args' retrieved from /home/airflow/.local/lib/python3.12/site-packages/airflow/example_dags/example_xcomargs.py
[2024-07-07T22:25:01.057+0000] {logging_mixin.py:188} INFO - [2024-07-07T22:25:01.057+0000] {dag.py:3096} INFO - Sync 2 DAGs
[2024-07-07T22:25:01.066+0000] {logging_mixin.py:188} INFO - [2024-07-07T22:25:01.065+0000] {dag.py:3954} INFO - Setting next_dagrun for example_xcom_args to None, run_after=None
[2024-07-07T22:25:01.067+0000] {logging_mixin.py:188} INFO - [2024-07-07T22:25:01.067+0000] {dag.py:3954} INFO - Setting next_dagrun for example_xcom_args_with_operators to None, run_after=None
[2024-07-07T22:25:01.074+0000] {processor.py:183} INFO - Processing /home/airflow/.local/lib/python3.12/site-packages/airflow/example_dags/example_xcomargs.py took 0.034 seconds
[2024-07-07T22:25:31.548+0000] {processor.py:161} INFO - Started process (PID=1292) to work on /home/airflow/.local/lib/python3.12/site-packages/airflow/example_dags/example_xcomargs.py
[2024-07-07T22:25:31.548+0000] {processor.py:830} INFO - Processing file /home/airflow/.local/lib/python3.12/site-packages/airflow/example_dags/example_xcomargs.py for tasks to queue
[2024-07-07T22:25:31.549+0000] {logging_mixin.py:188} INFO - [2024-07-07T22:25:31.549+0000] {dagbag.py:545} INFO - Filling up the DagBag from /home/airflow/.local/lib/python3.12/site-packages/airflow/example_dags/example_xcomargs.py
[2024-07-07T22:25:31.552+0000] {processor.py:840} INFO - DAG(s) 'example_xcom_args_with_operators', 'example_xcom_args' retrieved from /home/airflow/.local/lib/python3.12/site-packages/airflow/example_dags/example_xcomargs.py
[2024-07-07T22:25:31.559+0000] {logging_mixin.py:188} INFO - [2024-07-07T22:25:31.559+0000] {dag.py:3096} INFO - Sync 2 DAGs
[2024-07-07T22:25:31.564+0000] {logging_mixin.py:188} INFO - [2024-07-07T22:25:31.563+0000] {dag.py:3954} INFO - Setting next_dagrun for example_xcom_args to None, run_after=None
[2024-07-07T22:25:31.565+0000] {logging_mixin.py:188} INFO - [2024-07-07T22:25:31.565+0000] {dag.py:3954} INFO - Setting next_dagrun for example_xcom_args_with_operators to None, run_after=None
[2024-07-07T22:25:31.569+0000] {processor.py:183} INFO - Processing /home/airflow/.local/lib/python3.12/site-packages/airflow/example_dags/example_xcomargs.py took 0.024 seconds
[2024-07-07T22:26:02.013+0000] {processor.py:161} INFO - Started process (PID=1344) to work on /home/airflow/.local/lib/python3.12/site-packages/airflow/example_dags/example_xcomargs.py
[2024-07-07T22:26:02.014+0000] {processor.py:830} INFO - Processing file /home/airflow/.local/lib/python3.12/site-packages/airflow/example_dags/example_xcomargs.py for tasks to queue
[2024-07-07T22:26:02.015+0000] {logging_mixin.py:188} INFO - [2024-07-07T22:26:02.014+0000] {dagbag.py:545} INFO - Filling up the DagBag from /home/airflow/.local/lib/python3.12/site-packages/airflow/example_dags/example_xcomargs.py
[2024-07-07T22:26:02.019+0000] {processor.py:840} INFO - DAG(s) 'example_xcom_args_with_operators', 'example_xcom_args' retrieved from /home/airflow/.local/lib/python3.12/site-packages/airflow/example_dags/example_xcomargs.py
[2024-07-07T22:26:02.029+0000] {logging_mixin.py:188} INFO - [2024-07-07T22:26:02.029+0000] {dag.py:3096} INFO - Sync 2 DAGs
[2024-07-07T22:26:02.035+0000] {logging_mixin.py:188} INFO - [2024-07-07T22:26:02.035+0000] {dag.py:3954} INFO - Setting next_dagrun for example_xcom_args to None, run_after=None
[2024-07-07T22:26:02.037+0000] {logging_mixin.py:188} INFO - [2024-07-07T22:26:02.037+0000] {dag.py:3954} INFO - Setting next_dagrun for example_xcom_args_with_operators to None, run_after=None
[2024-07-07T22:26:02.044+0000] {processor.py:183} INFO - Processing /home/airflow/.local/lib/python3.12/site-packages/airflow/example_dags/example_xcomargs.py took 0.033 seconds
[2024-07-07T22:26:32.398+0000] {processor.py:161} INFO - Started process (PID=1396) to work on /home/airflow/.local/lib/python3.12/site-packages/airflow/example_dags/example_xcomargs.py
[2024-07-07T22:26:32.399+0000] {processor.py:830} INFO - Processing file /home/airflow/.local/lib/python3.12/site-packages/airflow/example_dags/example_xcomargs.py for tasks to queue
[2024-07-07T22:26:32.399+0000] {logging_mixin.py:188} INFO - [2024-07-07T22:26:32.399+0000] {dagbag.py:545} INFO - Filling up the DagBag from /home/airflow/.local/lib/python3.12/site-packages/airflow/example_dags/example_xcomargs.py
[2024-07-07T22:26:32.403+0000] {processor.py:840} INFO - DAG(s) 'example_xcom_args', 'example_xcom_args_with_operators' retrieved from /home/airflow/.local/lib/python3.12/site-packages/airflow/example_dags/example_xcomargs.py
[2024-07-07T22:26:32.411+0000] {logging_mixin.py:188} INFO - [2024-07-07T22:26:32.411+0000] {dag.py:3096} INFO - Sync 2 DAGs
[2024-07-07T22:26:32.416+0000] {logging_mixin.py:188} INFO - [2024-07-07T22:26:32.416+0000] {dag.py:3954} INFO - Setting next_dagrun for example_xcom_args to None, run_after=None
[2024-07-07T22:26:32.417+0000] {logging_mixin.py:188} INFO - [2024-07-07T22:26:32.417+0000] {dag.py:3954} INFO - Setting next_dagrun for example_xcom_args_with_operators to None, run_after=None
[2024-07-07T22:26:32.423+0000] {processor.py:183} INFO - Processing /home/airflow/.local/lib/python3.12/site-packages/airflow/example_dags/example_xcomargs.py took 0.027 seconds
[2024-07-07T22:27:02.696+0000] {processor.py:161} INFO - Started process (PID=1448) to work on /home/airflow/.local/lib/python3.12/site-packages/airflow/example_dags/example_xcomargs.py
[2024-07-07T22:27:02.696+0000] {processor.py:830} INFO - Processing file /home/airflow/.local/lib/python3.12/site-packages/airflow/example_dags/example_xcomargs.py for tasks to queue
[2024-07-07T22:27:02.697+0000] {logging_mixin.py:188} INFO - [2024-07-07T22:27:02.697+0000] {dagbag.py:545} INFO - Filling up the DagBag from /home/airflow/.local/lib/python3.12/site-packages/airflow/example_dags/example_xcomargs.py
[2024-07-07T22:27:02.700+0000] {processor.py:840} INFO - DAG(s) 'example_xcom_args', 'example_xcom_args_with_operators' retrieved from /home/airflow/.local/lib/python3.12/site-packages/airflow/example_dags/example_xcomargs.py
[2024-07-07T22:27:02.708+0000] {logging_mixin.py:188} INFO - [2024-07-07T22:27:02.708+0000] {dag.py:3096} INFO - Sync 2 DAGs
[2024-07-07T22:27:02.713+0000] {logging_mixin.py:188} INFO - [2024-07-07T22:27:02.713+0000] {dag.py:3954} INFO - Setting next_dagrun for example_xcom_args to None, run_after=None
[2024-07-07T22:27:02.714+0000] {logging_mixin.py:188} INFO - [2024-07-07T22:27:02.714+0000] {dag.py:3954} INFO - Setting next_dagrun for example_xcom_args_with_operators to None, run_after=None
[2024-07-07T22:27:02.719+0000] {processor.py:183} INFO - Processing /home/airflow/.local/lib/python3.12/site-packages/airflow/example_dags/example_xcomargs.py took 0.026 seconds
[2024-07-07T22:27:32.937+0000] {processor.py:161} INFO - Started process (PID=1500) to work on /home/airflow/.local/lib/python3.12/site-packages/airflow/example_dags/example_xcomargs.py
[2024-07-07T22:27:32.937+0000] {processor.py:830} INFO - Processing file /home/airflow/.local/lib/python3.12/site-packages/airflow/example_dags/example_xcomargs.py for tasks to queue
[2024-07-07T22:27:32.938+0000] {logging_mixin.py:188} INFO - [2024-07-07T22:27:32.937+0000] {dagbag.py:545} INFO - Filling up the DagBag from /home/airflow/.local/lib/python3.12/site-packages/airflow/example_dags/example_xcomargs.py
[2024-07-07T22:27:32.941+0000] {processor.py:840} INFO - DAG(s) 'example_xcom_args', 'example_xcom_args_with_operators' retrieved from /home/airflow/.local/lib/python3.12/site-packages/airflow/example_dags/example_xcomargs.py
[2024-07-07T22:27:32.950+0000] {logging_mixin.py:188} INFO - [2024-07-07T22:27:32.950+0000] {dag.py:3096} INFO - Sync 2 DAGs
[2024-07-07T22:27:32.955+0000] {logging_mixin.py:188} INFO - [2024-07-07T22:27:32.955+0000] {dag.py:3954} INFO - Setting next_dagrun for example_xcom_args to None, run_after=None
[2024-07-07T22:27:32.956+0000] {logging_mixin.py:188} INFO - [2024-07-07T22:27:32.956+0000] {dag.py:3954} INFO - Setting next_dagrun for example_xcom_args_with_operators to None, run_after=None
[2024-07-07T22:27:32.961+0000] {processor.py:183} INFO - Processing /home/airflow/.local/lib/python3.12/site-packages/airflow/example_dags/example_xcomargs.py took 0.027 seconds
[2024-07-07T22:28:03.219+0000] {processor.py:161} INFO - Started process (PID=1552) to work on /home/airflow/.local/lib/python3.12/site-packages/airflow/example_dags/example_xcomargs.py
[2024-07-07T22:28:03.220+0000] {processor.py:830} INFO - Processing file /home/airflow/.local/lib/python3.12/site-packages/airflow/example_dags/example_xcomargs.py for tasks to queue
[2024-07-07T22:28:03.221+0000] {logging_mixin.py:188} INFO - [2024-07-07T22:28:03.221+0000] {dagbag.py:545} INFO - Filling up the DagBag from /home/airflow/.local/lib/python3.12/site-packages/airflow/example_dags/example_xcomargs.py
[2024-07-07T22:28:03.224+0000] {processor.py:840} INFO - DAG(s) 'example_xcom_args_with_operators', 'example_xcom_args' retrieved from /home/airflow/.local/lib/python3.12/site-packages/airflow/example_dags/example_xcomargs.py
[2024-07-07T22:28:03.232+0000] {logging_mixin.py:188} INFO - [2024-07-07T22:28:03.232+0000] {dag.py:3096} INFO - Sync 2 DAGs
[2024-07-07T22:28:03.237+0000] {logging_mixin.py:188} INFO - [2024-07-07T22:28:03.237+0000] {dag.py:3954} INFO - Setting next_dagrun for example_xcom_args to None, run_after=None
[2024-07-07T22:28:03.238+0000] {logging_mixin.py:188} INFO - [2024-07-07T22:28:03.238+0000] {dag.py:3954} INFO - Setting next_dagrun for example_xcom_args_with_operators to None, run_after=None
[2024-07-07T22:28:03.243+0000] {processor.py:183} INFO - Processing /home/airflow/.local/lib/python3.12/site-packages/airflow/example_dags/example_xcomargs.py took 0.026 seconds
[2024-07-07T22:28:33.475+0000] {processor.py:161} INFO - Started process (PID=1604) to work on /home/airflow/.local/lib/python3.12/site-packages/airflow/example_dags/example_xcomargs.py
[2024-07-07T22:28:33.476+0000] {processor.py:830} INFO - Processing file /home/airflow/.local/lib/python3.12/site-packages/airflow/example_dags/example_xcomargs.py for tasks to queue
[2024-07-07T22:28:33.476+0000] {logging_mixin.py:188} INFO - [2024-07-07T22:28:33.476+0000] {dagbag.py:545} INFO - Filling up the DagBag from /home/airflow/.local/lib/python3.12/site-packages/airflow/example_dags/example_xcomargs.py
[2024-07-07T22:28:33.479+0000] {processor.py:840} INFO - DAG(s) 'example_xcom_args_with_operators', 'example_xcom_args' retrieved from /home/airflow/.local/lib/python3.12/site-packages/airflow/example_dags/example_xcomargs.py
[2024-07-07T22:28:33.488+0000] {logging_mixin.py:188} INFO - [2024-07-07T22:28:33.488+0000] {dag.py:3096} INFO - Sync 2 DAGs
[2024-07-07T22:28:33.493+0000] {logging_mixin.py:188} INFO - [2024-07-07T22:28:33.492+0000] {dag.py:3954} INFO - Setting next_dagrun for example_xcom_args to None, run_after=None
[2024-07-07T22:28:33.494+0000] {logging_mixin.py:188} INFO - [2024-07-07T22:28:33.494+0000] {dag.py:3954} INFO - Setting next_dagrun for example_xcom_args_with_operators to None, run_after=None
[2024-07-07T22:28:33.499+0000] {processor.py:183} INFO - Processing /home/airflow/.local/lib/python3.12/site-packages/airflow/example_dags/example_xcomargs.py took 0.026 seconds
[2024-07-07T22:29:03.771+0000] {processor.py:161} INFO - Started process (PID=1656) to work on /home/airflow/.local/lib/python3.12/site-packages/airflow/example_dags/example_xcomargs.py
[2024-07-07T22:29:03.771+0000] {processor.py:830} INFO - Processing file /home/airflow/.local/lib/python3.12/site-packages/airflow/example_dags/example_xcomargs.py for tasks to queue
[2024-07-07T22:29:03.772+0000] {logging_mixin.py:188} INFO - [2024-07-07T22:29:03.771+0000] {dagbag.py:545} INFO - Filling up the DagBag from /home/airflow/.local/lib/python3.12/site-packages/airflow/example_dags/example_xcomargs.py
[2024-07-07T22:29:03.775+0000] {processor.py:840} INFO - DAG(s) 'example_xcom_args_with_operators', 'example_xcom_args' retrieved from /home/airflow/.local/lib/python3.12/site-packages/airflow/example_dags/example_xcomargs.py
[2024-07-07T22:29:03.784+0000] {logging_mixin.py:188} INFO - [2024-07-07T22:29:03.784+0000] {dag.py:3096} INFO - Sync 2 DAGs
[2024-07-07T22:29:03.789+0000] {logging_mixin.py:188} INFO - [2024-07-07T22:29:03.789+0000] {dag.py:3954} INFO - Setting next_dagrun for example_xcom_args to None, run_after=None
[2024-07-07T22:29:03.790+0000] {logging_mixin.py:188} INFO - [2024-07-07T22:29:03.790+0000] {dag.py:3954} INFO - Setting next_dagrun for example_xcom_args_with_operators to None, run_after=None
[2024-07-07T22:29:03.796+0000] {processor.py:183} INFO - Processing /home/airflow/.local/lib/python3.12/site-packages/airflow/example_dags/example_xcomargs.py took 0.028 seconds
[2024-07-07T22:29:34.292+0000] {processor.py:161} INFO - Started process (PID=1708) to work on /home/airflow/.local/lib/python3.12/site-packages/airflow/example_dags/example_xcomargs.py
[2024-07-07T22:29:34.292+0000] {processor.py:830} INFO - Processing file /home/airflow/.local/lib/python3.12/site-packages/airflow/example_dags/example_xcomargs.py for tasks to queue
[2024-07-07T22:29:34.293+0000] {logging_mixin.py:188} INFO - [2024-07-07T22:29:34.293+0000] {dagbag.py:545} INFO - Filling up the DagBag from /home/airflow/.local/lib/python3.12/site-packages/airflow/example_dags/example_xcomargs.py
[2024-07-07T22:29:34.297+0000] {processor.py:840} INFO - DAG(s) 'example_xcom_args_with_operators', 'example_xcom_args' retrieved from /home/airflow/.local/lib/python3.12/site-packages/airflow/example_dags/example_xcomargs.py
[2024-07-07T22:29:34.306+0000] {logging_mixin.py:188} INFO - [2024-07-07T22:29:34.306+0000] {dag.py:3096} INFO - Sync 2 DAGs
[2024-07-07T22:29:34.310+0000] {logging_mixin.py:188} INFO - [2024-07-07T22:29:34.310+0000] {dag.py:3954} INFO - Setting next_dagrun for example_xcom_args to None, run_after=None
[2024-07-07T22:29:34.312+0000] {logging_mixin.py:188} INFO - [2024-07-07T22:29:34.312+0000] {dag.py:3954} INFO - Setting next_dagrun for example_xcom_args_with_operators to None, run_after=None
[2024-07-07T22:29:34.317+0000] {processor.py:183} INFO - Processing /home/airflow/.local/lib/python3.12/site-packages/airflow/example_dags/example_xcomargs.py took 0.027 seconds
[2024-07-07T22:30:04.711+0000] {processor.py:161} INFO - Started process (PID=1760) to work on /home/airflow/.local/lib/python3.12/site-packages/airflow/example_dags/example_xcomargs.py
[2024-07-07T22:30:04.711+0000] {processor.py:830} INFO - Processing file /home/airflow/.local/lib/python3.12/site-packages/airflow/example_dags/example_xcomargs.py for tasks to queue
[2024-07-07T22:30:04.712+0000] {logging_mixin.py:188} INFO - [2024-07-07T22:30:04.712+0000] {dagbag.py:545} INFO - Filling up the DagBag from /home/airflow/.local/lib/python3.12/site-packages/airflow/example_dags/example_xcomargs.py
[2024-07-07T22:30:04.715+0000] {processor.py:840} INFO - DAG(s) 'example_xcom_args_with_operators', 'example_xcom_args' retrieved from /home/airflow/.local/lib/python3.12/site-packages/airflow/example_dags/example_xcomargs.py
[2024-07-07T22:30:04.724+0000] {logging_mixin.py:188} INFO - [2024-07-07T22:30:04.724+0000] {dag.py:3096} INFO - Sync 2 DAGs
[2024-07-07T22:30:04.729+0000] {logging_mixin.py:188} INFO - [2024-07-07T22:30:04.729+0000] {dag.py:3954} INFO - Setting next_dagrun for example_xcom_args to None, run_after=None
[2024-07-07T22:30:04.730+0000] {logging_mixin.py:188} INFO - [2024-07-07T22:30:04.730+0000] {dag.py:3954} INFO - Setting next_dagrun for example_xcom_args_with_operators to None, run_after=None
[2024-07-07T22:30:04.808+0000] {processor.py:183} INFO - Processing /home/airflow/.local/lib/python3.12/site-packages/airflow/example_dags/example_xcomargs.py took 0.100 seconds
[2024-07-07T22:30:35.112+0000] {processor.py:161} INFO - Started process (PID=1812) to work on /home/airflow/.local/lib/python3.12/site-packages/airflow/example_dags/example_xcomargs.py
[2024-07-07T22:30:35.112+0000] {processor.py:830} INFO - Processing file /home/airflow/.local/lib/python3.12/site-packages/airflow/example_dags/example_xcomargs.py for tasks to queue
[2024-07-07T22:30:35.113+0000] {logging_mixin.py:188} INFO - [2024-07-07T22:30:35.113+0000] {dagbag.py:545} INFO - Filling up the DagBag from /home/airflow/.local/lib/python3.12/site-packages/airflow/example_dags/example_xcomargs.py
[2024-07-07T22:30:35.116+0000] {processor.py:840} INFO - DAG(s) 'example_xcom_args', 'example_xcom_args_with_operators' retrieved from /home/airflow/.local/lib/python3.12/site-packages/airflow/example_dags/example_xcomargs.py
[2024-07-07T22:30:35.125+0000] {logging_mixin.py:188} INFO - [2024-07-07T22:30:35.125+0000] {dag.py:3096} INFO - Sync 2 DAGs
[2024-07-07T22:30:35.130+0000] {logging_mixin.py:188} INFO - [2024-07-07T22:30:35.130+0000] {dag.py:3954} INFO - Setting next_dagrun for example_xcom_args to None, run_after=None
[2024-07-07T22:30:35.131+0000] {logging_mixin.py:188} INFO - [2024-07-07T22:30:35.131+0000] {dag.py:3954} INFO - Setting next_dagrun for example_xcom_args_with_operators to None, run_after=None
[2024-07-07T22:30:35.137+0000] {processor.py:183} INFO - Processing /home/airflow/.local/lib/python3.12/site-packages/airflow/example_dags/example_xcomargs.py took 0.027 seconds
[2024-07-07T22:31:06.218+0000] {processor.py:161} INFO - Started process (PID=1864) to work on /home/airflow/.local/lib/python3.12/site-packages/airflow/example_dags/example_xcomargs.py
[2024-07-07T22:31:06.218+0000] {processor.py:830} INFO - Processing file /home/airflow/.local/lib/python3.12/site-packages/airflow/example_dags/example_xcomargs.py for tasks to queue
[2024-07-07T22:31:06.219+0000] {logging_mixin.py:188} INFO - [2024-07-07T22:31:06.219+0000] {dagbag.py:545} INFO - Filling up the DagBag from /home/airflow/.local/lib/python3.12/site-packages/airflow/example_dags/example_xcomargs.py
[2024-07-07T22:31:06.224+0000] {processor.py:840} INFO - DAG(s) 'example_xcom_args_with_operators', 'example_xcom_args' retrieved from /home/airflow/.local/lib/python3.12/site-packages/airflow/example_dags/example_xcomargs.py
[2024-07-07T22:31:06.234+0000] {logging_mixin.py:188} INFO - [2024-07-07T22:31:06.233+0000] {dag.py:3096} INFO - Sync 2 DAGs
[2024-07-07T22:31:06.238+0000] {logging_mixin.py:188} INFO - [2024-07-07T22:31:06.238+0000] {dag.py:3954} INFO - Setting next_dagrun for example_xcom_args to None, run_after=None
[2024-07-07T22:31:06.240+0000] {logging_mixin.py:188} INFO - [2024-07-07T22:31:06.240+0000] {dag.py:3954} INFO - Setting next_dagrun for example_xcom_args_with_operators to None, run_after=None
[2024-07-07T22:31:06.250+0000] {processor.py:183} INFO - Processing /home/airflow/.local/lib/python3.12/site-packages/airflow/example_dags/example_xcomargs.py took 0.035 seconds
[2024-07-07T22:31:37.221+0000] {processor.py:161} INFO - Started process (PID=1916) to work on /home/airflow/.local/lib/python3.12/site-packages/airflow/example_dags/example_xcomargs.py
[2024-07-07T22:31:37.222+0000] {processor.py:830} INFO - Processing file /home/airflow/.local/lib/python3.12/site-packages/airflow/example_dags/example_xcomargs.py for tasks to queue
[2024-07-07T22:31:37.223+0000] {logging_mixin.py:188} INFO - [2024-07-07T22:31:37.222+0000] {dagbag.py:545} INFO - Filling up the DagBag from /home/airflow/.local/lib/python3.12/site-packages/airflow/example_dags/example_xcomargs.py
[2024-07-07T22:31:37.226+0000] {processor.py:840} INFO - DAG(s) 'example_xcom_args_with_operators', 'example_xcom_args' retrieved from /home/airflow/.local/lib/python3.12/site-packages/airflow/example_dags/example_xcomargs.py
[2024-07-07T22:31:37.235+0000] {logging_mixin.py:188} INFO - [2024-07-07T22:31:37.235+0000] {dag.py:3096} INFO - Sync 2 DAGs
[2024-07-07T22:31:37.241+0000] {logging_mixin.py:188} INFO - [2024-07-07T22:31:37.240+0000] {dag.py:3954} INFO - Setting next_dagrun for example_xcom_args to None, run_after=None
[2024-07-07T22:31:37.242+0000] {logging_mixin.py:188} INFO - [2024-07-07T22:31:37.242+0000] {dag.py:3954} INFO - Setting next_dagrun for example_xcom_args_with_operators to None, run_after=None
[2024-07-07T22:31:37.248+0000] {processor.py:183} INFO - Processing /home/airflow/.local/lib/python3.12/site-packages/airflow/example_dags/example_xcomargs.py took 0.029 seconds
[2024-07-07T22:32:08.408+0000] {processor.py:161} INFO - Started process (PID=1968) to work on /home/airflow/.local/lib/python3.12/site-packages/airflow/example_dags/example_xcomargs.py
[2024-07-07T22:32:08.409+0000] {processor.py:830} INFO - Processing file /home/airflow/.local/lib/python3.12/site-packages/airflow/example_dags/example_xcomargs.py for tasks to queue
[2024-07-07T22:32:08.409+0000] {logging_mixin.py:188} INFO - [2024-07-07T22:32:08.409+0000] {dagbag.py:545} INFO - Filling up the DagBag from /home/airflow/.local/lib/python3.12/site-packages/airflow/example_dags/example_xcomargs.py
[2024-07-07T22:32:08.413+0000] {processor.py:840} INFO - DAG(s) 'example_xcom_args_with_operators', 'example_xcom_args' retrieved from /home/airflow/.local/lib/python3.12/site-packages/airflow/example_dags/example_xcomargs.py
[2024-07-07T22:32:08.504+0000] {logging_mixin.py:188} INFO - [2024-07-07T22:32:08.504+0000] {dag.py:3096} INFO - Sync 2 DAGs
[2024-07-07T22:32:08.509+0000] {logging_mixin.py:188} INFO - [2024-07-07T22:32:08.509+0000] {dag.py:3954} INFO - Setting next_dagrun for example_xcom_args to None, run_after=None
[2024-07-07T22:32:08.511+0000] {logging_mixin.py:188} INFO - [2024-07-07T22:32:08.511+0000] {dag.py:3954} INFO - Setting next_dagrun for example_xcom_args_with_operators to None, run_after=None
[2024-07-07T22:32:08.517+0000] {processor.py:183} INFO - Processing /home/airflow/.local/lib/python3.12/site-packages/airflow/example_dags/example_xcomargs.py took 0.111 seconds
[2024-07-07T22:32:39.313+0000] {processor.py:161} INFO - Started process (PID=2020) to work on /home/airflow/.local/lib/python3.12/site-packages/airflow/example_dags/example_xcomargs.py
[2024-07-07T22:32:39.314+0000] {processor.py:830} INFO - Processing file /home/airflow/.local/lib/python3.12/site-packages/airflow/example_dags/example_xcomargs.py for tasks to queue
[2024-07-07T22:32:39.316+0000] {logging_mixin.py:188} INFO - [2024-07-07T22:32:39.316+0000] {dagbag.py:545} INFO - Filling up the DagBag from /home/airflow/.local/lib/python3.12/site-packages/airflow/example_dags/example_xcomargs.py
[2024-07-07T22:32:39.320+0000] {processor.py:840} INFO - DAG(s) 'example_xcom_args', 'example_xcom_args_with_operators' retrieved from /home/airflow/.local/lib/python3.12/site-packages/airflow/example_dags/example_xcomargs.py
[2024-07-07T22:32:39.329+0000] {logging_mixin.py:188} INFO - [2024-07-07T22:32:39.329+0000] {dag.py:3096} INFO - Sync 2 DAGs
[2024-07-07T22:32:39.334+0000] {logging_mixin.py:188} INFO - [2024-07-07T22:32:39.334+0000] {dag.py:3954} INFO - Setting next_dagrun for example_xcom_args to None, run_after=None
[2024-07-07T22:32:39.335+0000] {logging_mixin.py:188} INFO - [2024-07-07T22:32:39.335+0000] {dag.py:3954} INFO - Setting next_dagrun for example_xcom_args_with_operators to None, run_after=None
[2024-07-07T22:32:39.340+0000] {processor.py:183} INFO - Processing /home/airflow/.local/lib/python3.12/site-packages/airflow/example_dags/example_xcomargs.py took 0.029 seconds
[2024-07-07T22:33:09.766+0000] {processor.py:161} INFO - Started process (PID=2072) to work on /home/airflow/.local/lib/python3.12/site-packages/airflow/example_dags/example_xcomargs.py
[2024-07-07T22:33:09.767+0000] {processor.py:830} INFO - Processing file /home/airflow/.local/lib/python3.12/site-packages/airflow/example_dags/example_xcomargs.py for tasks to queue
[2024-07-07T22:33:09.770+0000] {logging_mixin.py:188} INFO - [2024-07-07T22:33:09.770+0000] {dagbag.py:545} INFO - Filling up the DagBag from /home/airflow/.local/lib/python3.12/site-packages/airflow/example_dags/example_xcomargs.py
[2024-07-07T22:33:09.777+0000] {processor.py:840} INFO - DAG(s) 'example_xcom_args_with_operators', 'example_xcom_args' retrieved from /home/airflow/.local/lib/python3.12/site-packages/airflow/example_dags/example_xcomargs.py
[2024-07-07T22:33:09.793+0000] {logging_mixin.py:188} INFO - [2024-07-07T22:33:09.793+0000] {dag.py:3096} INFO - Sync 2 DAGs
[2024-07-07T22:33:09.800+0000] {logging_mixin.py:188} INFO - [2024-07-07T22:33:09.800+0000] {dag.py:3954} INFO - Setting next_dagrun for example_xcom_args to None, run_after=None
[2024-07-07T22:33:09.801+0000] {logging_mixin.py:188} INFO - [2024-07-07T22:33:09.801+0000] {dag.py:3954} INFO - Setting next_dagrun for example_xcom_args_with_operators to None, run_after=None
[2024-07-07T22:33:09.809+0000] {processor.py:183} INFO - Processing /home/airflow/.local/lib/python3.12/site-packages/airflow/example_dags/example_xcomargs.py took 0.047 seconds
[2024-07-07T22:33:40.217+0000] {processor.py:161} INFO - Started process (PID=2124) to work on /home/airflow/.local/lib/python3.12/site-packages/airflow/example_dags/example_xcomargs.py
[2024-07-07T22:33:40.218+0000] {processor.py:830} INFO - Processing file /home/airflow/.local/lib/python3.12/site-packages/airflow/example_dags/example_xcomargs.py for tasks to queue
[2024-07-07T22:33:40.219+0000] {logging_mixin.py:188} INFO - [2024-07-07T22:33:40.218+0000] {dagbag.py:545} INFO - Filling up the DagBag from /home/airflow/.local/lib/python3.12/site-packages/airflow/example_dags/example_xcomargs.py
[2024-07-07T22:33:40.223+0000] {processor.py:840} INFO - DAG(s) 'example_xcom_args', 'example_xcom_args_with_operators' retrieved from /home/airflow/.local/lib/python3.12/site-packages/airflow/example_dags/example_xcomargs.py
[2024-07-07T22:33:40.234+0000] {logging_mixin.py:188} INFO - [2024-07-07T22:33:40.234+0000] {dag.py:3096} INFO - Sync 2 DAGs
[2024-07-07T22:33:40.240+0000] {logging_mixin.py:188} INFO - [2024-07-07T22:33:40.240+0000] {dag.py:3954} INFO - Setting next_dagrun for example_xcom_args to None, run_after=None
[2024-07-07T22:33:40.242+0000] {logging_mixin.py:188} INFO - [2024-07-07T22:33:40.242+0000] {dag.py:3954} INFO - Setting next_dagrun for example_xcom_args_with_operators to None, run_after=None
[2024-07-07T22:33:40.250+0000] {processor.py:183} INFO - Processing /home/airflow/.local/lib/python3.12/site-packages/airflow/example_dags/example_xcomargs.py took 0.036 seconds
