[2024-07-07T22:13:08.806+0000] {processor.py:161} INFO - Started process (PID=55) to work on /home/airflow/.local/lib/python3.12/site-packages/airflow/example_dags/example_branch_python_dop_operator_3.py
[2024-07-07T22:13:08.806+0000] {processor.py:830} INFO - Processing file /home/airflow/.local/lib/python3.12/site-packages/airflow/example_dags/example_branch_python_dop_operator_3.py for tasks to queue
[2024-07-07T22:13:08.807+0000] {logging_mixin.py:188} INFO - [2024-07-07T22:13:08.807+0000] {dagbag.py:545} INFO - Filling up the DagBag from /home/airflow/.local/lib/python3.12/site-packages/airflow/example_dags/example_branch_python_dop_operator_3.py
[2024-07-07T22:13:08.812+0000] {processor.py:840} INFO - DAG(s) 'example_branch_dop_operator_v3' retrieved from /home/airflow/.local/lib/python3.12/site-packages/airflow/example_dags/example_branch_python_dop_operator_3.py
[2024-07-07T22:13:08.853+0000] {logging_mixin.py:188} INFO - [2024-07-07T22:13:08.852+0000] {override.py:1829} INFO - Created Permission View: can edit on DAG:example_branch_dop_operator_v3
[2024-07-07T22:13:08.856+0000] {logging_mixin.py:188} INFO - [2024-07-07T22:13:08.856+0000] {override.py:1829} INFO - Created Permission View: can read on DAG:example_branch_dop_operator_v3
[2024-07-07T22:13:08.858+0000] {logging_mixin.py:188} INFO - [2024-07-07T22:13:08.858+0000] {override.py:1829} INFO - Created Permission View: can delete on DAG:example_branch_dop_operator_v3
[2024-07-07T22:13:08.858+0000] {logging_mixin.py:188} INFO - [2024-07-07T22:13:08.858+0000] {dag.py:3096} INFO - Sync 1 DAGs
[2024-07-07T22:13:08.863+0000] {logging_mixin.py:188} INFO - [2024-07-07T22:13:08.863+0000] {dag.py:3118} INFO - Creating ORM DAG for example_branch_dop_operator_v3
[2024-07-07T22:13:08.870+0000] {logging_mixin.py:188} INFO - [2024-07-07T22:13:08.869+0000] {dag.py:3954} INFO - Setting next_dagrun for example_branch_dop_operator_v3 to 2024-07-07 22:12:00+00:00, run_after=2024-07-07 22:13:00+00:00
[2024-07-07T22:13:08.877+0000] {processor.py:183} INFO - Processing /home/airflow/.local/lib/python3.12/site-packages/airflow/example_dags/example_branch_python_dop_operator_3.py took 0.074 seconds
[2024-07-07T22:13:53.438+0000] {processor.py:161} INFO - Started process (PID=55) to work on /home/airflow/.local/lib/python3.12/site-packages/airflow/example_dags/example_branch_python_dop_operator_3.py
[2024-07-07T22:13:53.439+0000] {processor.py:830} INFO - Processing file /home/airflow/.local/lib/python3.12/site-packages/airflow/example_dags/example_branch_python_dop_operator_3.py for tasks to queue
[2024-07-07T22:13:53.441+0000] {logging_mixin.py:188} INFO - [2024-07-07T22:13:53.440+0000] {dagbag.py:545} INFO - Filling up the DagBag from /home/airflow/.local/lib/python3.12/site-packages/airflow/example_dags/example_branch_python_dop_operator_3.py
[2024-07-07T22:13:53.449+0000] {processor.py:840} INFO - DAG(s) 'example_branch_dop_operator_v3' retrieved from /home/airflow/.local/lib/python3.12/site-packages/airflow/example_dags/example_branch_python_dop_operator_3.py
[2024-07-07T22:13:53.457+0000] {logging_mixin.py:188} INFO - [2024-07-07T22:13:53.457+0000] {dag.py:3096} INFO - Sync 1 DAGs
[2024-07-07T22:13:53.478+0000] {logging_mixin.py:188} INFO - [2024-07-07T22:13:53.478+0000] {dag.py:3954} INFO - Setting next_dagrun for example_branch_dop_operator_v3 to 2024-07-07 22:12:00+00:00, run_after=2024-07-07 22:13:00+00:00
[2024-07-07T22:13:53.492+0000] {processor.py:183} INFO - Processing /home/airflow/.local/lib/python3.12/site-packages/airflow/example_dags/example_branch_python_dop_operator_3.py took 0.057 seconds
[2024-07-07T22:14:23.517+0000] {processor.py:161} INFO - Started process (PID=106) to work on /home/airflow/.local/lib/python3.12/site-packages/airflow/example_dags/example_branch_python_dop_operator_3.py
[2024-07-07T22:14:23.517+0000] {processor.py:830} INFO - Processing file /home/airflow/.local/lib/python3.12/site-packages/airflow/example_dags/example_branch_python_dop_operator_3.py for tasks to queue
[2024-07-07T22:14:23.517+0000] {logging_mixin.py:188} INFO - [2024-07-07T22:14:23.517+0000] {dagbag.py:545} INFO - Filling up the DagBag from /home/airflow/.local/lib/python3.12/site-packages/airflow/example_dags/example_branch_python_dop_operator_3.py
[2024-07-07T22:14:23.520+0000] {processor.py:840} INFO - DAG(s) 'example_branch_dop_operator_v3' retrieved from /home/airflow/.local/lib/python3.12/site-packages/airflow/example_dags/example_branch_python_dop_operator_3.py
[2024-07-07T22:14:23.552+0000] {logging_mixin.py:188} INFO - [2024-07-07T22:14:23.552+0000] {dag.py:3096} INFO - Sync 1 DAGs
[2024-07-07T22:14:23.559+0000] {logging_mixin.py:188} INFO - [2024-07-07T22:14:23.559+0000] {dag.py:3954} INFO - Setting next_dagrun for example_branch_dop_operator_v3 to 2024-07-07 22:13:00+00:00, run_after=2024-07-07 22:14:00+00:00
[2024-07-07T22:14:23.565+0000] {processor.py:183} INFO - Processing /home/airflow/.local/lib/python3.12/site-packages/airflow/example_dags/example_branch_python_dop_operator_3.py took 0.050 seconds
[2024-07-07T22:14:54.511+0000] {processor.py:161} INFO - Started process (PID=159) to work on /home/airflow/.local/lib/python3.12/site-packages/airflow/example_dags/example_branch_python_dop_operator_3.py
[2024-07-07T22:14:54.512+0000] {processor.py:830} INFO - Processing file /home/airflow/.local/lib/python3.12/site-packages/airflow/example_dags/example_branch_python_dop_operator_3.py for tasks to queue
[2024-07-07T22:14:54.512+0000] {logging_mixin.py:188} INFO - [2024-07-07T22:14:54.512+0000] {dagbag.py:545} INFO - Filling up the DagBag from /home/airflow/.local/lib/python3.12/site-packages/airflow/example_dags/example_branch_python_dop_operator_3.py
[2024-07-07T22:14:54.516+0000] {processor.py:840} INFO - DAG(s) 'example_branch_dop_operator_v3' retrieved from /home/airflow/.local/lib/python3.12/site-packages/airflow/example_dags/example_branch_python_dop_operator_3.py
[2024-07-07T22:14:54.524+0000] {logging_mixin.py:188} INFO - [2024-07-07T22:14:54.524+0000] {dag.py:3096} INFO - Sync 1 DAGs
[2024-07-07T22:14:54.533+0000] {logging_mixin.py:188} INFO - [2024-07-07T22:14:54.533+0000] {dag.py:3954} INFO - Setting next_dagrun for example_branch_dop_operator_v3 to 2024-07-07 22:13:00+00:00, run_after=2024-07-07 22:14:00+00:00
[2024-07-07T22:14:54.540+0000] {processor.py:183} INFO - Processing /home/airflow/.local/lib/python3.12/site-packages/airflow/example_dags/example_branch_python_dop_operator_3.py took 0.031 seconds
[2024-07-07T22:15:24.788+0000] {processor.py:161} INFO - Started process (PID=211) to work on /home/airflow/.local/lib/python3.12/site-packages/airflow/example_dags/example_branch_python_dop_operator_3.py
[2024-07-07T22:15:24.788+0000] {processor.py:830} INFO - Processing file /home/airflow/.local/lib/python3.12/site-packages/airflow/example_dags/example_branch_python_dop_operator_3.py for tasks to queue
[2024-07-07T22:15:24.789+0000] {logging_mixin.py:188} INFO - [2024-07-07T22:15:24.789+0000] {dagbag.py:545} INFO - Filling up the DagBag from /home/airflow/.local/lib/python3.12/site-packages/airflow/example_dags/example_branch_python_dop_operator_3.py
[2024-07-07T22:15:24.792+0000] {processor.py:840} INFO - DAG(s) 'example_branch_dop_operator_v3' retrieved from /home/airflow/.local/lib/python3.12/site-packages/airflow/example_dags/example_branch_python_dop_operator_3.py
[2024-07-07T22:15:24.799+0000] {logging_mixin.py:188} INFO - [2024-07-07T22:15:24.799+0000] {dag.py:3096} INFO - Sync 1 DAGs
[2024-07-07T22:15:24.807+0000] {logging_mixin.py:188} INFO - [2024-07-07T22:15:24.807+0000] {dag.py:3954} INFO - Setting next_dagrun for example_branch_dop_operator_v3 to 2024-07-07 22:14:00+00:00, run_after=2024-07-07 22:15:00+00:00
[2024-07-07T22:15:24.813+0000] {processor.py:183} INFO - Processing /home/airflow/.local/lib/python3.12/site-packages/airflow/example_dags/example_branch_python_dop_operator_3.py took 0.028 seconds
[2024-07-07T22:15:55.008+0000] {processor.py:161} INFO - Started process (PID=276) to work on /home/airflow/.local/lib/python3.12/site-packages/airflow/example_dags/example_branch_python_dop_operator_3.py
[2024-07-07T22:15:55.009+0000] {processor.py:830} INFO - Processing file /home/airflow/.local/lib/python3.12/site-packages/airflow/example_dags/example_branch_python_dop_operator_3.py for tasks to queue
[2024-07-07T22:15:55.009+0000] {logging_mixin.py:188} INFO - [2024-07-07T22:15:55.009+0000] {dagbag.py:545} INFO - Filling up the DagBag from /home/airflow/.local/lib/python3.12/site-packages/airflow/example_dags/example_branch_python_dop_operator_3.py
[2024-07-07T22:15:55.012+0000] {processor.py:840} INFO - DAG(s) 'example_branch_dop_operator_v3' retrieved from /home/airflow/.local/lib/python3.12/site-packages/airflow/example_dags/example_branch_python_dop_operator_3.py
[2024-07-07T22:15:55.019+0000] {logging_mixin.py:188} INFO - [2024-07-07T22:15:55.019+0000] {dag.py:3096} INFO - Sync 1 DAGs
[2024-07-07T22:15:55.027+0000] {logging_mixin.py:188} INFO - [2024-07-07T22:15:55.027+0000] {dag.py:3954} INFO - Setting next_dagrun for example_branch_dop_operator_v3 to 2024-07-07 22:14:00+00:00, run_after=2024-07-07 22:15:00+00:00
[2024-07-07T22:15:55.033+0000] {processor.py:183} INFO - Processing /home/airflow/.local/lib/python3.12/site-packages/airflow/example_dags/example_branch_python_dop_operator_3.py took 0.027 seconds
[2024-07-07T22:16:25.238+0000] {processor.py:161} INFO - Started process (PID=335) to work on /home/airflow/.local/lib/python3.12/site-packages/airflow/example_dags/example_branch_python_dop_operator_3.py
[2024-07-07T22:16:25.239+0000] {processor.py:830} INFO - Processing file /home/airflow/.local/lib/python3.12/site-packages/airflow/example_dags/example_branch_python_dop_operator_3.py for tasks to queue
[2024-07-07T22:16:25.239+0000] {logging_mixin.py:188} INFO - [2024-07-07T22:16:25.239+0000] {dagbag.py:545} INFO - Filling up the DagBag from /home/airflow/.local/lib/python3.12/site-packages/airflow/example_dags/example_branch_python_dop_operator_3.py
[2024-07-07T22:16:25.243+0000] {processor.py:840} INFO - DAG(s) 'example_branch_dop_operator_v3' retrieved from /home/airflow/.local/lib/python3.12/site-packages/airflow/example_dags/example_branch_python_dop_operator_3.py
[2024-07-07T22:16:25.251+0000] {logging_mixin.py:188} INFO - [2024-07-07T22:16:25.251+0000] {dag.py:3096} INFO - Sync 1 DAGs
[2024-07-07T22:16:25.260+0000] {logging_mixin.py:188} INFO - [2024-07-07T22:16:25.260+0000] {dag.py:3954} INFO - Setting next_dagrun for example_branch_dop_operator_v3 to 2024-07-07 22:15:00+00:00, run_after=2024-07-07 22:16:00+00:00
[2024-07-07T22:16:25.268+0000] {processor.py:183} INFO - Processing /home/airflow/.local/lib/python3.12/site-packages/airflow/example_dags/example_branch_python_dop_operator_3.py took 0.032 seconds
[2024-07-07T22:16:55.451+0000] {processor.py:161} INFO - Started process (PID=401) to work on /home/airflow/.local/lib/python3.12/site-packages/airflow/example_dags/example_branch_python_dop_operator_3.py
[2024-07-07T22:16:55.451+0000] {processor.py:830} INFO - Processing file /home/airflow/.local/lib/python3.12/site-packages/airflow/example_dags/example_branch_python_dop_operator_3.py for tasks to queue
[2024-07-07T22:16:55.452+0000] {logging_mixin.py:188} INFO - [2024-07-07T22:16:55.452+0000] {dagbag.py:545} INFO - Filling up the DagBag from /home/airflow/.local/lib/python3.12/site-packages/airflow/example_dags/example_branch_python_dop_operator_3.py
[2024-07-07T22:16:55.455+0000] {processor.py:840} INFO - DAG(s) 'example_branch_dop_operator_v3' retrieved from /home/airflow/.local/lib/python3.12/site-packages/airflow/example_dags/example_branch_python_dop_operator_3.py
[2024-07-07T22:16:55.462+0000] {logging_mixin.py:188} INFO - [2024-07-07T22:16:55.462+0000] {dag.py:3096} INFO - Sync 1 DAGs
[2024-07-07T22:16:55.470+0000] {logging_mixin.py:188} INFO - [2024-07-07T22:16:55.470+0000] {dag.py:3954} INFO - Setting next_dagrun for example_branch_dop_operator_v3 to 2024-07-07 22:15:00+00:00, run_after=2024-07-07 22:16:00+00:00
[2024-07-07T22:16:55.476+0000] {processor.py:183} INFO - Processing /home/airflow/.local/lib/python3.12/site-packages/airflow/example_dags/example_branch_python_dop_operator_3.py took 0.027 seconds
[2024-07-07T22:17:25.696+0000] {processor.py:161} INFO - Started process (PID=454) to work on /home/airflow/.local/lib/python3.12/site-packages/airflow/example_dags/example_branch_python_dop_operator_3.py
[2024-07-07T22:17:25.696+0000] {processor.py:830} INFO - Processing file /home/airflow/.local/lib/python3.12/site-packages/airflow/example_dags/example_branch_python_dop_operator_3.py for tasks to queue
[2024-07-07T22:17:25.697+0000] {logging_mixin.py:188} INFO - [2024-07-07T22:17:25.697+0000] {dagbag.py:545} INFO - Filling up the DagBag from /home/airflow/.local/lib/python3.12/site-packages/airflow/example_dags/example_branch_python_dop_operator_3.py
[2024-07-07T22:17:25.700+0000] {processor.py:840} INFO - DAG(s) 'example_branch_dop_operator_v3' retrieved from /home/airflow/.local/lib/python3.12/site-packages/airflow/example_dags/example_branch_python_dop_operator_3.py
[2024-07-07T22:17:25.708+0000] {logging_mixin.py:188} INFO - [2024-07-07T22:17:25.708+0000] {dag.py:3096} INFO - Sync 1 DAGs
[2024-07-07T22:17:25.717+0000] {logging_mixin.py:188} INFO - [2024-07-07T22:17:25.717+0000] {dag.py:3954} INFO - Setting next_dagrun for example_branch_dop_operator_v3 to 2024-07-07 22:16:00+00:00, run_after=2024-07-07 22:17:00+00:00
[2024-07-07T22:17:25.723+0000] {processor.py:183} INFO - Processing /home/airflow/.local/lib/python3.12/site-packages/airflow/example_dags/example_branch_python_dop_operator_3.py took 0.030 seconds
[2024-07-07T22:17:56.034+0000] {processor.py:161} INFO - Started process (PID=508) to work on /home/airflow/.local/lib/python3.12/site-packages/airflow/example_dags/example_branch_python_dop_operator_3.py
[2024-07-07T22:17:56.035+0000] {processor.py:830} INFO - Processing file /home/airflow/.local/lib/python3.12/site-packages/airflow/example_dags/example_branch_python_dop_operator_3.py for tasks to queue
[2024-07-07T22:17:56.036+0000] {logging_mixin.py:188} INFO - [2024-07-07T22:17:56.035+0000] {dagbag.py:545} INFO - Filling up the DagBag from /home/airflow/.local/lib/python3.12/site-packages/airflow/example_dags/example_branch_python_dop_operator_3.py
[2024-07-07T22:17:56.040+0000] {processor.py:840} INFO - DAG(s) 'example_branch_dop_operator_v3' retrieved from /home/airflow/.local/lib/python3.12/site-packages/airflow/example_dags/example_branch_python_dop_operator_3.py
[2024-07-07T22:17:56.047+0000] {logging_mixin.py:188} INFO - [2024-07-07T22:17:56.047+0000] {dag.py:3096} INFO - Sync 1 DAGs
[2024-07-07T22:17:56.057+0000] {logging_mixin.py:188} INFO - [2024-07-07T22:17:56.057+0000] {dag.py:3954} INFO - Setting next_dagrun for example_branch_dop_operator_v3 to 2024-07-07 22:16:00+00:00, run_after=2024-07-07 22:17:00+00:00
[2024-07-07T22:17:56.063+0000] {processor.py:183} INFO - Processing /home/airflow/.local/lib/python3.12/site-packages/airflow/example_dags/example_branch_python_dop_operator_3.py took 0.032 seconds
[2024-07-07T22:18:26.559+0000] {processor.py:161} INFO - Started process (PID=560) to work on /home/airflow/.local/lib/python3.12/site-packages/airflow/example_dags/example_branch_python_dop_operator_3.py
[2024-07-07T22:18:26.560+0000] {processor.py:830} INFO - Processing file /home/airflow/.local/lib/python3.12/site-packages/airflow/example_dags/example_branch_python_dop_operator_3.py for tasks to queue
[2024-07-07T22:18:26.560+0000] {logging_mixin.py:188} INFO - [2024-07-07T22:18:26.560+0000] {dagbag.py:545} INFO - Filling up the DagBag from /home/airflow/.local/lib/python3.12/site-packages/airflow/example_dags/example_branch_python_dop_operator_3.py
[2024-07-07T22:18:26.564+0000] {processor.py:840} INFO - DAG(s) 'example_branch_dop_operator_v3' retrieved from /home/airflow/.local/lib/python3.12/site-packages/airflow/example_dags/example_branch_python_dop_operator_3.py
[2024-07-07T22:18:26.572+0000] {logging_mixin.py:188} INFO - [2024-07-07T22:18:26.572+0000] {dag.py:3096} INFO - Sync 1 DAGs
[2024-07-07T22:18:26.581+0000] {logging_mixin.py:188} INFO - [2024-07-07T22:18:26.581+0000] {dag.py:3954} INFO - Setting next_dagrun for example_branch_dop_operator_v3 to 2024-07-07 22:17:00+00:00, run_after=2024-07-07 22:18:00+00:00
[2024-07-07T22:18:26.587+0000] {processor.py:183} INFO - Processing /home/airflow/.local/lib/python3.12/site-packages/airflow/example_dags/example_branch_python_dop_operator_3.py took 0.030 seconds
[2024-07-07T22:18:56.871+0000] {processor.py:161} INFO - Started process (PID=612) to work on /home/airflow/.local/lib/python3.12/site-packages/airflow/example_dags/example_branch_python_dop_operator_3.py
[2024-07-07T22:18:56.872+0000] {processor.py:830} INFO - Processing file /home/airflow/.local/lib/python3.12/site-packages/airflow/example_dags/example_branch_python_dop_operator_3.py for tasks to queue
[2024-07-07T22:18:56.872+0000] {logging_mixin.py:188} INFO - [2024-07-07T22:18:56.872+0000] {dagbag.py:545} INFO - Filling up the DagBag from /home/airflow/.local/lib/python3.12/site-packages/airflow/example_dags/example_branch_python_dop_operator_3.py
[2024-07-07T22:18:56.876+0000] {processor.py:840} INFO - DAG(s) 'example_branch_dop_operator_v3' retrieved from /home/airflow/.local/lib/python3.12/site-packages/airflow/example_dags/example_branch_python_dop_operator_3.py
[2024-07-07T22:18:56.884+0000] {logging_mixin.py:188} INFO - [2024-07-07T22:18:56.884+0000] {dag.py:3096} INFO - Sync 1 DAGs
[2024-07-07T22:18:56.894+0000] {logging_mixin.py:188} INFO - [2024-07-07T22:18:56.894+0000] {dag.py:3954} INFO - Setting next_dagrun for example_branch_dop_operator_v3 to 2024-07-07 22:17:00+00:00, run_after=2024-07-07 22:18:00+00:00
[2024-07-07T22:18:56.900+0000] {processor.py:183} INFO - Processing /home/airflow/.local/lib/python3.12/site-packages/airflow/example_dags/example_branch_python_dop_operator_3.py took 0.031 seconds
[2024-07-07T22:19:27.150+0000] {processor.py:161} INFO - Started process (PID=664) to work on /home/airflow/.local/lib/python3.12/site-packages/airflow/example_dags/example_branch_python_dop_operator_3.py
[2024-07-07T22:19:27.150+0000] {processor.py:830} INFO - Processing file /home/airflow/.local/lib/python3.12/site-packages/airflow/example_dags/example_branch_python_dop_operator_3.py for tasks to queue
[2024-07-07T22:19:27.151+0000] {logging_mixin.py:188} INFO - [2024-07-07T22:19:27.151+0000] {dagbag.py:545} INFO - Filling up the DagBag from /home/airflow/.local/lib/python3.12/site-packages/airflow/example_dags/example_branch_python_dop_operator_3.py
[2024-07-07T22:19:27.156+0000] {processor.py:840} INFO - DAG(s) 'example_branch_dop_operator_v3' retrieved from /home/airflow/.local/lib/python3.12/site-packages/airflow/example_dags/example_branch_python_dop_operator_3.py
[2024-07-07T22:19:27.164+0000] {logging_mixin.py:188} INFO - [2024-07-07T22:19:27.164+0000] {dag.py:3096} INFO - Sync 1 DAGs
[2024-07-07T22:19:27.173+0000] {logging_mixin.py:188} INFO - [2024-07-07T22:19:27.173+0000] {dag.py:3954} INFO - Setting next_dagrun for example_branch_dop_operator_v3 to 2024-07-07 22:18:00+00:00, run_after=2024-07-07 22:19:00+00:00
[2024-07-07T22:19:27.180+0000] {processor.py:183} INFO - Processing /home/airflow/.local/lib/python3.12/site-packages/airflow/example_dags/example_branch_python_dop_operator_3.py took 0.033 seconds
[2024-07-07T22:19:57.430+0000] {processor.py:161} INFO - Started process (PID=716) to work on /home/airflow/.local/lib/python3.12/site-packages/airflow/example_dags/example_branch_python_dop_operator_3.py
[2024-07-07T22:19:57.430+0000] {processor.py:830} INFO - Processing file /home/airflow/.local/lib/python3.12/site-packages/airflow/example_dags/example_branch_python_dop_operator_3.py for tasks to queue
[2024-07-07T22:19:57.431+0000] {logging_mixin.py:188} INFO - [2024-07-07T22:19:57.431+0000] {dagbag.py:545} INFO - Filling up the DagBag from /home/airflow/.local/lib/python3.12/site-packages/airflow/example_dags/example_branch_python_dop_operator_3.py
[2024-07-07T22:19:57.435+0000] {processor.py:840} INFO - DAG(s) 'example_branch_dop_operator_v3' retrieved from /home/airflow/.local/lib/python3.12/site-packages/airflow/example_dags/example_branch_python_dop_operator_3.py
[2024-07-07T22:19:57.443+0000] {logging_mixin.py:188} INFO - [2024-07-07T22:19:57.443+0000] {dag.py:3096} INFO - Sync 1 DAGs
[2024-07-07T22:19:57.453+0000] {logging_mixin.py:188} INFO - [2024-07-07T22:19:57.453+0000] {dag.py:3954} INFO - Setting next_dagrun for example_branch_dop_operator_v3 to 2024-07-07 22:18:00+00:00, run_after=2024-07-07 22:19:00+00:00
[2024-07-07T22:19:57.459+0000] {processor.py:183} INFO - Processing /home/airflow/.local/lib/python3.12/site-packages/airflow/example_dags/example_branch_python_dop_operator_3.py took 0.032 seconds
[2024-07-07T22:20:27.739+0000] {processor.py:161} INFO - Started process (PID=768) to work on /home/airflow/.local/lib/python3.12/site-packages/airflow/example_dags/example_branch_python_dop_operator_3.py
[2024-07-07T22:20:27.739+0000] {processor.py:830} INFO - Processing file /home/airflow/.local/lib/python3.12/site-packages/airflow/example_dags/example_branch_python_dop_operator_3.py for tasks to queue
[2024-07-07T22:20:27.740+0000] {logging_mixin.py:188} INFO - [2024-07-07T22:20:27.740+0000] {dagbag.py:545} INFO - Filling up the DagBag from /home/airflow/.local/lib/python3.12/site-packages/airflow/example_dags/example_branch_python_dop_operator_3.py
[2024-07-07T22:20:27.743+0000] {processor.py:840} INFO - DAG(s) 'example_branch_dop_operator_v3' retrieved from /home/airflow/.local/lib/python3.12/site-packages/airflow/example_dags/example_branch_python_dop_operator_3.py
[2024-07-07T22:20:27.750+0000] {logging_mixin.py:188} INFO - [2024-07-07T22:20:27.750+0000] {dag.py:3096} INFO - Sync 1 DAGs
[2024-07-07T22:20:27.758+0000] {logging_mixin.py:188} INFO - [2024-07-07T22:20:27.758+0000] {dag.py:3954} INFO - Setting next_dagrun for example_branch_dop_operator_v3 to 2024-07-07 22:19:00+00:00, run_after=2024-07-07 22:20:00+00:00
[2024-07-07T22:20:27.765+0000] {processor.py:183} INFO - Processing /home/airflow/.local/lib/python3.12/site-packages/airflow/example_dags/example_branch_python_dop_operator_3.py took 0.028 seconds
[2024-07-07T22:20:58.011+0000] {processor.py:161} INFO - Started process (PID=820) to work on /home/airflow/.local/lib/python3.12/site-packages/airflow/example_dags/example_branch_python_dop_operator_3.py
[2024-07-07T22:20:58.011+0000] {processor.py:830} INFO - Processing file /home/airflow/.local/lib/python3.12/site-packages/airflow/example_dags/example_branch_python_dop_operator_3.py for tasks to queue
[2024-07-07T22:20:58.012+0000] {logging_mixin.py:188} INFO - [2024-07-07T22:20:58.012+0000] {dagbag.py:545} INFO - Filling up the DagBag from /home/airflow/.local/lib/python3.12/site-packages/airflow/example_dags/example_branch_python_dop_operator_3.py
[2024-07-07T22:20:58.015+0000] {processor.py:840} INFO - DAG(s) 'example_branch_dop_operator_v3' retrieved from /home/airflow/.local/lib/python3.12/site-packages/airflow/example_dags/example_branch_python_dop_operator_3.py
[2024-07-07T22:20:58.022+0000] {logging_mixin.py:188} INFO - [2024-07-07T22:20:58.022+0000] {dag.py:3096} INFO - Sync 1 DAGs
[2024-07-07T22:20:58.031+0000] {logging_mixin.py:188} INFO - [2024-07-07T22:20:58.031+0000] {dag.py:3954} INFO - Setting next_dagrun for example_branch_dop_operator_v3 to 2024-07-07 22:19:00+00:00, run_after=2024-07-07 22:20:00+00:00
[2024-07-07T22:20:58.038+0000] {processor.py:183} INFO - Processing /home/airflow/.local/lib/python3.12/site-packages/airflow/example_dags/example_branch_python_dop_operator_3.py took 0.029 seconds
[2024-07-07T22:21:28.331+0000] {processor.py:161} INFO - Started process (PID=872) to work on /home/airflow/.local/lib/python3.12/site-packages/airflow/example_dags/example_branch_python_dop_operator_3.py
[2024-07-07T22:21:28.333+0000] {processor.py:830} INFO - Processing file /home/airflow/.local/lib/python3.12/site-packages/airflow/example_dags/example_branch_python_dop_operator_3.py for tasks to queue
[2024-07-07T22:21:28.334+0000] {logging_mixin.py:188} INFO - [2024-07-07T22:21:28.334+0000] {dagbag.py:545} INFO - Filling up the DagBag from /home/airflow/.local/lib/python3.12/site-packages/airflow/example_dags/example_branch_python_dop_operator_3.py
[2024-07-07T22:21:28.338+0000] {processor.py:840} INFO - DAG(s) 'example_branch_dop_operator_v3' retrieved from /home/airflow/.local/lib/python3.12/site-packages/airflow/example_dags/example_branch_python_dop_operator_3.py
[2024-07-07T22:21:28.345+0000] {logging_mixin.py:188} INFO - [2024-07-07T22:21:28.345+0000] {dag.py:3096} INFO - Sync 1 DAGs
[2024-07-07T22:21:28.354+0000] {logging_mixin.py:188} INFO - [2024-07-07T22:21:28.354+0000] {dag.py:3954} INFO - Setting next_dagrun for example_branch_dop_operator_v3 to 2024-07-07 22:20:00+00:00, run_after=2024-07-07 22:21:00+00:00
[2024-07-07T22:21:28.360+0000] {processor.py:183} INFO - Processing /home/airflow/.local/lib/python3.12/site-packages/airflow/example_dags/example_branch_python_dop_operator_3.py took 0.032 seconds
[2024-07-07T22:21:58.699+0000] {processor.py:161} INFO - Started process (PID=924) to work on /home/airflow/.local/lib/python3.12/site-packages/airflow/example_dags/example_branch_python_dop_operator_3.py
[2024-07-07T22:21:58.699+0000] {processor.py:830} INFO - Processing file /home/airflow/.local/lib/python3.12/site-packages/airflow/example_dags/example_branch_python_dop_operator_3.py for tasks to queue
[2024-07-07T22:21:58.700+0000] {logging_mixin.py:188} INFO - [2024-07-07T22:21:58.700+0000] {dagbag.py:545} INFO - Filling up the DagBag from /home/airflow/.local/lib/python3.12/site-packages/airflow/example_dags/example_branch_python_dop_operator_3.py
[2024-07-07T22:21:58.703+0000] {processor.py:840} INFO - DAG(s) 'example_branch_dop_operator_v3' retrieved from /home/airflow/.local/lib/python3.12/site-packages/airflow/example_dags/example_branch_python_dop_operator_3.py
[2024-07-07T22:21:58.711+0000] {logging_mixin.py:188} INFO - [2024-07-07T22:21:58.711+0000] {dag.py:3096} INFO - Sync 1 DAGs
[2024-07-07T22:21:58.720+0000] {logging_mixin.py:188} INFO - [2024-07-07T22:21:58.720+0000] {dag.py:3954} INFO - Setting next_dagrun for example_branch_dop_operator_v3 to 2024-07-07 22:20:00+00:00, run_after=2024-07-07 22:21:00+00:00
[2024-07-07T22:21:58.726+0000] {processor.py:183} INFO - Processing /home/airflow/.local/lib/python3.12/site-packages/airflow/example_dags/example_branch_python_dop_operator_3.py took 0.029 seconds
[2024-07-07T22:22:29.070+0000] {processor.py:161} INFO - Started process (PID=976) to work on /home/airflow/.local/lib/python3.12/site-packages/airflow/example_dags/example_branch_python_dop_operator_3.py
[2024-07-07T22:22:29.071+0000] {processor.py:830} INFO - Processing file /home/airflow/.local/lib/python3.12/site-packages/airflow/example_dags/example_branch_python_dop_operator_3.py for tasks to queue
[2024-07-07T22:22:29.072+0000] {logging_mixin.py:188} INFO - [2024-07-07T22:22:29.072+0000] {dagbag.py:545} INFO - Filling up the DagBag from /home/airflow/.local/lib/python3.12/site-packages/airflow/example_dags/example_branch_python_dop_operator_3.py
[2024-07-07T22:22:29.076+0000] {processor.py:840} INFO - DAG(s) 'example_branch_dop_operator_v3' retrieved from /home/airflow/.local/lib/python3.12/site-packages/airflow/example_dags/example_branch_python_dop_operator_3.py
[2024-07-07T22:22:29.085+0000] {logging_mixin.py:188} INFO - [2024-07-07T22:22:29.085+0000] {dag.py:3096} INFO - Sync 1 DAGs
[2024-07-07T22:22:29.096+0000] {logging_mixin.py:188} INFO - [2024-07-07T22:22:29.095+0000] {dag.py:3954} INFO - Setting next_dagrun for example_branch_dop_operator_v3 to 2024-07-07 22:21:00+00:00, run_after=2024-07-07 22:22:00+00:00
[2024-07-07T22:22:29.104+0000] {processor.py:183} INFO - Processing /home/airflow/.local/lib/python3.12/site-packages/airflow/example_dags/example_branch_python_dop_operator_3.py took 0.037 seconds
[2024-07-07T22:22:59.385+0000] {processor.py:161} INFO - Started process (PID=1028) to work on /home/airflow/.local/lib/python3.12/site-packages/airflow/example_dags/example_branch_python_dop_operator_3.py
[2024-07-07T22:22:59.385+0000] {processor.py:830} INFO - Processing file /home/airflow/.local/lib/python3.12/site-packages/airflow/example_dags/example_branch_python_dop_operator_3.py for tasks to queue
[2024-07-07T22:22:59.386+0000] {logging_mixin.py:188} INFO - [2024-07-07T22:22:59.386+0000] {dagbag.py:545} INFO - Filling up the DagBag from /home/airflow/.local/lib/python3.12/site-packages/airflow/example_dags/example_branch_python_dop_operator_3.py
[2024-07-07T22:22:59.390+0000] {processor.py:840} INFO - DAG(s) 'example_branch_dop_operator_v3' retrieved from /home/airflow/.local/lib/python3.12/site-packages/airflow/example_dags/example_branch_python_dop_operator_3.py
[2024-07-07T22:22:59.398+0000] {logging_mixin.py:188} INFO - [2024-07-07T22:22:59.398+0000] {dag.py:3096} INFO - Sync 1 DAGs
[2024-07-07T22:22:59.407+0000] {logging_mixin.py:188} INFO - [2024-07-07T22:22:59.406+0000] {dag.py:3954} INFO - Setting next_dagrun for example_branch_dop_operator_v3 to 2024-07-07 22:21:00+00:00, run_after=2024-07-07 22:22:00+00:00
[2024-07-07T22:22:59.413+0000] {processor.py:183} INFO - Processing /home/airflow/.local/lib/python3.12/site-packages/airflow/example_dags/example_branch_python_dop_operator_3.py took 0.031 seconds
[2024-07-07T22:23:29.697+0000] {processor.py:161} INFO - Started process (PID=1080) to work on /home/airflow/.local/lib/python3.12/site-packages/airflow/example_dags/example_branch_python_dop_operator_3.py
[2024-07-07T22:23:29.697+0000] {processor.py:830} INFO - Processing file /home/airflow/.local/lib/python3.12/site-packages/airflow/example_dags/example_branch_python_dop_operator_3.py for tasks to queue
[2024-07-07T22:23:29.698+0000] {logging_mixin.py:188} INFO - [2024-07-07T22:23:29.698+0000] {dagbag.py:545} INFO - Filling up the DagBag from /home/airflow/.local/lib/python3.12/site-packages/airflow/example_dags/example_branch_python_dop_operator_3.py
[2024-07-07T22:23:29.701+0000] {processor.py:840} INFO - DAG(s) 'example_branch_dop_operator_v3' retrieved from /home/airflow/.local/lib/python3.12/site-packages/airflow/example_dags/example_branch_python_dop_operator_3.py
[2024-07-07T22:23:29.708+0000] {logging_mixin.py:188} INFO - [2024-07-07T22:23:29.708+0000] {dag.py:3096} INFO - Sync 1 DAGs
[2024-07-07T22:23:29.717+0000] {logging_mixin.py:188} INFO - [2024-07-07T22:23:29.717+0000] {dag.py:3954} INFO - Setting next_dagrun for example_branch_dop_operator_v3 to 2024-07-07 22:22:00+00:00, run_after=2024-07-07 22:23:00+00:00
[2024-07-07T22:23:29.723+0000] {processor.py:183} INFO - Processing /home/airflow/.local/lib/python3.12/site-packages/airflow/example_dags/example_branch_python_dop_operator_3.py took 0.028 seconds
[2024-07-07T22:24:00.058+0000] {processor.py:161} INFO - Started process (PID=1132) to work on /home/airflow/.local/lib/python3.12/site-packages/airflow/example_dags/example_branch_python_dop_operator_3.py
[2024-07-07T22:24:00.058+0000] {processor.py:830} INFO - Processing file /home/airflow/.local/lib/python3.12/site-packages/airflow/example_dags/example_branch_python_dop_operator_3.py for tasks to queue
[2024-07-07T22:24:00.059+0000] {logging_mixin.py:188} INFO - [2024-07-07T22:24:00.059+0000] {dagbag.py:545} INFO - Filling up the DagBag from /home/airflow/.local/lib/python3.12/site-packages/airflow/example_dags/example_branch_python_dop_operator_3.py
[2024-07-07T22:24:00.062+0000] {processor.py:840} INFO - DAG(s) 'example_branch_dop_operator_v3' retrieved from /home/airflow/.local/lib/python3.12/site-packages/airflow/example_dags/example_branch_python_dop_operator_3.py
[2024-07-07T22:24:00.069+0000] {logging_mixin.py:188} INFO - [2024-07-07T22:24:00.069+0000] {dag.py:3096} INFO - Sync 1 DAGs
[2024-07-07T22:24:00.078+0000] {logging_mixin.py:188} INFO - [2024-07-07T22:24:00.078+0000] {dag.py:3954} INFO - Setting next_dagrun for example_branch_dop_operator_v3 to 2024-07-07 22:23:00+00:00, run_after=2024-07-07 22:24:00+00:00
[2024-07-07T22:24:00.088+0000] {processor.py:183} INFO - Processing /home/airflow/.local/lib/python3.12/site-packages/airflow/example_dags/example_branch_python_dop_operator_3.py took 0.033 seconds
[2024-07-07T22:24:30.392+0000] {processor.py:161} INFO - Started process (PID=1184) to work on /home/airflow/.local/lib/python3.12/site-packages/airflow/example_dags/example_branch_python_dop_operator_3.py
[2024-07-07T22:24:30.393+0000] {processor.py:830} INFO - Processing file /home/airflow/.local/lib/python3.12/site-packages/airflow/example_dags/example_branch_python_dop_operator_3.py for tasks to queue
[2024-07-07T22:24:30.394+0000] {logging_mixin.py:188} INFO - [2024-07-07T22:24:30.393+0000] {dagbag.py:545} INFO - Filling up the DagBag from /home/airflow/.local/lib/python3.12/site-packages/airflow/example_dags/example_branch_python_dop_operator_3.py
[2024-07-07T22:24:30.397+0000] {processor.py:840} INFO - DAG(s) 'example_branch_dop_operator_v3' retrieved from /home/airflow/.local/lib/python3.12/site-packages/airflow/example_dags/example_branch_python_dop_operator_3.py
[2024-07-07T22:24:30.403+0000] {logging_mixin.py:188} INFO - [2024-07-07T22:24:30.403+0000] {dag.py:3096} INFO - Sync 1 DAGs
[2024-07-07T22:24:30.411+0000] {logging_mixin.py:188} INFO - [2024-07-07T22:24:30.411+0000] {dag.py:3954} INFO - Setting next_dagrun for example_branch_dop_operator_v3 to 2024-07-07 22:23:00+00:00, run_after=2024-07-07 22:24:00+00:00
[2024-07-07T22:24:30.417+0000] {processor.py:183} INFO - Processing /home/airflow/.local/lib/python3.12/site-packages/airflow/example_dags/example_branch_python_dop_operator_3.py took 0.027 seconds
[2024-07-07T22:25:00.854+0000] {processor.py:161} INFO - Started process (PID=1236) to work on /home/airflow/.local/lib/python3.12/site-packages/airflow/example_dags/example_branch_python_dop_operator_3.py
[2024-07-07T22:25:00.855+0000] {processor.py:830} INFO - Processing file /home/airflow/.local/lib/python3.12/site-packages/airflow/example_dags/example_branch_python_dop_operator_3.py for tasks to queue
[2024-07-07T22:25:00.857+0000] {logging_mixin.py:188} INFO - [2024-07-07T22:25:00.856+0000] {dagbag.py:545} INFO - Filling up the DagBag from /home/airflow/.local/lib/python3.12/site-packages/airflow/example_dags/example_branch_python_dop_operator_3.py
[2024-07-07T22:25:00.861+0000] {processor.py:840} INFO - DAG(s) 'example_branch_dop_operator_v3' retrieved from /home/airflow/.local/lib/python3.12/site-packages/airflow/example_dags/example_branch_python_dop_operator_3.py
[2024-07-07T22:25:00.872+0000] {logging_mixin.py:188} INFO - [2024-07-07T22:25:00.871+0000] {dag.py:3096} INFO - Sync 1 DAGs
[2024-07-07T22:25:00.886+0000] {logging_mixin.py:188} INFO - [2024-07-07T22:25:00.886+0000] {dag.py:3954} INFO - Setting next_dagrun for example_branch_dop_operator_v3 to 2024-07-07 22:24:00+00:00, run_after=2024-07-07 22:25:00+00:00
[2024-07-07T22:25:00.898+0000] {processor.py:183} INFO - Processing /home/airflow/.local/lib/python3.12/site-packages/airflow/example_dags/example_branch_python_dop_operator_3.py took 0.047 seconds
[2024-07-07T22:25:31.392+0000] {processor.py:161} INFO - Started process (PID=1288) to work on /home/airflow/.local/lib/python3.12/site-packages/airflow/example_dags/example_branch_python_dop_operator_3.py
[2024-07-07T22:25:31.393+0000] {processor.py:830} INFO - Processing file /home/airflow/.local/lib/python3.12/site-packages/airflow/example_dags/example_branch_python_dop_operator_3.py for tasks to queue
[2024-07-07T22:25:31.394+0000] {logging_mixin.py:188} INFO - [2024-07-07T22:25:31.393+0000] {dagbag.py:545} INFO - Filling up the DagBag from /home/airflow/.local/lib/python3.12/site-packages/airflow/example_dags/example_branch_python_dop_operator_3.py
[2024-07-07T22:25:31.397+0000] {processor.py:840} INFO - DAG(s) 'example_branch_dop_operator_v3' retrieved from /home/airflow/.local/lib/python3.12/site-packages/airflow/example_dags/example_branch_python_dop_operator_3.py
[2024-07-07T22:25:31.404+0000] {logging_mixin.py:188} INFO - [2024-07-07T22:25:31.404+0000] {dag.py:3096} INFO - Sync 1 DAGs
[2024-07-07T22:25:31.413+0000] {logging_mixin.py:188} INFO - [2024-07-07T22:25:31.413+0000] {dag.py:3954} INFO - Setting next_dagrun for example_branch_dop_operator_v3 to 2024-07-07 22:24:00+00:00, run_after=2024-07-07 22:25:00+00:00
[2024-07-07T22:25:31.419+0000] {processor.py:183} INFO - Processing /home/airflow/.local/lib/python3.12/site-packages/airflow/example_dags/example_branch_python_dop_operator_3.py took 0.029 seconds
[2024-07-07T22:26:01.858+0000] {processor.py:161} INFO - Started process (PID=1340) to work on /home/airflow/.local/lib/python3.12/site-packages/airflow/example_dags/example_branch_python_dop_operator_3.py
[2024-07-07T22:26:01.859+0000] {processor.py:830} INFO - Processing file /home/airflow/.local/lib/python3.12/site-packages/airflow/example_dags/example_branch_python_dop_operator_3.py for tasks to queue
[2024-07-07T22:26:01.861+0000] {logging_mixin.py:188} INFO - [2024-07-07T22:26:01.860+0000] {dagbag.py:545} INFO - Filling up the DagBag from /home/airflow/.local/lib/python3.12/site-packages/airflow/example_dags/example_branch_python_dop_operator_3.py
[2024-07-07T22:26:01.864+0000] {processor.py:840} INFO - DAG(s) 'example_branch_dop_operator_v3' retrieved from /home/airflow/.local/lib/python3.12/site-packages/airflow/example_dags/example_branch_python_dop_operator_3.py
[2024-07-07T22:26:01.876+0000] {logging_mixin.py:188} INFO - [2024-07-07T22:26:01.876+0000] {dag.py:3096} INFO - Sync 1 DAGs
[2024-07-07T22:26:01.889+0000] {logging_mixin.py:188} INFO - [2024-07-07T22:26:01.889+0000] {dag.py:3954} INFO - Setting next_dagrun for example_branch_dop_operator_v3 to 2024-07-07 22:25:00+00:00, run_after=2024-07-07 22:26:00+00:00
[2024-07-07T22:26:01.899+0000] {processor.py:183} INFO - Processing /home/airflow/.local/lib/python3.12/site-packages/airflow/example_dags/example_branch_python_dop_operator_3.py took 0.044 seconds
[2024-07-07T22:26:32.269+0000] {processor.py:161} INFO - Started process (PID=1392) to work on /home/airflow/.local/lib/python3.12/site-packages/airflow/example_dags/example_branch_python_dop_operator_3.py
[2024-07-07T22:26:32.269+0000] {processor.py:830} INFO - Processing file /home/airflow/.local/lib/python3.12/site-packages/airflow/example_dags/example_branch_python_dop_operator_3.py for tasks to queue
[2024-07-07T22:26:32.270+0000] {logging_mixin.py:188} INFO - [2024-07-07T22:26:32.270+0000] {dagbag.py:545} INFO - Filling up the DagBag from /home/airflow/.local/lib/python3.12/site-packages/airflow/example_dags/example_branch_python_dop_operator_3.py
[2024-07-07T22:26:32.273+0000] {processor.py:840} INFO - DAG(s) 'example_branch_dop_operator_v3' retrieved from /home/airflow/.local/lib/python3.12/site-packages/airflow/example_dags/example_branch_python_dop_operator_3.py
[2024-07-07T22:26:32.281+0000] {logging_mixin.py:188} INFO - [2024-07-07T22:26:32.281+0000] {dag.py:3096} INFO - Sync 1 DAGs
[2024-07-07T22:26:32.290+0000] {logging_mixin.py:188} INFO - [2024-07-07T22:26:32.290+0000] {dag.py:3954} INFO - Setting next_dagrun for example_branch_dop_operator_v3 to 2024-07-07 22:25:00+00:00, run_after=2024-07-07 22:26:00+00:00
[2024-07-07T22:26:32.297+0000] {processor.py:183} INFO - Processing /home/airflow/.local/lib/python3.12/site-packages/airflow/example_dags/example_branch_python_dop_operator_3.py took 0.030 seconds
[2024-07-07T22:27:02.570+0000] {processor.py:161} INFO - Started process (PID=1444) to work on /home/airflow/.local/lib/python3.12/site-packages/airflow/example_dags/example_branch_python_dop_operator_3.py
[2024-07-07T22:27:02.570+0000] {processor.py:830} INFO - Processing file /home/airflow/.local/lib/python3.12/site-packages/airflow/example_dags/example_branch_python_dop_operator_3.py for tasks to queue
[2024-07-07T22:27:02.571+0000] {logging_mixin.py:188} INFO - [2024-07-07T22:27:02.571+0000] {dagbag.py:545} INFO - Filling up the DagBag from /home/airflow/.local/lib/python3.12/site-packages/airflow/example_dags/example_branch_python_dop_operator_3.py
[2024-07-07T22:27:02.574+0000] {processor.py:840} INFO - DAG(s) 'example_branch_dop_operator_v3' retrieved from /home/airflow/.local/lib/python3.12/site-packages/airflow/example_dags/example_branch_python_dop_operator_3.py
[2024-07-07T22:27:02.581+0000] {logging_mixin.py:188} INFO - [2024-07-07T22:27:02.581+0000] {dag.py:3096} INFO - Sync 1 DAGs
[2024-07-07T22:27:02.589+0000] {logging_mixin.py:188} INFO - [2024-07-07T22:27:02.589+0000] {dag.py:3954} INFO - Setting next_dagrun for example_branch_dop_operator_v3 to 2024-07-07 22:26:00+00:00, run_after=2024-07-07 22:27:00+00:00
[2024-07-07T22:27:02.596+0000] {processor.py:183} INFO - Processing /home/airflow/.local/lib/python3.12/site-packages/airflow/example_dags/example_branch_python_dop_operator_3.py took 0.029 seconds
[2024-07-07T22:27:32.829+0000] {processor.py:161} INFO - Started process (PID=1496) to work on /home/airflow/.local/lib/python3.12/site-packages/airflow/example_dags/example_branch_python_dop_operator_3.py
[2024-07-07T22:27:32.829+0000] {processor.py:830} INFO - Processing file /home/airflow/.local/lib/python3.12/site-packages/airflow/example_dags/example_branch_python_dop_operator_3.py for tasks to queue
[2024-07-07T22:27:32.830+0000] {logging_mixin.py:188} INFO - [2024-07-07T22:27:32.830+0000] {dagbag.py:545} INFO - Filling up the DagBag from /home/airflow/.local/lib/python3.12/site-packages/airflow/example_dags/example_branch_python_dop_operator_3.py
[2024-07-07T22:27:32.833+0000] {processor.py:840} INFO - DAG(s) 'example_branch_dop_operator_v3' retrieved from /home/airflow/.local/lib/python3.12/site-packages/airflow/example_dags/example_branch_python_dop_operator_3.py
[2024-07-07T22:27:32.842+0000] {logging_mixin.py:188} INFO - [2024-07-07T22:27:32.842+0000] {dag.py:3096} INFO - Sync 1 DAGs
[2024-07-07T22:27:32.850+0000] {logging_mixin.py:188} INFO - [2024-07-07T22:27:32.850+0000] {dag.py:3954} INFO - Setting next_dagrun for example_branch_dop_operator_v3 to 2024-07-07 22:26:00+00:00, run_after=2024-07-07 22:27:00+00:00
[2024-07-07T22:27:32.857+0000] {processor.py:183} INFO - Processing /home/airflow/.local/lib/python3.12/site-packages/airflow/example_dags/example_branch_python_dop_operator_3.py took 0.030 seconds
[2024-07-07T22:28:03.088+0000] {processor.py:161} INFO - Started process (PID=1548) to work on /home/airflow/.local/lib/python3.12/site-packages/airflow/example_dags/example_branch_python_dop_operator_3.py
[2024-07-07T22:28:03.089+0000] {processor.py:830} INFO - Processing file /home/airflow/.local/lib/python3.12/site-packages/airflow/example_dags/example_branch_python_dop_operator_3.py for tasks to queue
[2024-07-07T22:28:03.090+0000] {logging_mixin.py:188} INFO - [2024-07-07T22:28:03.089+0000] {dagbag.py:545} INFO - Filling up the DagBag from /home/airflow/.local/lib/python3.12/site-packages/airflow/example_dags/example_branch_python_dop_operator_3.py
[2024-07-07T22:28:03.093+0000] {processor.py:840} INFO - DAG(s) 'example_branch_dop_operator_v3' retrieved from /home/airflow/.local/lib/python3.12/site-packages/airflow/example_dags/example_branch_python_dop_operator_3.py
[2024-07-07T22:28:03.099+0000] {logging_mixin.py:188} INFO - [2024-07-07T22:28:03.099+0000] {dag.py:3096} INFO - Sync 1 DAGs
[2024-07-07T22:28:03.108+0000] {logging_mixin.py:188} INFO - [2024-07-07T22:28:03.108+0000] {dag.py:3954} INFO - Setting next_dagrun for example_branch_dop_operator_v3 to 2024-07-07 22:27:00+00:00, run_after=2024-07-07 22:28:00+00:00
[2024-07-07T22:28:03.114+0000] {processor.py:183} INFO - Processing /home/airflow/.local/lib/python3.12/site-packages/airflow/example_dags/example_branch_python_dop_operator_3.py took 0.027 seconds
[2024-07-07T22:28:33.347+0000] {processor.py:161} INFO - Started process (PID=1600) to work on /home/airflow/.local/lib/python3.12/site-packages/airflow/example_dags/example_branch_python_dop_operator_3.py
[2024-07-07T22:28:33.347+0000] {processor.py:830} INFO - Processing file /home/airflow/.local/lib/python3.12/site-packages/airflow/example_dags/example_branch_python_dop_operator_3.py for tasks to queue
[2024-07-07T22:28:33.348+0000] {logging_mixin.py:188} INFO - [2024-07-07T22:28:33.348+0000] {dagbag.py:545} INFO - Filling up the DagBag from /home/airflow/.local/lib/python3.12/site-packages/airflow/example_dags/example_branch_python_dop_operator_3.py
[2024-07-07T22:28:33.351+0000] {processor.py:840} INFO - DAG(s) 'example_branch_dop_operator_v3' retrieved from /home/airflow/.local/lib/python3.12/site-packages/airflow/example_dags/example_branch_python_dop_operator_3.py
[2024-07-07T22:28:33.360+0000] {logging_mixin.py:188} INFO - [2024-07-07T22:28:33.360+0000] {dag.py:3096} INFO - Sync 1 DAGs
[2024-07-07T22:28:33.369+0000] {logging_mixin.py:188} INFO - [2024-07-07T22:28:33.369+0000] {dag.py:3954} INFO - Setting next_dagrun for example_branch_dop_operator_v3 to 2024-07-07 22:27:00+00:00, run_after=2024-07-07 22:28:00+00:00
[2024-07-07T22:28:33.376+0000] {processor.py:183} INFO - Processing /home/airflow/.local/lib/python3.12/site-packages/airflow/example_dags/example_branch_python_dop_operator_3.py took 0.031 seconds
[2024-07-07T22:29:03.665+0000] {processor.py:161} INFO - Started process (PID=1652) to work on /home/airflow/.local/lib/python3.12/site-packages/airflow/example_dags/example_branch_python_dop_operator_3.py
[2024-07-07T22:29:03.665+0000] {processor.py:830} INFO - Processing file /home/airflow/.local/lib/python3.12/site-packages/airflow/example_dags/example_branch_python_dop_operator_3.py for tasks to queue
[2024-07-07T22:29:03.666+0000] {logging_mixin.py:188} INFO - [2024-07-07T22:29:03.666+0000] {dagbag.py:545} INFO - Filling up the DagBag from /home/airflow/.local/lib/python3.12/site-packages/airflow/example_dags/example_branch_python_dop_operator_3.py
[2024-07-07T22:29:03.669+0000] {processor.py:840} INFO - DAG(s) 'example_branch_dop_operator_v3' retrieved from /home/airflow/.local/lib/python3.12/site-packages/airflow/example_dags/example_branch_python_dop_operator_3.py
[2024-07-07T22:29:03.677+0000] {logging_mixin.py:188} INFO - [2024-07-07T22:29:03.677+0000] {dag.py:3096} INFO - Sync 1 DAGs
[2024-07-07T22:29:03.686+0000] {logging_mixin.py:188} INFO - [2024-07-07T22:29:03.686+0000] {dag.py:3954} INFO - Setting next_dagrun for example_branch_dop_operator_v3 to 2024-07-07 22:28:00+00:00, run_after=2024-07-07 22:29:00+00:00
[2024-07-07T22:29:03.692+0000] {processor.py:183} INFO - Processing /home/airflow/.local/lib/python3.12/site-packages/airflow/example_dags/example_branch_python_dop_operator_3.py took 0.030 seconds
[2024-07-07T22:29:34.165+0000] {processor.py:161} INFO - Started process (PID=1704) to work on /home/airflow/.local/lib/python3.12/site-packages/airflow/example_dags/example_branch_python_dop_operator_3.py
[2024-07-07T22:29:34.165+0000] {processor.py:830} INFO - Processing file /home/airflow/.local/lib/python3.12/site-packages/airflow/example_dags/example_branch_python_dop_operator_3.py for tasks to queue
[2024-07-07T22:29:34.166+0000] {logging_mixin.py:188} INFO - [2024-07-07T22:29:34.166+0000] {dagbag.py:545} INFO - Filling up the DagBag from /home/airflow/.local/lib/python3.12/site-packages/airflow/example_dags/example_branch_python_dop_operator_3.py
[2024-07-07T22:29:34.169+0000] {processor.py:840} INFO - DAG(s) 'example_branch_dop_operator_v3' retrieved from /home/airflow/.local/lib/python3.12/site-packages/airflow/example_dags/example_branch_python_dop_operator_3.py
[2024-07-07T22:29:34.177+0000] {logging_mixin.py:188} INFO - [2024-07-07T22:29:34.177+0000] {dag.py:3096} INFO - Sync 1 DAGs
[2024-07-07T22:29:34.186+0000] {logging_mixin.py:188} INFO - [2024-07-07T22:29:34.185+0000] {dag.py:3954} INFO - Setting next_dagrun for example_branch_dop_operator_v3 to 2024-07-07 22:28:00+00:00, run_after=2024-07-07 22:29:00+00:00
[2024-07-07T22:29:34.192+0000] {processor.py:183} INFO - Processing /home/airflow/.local/lib/python3.12/site-packages/airflow/example_dags/example_branch_python_dop_operator_3.py took 0.028 seconds
[2024-07-07T22:30:04.536+0000] {processor.py:161} INFO - Started process (PID=1756) to work on /home/airflow/.local/lib/python3.12/site-packages/airflow/example_dags/example_branch_python_dop_operator_3.py
[2024-07-07T22:30:04.536+0000] {processor.py:830} INFO - Processing file /home/airflow/.local/lib/python3.12/site-packages/airflow/example_dags/example_branch_python_dop_operator_3.py for tasks to queue
[2024-07-07T22:30:04.537+0000] {logging_mixin.py:188} INFO - [2024-07-07T22:30:04.537+0000] {dagbag.py:545} INFO - Filling up the DagBag from /home/airflow/.local/lib/python3.12/site-packages/airflow/example_dags/example_branch_python_dop_operator_3.py
[2024-07-07T22:30:04.540+0000] {processor.py:840} INFO - DAG(s) 'example_branch_dop_operator_v3' retrieved from /home/airflow/.local/lib/python3.12/site-packages/airflow/example_dags/example_branch_python_dop_operator_3.py
[2024-07-07T22:30:04.549+0000] {logging_mixin.py:188} INFO - [2024-07-07T22:30:04.549+0000] {dag.py:3096} INFO - Sync 1 DAGs
[2024-07-07T22:30:04.557+0000] {logging_mixin.py:188} INFO - [2024-07-07T22:30:04.557+0000] {dag.py:3954} INFO - Setting next_dagrun for example_branch_dop_operator_v3 to 2024-07-07 22:29:00+00:00, run_after=2024-07-07 22:30:00+00:00
[2024-07-07T22:30:04.564+0000] {processor.py:183} INFO - Processing /home/airflow/.local/lib/python3.12/site-packages/airflow/example_dags/example_branch_python_dop_operator_3.py took 0.031 seconds
[2024-07-07T22:30:34.988+0000] {processor.py:161} INFO - Started process (PID=1808) to work on /home/airflow/.local/lib/python3.12/site-packages/airflow/example_dags/example_branch_python_dop_operator_3.py
[2024-07-07T22:30:34.988+0000] {processor.py:830} INFO - Processing file /home/airflow/.local/lib/python3.12/site-packages/airflow/example_dags/example_branch_python_dop_operator_3.py for tasks to queue
[2024-07-07T22:30:34.989+0000] {logging_mixin.py:188} INFO - [2024-07-07T22:30:34.989+0000] {dagbag.py:545} INFO - Filling up the DagBag from /home/airflow/.local/lib/python3.12/site-packages/airflow/example_dags/example_branch_python_dop_operator_3.py
[2024-07-07T22:30:34.993+0000] {processor.py:840} INFO - DAG(s) 'example_branch_dop_operator_v3' retrieved from /home/airflow/.local/lib/python3.12/site-packages/airflow/example_dags/example_branch_python_dop_operator_3.py
[2024-07-07T22:30:35.001+0000] {logging_mixin.py:188} INFO - [2024-07-07T22:30:35.001+0000] {dag.py:3096} INFO - Sync 1 DAGs
[2024-07-07T22:30:35.011+0000] {logging_mixin.py:188} INFO - [2024-07-07T22:30:35.010+0000] {dag.py:3954} INFO - Setting next_dagrun for example_branch_dop_operator_v3 to 2024-07-07 22:29:00+00:00, run_after=2024-07-07 22:30:00+00:00
[2024-07-07T22:30:35.017+0000] {processor.py:183} INFO - Processing /home/airflow/.local/lib/python3.12/site-packages/airflow/example_dags/example_branch_python_dop_operator_3.py took 0.032 seconds
[2024-07-07T22:31:06.040+0000] {processor.py:161} INFO - Started process (PID=1860) to work on /home/airflow/.local/lib/python3.12/site-packages/airflow/example_dags/example_branch_python_dop_operator_3.py
[2024-07-07T22:31:06.041+0000] {processor.py:830} INFO - Processing file /home/airflow/.local/lib/python3.12/site-packages/airflow/example_dags/example_branch_python_dop_operator_3.py for tasks to queue
[2024-07-07T22:31:06.042+0000] {logging_mixin.py:188} INFO - [2024-07-07T22:31:06.042+0000] {dagbag.py:545} INFO - Filling up the DagBag from /home/airflow/.local/lib/python3.12/site-packages/airflow/example_dags/example_branch_python_dop_operator_3.py
[2024-07-07T22:31:06.047+0000] {processor.py:840} INFO - DAG(s) 'example_branch_dop_operator_v3' retrieved from /home/airflow/.local/lib/python3.12/site-packages/airflow/example_dags/example_branch_python_dop_operator_3.py
[2024-07-07T22:31:06.060+0000] {logging_mixin.py:188} INFO - [2024-07-07T22:31:06.060+0000] {dag.py:3096} INFO - Sync 1 DAGs
[2024-07-07T22:31:06.074+0000] {logging_mixin.py:188} INFO - [2024-07-07T22:31:06.074+0000] {dag.py:3954} INFO - Setting next_dagrun for example_branch_dop_operator_v3 to 2024-07-07 22:30:00+00:00, run_after=2024-07-07 22:31:00+00:00
[2024-07-07T22:31:06.084+0000] {processor.py:183} INFO - Processing /home/airflow/.local/lib/python3.12/site-packages/airflow/example_dags/example_branch_python_dop_operator_3.py took 0.047 seconds
[2024-07-07T22:31:37.075+0000] {processor.py:161} INFO - Started process (PID=1912) to work on /home/airflow/.local/lib/python3.12/site-packages/airflow/example_dags/example_branch_python_dop_operator_3.py
[2024-07-07T22:31:37.076+0000] {processor.py:830} INFO - Processing file /home/airflow/.local/lib/python3.12/site-packages/airflow/example_dags/example_branch_python_dop_operator_3.py for tasks to queue
[2024-07-07T22:31:37.077+0000] {logging_mixin.py:188} INFO - [2024-07-07T22:31:37.077+0000] {dagbag.py:545} INFO - Filling up the DagBag from /home/airflow/.local/lib/python3.12/site-packages/airflow/example_dags/example_branch_python_dop_operator_3.py
[2024-07-07T22:31:37.081+0000] {processor.py:840} INFO - DAG(s) 'example_branch_dop_operator_v3' retrieved from /home/airflow/.local/lib/python3.12/site-packages/airflow/example_dags/example_branch_python_dop_operator_3.py
[2024-07-07T22:31:37.090+0000] {logging_mixin.py:188} INFO - [2024-07-07T22:31:37.089+0000] {dag.py:3096} INFO - Sync 1 DAGs
[2024-07-07T22:31:37.099+0000] {logging_mixin.py:188} INFO - [2024-07-07T22:31:37.099+0000] {dag.py:3954} INFO - Setting next_dagrun for example_branch_dop_operator_v3 to 2024-07-07 22:30:00+00:00, run_after=2024-07-07 22:31:00+00:00
[2024-07-07T22:31:37.105+0000] {processor.py:183} INFO - Processing /home/airflow/.local/lib/python3.12/site-packages/airflow/example_dags/example_branch_python_dop_operator_3.py took 0.033 seconds
[2024-07-07T22:32:08.178+0000] {processor.py:161} INFO - Started process (PID=1964) to work on /home/airflow/.local/lib/python3.12/site-packages/airflow/example_dags/example_branch_python_dop_operator_3.py
[2024-07-07T22:32:08.178+0000] {processor.py:830} INFO - Processing file /home/airflow/.local/lib/python3.12/site-packages/airflow/example_dags/example_branch_python_dop_operator_3.py for tasks to queue
[2024-07-07T22:32:08.179+0000] {logging_mixin.py:188} INFO - [2024-07-07T22:32:08.179+0000] {dagbag.py:545} INFO - Filling up the DagBag from /home/airflow/.local/lib/python3.12/site-packages/airflow/example_dags/example_branch_python_dop_operator_3.py
[2024-07-07T22:32:08.182+0000] {processor.py:840} INFO - DAG(s) 'example_branch_dop_operator_v3' retrieved from /home/airflow/.local/lib/python3.12/site-packages/airflow/example_dags/example_branch_python_dop_operator_3.py
[2024-07-07T22:32:08.189+0000] {logging_mixin.py:188} INFO - [2024-07-07T22:32:08.189+0000] {dag.py:3096} INFO - Sync 1 DAGs
[2024-07-07T22:32:08.268+0000] {logging_mixin.py:188} INFO - [2024-07-07T22:32:08.268+0000] {dag.py:3954} INFO - Setting next_dagrun for example_branch_dop_operator_v3 to 2024-07-07 22:31:00+00:00, run_after=2024-07-07 22:32:00+00:00
[2024-07-07T22:32:08.274+0000] {processor.py:183} INFO - Processing /home/airflow/.local/lib/python3.12/site-packages/airflow/example_dags/example_branch_python_dop_operator_3.py took 0.099 seconds
[2024-07-07T22:32:39.210+0000] {processor.py:161} INFO - Started process (PID=2016) to work on /home/airflow/.local/lib/python3.12/site-packages/airflow/example_dags/example_branch_python_dop_operator_3.py
[2024-07-07T22:32:39.210+0000] {processor.py:830} INFO - Processing file /home/airflow/.local/lib/python3.12/site-packages/airflow/example_dags/example_branch_python_dop_operator_3.py for tasks to queue
[2024-07-07T22:32:39.211+0000] {logging_mixin.py:188} INFO - [2024-07-07T22:32:39.211+0000] {dagbag.py:545} INFO - Filling up the DagBag from /home/airflow/.local/lib/python3.12/site-packages/airflow/example_dags/example_branch_python_dop_operator_3.py
[2024-07-07T22:32:39.215+0000] {processor.py:840} INFO - DAG(s) 'example_branch_dop_operator_v3' retrieved from /home/airflow/.local/lib/python3.12/site-packages/airflow/example_dags/example_branch_python_dop_operator_3.py
[2024-07-07T22:32:39.223+0000] {logging_mixin.py:188} INFO - [2024-07-07T22:32:39.223+0000] {dag.py:3096} INFO - Sync 1 DAGs
[2024-07-07T22:32:39.232+0000] {logging_mixin.py:188} INFO - [2024-07-07T22:32:39.232+0000] {dag.py:3954} INFO - Setting next_dagrun for example_branch_dop_operator_v3 to 2024-07-07 22:31:00+00:00, run_after=2024-07-07 22:32:00+00:00
[2024-07-07T22:32:39.239+0000] {processor.py:183} INFO - Processing /home/airflow/.local/lib/python3.12/site-packages/airflow/example_dags/example_branch_python_dop_operator_3.py took 0.032 seconds
[2024-07-07T22:33:09.623+0000] {processor.py:161} INFO - Started process (PID=2068) to work on /home/airflow/.local/lib/python3.12/site-packages/airflow/example_dags/example_branch_python_dop_operator_3.py
[2024-07-07T22:33:09.624+0000] {processor.py:830} INFO - Processing file /home/airflow/.local/lib/python3.12/site-packages/airflow/example_dags/example_branch_python_dop_operator_3.py for tasks to queue
[2024-07-07T22:33:09.625+0000] {logging_mixin.py:188} INFO - [2024-07-07T22:33:09.624+0000] {dagbag.py:545} INFO - Filling up the DagBag from /home/airflow/.local/lib/python3.12/site-packages/airflow/example_dags/example_branch_python_dop_operator_3.py
[2024-07-07T22:33:09.630+0000] {processor.py:840} INFO - DAG(s) 'example_branch_dop_operator_v3' retrieved from /home/airflow/.local/lib/python3.12/site-packages/airflow/example_dags/example_branch_python_dop_operator_3.py
[2024-07-07T22:33:09.642+0000] {logging_mixin.py:188} INFO - [2024-07-07T22:33:09.642+0000] {dag.py:3096} INFO - Sync 1 DAGs
[2024-07-07T22:33:09.655+0000] {logging_mixin.py:188} INFO - [2024-07-07T22:33:09.655+0000] {dag.py:3954} INFO - Setting next_dagrun for example_branch_dop_operator_v3 to 2024-07-07 22:32:00+00:00, run_after=2024-07-07 22:33:00+00:00
[2024-07-07T22:33:09.664+0000] {processor.py:183} INFO - Processing /home/airflow/.local/lib/python3.12/site-packages/airflow/example_dags/example_branch_python_dop_operator_3.py took 0.045 seconds
[2024-07-07T22:33:40.081+0000] {processor.py:161} INFO - Started process (PID=2120) to work on /home/airflow/.local/lib/python3.12/site-packages/airflow/example_dags/example_branch_python_dop_operator_3.py
[2024-07-07T22:33:40.082+0000] {processor.py:830} INFO - Processing file /home/airflow/.local/lib/python3.12/site-packages/airflow/example_dags/example_branch_python_dop_operator_3.py for tasks to queue
[2024-07-07T22:33:40.083+0000] {logging_mixin.py:188} INFO - [2024-07-07T22:33:40.083+0000] {dagbag.py:545} INFO - Filling up the DagBag from /home/airflow/.local/lib/python3.12/site-packages/airflow/example_dags/example_branch_python_dop_operator_3.py
[2024-07-07T22:33:40.088+0000] {processor.py:840} INFO - DAG(s) 'example_branch_dop_operator_v3' retrieved from /home/airflow/.local/lib/python3.12/site-packages/airflow/example_dags/example_branch_python_dop_operator_3.py
[2024-07-07T22:33:40.099+0000] {logging_mixin.py:188} INFO - [2024-07-07T22:33:40.099+0000] {dag.py:3096} INFO - Sync 1 DAGs
[2024-07-07T22:33:40.111+0000] {logging_mixin.py:188} INFO - [2024-07-07T22:33:40.111+0000] {dag.py:3954} INFO - Setting next_dagrun for example_branch_dop_operator_v3 to 2024-07-07 22:32:00+00:00, run_after=2024-07-07 22:33:00+00:00
[2024-07-07T22:33:40.125+0000] {processor.py:183} INFO - Processing /home/airflow/.local/lib/python3.12/site-packages/airflow/example_dags/example_branch_python_dop_operator_3.py took 0.047 seconds
