[2024-07-07T22:13:08.887+0000] {processor.py:161} INFO - Started process (PID=56) to work on /home/airflow/.local/lib/python3.12/site-packages/airflow/example_dags/example_sla_dag.py
[2024-07-07T22:13:08.887+0000] {processor.py:830} INFO - Processing file /home/airflow/.local/lib/python3.12/site-packages/airflow/example_dags/example_sla_dag.py for tasks to queue
[2024-07-07T22:13:08.888+0000] {logging_mixin.py:188} INFO - [2024-07-07T22:13:08.888+0000] {dagbag.py:545} INFO - Filling up the DagBag from /home/airflow/.local/lib/python3.12/site-packages/airflow/example_dags/example_sla_dag.py
[2024-07-07T22:13:08.892+0000] {processor.py:840} INFO - DAG(s) 'example_sla_dag' retrieved from /home/airflow/.local/lib/python3.12/site-packages/airflow/example_dags/example_sla_dag.py
[2024-07-07T22:13:08.933+0000] {logging_mixin.py:188} INFO - [2024-07-07T22:13:08.933+0000] {override.py:1829} INFO - Created Permission View: can edit on DAG:example_sla_dag
[2024-07-07T22:13:08.936+0000] {logging_mixin.py:188} INFO - [2024-07-07T22:13:08.936+0000] {override.py:1829} INFO - Created Permission View: can read on DAG:example_sla_dag
[2024-07-07T22:13:08.937+0000] {logging_mixin.py:188} INFO - [2024-07-07T22:13:08.937+0000] {override.py:1829} INFO - Created Permission View: can delete on DAG:example_sla_dag
[2024-07-07T22:13:08.938+0000] {logging_mixin.py:188} INFO - [2024-07-07T22:13:08.938+0000] {dag.py:3096} INFO - Sync 1 DAGs
[2024-07-07T22:13:08.942+0000] {logging_mixin.py:188} INFO - [2024-07-07T22:13:08.941+0000] {dag.py:3118} INFO - Creating ORM DAG for example_sla_dag
[2024-07-07T22:13:08.946+0000] {logging_mixin.py:188} INFO - [2024-07-07T22:13:08.946+0000] {dag.py:3954} INFO - Setting next_dagrun for example_sla_dag to 2024-07-07 22:10:00+00:00, run_after=2024-07-07 22:12:00+00:00
[2024-07-07T22:13:08.951+0000] {processor.py:183} INFO - Processing /home/airflow/.local/lib/python3.12/site-packages/airflow/example_dags/example_sla_dag.py took 0.067 seconds
[2024-07-07T22:13:53.515+0000] {processor.py:161} INFO - Started process (PID=56) to work on /home/airflow/.local/lib/python3.12/site-packages/airflow/example_dags/example_sla_dag.py
[2024-07-07T22:13:53.516+0000] {processor.py:830} INFO - Processing file /home/airflow/.local/lib/python3.12/site-packages/airflow/example_dags/example_sla_dag.py for tasks to queue
[2024-07-07T22:13:53.518+0000] {logging_mixin.py:188} INFO - [2024-07-07T22:13:53.517+0000] {dagbag.py:545} INFO - Filling up the DagBag from /home/airflow/.local/lib/python3.12/site-packages/airflow/example_dags/example_sla_dag.py
[2024-07-07T22:13:53.524+0000] {processor.py:840} INFO - DAG(s) 'example_sla_dag' retrieved from /home/airflow/.local/lib/python3.12/site-packages/airflow/example_dags/example_sla_dag.py
[2024-07-07T22:13:53.533+0000] {logging_mixin.py:188} INFO - [2024-07-07T22:13:53.533+0000] {dag.py:3096} INFO - Sync 1 DAGs
[2024-07-07T22:13:53.546+0000] {logging_mixin.py:188} INFO - [2024-07-07T22:13:53.546+0000] {dag.py:3954} INFO - Setting next_dagrun for example_sla_dag to 2024-07-07 22:10:00+00:00, run_after=2024-07-07 22:12:00+00:00
[2024-07-07T22:13:53.558+0000] {processor.py:183} INFO - Processing /home/airflow/.local/lib/python3.12/site-packages/airflow/example_dags/example_sla_dag.py took 0.048 seconds
[2024-07-07T22:14:23.574+0000] {processor.py:161} INFO - Started process (PID=108) to work on /home/airflow/.local/lib/python3.12/site-packages/airflow/example_dags/example_sla_dag.py
[2024-07-07T22:14:23.575+0000] {processor.py:830} INFO - Processing file /home/airflow/.local/lib/python3.12/site-packages/airflow/example_dags/example_sla_dag.py for tasks to queue
[2024-07-07T22:14:23.575+0000] {logging_mixin.py:188} INFO - [2024-07-07T22:14:23.575+0000] {dagbag.py:545} INFO - Filling up the DagBag from /home/airflow/.local/lib/python3.12/site-packages/airflow/example_dags/example_sla_dag.py
[2024-07-07T22:14:23.579+0000] {processor.py:840} INFO - DAG(s) 'example_sla_dag' retrieved from /home/airflow/.local/lib/python3.12/site-packages/airflow/example_dags/example_sla_dag.py
[2024-07-07T22:14:23.615+0000] {logging_mixin.py:188} INFO - [2024-07-07T22:14:23.615+0000] {dag.py:3096} INFO - Sync 1 DAGs
[2024-07-07T22:14:23.622+0000] {logging_mixin.py:188} INFO - [2024-07-07T22:14:23.622+0000] {dag.py:3954} INFO - Setting next_dagrun for example_sla_dag to 2024-07-07 22:12:00+00:00, run_after=2024-07-07 22:14:00+00:00
[2024-07-07T22:14:23.629+0000] {processor.py:183} INFO - Processing /home/airflow/.local/lib/python3.12/site-packages/airflow/example_dags/example_sla_dag.py took 0.056 seconds
[2024-07-07T22:14:54.549+0000] {processor.py:161} INFO - Started process (PID=160) to work on /home/airflow/.local/lib/python3.12/site-packages/airflow/example_dags/example_sla_dag.py
[2024-07-07T22:14:54.549+0000] {processor.py:830} INFO - Processing file /home/airflow/.local/lib/python3.12/site-packages/airflow/example_dags/example_sla_dag.py for tasks to queue
[2024-07-07T22:14:54.550+0000] {logging_mixin.py:188} INFO - [2024-07-07T22:14:54.550+0000] {dagbag.py:545} INFO - Filling up the DagBag from /home/airflow/.local/lib/python3.12/site-packages/airflow/example_dags/example_sla_dag.py
[2024-07-07T22:14:54.553+0000] {processor.py:840} INFO - DAG(s) 'example_sla_dag' retrieved from /home/airflow/.local/lib/python3.12/site-packages/airflow/example_dags/example_sla_dag.py
[2024-07-07T22:14:54.561+0000] {logging_mixin.py:188} INFO - [2024-07-07T22:14:54.561+0000] {dag.py:3096} INFO - Sync 1 DAGs
[2024-07-07T22:14:54.569+0000] {logging_mixin.py:188} INFO - [2024-07-07T22:14:54.569+0000] {dag.py:3954} INFO - Setting next_dagrun for example_sla_dag to 2024-07-07 22:12:00+00:00, run_after=2024-07-07 22:14:00+00:00
[2024-07-07T22:14:54.575+0000] {processor.py:183} INFO - Processing /home/airflow/.local/lib/python3.12/site-packages/airflow/example_dags/example_sla_dag.py took 0.029 seconds
[2024-07-07T22:15:24.814+0000] {processor.py:161} INFO - Started process (PID=212) to work on /home/airflow/.local/lib/python3.12/site-packages/airflow/example_dags/example_sla_dag.py
[2024-07-07T22:15:24.814+0000] {processor.py:830} INFO - Processing file /home/airflow/.local/lib/python3.12/site-packages/airflow/example_dags/example_sla_dag.py for tasks to queue
[2024-07-07T22:15:24.815+0000] {logging_mixin.py:188} INFO - [2024-07-07T22:15:24.815+0000] {dagbag.py:545} INFO - Filling up the DagBag from /home/airflow/.local/lib/python3.12/site-packages/airflow/example_dags/example_sla_dag.py
[2024-07-07T22:15:24.818+0000] {processor.py:840} INFO - DAG(s) 'example_sla_dag' retrieved from /home/airflow/.local/lib/python3.12/site-packages/airflow/example_dags/example_sla_dag.py
[2024-07-07T22:15:24.826+0000] {logging_mixin.py:188} INFO - [2024-07-07T22:15:24.826+0000] {dag.py:3096} INFO - Sync 1 DAGs
[2024-07-07T22:15:24.834+0000] {logging_mixin.py:188} INFO - [2024-07-07T22:15:24.834+0000] {dag.py:3954} INFO - Setting next_dagrun for example_sla_dag to 2024-07-07 22:12:00+00:00, run_after=2024-07-07 22:14:00+00:00
[2024-07-07T22:15:24.839+0000] {processor.py:183} INFO - Processing /home/airflow/.local/lib/python3.12/site-packages/airflow/example_dags/example_sla_dag.py took 0.028 seconds
[2024-07-07T22:15:55.041+0000] {processor.py:161} INFO - Started process (PID=277) to work on /home/airflow/.local/lib/python3.12/site-packages/airflow/example_dags/example_sla_dag.py
[2024-07-07T22:15:55.041+0000] {processor.py:830} INFO - Processing file /home/airflow/.local/lib/python3.12/site-packages/airflow/example_dags/example_sla_dag.py for tasks to queue
[2024-07-07T22:15:55.042+0000] {logging_mixin.py:188} INFO - [2024-07-07T22:15:55.042+0000] {dagbag.py:545} INFO - Filling up the DagBag from /home/airflow/.local/lib/python3.12/site-packages/airflow/example_dags/example_sla_dag.py
[2024-07-07T22:15:55.045+0000] {processor.py:840} INFO - DAG(s) 'example_sla_dag' retrieved from /home/airflow/.local/lib/python3.12/site-packages/airflow/example_dags/example_sla_dag.py
[2024-07-07T22:15:55.052+0000] {logging_mixin.py:188} INFO - [2024-07-07T22:15:55.052+0000] {dag.py:3096} INFO - Sync 1 DAGs
[2024-07-07T22:15:55.060+0000] {logging_mixin.py:188} INFO - [2024-07-07T22:15:55.060+0000] {dag.py:3954} INFO - Setting next_dagrun for example_sla_dag to 2024-07-07 22:12:00+00:00, run_after=2024-07-07 22:14:00+00:00
[2024-07-07T22:15:55.066+0000] {processor.py:183} INFO - Processing /home/airflow/.local/lib/python3.12/site-packages/airflow/example_dags/example_sla_dag.py took 0.027 seconds
[2024-07-07T22:16:25.265+0000] {processor.py:161} INFO - Started process (PID=336) to work on /home/airflow/.local/lib/python3.12/site-packages/airflow/example_dags/example_sla_dag.py
[2024-07-07T22:16:25.265+0000] {processor.py:830} INFO - Processing file /home/airflow/.local/lib/python3.12/site-packages/airflow/example_dags/example_sla_dag.py for tasks to queue
[2024-07-07T22:16:25.266+0000] {logging_mixin.py:188} INFO - [2024-07-07T22:16:25.266+0000] {dagbag.py:545} INFO - Filling up the DagBag from /home/airflow/.local/lib/python3.12/site-packages/airflow/example_dags/example_sla_dag.py
[2024-07-07T22:16:25.270+0000] {processor.py:840} INFO - DAG(s) 'example_sla_dag' retrieved from /home/airflow/.local/lib/python3.12/site-packages/airflow/example_dags/example_sla_dag.py
[2024-07-07T22:16:25.278+0000] {logging_mixin.py:188} INFO - [2024-07-07T22:16:25.278+0000] {dag.py:3096} INFO - Sync 1 DAGs
[2024-07-07T22:16:25.287+0000] {logging_mixin.py:188} INFO - [2024-07-07T22:16:25.287+0000] {dag.py:3954} INFO - Setting next_dagrun for example_sla_dag to 2024-07-07 22:14:00+00:00, run_after=2024-07-07 22:16:00+00:00
[2024-07-07T22:16:25.293+0000] {processor.py:183} INFO - Processing /home/airflow/.local/lib/python3.12/site-packages/airflow/example_dags/example_sla_dag.py took 0.030 seconds
[2024-07-07T22:16:55.484+0000] {processor.py:161} INFO - Started process (PID=402) to work on /home/airflow/.local/lib/python3.12/site-packages/airflow/example_dags/example_sla_dag.py
[2024-07-07T22:16:55.484+0000] {processor.py:830} INFO - Processing file /home/airflow/.local/lib/python3.12/site-packages/airflow/example_dags/example_sla_dag.py for tasks to queue
[2024-07-07T22:16:55.485+0000] {logging_mixin.py:188} INFO - [2024-07-07T22:16:55.485+0000] {dagbag.py:545} INFO - Filling up the DagBag from /home/airflow/.local/lib/python3.12/site-packages/airflow/example_dags/example_sla_dag.py
[2024-07-07T22:16:55.488+0000] {processor.py:840} INFO - DAG(s) 'example_sla_dag' retrieved from /home/airflow/.local/lib/python3.12/site-packages/airflow/example_dags/example_sla_dag.py
[2024-07-07T22:16:55.496+0000] {logging_mixin.py:188} INFO - [2024-07-07T22:16:55.496+0000] {dag.py:3096} INFO - Sync 1 DAGs
[2024-07-07T22:16:55.504+0000] {logging_mixin.py:188} INFO - [2024-07-07T22:16:55.504+0000] {dag.py:3954} INFO - Setting next_dagrun for example_sla_dag to 2024-07-07 22:14:00+00:00, run_after=2024-07-07 22:16:00+00:00
[2024-07-07T22:16:55.510+0000] {processor.py:183} INFO - Processing /home/airflow/.local/lib/python3.12/site-packages/airflow/example_dags/example_sla_dag.py took 0.028 seconds
[2024-07-07T22:17:25.734+0000] {processor.py:161} INFO - Started process (PID=455) to work on /home/airflow/.local/lib/python3.12/site-packages/airflow/example_dags/example_sla_dag.py
[2024-07-07T22:17:25.734+0000] {processor.py:830} INFO - Processing file /home/airflow/.local/lib/python3.12/site-packages/airflow/example_dags/example_sla_dag.py for tasks to queue
[2024-07-07T22:17:25.735+0000] {logging_mixin.py:188} INFO - [2024-07-07T22:17:25.735+0000] {dagbag.py:545} INFO - Filling up the DagBag from /home/airflow/.local/lib/python3.12/site-packages/airflow/example_dags/example_sla_dag.py
[2024-07-07T22:17:25.739+0000] {processor.py:840} INFO - DAG(s) 'example_sla_dag' retrieved from /home/airflow/.local/lib/python3.12/site-packages/airflow/example_dags/example_sla_dag.py
[2024-07-07T22:17:25.748+0000] {logging_mixin.py:188} INFO - [2024-07-07T22:17:25.747+0000] {dag.py:3096} INFO - Sync 1 DAGs
[2024-07-07T22:17:25.756+0000] {logging_mixin.py:188} INFO - [2024-07-07T22:17:25.756+0000] {dag.py:3954} INFO - Setting next_dagrun for example_sla_dag to 2024-07-07 22:14:00+00:00, run_after=2024-07-07 22:16:00+00:00
[2024-07-07T22:17:25.763+0000] {processor.py:183} INFO - Processing /home/airflow/.local/lib/python3.12/site-packages/airflow/example_dags/example_sla_dag.py took 0.032 seconds
[2024-07-07T22:17:56.073+0000] {processor.py:161} INFO - Started process (PID=509) to work on /home/airflow/.local/lib/python3.12/site-packages/airflow/example_dags/example_sla_dag.py
[2024-07-07T22:17:56.074+0000] {processor.py:830} INFO - Processing file /home/airflow/.local/lib/python3.12/site-packages/airflow/example_dags/example_sla_dag.py for tasks to queue
[2024-07-07T22:17:56.075+0000] {logging_mixin.py:188} INFO - [2024-07-07T22:17:56.074+0000] {dagbag.py:545} INFO - Filling up the DagBag from /home/airflow/.local/lib/python3.12/site-packages/airflow/example_dags/example_sla_dag.py
[2024-07-07T22:17:56.079+0000] {processor.py:840} INFO - DAG(s) 'example_sla_dag' retrieved from /home/airflow/.local/lib/python3.12/site-packages/airflow/example_dags/example_sla_dag.py
[2024-07-07T22:17:56.087+0000] {logging_mixin.py:188} INFO - [2024-07-07T22:17:56.087+0000] {dag.py:3096} INFO - Sync 1 DAGs
[2024-07-07T22:17:56.097+0000] {logging_mixin.py:188} INFO - [2024-07-07T22:17:56.096+0000] {dag.py:3954} INFO - Setting next_dagrun for example_sla_dag to 2024-07-07 22:14:00+00:00, run_after=2024-07-07 22:16:00+00:00
[2024-07-07T22:17:56.104+0000] {processor.py:183} INFO - Processing /home/airflow/.local/lib/python3.12/site-packages/airflow/example_dags/example_sla_dag.py took 0.033 seconds
[2024-07-07T22:18:26.591+0000] {processor.py:161} INFO - Started process (PID=561) to work on /home/airflow/.local/lib/python3.12/site-packages/airflow/example_dags/example_sla_dag.py
[2024-07-07T22:18:26.591+0000] {processor.py:830} INFO - Processing file /home/airflow/.local/lib/python3.12/site-packages/airflow/example_dags/example_sla_dag.py for tasks to queue
[2024-07-07T22:18:26.592+0000] {logging_mixin.py:188} INFO - [2024-07-07T22:18:26.592+0000] {dagbag.py:545} INFO - Filling up the DagBag from /home/airflow/.local/lib/python3.12/site-packages/airflow/example_dags/example_sla_dag.py
[2024-07-07T22:18:26.595+0000] {processor.py:840} INFO - DAG(s) 'example_sla_dag' retrieved from /home/airflow/.local/lib/python3.12/site-packages/airflow/example_dags/example_sla_dag.py
[2024-07-07T22:18:26.602+0000] {logging_mixin.py:188} INFO - [2024-07-07T22:18:26.602+0000] {dag.py:3096} INFO - Sync 1 DAGs
[2024-07-07T22:18:26.610+0000] {logging_mixin.py:188} INFO - [2024-07-07T22:18:26.610+0000] {dag.py:3954} INFO - Setting next_dagrun for example_sla_dag to 2024-07-07 22:16:00+00:00, run_after=2024-07-07 22:18:00+00:00
[2024-07-07T22:18:26.617+0000] {processor.py:183} INFO - Processing /home/airflow/.local/lib/python3.12/site-packages/airflow/example_dags/example_sla_dag.py took 0.028 seconds
[2024-07-07T22:18:56.909+0000] {processor.py:161} INFO - Started process (PID=613) to work on /home/airflow/.local/lib/python3.12/site-packages/airflow/example_dags/example_sla_dag.py
[2024-07-07T22:18:56.909+0000] {processor.py:830} INFO - Processing file /home/airflow/.local/lib/python3.12/site-packages/airflow/example_dags/example_sla_dag.py for tasks to queue
[2024-07-07T22:18:56.910+0000] {logging_mixin.py:188} INFO - [2024-07-07T22:18:56.910+0000] {dagbag.py:545} INFO - Filling up the DagBag from /home/airflow/.local/lib/python3.12/site-packages/airflow/example_dags/example_sla_dag.py
[2024-07-07T22:18:56.914+0000] {processor.py:840} INFO - DAG(s) 'example_sla_dag' retrieved from /home/airflow/.local/lib/python3.12/site-packages/airflow/example_dags/example_sla_dag.py
[2024-07-07T22:18:56.924+0000] {logging_mixin.py:188} INFO - [2024-07-07T22:18:56.924+0000] {dag.py:3096} INFO - Sync 1 DAGs
[2024-07-07T22:18:56.932+0000] {logging_mixin.py:188} INFO - [2024-07-07T22:18:56.932+0000] {dag.py:3954} INFO - Setting next_dagrun for example_sla_dag to 2024-07-07 22:16:00+00:00, run_after=2024-07-07 22:18:00+00:00
[2024-07-07T22:18:56.938+0000] {processor.py:183} INFO - Processing /home/airflow/.local/lib/python3.12/site-packages/airflow/example_dags/example_sla_dag.py took 0.032 seconds
[2024-07-07T22:19:27.189+0000] {processor.py:161} INFO - Started process (PID=665) to work on /home/airflow/.local/lib/python3.12/site-packages/airflow/example_dags/example_sla_dag.py
[2024-07-07T22:19:27.189+0000] {processor.py:830} INFO - Processing file /home/airflow/.local/lib/python3.12/site-packages/airflow/example_dags/example_sla_dag.py for tasks to queue
[2024-07-07T22:19:27.190+0000] {logging_mixin.py:188} INFO - [2024-07-07T22:19:27.190+0000] {dagbag.py:545} INFO - Filling up the DagBag from /home/airflow/.local/lib/python3.12/site-packages/airflow/example_dags/example_sla_dag.py
[2024-07-07T22:19:27.193+0000] {processor.py:840} INFO - DAG(s) 'example_sla_dag' retrieved from /home/airflow/.local/lib/python3.12/site-packages/airflow/example_dags/example_sla_dag.py
[2024-07-07T22:19:27.200+0000] {logging_mixin.py:188} INFO - [2024-07-07T22:19:27.200+0000] {dag.py:3096} INFO - Sync 1 DAGs
[2024-07-07T22:19:27.208+0000] {logging_mixin.py:188} INFO - [2024-07-07T22:19:27.208+0000] {dag.py:3954} INFO - Setting next_dagrun for example_sla_dag to 2024-07-07 22:16:00+00:00, run_after=2024-07-07 22:18:00+00:00
[2024-07-07T22:19:27.215+0000] {processor.py:183} INFO - Processing /home/airflow/.local/lib/python3.12/site-packages/airflow/example_dags/example_sla_dag.py took 0.028 seconds
[2024-07-07T22:19:57.470+0000] {processor.py:161} INFO - Started process (PID=717) to work on /home/airflow/.local/lib/python3.12/site-packages/airflow/example_dags/example_sla_dag.py
[2024-07-07T22:19:57.471+0000] {processor.py:830} INFO - Processing file /home/airflow/.local/lib/python3.12/site-packages/airflow/example_dags/example_sla_dag.py for tasks to queue
[2024-07-07T22:19:57.471+0000] {logging_mixin.py:188} INFO - [2024-07-07T22:19:57.471+0000] {dagbag.py:545} INFO - Filling up the DagBag from /home/airflow/.local/lib/python3.12/site-packages/airflow/example_dags/example_sla_dag.py
[2024-07-07T22:19:57.475+0000] {processor.py:840} INFO - DAG(s) 'example_sla_dag' retrieved from /home/airflow/.local/lib/python3.12/site-packages/airflow/example_dags/example_sla_dag.py
[2024-07-07T22:19:57.483+0000] {logging_mixin.py:188} INFO - [2024-07-07T22:19:57.483+0000] {dag.py:3096} INFO - Sync 1 DAGs
[2024-07-07T22:19:57.493+0000] {logging_mixin.py:188} INFO - [2024-07-07T22:19:57.493+0000] {dag.py:3954} INFO - Setting next_dagrun for example_sla_dag to 2024-07-07 22:16:00+00:00, run_after=2024-07-07 22:18:00+00:00
[2024-07-07T22:19:57.500+0000] {processor.py:183} INFO - Processing /home/airflow/.local/lib/python3.12/site-packages/airflow/example_dags/example_sla_dag.py took 0.032 seconds
[2024-07-07T22:20:27.769+0000] {processor.py:161} INFO - Started process (PID=769) to work on /home/airflow/.local/lib/python3.12/site-packages/airflow/example_dags/example_sla_dag.py
[2024-07-07T22:20:27.770+0000] {processor.py:830} INFO - Processing file /home/airflow/.local/lib/python3.12/site-packages/airflow/example_dags/example_sla_dag.py for tasks to queue
[2024-07-07T22:20:27.771+0000] {logging_mixin.py:188} INFO - [2024-07-07T22:20:27.771+0000] {dagbag.py:545} INFO - Filling up the DagBag from /home/airflow/.local/lib/python3.12/site-packages/airflow/example_dags/example_sla_dag.py
[2024-07-07T22:20:27.774+0000] {processor.py:840} INFO - DAG(s) 'example_sla_dag' retrieved from /home/airflow/.local/lib/python3.12/site-packages/airflow/example_dags/example_sla_dag.py
[2024-07-07T22:20:27.782+0000] {logging_mixin.py:188} INFO - [2024-07-07T22:20:27.782+0000] {dag.py:3096} INFO - Sync 1 DAGs
[2024-07-07T22:20:27.790+0000] {logging_mixin.py:188} INFO - [2024-07-07T22:20:27.790+0000] {dag.py:3954} INFO - Setting next_dagrun for example_sla_dag to 2024-07-07 22:18:00+00:00, run_after=2024-07-07 22:20:00+00:00
[2024-07-07T22:20:27.796+0000] {processor.py:183} INFO - Processing /home/airflow/.local/lib/python3.12/site-packages/airflow/example_dags/example_sla_dag.py took 0.029 seconds
[2024-07-07T22:20:58.047+0000] {processor.py:161} INFO - Started process (PID=821) to work on /home/airflow/.local/lib/python3.12/site-packages/airflow/example_dags/example_sla_dag.py
[2024-07-07T22:20:58.047+0000] {processor.py:830} INFO - Processing file /home/airflow/.local/lib/python3.12/site-packages/airflow/example_dags/example_sla_dag.py for tasks to queue
[2024-07-07T22:20:58.048+0000] {logging_mixin.py:188} INFO - [2024-07-07T22:20:58.048+0000] {dagbag.py:545} INFO - Filling up the DagBag from /home/airflow/.local/lib/python3.12/site-packages/airflow/example_dags/example_sla_dag.py
[2024-07-07T22:20:58.051+0000] {processor.py:840} INFO - DAG(s) 'example_sla_dag' retrieved from /home/airflow/.local/lib/python3.12/site-packages/airflow/example_dags/example_sla_dag.py
[2024-07-07T22:20:58.059+0000] {logging_mixin.py:188} INFO - [2024-07-07T22:20:58.059+0000] {dag.py:3096} INFO - Sync 1 DAGs
[2024-07-07T22:20:58.068+0000] {logging_mixin.py:188} INFO - [2024-07-07T22:20:58.068+0000] {dag.py:3954} INFO - Setting next_dagrun for example_sla_dag to 2024-07-07 22:18:00+00:00, run_after=2024-07-07 22:20:00+00:00
[2024-07-07T22:20:58.074+0000] {processor.py:183} INFO - Processing /home/airflow/.local/lib/python3.12/site-packages/airflow/example_dags/example_sla_dag.py took 0.030 seconds
[2024-07-07T22:21:28.370+0000] {processor.py:161} INFO - Started process (PID=873) to work on /home/airflow/.local/lib/python3.12/site-packages/airflow/example_dags/example_sla_dag.py
[2024-07-07T22:21:28.370+0000] {processor.py:830} INFO - Processing file /home/airflow/.local/lib/python3.12/site-packages/airflow/example_dags/example_sla_dag.py for tasks to queue
[2024-07-07T22:21:28.371+0000] {logging_mixin.py:188} INFO - [2024-07-07T22:21:28.371+0000] {dagbag.py:545} INFO - Filling up the DagBag from /home/airflow/.local/lib/python3.12/site-packages/airflow/example_dags/example_sla_dag.py
[2024-07-07T22:21:28.374+0000] {processor.py:840} INFO - DAG(s) 'example_sla_dag' retrieved from /home/airflow/.local/lib/python3.12/site-packages/airflow/example_dags/example_sla_dag.py
[2024-07-07T22:21:28.383+0000] {logging_mixin.py:188} INFO - [2024-07-07T22:21:28.383+0000] {dag.py:3096} INFO - Sync 1 DAGs
[2024-07-07T22:21:28.393+0000] {logging_mixin.py:188} INFO - [2024-07-07T22:21:28.393+0000] {dag.py:3954} INFO - Setting next_dagrun for example_sla_dag to 2024-07-07 22:18:00+00:00, run_after=2024-07-07 22:20:00+00:00
[2024-07-07T22:21:28.399+0000] {processor.py:183} INFO - Processing /home/airflow/.local/lib/python3.12/site-packages/airflow/example_dags/example_sla_dag.py took 0.032 seconds
[2024-07-07T22:21:58.735+0000] {processor.py:161} INFO - Started process (PID=925) to work on /home/airflow/.local/lib/python3.12/site-packages/airflow/example_dags/example_sla_dag.py
[2024-07-07T22:21:58.735+0000] {processor.py:830} INFO - Processing file /home/airflow/.local/lib/python3.12/site-packages/airflow/example_dags/example_sla_dag.py for tasks to queue
[2024-07-07T22:21:58.736+0000] {logging_mixin.py:188} INFO - [2024-07-07T22:21:58.736+0000] {dagbag.py:545} INFO - Filling up the DagBag from /home/airflow/.local/lib/python3.12/site-packages/airflow/example_dags/example_sla_dag.py
[2024-07-07T22:21:58.739+0000] {processor.py:840} INFO - DAG(s) 'example_sla_dag' retrieved from /home/airflow/.local/lib/python3.12/site-packages/airflow/example_dags/example_sla_dag.py
[2024-07-07T22:21:58.747+0000] {logging_mixin.py:188} INFO - [2024-07-07T22:21:58.747+0000] {dag.py:3096} INFO - Sync 1 DAGs
[2024-07-07T22:21:58.755+0000] {logging_mixin.py:188} INFO - [2024-07-07T22:21:58.755+0000] {dag.py:3954} INFO - Setting next_dagrun for example_sla_dag to 2024-07-07 22:18:00+00:00, run_after=2024-07-07 22:20:00+00:00
[2024-07-07T22:21:58.761+0000] {processor.py:183} INFO - Processing /home/airflow/.local/lib/python3.12/site-packages/airflow/example_dags/example_sla_dag.py took 0.028 seconds
[2024-07-07T22:22:29.114+0000] {processor.py:161} INFO - Started process (PID=977) to work on /home/airflow/.local/lib/python3.12/site-packages/airflow/example_dags/example_sla_dag.py
[2024-07-07T22:22:29.114+0000] {processor.py:830} INFO - Processing file /home/airflow/.local/lib/python3.12/site-packages/airflow/example_dags/example_sla_dag.py for tasks to queue
[2024-07-07T22:22:29.115+0000] {logging_mixin.py:188} INFO - [2024-07-07T22:22:29.115+0000] {dagbag.py:545} INFO - Filling up the DagBag from /home/airflow/.local/lib/python3.12/site-packages/airflow/example_dags/example_sla_dag.py
[2024-07-07T22:22:29.119+0000] {processor.py:840} INFO - DAG(s) 'example_sla_dag' retrieved from /home/airflow/.local/lib/python3.12/site-packages/airflow/example_dags/example_sla_dag.py
[2024-07-07T22:22:29.129+0000] {logging_mixin.py:188} INFO - [2024-07-07T22:22:29.128+0000] {dag.py:3096} INFO - Sync 1 DAGs
[2024-07-07T22:22:29.139+0000] {logging_mixin.py:188} INFO - [2024-07-07T22:22:29.139+0000] {dag.py:3954} INFO - Setting next_dagrun for example_sla_dag to 2024-07-07 22:20:00+00:00, run_after=2024-07-07 22:22:00+00:00
[2024-07-07T22:22:29.146+0000] {processor.py:183} INFO - Processing /home/airflow/.local/lib/python3.12/site-packages/airflow/example_dags/example_sla_dag.py took 0.035 seconds
[2024-07-07T22:22:59.424+0000] {processor.py:161} INFO - Started process (PID=1029) to work on /home/airflow/.local/lib/python3.12/site-packages/airflow/example_dags/example_sla_dag.py
[2024-07-07T22:22:59.425+0000] {processor.py:830} INFO - Processing file /home/airflow/.local/lib/python3.12/site-packages/airflow/example_dags/example_sla_dag.py for tasks to queue
[2024-07-07T22:22:59.426+0000] {logging_mixin.py:188} INFO - [2024-07-07T22:22:59.425+0000] {dagbag.py:545} INFO - Filling up the DagBag from /home/airflow/.local/lib/python3.12/site-packages/airflow/example_dags/example_sla_dag.py
[2024-07-07T22:22:59.430+0000] {processor.py:840} INFO - DAG(s) 'example_sla_dag' retrieved from /home/airflow/.local/lib/python3.12/site-packages/airflow/example_dags/example_sla_dag.py
[2024-07-07T22:22:59.439+0000] {logging_mixin.py:188} INFO - [2024-07-07T22:22:59.439+0000] {dag.py:3096} INFO - Sync 1 DAGs
[2024-07-07T22:22:59.449+0000] {logging_mixin.py:188} INFO - [2024-07-07T22:22:59.449+0000] {dag.py:3954} INFO - Setting next_dagrun for example_sla_dag to 2024-07-07 22:20:00+00:00, run_after=2024-07-07 22:22:00+00:00
[2024-07-07T22:22:59.458+0000] {processor.py:183} INFO - Processing /home/airflow/.local/lib/python3.12/site-packages/airflow/example_dags/example_sla_dag.py took 0.036 seconds
[2024-07-07T22:23:29.732+0000] {processor.py:161} INFO - Started process (PID=1081) to work on /home/airflow/.local/lib/python3.12/site-packages/airflow/example_dags/example_sla_dag.py
[2024-07-07T22:23:29.732+0000] {processor.py:830} INFO - Processing file /home/airflow/.local/lib/python3.12/site-packages/airflow/example_dags/example_sla_dag.py for tasks to queue
[2024-07-07T22:23:29.733+0000] {logging_mixin.py:188} INFO - [2024-07-07T22:23:29.733+0000] {dagbag.py:545} INFO - Filling up the DagBag from /home/airflow/.local/lib/python3.12/site-packages/airflow/example_dags/example_sla_dag.py
[2024-07-07T22:23:29.736+0000] {processor.py:840} INFO - DAG(s) 'example_sla_dag' retrieved from /home/airflow/.local/lib/python3.12/site-packages/airflow/example_dags/example_sla_dag.py
[2024-07-07T22:23:29.744+0000] {logging_mixin.py:188} INFO - [2024-07-07T22:23:29.744+0000] {dag.py:3096} INFO - Sync 1 DAGs
[2024-07-07T22:23:29.752+0000] {logging_mixin.py:188} INFO - [2024-07-07T22:23:29.752+0000] {dag.py:3954} INFO - Setting next_dagrun for example_sla_dag to 2024-07-07 22:20:00+00:00, run_after=2024-07-07 22:22:00+00:00
[2024-07-07T22:23:29.758+0000] {processor.py:183} INFO - Processing /home/airflow/.local/lib/python3.12/site-packages/airflow/example_dags/example_sla_dag.py took 0.029 seconds
[2024-07-07T22:24:00.101+0000] {processor.py:161} INFO - Started process (PID=1133) to work on /home/airflow/.local/lib/python3.12/site-packages/airflow/example_dags/example_sla_dag.py
[2024-07-07T22:24:00.101+0000] {processor.py:830} INFO - Processing file /home/airflow/.local/lib/python3.12/site-packages/airflow/example_dags/example_sla_dag.py for tasks to queue
[2024-07-07T22:24:00.102+0000] {logging_mixin.py:188} INFO - [2024-07-07T22:24:00.102+0000] {dagbag.py:545} INFO - Filling up the DagBag from /home/airflow/.local/lib/python3.12/site-packages/airflow/example_dags/example_sla_dag.py
[2024-07-07T22:24:00.105+0000] {processor.py:840} INFO - DAG(s) 'example_sla_dag' retrieved from /home/airflow/.local/lib/python3.12/site-packages/airflow/example_dags/example_sla_dag.py
[2024-07-07T22:24:00.114+0000] {logging_mixin.py:188} INFO - [2024-07-07T22:24:00.114+0000] {dag.py:3096} INFO - Sync 1 DAGs
[2024-07-07T22:24:00.123+0000] {logging_mixin.py:188} INFO - [2024-07-07T22:24:00.123+0000] {dag.py:3954} INFO - Setting next_dagrun for example_sla_dag to 2024-07-07 22:22:00+00:00, run_after=2024-07-07 22:24:00+00:00
[2024-07-07T22:24:00.133+0000] {processor.py:183} INFO - Processing /home/airflow/.local/lib/python3.12/site-packages/airflow/example_dags/example_sla_dag.py took 0.034 seconds
[2024-07-07T22:24:30.427+0000] {processor.py:161} INFO - Started process (PID=1185) to work on /home/airflow/.local/lib/python3.12/site-packages/airflow/example_dags/example_sla_dag.py
[2024-07-07T22:24:30.427+0000] {processor.py:830} INFO - Processing file /home/airflow/.local/lib/python3.12/site-packages/airflow/example_dags/example_sla_dag.py for tasks to queue
[2024-07-07T22:24:30.429+0000] {logging_mixin.py:188} INFO - [2024-07-07T22:24:30.428+0000] {dagbag.py:545} INFO - Filling up the DagBag from /home/airflow/.local/lib/python3.12/site-packages/airflow/example_dags/example_sla_dag.py
[2024-07-07T22:24:30.433+0000] {processor.py:840} INFO - DAG(s) 'example_sla_dag' retrieved from /home/airflow/.local/lib/python3.12/site-packages/airflow/example_dags/example_sla_dag.py
[2024-07-07T22:24:30.443+0000] {logging_mixin.py:188} INFO - [2024-07-07T22:24:30.443+0000] {dag.py:3096} INFO - Sync 1 DAGs
[2024-07-07T22:24:30.453+0000] {logging_mixin.py:188} INFO - [2024-07-07T22:24:30.453+0000] {dag.py:3954} INFO - Setting next_dagrun for example_sla_dag to 2024-07-07 22:22:00+00:00, run_after=2024-07-07 22:24:00+00:00
[2024-07-07T22:24:30.461+0000] {processor.py:183} INFO - Processing /home/airflow/.local/lib/python3.12/site-packages/airflow/example_dags/example_sla_dag.py took 0.037 seconds
[2024-07-07T22:25:00.913+0000] {processor.py:161} INFO - Started process (PID=1237) to work on /home/airflow/.local/lib/python3.12/site-packages/airflow/example_dags/example_sla_dag.py
[2024-07-07T22:25:00.914+0000] {processor.py:830} INFO - Processing file /home/airflow/.local/lib/python3.12/site-packages/airflow/example_dags/example_sla_dag.py for tasks to queue
[2024-07-07T22:25:00.915+0000] {logging_mixin.py:188} INFO - [2024-07-07T22:25:00.915+0000] {dagbag.py:545} INFO - Filling up the DagBag from /home/airflow/.local/lib/python3.12/site-packages/airflow/example_dags/example_sla_dag.py
[2024-07-07T22:25:00.921+0000] {processor.py:840} INFO - DAG(s) 'example_sla_dag' retrieved from /home/airflow/.local/lib/python3.12/site-packages/airflow/example_dags/example_sla_dag.py
[2024-07-07T22:25:00.936+0000] {logging_mixin.py:188} INFO - [2024-07-07T22:25:00.935+0000] {dag.py:3096} INFO - Sync 1 DAGs
[2024-07-07T22:25:00.950+0000] {logging_mixin.py:188} INFO - [2024-07-07T22:25:00.950+0000] {dag.py:3954} INFO - Setting next_dagrun for example_sla_dag to 2024-07-07 22:22:00+00:00, run_after=2024-07-07 22:24:00+00:00
[2024-07-07T22:25:00.958+0000] {processor.py:183} INFO - Processing /home/airflow/.local/lib/python3.12/site-packages/airflow/example_dags/example_sla_dag.py took 0.049 seconds
[2024-07-07T22:25:31.430+0000] {processor.py:161} INFO - Started process (PID=1289) to work on /home/airflow/.local/lib/python3.12/site-packages/airflow/example_dags/example_sla_dag.py
[2024-07-07T22:25:31.431+0000] {processor.py:830} INFO - Processing file /home/airflow/.local/lib/python3.12/site-packages/airflow/example_dags/example_sla_dag.py for tasks to queue
[2024-07-07T22:25:31.432+0000] {logging_mixin.py:188} INFO - [2024-07-07T22:25:31.432+0000] {dagbag.py:545} INFO - Filling up the DagBag from /home/airflow/.local/lib/python3.12/site-packages/airflow/example_dags/example_sla_dag.py
[2024-07-07T22:25:31.437+0000] {processor.py:840} INFO - DAG(s) 'example_sla_dag' retrieved from /home/airflow/.local/lib/python3.12/site-packages/airflow/example_dags/example_sla_dag.py
[2024-07-07T22:25:31.449+0000] {logging_mixin.py:188} INFO - [2024-07-07T22:25:31.449+0000] {dag.py:3096} INFO - Sync 1 DAGs
[2024-07-07T22:25:31.462+0000] {logging_mixin.py:188} INFO - [2024-07-07T22:25:31.462+0000] {dag.py:3954} INFO - Setting next_dagrun for example_sla_dag to 2024-07-07 22:22:00+00:00, run_after=2024-07-07 22:24:00+00:00
[2024-07-07T22:25:31.469+0000] {processor.py:183} INFO - Processing /home/airflow/.local/lib/python3.12/site-packages/airflow/example_dags/example_sla_dag.py took 0.042 seconds
[2024-07-07T22:26:01.912+0000] {processor.py:161} INFO - Started process (PID=1341) to work on /home/airflow/.local/lib/python3.12/site-packages/airflow/example_dags/example_sla_dag.py
[2024-07-07T22:26:01.913+0000] {processor.py:830} INFO - Processing file /home/airflow/.local/lib/python3.12/site-packages/airflow/example_dags/example_sla_dag.py for tasks to queue
[2024-07-07T22:26:01.914+0000] {logging_mixin.py:188} INFO - [2024-07-07T22:26:01.914+0000] {dagbag.py:545} INFO - Filling up the DagBag from /home/airflow/.local/lib/python3.12/site-packages/airflow/example_dags/example_sla_dag.py
[2024-07-07T22:26:01.919+0000] {processor.py:840} INFO - DAG(s) 'example_sla_dag' retrieved from /home/airflow/.local/lib/python3.12/site-packages/airflow/example_dags/example_sla_dag.py
[2024-07-07T22:26:01.930+0000] {logging_mixin.py:188} INFO - [2024-07-07T22:26:01.930+0000] {dag.py:3096} INFO - Sync 1 DAGs
[2024-07-07T22:26:01.942+0000] {logging_mixin.py:188} INFO - [2024-07-07T22:26:01.942+0000] {dag.py:3954} INFO - Setting next_dagrun for example_sla_dag to 2024-07-07 22:24:00+00:00, run_after=2024-07-07 22:26:00+00:00
[2024-07-07T22:26:01.951+0000] {processor.py:183} INFO - Processing /home/airflow/.local/lib/python3.12/site-packages/airflow/example_dags/example_sla_dag.py took 0.042 seconds
[2024-07-07T22:26:32.306+0000] {processor.py:161} INFO - Started process (PID=1393) to work on /home/airflow/.local/lib/python3.12/site-packages/airflow/example_dags/example_sla_dag.py
[2024-07-07T22:26:32.306+0000] {processor.py:830} INFO - Processing file /home/airflow/.local/lib/python3.12/site-packages/airflow/example_dags/example_sla_dag.py for tasks to queue
[2024-07-07T22:26:32.307+0000] {logging_mixin.py:188} INFO - [2024-07-07T22:26:32.307+0000] {dagbag.py:545} INFO - Filling up the DagBag from /home/airflow/.local/lib/python3.12/site-packages/airflow/example_dags/example_sla_dag.py
[2024-07-07T22:26:32.310+0000] {processor.py:840} INFO - DAG(s) 'example_sla_dag' retrieved from /home/airflow/.local/lib/python3.12/site-packages/airflow/example_dags/example_sla_dag.py
[2024-07-07T22:26:32.318+0000] {logging_mixin.py:188} INFO - [2024-07-07T22:26:32.318+0000] {dag.py:3096} INFO - Sync 1 DAGs
[2024-07-07T22:26:32.327+0000] {logging_mixin.py:188} INFO - [2024-07-07T22:26:32.326+0000] {dag.py:3954} INFO - Setting next_dagrun for example_sla_dag to 2024-07-07 22:24:00+00:00, run_after=2024-07-07 22:26:00+00:00
[2024-07-07T22:26:32.333+0000] {processor.py:183} INFO - Processing /home/airflow/.local/lib/python3.12/site-packages/airflow/example_dags/example_sla_dag.py took 0.029 seconds
[2024-07-07T22:27:02.605+0000] {processor.py:161} INFO - Started process (PID=1445) to work on /home/airflow/.local/lib/python3.12/site-packages/airflow/example_dags/example_sla_dag.py
[2024-07-07T22:27:02.605+0000] {processor.py:830} INFO - Processing file /home/airflow/.local/lib/python3.12/site-packages/airflow/example_dags/example_sla_dag.py for tasks to queue
[2024-07-07T22:27:02.606+0000] {logging_mixin.py:188} INFO - [2024-07-07T22:27:02.606+0000] {dagbag.py:545} INFO - Filling up the DagBag from /home/airflow/.local/lib/python3.12/site-packages/airflow/example_dags/example_sla_dag.py
[2024-07-07T22:27:02.609+0000] {processor.py:840} INFO - DAG(s) 'example_sla_dag' retrieved from /home/airflow/.local/lib/python3.12/site-packages/airflow/example_dags/example_sla_dag.py
[2024-07-07T22:27:02.617+0000] {logging_mixin.py:188} INFO - [2024-07-07T22:27:02.617+0000] {dag.py:3096} INFO - Sync 1 DAGs
[2024-07-07T22:27:02.625+0000] {logging_mixin.py:188} INFO - [2024-07-07T22:27:02.625+0000] {dag.py:3954} INFO - Setting next_dagrun for example_sla_dag to 2024-07-07 22:24:00+00:00, run_after=2024-07-07 22:26:00+00:00
[2024-07-07T22:27:02.632+0000] {processor.py:183} INFO - Processing /home/airflow/.local/lib/python3.12/site-packages/airflow/example_dags/example_sla_dag.py took 0.029 seconds
[2024-07-07T22:27:32.866+0000] {processor.py:161} INFO - Started process (PID=1497) to work on /home/airflow/.local/lib/python3.12/site-packages/airflow/example_dags/example_sla_dag.py
[2024-07-07T22:27:32.866+0000] {processor.py:830} INFO - Processing file /home/airflow/.local/lib/python3.12/site-packages/airflow/example_dags/example_sla_dag.py for tasks to queue
[2024-07-07T22:27:32.867+0000] {logging_mixin.py:188} INFO - [2024-07-07T22:27:32.867+0000] {dagbag.py:545} INFO - Filling up the DagBag from /home/airflow/.local/lib/python3.12/site-packages/airflow/example_dags/example_sla_dag.py
[2024-07-07T22:27:32.870+0000] {processor.py:840} INFO - DAG(s) 'example_sla_dag' retrieved from /home/airflow/.local/lib/python3.12/site-packages/airflow/example_dags/example_sla_dag.py
[2024-07-07T22:27:32.877+0000] {logging_mixin.py:188} INFO - [2024-07-07T22:27:32.877+0000] {dag.py:3096} INFO - Sync 1 DAGs
[2024-07-07T22:27:32.885+0000] {logging_mixin.py:188} INFO - [2024-07-07T22:27:32.885+0000] {dag.py:3954} INFO - Setting next_dagrun for example_sla_dag to 2024-07-07 22:24:00+00:00, run_after=2024-07-07 22:26:00+00:00
[2024-07-07T22:27:32.891+0000] {processor.py:183} INFO - Processing /home/airflow/.local/lib/python3.12/site-packages/airflow/example_dags/example_sla_dag.py took 0.028 seconds
[2024-07-07T22:28:03.123+0000] {processor.py:161} INFO - Started process (PID=1549) to work on /home/airflow/.local/lib/python3.12/site-packages/airflow/example_dags/example_sla_dag.py
[2024-07-07T22:28:03.123+0000] {processor.py:830} INFO - Processing file /home/airflow/.local/lib/python3.12/site-packages/airflow/example_dags/example_sla_dag.py for tasks to queue
[2024-07-07T22:28:03.124+0000] {logging_mixin.py:188} INFO - [2024-07-07T22:28:03.124+0000] {dagbag.py:545} INFO - Filling up the DagBag from /home/airflow/.local/lib/python3.12/site-packages/airflow/example_dags/example_sla_dag.py
[2024-07-07T22:28:03.127+0000] {processor.py:840} INFO - DAG(s) 'example_sla_dag' retrieved from /home/airflow/.local/lib/python3.12/site-packages/airflow/example_dags/example_sla_dag.py
[2024-07-07T22:28:03.135+0000] {logging_mixin.py:188} INFO - [2024-07-07T22:28:03.135+0000] {dag.py:3096} INFO - Sync 1 DAGs
[2024-07-07T22:28:03.143+0000] {logging_mixin.py:188} INFO - [2024-07-07T22:28:03.143+0000] {dag.py:3954} INFO - Setting next_dagrun for example_sla_dag to 2024-07-07 22:26:00+00:00, run_after=2024-07-07 22:28:00+00:00
[2024-07-07T22:28:03.149+0000] {processor.py:183} INFO - Processing /home/airflow/.local/lib/python3.12/site-packages/airflow/example_dags/example_sla_dag.py took 0.029 seconds
[2024-07-07T22:28:33.385+0000] {processor.py:161} INFO - Started process (PID=1601) to work on /home/airflow/.local/lib/python3.12/site-packages/airflow/example_dags/example_sla_dag.py
[2024-07-07T22:28:33.386+0000] {processor.py:830} INFO - Processing file /home/airflow/.local/lib/python3.12/site-packages/airflow/example_dags/example_sla_dag.py for tasks to queue
[2024-07-07T22:28:33.386+0000] {logging_mixin.py:188} INFO - [2024-07-07T22:28:33.386+0000] {dagbag.py:545} INFO - Filling up the DagBag from /home/airflow/.local/lib/python3.12/site-packages/airflow/example_dags/example_sla_dag.py
[2024-07-07T22:28:33.390+0000] {processor.py:840} INFO - DAG(s) 'example_sla_dag' retrieved from /home/airflow/.local/lib/python3.12/site-packages/airflow/example_dags/example_sla_dag.py
[2024-07-07T22:28:33.397+0000] {logging_mixin.py:188} INFO - [2024-07-07T22:28:33.397+0000] {dag.py:3096} INFO - Sync 1 DAGs
[2024-07-07T22:28:33.406+0000] {logging_mixin.py:188} INFO - [2024-07-07T22:28:33.406+0000] {dag.py:3954} INFO - Setting next_dagrun for example_sla_dag to 2024-07-07 22:26:00+00:00, run_after=2024-07-07 22:28:00+00:00
[2024-07-07T22:28:33.412+0000] {processor.py:183} INFO - Processing /home/airflow/.local/lib/python3.12/site-packages/airflow/example_dags/example_sla_dag.py took 0.029 seconds
[2024-07-07T22:29:03.701+0000] {processor.py:161} INFO - Started process (PID=1653) to work on /home/airflow/.local/lib/python3.12/site-packages/airflow/example_dags/example_sla_dag.py
[2024-07-07T22:29:03.701+0000] {processor.py:830} INFO - Processing file /home/airflow/.local/lib/python3.12/site-packages/airflow/example_dags/example_sla_dag.py for tasks to queue
[2024-07-07T22:29:03.702+0000] {logging_mixin.py:188} INFO - [2024-07-07T22:29:03.702+0000] {dagbag.py:545} INFO - Filling up the DagBag from /home/airflow/.local/lib/python3.12/site-packages/airflow/example_dags/example_sla_dag.py
[2024-07-07T22:29:03.705+0000] {processor.py:840} INFO - DAG(s) 'example_sla_dag' retrieved from /home/airflow/.local/lib/python3.12/site-packages/airflow/example_dags/example_sla_dag.py
[2024-07-07T22:29:03.712+0000] {logging_mixin.py:188} INFO - [2024-07-07T22:29:03.712+0000] {dag.py:3096} INFO - Sync 1 DAGs
[2024-07-07T22:29:03.720+0000] {logging_mixin.py:188} INFO - [2024-07-07T22:29:03.720+0000] {dag.py:3954} INFO - Setting next_dagrun for example_sla_dag to 2024-07-07 22:26:00+00:00, run_after=2024-07-07 22:28:00+00:00
[2024-07-07T22:29:03.726+0000] {processor.py:183} INFO - Processing /home/airflow/.local/lib/python3.12/site-packages/airflow/example_dags/example_sla_dag.py took 0.027 seconds
[2024-07-07T22:29:34.200+0000] {processor.py:161} INFO - Started process (PID=1705) to work on /home/airflow/.local/lib/python3.12/site-packages/airflow/example_dags/example_sla_dag.py
[2024-07-07T22:29:34.201+0000] {processor.py:830} INFO - Processing file /home/airflow/.local/lib/python3.12/site-packages/airflow/example_dags/example_sla_dag.py for tasks to queue
[2024-07-07T22:29:34.201+0000] {logging_mixin.py:188} INFO - [2024-07-07T22:29:34.201+0000] {dagbag.py:545} INFO - Filling up the DagBag from /home/airflow/.local/lib/python3.12/site-packages/airflow/example_dags/example_sla_dag.py
[2024-07-07T22:29:34.204+0000] {processor.py:840} INFO - DAG(s) 'example_sla_dag' retrieved from /home/airflow/.local/lib/python3.12/site-packages/airflow/example_dags/example_sla_dag.py
[2024-07-07T22:29:34.212+0000] {logging_mixin.py:188} INFO - [2024-07-07T22:29:34.212+0000] {dag.py:3096} INFO - Sync 1 DAGs
[2024-07-07T22:29:34.220+0000] {logging_mixin.py:188} INFO - [2024-07-07T22:29:34.220+0000] {dag.py:3954} INFO - Setting next_dagrun for example_sla_dag to 2024-07-07 22:26:00+00:00, run_after=2024-07-07 22:28:00+00:00
[2024-07-07T22:29:34.226+0000] {processor.py:183} INFO - Processing /home/airflow/.local/lib/python3.12/site-packages/airflow/example_dags/example_sla_dag.py took 0.028 seconds
[2024-07-07T22:30:04.573+0000] {processor.py:161} INFO - Started process (PID=1757) to work on /home/airflow/.local/lib/python3.12/site-packages/airflow/example_dags/example_sla_dag.py
[2024-07-07T22:30:04.574+0000] {processor.py:830} INFO - Processing file /home/airflow/.local/lib/python3.12/site-packages/airflow/example_dags/example_sla_dag.py for tasks to queue
[2024-07-07T22:30:04.574+0000] {logging_mixin.py:188} INFO - [2024-07-07T22:30:04.574+0000] {dagbag.py:545} INFO - Filling up the DagBag from /home/airflow/.local/lib/python3.12/site-packages/airflow/example_dags/example_sla_dag.py
[2024-07-07T22:30:04.577+0000] {processor.py:840} INFO - DAG(s) 'example_sla_dag' retrieved from /home/airflow/.local/lib/python3.12/site-packages/airflow/example_dags/example_sla_dag.py
[2024-07-07T22:30:04.585+0000] {logging_mixin.py:188} INFO - [2024-07-07T22:30:04.585+0000] {dag.py:3096} INFO - Sync 1 DAGs
[2024-07-07T22:30:04.593+0000] {logging_mixin.py:188} INFO - [2024-07-07T22:30:04.593+0000] {dag.py:3954} INFO - Setting next_dagrun for example_sla_dag to 2024-07-07 22:28:00+00:00, run_after=2024-07-07 22:30:00+00:00
[2024-07-07T22:30:04.670+0000] {processor.py:183} INFO - Processing /home/airflow/.local/lib/python3.12/site-packages/airflow/example_dags/example_sla_dag.py took 0.099 seconds
[2024-07-07T22:30:35.026+0000] {processor.py:161} INFO - Started process (PID=1809) to work on /home/airflow/.local/lib/python3.12/site-packages/airflow/example_dags/example_sla_dag.py
[2024-07-07T22:30:35.027+0000] {processor.py:830} INFO - Processing file /home/airflow/.local/lib/python3.12/site-packages/airflow/example_dags/example_sla_dag.py for tasks to queue
[2024-07-07T22:30:35.028+0000] {logging_mixin.py:188} INFO - [2024-07-07T22:30:35.027+0000] {dagbag.py:545} INFO - Filling up the DagBag from /home/airflow/.local/lib/python3.12/site-packages/airflow/example_dags/example_sla_dag.py
[2024-07-07T22:30:35.031+0000] {processor.py:840} INFO - DAG(s) 'example_sla_dag' retrieved from /home/airflow/.local/lib/python3.12/site-packages/airflow/example_dags/example_sla_dag.py
[2024-07-07T22:30:35.038+0000] {logging_mixin.py:188} INFO - [2024-07-07T22:30:35.038+0000] {dag.py:3096} INFO - Sync 1 DAGs
[2024-07-07T22:30:35.046+0000] {logging_mixin.py:188} INFO - [2024-07-07T22:30:35.046+0000] {dag.py:3954} INFO - Setting next_dagrun for example_sla_dag to 2024-07-07 22:28:00+00:00, run_after=2024-07-07 22:30:00+00:00
[2024-07-07T22:30:35.052+0000] {processor.py:183} INFO - Processing /home/airflow/.local/lib/python3.12/site-packages/airflow/example_dags/example_sla_dag.py took 0.028 seconds
[2024-07-07T22:31:06.097+0000] {processor.py:161} INFO - Started process (PID=1861) to work on /home/airflow/.local/lib/python3.12/site-packages/airflow/example_dags/example_sla_dag.py
[2024-07-07T22:31:06.098+0000] {processor.py:830} INFO - Processing file /home/airflow/.local/lib/python3.12/site-packages/airflow/example_dags/example_sla_dag.py for tasks to queue
[2024-07-07T22:31:06.099+0000] {logging_mixin.py:188} INFO - [2024-07-07T22:31:06.099+0000] {dagbag.py:545} INFO - Filling up the DagBag from /home/airflow/.local/lib/python3.12/site-packages/airflow/example_dags/example_sla_dag.py
[2024-07-07T22:31:06.104+0000] {processor.py:840} INFO - DAG(s) 'example_sla_dag' retrieved from /home/airflow/.local/lib/python3.12/site-packages/airflow/example_dags/example_sla_dag.py
[2024-07-07T22:31:06.114+0000] {logging_mixin.py:188} INFO - [2024-07-07T22:31:06.114+0000] {dag.py:3096} INFO - Sync 1 DAGs
[2024-07-07T22:31:06.124+0000] {logging_mixin.py:188} INFO - [2024-07-07T22:31:06.124+0000] {dag.py:3954} INFO - Setting next_dagrun for example_sla_dag to 2024-07-07 22:28:00+00:00, run_after=2024-07-07 22:30:00+00:00
[2024-07-07T22:31:06.132+0000] {processor.py:183} INFO - Processing /home/airflow/.local/lib/python3.12/site-packages/airflow/example_dags/example_sla_dag.py took 0.038 seconds
[2024-07-07T22:31:37.116+0000] {processor.py:161} INFO - Started process (PID=1913) to work on /home/airflow/.local/lib/python3.12/site-packages/airflow/example_dags/example_sla_dag.py
[2024-07-07T22:31:37.116+0000] {processor.py:830} INFO - Processing file /home/airflow/.local/lib/python3.12/site-packages/airflow/example_dags/example_sla_dag.py for tasks to queue
[2024-07-07T22:31:37.117+0000] {logging_mixin.py:188} INFO - [2024-07-07T22:31:37.117+0000] {dagbag.py:545} INFO - Filling up the DagBag from /home/airflow/.local/lib/python3.12/site-packages/airflow/example_dags/example_sla_dag.py
[2024-07-07T22:31:37.121+0000] {processor.py:840} INFO - DAG(s) 'example_sla_dag' retrieved from /home/airflow/.local/lib/python3.12/site-packages/airflow/example_dags/example_sla_dag.py
[2024-07-07T22:31:37.130+0000] {logging_mixin.py:188} INFO - [2024-07-07T22:31:37.130+0000] {dag.py:3096} INFO - Sync 1 DAGs
[2024-07-07T22:31:37.139+0000] {logging_mixin.py:188} INFO - [2024-07-07T22:31:37.139+0000] {dag.py:3954} INFO - Setting next_dagrun for example_sla_dag to 2024-07-07 22:28:00+00:00, run_after=2024-07-07 22:30:00+00:00
[2024-07-07T22:31:37.146+0000] {processor.py:183} INFO - Processing /home/airflow/.local/lib/python3.12/site-packages/airflow/example_dags/example_sla_dag.py took 0.033 seconds
[2024-07-07T22:32:08.235+0000] {processor.py:161} INFO - Started process (PID=1965) to work on /home/airflow/.local/lib/python3.12/site-packages/airflow/example_dags/example_sla_dag.py
[2024-07-07T22:32:08.236+0000] {processor.py:830} INFO - Processing file /home/airflow/.local/lib/python3.12/site-packages/airflow/example_dags/example_sla_dag.py for tasks to queue
[2024-07-07T22:32:08.236+0000] {logging_mixin.py:188} INFO - [2024-07-07T22:32:08.236+0000] {dagbag.py:545} INFO - Filling up the DagBag from /home/airflow/.local/lib/python3.12/site-packages/airflow/example_dags/example_sla_dag.py
[2024-07-07T22:32:08.240+0000] {processor.py:840} INFO - DAG(s) 'example_sla_dag' retrieved from /home/airflow/.local/lib/python3.12/site-packages/airflow/example_dags/example_sla_dag.py
[2024-07-07T22:32:08.247+0000] {logging_mixin.py:188} INFO - [2024-07-07T22:32:08.247+0000] {dag.py:3096} INFO - Sync 1 DAGs
[2024-07-07T22:32:08.323+0000] {logging_mixin.py:188} INFO - [2024-07-07T22:32:08.323+0000] {dag.py:3954} INFO - Setting next_dagrun for example_sla_dag to 2024-07-07 22:30:00+00:00, run_after=2024-07-07 22:32:00+00:00
[2024-07-07T22:32:08.329+0000] {processor.py:183} INFO - Processing /home/airflow/.local/lib/python3.12/site-packages/airflow/example_dags/example_sla_dag.py took 0.096 seconds
[2024-07-07T22:32:39.250+0000] {processor.py:161} INFO - Started process (PID=2017) to work on /home/airflow/.local/lib/python3.12/site-packages/airflow/example_dags/example_sla_dag.py
[2024-07-07T22:32:39.250+0000] {processor.py:830} INFO - Processing file /home/airflow/.local/lib/python3.12/site-packages/airflow/example_dags/example_sla_dag.py for tasks to queue
[2024-07-07T22:32:39.251+0000] {logging_mixin.py:188} INFO - [2024-07-07T22:32:39.251+0000] {dagbag.py:545} INFO - Filling up the DagBag from /home/airflow/.local/lib/python3.12/site-packages/airflow/example_dags/example_sla_dag.py
[2024-07-07T22:32:39.254+0000] {processor.py:840} INFO - DAG(s) 'example_sla_dag' retrieved from /home/airflow/.local/lib/python3.12/site-packages/airflow/example_dags/example_sla_dag.py
[2024-07-07T22:32:39.262+0000] {logging_mixin.py:188} INFO - [2024-07-07T22:32:39.262+0000] {dag.py:3096} INFO - Sync 1 DAGs
[2024-07-07T22:32:39.272+0000] {logging_mixin.py:188} INFO - [2024-07-07T22:32:39.271+0000] {dag.py:3954} INFO - Setting next_dagrun for example_sla_dag to 2024-07-07 22:30:00+00:00, run_after=2024-07-07 22:32:00+00:00
[2024-07-07T22:32:39.277+0000] {processor.py:183} INFO - Processing /home/airflow/.local/lib/python3.12/site-packages/airflow/example_dags/example_sla_dag.py took 0.031 seconds
[2024-07-07T22:33:09.676+0000] {processor.py:161} INFO - Started process (PID=2069) to work on /home/airflow/.local/lib/python3.12/site-packages/airflow/example_dags/example_sla_dag.py
[2024-07-07T22:33:09.677+0000] {processor.py:830} INFO - Processing file /home/airflow/.local/lib/python3.12/site-packages/airflow/example_dags/example_sla_dag.py for tasks to queue
[2024-07-07T22:33:09.678+0000] {logging_mixin.py:188} INFO - [2024-07-07T22:33:09.678+0000] {dagbag.py:545} INFO - Filling up the DagBag from /home/airflow/.local/lib/python3.12/site-packages/airflow/example_dags/example_sla_dag.py
[2024-07-07T22:33:09.684+0000] {processor.py:840} INFO - DAG(s) 'example_sla_dag' retrieved from /home/airflow/.local/lib/python3.12/site-packages/airflow/example_dags/example_sla_dag.py
[2024-07-07T22:33:09.694+0000] {logging_mixin.py:188} INFO - [2024-07-07T22:33:09.694+0000] {dag.py:3096} INFO - Sync 1 DAGs
[2024-07-07T22:33:09.707+0000] {logging_mixin.py:188} INFO - [2024-07-07T22:33:09.707+0000] {dag.py:3954} INFO - Setting next_dagrun for example_sla_dag to 2024-07-07 22:30:00+00:00, run_after=2024-07-07 22:32:00+00:00
[2024-07-07T22:33:09.721+0000] {processor.py:183} INFO - Processing /home/airflow/.local/lib/python3.12/site-packages/airflow/example_dags/example_sla_dag.py took 0.047 seconds
[2024-07-07T22:33:40.119+0000] {processor.py:161} INFO - Started process (PID=2121) to work on /home/airflow/.local/lib/python3.12/site-packages/airflow/example_dags/example_sla_dag.py
[2024-07-07T22:33:40.119+0000] {processor.py:830} INFO - Processing file /home/airflow/.local/lib/python3.12/site-packages/airflow/example_dags/example_sla_dag.py for tasks to queue
[2024-07-07T22:33:40.121+0000] {logging_mixin.py:188} INFO - [2024-07-07T22:33:40.121+0000] {dagbag.py:545} INFO - Filling up the DagBag from /home/airflow/.local/lib/python3.12/site-packages/airflow/example_dags/example_sla_dag.py
[2024-07-07T22:33:40.127+0000] {processor.py:840} INFO - DAG(s) 'example_sla_dag' retrieved from /home/airflow/.local/lib/python3.12/site-packages/airflow/example_dags/example_sla_dag.py
[2024-07-07T22:33:40.138+0000] {logging_mixin.py:188} INFO - [2024-07-07T22:33:40.138+0000] {dag.py:3096} INFO - Sync 1 DAGs
[2024-07-07T22:33:40.151+0000] {logging_mixin.py:188} INFO - [2024-07-07T22:33:40.151+0000] {dag.py:3954} INFO - Setting next_dagrun for example_sla_dag to 2024-07-07 22:30:00+00:00, run_after=2024-07-07 22:32:00+00:00
[2024-07-07T22:33:40.160+0000] {processor.py:183} INFO - Processing /home/airflow/.local/lib/python3.12/site-packages/airflow/example_dags/example_sla_dag.py took 0.044 seconds
