[2024-07-07T22:13:09.616+0000] {processor.py:161} INFO - Started process (PID=73) to work on /home/airflow/.local/lib/python3.12/site-packages/airflow/example_dags/example_bash_decorator.py
[2024-07-07T22:13:09.616+0000] {processor.py:830} INFO - Processing file /home/airflow/.local/lib/python3.12/site-packages/airflow/example_dags/example_bash_decorator.py for tasks to queue
[2024-07-07T22:13:09.617+0000] {logging_mixin.py:188} INFO - [2024-07-07T22:13:09.617+0000] {dagbag.py:545} INFO - Filling up the DagBag from /home/airflow/.local/lib/python3.12/site-packages/airflow/example_dags/example_bash_decorator.py
[2024-07-07T22:13:09.623+0000] {processor.py:840} INFO - DAG(s) 'example_bash_decorator' retrieved from /home/airflow/.local/lib/python3.12/site-packages/airflow/example_dags/example_bash_decorator.py
[2024-07-07T22:13:09.665+0000] {logging_mixin.py:188} INFO - [2024-07-07T22:13:09.664+0000] {override.py:1829} INFO - Created Permission View: can edit on DAG:example_bash_decorator
[2024-07-07T22:13:09.668+0000] {logging_mixin.py:188} INFO - [2024-07-07T22:13:09.667+0000] {override.py:1829} INFO - Created Permission View: can read on DAG:example_bash_decorator
[2024-07-07T22:13:09.669+0000] {logging_mixin.py:188} INFO - [2024-07-07T22:13:09.669+0000] {override.py:1829} INFO - Created Permission View: can delete on DAG:example_bash_decorator
[2024-07-07T22:13:09.669+0000] {logging_mixin.py:188} INFO - [2024-07-07T22:13:09.669+0000] {dag.py:3096} INFO - Sync 1 DAGs
[2024-07-07T22:13:09.674+0000] {logging_mixin.py:188} INFO - [2024-07-07T22:13:09.674+0000] {dag.py:3118} INFO - Creating ORM DAG for example_bash_decorator
[2024-07-07T22:13:09.674+0000] {logging_mixin.py:188} INFO - [2024-07-07T22:13:09.674+0000] {dag.py:3954} INFO - Setting next_dagrun for example_bash_decorator to None, run_after=None
[2024-07-07T22:13:09.679+0000] {processor.py:183} INFO - Processing /home/airflow/.local/lib/python3.12/site-packages/airflow/example_dags/example_bash_decorator.py took 0.066 seconds
[2024-07-07T22:13:54.092+0000] {processor.py:161} INFO - Started process (PID=73) to work on /home/airflow/.local/lib/python3.12/site-packages/airflow/example_dags/example_bash_decorator.py
[2024-07-07T22:13:54.094+0000] {processor.py:830} INFO - Processing file /home/airflow/.local/lib/python3.12/site-packages/airflow/example_dags/example_bash_decorator.py for tasks to queue
[2024-07-07T22:13:54.095+0000] {logging_mixin.py:188} INFO - [2024-07-07T22:13:54.095+0000] {dagbag.py:545} INFO - Filling up the DagBag from /home/airflow/.local/lib/python3.12/site-packages/airflow/example_dags/example_bash_decorator.py
[2024-07-07T22:13:54.104+0000] {processor.py:840} INFO - DAG(s) 'example_bash_decorator' retrieved from /home/airflow/.local/lib/python3.12/site-packages/airflow/example_dags/example_bash_decorator.py
[2024-07-07T22:13:54.114+0000] {logging_mixin.py:188} INFO - [2024-07-07T22:13:54.114+0000] {dag.py:3096} INFO - Sync 1 DAGs
[2024-07-07T22:13:54.122+0000] {logging_mixin.py:188} INFO - [2024-07-07T22:13:54.122+0000] {dag.py:3954} INFO - Setting next_dagrun for example_bash_decorator to None, run_after=None
[2024-07-07T22:13:54.135+0000] {processor.py:183} INFO - Processing /home/airflow/.local/lib/python3.12/site-packages/airflow/example_dags/example_bash_decorator.py took 0.049 seconds
[2024-07-07T22:14:24.163+0000] {processor.py:161} INFO - Started process (PID=125) to work on /home/airflow/.local/lib/python3.12/site-packages/airflow/example_dags/example_bash_decorator.py
[2024-07-07T22:14:24.164+0000] {processor.py:830} INFO - Processing file /home/airflow/.local/lib/python3.12/site-packages/airflow/example_dags/example_bash_decorator.py for tasks to queue
[2024-07-07T22:14:24.164+0000] {logging_mixin.py:188} INFO - [2024-07-07T22:14:24.164+0000] {dagbag.py:545} INFO - Filling up the DagBag from /home/airflow/.local/lib/python3.12/site-packages/airflow/example_dags/example_bash_decorator.py
[2024-07-07T22:14:24.169+0000] {processor.py:840} INFO - DAG(s) 'example_bash_decorator' retrieved from /home/airflow/.local/lib/python3.12/site-packages/airflow/example_dags/example_bash_decorator.py
[2024-07-07T22:14:24.203+0000] {logging_mixin.py:188} INFO - [2024-07-07T22:14:24.203+0000] {dag.py:3096} INFO - Sync 1 DAGs
[2024-07-07T22:14:24.207+0000] {logging_mixin.py:188} INFO - [2024-07-07T22:14:24.206+0000] {dag.py:3954} INFO - Setting next_dagrun for example_bash_decorator to None, run_after=None
[2024-07-07T22:14:24.213+0000] {processor.py:183} INFO - Processing /home/airflow/.local/lib/python3.12/site-packages/airflow/example_dags/example_bash_decorator.py took 0.051 seconds
[2024-07-07T22:14:54.866+0000] {processor.py:161} INFO - Started process (PID=177) to work on /home/airflow/.local/lib/python3.12/site-packages/airflow/example_dags/example_bash_decorator.py
[2024-07-07T22:14:54.867+0000] {processor.py:830} INFO - Processing file /home/airflow/.local/lib/python3.12/site-packages/airflow/example_dags/example_bash_decorator.py for tasks to queue
[2024-07-07T22:14:54.867+0000] {logging_mixin.py:188} INFO - [2024-07-07T22:14:54.867+0000] {dagbag.py:545} INFO - Filling up the DagBag from /home/airflow/.local/lib/python3.12/site-packages/airflow/example_dags/example_bash_decorator.py
[2024-07-07T22:14:54.872+0000] {processor.py:840} INFO - DAG(s) 'example_bash_decorator' retrieved from /home/airflow/.local/lib/python3.12/site-packages/airflow/example_dags/example_bash_decorator.py
[2024-07-07T22:14:54.882+0000] {logging_mixin.py:188} INFO - [2024-07-07T22:14:54.881+0000] {dag.py:3096} INFO - Sync 1 DAGs
[2024-07-07T22:14:54.887+0000] {logging_mixin.py:188} INFO - [2024-07-07T22:14:54.887+0000] {dag.py:3954} INFO - Setting next_dagrun for example_bash_decorator to None, run_after=None
[2024-07-07T22:14:54.893+0000] {processor.py:183} INFO - Processing /home/airflow/.local/lib/python3.12/site-packages/airflow/example_dags/example_bash_decorator.py took 0.028 seconds
[2024-07-07T22:15:25.152+0000] {processor.py:161} INFO - Started process (PID=229) to work on /home/airflow/.local/lib/python3.12/site-packages/airflow/example_dags/example_bash_decorator.py
[2024-07-07T22:15:25.152+0000] {processor.py:830} INFO - Processing file /home/airflow/.local/lib/python3.12/site-packages/airflow/example_dags/example_bash_decorator.py for tasks to queue
[2024-07-07T22:15:25.153+0000] {logging_mixin.py:188} INFO - [2024-07-07T22:15:25.153+0000] {dagbag.py:545} INFO - Filling up the DagBag from /home/airflow/.local/lib/python3.12/site-packages/airflow/example_dags/example_bash_decorator.py
[2024-07-07T22:15:25.158+0000] {processor.py:840} INFO - DAG(s) 'example_bash_decorator' retrieved from /home/airflow/.local/lib/python3.12/site-packages/airflow/example_dags/example_bash_decorator.py
[2024-07-07T22:15:25.166+0000] {logging_mixin.py:188} INFO - [2024-07-07T22:15:25.166+0000] {dag.py:3096} INFO - Sync 1 DAGs
[2024-07-07T22:15:25.170+0000] {logging_mixin.py:188} INFO - [2024-07-07T22:15:25.170+0000] {dag.py:3954} INFO - Setting next_dagrun for example_bash_decorator to None, run_after=None
[2024-07-07T22:15:25.176+0000] {processor.py:183} INFO - Processing /home/airflow/.local/lib/python3.12/site-packages/airflow/example_dags/example_bash_decorator.py took 0.026 seconds
[2024-07-07T22:15:55.383+0000] {processor.py:161} INFO - Started process (PID=294) to work on /home/airflow/.local/lib/python3.12/site-packages/airflow/example_dags/example_bash_decorator.py
[2024-07-07T22:15:55.384+0000] {processor.py:830} INFO - Processing file /home/airflow/.local/lib/python3.12/site-packages/airflow/example_dags/example_bash_decorator.py for tasks to queue
[2024-07-07T22:15:55.385+0000] {logging_mixin.py:188} INFO - [2024-07-07T22:15:55.385+0000] {dagbag.py:545} INFO - Filling up the DagBag from /home/airflow/.local/lib/python3.12/site-packages/airflow/example_dags/example_bash_decorator.py
[2024-07-07T22:15:55.390+0000] {processor.py:840} INFO - DAG(s) 'example_bash_decorator' retrieved from /home/airflow/.local/lib/python3.12/site-packages/airflow/example_dags/example_bash_decorator.py
[2024-07-07T22:15:55.398+0000] {logging_mixin.py:188} INFO - [2024-07-07T22:15:55.398+0000] {dag.py:3096} INFO - Sync 1 DAGs
[2024-07-07T22:15:55.401+0000] {logging_mixin.py:188} INFO - [2024-07-07T22:15:55.401+0000] {dag.py:3954} INFO - Setting next_dagrun for example_bash_decorator to None, run_after=None
[2024-07-07T22:15:55.407+0000] {processor.py:183} INFO - Processing /home/airflow/.local/lib/python3.12/site-packages/airflow/example_dags/example_bash_decorator.py took 0.026 seconds
[2024-07-07T22:16:25.575+0000] {processor.py:161} INFO - Started process (PID=354) to work on /home/airflow/.local/lib/python3.12/site-packages/airflow/example_dags/example_bash_decorator.py
[2024-07-07T22:16:25.576+0000] {processor.py:830} INFO - Processing file /home/airflow/.local/lib/python3.12/site-packages/airflow/example_dags/example_bash_decorator.py for tasks to queue
[2024-07-07T22:16:25.577+0000] {logging_mixin.py:188} INFO - [2024-07-07T22:16:25.577+0000] {dagbag.py:545} INFO - Filling up the DagBag from /home/airflow/.local/lib/python3.12/site-packages/airflow/example_dags/example_bash_decorator.py
[2024-07-07T22:16:25.582+0000] {processor.py:840} INFO - DAG(s) 'example_bash_decorator' retrieved from /home/airflow/.local/lib/python3.12/site-packages/airflow/example_dags/example_bash_decorator.py
[2024-07-07T22:16:25.591+0000] {logging_mixin.py:188} INFO - [2024-07-07T22:16:25.591+0000] {dag.py:3096} INFO - Sync 1 DAGs
[2024-07-07T22:16:25.596+0000] {logging_mixin.py:188} INFO - [2024-07-07T22:16:25.595+0000] {dag.py:3954} INFO - Setting next_dagrun for example_bash_decorator to None, run_after=None
[2024-07-07T22:16:25.601+0000] {processor.py:183} INFO - Processing /home/airflow/.local/lib/python3.12/site-packages/airflow/example_dags/example_bash_decorator.py took 0.028 seconds
[2024-07-07T22:16:55.821+0000] {processor.py:161} INFO - Started process (PID=419) to work on /home/airflow/.local/lib/python3.12/site-packages/airflow/example_dags/example_bash_decorator.py
[2024-07-07T22:16:55.821+0000] {processor.py:830} INFO - Processing file /home/airflow/.local/lib/python3.12/site-packages/airflow/example_dags/example_bash_decorator.py for tasks to queue
[2024-07-07T22:16:55.822+0000] {logging_mixin.py:188} INFO - [2024-07-07T22:16:55.822+0000] {dagbag.py:545} INFO - Filling up the DagBag from /home/airflow/.local/lib/python3.12/site-packages/airflow/example_dags/example_bash_decorator.py
[2024-07-07T22:16:55.827+0000] {processor.py:840} INFO - DAG(s) 'example_bash_decorator' retrieved from /home/airflow/.local/lib/python3.12/site-packages/airflow/example_dags/example_bash_decorator.py
[2024-07-07T22:16:55.834+0000] {logging_mixin.py:188} INFO - [2024-07-07T22:16:55.834+0000] {dag.py:3096} INFO - Sync 1 DAGs
[2024-07-07T22:16:55.838+0000] {logging_mixin.py:188} INFO - [2024-07-07T22:16:55.838+0000] {dag.py:3954} INFO - Setting next_dagrun for example_bash_decorator to None, run_after=None
[2024-07-07T22:16:55.844+0000] {processor.py:183} INFO - Processing /home/airflow/.local/lib/python3.12/site-packages/airflow/example_dags/example_bash_decorator.py took 0.025 seconds
[2024-07-07T22:17:26.086+0000] {processor.py:161} INFO - Started process (PID=472) to work on /home/airflow/.local/lib/python3.12/site-packages/airflow/example_dags/example_bash_decorator.py
[2024-07-07T22:17:26.087+0000] {processor.py:830} INFO - Processing file /home/airflow/.local/lib/python3.12/site-packages/airflow/example_dags/example_bash_decorator.py for tasks to queue
[2024-07-07T22:17:26.087+0000] {logging_mixin.py:188} INFO - [2024-07-07T22:17:26.087+0000] {dagbag.py:545} INFO - Filling up the DagBag from /home/airflow/.local/lib/python3.12/site-packages/airflow/example_dags/example_bash_decorator.py
[2024-07-07T22:17:26.092+0000] {processor.py:840} INFO - DAG(s) 'example_bash_decorator' retrieved from /home/airflow/.local/lib/python3.12/site-packages/airflow/example_dags/example_bash_decorator.py
[2024-07-07T22:17:26.100+0000] {logging_mixin.py:188} INFO - [2024-07-07T22:17:26.100+0000] {dag.py:3096} INFO - Sync 1 DAGs
[2024-07-07T22:17:26.105+0000] {logging_mixin.py:188} INFO - [2024-07-07T22:17:26.105+0000] {dag.py:3954} INFO - Setting next_dagrun for example_bash_decorator to None, run_after=None
[2024-07-07T22:17:26.111+0000] {processor.py:183} INFO - Processing /home/airflow/.local/lib/python3.12/site-packages/airflow/example_dags/example_bash_decorator.py took 0.027 seconds
[2024-07-07T22:17:56.498+0000] {processor.py:161} INFO - Started process (PID=526) to work on /home/airflow/.local/lib/python3.12/site-packages/airflow/example_dags/example_bash_decorator.py
[2024-07-07T22:17:56.499+0000] {processor.py:830} INFO - Processing file /home/airflow/.local/lib/python3.12/site-packages/airflow/example_dags/example_bash_decorator.py for tasks to queue
[2024-07-07T22:17:56.500+0000] {logging_mixin.py:188} INFO - [2024-07-07T22:17:56.499+0000] {dagbag.py:545} INFO - Filling up the DagBag from /home/airflow/.local/lib/python3.12/site-packages/airflow/example_dags/example_bash_decorator.py
[2024-07-07T22:17:56.505+0000] {processor.py:840} INFO - DAG(s) 'example_bash_decorator' retrieved from /home/airflow/.local/lib/python3.12/site-packages/airflow/example_dags/example_bash_decorator.py
[2024-07-07T22:17:56.514+0000] {logging_mixin.py:188} INFO - [2024-07-07T22:17:56.514+0000] {dag.py:3096} INFO - Sync 1 DAGs
[2024-07-07T22:17:56.519+0000] {logging_mixin.py:188} INFO - [2024-07-07T22:17:56.519+0000] {dag.py:3954} INFO - Setting next_dagrun for example_bash_decorator to None, run_after=None
[2024-07-07T22:17:56.525+0000] {processor.py:183} INFO - Processing /home/airflow/.local/lib/python3.12/site-packages/airflow/example_dags/example_bash_decorator.py took 0.030 seconds
[2024-07-07T22:18:26.908+0000] {processor.py:161} INFO - Started process (PID=578) to work on /home/airflow/.local/lib/python3.12/site-packages/airflow/example_dags/example_bash_decorator.py
[2024-07-07T22:18:26.908+0000] {processor.py:830} INFO - Processing file /home/airflow/.local/lib/python3.12/site-packages/airflow/example_dags/example_bash_decorator.py for tasks to queue
[2024-07-07T22:18:26.909+0000] {logging_mixin.py:188} INFO - [2024-07-07T22:18:26.909+0000] {dagbag.py:545} INFO - Filling up the DagBag from /home/airflow/.local/lib/python3.12/site-packages/airflow/example_dags/example_bash_decorator.py
[2024-07-07T22:18:26.913+0000] {processor.py:840} INFO - DAG(s) 'example_bash_decorator' retrieved from /home/airflow/.local/lib/python3.12/site-packages/airflow/example_dags/example_bash_decorator.py
[2024-07-07T22:18:26.921+0000] {logging_mixin.py:188} INFO - [2024-07-07T22:18:26.921+0000] {dag.py:3096} INFO - Sync 1 DAGs
[2024-07-07T22:18:26.925+0000] {logging_mixin.py:188} INFO - [2024-07-07T22:18:26.925+0000] {dag.py:3954} INFO - Setting next_dagrun for example_bash_decorator to None, run_after=None
[2024-07-07T22:18:26.930+0000] {processor.py:183} INFO - Processing /home/airflow/.local/lib/python3.12/site-packages/airflow/example_dags/example_bash_decorator.py took 0.025 seconds
[2024-07-07T22:18:57.217+0000] {processor.py:161} INFO - Started process (PID=630) to work on /home/airflow/.local/lib/python3.12/site-packages/airflow/example_dags/example_bash_decorator.py
[2024-07-07T22:18:57.217+0000] {processor.py:830} INFO - Processing file /home/airflow/.local/lib/python3.12/site-packages/airflow/example_dags/example_bash_decorator.py for tasks to queue
[2024-07-07T22:18:57.218+0000] {logging_mixin.py:188} INFO - [2024-07-07T22:18:57.217+0000] {dagbag.py:545} INFO - Filling up the DagBag from /home/airflow/.local/lib/python3.12/site-packages/airflow/example_dags/example_bash_decorator.py
[2024-07-07T22:18:57.222+0000] {processor.py:840} INFO - DAG(s) 'example_bash_decorator' retrieved from /home/airflow/.local/lib/python3.12/site-packages/airflow/example_dags/example_bash_decorator.py
[2024-07-07T22:18:57.230+0000] {logging_mixin.py:188} INFO - [2024-07-07T22:18:57.229+0000] {dag.py:3096} INFO - Sync 1 DAGs
[2024-07-07T22:18:57.233+0000] {logging_mixin.py:188} INFO - [2024-07-07T22:18:57.233+0000] {dag.py:3954} INFO - Setting next_dagrun for example_bash_decorator to None, run_after=None
[2024-07-07T22:18:57.238+0000] {processor.py:183} INFO - Processing /home/airflow/.local/lib/python3.12/site-packages/airflow/example_dags/example_bash_decorator.py took 0.024 seconds
[2024-07-07T22:19:27.506+0000] {processor.py:161} INFO - Started process (PID=682) to work on /home/airflow/.local/lib/python3.12/site-packages/airflow/example_dags/example_bash_decorator.py
[2024-07-07T22:19:27.506+0000] {processor.py:830} INFO - Processing file /home/airflow/.local/lib/python3.12/site-packages/airflow/example_dags/example_bash_decorator.py for tasks to queue
[2024-07-07T22:19:27.507+0000] {logging_mixin.py:188} INFO - [2024-07-07T22:19:27.507+0000] {dagbag.py:545} INFO - Filling up the DagBag from /home/airflow/.local/lib/python3.12/site-packages/airflow/example_dags/example_bash_decorator.py
[2024-07-07T22:19:27.511+0000] {processor.py:840} INFO - DAG(s) 'example_bash_decorator' retrieved from /home/airflow/.local/lib/python3.12/site-packages/airflow/example_dags/example_bash_decorator.py
[2024-07-07T22:19:27.519+0000] {logging_mixin.py:188} INFO - [2024-07-07T22:19:27.519+0000] {dag.py:3096} INFO - Sync 1 DAGs
[2024-07-07T22:19:27.523+0000] {logging_mixin.py:188} INFO - [2024-07-07T22:19:27.523+0000] {dag.py:3954} INFO - Setting next_dagrun for example_bash_decorator to None, run_after=None
[2024-07-07T22:19:27.529+0000] {processor.py:183} INFO - Processing /home/airflow/.local/lib/python3.12/site-packages/airflow/example_dags/example_bash_decorator.py took 0.025 seconds
[2024-07-07T22:19:57.836+0000] {processor.py:161} INFO - Started process (PID=734) to work on /home/airflow/.local/lib/python3.12/site-packages/airflow/example_dags/example_bash_decorator.py
[2024-07-07T22:19:57.836+0000] {processor.py:830} INFO - Processing file /home/airflow/.local/lib/python3.12/site-packages/airflow/example_dags/example_bash_decorator.py for tasks to queue
[2024-07-07T22:19:57.837+0000] {logging_mixin.py:188} INFO - [2024-07-07T22:19:57.837+0000] {dagbag.py:545} INFO - Filling up the DagBag from /home/airflow/.local/lib/python3.12/site-packages/airflow/example_dags/example_bash_decorator.py
[2024-07-07T22:19:57.842+0000] {processor.py:840} INFO - DAG(s) 'example_bash_decorator' retrieved from /home/airflow/.local/lib/python3.12/site-packages/airflow/example_dags/example_bash_decorator.py
[2024-07-07T22:19:57.851+0000] {logging_mixin.py:188} INFO - [2024-07-07T22:19:57.851+0000] {dag.py:3096} INFO - Sync 1 DAGs
[2024-07-07T22:19:57.856+0000] {logging_mixin.py:188} INFO - [2024-07-07T22:19:57.856+0000] {dag.py:3954} INFO - Setting next_dagrun for example_bash_decorator to None, run_after=None
[2024-07-07T22:19:57.862+0000] {processor.py:183} INFO - Processing /home/airflow/.local/lib/python3.12/site-packages/airflow/example_dags/example_bash_decorator.py took 0.028 seconds
[2024-07-07T22:20:28.085+0000] {processor.py:161} INFO - Started process (PID=786) to work on /home/airflow/.local/lib/python3.12/site-packages/airflow/example_dags/example_bash_decorator.py
[2024-07-07T22:20:28.085+0000] {processor.py:830} INFO - Processing file /home/airflow/.local/lib/python3.12/site-packages/airflow/example_dags/example_bash_decorator.py for tasks to queue
[2024-07-07T22:20:28.086+0000] {logging_mixin.py:188} INFO - [2024-07-07T22:20:28.086+0000] {dagbag.py:545} INFO - Filling up the DagBag from /home/airflow/.local/lib/python3.12/site-packages/airflow/example_dags/example_bash_decorator.py
[2024-07-07T22:20:28.091+0000] {processor.py:840} INFO - DAG(s) 'example_bash_decorator' retrieved from /home/airflow/.local/lib/python3.12/site-packages/airflow/example_dags/example_bash_decorator.py
[2024-07-07T22:20:28.101+0000] {logging_mixin.py:188} INFO - [2024-07-07T22:20:28.101+0000] {dag.py:3096} INFO - Sync 1 DAGs
[2024-07-07T22:20:28.107+0000] {logging_mixin.py:188} INFO - [2024-07-07T22:20:28.107+0000] {dag.py:3954} INFO - Setting next_dagrun for example_bash_decorator to None, run_after=None
[2024-07-07T22:20:28.116+0000] {processor.py:183} INFO - Processing /home/airflow/.local/lib/python3.12/site-packages/airflow/example_dags/example_bash_decorator.py took 0.034 seconds
[2024-07-07T22:20:58.383+0000] {processor.py:161} INFO - Started process (PID=838) to work on /home/airflow/.local/lib/python3.12/site-packages/airflow/example_dags/example_bash_decorator.py
[2024-07-07T22:20:58.384+0000] {processor.py:830} INFO - Processing file /home/airflow/.local/lib/python3.12/site-packages/airflow/example_dags/example_bash_decorator.py for tasks to queue
[2024-07-07T22:20:58.384+0000] {logging_mixin.py:188} INFO - [2024-07-07T22:20:58.384+0000] {dagbag.py:545} INFO - Filling up the DagBag from /home/airflow/.local/lib/python3.12/site-packages/airflow/example_dags/example_bash_decorator.py
[2024-07-07T22:20:58.389+0000] {processor.py:840} INFO - DAG(s) 'example_bash_decorator' retrieved from /home/airflow/.local/lib/python3.12/site-packages/airflow/example_dags/example_bash_decorator.py
[2024-07-07T22:20:58.396+0000] {logging_mixin.py:188} INFO - [2024-07-07T22:20:58.396+0000] {dag.py:3096} INFO - Sync 1 DAGs
[2024-07-07T22:20:58.400+0000] {logging_mixin.py:188} INFO - [2024-07-07T22:20:58.400+0000] {dag.py:3954} INFO - Setting next_dagrun for example_bash_decorator to None, run_after=None
[2024-07-07T22:20:58.405+0000] {processor.py:183} INFO - Processing /home/airflow/.local/lib/python3.12/site-packages/airflow/example_dags/example_bash_decorator.py took 0.023 seconds
[2024-07-07T22:21:28.759+0000] {processor.py:161} INFO - Started process (PID=890) to work on /home/airflow/.local/lib/python3.12/site-packages/airflow/example_dags/example_bash_decorator.py
[2024-07-07T22:21:28.759+0000] {processor.py:830} INFO - Processing file /home/airflow/.local/lib/python3.12/site-packages/airflow/example_dags/example_bash_decorator.py for tasks to queue
[2024-07-07T22:21:28.760+0000] {logging_mixin.py:188} INFO - [2024-07-07T22:21:28.760+0000] {dagbag.py:545} INFO - Filling up the DagBag from /home/airflow/.local/lib/python3.12/site-packages/airflow/example_dags/example_bash_decorator.py
[2024-07-07T22:21:28.765+0000] {processor.py:840} INFO - DAG(s) 'example_bash_decorator' retrieved from /home/airflow/.local/lib/python3.12/site-packages/airflow/example_dags/example_bash_decorator.py
[2024-07-07T22:21:28.772+0000] {logging_mixin.py:188} INFO - [2024-07-07T22:21:28.772+0000] {dag.py:3096} INFO - Sync 1 DAGs
[2024-07-07T22:21:28.776+0000] {logging_mixin.py:188} INFO - [2024-07-07T22:21:28.776+0000] {dag.py:3954} INFO - Setting next_dagrun for example_bash_decorator to None, run_after=None
[2024-07-07T22:21:28.781+0000] {processor.py:183} INFO - Processing /home/airflow/.local/lib/python3.12/site-packages/airflow/example_dags/example_bash_decorator.py took 0.024 seconds
[2024-07-07T22:21:59.043+0000] {processor.py:161} INFO - Started process (PID=942) to work on /home/airflow/.local/lib/python3.12/site-packages/airflow/example_dags/example_bash_decorator.py
[2024-07-07T22:21:59.044+0000] {processor.py:830} INFO - Processing file /home/airflow/.local/lib/python3.12/site-packages/airflow/example_dags/example_bash_decorator.py for tasks to queue
[2024-07-07T22:21:59.045+0000] {logging_mixin.py:188} INFO - [2024-07-07T22:21:59.044+0000] {dagbag.py:545} INFO - Filling up the DagBag from /home/airflow/.local/lib/python3.12/site-packages/airflow/example_dags/example_bash_decorator.py
[2024-07-07T22:21:59.049+0000] {processor.py:840} INFO - DAG(s) 'example_bash_decorator' retrieved from /home/airflow/.local/lib/python3.12/site-packages/airflow/example_dags/example_bash_decorator.py
[2024-07-07T22:21:59.058+0000] {logging_mixin.py:188} INFO - [2024-07-07T22:21:59.058+0000] {dag.py:3096} INFO - Sync 1 DAGs
[2024-07-07T22:21:59.062+0000] {logging_mixin.py:188} INFO - [2024-07-07T22:21:59.062+0000] {dag.py:3954} INFO - Setting next_dagrun for example_bash_decorator to None, run_after=None
[2024-07-07T22:21:59.068+0000] {processor.py:183} INFO - Processing /home/airflow/.local/lib/python3.12/site-packages/airflow/example_dags/example_bash_decorator.py took 0.027 seconds
[2024-07-07T22:22:29.431+0000] {processor.py:161} INFO - Started process (PID=994) to work on /home/airflow/.local/lib/python3.12/site-packages/airflow/example_dags/example_bash_decorator.py
[2024-07-07T22:22:29.431+0000] {processor.py:830} INFO - Processing file /home/airflow/.local/lib/python3.12/site-packages/airflow/example_dags/example_bash_decorator.py for tasks to queue
[2024-07-07T22:22:29.432+0000] {logging_mixin.py:188} INFO - [2024-07-07T22:22:29.432+0000] {dagbag.py:545} INFO - Filling up the DagBag from /home/airflow/.local/lib/python3.12/site-packages/airflow/example_dags/example_bash_decorator.py
[2024-07-07T22:22:29.436+0000] {processor.py:840} INFO - DAG(s) 'example_bash_decorator' retrieved from /home/airflow/.local/lib/python3.12/site-packages/airflow/example_dags/example_bash_decorator.py
[2024-07-07T22:22:29.443+0000] {logging_mixin.py:188} INFO - [2024-07-07T22:22:29.443+0000] {dag.py:3096} INFO - Sync 1 DAGs
[2024-07-07T22:22:29.447+0000] {logging_mixin.py:188} INFO - [2024-07-07T22:22:29.447+0000] {dag.py:3954} INFO - Setting next_dagrun for example_bash_decorator to None, run_after=None
[2024-07-07T22:22:29.453+0000] {processor.py:183} INFO - Processing /home/airflow/.local/lib/python3.12/site-packages/airflow/example_dags/example_bash_decorator.py took 0.024 seconds
[2024-07-07T22:22:59.785+0000] {processor.py:161} INFO - Started process (PID=1046) to work on /home/airflow/.local/lib/python3.12/site-packages/airflow/example_dags/example_bash_decorator.py
[2024-07-07T22:22:59.785+0000] {processor.py:830} INFO - Processing file /home/airflow/.local/lib/python3.12/site-packages/airflow/example_dags/example_bash_decorator.py for tasks to queue
[2024-07-07T22:22:59.786+0000] {logging_mixin.py:188} INFO - [2024-07-07T22:22:59.786+0000] {dagbag.py:545} INFO - Filling up the DagBag from /home/airflow/.local/lib/python3.12/site-packages/airflow/example_dags/example_bash_decorator.py
[2024-07-07T22:22:59.791+0000] {processor.py:840} INFO - DAG(s) 'example_bash_decorator' retrieved from /home/airflow/.local/lib/python3.12/site-packages/airflow/example_dags/example_bash_decorator.py
[2024-07-07T22:22:59.799+0000] {logging_mixin.py:188} INFO - [2024-07-07T22:22:59.799+0000] {dag.py:3096} INFO - Sync 1 DAGs
[2024-07-07T22:22:59.803+0000] {logging_mixin.py:188} INFO - [2024-07-07T22:22:59.803+0000] {dag.py:3954} INFO - Setting next_dagrun for example_bash_decorator to None, run_after=None
[2024-07-07T22:22:59.809+0000] {processor.py:183} INFO - Processing /home/airflow/.local/lib/python3.12/site-packages/airflow/example_dags/example_bash_decorator.py took 0.027 seconds
[2024-07-07T22:23:30.077+0000] {processor.py:161} INFO - Started process (PID=1098) to work on /home/airflow/.local/lib/python3.12/site-packages/airflow/example_dags/example_bash_decorator.py
[2024-07-07T22:23:30.077+0000] {processor.py:830} INFO - Processing file /home/airflow/.local/lib/python3.12/site-packages/airflow/example_dags/example_bash_decorator.py for tasks to queue
[2024-07-07T22:23:30.078+0000] {logging_mixin.py:188} INFO - [2024-07-07T22:23:30.078+0000] {dagbag.py:545} INFO - Filling up the DagBag from /home/airflow/.local/lib/python3.12/site-packages/airflow/example_dags/example_bash_decorator.py
[2024-07-07T22:23:30.082+0000] {processor.py:840} INFO - DAG(s) 'example_bash_decorator' retrieved from /home/airflow/.local/lib/python3.12/site-packages/airflow/example_dags/example_bash_decorator.py
[2024-07-07T22:23:30.090+0000] {logging_mixin.py:188} INFO - [2024-07-07T22:23:30.090+0000] {dag.py:3096} INFO - Sync 1 DAGs
[2024-07-07T22:23:30.094+0000] {logging_mixin.py:188} INFO - [2024-07-07T22:23:30.094+0000] {dag.py:3954} INFO - Setting next_dagrun for example_bash_decorator to None, run_after=None
[2024-07-07T22:23:30.099+0000] {processor.py:183} INFO - Processing /home/airflow/.local/lib/python3.12/site-packages/airflow/example_dags/example_bash_decorator.py took 0.024 seconds
[2024-07-07T22:24:00.467+0000] {processor.py:161} INFO - Started process (PID=1150) to work on /home/airflow/.local/lib/python3.12/site-packages/airflow/example_dags/example_bash_decorator.py
[2024-07-07T22:24:00.467+0000] {processor.py:830} INFO - Processing file /home/airflow/.local/lib/python3.12/site-packages/airflow/example_dags/example_bash_decorator.py for tasks to queue
[2024-07-07T22:24:00.468+0000] {logging_mixin.py:188} INFO - [2024-07-07T22:24:00.468+0000] {dagbag.py:545} INFO - Filling up the DagBag from /home/airflow/.local/lib/python3.12/site-packages/airflow/example_dags/example_bash_decorator.py
[2024-07-07T22:24:00.473+0000] {processor.py:840} INFO - DAG(s) 'example_bash_decorator' retrieved from /home/airflow/.local/lib/python3.12/site-packages/airflow/example_dags/example_bash_decorator.py
[2024-07-07T22:24:00.482+0000] {logging_mixin.py:188} INFO - [2024-07-07T22:24:00.482+0000] {dag.py:3096} INFO - Sync 1 DAGs
[2024-07-07T22:24:00.487+0000] {logging_mixin.py:188} INFO - [2024-07-07T22:24:00.487+0000] {dag.py:3954} INFO - Setting next_dagrun for example_bash_decorator to None, run_after=None
[2024-07-07T22:24:00.494+0000] {processor.py:183} INFO - Processing /home/airflow/.local/lib/python3.12/site-packages/airflow/example_dags/example_bash_decorator.py took 0.029 seconds
[2024-07-07T22:24:30.791+0000] {processor.py:161} INFO - Started process (PID=1202) to work on /home/airflow/.local/lib/python3.12/site-packages/airflow/example_dags/example_bash_decorator.py
[2024-07-07T22:24:30.791+0000] {processor.py:830} INFO - Processing file /home/airflow/.local/lib/python3.12/site-packages/airflow/example_dags/example_bash_decorator.py for tasks to queue
[2024-07-07T22:24:30.792+0000] {logging_mixin.py:188} INFO - [2024-07-07T22:24:30.792+0000] {dagbag.py:545} INFO - Filling up the DagBag from /home/airflow/.local/lib/python3.12/site-packages/airflow/example_dags/example_bash_decorator.py
[2024-07-07T22:24:30.796+0000] {processor.py:840} INFO - DAG(s) 'example_bash_decorator' retrieved from /home/airflow/.local/lib/python3.12/site-packages/airflow/example_dags/example_bash_decorator.py
[2024-07-07T22:24:30.804+0000] {logging_mixin.py:188} INFO - [2024-07-07T22:24:30.804+0000] {dag.py:3096} INFO - Sync 1 DAGs
[2024-07-07T22:24:30.809+0000] {logging_mixin.py:188} INFO - [2024-07-07T22:24:30.809+0000] {dag.py:3954} INFO - Setting next_dagrun for example_bash_decorator to None, run_after=None
[2024-07-07T22:24:30.814+0000] {processor.py:183} INFO - Processing /home/airflow/.local/lib/python3.12/site-packages/airflow/example_dags/example_bash_decorator.py took 0.026 seconds
[2024-07-07T22:25:01.389+0000] {processor.py:161} INFO - Started process (PID=1254) to work on /home/airflow/.local/lib/python3.12/site-packages/airflow/example_dags/example_bash_decorator.py
[2024-07-07T22:25:01.389+0000] {processor.py:830} INFO - Processing file /home/airflow/.local/lib/python3.12/site-packages/airflow/example_dags/example_bash_decorator.py for tasks to queue
[2024-07-07T22:25:01.390+0000] {logging_mixin.py:188} INFO - [2024-07-07T22:25:01.390+0000] {dagbag.py:545} INFO - Filling up the DagBag from /home/airflow/.local/lib/python3.12/site-packages/airflow/example_dags/example_bash_decorator.py
[2024-07-07T22:25:01.395+0000] {processor.py:840} INFO - DAG(s) 'example_bash_decorator' retrieved from /home/airflow/.local/lib/python3.12/site-packages/airflow/example_dags/example_bash_decorator.py
[2024-07-07T22:25:01.404+0000] {logging_mixin.py:188} INFO - [2024-07-07T22:25:01.404+0000] {dag.py:3096} INFO - Sync 1 DAGs
[2024-07-07T22:25:01.408+0000] {logging_mixin.py:188} INFO - [2024-07-07T22:25:01.408+0000] {dag.py:3954} INFO - Setting next_dagrun for example_bash_decorator to None, run_after=None
[2024-07-07T22:25:01.414+0000] {processor.py:183} INFO - Processing /home/airflow/.local/lib/python3.12/site-packages/airflow/example_dags/example_bash_decorator.py took 0.027 seconds
[2024-07-07T22:25:31.804+0000] {processor.py:161} INFO - Started process (PID=1306) to work on /home/airflow/.local/lib/python3.12/site-packages/airflow/example_dags/example_bash_decorator.py
[2024-07-07T22:25:31.804+0000] {processor.py:830} INFO - Processing file /home/airflow/.local/lib/python3.12/site-packages/airflow/example_dags/example_bash_decorator.py for tasks to queue
[2024-07-07T22:25:31.805+0000] {logging_mixin.py:188} INFO - [2024-07-07T22:25:31.805+0000] {dagbag.py:545} INFO - Filling up the DagBag from /home/airflow/.local/lib/python3.12/site-packages/airflow/example_dags/example_bash_decorator.py
[2024-07-07T22:25:31.810+0000] {processor.py:840} INFO - DAG(s) 'example_bash_decorator' retrieved from /home/airflow/.local/lib/python3.12/site-packages/airflow/example_dags/example_bash_decorator.py
[2024-07-07T22:25:31.819+0000] {logging_mixin.py:188} INFO - [2024-07-07T22:25:31.819+0000] {dag.py:3096} INFO - Sync 1 DAGs
[2024-07-07T22:25:31.823+0000] {logging_mixin.py:188} INFO - [2024-07-07T22:25:31.823+0000] {dag.py:3954} INFO - Setting next_dagrun for example_bash_decorator to None, run_after=None
[2024-07-07T22:25:31.830+0000] {processor.py:183} INFO - Processing /home/airflow/.local/lib/python3.12/site-packages/airflow/example_dags/example_bash_decorator.py took 0.029 seconds
[2024-07-07T22:26:02.356+0000] {processor.py:161} INFO - Started process (PID=1358) to work on /home/airflow/.local/lib/python3.12/site-packages/airflow/example_dags/example_bash_decorator.py
[2024-07-07T22:26:02.357+0000] {processor.py:830} INFO - Processing file /home/airflow/.local/lib/python3.12/site-packages/airflow/example_dags/example_bash_decorator.py for tasks to queue
[2024-07-07T22:26:02.358+0000] {logging_mixin.py:188} INFO - [2024-07-07T22:26:02.358+0000] {dagbag.py:545} INFO - Filling up the DagBag from /home/airflow/.local/lib/python3.12/site-packages/airflow/example_dags/example_bash_decorator.py
[2024-07-07T22:26:02.364+0000] {processor.py:840} INFO - DAG(s) 'example_bash_decorator' retrieved from /home/airflow/.local/lib/python3.12/site-packages/airflow/example_dags/example_bash_decorator.py
[2024-07-07T22:26:02.373+0000] {logging_mixin.py:188} INFO - [2024-07-07T22:26:02.373+0000] {dag.py:3096} INFO - Sync 1 DAGs
[2024-07-07T22:26:02.379+0000] {logging_mixin.py:188} INFO - [2024-07-07T22:26:02.379+0000] {dag.py:3954} INFO - Setting next_dagrun for example_bash_decorator to None, run_after=None
[2024-07-07T22:26:02.386+0000] {processor.py:183} INFO - Processing /home/airflow/.local/lib/python3.12/site-packages/airflow/example_dags/example_bash_decorator.py took 0.032 seconds
[2024-07-07T22:26:32.673+0000] {processor.py:161} INFO - Started process (PID=1410) to work on /home/airflow/.local/lib/python3.12/site-packages/airflow/example_dags/example_bash_decorator.py
[2024-07-07T22:26:32.674+0000] {processor.py:830} INFO - Processing file /home/airflow/.local/lib/python3.12/site-packages/airflow/example_dags/example_bash_decorator.py for tasks to queue
[2024-07-07T22:26:32.674+0000] {logging_mixin.py:188} INFO - [2024-07-07T22:26:32.674+0000] {dagbag.py:545} INFO - Filling up the DagBag from /home/airflow/.local/lib/python3.12/site-packages/airflow/example_dags/example_bash_decorator.py
[2024-07-07T22:26:32.679+0000] {processor.py:840} INFO - DAG(s) 'example_bash_decorator' retrieved from /home/airflow/.local/lib/python3.12/site-packages/airflow/example_dags/example_bash_decorator.py
[2024-07-07T22:26:32.687+0000] {logging_mixin.py:188} INFO - [2024-07-07T22:26:32.687+0000] {dag.py:3096} INFO - Sync 1 DAGs
[2024-07-07T22:26:32.691+0000] {logging_mixin.py:188} INFO - [2024-07-07T22:26:32.690+0000] {dag.py:3954} INFO - Setting next_dagrun for example_bash_decorator to None, run_after=None
[2024-07-07T22:26:32.696+0000] {processor.py:183} INFO - Processing /home/airflow/.local/lib/python3.12/site-packages/airflow/example_dags/example_bash_decorator.py took 0.025 seconds
[2024-07-07T22:27:02.946+0000] {processor.py:161} INFO - Started process (PID=1462) to work on /home/airflow/.local/lib/python3.12/site-packages/airflow/example_dags/example_bash_decorator.py
[2024-07-07T22:27:02.947+0000] {processor.py:830} INFO - Processing file /home/airflow/.local/lib/python3.12/site-packages/airflow/example_dags/example_bash_decorator.py for tasks to queue
[2024-07-07T22:27:02.948+0000] {logging_mixin.py:188} INFO - [2024-07-07T22:27:02.947+0000] {dagbag.py:545} INFO - Filling up the DagBag from /home/airflow/.local/lib/python3.12/site-packages/airflow/example_dags/example_bash_decorator.py
[2024-07-07T22:27:02.952+0000] {processor.py:840} INFO - DAG(s) 'example_bash_decorator' retrieved from /home/airflow/.local/lib/python3.12/site-packages/airflow/example_dags/example_bash_decorator.py
[2024-07-07T22:27:02.960+0000] {logging_mixin.py:188} INFO - [2024-07-07T22:27:02.960+0000] {dag.py:3096} INFO - Sync 1 DAGs
[2024-07-07T22:27:02.964+0000] {logging_mixin.py:188} INFO - [2024-07-07T22:27:02.964+0000] {dag.py:3954} INFO - Setting next_dagrun for example_bash_decorator to None, run_after=None
[2024-07-07T22:27:02.970+0000] {processor.py:183} INFO - Processing /home/airflow/.local/lib/python3.12/site-packages/airflow/example_dags/example_bash_decorator.py took 0.026 seconds
[2024-07-07T22:27:33.199+0000] {processor.py:161} INFO - Started process (PID=1514) to work on /home/airflow/.local/lib/python3.12/site-packages/airflow/example_dags/example_bash_decorator.py
[2024-07-07T22:27:33.199+0000] {processor.py:830} INFO - Processing file /home/airflow/.local/lib/python3.12/site-packages/airflow/example_dags/example_bash_decorator.py for tasks to queue
[2024-07-07T22:27:33.200+0000] {logging_mixin.py:188} INFO - [2024-07-07T22:27:33.200+0000] {dagbag.py:545} INFO - Filling up the DagBag from /home/airflow/.local/lib/python3.12/site-packages/airflow/example_dags/example_bash_decorator.py
[2024-07-07T22:27:33.204+0000] {processor.py:840} INFO - DAG(s) 'example_bash_decorator' retrieved from /home/airflow/.local/lib/python3.12/site-packages/airflow/example_dags/example_bash_decorator.py
[2024-07-07T22:27:33.212+0000] {logging_mixin.py:188} INFO - [2024-07-07T22:27:33.212+0000] {dag.py:3096} INFO - Sync 1 DAGs
[2024-07-07T22:27:33.216+0000] {logging_mixin.py:188} INFO - [2024-07-07T22:27:33.216+0000] {dag.py:3954} INFO - Setting next_dagrun for example_bash_decorator to None, run_after=None
[2024-07-07T22:27:33.221+0000] {processor.py:183} INFO - Processing /home/airflow/.local/lib/python3.12/site-packages/airflow/example_dags/example_bash_decorator.py took 0.024 seconds
[2024-07-07T22:28:03.463+0000] {processor.py:161} INFO - Started process (PID=1566) to work on /home/airflow/.local/lib/python3.12/site-packages/airflow/example_dags/example_bash_decorator.py
[2024-07-07T22:28:03.463+0000] {processor.py:830} INFO - Processing file /home/airflow/.local/lib/python3.12/site-packages/airflow/example_dags/example_bash_decorator.py for tasks to queue
[2024-07-07T22:28:03.464+0000] {logging_mixin.py:188} INFO - [2024-07-07T22:28:03.464+0000] {dagbag.py:545} INFO - Filling up the DagBag from /home/airflow/.local/lib/python3.12/site-packages/airflow/example_dags/example_bash_decorator.py
[2024-07-07T22:28:03.468+0000] {processor.py:840} INFO - DAG(s) 'example_bash_decorator' retrieved from /home/airflow/.local/lib/python3.12/site-packages/airflow/example_dags/example_bash_decorator.py
[2024-07-07T22:28:03.476+0000] {logging_mixin.py:188} INFO - [2024-07-07T22:28:03.476+0000] {dag.py:3096} INFO - Sync 1 DAGs
[2024-07-07T22:28:03.480+0000] {logging_mixin.py:188} INFO - [2024-07-07T22:28:03.480+0000] {dag.py:3954} INFO - Setting next_dagrun for example_bash_decorator to None, run_after=None
[2024-07-07T22:28:03.484+0000] {processor.py:183} INFO - Processing /home/airflow/.local/lib/python3.12/site-packages/airflow/example_dags/example_bash_decorator.py took 0.023 seconds
[2024-07-07T22:28:33.727+0000] {processor.py:161} INFO - Started process (PID=1618) to work on /home/airflow/.local/lib/python3.12/site-packages/airflow/example_dags/example_bash_decorator.py
[2024-07-07T22:28:33.728+0000] {processor.py:830} INFO - Processing file /home/airflow/.local/lib/python3.12/site-packages/airflow/example_dags/example_bash_decorator.py for tasks to queue
[2024-07-07T22:28:33.728+0000] {logging_mixin.py:188} INFO - [2024-07-07T22:28:33.728+0000] {dagbag.py:545} INFO - Filling up the DagBag from /home/airflow/.local/lib/python3.12/site-packages/airflow/example_dags/example_bash_decorator.py
[2024-07-07T22:28:33.733+0000] {processor.py:840} INFO - DAG(s) 'example_bash_decorator' retrieved from /home/airflow/.local/lib/python3.12/site-packages/airflow/example_dags/example_bash_decorator.py
[2024-07-07T22:28:33.741+0000] {logging_mixin.py:188} INFO - [2024-07-07T22:28:33.741+0000] {dag.py:3096} INFO - Sync 1 DAGs
[2024-07-07T22:28:33.745+0000] {logging_mixin.py:188} INFO - [2024-07-07T22:28:33.745+0000] {dag.py:3954} INFO - Setting next_dagrun for example_bash_decorator to None, run_after=None
[2024-07-07T22:28:33.750+0000] {processor.py:183} INFO - Processing /home/airflow/.local/lib/python3.12/site-packages/airflow/example_dags/example_bash_decorator.py took 0.025 seconds
[2024-07-07T22:29:04.028+0000] {processor.py:161} INFO - Started process (PID=1670) to work on /home/airflow/.local/lib/python3.12/site-packages/airflow/example_dags/example_bash_decorator.py
[2024-07-07T22:29:04.028+0000] {processor.py:830} INFO - Processing file /home/airflow/.local/lib/python3.12/site-packages/airflow/example_dags/example_bash_decorator.py for tasks to queue
[2024-07-07T22:29:04.029+0000] {logging_mixin.py:188} INFO - [2024-07-07T22:29:04.029+0000] {dagbag.py:545} INFO - Filling up the DagBag from /home/airflow/.local/lib/python3.12/site-packages/airflow/example_dags/example_bash_decorator.py
[2024-07-07T22:29:04.034+0000] {processor.py:840} INFO - DAG(s) 'example_bash_decorator' retrieved from /home/airflow/.local/lib/python3.12/site-packages/airflow/example_dags/example_bash_decorator.py
[2024-07-07T22:29:04.042+0000] {logging_mixin.py:188} INFO - [2024-07-07T22:29:04.042+0000] {dag.py:3096} INFO - Sync 1 DAGs
[2024-07-07T22:29:04.046+0000] {logging_mixin.py:188} INFO - [2024-07-07T22:29:04.046+0000] {dag.py:3954} INFO - Setting next_dagrun for example_bash_decorator to None, run_after=None
[2024-07-07T22:29:04.052+0000] {processor.py:183} INFO - Processing /home/airflow/.local/lib/python3.12/site-packages/airflow/example_dags/example_bash_decorator.py took 0.026 seconds
[2024-07-07T22:29:34.568+0000] {processor.py:161} INFO - Started process (PID=1722) to work on /home/airflow/.local/lib/python3.12/site-packages/airflow/example_dags/example_bash_decorator.py
[2024-07-07T22:29:34.569+0000] {processor.py:830} INFO - Processing file /home/airflow/.local/lib/python3.12/site-packages/airflow/example_dags/example_bash_decorator.py for tasks to queue
[2024-07-07T22:29:34.569+0000] {logging_mixin.py:188} INFO - [2024-07-07T22:29:34.569+0000] {dagbag.py:545} INFO - Filling up the DagBag from /home/airflow/.local/lib/python3.12/site-packages/airflow/example_dags/example_bash_decorator.py
[2024-07-07T22:29:34.574+0000] {processor.py:840} INFO - DAG(s) 'example_bash_decorator' retrieved from /home/airflow/.local/lib/python3.12/site-packages/airflow/example_dags/example_bash_decorator.py
[2024-07-07T22:29:34.582+0000] {logging_mixin.py:188} INFO - [2024-07-07T22:29:34.582+0000] {dag.py:3096} INFO - Sync 1 DAGs
[2024-07-07T22:29:34.586+0000] {logging_mixin.py:188} INFO - [2024-07-07T22:29:34.586+0000] {dag.py:3954} INFO - Setting next_dagrun for example_bash_decorator to None, run_after=None
[2024-07-07T22:29:34.592+0000] {processor.py:183} INFO - Processing /home/airflow/.local/lib/python3.12/site-packages/airflow/example_dags/example_bash_decorator.py took 0.026 seconds
[2024-07-07T22:30:05.092+0000] {processor.py:161} INFO - Started process (PID=1774) to work on /home/airflow/.local/lib/python3.12/site-packages/airflow/example_dags/example_bash_decorator.py
[2024-07-07T22:30:05.092+0000] {processor.py:830} INFO - Processing file /home/airflow/.local/lib/python3.12/site-packages/airflow/example_dags/example_bash_decorator.py for tasks to queue
[2024-07-07T22:30:05.093+0000] {logging_mixin.py:188} INFO - [2024-07-07T22:30:05.093+0000] {dagbag.py:545} INFO - Filling up the DagBag from /home/airflow/.local/lib/python3.12/site-packages/airflow/example_dags/example_bash_decorator.py
[2024-07-07T22:30:05.098+0000] {processor.py:840} INFO - DAG(s) 'example_bash_decorator' retrieved from /home/airflow/.local/lib/python3.12/site-packages/airflow/example_dags/example_bash_decorator.py
[2024-07-07T22:30:05.106+0000] {logging_mixin.py:188} INFO - [2024-07-07T22:30:05.106+0000] {dag.py:3096} INFO - Sync 1 DAGs
[2024-07-07T22:30:05.110+0000] {logging_mixin.py:188} INFO - [2024-07-07T22:30:05.110+0000] {dag.py:3954} INFO - Setting next_dagrun for example_bash_decorator to None, run_after=None
[2024-07-07T22:30:05.116+0000] {processor.py:183} INFO - Processing /home/airflow/.local/lib/python3.12/site-packages/airflow/example_dags/example_bash_decorator.py took 0.026 seconds
[2024-07-07T22:30:35.795+0000] {processor.py:161} INFO - Started process (PID=1826) to work on /home/airflow/.local/lib/python3.12/site-packages/airflow/example_dags/example_bash_decorator.py
[2024-07-07T22:30:35.795+0000] {processor.py:830} INFO - Processing file /home/airflow/.local/lib/python3.12/site-packages/airflow/example_dags/example_bash_decorator.py for tasks to queue
[2024-07-07T22:30:35.796+0000] {logging_mixin.py:188} INFO - [2024-07-07T22:30:35.796+0000] {dagbag.py:545} INFO - Filling up the DagBag from /home/airflow/.local/lib/python3.12/site-packages/airflow/example_dags/example_bash_decorator.py
[2024-07-07T22:30:35.800+0000] {processor.py:840} INFO - DAG(s) 'example_bash_decorator' retrieved from /home/airflow/.local/lib/python3.12/site-packages/airflow/example_dags/example_bash_decorator.py
[2024-07-07T22:30:35.808+0000] {logging_mixin.py:188} INFO - [2024-07-07T22:30:35.808+0000] {dag.py:3096} INFO - Sync 1 DAGs
[2024-07-07T22:30:35.870+0000] {logging_mixin.py:188} INFO - [2024-07-07T22:30:35.870+0000] {dag.py:3954} INFO - Setting next_dagrun for example_bash_decorator to None, run_after=None
[2024-07-07T22:30:35.875+0000] {processor.py:183} INFO - Processing /home/airflow/.local/lib/python3.12/site-packages/airflow/example_dags/example_bash_decorator.py took 0.082 seconds
[2024-07-07T22:31:06.558+0000] {processor.py:161} INFO - Started process (PID=1878) to work on /home/airflow/.local/lib/python3.12/site-packages/airflow/example_dags/example_bash_decorator.py
[2024-07-07T22:31:06.559+0000] {processor.py:830} INFO - Processing file /home/airflow/.local/lib/python3.12/site-packages/airflow/example_dags/example_bash_decorator.py for tasks to queue
[2024-07-07T22:31:06.560+0000] {logging_mixin.py:188} INFO - [2024-07-07T22:31:06.559+0000] {dagbag.py:545} INFO - Filling up the DagBag from /home/airflow/.local/lib/python3.12/site-packages/airflow/example_dags/example_bash_decorator.py
[2024-07-07T22:31:06.565+0000] {processor.py:840} INFO - DAG(s) 'example_bash_decorator' retrieved from /home/airflow/.local/lib/python3.12/site-packages/airflow/example_dags/example_bash_decorator.py
[2024-07-07T22:31:06.574+0000] {logging_mixin.py:188} INFO - [2024-07-07T22:31:06.574+0000] {dag.py:3096} INFO - Sync 1 DAGs
[2024-07-07T22:31:06.578+0000] {logging_mixin.py:188} INFO - [2024-07-07T22:31:06.578+0000] {dag.py:3954} INFO - Setting next_dagrun for example_bash_decorator to None, run_after=None
[2024-07-07T22:31:06.584+0000] {processor.py:183} INFO - Processing /home/airflow/.local/lib/python3.12/site-packages/airflow/example_dags/example_bash_decorator.py took 0.028 seconds
[2024-07-07T22:31:37.485+0000] {processor.py:161} INFO - Started process (PID=1930) to work on /home/airflow/.local/lib/python3.12/site-packages/airflow/example_dags/example_bash_decorator.py
[2024-07-07T22:31:37.486+0000] {processor.py:830} INFO - Processing file /home/airflow/.local/lib/python3.12/site-packages/airflow/example_dags/example_bash_decorator.py for tasks to queue
[2024-07-07T22:31:37.486+0000] {logging_mixin.py:188} INFO - [2024-07-07T22:31:37.486+0000] {dagbag.py:545} INFO - Filling up the DagBag from /home/airflow/.local/lib/python3.12/site-packages/airflow/example_dags/example_bash_decorator.py
[2024-07-07T22:31:37.491+0000] {processor.py:840} INFO - DAG(s) 'example_bash_decorator' retrieved from /home/airflow/.local/lib/python3.12/site-packages/airflow/example_dags/example_bash_decorator.py
[2024-07-07T22:31:37.500+0000] {logging_mixin.py:188} INFO - [2024-07-07T22:31:37.500+0000] {dag.py:3096} INFO - Sync 1 DAGs
[2024-07-07T22:31:37.504+0000] {logging_mixin.py:188} INFO - [2024-07-07T22:31:37.504+0000] {dag.py:3954} INFO - Setting next_dagrun for example_bash_decorator to None, run_after=None
[2024-07-07T22:31:37.510+0000] {processor.py:183} INFO - Processing /home/airflow/.local/lib/python3.12/site-packages/airflow/example_dags/example_bash_decorator.py took 0.027 seconds
[2024-07-07T22:32:09.169+0000] {processor.py:161} INFO - Started process (PID=1982) to work on /home/airflow/.local/lib/python3.12/site-packages/airflow/example_dags/example_bash_decorator.py
[2024-07-07T22:32:09.169+0000] {processor.py:830} INFO - Processing file /home/airflow/.local/lib/python3.12/site-packages/airflow/example_dags/example_bash_decorator.py for tasks to queue
[2024-07-07T22:32:09.170+0000] {logging_mixin.py:188} INFO - [2024-07-07T22:32:09.170+0000] {dagbag.py:545} INFO - Filling up the DagBag from /home/airflow/.local/lib/python3.12/site-packages/airflow/example_dags/example_bash_decorator.py
[2024-07-07T22:32:09.175+0000] {processor.py:840} INFO - DAG(s) 'example_bash_decorator' retrieved from /home/airflow/.local/lib/python3.12/site-packages/airflow/example_dags/example_bash_decorator.py
[2024-07-07T22:32:09.183+0000] {logging_mixin.py:188} INFO - [2024-07-07T22:32:09.183+0000] {dag.py:3096} INFO - Sync 1 DAGs
[2024-07-07T22:32:09.187+0000] {logging_mixin.py:188} INFO - [2024-07-07T22:32:09.187+0000] {dag.py:3954} INFO - Setting next_dagrun for example_bash_decorator to None, run_after=None
[2024-07-07T22:32:09.193+0000] {processor.py:183} INFO - Processing /home/airflow/.local/lib/python3.12/site-packages/airflow/example_dags/example_bash_decorator.py took 0.027 seconds
[2024-07-07T22:32:39.582+0000] {processor.py:161} INFO - Started process (PID=2034) to work on /home/airflow/.local/lib/python3.12/site-packages/airflow/example_dags/example_bash_decorator.py
[2024-07-07T22:32:39.582+0000] {processor.py:830} INFO - Processing file /home/airflow/.local/lib/python3.12/site-packages/airflow/example_dags/example_bash_decorator.py for tasks to queue
[2024-07-07T22:32:39.583+0000] {logging_mixin.py:188} INFO - [2024-07-07T22:32:39.583+0000] {dagbag.py:545} INFO - Filling up the DagBag from /home/airflow/.local/lib/python3.12/site-packages/airflow/example_dags/example_bash_decorator.py
[2024-07-07T22:32:39.588+0000] {processor.py:840} INFO - DAG(s) 'example_bash_decorator' retrieved from /home/airflow/.local/lib/python3.12/site-packages/airflow/example_dags/example_bash_decorator.py
[2024-07-07T22:32:39.596+0000] {logging_mixin.py:188} INFO - [2024-07-07T22:32:39.596+0000] {dag.py:3096} INFO - Sync 1 DAGs
[2024-07-07T22:32:39.600+0000] {logging_mixin.py:188} INFO - [2024-07-07T22:32:39.600+0000] {dag.py:3954} INFO - Setting next_dagrun for example_bash_decorator to None, run_after=None
[2024-07-07T22:32:39.606+0000] {processor.py:183} INFO - Processing /home/airflow/.local/lib/python3.12/site-packages/airflow/example_dags/example_bash_decorator.py took 0.026 seconds
[2024-07-07T22:33:10.094+0000] {processor.py:161} INFO - Started process (PID=2086) to work on /home/airflow/.local/lib/python3.12/site-packages/airflow/example_dags/example_bash_decorator.py
[2024-07-07T22:33:10.095+0000] {processor.py:830} INFO - Processing file /home/airflow/.local/lib/python3.12/site-packages/airflow/example_dags/example_bash_decorator.py for tasks to queue
[2024-07-07T22:33:10.095+0000] {logging_mixin.py:188} INFO - [2024-07-07T22:33:10.095+0000] {dagbag.py:545} INFO - Filling up the DagBag from /home/airflow/.local/lib/python3.12/site-packages/airflow/example_dags/example_bash_decorator.py
[2024-07-07T22:33:10.102+0000] {processor.py:840} INFO - DAG(s) 'example_bash_decorator' retrieved from /home/airflow/.local/lib/python3.12/site-packages/airflow/example_dags/example_bash_decorator.py
[2024-07-07T22:33:10.111+0000] {logging_mixin.py:188} INFO - [2024-07-07T22:33:10.111+0000] {dag.py:3096} INFO - Sync 1 DAGs
[2024-07-07T22:33:10.116+0000] {logging_mixin.py:188} INFO - [2024-07-07T22:33:10.116+0000] {dag.py:3954} INFO - Setting next_dagrun for example_bash_decorator to None, run_after=None
[2024-07-07T22:33:10.122+0000] {processor.py:183} INFO - Processing /home/airflow/.local/lib/python3.12/site-packages/airflow/example_dags/example_bash_decorator.py took 0.031 seconds
[2024-07-07T22:33:40.555+0000] {processor.py:161} INFO - Started process (PID=2138) to work on /home/airflow/.local/lib/python3.12/site-packages/airflow/example_dags/example_bash_decorator.py
[2024-07-07T22:33:40.556+0000] {processor.py:830} INFO - Processing file /home/airflow/.local/lib/python3.12/site-packages/airflow/example_dags/example_bash_decorator.py for tasks to queue
[2024-07-07T22:33:40.556+0000] {logging_mixin.py:188} INFO - [2024-07-07T22:33:40.556+0000] {dagbag.py:545} INFO - Filling up the DagBag from /home/airflow/.local/lib/python3.12/site-packages/airflow/example_dags/example_bash_decorator.py
[2024-07-07T22:33:40.563+0000] {processor.py:840} INFO - DAG(s) 'example_bash_decorator' retrieved from /home/airflow/.local/lib/python3.12/site-packages/airflow/example_dags/example_bash_decorator.py
[2024-07-07T22:33:40.574+0000] {logging_mixin.py:188} INFO - [2024-07-07T22:33:40.573+0000] {dag.py:3096} INFO - Sync 1 DAGs
[2024-07-07T22:33:40.581+0000] {logging_mixin.py:188} INFO - [2024-07-07T22:33:40.581+0000] {dag.py:3954} INFO - Setting next_dagrun for example_bash_decorator to None, run_after=None
[2024-07-07T22:33:40.589+0000] {processor.py:183} INFO - Processing /home/airflow/.local/lib/python3.12/site-packages/airflow/example_dags/example_bash_decorator.py took 0.037 seconds
