[2024-07-07T22:13:08.637+0000] {processor.py:161} INFO - Started process (PID=53) to work on /home/airflow/.local/lib/python3.12/site-packages/airflow/example_dags/example_dag_decorator.py
[2024-07-07T22:13:08.638+0000] {processor.py:830} INFO - Processing file /home/airflow/.local/lib/python3.12/site-packages/airflow/example_dags/example_dag_decorator.py for tasks to queue
[2024-07-07T22:13:08.640+0000] {logging_mixin.py:188} INFO - [2024-07-07T22:13:08.639+0000] {dagbag.py:545} INFO - Filling up the DagBag from /home/airflow/.local/lib/python3.12/site-packages/airflow/example_dags/example_dag_decorator.py
[2024-07-07T22:13:08.820+0000] {processor.py:840} INFO - DAG(s) 'example_dag_decorator' retrieved from /home/airflow/.local/lib/python3.12/site-packages/airflow/example_dags/example_dag_decorator.py
[2024-07-07T22:13:08.858+0000] {logging_mixin.py:188} INFO - [2024-07-07T22:13:08.858+0000] {override.py:1829} INFO - Created Permission View: can edit on DAG:example_dag_decorator
[2024-07-07T22:13:08.862+0000] {logging_mixin.py:188} INFO - [2024-07-07T22:13:08.862+0000] {override.py:1829} INFO - Created Permission View: can read on DAG:example_dag_decorator
[2024-07-07T22:13:08.865+0000] {logging_mixin.py:188} INFO - [2024-07-07T22:13:08.865+0000] {override.py:1829} INFO - Created Permission View: can delete on DAG:example_dag_decorator
[2024-07-07T22:13:08.866+0000] {logging_mixin.py:188} INFO - [2024-07-07T22:13:08.866+0000] {dag.py:3096} INFO - Sync 1 DAGs
[2024-07-07T22:13:08.871+0000] {logging_mixin.py:188} INFO - [2024-07-07T22:13:08.871+0000] {dag.py:3118} INFO - Creating ORM DAG for example_dag_decorator
[2024-07-07T22:13:08.873+0000] {logging_mixin.py:188} INFO - [2024-07-07T22:13:08.873+0000] {dag.py:3954} INFO - Setting next_dagrun for example_dag_decorator to None, run_after=None
[2024-07-07T22:13:08.879+0000] {processor.py:183} INFO - Processing /home/airflow/.local/lib/python3.12/site-packages/airflow/example_dags/example_dag_decorator.py took 0.244 seconds
[2024-07-07T22:13:53.349+0000] {processor.py:161} INFO - Started process (PID=53) to work on /home/airflow/.local/lib/python3.12/site-packages/airflow/example_dags/example_dag_decorator.py
[2024-07-07T22:13:53.350+0000] {processor.py:830} INFO - Processing file /home/airflow/.local/lib/python3.12/site-packages/airflow/example_dags/example_dag_decorator.py for tasks to queue
[2024-07-07T22:13:53.352+0000] {logging_mixin.py:188} INFO - [2024-07-07T22:13:53.351+0000] {dagbag.py:545} INFO - Filling up the DagBag from /home/airflow/.local/lib/python3.12/site-packages/airflow/example_dags/example_dag_decorator.py
[2024-07-07T22:13:53.516+0000] {processor.py:840} INFO - DAG(s) 'example_dag_decorator' retrieved from /home/airflow/.local/lib/python3.12/site-packages/airflow/example_dags/example_dag_decorator.py
[2024-07-07T22:13:53.526+0000] {logging_mixin.py:188} INFO - [2024-07-07T22:13:53.525+0000] {dag.py:3096} INFO - Sync 1 DAGs
[2024-07-07T22:13:53.534+0000] {logging_mixin.py:188} INFO - [2024-07-07T22:13:53.534+0000] {dag.py:3954} INFO - Setting next_dagrun for example_dag_decorator to None, run_after=None
[2024-07-07T22:13:53.548+0000] {processor.py:183} INFO - Processing /home/airflow/.local/lib/python3.12/site-packages/airflow/example_dags/example_dag_decorator.py took 0.204 seconds
[2024-07-07T22:14:23.573+0000] {processor.py:161} INFO - Started process (PID=107) to work on /home/airflow/.local/lib/python3.12/site-packages/airflow/example_dags/example_dag_decorator.py
[2024-07-07T22:14:23.574+0000] {processor.py:830} INFO - Processing file /home/airflow/.local/lib/python3.12/site-packages/airflow/example_dags/example_dag_decorator.py for tasks to queue
[2024-07-07T22:14:23.575+0000] {logging_mixin.py:188} INFO - [2024-07-07T22:14:23.574+0000] {dagbag.py:545} INFO - Filling up the DagBag from /home/airflow/.local/lib/python3.12/site-packages/airflow/example_dags/example_dag_decorator.py
[2024-07-07T22:14:23.610+0000] {processor.py:840} INFO - DAG(s) 'example_dag_decorator' retrieved from /home/airflow/.local/lib/python3.12/site-packages/airflow/example_dags/example_dag_decorator.py
[2024-07-07T22:14:23.647+0000] {logging_mixin.py:188} INFO - [2024-07-07T22:14:23.647+0000] {dag.py:3096} INFO - Sync 1 DAGs
[2024-07-07T22:14:23.650+0000] {logging_mixin.py:188} INFO - [2024-07-07T22:14:23.650+0000] {dag.py:3954} INFO - Setting next_dagrun for example_dag_decorator to None, run_after=None
[2024-07-07T22:14:23.656+0000] {processor.py:183} INFO - Processing /home/airflow/.local/lib/python3.12/site-packages/airflow/example_dags/example_dag_decorator.py took 0.085 seconds
[2024-07-07T22:14:54.473+0000] {processor.py:161} INFO - Started process (PID=157) to work on /home/airflow/.local/lib/python3.12/site-packages/airflow/example_dags/example_dag_decorator.py
[2024-07-07T22:14:54.473+0000] {processor.py:830} INFO - Processing file /home/airflow/.local/lib/python3.12/site-packages/airflow/example_dags/example_dag_decorator.py for tasks to queue
[2024-07-07T22:14:54.474+0000] {logging_mixin.py:188} INFO - [2024-07-07T22:14:54.474+0000] {dagbag.py:545} INFO - Filling up the DagBag from /home/airflow/.local/lib/python3.12/site-packages/airflow/example_dags/example_dag_decorator.py
[2024-07-07T22:14:54.518+0000] {processor.py:840} INFO - DAG(s) 'example_dag_decorator' retrieved from /home/airflow/.local/lib/python3.12/site-packages/airflow/example_dags/example_dag_decorator.py
[2024-07-07T22:14:54.557+0000] {logging_mixin.py:188} INFO - [2024-07-07T22:14:54.556+0000] {dag.py:3096} INFO - Sync 1 DAGs
[2024-07-07T22:14:54.560+0000] {logging_mixin.py:188} INFO - [2024-07-07T22:14:54.560+0000] {dag.py:3954} INFO - Setting next_dagrun for example_dag_decorator to None, run_after=None
[2024-07-07T22:14:54.566+0000] {processor.py:183} INFO - Processing /home/airflow/.local/lib/python3.12/site-packages/airflow/example_dags/example_dag_decorator.py took 0.096 seconds
[2024-07-07T22:15:24.723+0000] {processor.py:161} INFO - Started process (PID=209) to work on /home/airflow/.local/lib/python3.12/site-packages/airflow/example_dags/example_dag_decorator.py
[2024-07-07T22:15:24.723+0000] {processor.py:830} INFO - Processing file /home/airflow/.local/lib/python3.12/site-packages/airflow/example_dags/example_dag_decorator.py for tasks to queue
[2024-07-07T22:15:24.723+0000] {logging_mixin.py:188} INFO - [2024-07-07T22:15:24.723+0000] {dagbag.py:545} INFO - Filling up the DagBag from /home/airflow/.local/lib/python3.12/site-packages/airflow/example_dags/example_dag_decorator.py
[2024-07-07T22:15:24.760+0000] {processor.py:840} INFO - DAG(s) 'example_dag_decorator' retrieved from /home/airflow/.local/lib/python3.12/site-packages/airflow/example_dags/example_dag_decorator.py
[2024-07-07T22:15:24.795+0000] {logging_mixin.py:188} INFO - [2024-07-07T22:15:24.795+0000] {dag.py:3096} INFO - Sync 1 DAGs
[2024-07-07T22:15:24.799+0000] {logging_mixin.py:188} INFO - [2024-07-07T22:15:24.799+0000] {dag.py:3954} INFO - Setting next_dagrun for example_dag_decorator to None, run_after=None
[2024-07-07T22:15:24.805+0000] {processor.py:183} INFO - Processing /home/airflow/.local/lib/python3.12/site-packages/airflow/example_dags/example_dag_decorator.py took 0.085 seconds
[2024-07-07T22:15:54.974+0000] {processor.py:161} INFO - Started process (PID=274) to work on /home/airflow/.local/lib/python3.12/site-packages/airflow/example_dags/example_dag_decorator.py
[2024-07-07T22:15:54.975+0000] {processor.py:830} INFO - Processing file /home/airflow/.local/lib/python3.12/site-packages/airflow/example_dags/example_dag_decorator.py for tasks to queue
[2024-07-07T22:15:54.975+0000] {logging_mixin.py:188} INFO - [2024-07-07T22:15:54.975+0000] {dagbag.py:545} INFO - Filling up the DagBag from /home/airflow/.local/lib/python3.12/site-packages/airflow/example_dags/example_dag_decorator.py
[2024-07-07T22:15:55.011+0000] {processor.py:840} INFO - DAG(s) 'example_dag_decorator' retrieved from /home/airflow/.local/lib/python3.12/site-packages/airflow/example_dags/example_dag_decorator.py
[2024-07-07T22:15:55.045+0000] {logging_mixin.py:188} INFO - [2024-07-07T22:15:55.044+0000] {dag.py:3096} INFO - Sync 1 DAGs
[2024-07-07T22:15:55.048+0000] {logging_mixin.py:188} INFO - [2024-07-07T22:15:55.048+0000] {dag.py:3954} INFO - Setting next_dagrun for example_dag_decorator to None, run_after=None
[2024-07-07T22:15:55.054+0000] {processor.py:183} INFO - Processing /home/airflow/.local/lib/python3.12/site-packages/airflow/example_dags/example_dag_decorator.py took 0.082 seconds
[2024-07-07T22:16:25.169+0000] {processor.py:161} INFO - Started process (PID=333) to work on /home/airflow/.local/lib/python3.12/site-packages/airflow/example_dags/example_dag_decorator.py
[2024-07-07T22:16:25.170+0000] {processor.py:830} INFO - Processing file /home/airflow/.local/lib/python3.12/site-packages/airflow/example_dags/example_dag_decorator.py for tasks to queue
[2024-07-07T22:16:25.170+0000] {logging_mixin.py:188} INFO - [2024-07-07T22:16:25.170+0000] {dagbag.py:545} INFO - Filling up the DagBag from /home/airflow/.local/lib/python3.12/site-packages/airflow/example_dags/example_dag_decorator.py
[2024-07-07T22:16:25.208+0000] {processor.py:840} INFO - DAG(s) 'example_dag_decorator' retrieved from /home/airflow/.local/lib/python3.12/site-packages/airflow/example_dags/example_dag_decorator.py
[2024-07-07T22:16:25.246+0000] {logging_mixin.py:188} INFO - [2024-07-07T22:16:25.246+0000] {dag.py:3096} INFO - Sync 1 DAGs
[2024-07-07T22:16:25.250+0000] {logging_mixin.py:188} INFO - [2024-07-07T22:16:25.250+0000] {dag.py:3954} INFO - Setting next_dagrun for example_dag_decorator to None, run_after=None
[2024-07-07T22:16:25.256+0000] {processor.py:183} INFO - Processing /home/airflow/.local/lib/python3.12/site-packages/airflow/example_dags/example_dag_decorator.py took 0.089 seconds
[2024-07-07T22:16:55.418+0000] {processor.py:161} INFO - Started process (PID=399) to work on /home/airflow/.local/lib/python3.12/site-packages/airflow/example_dags/example_dag_decorator.py
[2024-07-07T22:16:55.418+0000] {processor.py:830} INFO - Processing file /home/airflow/.local/lib/python3.12/site-packages/airflow/example_dags/example_dag_decorator.py for tasks to queue
[2024-07-07T22:16:55.419+0000] {logging_mixin.py:188} INFO - [2024-07-07T22:16:55.418+0000] {dagbag.py:545} INFO - Filling up the DagBag from /home/airflow/.local/lib/python3.12/site-packages/airflow/example_dags/example_dag_decorator.py
[2024-07-07T22:16:55.455+0000] {processor.py:840} INFO - DAG(s) 'example_dag_decorator' retrieved from /home/airflow/.local/lib/python3.12/site-packages/airflow/example_dags/example_dag_decorator.py
[2024-07-07T22:16:55.488+0000] {logging_mixin.py:188} INFO - [2024-07-07T22:16:55.488+0000] {dag.py:3096} INFO - Sync 1 DAGs
[2024-07-07T22:16:55.492+0000] {logging_mixin.py:188} INFO - [2024-07-07T22:16:55.492+0000] {dag.py:3954} INFO - Setting next_dagrun for example_dag_decorator to None, run_after=None
[2024-07-07T22:16:55.498+0000] {processor.py:183} INFO - Processing /home/airflow/.local/lib/python3.12/site-packages/airflow/example_dags/example_dag_decorator.py took 0.083 seconds
[2024-07-07T22:17:25.659+0000] {processor.py:161} INFO - Started process (PID=452) to work on /home/airflow/.local/lib/python3.12/site-packages/airflow/example_dags/example_dag_decorator.py
[2024-07-07T22:17:25.660+0000] {processor.py:830} INFO - Processing file /home/airflow/.local/lib/python3.12/site-packages/airflow/example_dags/example_dag_decorator.py for tasks to queue
[2024-07-07T22:17:25.661+0000] {logging_mixin.py:188} INFO - [2024-07-07T22:17:25.660+0000] {dagbag.py:545} INFO - Filling up the DagBag from /home/airflow/.local/lib/python3.12/site-packages/airflow/example_dags/example_dag_decorator.py
[2024-07-07T22:17:25.698+0000] {processor.py:840} INFO - DAG(s) 'example_dag_decorator' retrieved from /home/airflow/.local/lib/python3.12/site-packages/airflow/example_dags/example_dag_decorator.py
[2024-07-07T22:17:25.737+0000] {logging_mixin.py:188} INFO - [2024-07-07T22:17:25.737+0000] {dag.py:3096} INFO - Sync 1 DAGs
[2024-07-07T22:17:25.742+0000] {logging_mixin.py:188} INFO - [2024-07-07T22:17:25.742+0000] {dag.py:3954} INFO - Setting next_dagrun for example_dag_decorator to None, run_after=None
[2024-07-07T22:17:25.748+0000] {processor.py:183} INFO - Processing /home/airflow/.local/lib/python3.12/site-packages/airflow/example_dags/example_dag_decorator.py took 0.091 seconds
[2024-07-07T22:17:55.994+0000] {processor.py:161} INFO - Started process (PID=506) to work on /home/airflow/.local/lib/python3.12/site-packages/airflow/example_dags/example_dag_decorator.py
[2024-07-07T22:17:55.994+0000] {processor.py:830} INFO - Processing file /home/airflow/.local/lib/python3.12/site-packages/airflow/example_dags/example_dag_decorator.py for tasks to queue
[2024-07-07T22:17:55.995+0000] {logging_mixin.py:188} INFO - [2024-07-07T22:17:55.995+0000] {dagbag.py:545} INFO - Filling up the DagBag from /home/airflow/.local/lib/python3.12/site-packages/airflow/example_dags/example_dag_decorator.py
[2024-07-07T22:17:56.037+0000] {processor.py:840} INFO - DAG(s) 'example_dag_decorator' retrieved from /home/airflow/.local/lib/python3.12/site-packages/airflow/example_dags/example_dag_decorator.py
[2024-07-07T22:17:56.078+0000] {logging_mixin.py:188} INFO - [2024-07-07T22:17:56.078+0000] {dag.py:3096} INFO - Sync 1 DAGs
[2024-07-07T22:17:56.084+0000] {logging_mixin.py:188} INFO - [2024-07-07T22:17:56.083+0000] {dag.py:3954} INFO - Setting next_dagrun for example_dag_decorator to None, run_after=None
[2024-07-07T22:17:56.090+0000] {processor.py:183} INFO - Processing /home/airflow/.local/lib/python3.12/site-packages/airflow/example_dags/example_dag_decorator.py took 0.099 seconds
[2024-07-07T22:18:26.494+0000] {processor.py:161} INFO - Started process (PID=558) to work on /home/airflow/.local/lib/python3.12/site-packages/airflow/example_dags/example_dag_decorator.py
[2024-07-07T22:18:26.494+0000] {processor.py:830} INFO - Processing file /home/airflow/.local/lib/python3.12/site-packages/airflow/example_dags/example_dag_decorator.py for tasks to queue
[2024-07-07T22:18:26.495+0000] {logging_mixin.py:188} INFO - [2024-07-07T22:18:26.495+0000] {dagbag.py:545} INFO - Filling up the DagBag from /home/airflow/.local/lib/python3.12/site-packages/airflow/example_dags/example_dag_decorator.py
[2024-07-07T22:18:26.533+0000] {processor.py:840} INFO - DAG(s) 'example_dag_decorator' retrieved from /home/airflow/.local/lib/python3.12/site-packages/airflow/example_dags/example_dag_decorator.py
[2024-07-07T22:18:26.570+0000] {logging_mixin.py:188} INFO - [2024-07-07T22:18:26.570+0000] {dag.py:3096} INFO - Sync 1 DAGs
[2024-07-07T22:18:26.574+0000] {logging_mixin.py:188} INFO - [2024-07-07T22:18:26.574+0000] {dag.py:3954} INFO - Setting next_dagrun for example_dag_decorator to None, run_after=None
[2024-07-07T22:18:26.581+0000] {processor.py:183} INFO - Processing /home/airflow/.local/lib/python3.12/site-packages/airflow/example_dags/example_dag_decorator.py took 0.090 seconds
[2024-07-07T22:18:56.827+0000] {processor.py:161} INFO - Started process (PID=610) to work on /home/airflow/.local/lib/python3.12/site-packages/airflow/example_dags/example_dag_decorator.py
[2024-07-07T22:18:56.828+0000] {processor.py:830} INFO - Processing file /home/airflow/.local/lib/python3.12/site-packages/airflow/example_dags/example_dag_decorator.py for tasks to queue
[2024-07-07T22:18:56.829+0000] {logging_mixin.py:188} INFO - [2024-07-07T22:18:56.828+0000] {dagbag.py:545} INFO - Filling up the DagBag from /home/airflow/.local/lib/python3.12/site-packages/airflow/example_dags/example_dag_decorator.py
[2024-07-07T22:18:56.866+0000] {processor.py:840} INFO - DAG(s) 'example_dag_decorator' retrieved from /home/airflow/.local/lib/python3.12/site-packages/airflow/example_dags/example_dag_decorator.py
[2024-07-07T22:18:56.905+0000] {logging_mixin.py:188} INFO - [2024-07-07T22:18:56.905+0000] {dag.py:3096} INFO - Sync 1 DAGs
[2024-07-07T22:18:56.909+0000] {logging_mixin.py:188} INFO - [2024-07-07T22:18:56.909+0000] {dag.py:3954} INFO - Setting next_dagrun for example_dag_decorator to None, run_after=None
[2024-07-07T22:18:56.917+0000] {processor.py:183} INFO - Processing /home/airflow/.local/lib/python3.12/site-packages/airflow/example_dags/example_dag_decorator.py took 0.092 seconds
[2024-07-07T22:19:27.110+0000] {processor.py:161} INFO - Started process (PID=662) to work on /home/airflow/.local/lib/python3.12/site-packages/airflow/example_dags/example_dag_decorator.py
[2024-07-07T22:19:27.110+0000] {processor.py:830} INFO - Processing file /home/airflow/.local/lib/python3.12/site-packages/airflow/example_dags/example_dag_decorator.py for tasks to queue
[2024-07-07T22:19:27.111+0000] {logging_mixin.py:188} INFO - [2024-07-07T22:19:27.111+0000] {dagbag.py:545} INFO - Filling up the DagBag from /home/airflow/.local/lib/python3.12/site-packages/airflow/example_dags/example_dag_decorator.py
[2024-07-07T22:19:27.149+0000] {processor.py:840} INFO - DAG(s) 'example_dag_decorator' retrieved from /home/airflow/.local/lib/python3.12/site-packages/airflow/example_dags/example_dag_decorator.py
[2024-07-07T22:19:27.187+0000] {logging_mixin.py:188} INFO - [2024-07-07T22:19:27.187+0000] {dag.py:3096} INFO - Sync 1 DAGs
[2024-07-07T22:19:27.193+0000] {logging_mixin.py:188} INFO - [2024-07-07T22:19:27.192+0000] {dag.py:3954} INFO - Setting next_dagrun for example_dag_decorator to None, run_after=None
[2024-07-07T22:19:27.199+0000] {processor.py:183} INFO - Processing /home/airflow/.local/lib/python3.12/site-packages/airflow/example_dags/example_dag_decorator.py took 0.092 seconds
[2024-07-07T22:19:57.390+0000] {processor.py:161} INFO - Started process (PID=714) to work on /home/airflow/.local/lib/python3.12/site-packages/airflow/example_dags/example_dag_decorator.py
[2024-07-07T22:19:57.392+0000] {processor.py:830} INFO - Processing file /home/airflow/.local/lib/python3.12/site-packages/airflow/example_dags/example_dag_decorator.py for tasks to queue
[2024-07-07T22:19:57.393+0000] {logging_mixin.py:188} INFO - [2024-07-07T22:19:57.392+0000] {dagbag.py:545} INFO - Filling up the DagBag from /home/airflow/.local/lib/python3.12/site-packages/airflow/example_dags/example_dag_decorator.py
[2024-07-07T22:19:57.435+0000] {processor.py:840} INFO - DAG(s) 'example_dag_decorator' retrieved from /home/airflow/.local/lib/python3.12/site-packages/airflow/example_dags/example_dag_decorator.py
[2024-07-07T22:19:57.476+0000] {logging_mixin.py:188} INFO - [2024-07-07T22:19:57.476+0000] {dag.py:3096} INFO - Sync 1 DAGs
[2024-07-07T22:19:57.480+0000] {logging_mixin.py:188} INFO - [2024-07-07T22:19:57.480+0000] {dag.py:3954} INFO - Setting next_dagrun for example_dag_decorator to None, run_after=None
[2024-07-07T22:19:57.487+0000] {processor.py:183} INFO - Processing /home/airflow/.local/lib/python3.12/site-packages/airflow/example_dags/example_dag_decorator.py took 0.099 seconds
[2024-07-07T22:20:27.701+0000] {processor.py:161} INFO - Started process (PID=766) to work on /home/airflow/.local/lib/python3.12/site-packages/airflow/example_dags/example_dag_decorator.py
[2024-07-07T22:20:27.701+0000] {processor.py:830} INFO - Processing file /home/airflow/.local/lib/python3.12/site-packages/airflow/example_dags/example_dag_decorator.py for tasks to queue
[2024-07-07T22:20:27.702+0000] {logging_mixin.py:188} INFO - [2024-07-07T22:20:27.702+0000] {dagbag.py:545} INFO - Filling up the DagBag from /home/airflow/.local/lib/python3.12/site-packages/airflow/example_dags/example_dag_decorator.py
[2024-07-07T22:20:27.740+0000] {processor.py:840} INFO - DAG(s) 'example_dag_decorator' retrieved from /home/airflow/.local/lib/python3.12/site-packages/airflow/example_dags/example_dag_decorator.py
[2024-07-07T22:20:27.749+0000] {logging_mixin.py:188} INFO - [2024-07-07T22:20:27.749+0000] {dag.py:3096} INFO - Sync 1 DAGs
[2024-07-07T22:20:27.753+0000] {logging_mixin.py:188} INFO - [2024-07-07T22:20:27.753+0000] {dag.py:3954} INFO - Setting next_dagrun for example_dag_decorator to None, run_after=None
[2024-07-07T22:20:27.760+0000] {processor.py:183} INFO - Processing /home/airflow/.local/lib/python3.12/site-packages/airflow/example_dags/example_dag_decorator.py took 0.061 seconds
[2024-07-07T22:20:57.947+0000] {processor.py:161} INFO - Started process (PID=818) to work on /home/airflow/.local/lib/python3.12/site-packages/airflow/example_dags/example_dag_decorator.py
[2024-07-07T22:20:57.947+0000] {processor.py:830} INFO - Processing file /home/airflow/.local/lib/python3.12/site-packages/airflow/example_dags/example_dag_decorator.py for tasks to queue
[2024-07-07T22:20:57.948+0000] {logging_mixin.py:188} INFO - [2024-07-07T22:20:57.948+0000] {dagbag.py:545} INFO - Filling up the DagBag from /home/airflow/.local/lib/python3.12/site-packages/airflow/example_dags/example_dag_decorator.py
[2024-07-07T22:20:57.984+0000] {processor.py:840} INFO - DAG(s) 'example_dag_decorator' retrieved from /home/airflow/.local/lib/python3.12/site-packages/airflow/example_dags/example_dag_decorator.py
[2024-07-07T22:20:58.089+0000] {logging_mixin.py:188} INFO - [2024-07-07T22:20:58.088+0000] {dag.py:3096} INFO - Sync 1 DAGs
[2024-07-07T22:20:58.093+0000] {logging_mixin.py:188} INFO - [2024-07-07T22:20:58.092+0000] {dag.py:3954} INFO - Setting next_dagrun for example_dag_decorator to None, run_after=None
[2024-07-07T22:20:58.098+0000] {processor.py:183} INFO - Processing /home/airflow/.local/lib/python3.12/site-packages/airflow/example_dags/example_dag_decorator.py took 0.153 seconds
[2024-07-07T22:21:28.295+0000] {processor.py:161} INFO - Started process (PID=870) to work on /home/airflow/.local/lib/python3.12/site-packages/airflow/example_dags/example_dag_decorator.py
[2024-07-07T22:21:28.295+0000] {processor.py:830} INFO - Processing file /home/airflow/.local/lib/python3.12/site-packages/airflow/example_dags/example_dag_decorator.py for tasks to queue
[2024-07-07T22:21:28.296+0000] {logging_mixin.py:188} INFO - [2024-07-07T22:21:28.296+0000] {dagbag.py:545} INFO - Filling up the DagBag from /home/airflow/.local/lib/python3.12/site-packages/airflow/example_dags/example_dag_decorator.py
[2024-07-07T22:21:28.332+0000] {processor.py:840} INFO - DAG(s) 'example_dag_decorator' retrieved from /home/airflow/.local/lib/python3.12/site-packages/airflow/example_dags/example_dag_decorator.py
[2024-07-07T22:21:28.372+0000] {logging_mixin.py:188} INFO - [2024-07-07T22:21:28.371+0000] {dag.py:3096} INFO - Sync 1 DAGs
[2024-07-07T22:21:28.376+0000] {logging_mixin.py:188} INFO - [2024-07-07T22:21:28.376+0000] {dag.py:3954} INFO - Setting next_dagrun for example_dag_decorator to None, run_after=None
[2024-07-07T22:21:28.456+0000] {processor.py:183} INFO - Processing /home/airflow/.local/lib/python3.12/site-packages/airflow/example_dags/example_dag_decorator.py took 0.164 seconds
[2024-07-07T22:21:58.663+0000] {processor.py:161} INFO - Started process (PID=922) to work on /home/airflow/.local/lib/python3.12/site-packages/airflow/example_dags/example_dag_decorator.py
[2024-07-07T22:21:58.664+0000] {processor.py:830} INFO - Processing file /home/airflow/.local/lib/python3.12/site-packages/airflow/example_dags/example_dag_decorator.py for tasks to queue
[2024-07-07T22:21:58.664+0000] {logging_mixin.py:188} INFO - [2024-07-07T22:21:58.664+0000] {dagbag.py:545} INFO - Filling up the DagBag from /home/airflow/.local/lib/python3.12/site-packages/airflow/example_dags/example_dag_decorator.py
[2024-07-07T22:21:58.702+0000] {processor.py:840} INFO - DAG(s) 'example_dag_decorator' retrieved from /home/airflow/.local/lib/python3.12/site-packages/airflow/example_dags/example_dag_decorator.py
[2024-07-07T22:21:58.738+0000] {logging_mixin.py:188} INFO - [2024-07-07T22:21:58.738+0000] {dag.py:3096} INFO - Sync 1 DAGs
[2024-07-07T22:21:58.742+0000] {logging_mixin.py:188} INFO - [2024-07-07T22:21:58.742+0000] {dag.py:3954} INFO - Setting next_dagrun for example_dag_decorator to None, run_after=None
[2024-07-07T22:21:58.748+0000] {processor.py:183} INFO - Processing /home/airflow/.local/lib/python3.12/site-packages/airflow/example_dags/example_dag_decorator.py took 0.087 seconds
[2024-07-07T22:22:29.026+0000] {processor.py:161} INFO - Started process (PID=974) to work on /home/airflow/.local/lib/python3.12/site-packages/airflow/example_dags/example_dag_decorator.py
[2024-07-07T22:22:29.026+0000] {processor.py:830} INFO - Processing file /home/airflow/.local/lib/python3.12/site-packages/airflow/example_dags/example_dag_decorator.py for tasks to queue
[2024-07-07T22:22:29.027+0000] {logging_mixin.py:188} INFO - [2024-07-07T22:22:29.027+0000] {dagbag.py:545} INFO - Filling up the DagBag from /home/airflow/.local/lib/python3.12/site-packages/airflow/example_dags/example_dag_decorator.py
[2024-07-07T22:22:29.069+0000] {processor.py:840} INFO - DAG(s) 'example_dag_decorator' retrieved from /home/airflow/.local/lib/python3.12/site-packages/airflow/example_dags/example_dag_decorator.py
[2024-07-07T22:22:29.110+0000] {logging_mixin.py:188} INFO - [2024-07-07T22:22:29.110+0000] {dag.py:3096} INFO - Sync 1 DAGs
[2024-07-07T22:22:29.114+0000] {logging_mixin.py:188} INFO - [2024-07-07T22:22:29.114+0000] {dag.py:3954} INFO - Setting next_dagrun for example_dag_decorator to None, run_after=None
[2024-07-07T22:22:29.122+0000] {processor.py:183} INFO - Processing /home/airflow/.local/lib/python3.12/site-packages/airflow/example_dags/example_dag_decorator.py took 0.099 seconds
[2024-07-07T22:22:59.345+0000] {processor.py:161} INFO - Started process (PID=1026) to work on /home/airflow/.local/lib/python3.12/site-packages/airflow/example_dags/example_dag_decorator.py
[2024-07-07T22:22:59.346+0000] {processor.py:830} INFO - Processing file /home/airflow/.local/lib/python3.12/site-packages/airflow/example_dags/example_dag_decorator.py for tasks to queue
[2024-07-07T22:22:59.346+0000] {logging_mixin.py:188} INFO - [2024-07-07T22:22:59.346+0000] {dagbag.py:545} INFO - Filling up the DagBag from /home/airflow/.local/lib/python3.12/site-packages/airflow/example_dags/example_dag_decorator.py
[2024-07-07T22:22:59.385+0000] {processor.py:840} INFO - DAG(s) 'example_dag_decorator' retrieved from /home/airflow/.local/lib/python3.12/site-packages/airflow/example_dags/example_dag_decorator.py
[2024-07-07T22:22:59.513+0000] {logging_mixin.py:188} INFO - [2024-07-07T22:22:59.513+0000] {dag.py:3096} INFO - Sync 1 DAGs
[2024-07-07T22:22:59.517+0000] {logging_mixin.py:188} INFO - [2024-07-07T22:22:59.517+0000] {dag.py:3954} INFO - Setting next_dagrun for example_dag_decorator to None, run_after=None
[2024-07-07T22:22:59.523+0000] {processor.py:183} INFO - Processing /home/airflow/.local/lib/python3.12/site-packages/airflow/example_dags/example_dag_decorator.py took 0.180 seconds
[2024-07-07T22:23:29.661+0000] {processor.py:161} INFO - Started process (PID=1078) to work on /home/airflow/.local/lib/python3.12/site-packages/airflow/example_dags/example_dag_decorator.py
[2024-07-07T22:23:29.662+0000] {processor.py:830} INFO - Processing file /home/airflow/.local/lib/python3.12/site-packages/airflow/example_dags/example_dag_decorator.py for tasks to queue
[2024-07-07T22:23:29.663+0000] {logging_mixin.py:188} INFO - [2024-07-07T22:23:29.662+0000] {dagbag.py:545} INFO - Filling up the DagBag from /home/airflow/.local/lib/python3.12/site-packages/airflow/example_dags/example_dag_decorator.py
[2024-07-07T22:23:29.699+0000] {processor.py:840} INFO - DAG(s) 'example_dag_decorator' retrieved from /home/airflow/.local/lib/python3.12/site-packages/airflow/example_dags/example_dag_decorator.py
[2024-07-07T22:23:29.807+0000] {logging_mixin.py:188} INFO - [2024-07-07T22:23:29.807+0000] {dag.py:3096} INFO - Sync 1 DAGs
[2024-07-07T22:23:29.811+0000] {logging_mixin.py:188} INFO - [2024-07-07T22:23:29.810+0000] {dag.py:3954} INFO - Setting next_dagrun for example_dag_decorator to None, run_after=None
[2024-07-07T22:23:29.817+0000] {processor.py:183} INFO - Processing /home/airflow/.local/lib/python3.12/site-packages/airflow/example_dags/example_dag_decorator.py took 0.158 seconds
[2024-07-07T22:24:00.021+0000] {processor.py:161} INFO - Started process (PID=1130) to work on /home/airflow/.local/lib/python3.12/site-packages/airflow/example_dags/example_dag_decorator.py
[2024-07-07T22:24:00.022+0000] {processor.py:830} INFO - Processing file /home/airflow/.local/lib/python3.12/site-packages/airflow/example_dags/example_dag_decorator.py for tasks to queue
[2024-07-07T22:24:00.022+0000] {logging_mixin.py:188} INFO - [2024-07-07T22:24:00.022+0000] {dagbag.py:545} INFO - Filling up the DagBag from /home/airflow/.local/lib/python3.12/site-packages/airflow/example_dags/example_dag_decorator.py
[2024-07-07T22:24:00.061+0000] {processor.py:840} INFO - DAG(s) 'example_dag_decorator' retrieved from /home/airflow/.local/lib/python3.12/site-packages/airflow/example_dags/example_dag_decorator.py
[2024-07-07T22:24:00.174+0000] {logging_mixin.py:188} INFO - [2024-07-07T22:24:00.173+0000] {dag.py:3096} INFO - Sync 1 DAGs
[2024-07-07T22:24:00.177+0000] {logging_mixin.py:188} INFO - [2024-07-07T22:24:00.177+0000] {dag.py:3954} INFO - Setting next_dagrun for example_dag_decorator to None, run_after=None
[2024-07-07T22:24:00.183+0000] {processor.py:183} INFO - Processing /home/airflow/.local/lib/python3.12/site-packages/airflow/example_dags/example_dag_decorator.py took 0.164 seconds
[2024-07-07T22:24:30.358+0000] {processor.py:161} INFO - Started process (PID=1182) to work on /home/airflow/.local/lib/python3.12/site-packages/airflow/example_dags/example_dag_decorator.py
[2024-07-07T22:24:30.358+0000] {processor.py:830} INFO - Processing file /home/airflow/.local/lib/python3.12/site-packages/airflow/example_dags/example_dag_decorator.py for tasks to queue
[2024-07-07T22:24:30.359+0000] {logging_mixin.py:188} INFO - [2024-07-07T22:24:30.359+0000] {dagbag.py:545} INFO - Filling up the DagBag from /home/airflow/.local/lib/python3.12/site-packages/airflow/example_dags/example_dag_decorator.py
[2024-07-07T22:24:30.395+0000] {processor.py:840} INFO - DAG(s) 'example_dag_decorator' retrieved from /home/airflow/.local/lib/python3.12/site-packages/airflow/example_dags/example_dag_decorator.py
[2024-07-07T22:24:30.505+0000] {logging_mixin.py:188} INFO - [2024-07-07T22:24:30.505+0000] {dag.py:3096} INFO - Sync 1 DAGs
[2024-07-07T22:24:30.509+0000] {logging_mixin.py:188} INFO - [2024-07-07T22:24:30.509+0000] {dag.py:3954} INFO - Setting next_dagrun for example_dag_decorator to None, run_after=None
[2024-07-07T22:24:30.515+0000] {processor.py:183} INFO - Processing /home/airflow/.local/lib/python3.12/site-packages/airflow/example_dags/example_dag_decorator.py took 0.160 seconds
[2024-07-07T22:25:00.781+0000] {processor.py:161} INFO - Started process (PID=1234) to work on /home/airflow/.local/lib/python3.12/site-packages/airflow/example_dags/example_dag_decorator.py
[2024-07-07T22:25:00.782+0000] {processor.py:830} INFO - Processing file /home/airflow/.local/lib/python3.12/site-packages/airflow/example_dags/example_dag_decorator.py for tasks to queue
[2024-07-07T22:25:00.784+0000] {logging_mixin.py:188} INFO - [2024-07-07T22:25:00.784+0000] {dagbag.py:545} INFO - Filling up the DagBag from /home/airflow/.local/lib/python3.12/site-packages/airflow/example_dags/example_dag_decorator.py
[2024-07-07T22:25:00.855+0000] {processor.py:840} INFO - DAG(s) 'example_dag_decorator' retrieved from /home/airflow/.local/lib/python3.12/site-packages/airflow/example_dags/example_dag_decorator.py
[2024-07-07T22:25:01.017+0000] {logging_mixin.py:188} INFO - [2024-07-07T22:25:01.017+0000] {dag.py:3096} INFO - Sync 1 DAGs
[2024-07-07T22:25:01.021+0000] {logging_mixin.py:188} INFO - [2024-07-07T22:25:01.021+0000] {dag.py:3954} INFO - Setting next_dagrun for example_dag_decorator to None, run_after=None
[2024-07-07T22:25:01.030+0000] {processor.py:183} INFO - Processing /home/airflow/.local/lib/python3.12/site-packages/airflow/example_dags/example_dag_decorator.py took 0.252 seconds
[2024-07-07T22:25:31.354+0000] {processor.py:161} INFO - Started process (PID=1286) to work on /home/airflow/.local/lib/python3.12/site-packages/airflow/example_dags/example_dag_decorator.py
[2024-07-07T22:25:31.355+0000] {processor.py:830} INFO - Processing file /home/airflow/.local/lib/python3.12/site-packages/airflow/example_dags/example_dag_decorator.py for tasks to queue
[2024-07-07T22:25:31.356+0000] {logging_mixin.py:188} INFO - [2024-07-07T22:25:31.355+0000] {dagbag.py:545} INFO - Filling up the DagBag from /home/airflow/.local/lib/python3.12/site-packages/airflow/example_dags/example_dag_decorator.py
[2024-07-07T22:25:31.394+0000] {processor.py:840} INFO - DAG(s) 'example_dag_decorator' retrieved from /home/airflow/.local/lib/python3.12/site-packages/airflow/example_dags/example_dag_decorator.py
[2024-07-07T22:25:31.528+0000] {logging_mixin.py:188} INFO - [2024-07-07T22:25:31.528+0000] {dag.py:3096} INFO - Sync 1 DAGs
[2024-07-07T22:25:31.532+0000] {logging_mixin.py:188} INFO - [2024-07-07T22:25:31.532+0000] {dag.py:3954} INFO - Setting next_dagrun for example_dag_decorator to None, run_after=None
[2024-07-07T22:25:31.538+0000] {processor.py:183} INFO - Processing /home/airflow/.local/lib/python3.12/site-packages/airflow/example_dags/example_dag_decorator.py took 0.186 seconds
[2024-07-07T22:26:01.751+0000] {processor.py:161} INFO - Started process (PID=1338) to work on /home/airflow/.local/lib/python3.12/site-packages/airflow/example_dags/example_dag_decorator.py
[2024-07-07T22:26:01.751+0000] {processor.py:830} INFO - Processing file /home/airflow/.local/lib/python3.12/site-packages/airflow/example_dags/example_dag_decorator.py for tasks to queue
[2024-07-07T22:26:01.752+0000] {logging_mixin.py:188} INFO - [2024-07-07T22:26:01.752+0000] {dagbag.py:545} INFO - Filling up the DagBag from /home/airflow/.local/lib/python3.12/site-packages/airflow/example_dags/example_dag_decorator.py
[2024-07-07T22:26:01.803+0000] {processor.py:840} INFO - DAG(s) 'example_dag_decorator' retrieved from /home/airflow/.local/lib/python3.12/site-packages/airflow/example_dags/example_dag_decorator.py
[2024-07-07T22:26:01.961+0000] {logging_mixin.py:188} INFO - [2024-07-07T22:26:01.961+0000] {dag.py:3096} INFO - Sync 1 DAGs
[2024-07-07T22:26:01.965+0000] {logging_mixin.py:188} INFO - [2024-07-07T22:26:01.965+0000] {dag.py:3954} INFO - Setting next_dagrun for example_dag_decorator to None, run_after=None
[2024-07-07T22:26:01.972+0000] {processor.py:183} INFO - Processing /home/airflow/.local/lib/python3.12/site-packages/airflow/example_dags/example_dag_decorator.py took 0.224 seconds
[2024-07-07T22:26:32.235+0000] {processor.py:161} INFO - Started process (PID=1390) to work on /home/airflow/.local/lib/python3.12/site-packages/airflow/example_dags/example_dag_decorator.py
[2024-07-07T22:26:32.236+0000] {processor.py:830} INFO - Processing file /home/airflow/.local/lib/python3.12/site-packages/airflow/example_dags/example_dag_decorator.py for tasks to queue
[2024-07-07T22:26:32.236+0000] {logging_mixin.py:188} INFO - [2024-07-07T22:26:32.236+0000] {dagbag.py:545} INFO - Filling up the DagBag from /home/airflow/.local/lib/python3.12/site-packages/airflow/example_dags/example_dag_decorator.py
[2024-07-07T22:26:32.273+0000] {processor.py:840} INFO - DAG(s) 'example_dag_decorator' retrieved from /home/airflow/.local/lib/python3.12/site-packages/airflow/example_dags/example_dag_decorator.py
[2024-07-07T22:26:32.379+0000] {logging_mixin.py:188} INFO - [2024-07-07T22:26:32.379+0000] {dag.py:3096} INFO - Sync 1 DAGs
[2024-07-07T22:26:32.383+0000] {logging_mixin.py:188} INFO - [2024-07-07T22:26:32.382+0000] {dag.py:3954} INFO - Setting next_dagrun for example_dag_decorator to None, run_after=None
[2024-07-07T22:26:32.388+0000] {processor.py:183} INFO - Processing /home/airflow/.local/lib/python3.12/site-packages/airflow/example_dags/example_dag_decorator.py took 0.155 seconds
[2024-07-07T22:27:02.533+0000] {processor.py:161} INFO - Started process (PID=1442) to work on /home/airflow/.local/lib/python3.12/site-packages/airflow/example_dags/example_dag_decorator.py
[2024-07-07T22:27:02.534+0000] {processor.py:830} INFO - Processing file /home/airflow/.local/lib/python3.12/site-packages/airflow/example_dags/example_dag_decorator.py for tasks to queue
[2024-07-07T22:27:02.535+0000] {logging_mixin.py:188} INFO - [2024-07-07T22:27:02.534+0000] {dagbag.py:545} INFO - Filling up the DagBag from /home/airflow/.local/lib/python3.12/site-packages/airflow/example_dags/example_dag_decorator.py
[2024-07-07T22:27:02.570+0000] {processor.py:840} INFO - DAG(s) 'example_dag_decorator' retrieved from /home/airflow/.local/lib/python3.12/site-packages/airflow/example_dags/example_dag_decorator.py
[2024-07-07T22:27:02.675+0000] {logging_mixin.py:188} INFO - [2024-07-07T22:27:02.675+0000] {dag.py:3096} INFO - Sync 1 DAGs
[2024-07-07T22:27:02.679+0000] {logging_mixin.py:188} INFO - [2024-07-07T22:27:02.679+0000] {dag.py:3954} INFO - Setting next_dagrun for example_dag_decorator to None, run_after=None
[2024-07-07T22:27:02.685+0000] {processor.py:183} INFO - Processing /home/airflow/.local/lib/python3.12/site-packages/airflow/example_dags/example_dag_decorator.py took 0.154 seconds
[2024-07-07T22:27:32.760+0000] {processor.py:161} INFO - Started process (PID=1494) to work on /home/airflow/.local/lib/python3.12/site-packages/airflow/example_dags/example_dag_decorator.py
[2024-07-07T22:27:32.760+0000] {processor.py:830} INFO - Processing file /home/airflow/.local/lib/python3.12/site-packages/airflow/example_dags/example_dag_decorator.py for tasks to queue
[2024-07-07T22:27:32.761+0000] {logging_mixin.py:188} INFO - [2024-07-07T22:27:32.761+0000] {dagbag.py:545} INFO - Filling up the DagBag from /home/airflow/.local/lib/python3.12/site-packages/airflow/example_dags/example_dag_decorator.py
[2024-07-07T22:27:32.799+0000] {processor.py:840} INFO - DAG(s) 'example_dag_decorator' retrieved from /home/airflow/.local/lib/python3.12/site-packages/airflow/example_dags/example_dag_decorator.py
[2024-07-07T22:27:32.903+0000] {logging_mixin.py:188} INFO - [2024-07-07T22:27:32.903+0000] {dag.py:3096} INFO - Sync 1 DAGs
[2024-07-07T22:27:32.907+0000] {logging_mixin.py:188} INFO - [2024-07-07T22:27:32.907+0000] {dag.py:3954} INFO - Setting next_dagrun for example_dag_decorator to None, run_after=None
[2024-07-07T22:27:32.913+0000] {processor.py:183} INFO - Processing /home/airflow/.local/lib/python3.12/site-packages/airflow/example_dags/example_dag_decorator.py took 0.155 seconds
[2024-07-07T22:28:03.054+0000] {processor.py:161} INFO - Started process (PID=1546) to work on /home/airflow/.local/lib/python3.12/site-packages/airflow/example_dags/example_dag_decorator.py
[2024-07-07T22:28:03.054+0000] {processor.py:830} INFO - Processing file /home/airflow/.local/lib/python3.12/site-packages/airflow/example_dags/example_dag_decorator.py for tasks to queue
[2024-07-07T22:28:03.055+0000] {logging_mixin.py:188} INFO - [2024-07-07T22:28:03.055+0000] {dagbag.py:545} INFO - Filling up the DagBag from /home/airflow/.local/lib/python3.12/site-packages/airflow/example_dags/example_dag_decorator.py
[2024-07-07T22:28:03.091+0000] {processor.py:840} INFO - DAG(s) 'example_dag_decorator' retrieved from /home/airflow/.local/lib/python3.12/site-packages/airflow/example_dags/example_dag_decorator.py
[2024-07-07T22:28:03.198+0000] {logging_mixin.py:188} INFO - [2024-07-07T22:28:03.198+0000] {dag.py:3096} INFO - Sync 1 DAGs
[2024-07-07T22:28:03.202+0000] {logging_mixin.py:188} INFO - [2024-07-07T22:28:03.202+0000] {dag.py:3954} INFO - Setting next_dagrun for example_dag_decorator to None, run_after=None
[2024-07-07T22:28:03.208+0000] {processor.py:183} INFO - Processing /home/airflow/.local/lib/python3.12/site-packages/airflow/example_dags/example_dag_decorator.py took 0.157 seconds
[2024-07-07T22:28:33.311+0000] {processor.py:161} INFO - Started process (PID=1598) to work on /home/airflow/.local/lib/python3.12/site-packages/airflow/example_dags/example_dag_decorator.py
[2024-07-07T22:28:33.312+0000] {processor.py:830} INFO - Processing file /home/airflow/.local/lib/python3.12/site-packages/airflow/example_dags/example_dag_decorator.py for tasks to queue
[2024-07-07T22:28:33.313+0000] {logging_mixin.py:188} INFO - [2024-07-07T22:28:33.312+0000] {dagbag.py:545} INFO - Filling up the DagBag from /home/airflow/.local/lib/python3.12/site-packages/airflow/example_dags/example_dag_decorator.py
[2024-07-07T22:28:33.422+0000] {processor.py:840} INFO - DAG(s) 'example_dag_decorator' retrieved from /home/airflow/.local/lib/python3.12/site-packages/airflow/example_dags/example_dag_decorator.py
[2024-07-07T22:28:33.456+0000] {logging_mixin.py:188} INFO - [2024-07-07T22:28:33.456+0000] {dag.py:3096} INFO - Sync 1 DAGs
[2024-07-07T22:28:33.459+0000] {logging_mixin.py:188} INFO - [2024-07-07T22:28:33.459+0000] {dag.py:3954} INFO - Setting next_dagrun for example_dag_decorator to None, run_after=None
[2024-07-07T22:28:33.465+0000] {processor.py:183} INFO - Processing /home/airflow/.local/lib/python3.12/site-packages/airflow/example_dags/example_dag_decorator.py took 0.156 seconds
[2024-07-07T22:29:03.595+0000] {processor.py:161} INFO - Started process (PID=1650) to work on /home/airflow/.local/lib/python3.12/site-packages/airflow/example_dags/example_dag_decorator.py
[2024-07-07T22:29:03.595+0000] {processor.py:830} INFO - Processing file /home/airflow/.local/lib/python3.12/site-packages/airflow/example_dags/example_dag_decorator.py for tasks to queue
[2024-07-07T22:29:03.596+0000] {logging_mixin.py:188} INFO - [2024-07-07T22:29:03.595+0000] {dagbag.py:545} INFO - Filling up the DagBag from /home/airflow/.local/lib/python3.12/site-packages/airflow/example_dags/example_dag_decorator.py
[2024-07-07T22:29:03.708+0000] {processor.py:840} INFO - DAG(s) 'example_dag_decorator' retrieved from /home/airflow/.local/lib/python3.12/site-packages/airflow/example_dags/example_dag_decorator.py
[2024-07-07T22:29:03.739+0000] {logging_mixin.py:188} INFO - [2024-07-07T22:29:03.738+0000] {dag.py:3096} INFO - Sync 1 DAGs
[2024-07-07T22:29:03.742+0000] {logging_mixin.py:188} INFO - [2024-07-07T22:29:03.742+0000] {dag.py:3954} INFO - Setting next_dagrun for example_dag_decorator to None, run_after=None
[2024-07-07T22:29:03.747+0000] {processor.py:183} INFO - Processing /home/airflow/.local/lib/python3.12/site-packages/airflow/example_dags/example_dag_decorator.py took 0.155 seconds
[2024-07-07T22:29:34.132+0000] {processor.py:161} INFO - Started process (PID=1702) to work on /home/airflow/.local/lib/python3.12/site-packages/airflow/example_dags/example_dag_decorator.py
[2024-07-07T22:29:34.132+0000] {processor.py:830} INFO - Processing file /home/airflow/.local/lib/python3.12/site-packages/airflow/example_dags/example_dag_decorator.py for tasks to queue
[2024-07-07T22:29:34.133+0000] {logging_mixin.py:188} INFO - [2024-07-07T22:29:34.133+0000] {dagbag.py:545} INFO - Filling up the DagBag from /home/airflow/.local/lib/python3.12/site-packages/airflow/example_dags/example_dag_decorator.py
[2024-07-07T22:29:34.169+0000] {processor.py:840} INFO - DAG(s) 'example_dag_decorator' retrieved from /home/airflow/.local/lib/python3.12/site-packages/airflow/example_dags/example_dag_decorator.py
[2024-07-07T22:29:34.272+0000] {logging_mixin.py:188} INFO - [2024-07-07T22:29:34.272+0000] {dag.py:3096} INFO - Sync 1 DAGs
[2024-07-07T22:29:34.276+0000] {logging_mixin.py:188} INFO - [2024-07-07T22:29:34.275+0000] {dag.py:3954} INFO - Setting next_dagrun for example_dag_decorator to None, run_after=None
[2024-07-07T22:29:34.281+0000] {processor.py:183} INFO - Processing /home/airflow/.local/lib/python3.12/site-packages/airflow/example_dags/example_dag_decorator.py took 0.152 seconds
[2024-07-07T22:30:04.499+0000] {processor.py:161} INFO - Started process (PID=1754) to work on /home/airflow/.local/lib/python3.12/site-packages/airflow/example_dags/example_dag_decorator.py
[2024-07-07T22:30:04.499+0000] {processor.py:830} INFO - Processing file /home/airflow/.local/lib/python3.12/site-packages/airflow/example_dags/example_dag_decorator.py for tasks to queue
[2024-07-07T22:30:04.500+0000] {logging_mixin.py:188} INFO - [2024-07-07T22:30:04.500+0000] {dagbag.py:545} INFO - Filling up the DagBag from /home/airflow/.local/lib/python3.12/site-packages/airflow/example_dags/example_dag_decorator.py
[2024-07-07T22:30:04.606+0000] {processor.py:840} INFO - DAG(s) 'example_dag_decorator' retrieved from /home/airflow/.local/lib/python3.12/site-packages/airflow/example_dags/example_dag_decorator.py
[2024-07-07T22:30:04.638+0000] {logging_mixin.py:188} INFO - [2024-07-07T22:30:04.638+0000] {dag.py:3096} INFO - Sync 1 DAGs
[2024-07-07T22:30:04.642+0000] {logging_mixin.py:188} INFO - [2024-07-07T22:30:04.641+0000] {dag.py:3954} INFO - Setting next_dagrun for example_dag_decorator to None, run_after=None
[2024-07-07T22:30:04.647+0000] {processor.py:183} INFO - Processing /home/airflow/.local/lib/python3.12/site-packages/airflow/example_dags/example_dag_decorator.py took 0.151 seconds
[2024-07-07T22:30:34.952+0000] {processor.py:161} INFO - Started process (PID=1806) to work on /home/airflow/.local/lib/python3.12/site-packages/airflow/example_dags/example_dag_decorator.py
[2024-07-07T22:30:34.953+0000] {processor.py:830} INFO - Processing file /home/airflow/.local/lib/python3.12/site-packages/airflow/example_dags/example_dag_decorator.py for tasks to queue
[2024-07-07T22:30:34.953+0000] {logging_mixin.py:188} INFO - [2024-07-07T22:30:34.953+0000] {dagbag.py:545} INFO - Filling up the DagBag from /home/airflow/.local/lib/python3.12/site-packages/airflow/example_dags/example_dag_decorator.py
[2024-07-07T22:30:35.060+0000] {processor.py:840} INFO - DAG(s) 'example_dag_decorator' retrieved from /home/airflow/.local/lib/python3.12/site-packages/airflow/example_dags/example_dag_decorator.py
[2024-07-07T22:30:35.092+0000] {logging_mixin.py:188} INFO - [2024-07-07T22:30:35.092+0000] {dag.py:3096} INFO - Sync 1 DAGs
[2024-07-07T22:30:35.096+0000] {logging_mixin.py:188} INFO - [2024-07-07T22:30:35.096+0000] {dag.py:3954} INFO - Setting next_dagrun for example_dag_decorator to None, run_after=None
[2024-07-07T22:30:35.101+0000] {processor.py:183} INFO - Processing /home/airflow/.local/lib/python3.12/site-packages/airflow/example_dags/example_dag_decorator.py took 0.152 seconds
[2024-07-07T22:31:05.994+0000] {processor.py:161} INFO - Started process (PID=1858) to work on /home/airflow/.local/lib/python3.12/site-packages/airflow/example_dags/example_dag_decorator.py
[2024-07-07T22:31:05.995+0000] {processor.py:830} INFO - Processing file /home/airflow/.local/lib/python3.12/site-packages/airflow/example_dags/example_dag_decorator.py for tasks to queue
[2024-07-07T22:31:05.996+0000] {logging_mixin.py:188} INFO - [2024-07-07T22:31:05.995+0000] {dagbag.py:545} INFO - Filling up the DagBag from /home/airflow/.local/lib/python3.12/site-packages/airflow/example_dags/example_dag_decorator.py
[2024-07-07T22:31:06.157+0000] {processor.py:840} INFO - DAG(s) 'example_dag_decorator' retrieved from /home/airflow/.local/lib/python3.12/site-packages/airflow/example_dags/example_dag_decorator.py
[2024-07-07T22:31:06.195+0000] {logging_mixin.py:188} INFO - [2024-07-07T22:31:06.195+0000] {dag.py:3096} INFO - Sync 1 DAGs
[2024-07-07T22:31:06.199+0000] {logging_mixin.py:188} INFO - [2024-07-07T22:31:06.199+0000] {dag.py:3954} INFO - Setting next_dagrun for example_dag_decorator to None, run_after=None
[2024-07-07T22:31:06.206+0000] {processor.py:183} INFO - Processing /home/airflow/.local/lib/python3.12/site-packages/airflow/example_dags/example_dag_decorator.py took 0.215 seconds
[2024-07-07T22:31:37.025+0000] {processor.py:161} INFO - Started process (PID=1910) to work on /home/airflow/.local/lib/python3.12/site-packages/airflow/example_dags/example_dag_decorator.py
[2024-07-07T22:31:37.026+0000] {processor.py:830} INFO - Processing file /home/airflow/.local/lib/python3.12/site-packages/airflow/example_dags/example_dag_decorator.py for tasks to queue
[2024-07-07T22:31:37.028+0000] {logging_mixin.py:188} INFO - [2024-07-07T22:31:37.028+0000] {dagbag.py:545} INFO - Filling up the DagBag from /home/airflow/.local/lib/python3.12/site-packages/airflow/example_dags/example_dag_decorator.py
[2024-07-07T22:31:37.162+0000] {processor.py:840} INFO - DAG(s) 'example_dag_decorator' retrieved from /home/airflow/.local/lib/python3.12/site-packages/airflow/example_dags/example_dag_decorator.py
[2024-07-07T22:31:37.200+0000] {logging_mixin.py:188} INFO - [2024-07-07T22:31:37.200+0000] {dag.py:3096} INFO - Sync 1 DAGs
[2024-07-07T22:31:37.204+0000] {logging_mixin.py:188} INFO - [2024-07-07T22:31:37.204+0000] {dag.py:3954} INFO - Setting next_dagrun for example_dag_decorator to None, run_after=None
[2024-07-07T22:31:37.210+0000] {processor.py:183} INFO - Processing /home/airflow/.local/lib/python3.12/site-packages/airflow/example_dags/example_dag_decorator.py took 0.191 seconds
[2024-07-07T22:32:08.051+0000] {processor.py:161} INFO - Started process (PID=1962) to work on /home/airflow/.local/lib/python3.12/site-packages/airflow/example_dags/example_dag_decorator.py
[2024-07-07T22:32:08.052+0000] {processor.py:830} INFO - Processing file /home/airflow/.local/lib/python3.12/site-packages/airflow/example_dags/example_dag_decorator.py for tasks to queue
[2024-07-07T22:32:08.054+0000] {logging_mixin.py:188} INFO - [2024-07-07T22:32:08.053+0000] {dagbag.py:545} INFO - Filling up the DagBag from /home/airflow/.local/lib/python3.12/site-packages/airflow/example_dags/example_dag_decorator.py
[2024-07-07T22:32:08.180+0000] {processor.py:840} INFO - DAG(s) 'example_dag_decorator' retrieved from /home/airflow/.local/lib/python3.12/site-packages/airflow/example_dags/example_dag_decorator.py
[2024-07-07T22:32:08.214+0000] {logging_mixin.py:188} INFO - [2024-07-07T22:32:08.214+0000] {dag.py:3096} INFO - Sync 1 DAGs
[2024-07-07T22:32:08.217+0000] {logging_mixin.py:188} INFO - [2024-07-07T22:32:08.217+0000] {dag.py:3954} INFO - Setting next_dagrun for example_dag_decorator to None, run_after=None
[2024-07-07T22:32:08.223+0000] {processor.py:183} INFO - Processing /home/airflow/.local/lib/python3.12/site-packages/airflow/example_dags/example_dag_decorator.py took 0.179 seconds
[2024-07-07T22:32:39.157+0000] {processor.py:161} INFO - Started process (PID=2014) to work on /home/airflow/.local/lib/python3.12/site-packages/airflow/example_dags/example_dag_decorator.py
[2024-07-07T22:32:39.158+0000] {processor.py:830} INFO - Processing file /home/airflow/.local/lib/python3.12/site-packages/airflow/example_dags/example_dag_decorator.py for tasks to queue
[2024-07-07T22:32:39.159+0000] {logging_mixin.py:188} INFO - [2024-07-07T22:32:39.159+0000] {dagbag.py:545} INFO - Filling up the DagBag from /home/airflow/.local/lib/python3.12/site-packages/airflow/example_dags/example_dag_decorator.py
[2024-07-07T22:32:39.213+0000] {processor.py:840} INFO - DAG(s) 'example_dag_decorator' retrieved from /home/airflow/.local/lib/python3.12/site-packages/airflow/example_dags/example_dag_decorator.py
[2024-07-07T22:32:39.252+0000] {logging_mixin.py:188} INFO - [2024-07-07T22:32:39.252+0000] {dag.py:3096} INFO - Sync 1 DAGs
[2024-07-07T22:32:39.257+0000] {logging_mixin.py:188} INFO - [2024-07-07T22:32:39.256+0000] {dag.py:3954} INFO - Setting next_dagrun for example_dag_decorator to None, run_after=None
[2024-07-07T22:32:39.263+0000] {processor.py:183} INFO - Processing /home/airflow/.local/lib/python3.12/site-packages/airflow/example_dags/example_dag_decorator.py took 0.113 seconds
[2024-07-07T22:33:09.558+0000] {processor.py:161} INFO - Started process (PID=2066) to work on /home/airflow/.local/lib/python3.12/site-packages/airflow/example_dags/example_dag_decorator.py
[2024-07-07T22:33:09.559+0000] {processor.py:830} INFO - Processing file /home/airflow/.local/lib/python3.12/site-packages/airflow/example_dags/example_dag_decorator.py for tasks to queue
[2024-07-07T22:33:09.561+0000] {logging_mixin.py:188} INFO - [2024-07-07T22:33:09.560+0000] {dagbag.py:545} INFO - Filling up the DagBag from /home/airflow/.local/lib/python3.12/site-packages/airflow/example_dags/example_dag_decorator.py
[2024-07-07T22:33:09.622+0000] {processor.py:840} INFO - DAG(s) 'example_dag_decorator' retrieved from /home/airflow/.local/lib/python3.12/site-packages/airflow/example_dags/example_dag_decorator.py
[2024-07-07T22:33:09.674+0000] {logging_mixin.py:188} INFO - [2024-07-07T22:33:09.673+0000] {dag.py:3096} INFO - Sync 1 DAGs
[2024-07-07T22:33:09.678+0000] {logging_mixin.py:188} INFO - [2024-07-07T22:33:09.678+0000] {dag.py:3954} INFO - Setting next_dagrun for example_dag_decorator to None, run_after=None
[2024-07-07T22:33:09.686+0000] {processor.py:183} INFO - Processing /home/airflow/.local/lib/python3.12/site-packages/airflow/example_dags/example_dag_decorator.py took 0.134 seconds
[2024-07-07T22:33:40.021+0000] {processor.py:161} INFO - Started process (PID=2118) to work on /home/airflow/.local/lib/python3.12/site-packages/airflow/example_dags/example_dag_decorator.py
[2024-07-07T22:33:40.022+0000] {processor.py:830} INFO - Processing file /home/airflow/.local/lib/python3.12/site-packages/airflow/example_dags/example_dag_decorator.py for tasks to queue
[2024-07-07T22:33:40.023+0000] {logging_mixin.py:188} INFO - [2024-07-07T22:33:40.023+0000] {dagbag.py:545} INFO - Filling up the DagBag from /home/airflow/.local/lib/python3.12/site-packages/airflow/example_dags/example_dag_decorator.py
[2024-07-07T22:33:40.078+0000] {processor.py:840} INFO - DAG(s) 'example_dag_decorator' retrieved from /home/airflow/.local/lib/python3.12/site-packages/airflow/example_dags/example_dag_decorator.py
[2024-07-07T22:33:40.091+0000] {logging_mixin.py:188} INFO - [2024-07-07T22:33:40.091+0000] {dag.py:3096} INFO - Sync 1 DAGs
[2024-07-07T22:33:40.098+0000] {logging_mixin.py:188} INFO - [2024-07-07T22:33:40.097+0000] {dag.py:3954} INFO - Setting next_dagrun for example_dag_decorator to None, run_after=None
[2024-07-07T22:33:40.105+0000] {processor.py:183} INFO - Processing /home/airflow/.local/lib/python3.12/site-packages/airflow/example_dags/example_dag_decorator.py took 0.092 seconds
