[2024-07-07T22:13:08.681+0000] {processor.py:161} INFO - Started process (PID=54) to work on /home/airflow/.local/lib/python3.12/site-packages/airflow/example_dags/example_python_decorator.py
[2024-07-07T22:13:08.682+0000] {processor.py:830} INFO - Processing file /home/airflow/.local/lib/python3.12/site-packages/airflow/example_dags/example_python_decorator.py for tasks to queue
[2024-07-07T22:13:08.683+0000] {logging_mixin.py:188} INFO - [2024-07-07T22:13:08.683+0000] {dagbag.py:545} INFO - Filling up the DagBag from /home/airflow/.local/lib/python3.12/site-packages/airflow/example_dags/example_python_decorator.py
[2024-07-07T22:13:08.689+0000] {processor.py:840} INFO - DAG(s) 'example_python_decorator' retrieved from /home/airflow/.local/lib/python3.12/site-packages/airflow/example_dags/example_python_decorator.py
[2024-07-07T22:13:08.777+0000] {logging_mixin.py:188} INFO - [2024-07-07T22:13:08.776+0000] {override.py:1829} INFO - Created Permission View: can edit on DAG:example_python_decorator
[2024-07-07T22:13:08.781+0000] {logging_mixin.py:188} INFO - [2024-07-07T22:13:08.781+0000] {override.py:1829} INFO - Created Permission View: can read on DAG:example_python_decorator
[2024-07-07T22:13:08.783+0000] {logging_mixin.py:188} INFO - [2024-07-07T22:13:08.783+0000] {override.py:1829} INFO - Created Permission View: can delete on DAG:example_python_decorator
[2024-07-07T22:13:08.783+0000] {logging_mixin.py:188} INFO - [2024-07-07T22:13:08.783+0000] {dag.py:3096} INFO - Sync 1 DAGs
[2024-07-07T22:13:08.787+0000] {logging_mixin.py:188} INFO - [2024-07-07T22:13:08.787+0000] {dag.py:3118} INFO - Creating ORM DAG for example_python_decorator
[2024-07-07T22:13:08.787+0000] {logging_mixin.py:188} INFO - [2024-07-07T22:13:08.787+0000] {dag.py:3954} INFO - Setting next_dagrun for example_python_decorator to None, run_after=None
[2024-07-07T22:13:08.794+0000] {processor.py:183} INFO - Processing /home/airflow/.local/lib/python3.12/site-packages/airflow/example_dags/example_python_decorator.py took 0.115 seconds
[2024-07-07T22:13:53.374+0000] {processor.py:161} INFO - Started process (PID=54) to work on /home/airflow/.local/lib/python3.12/site-packages/airflow/example_dags/example_python_decorator.py
[2024-07-07T22:13:53.375+0000] {processor.py:830} INFO - Processing file /home/airflow/.local/lib/python3.12/site-packages/airflow/example_dags/example_python_decorator.py for tasks to queue
[2024-07-07T22:13:53.377+0000] {logging_mixin.py:188} INFO - [2024-07-07T22:13:53.376+0000] {dagbag.py:545} INFO - Filling up the DagBag from /home/airflow/.local/lib/python3.12/site-packages/airflow/example_dags/example_python_decorator.py
[2024-07-07T22:13:53.385+0000] {processor.py:840} INFO - DAG(s) 'example_python_decorator' retrieved from /home/airflow/.local/lib/python3.12/site-packages/airflow/example_dags/example_python_decorator.py
[2024-07-07T22:13:53.393+0000] {logging_mixin.py:188} INFO - [2024-07-07T22:13:53.393+0000] {dag.py:3096} INFO - Sync 1 DAGs
[2024-07-07T22:13:53.405+0000] {logging_mixin.py:188} INFO - [2024-07-07T22:13:53.404+0000] {dag.py:3954} INFO - Setting next_dagrun for example_python_decorator to None, run_after=None
[2024-07-07T22:13:53.423+0000] {processor.py:183} INFO - Processing /home/airflow/.local/lib/python3.12/site-packages/airflow/example_dags/example_python_decorator.py took 0.052 seconds
[2024-07-07T22:14:23.459+0000] {processor.py:161} INFO - Started process (PID=105) to work on /home/airflow/.local/lib/python3.12/site-packages/airflow/example_dags/example_python_decorator.py
[2024-07-07T22:14:23.459+0000] {processor.py:830} INFO - Processing file /home/airflow/.local/lib/python3.12/site-packages/airflow/example_dags/example_python_decorator.py for tasks to queue
[2024-07-07T22:14:23.460+0000] {logging_mixin.py:188} INFO - [2024-07-07T22:14:23.460+0000] {dagbag.py:545} INFO - Filling up the DagBag from /home/airflow/.local/lib/python3.12/site-packages/airflow/example_dags/example_python_decorator.py
[2024-07-07T22:14:23.464+0000] {processor.py:840} INFO - DAG(s) 'example_python_decorator' retrieved from /home/airflow/.local/lib/python3.12/site-packages/airflow/example_dags/example_python_decorator.py
[2024-07-07T22:14:23.498+0000] {logging_mixin.py:188} INFO - [2024-07-07T22:14:23.498+0000] {dag.py:3096} INFO - Sync 1 DAGs
[2024-07-07T22:14:23.502+0000] {logging_mixin.py:188} INFO - [2024-07-07T22:14:23.502+0000] {dag.py:3954} INFO - Setting next_dagrun for example_python_decorator to None, run_after=None
[2024-07-07T22:14:23.509+0000] {processor.py:183} INFO - Processing /home/airflow/.local/lib/python3.12/site-packages/airflow/example_dags/example_python_decorator.py took 0.052 seconds
[2024-07-07T22:14:54.473+0000] {processor.py:161} INFO - Started process (PID=158) to work on /home/airflow/.local/lib/python3.12/site-packages/airflow/example_dags/example_python_decorator.py
[2024-07-07T22:14:54.474+0000] {processor.py:830} INFO - Processing file /home/airflow/.local/lib/python3.12/site-packages/airflow/example_dags/example_python_decorator.py for tasks to queue
[2024-07-07T22:14:54.474+0000] {logging_mixin.py:188} INFO - [2024-07-07T22:14:54.474+0000] {dagbag.py:545} INFO - Filling up the DagBag from /home/airflow/.local/lib/python3.12/site-packages/airflow/example_dags/example_python_decorator.py
[2024-07-07T22:14:54.481+0000] {processor.py:840} INFO - DAG(s) 'example_python_decorator' retrieved from /home/airflow/.local/lib/python3.12/site-packages/airflow/example_dags/example_python_decorator.py
[2024-07-07T22:14:54.490+0000] {logging_mixin.py:188} INFO - [2024-07-07T22:14:54.490+0000] {dag.py:3096} INFO - Sync 1 DAGs
[2024-07-07T22:14:54.495+0000] {logging_mixin.py:188} INFO - [2024-07-07T22:14:54.495+0000] {dag.py:3954} INFO - Setting next_dagrun for example_python_decorator to None, run_after=None
[2024-07-07T22:14:54.501+0000] {processor.py:183} INFO - Processing /home/airflow/.local/lib/python3.12/site-packages/airflow/example_dags/example_python_decorator.py took 0.030 seconds
[2024-07-07T22:15:24.756+0000] {processor.py:161} INFO - Started process (PID=210) to work on /home/airflow/.local/lib/python3.12/site-packages/airflow/example_dags/example_python_decorator.py
[2024-07-07T22:15:24.757+0000] {processor.py:830} INFO - Processing file /home/airflow/.local/lib/python3.12/site-packages/airflow/example_dags/example_python_decorator.py for tasks to queue
[2024-07-07T22:15:24.757+0000] {logging_mixin.py:188} INFO - [2024-07-07T22:15:24.757+0000] {dagbag.py:545} INFO - Filling up the DagBag from /home/airflow/.local/lib/python3.12/site-packages/airflow/example_dags/example_python_decorator.py
[2024-07-07T22:15:24.762+0000] {processor.py:840} INFO - DAG(s) 'example_python_decorator' retrieved from /home/airflow/.local/lib/python3.12/site-packages/airflow/example_dags/example_python_decorator.py
[2024-07-07T22:15:24.769+0000] {logging_mixin.py:188} INFO - [2024-07-07T22:15:24.769+0000] {dag.py:3096} INFO - Sync 1 DAGs
[2024-07-07T22:15:24.773+0000] {logging_mixin.py:188} INFO - [2024-07-07T22:15:24.773+0000] {dag.py:3954} INFO - Setting next_dagrun for example_python_decorator to None, run_after=None
[2024-07-07T22:15:24.779+0000] {processor.py:183} INFO - Processing /home/airflow/.local/lib/python3.12/site-packages/airflow/example_dags/example_python_decorator.py took 0.025 seconds
[2024-07-07T22:15:54.976+0000] {processor.py:161} INFO - Started process (PID=275) to work on /home/airflow/.local/lib/python3.12/site-packages/airflow/example_dags/example_python_decorator.py
[2024-07-07T22:15:54.976+0000] {processor.py:830} INFO - Processing file /home/airflow/.local/lib/python3.12/site-packages/airflow/example_dags/example_python_decorator.py for tasks to queue
[2024-07-07T22:15:54.977+0000] {logging_mixin.py:188} INFO - [2024-07-07T22:15:54.976+0000] {dagbag.py:545} INFO - Filling up the DagBag from /home/airflow/.local/lib/python3.12/site-packages/airflow/example_dags/example_python_decorator.py
[2024-07-07T22:15:54.981+0000] {processor.py:840} INFO - DAG(s) 'example_python_decorator' retrieved from /home/airflow/.local/lib/python3.12/site-packages/airflow/example_dags/example_python_decorator.py
[2024-07-07T22:15:54.989+0000] {logging_mixin.py:188} INFO - [2024-07-07T22:15:54.989+0000] {dag.py:3096} INFO - Sync 1 DAGs
[2024-07-07T22:15:54.994+0000] {logging_mixin.py:188} INFO - [2024-07-07T22:15:54.994+0000] {dag.py:3954} INFO - Setting next_dagrun for example_python_decorator to None, run_after=None
[2024-07-07T22:15:55.000+0000] {processor.py:183} INFO - Processing /home/airflow/.local/lib/python3.12/site-packages/airflow/example_dags/example_python_decorator.py took 0.026 seconds
[2024-07-07T22:16:25.203+0000] {processor.py:161} INFO - Started process (PID=334) to work on /home/airflow/.local/lib/python3.12/site-packages/airflow/example_dags/example_python_decorator.py
[2024-07-07T22:16:25.204+0000] {processor.py:830} INFO - Processing file /home/airflow/.local/lib/python3.12/site-packages/airflow/example_dags/example_python_decorator.py for tasks to queue
[2024-07-07T22:16:25.205+0000] {logging_mixin.py:188} INFO - [2024-07-07T22:16:25.204+0000] {dagbag.py:545} INFO - Filling up the DagBag from /home/airflow/.local/lib/python3.12/site-packages/airflow/example_dags/example_python_decorator.py
[2024-07-07T22:16:25.210+0000] {processor.py:840} INFO - DAG(s) 'example_python_decorator' retrieved from /home/airflow/.local/lib/python3.12/site-packages/airflow/example_dags/example_python_decorator.py
[2024-07-07T22:16:25.218+0000] {logging_mixin.py:188} INFO - [2024-07-07T22:16:25.217+0000] {dag.py:3096} INFO - Sync 1 DAGs
[2024-07-07T22:16:25.222+0000] {logging_mixin.py:188} INFO - [2024-07-07T22:16:25.222+0000] {dag.py:3954} INFO - Setting next_dagrun for example_python_decorator to None, run_after=None
[2024-07-07T22:16:25.228+0000] {processor.py:183} INFO - Processing /home/airflow/.local/lib/python3.12/site-packages/airflow/example_dags/example_python_decorator.py took 0.027 seconds
[2024-07-07T22:16:55.419+0000] {processor.py:161} INFO - Started process (PID=400) to work on /home/airflow/.local/lib/python3.12/site-packages/airflow/example_dags/example_python_decorator.py
[2024-07-07T22:16:55.419+0000] {processor.py:830} INFO - Processing file /home/airflow/.local/lib/python3.12/site-packages/airflow/example_dags/example_python_decorator.py for tasks to queue
[2024-07-07T22:16:55.420+0000] {logging_mixin.py:188} INFO - [2024-07-07T22:16:55.420+0000] {dagbag.py:545} INFO - Filling up the DagBag from /home/airflow/.local/lib/python3.12/site-packages/airflow/example_dags/example_python_decorator.py
[2024-07-07T22:16:55.424+0000] {processor.py:840} INFO - DAG(s) 'example_python_decorator' retrieved from /home/airflow/.local/lib/python3.12/site-packages/airflow/example_dags/example_python_decorator.py
[2024-07-07T22:16:55.432+0000] {logging_mixin.py:188} INFO - [2024-07-07T22:16:55.432+0000] {dag.py:3096} INFO - Sync 1 DAGs
[2024-07-07T22:16:55.437+0000] {logging_mixin.py:188} INFO - [2024-07-07T22:16:55.437+0000] {dag.py:3954} INFO - Setting next_dagrun for example_python_decorator to None, run_after=None
[2024-07-07T22:16:55.442+0000] {processor.py:183} INFO - Processing /home/airflow/.local/lib/python3.12/site-packages/airflow/example_dags/example_python_decorator.py took 0.026 seconds
[2024-07-07T22:17:25.660+0000] {processor.py:161} INFO - Started process (PID=453) to work on /home/airflow/.local/lib/python3.12/site-packages/airflow/example_dags/example_python_decorator.py
[2024-07-07T22:17:25.660+0000] {processor.py:830} INFO - Processing file /home/airflow/.local/lib/python3.12/site-packages/airflow/example_dags/example_python_decorator.py for tasks to queue
[2024-07-07T22:17:25.661+0000] {logging_mixin.py:188} INFO - [2024-07-07T22:17:25.661+0000] {dagbag.py:545} INFO - Filling up the DagBag from /home/airflow/.local/lib/python3.12/site-packages/airflow/example_dags/example_python_decorator.py
[2024-07-07T22:17:25.666+0000] {processor.py:840} INFO - DAG(s) 'example_python_decorator' retrieved from /home/airflow/.local/lib/python3.12/site-packages/airflow/example_dags/example_python_decorator.py
[2024-07-07T22:17:25.675+0000] {logging_mixin.py:188} INFO - [2024-07-07T22:17:25.675+0000] {dag.py:3096} INFO - Sync 1 DAGs
[2024-07-07T22:17:25.679+0000] {logging_mixin.py:188} INFO - [2024-07-07T22:17:25.679+0000] {dag.py:3954} INFO - Setting next_dagrun for example_python_decorator to None, run_after=None
[2024-07-07T22:17:25.686+0000] {processor.py:183} INFO - Processing /home/airflow/.local/lib/python3.12/site-packages/airflow/example_dags/example_python_decorator.py took 0.028 seconds
[2024-07-07T22:17:55.995+0000] {processor.py:161} INFO - Started process (PID=507) to work on /home/airflow/.local/lib/python3.12/site-packages/airflow/example_dags/example_python_decorator.py
[2024-07-07T22:17:55.996+0000] {processor.py:830} INFO - Processing file /home/airflow/.local/lib/python3.12/site-packages/airflow/example_dags/example_python_decorator.py for tasks to queue
[2024-07-07T22:17:55.997+0000] {logging_mixin.py:188} INFO - [2024-07-07T22:17:55.996+0000] {dagbag.py:545} INFO - Filling up the DagBag from /home/airflow/.local/lib/python3.12/site-packages/airflow/example_dags/example_python_decorator.py
[2024-07-07T22:17:56.002+0000] {processor.py:840} INFO - DAG(s) 'example_python_decorator' retrieved from /home/airflow/.local/lib/python3.12/site-packages/airflow/example_dags/example_python_decorator.py
[2024-07-07T22:17:56.011+0000] {logging_mixin.py:188} INFO - [2024-07-07T22:17:56.011+0000] {dag.py:3096} INFO - Sync 1 DAGs
[2024-07-07T22:17:56.016+0000] {logging_mixin.py:188} INFO - [2024-07-07T22:17:56.016+0000] {dag.py:3954} INFO - Setting next_dagrun for example_python_decorator to None, run_after=None
[2024-07-07T22:17:56.022+0000] {processor.py:183} INFO - Processing /home/airflow/.local/lib/python3.12/site-packages/airflow/example_dags/example_python_decorator.py took 0.029 seconds
[2024-07-07T22:18:26.523+0000] {processor.py:161} INFO - Started process (PID=559) to work on /home/airflow/.local/lib/python3.12/site-packages/airflow/example_dags/example_python_decorator.py
[2024-07-07T22:18:26.523+0000] {processor.py:830} INFO - Processing file /home/airflow/.local/lib/python3.12/site-packages/airflow/example_dags/example_python_decorator.py for tasks to queue
[2024-07-07T22:18:26.524+0000] {logging_mixin.py:188} INFO - [2024-07-07T22:18:26.524+0000] {dagbag.py:545} INFO - Filling up the DagBag from /home/airflow/.local/lib/python3.12/site-packages/airflow/example_dags/example_python_decorator.py
[2024-07-07T22:18:26.529+0000] {processor.py:840} INFO - DAG(s) 'example_python_decorator' retrieved from /home/airflow/.local/lib/python3.12/site-packages/airflow/example_dags/example_python_decorator.py
[2024-07-07T22:18:26.539+0000] {logging_mixin.py:188} INFO - [2024-07-07T22:18:26.539+0000] {dag.py:3096} INFO - Sync 1 DAGs
[2024-07-07T22:18:26.544+0000] {logging_mixin.py:188} INFO - [2024-07-07T22:18:26.544+0000] {dag.py:3954} INFO - Setting next_dagrun for example_python_decorator to None, run_after=None
[2024-07-07T22:18:26.550+0000] {processor.py:183} INFO - Processing /home/airflow/.local/lib/python3.12/site-packages/airflow/example_dags/example_python_decorator.py took 0.030 seconds
[2024-07-07T22:18:56.829+0000] {processor.py:161} INFO - Started process (PID=611) to work on /home/airflow/.local/lib/python3.12/site-packages/airflow/example_dags/example_python_decorator.py
[2024-07-07T22:18:56.829+0000] {processor.py:830} INFO - Processing file /home/airflow/.local/lib/python3.12/site-packages/airflow/example_dags/example_python_decorator.py for tasks to queue
[2024-07-07T22:18:56.830+0000] {logging_mixin.py:188} INFO - [2024-07-07T22:18:56.830+0000] {dagbag.py:545} INFO - Filling up the DagBag from /home/airflow/.local/lib/python3.12/site-packages/airflow/example_dags/example_python_decorator.py
[2024-07-07T22:18:56.835+0000] {processor.py:840} INFO - DAG(s) 'example_python_decorator' retrieved from /home/airflow/.local/lib/python3.12/site-packages/airflow/example_dags/example_python_decorator.py
[2024-07-07T22:18:56.851+0000] {logging_mixin.py:188} INFO - [2024-07-07T22:18:56.851+0000] {dag.py:3096} INFO - Sync 1 DAGs
[2024-07-07T22:18:56.855+0000] {logging_mixin.py:188} INFO - [2024-07-07T22:18:56.855+0000] {dag.py:3954} INFO - Setting next_dagrun for example_python_decorator to None, run_after=None
[2024-07-07T22:18:56.861+0000] {processor.py:183} INFO - Processing /home/airflow/.local/lib/python3.12/site-packages/airflow/example_dags/example_python_decorator.py took 0.035 seconds
[2024-07-07T22:19:27.113+0000] {processor.py:161} INFO - Started process (PID=663) to work on /home/airflow/.local/lib/python3.12/site-packages/airflow/example_dags/example_python_decorator.py
[2024-07-07T22:19:27.115+0000] {processor.py:830} INFO - Processing file /home/airflow/.local/lib/python3.12/site-packages/airflow/example_dags/example_python_decorator.py for tasks to queue
[2024-07-07T22:19:27.116+0000] {logging_mixin.py:188} INFO - [2024-07-07T22:19:27.115+0000] {dagbag.py:545} INFO - Filling up the DagBag from /home/airflow/.local/lib/python3.12/site-packages/airflow/example_dags/example_python_decorator.py
[2024-07-07T22:19:27.120+0000] {processor.py:840} INFO - DAG(s) 'example_python_decorator' retrieved from /home/airflow/.local/lib/python3.12/site-packages/airflow/example_dags/example_python_decorator.py
[2024-07-07T22:19:27.129+0000] {logging_mixin.py:188} INFO - [2024-07-07T22:19:27.129+0000] {dag.py:3096} INFO - Sync 1 DAGs
[2024-07-07T22:19:27.133+0000] {logging_mixin.py:188} INFO - [2024-07-07T22:19:27.133+0000] {dag.py:3954} INFO - Setting next_dagrun for example_python_decorator to None, run_after=None
[2024-07-07T22:19:27.139+0000] {processor.py:183} INFO - Processing /home/airflow/.local/lib/python3.12/site-packages/airflow/example_dags/example_python_decorator.py took 0.029 seconds
[2024-07-07T22:19:57.391+0000] {processor.py:161} INFO - Started process (PID=715) to work on /home/airflow/.local/lib/python3.12/site-packages/airflow/example_dags/example_python_decorator.py
[2024-07-07T22:19:57.392+0000] {processor.py:830} INFO - Processing file /home/airflow/.local/lib/python3.12/site-packages/airflow/example_dags/example_python_decorator.py for tasks to queue
[2024-07-07T22:19:57.393+0000] {logging_mixin.py:188} INFO - [2024-07-07T22:19:57.392+0000] {dagbag.py:545} INFO - Filling up the DagBag from /home/airflow/.local/lib/python3.12/site-packages/airflow/example_dags/example_python_decorator.py
[2024-07-07T22:19:57.398+0000] {processor.py:840} INFO - DAG(s) 'example_python_decorator' retrieved from /home/airflow/.local/lib/python3.12/site-packages/airflow/example_dags/example_python_decorator.py
[2024-07-07T22:19:57.408+0000] {logging_mixin.py:188} INFO - [2024-07-07T22:19:57.408+0000] {dag.py:3096} INFO - Sync 1 DAGs
[2024-07-07T22:19:57.413+0000] {logging_mixin.py:188} INFO - [2024-07-07T22:19:57.413+0000] {dag.py:3954} INFO - Setting next_dagrun for example_python_decorator to None, run_after=None
[2024-07-07T22:19:57.419+0000] {processor.py:183} INFO - Processing /home/airflow/.local/lib/python3.12/site-packages/airflow/example_dags/example_python_decorator.py took 0.030 seconds
[2024-07-07T22:20:27.702+0000] {processor.py:161} INFO - Started process (PID=767) to work on /home/airflow/.local/lib/python3.12/site-packages/airflow/example_dags/example_python_decorator.py
[2024-07-07T22:20:27.703+0000] {processor.py:830} INFO - Processing file /home/airflow/.local/lib/python3.12/site-packages/airflow/example_dags/example_python_decorator.py for tasks to queue
[2024-07-07T22:20:27.704+0000] {logging_mixin.py:188} INFO - [2024-07-07T22:20:27.703+0000] {dagbag.py:545} INFO - Filling up the DagBag from /home/airflow/.local/lib/python3.12/site-packages/airflow/example_dags/example_python_decorator.py
[2024-07-07T22:20:27.709+0000] {processor.py:840} INFO - DAG(s) 'example_python_decorator' retrieved from /home/airflow/.local/lib/python3.12/site-packages/airflow/example_dags/example_python_decorator.py
[2024-07-07T22:20:27.717+0000] {logging_mixin.py:188} INFO - [2024-07-07T22:20:27.717+0000] {dag.py:3096} INFO - Sync 1 DAGs
[2024-07-07T22:20:27.722+0000] {logging_mixin.py:188} INFO - [2024-07-07T22:20:27.722+0000] {dag.py:3954} INFO - Setting next_dagrun for example_python_decorator to None, run_after=None
[2024-07-07T22:20:27.729+0000] {processor.py:183} INFO - Processing /home/airflow/.local/lib/python3.12/site-packages/airflow/example_dags/example_python_decorator.py took 0.029 seconds
[2024-07-07T22:20:57.980+0000] {processor.py:161} INFO - Started process (PID=819) to work on /home/airflow/.local/lib/python3.12/site-packages/airflow/example_dags/example_python_decorator.py
[2024-07-07T22:20:57.980+0000] {processor.py:830} INFO - Processing file /home/airflow/.local/lib/python3.12/site-packages/airflow/example_dags/example_python_decorator.py for tasks to queue
[2024-07-07T22:20:57.981+0000] {logging_mixin.py:188} INFO - [2024-07-07T22:20:57.981+0000] {dagbag.py:545} INFO - Filling up the DagBag from /home/airflow/.local/lib/python3.12/site-packages/airflow/example_dags/example_python_decorator.py
[2024-07-07T22:20:57.986+0000] {processor.py:840} INFO - DAG(s) 'example_python_decorator' retrieved from /home/airflow/.local/lib/python3.12/site-packages/airflow/example_dags/example_python_decorator.py
[2024-07-07T22:20:57.993+0000] {logging_mixin.py:188} INFO - [2024-07-07T22:20:57.993+0000] {dag.py:3096} INFO - Sync 1 DAGs
[2024-07-07T22:20:57.997+0000] {logging_mixin.py:188} INFO - [2024-07-07T22:20:57.997+0000] {dag.py:3954} INFO - Setting next_dagrun for example_python_decorator to None, run_after=None
[2024-07-07T22:20:58.003+0000] {processor.py:183} INFO - Processing /home/airflow/.local/lib/python3.12/site-packages/airflow/example_dags/example_python_decorator.py took 0.025 seconds
[2024-07-07T22:21:28.296+0000] {processor.py:161} INFO - Started process (PID=871) to work on /home/airflow/.local/lib/python3.12/site-packages/airflow/example_dags/example_python_decorator.py
[2024-07-07T22:21:28.296+0000] {processor.py:830} INFO - Processing file /home/airflow/.local/lib/python3.12/site-packages/airflow/example_dags/example_python_decorator.py for tasks to queue
[2024-07-07T22:21:28.297+0000] {logging_mixin.py:188} INFO - [2024-07-07T22:21:28.297+0000] {dagbag.py:545} INFO - Filling up the DagBag from /home/airflow/.local/lib/python3.12/site-packages/airflow/example_dags/example_python_decorator.py
[2024-07-07T22:21:28.302+0000] {processor.py:840} INFO - DAG(s) 'example_python_decorator' retrieved from /home/airflow/.local/lib/python3.12/site-packages/airflow/example_dags/example_python_decorator.py
[2024-07-07T22:21:28.311+0000] {logging_mixin.py:188} INFO - [2024-07-07T22:21:28.311+0000] {dag.py:3096} INFO - Sync 1 DAGs
[2024-07-07T22:21:28.315+0000] {logging_mixin.py:188} INFO - [2024-07-07T22:21:28.315+0000] {dag.py:3954} INFO - Setting next_dagrun for example_python_decorator to None, run_after=None
[2024-07-07T22:21:28.321+0000] {processor.py:183} INFO - Processing /home/airflow/.local/lib/python3.12/site-packages/airflow/example_dags/example_python_decorator.py took 0.027 seconds
[2024-07-07T22:21:58.665+0000] {processor.py:161} INFO - Started process (PID=923) to work on /home/airflow/.local/lib/python3.12/site-packages/airflow/example_dags/example_python_decorator.py
[2024-07-07T22:21:58.665+0000] {processor.py:830} INFO - Processing file /home/airflow/.local/lib/python3.12/site-packages/airflow/example_dags/example_python_decorator.py for tasks to queue
[2024-07-07T22:21:58.666+0000] {logging_mixin.py:188} INFO - [2024-07-07T22:21:58.666+0000] {dagbag.py:545} INFO - Filling up the DagBag from /home/airflow/.local/lib/python3.12/site-packages/airflow/example_dags/example_python_decorator.py
[2024-07-07T22:21:58.671+0000] {processor.py:840} INFO - DAG(s) 'example_python_decorator' retrieved from /home/airflow/.local/lib/python3.12/site-packages/airflow/example_dags/example_python_decorator.py
[2024-07-07T22:21:58.679+0000] {logging_mixin.py:188} INFO - [2024-07-07T22:21:58.679+0000] {dag.py:3096} INFO - Sync 1 DAGs
[2024-07-07T22:21:58.684+0000] {logging_mixin.py:188} INFO - [2024-07-07T22:21:58.684+0000] {dag.py:3954} INFO - Setting next_dagrun for example_python_decorator to None, run_after=None
[2024-07-07T22:21:58.690+0000] {processor.py:183} INFO - Processing /home/airflow/.local/lib/python3.12/site-packages/airflow/example_dags/example_python_decorator.py took 0.027 seconds
[2024-07-07T22:22:29.028+0000] {processor.py:161} INFO - Started process (PID=975) to work on /home/airflow/.local/lib/python3.12/site-packages/airflow/example_dags/example_python_decorator.py
[2024-07-07T22:22:29.028+0000] {processor.py:830} INFO - Processing file /home/airflow/.local/lib/python3.12/site-packages/airflow/example_dags/example_python_decorator.py for tasks to queue
[2024-07-07T22:22:29.029+0000] {logging_mixin.py:188} INFO - [2024-07-07T22:22:29.029+0000] {dagbag.py:545} INFO - Filling up the DagBag from /home/airflow/.local/lib/python3.12/site-packages/airflow/example_dags/example_python_decorator.py
[2024-07-07T22:22:29.034+0000] {processor.py:840} INFO - DAG(s) 'example_python_decorator' retrieved from /home/airflow/.local/lib/python3.12/site-packages/airflow/example_dags/example_python_decorator.py
[2024-07-07T22:22:29.045+0000] {logging_mixin.py:188} INFO - [2024-07-07T22:22:29.045+0000] {dag.py:3096} INFO - Sync 1 DAGs
[2024-07-07T22:22:29.050+0000] {logging_mixin.py:188} INFO - [2024-07-07T22:22:29.050+0000] {dag.py:3954} INFO - Setting next_dagrun for example_python_decorator to None, run_after=None
[2024-07-07T22:22:29.058+0000] {processor.py:183} INFO - Processing /home/airflow/.local/lib/python3.12/site-packages/airflow/example_dags/example_python_decorator.py took 0.033 seconds
[2024-07-07T22:22:59.347+0000] {processor.py:161} INFO - Started process (PID=1027) to work on /home/airflow/.local/lib/python3.12/site-packages/airflow/example_dags/example_python_decorator.py
[2024-07-07T22:22:59.347+0000] {processor.py:830} INFO - Processing file /home/airflow/.local/lib/python3.12/site-packages/airflow/example_dags/example_python_decorator.py for tasks to queue
[2024-07-07T22:22:59.348+0000] {logging_mixin.py:188} INFO - [2024-07-07T22:22:59.348+0000] {dagbag.py:545} INFO - Filling up the DagBag from /home/airflow/.local/lib/python3.12/site-packages/airflow/example_dags/example_python_decorator.py
[2024-07-07T22:22:59.353+0000] {processor.py:840} INFO - DAG(s) 'example_python_decorator' retrieved from /home/airflow/.local/lib/python3.12/site-packages/airflow/example_dags/example_python_decorator.py
[2024-07-07T22:22:59.363+0000] {logging_mixin.py:188} INFO - [2024-07-07T22:22:59.363+0000] {dag.py:3096} INFO - Sync 1 DAGs
[2024-07-07T22:22:59.368+0000] {logging_mixin.py:188} INFO - [2024-07-07T22:22:59.367+0000] {dag.py:3954} INFO - Setting next_dagrun for example_python_decorator to None, run_after=None
[2024-07-07T22:22:59.374+0000] {processor.py:183} INFO - Processing /home/airflow/.local/lib/python3.12/site-packages/airflow/example_dags/example_python_decorator.py took 0.030 seconds
[2024-07-07T22:23:29.663+0000] {processor.py:161} INFO - Started process (PID=1079) to work on /home/airflow/.local/lib/python3.12/site-packages/airflow/example_dags/example_python_decorator.py
[2024-07-07T22:23:29.663+0000] {processor.py:830} INFO - Processing file /home/airflow/.local/lib/python3.12/site-packages/airflow/example_dags/example_python_decorator.py for tasks to queue
[2024-07-07T22:23:29.664+0000] {logging_mixin.py:188} INFO - [2024-07-07T22:23:29.664+0000] {dagbag.py:545} INFO - Filling up the DagBag from /home/airflow/.local/lib/python3.12/site-packages/airflow/example_dags/example_python_decorator.py
[2024-07-07T22:23:29.669+0000] {processor.py:840} INFO - DAG(s) 'example_python_decorator' retrieved from /home/airflow/.local/lib/python3.12/site-packages/airflow/example_dags/example_python_decorator.py
[2024-07-07T22:23:29.677+0000] {logging_mixin.py:188} INFO - [2024-07-07T22:23:29.677+0000] {dag.py:3096} INFO - Sync 1 DAGs
[2024-07-07T22:23:29.682+0000] {logging_mixin.py:188} INFO - [2024-07-07T22:23:29.682+0000] {dag.py:3954} INFO - Setting next_dagrun for example_python_decorator to None, run_after=None
[2024-07-07T22:23:29.688+0000] {processor.py:183} INFO - Processing /home/airflow/.local/lib/python3.12/site-packages/airflow/example_dags/example_python_decorator.py took 0.027 seconds
[2024-07-07T22:24:00.021+0000] {processor.py:161} INFO - Started process (PID=1131) to work on /home/airflow/.local/lib/python3.12/site-packages/airflow/example_dags/example_python_decorator.py
[2024-07-07T22:24:00.022+0000] {processor.py:830} INFO - Processing file /home/airflow/.local/lib/python3.12/site-packages/airflow/example_dags/example_python_decorator.py for tasks to queue
[2024-07-07T22:24:00.022+0000] {logging_mixin.py:188} INFO - [2024-07-07T22:24:00.022+0000] {dagbag.py:545} INFO - Filling up the DagBag from /home/airflow/.local/lib/python3.12/site-packages/airflow/example_dags/example_python_decorator.py
[2024-07-07T22:24:00.028+0000] {processor.py:840} INFO - DAG(s) 'example_python_decorator' retrieved from /home/airflow/.local/lib/python3.12/site-packages/airflow/example_dags/example_python_decorator.py
[2024-07-07T22:24:00.036+0000] {logging_mixin.py:188} INFO - [2024-07-07T22:24:00.036+0000] {dag.py:3096} INFO - Sync 1 DAGs
[2024-07-07T22:24:00.041+0000] {logging_mixin.py:188} INFO - [2024-07-07T22:24:00.041+0000] {dag.py:3954} INFO - Setting next_dagrun for example_python_decorator to None, run_after=None
[2024-07-07T22:24:00.048+0000] {processor.py:183} INFO - Processing /home/airflow/.local/lib/python3.12/site-packages/airflow/example_dags/example_python_decorator.py took 0.029 seconds
[2024-07-07T22:24:30.359+0000] {processor.py:161} INFO - Started process (PID=1183) to work on /home/airflow/.local/lib/python3.12/site-packages/airflow/example_dags/example_python_decorator.py
[2024-07-07T22:24:30.360+0000] {processor.py:830} INFO - Processing file /home/airflow/.local/lib/python3.12/site-packages/airflow/example_dags/example_python_decorator.py for tasks to queue
[2024-07-07T22:24:30.360+0000] {logging_mixin.py:188} INFO - [2024-07-07T22:24:30.360+0000] {dagbag.py:545} INFO - Filling up the DagBag from /home/airflow/.local/lib/python3.12/site-packages/airflow/example_dags/example_python_decorator.py
[2024-07-07T22:24:30.365+0000] {processor.py:840} INFO - DAG(s) 'example_python_decorator' retrieved from /home/airflow/.local/lib/python3.12/site-packages/airflow/example_dags/example_python_decorator.py
[2024-07-07T22:24:30.373+0000] {logging_mixin.py:188} INFO - [2024-07-07T22:24:30.373+0000] {dag.py:3096} INFO - Sync 1 DAGs
[2024-07-07T22:24:30.378+0000] {logging_mixin.py:188} INFO - [2024-07-07T22:24:30.377+0000] {dag.py:3954} INFO - Setting next_dagrun for example_python_decorator to None, run_after=None
[2024-07-07T22:24:30.383+0000] {processor.py:183} INFO - Processing /home/airflow/.local/lib/python3.12/site-packages/airflow/example_dags/example_python_decorator.py took 0.026 seconds
[2024-07-07T22:25:00.785+0000] {processor.py:161} INFO - Started process (PID=1235) to work on /home/airflow/.local/lib/python3.12/site-packages/airflow/example_dags/example_python_decorator.py
[2024-07-07T22:25:00.786+0000] {processor.py:830} INFO - Processing file /home/airflow/.local/lib/python3.12/site-packages/airflow/example_dags/example_python_decorator.py for tasks to queue
[2024-07-07T22:25:00.787+0000] {logging_mixin.py:188} INFO - [2024-07-07T22:25:00.787+0000] {dagbag.py:545} INFO - Filling up the DagBag from /home/airflow/.local/lib/python3.12/site-packages/airflow/example_dags/example_python_decorator.py
[2024-07-07T22:25:00.796+0000] {processor.py:840} INFO - DAG(s) 'example_python_decorator' retrieved from /home/airflow/.local/lib/python3.12/site-packages/airflow/example_dags/example_python_decorator.py
[2024-07-07T22:25:00.822+0000] {logging_mixin.py:188} INFO - [2024-07-07T22:25:00.822+0000] {dag.py:3096} INFO - Sync 1 DAGs
[2024-07-07T22:25:00.829+0000] {logging_mixin.py:188} INFO - [2024-07-07T22:25:00.829+0000] {dag.py:3954} INFO - Setting next_dagrun for example_python_decorator to None, run_after=None
[2024-07-07T22:25:00.838+0000] {processor.py:183} INFO - Processing /home/airflow/.local/lib/python3.12/site-packages/airflow/example_dags/example_python_decorator.py took 0.058 seconds
[2024-07-07T22:25:31.356+0000] {processor.py:161} INFO - Started process (PID=1287) to work on /home/airflow/.local/lib/python3.12/site-packages/airflow/example_dags/example_python_decorator.py
[2024-07-07T22:25:31.356+0000] {processor.py:830} INFO - Processing file /home/airflow/.local/lib/python3.12/site-packages/airflow/example_dags/example_python_decorator.py for tasks to queue
[2024-07-07T22:25:31.357+0000] {logging_mixin.py:188} INFO - [2024-07-07T22:25:31.357+0000] {dagbag.py:545} INFO - Filling up the DagBag from /home/airflow/.local/lib/python3.12/site-packages/airflow/example_dags/example_python_decorator.py
[2024-07-07T22:25:31.362+0000] {processor.py:840} INFO - DAG(s) 'example_python_decorator' retrieved from /home/airflow/.local/lib/python3.12/site-packages/airflow/example_dags/example_python_decorator.py
[2024-07-07T22:25:31.371+0000] {logging_mixin.py:188} INFO - [2024-07-07T22:25:31.371+0000] {dag.py:3096} INFO - Sync 1 DAGs
[2024-07-07T22:25:31.376+0000] {logging_mixin.py:188} INFO - [2024-07-07T22:25:31.376+0000] {dag.py:3954} INFO - Setting next_dagrun for example_python_decorator to None, run_after=None
[2024-07-07T22:25:31.382+0000] {processor.py:183} INFO - Processing /home/airflow/.local/lib/python3.12/site-packages/airflow/example_dags/example_python_decorator.py took 0.029 seconds
[2024-07-07T22:26:01.801+0000] {processor.py:161} INFO - Started process (PID=1339) to work on /home/airflow/.local/lib/python3.12/site-packages/airflow/example_dags/example_python_decorator.py
[2024-07-07T22:26:01.801+0000] {processor.py:830} INFO - Processing file /home/airflow/.local/lib/python3.12/site-packages/airflow/example_dags/example_python_decorator.py for tasks to queue
[2024-07-07T22:26:01.803+0000] {logging_mixin.py:188} INFO - [2024-07-07T22:26:01.803+0000] {dagbag.py:545} INFO - Filling up the DagBag from /home/airflow/.local/lib/python3.12/site-packages/airflow/example_dags/example_python_decorator.py
[2024-07-07T22:26:01.811+0000] {processor.py:840} INFO - DAG(s) 'example_python_decorator' retrieved from /home/airflow/.local/lib/python3.12/site-packages/airflow/example_dags/example_python_decorator.py
[2024-07-07T22:26:01.826+0000] {logging_mixin.py:188} INFO - [2024-07-07T22:26:01.826+0000] {dag.py:3096} INFO - Sync 1 DAGs
[2024-07-07T22:26:01.836+0000] {logging_mixin.py:188} INFO - [2024-07-07T22:26:01.836+0000] {dag.py:3954} INFO - Setting next_dagrun for example_python_decorator to None, run_after=None
[2024-07-07T22:26:01.845+0000] {processor.py:183} INFO - Processing /home/airflow/.local/lib/python3.12/site-packages/airflow/example_dags/example_python_decorator.py took 0.048 seconds
[2024-07-07T22:26:32.237+0000] {processor.py:161} INFO - Started process (PID=1391) to work on /home/airflow/.local/lib/python3.12/site-packages/airflow/example_dags/example_python_decorator.py
[2024-07-07T22:26:32.237+0000] {processor.py:830} INFO - Processing file /home/airflow/.local/lib/python3.12/site-packages/airflow/example_dags/example_python_decorator.py for tasks to queue
[2024-07-07T22:26:32.238+0000] {logging_mixin.py:188} INFO - [2024-07-07T22:26:32.237+0000] {dagbag.py:545} INFO - Filling up the DagBag from /home/airflow/.local/lib/python3.12/site-packages/airflow/example_dags/example_python_decorator.py
[2024-07-07T22:26:32.242+0000] {processor.py:840} INFO - DAG(s) 'example_python_decorator' retrieved from /home/airflow/.local/lib/python3.12/site-packages/airflow/example_dags/example_python_decorator.py
[2024-07-07T22:26:32.250+0000] {logging_mixin.py:188} INFO - [2024-07-07T22:26:32.250+0000] {dag.py:3096} INFO - Sync 1 DAGs
[2024-07-07T22:26:32.254+0000] {logging_mixin.py:188} INFO - [2024-07-07T22:26:32.254+0000] {dag.py:3954} INFO - Setting next_dagrun for example_python_decorator to None, run_after=None
[2024-07-07T22:26:32.260+0000] {processor.py:183} INFO - Processing /home/airflow/.local/lib/python3.12/site-packages/airflow/example_dags/example_python_decorator.py took 0.025 seconds
[2024-07-07T22:27:02.535+0000] {processor.py:161} INFO - Started process (PID=1443) to work on /home/airflow/.local/lib/python3.12/site-packages/airflow/example_dags/example_python_decorator.py
[2024-07-07T22:27:02.535+0000] {processor.py:830} INFO - Processing file /home/airflow/.local/lib/python3.12/site-packages/airflow/example_dags/example_python_decorator.py for tasks to queue
[2024-07-07T22:27:02.536+0000] {logging_mixin.py:188} INFO - [2024-07-07T22:27:02.536+0000] {dagbag.py:545} INFO - Filling up the DagBag from /home/airflow/.local/lib/python3.12/site-packages/airflow/example_dags/example_python_decorator.py
[2024-07-07T22:27:02.541+0000] {processor.py:840} INFO - DAG(s) 'example_python_decorator' retrieved from /home/airflow/.local/lib/python3.12/site-packages/airflow/example_dags/example_python_decorator.py
[2024-07-07T22:27:02.549+0000] {logging_mixin.py:188} INFO - [2024-07-07T22:27:02.549+0000] {dag.py:3096} INFO - Sync 1 DAGs
[2024-07-07T22:27:02.554+0000] {logging_mixin.py:188} INFO - [2024-07-07T22:27:02.554+0000] {dag.py:3954} INFO - Setting next_dagrun for example_python_decorator to None, run_after=None
[2024-07-07T22:27:02.560+0000] {processor.py:183} INFO - Processing /home/airflow/.local/lib/python3.12/site-packages/airflow/example_dags/example_python_decorator.py took 0.027 seconds
[2024-07-07T22:27:32.795+0000] {processor.py:161} INFO - Started process (PID=1495) to work on /home/airflow/.local/lib/python3.12/site-packages/airflow/example_dags/example_python_decorator.py
[2024-07-07T22:27:32.795+0000] {processor.py:830} INFO - Processing file /home/airflow/.local/lib/python3.12/site-packages/airflow/example_dags/example_python_decorator.py for tasks to queue
[2024-07-07T22:27:32.796+0000] {logging_mixin.py:188} INFO - [2024-07-07T22:27:32.796+0000] {dagbag.py:545} INFO - Filling up the DagBag from /home/airflow/.local/lib/python3.12/site-packages/airflow/example_dags/example_python_decorator.py
[2024-07-07T22:27:32.801+0000] {processor.py:840} INFO - DAG(s) 'example_python_decorator' retrieved from /home/airflow/.local/lib/python3.12/site-packages/airflow/example_dags/example_python_decorator.py
[2024-07-07T22:27:32.808+0000] {logging_mixin.py:188} INFO - [2024-07-07T22:27:32.808+0000] {dag.py:3096} INFO - Sync 1 DAGs
[2024-07-07T22:27:32.813+0000] {logging_mixin.py:188} INFO - [2024-07-07T22:27:32.813+0000] {dag.py:3954} INFO - Setting next_dagrun for example_python_decorator to None, run_after=None
[2024-07-07T22:27:32.819+0000] {processor.py:183} INFO - Processing /home/airflow/.local/lib/python3.12/site-packages/airflow/example_dags/example_python_decorator.py took 0.027 seconds
[2024-07-07T22:28:03.055+0000] {processor.py:161} INFO - Started process (PID=1547) to work on /home/airflow/.local/lib/python3.12/site-packages/airflow/example_dags/example_python_decorator.py
[2024-07-07T22:28:03.056+0000] {processor.py:830} INFO - Processing file /home/airflow/.local/lib/python3.12/site-packages/airflow/example_dags/example_python_decorator.py for tasks to queue
[2024-07-07T22:28:03.056+0000] {logging_mixin.py:188} INFO - [2024-07-07T22:28:03.056+0000] {dagbag.py:545} INFO - Filling up the DagBag from /home/airflow/.local/lib/python3.12/site-packages/airflow/example_dags/example_python_decorator.py
[2024-07-07T22:28:03.061+0000] {processor.py:840} INFO - DAG(s) 'example_python_decorator' retrieved from /home/airflow/.local/lib/python3.12/site-packages/airflow/example_dags/example_python_decorator.py
[2024-07-07T22:28:03.069+0000] {logging_mixin.py:188} INFO - [2024-07-07T22:28:03.069+0000] {dag.py:3096} INFO - Sync 1 DAGs
[2024-07-07T22:28:03.074+0000] {logging_mixin.py:188} INFO - [2024-07-07T22:28:03.074+0000] {dag.py:3954} INFO - Setting next_dagrun for example_python_decorator to None, run_after=None
[2024-07-07T22:28:03.080+0000] {processor.py:183} INFO - Processing /home/airflow/.local/lib/python3.12/site-packages/airflow/example_dags/example_python_decorator.py took 0.026 seconds
[2024-07-07T22:28:33.313+0000] {processor.py:161} INFO - Started process (PID=1599) to work on /home/airflow/.local/lib/python3.12/site-packages/airflow/example_dags/example_python_decorator.py
[2024-07-07T22:28:33.313+0000] {processor.py:830} INFO - Processing file /home/airflow/.local/lib/python3.12/site-packages/airflow/example_dags/example_python_decorator.py for tasks to queue
[2024-07-07T22:28:33.314+0000] {logging_mixin.py:188} INFO - [2024-07-07T22:28:33.314+0000] {dagbag.py:545} INFO - Filling up the DagBag from /home/airflow/.local/lib/python3.12/site-packages/airflow/example_dags/example_python_decorator.py
[2024-07-07T22:28:33.319+0000] {processor.py:840} INFO - DAG(s) 'example_python_decorator' retrieved from /home/airflow/.local/lib/python3.12/site-packages/airflow/example_dags/example_python_decorator.py
[2024-07-07T22:28:33.327+0000] {logging_mixin.py:188} INFO - [2024-07-07T22:28:33.327+0000] {dag.py:3096} INFO - Sync 1 DAGs
[2024-07-07T22:28:33.331+0000] {logging_mixin.py:188} INFO - [2024-07-07T22:28:33.331+0000] {dag.py:3954} INFO - Setting next_dagrun for example_python_decorator to None, run_after=None
[2024-07-07T22:28:33.337+0000] {processor.py:183} INFO - Processing /home/airflow/.local/lib/python3.12/site-packages/airflow/example_dags/example_python_decorator.py took 0.026 seconds
[2024-07-07T22:29:03.628+0000] {processor.py:161} INFO - Started process (PID=1651) to work on /home/airflow/.local/lib/python3.12/site-packages/airflow/example_dags/example_python_decorator.py
[2024-07-07T22:29:03.628+0000] {processor.py:830} INFO - Processing file /home/airflow/.local/lib/python3.12/site-packages/airflow/example_dags/example_python_decorator.py for tasks to queue
[2024-07-07T22:29:03.629+0000] {logging_mixin.py:188} INFO - [2024-07-07T22:29:03.629+0000] {dagbag.py:545} INFO - Filling up the DagBag from /home/airflow/.local/lib/python3.12/site-packages/airflow/example_dags/example_python_decorator.py
[2024-07-07T22:29:03.634+0000] {processor.py:840} INFO - DAG(s) 'example_python_decorator' retrieved from /home/airflow/.local/lib/python3.12/site-packages/airflow/example_dags/example_python_decorator.py
[2024-07-07T22:29:03.643+0000] {logging_mixin.py:188} INFO - [2024-07-07T22:29:03.643+0000] {dag.py:3096} INFO - Sync 1 DAGs
[2024-07-07T22:29:03.648+0000] {logging_mixin.py:188} INFO - [2024-07-07T22:29:03.648+0000] {dag.py:3954} INFO - Setting next_dagrun for example_python_decorator to None, run_after=None
[2024-07-07T22:29:03.655+0000] {processor.py:183} INFO - Processing /home/airflow/.local/lib/python3.12/site-packages/airflow/example_dags/example_python_decorator.py took 0.030 seconds
[2024-07-07T22:29:34.133+0000] {processor.py:161} INFO - Started process (PID=1703) to work on /home/airflow/.local/lib/python3.12/site-packages/airflow/example_dags/example_python_decorator.py
[2024-07-07T22:29:34.133+0000] {processor.py:830} INFO - Processing file /home/airflow/.local/lib/python3.12/site-packages/airflow/example_dags/example_python_decorator.py for tasks to queue
[2024-07-07T22:29:34.134+0000] {logging_mixin.py:188} INFO - [2024-07-07T22:29:34.134+0000] {dagbag.py:545} INFO - Filling up the DagBag from /home/airflow/.local/lib/python3.12/site-packages/airflow/example_dags/example_python_decorator.py
[2024-07-07T22:29:34.138+0000] {processor.py:840} INFO - DAG(s) 'example_python_decorator' retrieved from /home/airflow/.local/lib/python3.12/site-packages/airflow/example_dags/example_python_decorator.py
[2024-07-07T22:29:34.146+0000] {logging_mixin.py:188} INFO - [2024-07-07T22:29:34.146+0000] {dag.py:3096} INFO - Sync 1 DAGs
[2024-07-07T22:29:34.151+0000] {logging_mixin.py:188} INFO - [2024-07-07T22:29:34.150+0000] {dag.py:3954} INFO - Setting next_dagrun for example_python_decorator to None, run_after=None
[2024-07-07T22:29:34.156+0000] {processor.py:183} INFO - Processing /home/airflow/.local/lib/python3.12/site-packages/airflow/example_dags/example_python_decorator.py took 0.025 seconds
[2024-07-07T22:30:04.501+0000] {processor.py:161} INFO - Started process (PID=1755) to work on /home/airflow/.local/lib/python3.12/site-packages/airflow/example_dags/example_python_decorator.py
[2024-07-07T22:30:04.501+0000] {processor.py:830} INFO - Processing file /home/airflow/.local/lib/python3.12/site-packages/airflow/example_dags/example_python_decorator.py for tasks to queue
[2024-07-07T22:30:04.502+0000] {logging_mixin.py:188} INFO - [2024-07-07T22:30:04.502+0000] {dagbag.py:545} INFO - Filling up the DagBag from /home/airflow/.local/lib/python3.12/site-packages/airflow/example_dags/example_python_decorator.py
[2024-07-07T22:30:04.507+0000] {processor.py:840} INFO - DAG(s) 'example_python_decorator' retrieved from /home/airflow/.local/lib/python3.12/site-packages/airflow/example_dags/example_python_decorator.py
[2024-07-07T22:30:04.515+0000] {logging_mixin.py:188} INFO - [2024-07-07T22:30:04.515+0000] {dag.py:3096} INFO - Sync 1 DAGs
[2024-07-07T22:30:04.520+0000] {logging_mixin.py:188} INFO - [2024-07-07T22:30:04.520+0000] {dag.py:3954} INFO - Setting next_dagrun for example_python_decorator to None, run_after=None
[2024-07-07T22:30:04.526+0000] {processor.py:183} INFO - Processing /home/airflow/.local/lib/python3.12/site-packages/airflow/example_dags/example_python_decorator.py took 0.028 seconds
[2024-07-07T22:30:34.954+0000] {processor.py:161} INFO - Started process (PID=1807) to work on /home/airflow/.local/lib/python3.12/site-packages/airflow/example_dags/example_python_decorator.py
[2024-07-07T22:30:34.954+0000] {processor.py:830} INFO - Processing file /home/airflow/.local/lib/python3.12/site-packages/airflow/example_dags/example_python_decorator.py for tasks to queue
[2024-07-07T22:30:34.955+0000] {logging_mixin.py:188} INFO - [2024-07-07T22:30:34.955+0000] {dagbag.py:545} INFO - Filling up the DagBag from /home/airflow/.local/lib/python3.12/site-packages/airflow/example_dags/example_python_decorator.py
[2024-07-07T22:30:34.960+0000] {processor.py:840} INFO - DAG(s) 'example_python_decorator' retrieved from /home/airflow/.local/lib/python3.12/site-packages/airflow/example_dags/example_python_decorator.py
[2024-07-07T22:30:34.968+0000] {logging_mixin.py:188} INFO - [2024-07-07T22:30:34.968+0000] {dag.py:3096} INFO - Sync 1 DAGs
[2024-07-07T22:30:34.972+0000] {logging_mixin.py:188} INFO - [2024-07-07T22:30:34.972+0000] {dag.py:3954} INFO - Setting next_dagrun for example_python_decorator to None, run_after=None
[2024-07-07T22:30:34.978+0000] {processor.py:183} INFO - Processing /home/airflow/.local/lib/python3.12/site-packages/airflow/example_dags/example_python_decorator.py took 0.026 seconds
[2024-07-07T22:31:05.996+0000] {processor.py:161} INFO - Started process (PID=1859) to work on /home/airflow/.local/lib/python3.12/site-packages/airflow/example_dags/example_python_decorator.py
[2024-07-07T22:31:05.997+0000] {processor.py:830} INFO - Processing file /home/airflow/.local/lib/python3.12/site-packages/airflow/example_dags/example_python_decorator.py for tasks to queue
[2024-07-07T22:31:05.998+0000] {logging_mixin.py:188} INFO - [2024-07-07T22:31:05.998+0000] {dagbag.py:545} INFO - Filling up the DagBag from /home/airflow/.local/lib/python3.12/site-packages/airflow/example_dags/example_python_decorator.py
[2024-07-07T22:31:06.003+0000] {processor.py:840} INFO - DAG(s) 'example_python_decorator' retrieved from /home/airflow/.local/lib/python3.12/site-packages/airflow/example_dags/example_python_decorator.py
[2024-07-07T22:31:06.014+0000] {logging_mixin.py:188} INFO - [2024-07-07T22:31:06.014+0000] {dag.py:3096} INFO - Sync 1 DAGs
[2024-07-07T22:31:06.019+0000] {logging_mixin.py:188} INFO - [2024-07-07T22:31:06.019+0000] {dag.py:3954} INFO - Setting next_dagrun for example_python_decorator to None, run_after=None
[2024-07-07T22:31:06.027+0000] {processor.py:183} INFO - Processing /home/airflow/.local/lib/python3.12/site-packages/airflow/example_dags/example_python_decorator.py took 0.033 seconds
[2024-07-07T22:31:37.030+0000] {processor.py:161} INFO - Started process (PID=1911) to work on /home/airflow/.local/lib/python3.12/site-packages/airflow/example_dags/example_python_decorator.py
[2024-07-07T22:31:37.031+0000] {processor.py:830} INFO - Processing file /home/airflow/.local/lib/python3.12/site-packages/airflow/example_dags/example_python_decorator.py for tasks to queue
[2024-07-07T22:31:37.032+0000] {logging_mixin.py:188} INFO - [2024-07-07T22:31:37.032+0000] {dagbag.py:545} INFO - Filling up the DagBag from /home/airflow/.local/lib/python3.12/site-packages/airflow/example_dags/example_python_decorator.py
[2024-07-07T22:31:37.040+0000] {processor.py:840} INFO - DAG(s) 'example_python_decorator' retrieved from /home/airflow/.local/lib/python3.12/site-packages/airflow/example_dags/example_python_decorator.py
[2024-07-07T22:31:37.051+0000] {logging_mixin.py:188} INFO - [2024-07-07T22:31:37.051+0000] {dag.py:3096} INFO - Sync 1 DAGs
[2024-07-07T22:31:37.057+0000] {logging_mixin.py:188} INFO - [2024-07-07T22:31:37.057+0000] {dag.py:3954} INFO - Setting next_dagrun for example_python_decorator to None, run_after=None
[2024-07-07T22:31:37.065+0000] {processor.py:183} INFO - Processing /home/airflow/.local/lib/python3.12/site-packages/airflow/example_dags/example_python_decorator.py took 0.040 seconds
[2024-07-07T22:32:08.056+0000] {processor.py:161} INFO - Started process (PID=1963) to work on /home/airflow/.local/lib/python3.12/site-packages/airflow/example_dags/example_python_decorator.py
[2024-07-07T22:32:08.057+0000] {processor.py:830} INFO - Processing file /home/airflow/.local/lib/python3.12/site-packages/airflow/example_dags/example_python_decorator.py for tasks to queue
[2024-07-07T22:32:08.058+0000] {logging_mixin.py:188} INFO - [2024-07-07T22:32:08.058+0000] {dagbag.py:545} INFO - Filling up the DagBag from /home/airflow/.local/lib/python3.12/site-packages/airflow/example_dags/example_python_decorator.py
[2024-07-07T22:32:08.065+0000] {processor.py:840} INFO - DAG(s) 'example_python_decorator' retrieved from /home/airflow/.local/lib/python3.12/site-packages/airflow/example_dags/example_python_decorator.py
[2024-07-07T22:32:08.076+0000] {logging_mixin.py:188} INFO - [2024-07-07T22:32:08.076+0000] {dag.py:3096} INFO - Sync 1 DAGs
[2024-07-07T22:32:08.161+0000] {logging_mixin.py:188} INFO - [2024-07-07T22:32:08.161+0000] {dag.py:3954} INFO - Setting next_dagrun for example_python_decorator to None, run_after=None
[2024-07-07T22:32:08.168+0000] {processor.py:183} INFO - Processing /home/airflow/.local/lib/python3.12/site-packages/airflow/example_dags/example_python_decorator.py took 0.116 seconds
[2024-07-07T22:32:39.161+0000] {processor.py:161} INFO - Started process (PID=2015) to work on /home/airflow/.local/lib/python3.12/site-packages/airflow/example_dags/example_python_decorator.py
[2024-07-07T22:32:39.162+0000] {processor.py:830} INFO - Processing file /home/airflow/.local/lib/python3.12/site-packages/airflow/example_dags/example_python_decorator.py for tasks to queue
[2024-07-07T22:32:39.163+0000] {logging_mixin.py:188} INFO - [2024-07-07T22:32:39.163+0000] {dagbag.py:545} INFO - Filling up the DagBag from /home/airflow/.local/lib/python3.12/site-packages/airflow/example_dags/example_python_decorator.py
[2024-07-07T22:32:39.172+0000] {processor.py:840} INFO - DAG(s) 'example_python_decorator' retrieved from /home/airflow/.local/lib/python3.12/site-packages/airflow/example_dags/example_python_decorator.py
[2024-07-07T22:32:39.185+0000] {logging_mixin.py:188} INFO - [2024-07-07T22:32:39.185+0000] {dag.py:3096} INFO - Sync 1 DAGs
[2024-07-07T22:32:39.192+0000] {logging_mixin.py:188} INFO - [2024-07-07T22:32:39.192+0000] {dag.py:3954} INFO - Setting next_dagrun for example_python_decorator to None, run_after=None
[2024-07-07T22:32:39.199+0000] {processor.py:183} INFO - Processing /home/airflow/.local/lib/python3.12/site-packages/airflow/example_dags/example_python_decorator.py took 0.043 seconds
[2024-07-07T22:33:09.564+0000] {processor.py:161} INFO - Started process (PID=2067) to work on /home/airflow/.local/lib/python3.12/site-packages/airflow/example_dags/example_python_decorator.py
[2024-07-07T22:33:09.568+0000] {processor.py:830} INFO - Processing file /home/airflow/.local/lib/python3.12/site-packages/airflow/example_dags/example_python_decorator.py for tasks to queue
[2024-07-07T22:33:09.570+0000] {logging_mixin.py:188} INFO - [2024-07-07T22:33:09.570+0000] {dagbag.py:545} INFO - Filling up the DagBag from /home/airflow/.local/lib/python3.12/site-packages/airflow/example_dags/example_python_decorator.py
[2024-07-07T22:33:09.579+0000] {processor.py:840} INFO - DAG(s) 'example_python_decorator' retrieved from /home/airflow/.local/lib/python3.12/site-packages/airflow/example_dags/example_python_decorator.py
[2024-07-07T22:33:09.593+0000] {logging_mixin.py:188} INFO - [2024-07-07T22:33:09.593+0000] {dag.py:3096} INFO - Sync 1 DAGs
[2024-07-07T22:33:09.600+0000] {logging_mixin.py:188} INFO - [2024-07-07T22:33:09.600+0000] {dag.py:3954} INFO - Setting next_dagrun for example_python_decorator to None, run_after=None
[2024-07-07T22:33:09.610+0000] {processor.py:183} INFO - Processing /home/airflow/.local/lib/python3.12/site-packages/airflow/example_dags/example_python_decorator.py took 0.051 seconds
[2024-07-07T22:33:40.026+0000] {processor.py:161} INFO - Started process (PID=2119) to work on /home/airflow/.local/lib/python3.12/site-packages/airflow/example_dags/example_python_decorator.py
[2024-07-07T22:33:40.031+0000] {processor.py:830} INFO - Processing file /home/airflow/.local/lib/python3.12/site-packages/airflow/example_dags/example_python_decorator.py for tasks to queue
[2024-07-07T22:33:40.032+0000] {logging_mixin.py:188} INFO - [2024-07-07T22:33:40.032+0000] {dagbag.py:545} INFO - Filling up the DagBag from /home/airflow/.local/lib/python3.12/site-packages/airflow/example_dags/example_python_decorator.py
[2024-07-07T22:33:40.040+0000] {processor.py:840} INFO - DAG(s) 'example_python_decorator' retrieved from /home/airflow/.local/lib/python3.12/site-packages/airflow/example_dags/example_python_decorator.py
[2024-07-07T22:33:40.053+0000] {logging_mixin.py:188} INFO - [2024-07-07T22:33:40.053+0000] {dag.py:3096} INFO - Sync 1 DAGs
[2024-07-07T22:33:40.059+0000] {logging_mixin.py:188} INFO - [2024-07-07T22:33:40.059+0000] {dag.py:3954} INFO - Setting next_dagrun for example_python_decorator to None, run_after=None
[2024-07-07T22:33:40.069+0000] {processor.py:183} INFO - Processing /home/airflow/.local/lib/python3.12/site-packages/airflow/example_dags/example_python_decorator.py took 0.047 seconds
