[2024-07-07T22:13:09.689+0000] {processor.py:161} INFO - Started process (PID=75) to work on /home/airflow/.local/lib/python3.12/site-packages/airflow/example_dags/example_task_group.py
[2024-07-07T22:13:09.689+0000] {processor.py:830} INFO - Processing file /home/airflow/.local/lib/python3.12/site-packages/airflow/example_dags/example_task_group.py for tasks to queue
[2024-07-07T22:13:09.690+0000] {logging_mixin.py:188} INFO - [2024-07-07T22:13:09.690+0000] {dagbag.py:545} INFO - Filling up the DagBag from /home/airflow/.local/lib/python3.12/site-packages/airflow/example_dags/example_task_group.py
[2024-07-07T22:13:09.693+0000] {processor.py:840} INFO - DAG(s) 'example_task_group' retrieved from /home/airflow/.local/lib/python3.12/site-packages/airflow/example_dags/example_task_group.py
[2024-07-07T22:13:09.731+0000] {logging_mixin.py:188} INFO - [2024-07-07T22:13:09.730+0000] {override.py:1829} INFO - Created Permission View: can edit on DAG:example_task_group
[2024-07-07T22:13:09.735+0000] {logging_mixin.py:188} INFO - [2024-07-07T22:13:09.735+0000] {override.py:1829} INFO - Created Permission View: can read on DAG:example_task_group
[2024-07-07T22:13:09.737+0000] {logging_mixin.py:188} INFO - [2024-07-07T22:13:09.737+0000] {override.py:1829} INFO - Created Permission View: can delete on DAG:example_task_group
[2024-07-07T22:13:09.737+0000] {logging_mixin.py:188} INFO - [2024-07-07T22:13:09.737+0000] {dag.py:3096} INFO - Sync 1 DAGs
[2024-07-07T22:13:09.742+0000] {logging_mixin.py:188} INFO - [2024-07-07T22:13:09.742+0000] {dag.py:3118} INFO - Creating ORM DAG for example_task_group
[2024-07-07T22:13:09.746+0000] {logging_mixin.py:188} INFO - [2024-07-07T22:13:09.746+0000] {dag.py:3954} INFO - Setting next_dagrun for example_task_group to 2024-07-06 00:00:00+00:00, run_after=2024-07-07 00:00:00+00:00
[2024-07-07T22:13:09.752+0000] {processor.py:183} INFO - Processing /home/airflow/.local/lib/python3.12/site-packages/airflow/example_dags/example_task_group.py took 0.065 seconds
[2024-07-07T22:13:54.149+0000] {processor.py:161} INFO - Started process (PID=75) to work on /home/airflow/.local/lib/python3.12/site-packages/airflow/example_dags/example_task_group.py
[2024-07-07T22:13:54.149+0000] {processor.py:830} INFO - Processing file /home/airflow/.local/lib/python3.12/site-packages/airflow/example_dags/example_task_group.py for tasks to queue
[2024-07-07T22:13:54.151+0000] {logging_mixin.py:188} INFO - [2024-07-07T22:13:54.151+0000] {dagbag.py:545} INFO - Filling up the DagBag from /home/airflow/.local/lib/python3.12/site-packages/airflow/example_dags/example_task_group.py
[2024-07-07T22:13:54.157+0000] {processor.py:840} INFO - DAG(s) 'example_task_group' retrieved from /home/airflow/.local/lib/python3.12/site-packages/airflow/example_dags/example_task_group.py
[2024-07-07T22:13:54.164+0000] {logging_mixin.py:188} INFO - [2024-07-07T22:13:54.164+0000] {dag.py:3096} INFO - Sync 1 DAGs
[2024-07-07T22:13:54.177+0000] {logging_mixin.py:188} INFO - [2024-07-07T22:13:54.177+0000] {dag.py:3954} INFO - Setting next_dagrun for example_task_group to 2024-07-06 00:00:00+00:00, run_after=2024-07-07 00:00:00+00:00
[2024-07-07T22:13:54.195+0000] {processor.py:183} INFO - Processing /home/airflow/.local/lib/python3.12/site-packages/airflow/example_dags/example_task_group.py took 0.049 seconds
[2024-07-07T22:14:24.276+0000] {processor.py:161} INFO - Started process (PID=127) to work on /home/airflow/.local/lib/python3.12/site-packages/airflow/example_dags/example_task_group.py
[2024-07-07T22:14:24.277+0000] {processor.py:830} INFO - Processing file /home/airflow/.local/lib/python3.12/site-packages/airflow/example_dags/example_task_group.py for tasks to queue
[2024-07-07T22:14:24.277+0000] {logging_mixin.py:188} INFO - [2024-07-07T22:14:24.277+0000] {dagbag.py:545} INFO - Filling up the DagBag from /home/airflow/.local/lib/python3.12/site-packages/airflow/example_dags/example_task_group.py
[2024-07-07T22:14:24.280+0000] {processor.py:840} INFO - DAG(s) 'example_task_group' retrieved from /home/airflow/.local/lib/python3.12/site-packages/airflow/example_dags/example_task_group.py
[2024-07-07T22:14:24.313+0000] {logging_mixin.py:188} INFO - [2024-07-07T22:14:24.313+0000] {dag.py:3096} INFO - Sync 1 DAGs
[2024-07-07T22:14:24.319+0000] {logging_mixin.py:188} INFO - [2024-07-07T22:14:24.319+0000] {dag.py:3954} INFO - Setting next_dagrun for example_task_group to 2024-07-06 00:00:00+00:00, run_after=2024-07-07 00:00:00+00:00
[2024-07-07T22:14:24.324+0000] {processor.py:183} INFO - Processing /home/airflow/.local/lib/python3.12/site-packages/airflow/example_dags/example_task_group.py took 0.049 seconds
[2024-07-07T22:14:54.901+0000] {processor.py:161} INFO - Started process (PID=179) to work on /home/airflow/.local/lib/python3.12/site-packages/airflow/example_dags/example_task_group.py
[2024-07-07T22:14:54.902+0000] {processor.py:830} INFO - Processing file /home/airflow/.local/lib/python3.12/site-packages/airflow/example_dags/example_task_group.py for tasks to queue
[2024-07-07T22:14:54.902+0000] {logging_mixin.py:188} INFO - [2024-07-07T22:14:54.902+0000] {dagbag.py:545} INFO - Filling up the DagBag from /home/airflow/.local/lib/python3.12/site-packages/airflow/example_dags/example_task_group.py
[2024-07-07T22:14:54.905+0000] {processor.py:840} INFO - DAG(s) 'example_task_group' retrieved from /home/airflow/.local/lib/python3.12/site-packages/airflow/example_dags/example_task_group.py
[2024-07-07T22:14:54.914+0000] {logging_mixin.py:188} INFO - [2024-07-07T22:14:54.914+0000] {dag.py:3096} INFO - Sync 1 DAGs
[2024-07-07T22:14:54.923+0000] {logging_mixin.py:188} INFO - [2024-07-07T22:14:54.923+0000] {dag.py:3954} INFO - Setting next_dagrun for example_task_group to 2024-07-06 00:00:00+00:00, run_after=2024-07-07 00:00:00+00:00
[2024-07-07T22:14:54.930+0000] {processor.py:183} INFO - Processing /home/airflow/.local/lib/python3.12/site-packages/airflow/example_dags/example_task_group.py took 0.030 seconds
[2024-07-07T22:15:25.185+0000] {processor.py:161} INFO - Started process (PID=231) to work on /home/airflow/.local/lib/python3.12/site-packages/airflow/example_dags/example_task_group.py
[2024-07-07T22:15:25.186+0000] {processor.py:830} INFO - Processing file /home/airflow/.local/lib/python3.12/site-packages/airflow/example_dags/example_task_group.py for tasks to queue
[2024-07-07T22:15:25.187+0000] {logging_mixin.py:188} INFO - [2024-07-07T22:15:25.187+0000] {dagbag.py:545} INFO - Filling up the DagBag from /home/airflow/.local/lib/python3.12/site-packages/airflow/example_dags/example_task_group.py
[2024-07-07T22:15:25.189+0000] {processor.py:840} INFO - DAG(s) 'example_task_group' retrieved from /home/airflow/.local/lib/python3.12/site-packages/airflow/example_dags/example_task_group.py
[2024-07-07T22:15:25.197+0000] {logging_mixin.py:188} INFO - [2024-07-07T22:15:25.197+0000] {dag.py:3096} INFO - Sync 1 DAGs
[2024-07-07T22:15:25.204+0000] {logging_mixin.py:188} INFO - [2024-07-07T22:15:25.204+0000] {dag.py:3954} INFO - Setting next_dagrun for example_task_group to 2024-07-06 00:00:00+00:00, run_after=2024-07-07 00:00:00+00:00
[2024-07-07T22:15:25.211+0000] {processor.py:183} INFO - Processing /home/airflow/.local/lib/python3.12/site-packages/airflow/example_dags/example_task_group.py took 0.028 seconds
[2024-07-07T22:15:55.415+0000] {processor.py:161} INFO - Started process (PID=296) to work on /home/airflow/.local/lib/python3.12/site-packages/airflow/example_dags/example_task_group.py
[2024-07-07T22:15:55.415+0000] {processor.py:830} INFO - Processing file /home/airflow/.local/lib/python3.12/site-packages/airflow/example_dags/example_task_group.py for tasks to queue
[2024-07-07T22:15:55.416+0000] {logging_mixin.py:188} INFO - [2024-07-07T22:15:55.416+0000] {dagbag.py:545} INFO - Filling up the DagBag from /home/airflow/.local/lib/python3.12/site-packages/airflow/example_dags/example_task_group.py
[2024-07-07T22:15:55.418+0000] {processor.py:840} INFO - DAG(s) 'example_task_group' retrieved from /home/airflow/.local/lib/python3.12/site-packages/airflow/example_dags/example_task_group.py
[2024-07-07T22:15:55.426+0000] {logging_mixin.py:188} INFO - [2024-07-07T22:15:55.426+0000] {dag.py:3096} INFO - Sync 1 DAGs
[2024-07-07T22:15:55.433+0000] {logging_mixin.py:188} INFO - [2024-07-07T22:15:55.432+0000] {dag.py:3954} INFO - Setting next_dagrun for example_task_group to 2024-07-06 00:00:00+00:00, run_after=2024-07-07 00:00:00+00:00
[2024-07-07T22:15:55.438+0000] {processor.py:183} INFO - Processing /home/airflow/.local/lib/python3.12/site-packages/airflow/example_dags/example_task_group.py took 0.025 seconds
[2024-07-07T22:16:25.609+0000] {processor.py:161} INFO - Started process (PID=356) to work on /home/airflow/.local/lib/python3.12/site-packages/airflow/example_dags/example_task_group.py
[2024-07-07T22:16:25.610+0000] {processor.py:830} INFO - Processing file /home/airflow/.local/lib/python3.12/site-packages/airflow/example_dags/example_task_group.py for tasks to queue
[2024-07-07T22:16:25.610+0000] {logging_mixin.py:188} INFO - [2024-07-07T22:16:25.610+0000] {dagbag.py:545} INFO - Filling up the DagBag from /home/airflow/.local/lib/python3.12/site-packages/airflow/example_dags/example_task_group.py
[2024-07-07T22:16:25.614+0000] {processor.py:840} INFO - DAG(s) 'example_task_group' retrieved from /home/airflow/.local/lib/python3.12/site-packages/airflow/example_dags/example_task_group.py
[2024-07-07T22:16:25.622+0000] {logging_mixin.py:188} INFO - [2024-07-07T22:16:25.622+0000] {dag.py:3096} INFO - Sync 1 DAGs
[2024-07-07T22:16:25.629+0000] {logging_mixin.py:188} INFO - [2024-07-07T22:16:25.629+0000] {dag.py:3954} INFO - Setting next_dagrun for example_task_group to 2024-07-06 00:00:00+00:00, run_after=2024-07-07 00:00:00+00:00
[2024-07-07T22:16:25.634+0000] {processor.py:183} INFO - Processing /home/airflow/.local/lib/python3.12/site-packages/airflow/example_dags/example_task_group.py took 0.027 seconds
[2024-07-07T22:16:55.852+0000] {processor.py:161} INFO - Started process (PID=421) to work on /home/airflow/.local/lib/python3.12/site-packages/airflow/example_dags/example_task_group.py
[2024-07-07T22:16:55.852+0000] {processor.py:830} INFO - Processing file /home/airflow/.local/lib/python3.12/site-packages/airflow/example_dags/example_task_group.py for tasks to queue
[2024-07-07T22:16:55.853+0000] {logging_mixin.py:188} INFO - [2024-07-07T22:16:55.852+0000] {dagbag.py:545} INFO - Filling up the DagBag from /home/airflow/.local/lib/python3.12/site-packages/airflow/example_dags/example_task_group.py
[2024-07-07T22:16:55.855+0000] {processor.py:840} INFO - DAG(s) 'example_task_group' retrieved from /home/airflow/.local/lib/python3.12/site-packages/airflow/example_dags/example_task_group.py
[2024-07-07T22:16:55.862+0000] {logging_mixin.py:188} INFO - [2024-07-07T22:16:55.862+0000] {dag.py:3096} INFO - Sync 1 DAGs
[2024-07-07T22:16:55.869+0000] {logging_mixin.py:188} INFO - [2024-07-07T22:16:55.869+0000] {dag.py:3954} INFO - Setting next_dagrun for example_task_group to 2024-07-06 00:00:00+00:00, run_after=2024-07-07 00:00:00+00:00
[2024-07-07T22:16:55.874+0000] {processor.py:183} INFO - Processing /home/airflow/.local/lib/python3.12/site-packages/airflow/example_dags/example_task_group.py took 0.025 seconds
[2024-07-07T22:17:26.120+0000] {processor.py:161} INFO - Started process (PID=474) to work on /home/airflow/.local/lib/python3.12/site-packages/airflow/example_dags/example_task_group.py
[2024-07-07T22:17:26.121+0000] {processor.py:830} INFO - Processing file /home/airflow/.local/lib/python3.12/site-packages/airflow/example_dags/example_task_group.py for tasks to queue
[2024-07-07T22:17:26.122+0000] {logging_mixin.py:188} INFO - [2024-07-07T22:17:26.121+0000] {dagbag.py:545} INFO - Filling up the DagBag from /home/airflow/.local/lib/python3.12/site-packages/airflow/example_dags/example_task_group.py
[2024-07-07T22:17:26.124+0000] {processor.py:840} INFO - DAG(s) 'example_task_group' retrieved from /home/airflow/.local/lib/python3.12/site-packages/airflow/example_dags/example_task_group.py
[2024-07-07T22:17:26.133+0000] {logging_mixin.py:188} INFO - [2024-07-07T22:17:26.133+0000] {dag.py:3096} INFO - Sync 1 DAGs
[2024-07-07T22:17:26.140+0000] {logging_mixin.py:188} INFO - [2024-07-07T22:17:26.140+0000] {dag.py:3954} INFO - Setting next_dagrun for example_task_group to 2024-07-06 00:00:00+00:00, run_after=2024-07-07 00:00:00+00:00
[2024-07-07T22:17:26.147+0000] {processor.py:183} INFO - Processing /home/airflow/.local/lib/python3.12/site-packages/airflow/example_dags/example_task_group.py took 0.029 seconds
[2024-07-07T22:17:56.538+0000] {processor.py:161} INFO - Started process (PID=528) to work on /home/airflow/.local/lib/python3.12/site-packages/airflow/example_dags/example_task_group.py
[2024-07-07T22:17:56.538+0000] {processor.py:830} INFO - Processing file /home/airflow/.local/lib/python3.12/site-packages/airflow/example_dags/example_task_group.py for tasks to queue
[2024-07-07T22:17:56.540+0000] {logging_mixin.py:188} INFO - [2024-07-07T22:17:56.539+0000] {dagbag.py:545} INFO - Filling up the DagBag from /home/airflow/.local/lib/python3.12/site-packages/airflow/example_dags/example_task_group.py
[2024-07-07T22:17:56.543+0000] {processor.py:840} INFO - DAG(s) 'example_task_group' retrieved from /home/airflow/.local/lib/python3.12/site-packages/airflow/example_dags/example_task_group.py
[2024-07-07T22:17:56.552+0000] {logging_mixin.py:188} INFO - [2024-07-07T22:17:56.551+0000] {dag.py:3096} INFO - Sync 1 DAGs
[2024-07-07T22:17:56.560+0000] {logging_mixin.py:188} INFO - [2024-07-07T22:17:56.560+0000] {dag.py:3954} INFO - Setting next_dagrun for example_task_group to 2024-07-06 00:00:00+00:00, run_after=2024-07-07 00:00:00+00:00
[2024-07-07T22:17:56.567+0000] {processor.py:183} INFO - Processing /home/airflow/.local/lib/python3.12/site-packages/airflow/example_dags/example_task_group.py took 0.031 seconds
[2024-07-07T22:18:26.939+0000] {processor.py:161} INFO - Started process (PID=580) to work on /home/airflow/.local/lib/python3.12/site-packages/airflow/example_dags/example_task_group.py
[2024-07-07T22:18:26.940+0000] {processor.py:830} INFO - Processing file /home/airflow/.local/lib/python3.12/site-packages/airflow/example_dags/example_task_group.py for tasks to queue
[2024-07-07T22:18:26.940+0000] {logging_mixin.py:188} INFO - [2024-07-07T22:18:26.940+0000] {dagbag.py:545} INFO - Filling up the DagBag from /home/airflow/.local/lib/python3.12/site-packages/airflow/example_dags/example_task_group.py
[2024-07-07T22:18:26.943+0000] {processor.py:840} INFO - DAG(s) 'example_task_group' retrieved from /home/airflow/.local/lib/python3.12/site-packages/airflow/example_dags/example_task_group.py
[2024-07-07T22:18:26.949+0000] {logging_mixin.py:188} INFO - [2024-07-07T22:18:26.949+0000] {dag.py:3096} INFO - Sync 1 DAGs
[2024-07-07T22:18:26.956+0000] {logging_mixin.py:188} INFO - [2024-07-07T22:18:26.956+0000] {dag.py:3954} INFO - Setting next_dagrun for example_task_group to 2024-07-06 00:00:00+00:00, run_after=2024-07-07 00:00:00+00:00
[2024-07-07T22:18:26.962+0000] {processor.py:183} INFO - Processing /home/airflow/.local/lib/python3.12/site-packages/airflow/example_dags/example_task_group.py took 0.025 seconds
[2024-07-07T22:18:57.247+0000] {processor.py:161} INFO - Started process (PID=632) to work on /home/airflow/.local/lib/python3.12/site-packages/airflow/example_dags/example_task_group.py
[2024-07-07T22:18:57.248+0000] {processor.py:830} INFO - Processing file /home/airflow/.local/lib/python3.12/site-packages/airflow/example_dags/example_task_group.py for tasks to queue
[2024-07-07T22:18:57.248+0000] {logging_mixin.py:188} INFO - [2024-07-07T22:18:57.248+0000] {dagbag.py:545} INFO - Filling up the DagBag from /home/airflow/.local/lib/python3.12/site-packages/airflow/example_dags/example_task_group.py
[2024-07-07T22:18:57.251+0000] {processor.py:840} INFO - DAG(s) 'example_task_group' retrieved from /home/airflow/.local/lib/python3.12/site-packages/airflow/example_dags/example_task_group.py
[2024-07-07T22:18:57.258+0000] {logging_mixin.py:188} INFO - [2024-07-07T22:18:57.258+0000] {dag.py:3096} INFO - Sync 1 DAGs
[2024-07-07T22:18:57.267+0000] {logging_mixin.py:188} INFO - [2024-07-07T22:18:57.266+0000] {dag.py:3954} INFO - Setting next_dagrun for example_task_group to 2024-07-06 00:00:00+00:00, run_after=2024-07-07 00:00:00+00:00
[2024-07-07T22:18:57.273+0000] {processor.py:183} INFO - Processing /home/airflow/.local/lib/python3.12/site-packages/airflow/example_dags/example_task_group.py took 0.027 seconds
[2024-07-07T22:19:27.537+0000] {processor.py:161} INFO - Started process (PID=684) to work on /home/airflow/.local/lib/python3.12/site-packages/airflow/example_dags/example_task_group.py
[2024-07-07T22:19:27.538+0000] {processor.py:830} INFO - Processing file /home/airflow/.local/lib/python3.12/site-packages/airflow/example_dags/example_task_group.py for tasks to queue
[2024-07-07T22:19:27.538+0000] {logging_mixin.py:188} INFO - [2024-07-07T22:19:27.538+0000] {dagbag.py:545} INFO - Filling up the DagBag from /home/airflow/.local/lib/python3.12/site-packages/airflow/example_dags/example_task_group.py
[2024-07-07T22:19:27.541+0000] {processor.py:840} INFO - DAG(s) 'example_task_group' retrieved from /home/airflow/.local/lib/python3.12/site-packages/airflow/example_dags/example_task_group.py
[2024-07-07T22:19:27.548+0000] {logging_mixin.py:188} INFO - [2024-07-07T22:19:27.548+0000] {dag.py:3096} INFO - Sync 1 DAGs
[2024-07-07T22:19:27.558+0000] {logging_mixin.py:188} INFO - [2024-07-07T22:19:27.557+0000] {dag.py:3954} INFO - Setting next_dagrun for example_task_group to 2024-07-06 00:00:00+00:00, run_after=2024-07-07 00:00:00+00:00
[2024-07-07T22:19:27.563+0000] {processor.py:183} INFO - Processing /home/airflow/.local/lib/python3.12/site-packages/airflow/example_dags/example_task_group.py took 0.028 seconds
[2024-07-07T22:19:57.871+0000] {processor.py:161} INFO - Started process (PID=736) to work on /home/airflow/.local/lib/python3.12/site-packages/airflow/example_dags/example_task_group.py
[2024-07-07T22:19:57.871+0000] {processor.py:830} INFO - Processing file /home/airflow/.local/lib/python3.12/site-packages/airflow/example_dags/example_task_group.py for tasks to queue
[2024-07-07T22:19:57.872+0000] {logging_mixin.py:188} INFO - [2024-07-07T22:19:57.872+0000] {dagbag.py:545} INFO - Filling up the DagBag from /home/airflow/.local/lib/python3.12/site-packages/airflow/example_dags/example_task_group.py
[2024-07-07T22:19:57.875+0000] {processor.py:840} INFO - DAG(s) 'example_task_group' retrieved from /home/airflow/.local/lib/python3.12/site-packages/airflow/example_dags/example_task_group.py
[2024-07-07T22:19:57.883+0000] {logging_mixin.py:188} INFO - [2024-07-07T22:19:57.883+0000] {dag.py:3096} INFO - Sync 1 DAGs
[2024-07-07T22:19:57.891+0000] {logging_mixin.py:188} INFO - [2024-07-07T22:19:57.891+0000] {dag.py:3954} INFO - Setting next_dagrun for example_task_group to 2024-07-06 00:00:00+00:00, run_after=2024-07-07 00:00:00+00:00
[2024-07-07T22:19:57.897+0000] {processor.py:183} INFO - Processing /home/airflow/.local/lib/python3.12/site-packages/airflow/example_dags/example_task_group.py took 0.028 seconds
[2024-07-07T22:20:28.127+0000] {processor.py:161} INFO - Started process (PID=788) to work on /home/airflow/.local/lib/python3.12/site-packages/airflow/example_dags/example_task_group.py
[2024-07-07T22:20:28.127+0000] {processor.py:830} INFO - Processing file /home/airflow/.local/lib/python3.12/site-packages/airflow/example_dags/example_task_group.py for tasks to queue
[2024-07-07T22:20:28.130+0000] {logging_mixin.py:188} INFO - [2024-07-07T22:20:28.130+0000] {dagbag.py:545} INFO - Filling up the DagBag from /home/airflow/.local/lib/python3.12/site-packages/airflow/example_dags/example_task_group.py
[2024-07-07T22:20:28.133+0000] {processor.py:840} INFO - DAG(s) 'example_task_group' retrieved from /home/airflow/.local/lib/python3.12/site-packages/airflow/example_dags/example_task_group.py
[2024-07-07T22:20:28.142+0000] {logging_mixin.py:188} INFO - [2024-07-07T22:20:28.141+0000] {dag.py:3096} INFO - Sync 1 DAGs
[2024-07-07T22:20:28.149+0000] {logging_mixin.py:188} INFO - [2024-07-07T22:20:28.149+0000] {dag.py:3954} INFO - Setting next_dagrun for example_task_group to 2024-07-06 00:00:00+00:00, run_after=2024-07-07 00:00:00+00:00
[2024-07-07T22:20:28.155+0000] {processor.py:183} INFO - Processing /home/airflow/.local/lib/python3.12/site-packages/airflow/example_dags/example_task_group.py took 0.030 seconds
[2024-07-07T22:20:58.414+0000] {processor.py:161} INFO - Started process (PID=840) to work on /home/airflow/.local/lib/python3.12/site-packages/airflow/example_dags/example_task_group.py
[2024-07-07T22:20:58.414+0000] {processor.py:830} INFO - Processing file /home/airflow/.local/lib/python3.12/site-packages/airflow/example_dags/example_task_group.py for tasks to queue
[2024-07-07T22:20:58.415+0000] {logging_mixin.py:188} INFO - [2024-07-07T22:20:58.415+0000] {dagbag.py:545} INFO - Filling up the DagBag from /home/airflow/.local/lib/python3.12/site-packages/airflow/example_dags/example_task_group.py
[2024-07-07T22:20:58.417+0000] {processor.py:840} INFO - DAG(s) 'example_task_group' retrieved from /home/airflow/.local/lib/python3.12/site-packages/airflow/example_dags/example_task_group.py
[2024-07-07T22:20:58.424+0000] {logging_mixin.py:188} INFO - [2024-07-07T22:20:58.424+0000] {dag.py:3096} INFO - Sync 1 DAGs
[2024-07-07T22:20:58.431+0000] {logging_mixin.py:188} INFO - [2024-07-07T22:20:58.431+0000] {dag.py:3954} INFO - Setting next_dagrun for example_task_group to 2024-07-06 00:00:00+00:00, run_after=2024-07-07 00:00:00+00:00
[2024-07-07T22:20:58.436+0000] {processor.py:183} INFO - Processing /home/airflow/.local/lib/python3.12/site-packages/airflow/example_dags/example_task_group.py took 0.025 seconds
[2024-07-07T22:21:28.790+0000] {processor.py:161} INFO - Started process (PID=892) to work on /home/airflow/.local/lib/python3.12/site-packages/airflow/example_dags/example_task_group.py
[2024-07-07T22:21:28.791+0000] {processor.py:830} INFO - Processing file /home/airflow/.local/lib/python3.12/site-packages/airflow/example_dags/example_task_group.py for tasks to queue
[2024-07-07T22:21:28.791+0000] {logging_mixin.py:188} INFO - [2024-07-07T22:21:28.791+0000] {dagbag.py:545} INFO - Filling up the DagBag from /home/airflow/.local/lib/python3.12/site-packages/airflow/example_dags/example_task_group.py
[2024-07-07T22:21:28.794+0000] {processor.py:840} INFO - DAG(s) 'example_task_group' retrieved from /home/airflow/.local/lib/python3.12/site-packages/airflow/example_dags/example_task_group.py
[2024-07-07T22:21:28.801+0000] {logging_mixin.py:188} INFO - [2024-07-07T22:21:28.801+0000] {dag.py:3096} INFO - Sync 1 DAGs
[2024-07-07T22:21:28.808+0000] {logging_mixin.py:188} INFO - [2024-07-07T22:21:28.808+0000] {dag.py:3954} INFO - Setting next_dagrun for example_task_group to 2024-07-06 00:00:00+00:00, run_after=2024-07-07 00:00:00+00:00
[2024-07-07T22:21:28.814+0000] {processor.py:183} INFO - Processing /home/airflow/.local/lib/python3.12/site-packages/airflow/example_dags/example_task_group.py took 0.025 seconds
[2024-07-07T22:21:59.077+0000] {processor.py:161} INFO - Started process (PID=944) to work on /home/airflow/.local/lib/python3.12/site-packages/airflow/example_dags/example_task_group.py
[2024-07-07T22:21:59.077+0000] {processor.py:830} INFO - Processing file /home/airflow/.local/lib/python3.12/site-packages/airflow/example_dags/example_task_group.py for tasks to queue
[2024-07-07T22:21:59.078+0000] {logging_mixin.py:188} INFO - [2024-07-07T22:21:59.078+0000] {dagbag.py:545} INFO - Filling up the DagBag from /home/airflow/.local/lib/python3.12/site-packages/airflow/example_dags/example_task_group.py
[2024-07-07T22:21:59.081+0000] {processor.py:840} INFO - DAG(s) 'example_task_group' retrieved from /home/airflow/.local/lib/python3.12/site-packages/airflow/example_dags/example_task_group.py
[2024-07-07T22:21:59.089+0000] {logging_mixin.py:188} INFO - [2024-07-07T22:21:59.088+0000] {dag.py:3096} INFO - Sync 1 DAGs
[2024-07-07T22:21:59.096+0000] {logging_mixin.py:188} INFO - [2024-07-07T22:21:59.096+0000] {dag.py:3954} INFO - Setting next_dagrun for example_task_group to 2024-07-06 00:00:00+00:00, run_after=2024-07-07 00:00:00+00:00
[2024-07-07T22:21:59.102+0000] {processor.py:183} INFO - Processing /home/airflow/.local/lib/python3.12/site-packages/airflow/example_dags/example_task_group.py took 0.028 seconds
[2024-07-07T22:22:29.461+0000] {processor.py:161} INFO - Started process (PID=996) to work on /home/airflow/.local/lib/python3.12/site-packages/airflow/example_dags/example_task_group.py
[2024-07-07T22:22:29.462+0000] {processor.py:830} INFO - Processing file /home/airflow/.local/lib/python3.12/site-packages/airflow/example_dags/example_task_group.py for tasks to queue
[2024-07-07T22:22:29.462+0000] {logging_mixin.py:188} INFO - [2024-07-07T22:22:29.462+0000] {dagbag.py:545} INFO - Filling up the DagBag from /home/airflow/.local/lib/python3.12/site-packages/airflow/example_dags/example_task_group.py
[2024-07-07T22:22:29.465+0000] {processor.py:840} INFO - DAG(s) 'example_task_group' retrieved from /home/airflow/.local/lib/python3.12/site-packages/airflow/example_dags/example_task_group.py
[2024-07-07T22:22:29.472+0000] {logging_mixin.py:188} INFO - [2024-07-07T22:22:29.472+0000] {dag.py:3096} INFO - Sync 1 DAGs
[2024-07-07T22:22:29.478+0000] {logging_mixin.py:188} INFO - [2024-07-07T22:22:29.478+0000] {dag.py:3954} INFO - Setting next_dagrun for example_task_group to 2024-07-06 00:00:00+00:00, run_after=2024-07-07 00:00:00+00:00
[2024-07-07T22:22:29.484+0000] {processor.py:183} INFO - Processing /home/airflow/.local/lib/python3.12/site-packages/airflow/example_dags/example_task_group.py took 0.025 seconds
[2024-07-07T22:22:59.827+0000] {processor.py:161} INFO - Started process (PID=1048) to work on /home/airflow/.local/lib/python3.12/site-packages/airflow/example_dags/example_task_group.py
[2024-07-07T22:22:59.827+0000] {processor.py:830} INFO - Processing file /home/airflow/.local/lib/python3.12/site-packages/airflow/example_dags/example_task_group.py for tasks to queue
[2024-07-07T22:22:59.829+0000] {logging_mixin.py:188} INFO - [2024-07-07T22:22:59.828+0000] {dagbag.py:545} INFO - Filling up the DagBag from /home/airflow/.local/lib/python3.12/site-packages/airflow/example_dags/example_task_group.py
[2024-07-07T22:22:59.832+0000] {processor.py:840} INFO - DAG(s) 'example_task_group' retrieved from /home/airflow/.local/lib/python3.12/site-packages/airflow/example_dags/example_task_group.py
[2024-07-07T22:22:59.841+0000] {logging_mixin.py:188} INFO - [2024-07-07T22:22:59.841+0000] {dag.py:3096} INFO - Sync 1 DAGs
[2024-07-07T22:22:59.850+0000] {logging_mixin.py:188} INFO - [2024-07-07T22:22:59.850+0000] {dag.py:3954} INFO - Setting next_dagrun for example_task_group to 2024-07-06 00:00:00+00:00, run_after=2024-07-07 00:00:00+00:00
[2024-07-07T22:22:59.858+0000] {processor.py:183} INFO - Processing /home/airflow/.local/lib/python3.12/site-packages/airflow/example_dags/example_task_group.py took 0.034 seconds
[2024-07-07T22:23:30.108+0000] {processor.py:161} INFO - Started process (PID=1100) to work on /home/airflow/.local/lib/python3.12/site-packages/airflow/example_dags/example_task_group.py
[2024-07-07T22:23:30.108+0000] {processor.py:830} INFO - Processing file /home/airflow/.local/lib/python3.12/site-packages/airflow/example_dags/example_task_group.py for tasks to queue
[2024-07-07T22:23:30.109+0000] {logging_mixin.py:188} INFO - [2024-07-07T22:23:30.109+0000] {dagbag.py:545} INFO - Filling up the DagBag from /home/airflow/.local/lib/python3.12/site-packages/airflow/example_dags/example_task_group.py
[2024-07-07T22:23:30.111+0000] {processor.py:840} INFO - DAG(s) 'example_task_group' retrieved from /home/airflow/.local/lib/python3.12/site-packages/airflow/example_dags/example_task_group.py
[2024-07-07T22:23:30.118+0000] {logging_mixin.py:188} INFO - [2024-07-07T22:23:30.118+0000] {dag.py:3096} INFO - Sync 1 DAGs
[2024-07-07T22:23:30.125+0000] {logging_mixin.py:188} INFO - [2024-07-07T22:23:30.125+0000] {dag.py:3954} INFO - Setting next_dagrun for example_task_group to 2024-07-06 00:00:00+00:00, run_after=2024-07-07 00:00:00+00:00
[2024-07-07T22:23:30.130+0000] {processor.py:183} INFO - Processing /home/airflow/.local/lib/python3.12/site-packages/airflow/example_dags/example_task_group.py took 0.024 seconds
[2024-07-07T22:24:00.504+0000] {processor.py:161} INFO - Started process (PID=1152) to work on /home/airflow/.local/lib/python3.12/site-packages/airflow/example_dags/example_task_group.py
[2024-07-07T22:24:00.504+0000] {processor.py:830} INFO - Processing file /home/airflow/.local/lib/python3.12/site-packages/airflow/example_dags/example_task_group.py for tasks to queue
[2024-07-07T22:24:00.505+0000] {logging_mixin.py:188} INFO - [2024-07-07T22:24:00.505+0000] {dagbag.py:545} INFO - Filling up the DagBag from /home/airflow/.local/lib/python3.12/site-packages/airflow/example_dags/example_task_group.py
[2024-07-07T22:24:00.508+0000] {processor.py:840} INFO - DAG(s) 'example_task_group' retrieved from /home/airflow/.local/lib/python3.12/site-packages/airflow/example_dags/example_task_group.py
[2024-07-07T22:24:00.516+0000] {logging_mixin.py:188} INFO - [2024-07-07T22:24:00.516+0000] {dag.py:3096} INFO - Sync 1 DAGs
[2024-07-07T22:24:00.523+0000] {logging_mixin.py:188} INFO - [2024-07-07T22:24:00.523+0000] {dag.py:3954} INFO - Setting next_dagrun for example_task_group to 2024-07-06 00:00:00+00:00, run_after=2024-07-07 00:00:00+00:00
[2024-07-07T22:24:00.529+0000] {processor.py:183} INFO - Processing /home/airflow/.local/lib/python3.12/site-packages/airflow/example_dags/example_task_group.py took 0.028 seconds
[2024-07-07T22:24:30.822+0000] {processor.py:161} INFO - Started process (PID=1204) to work on /home/airflow/.local/lib/python3.12/site-packages/airflow/example_dags/example_task_group.py
[2024-07-07T22:24:30.823+0000] {processor.py:830} INFO - Processing file /home/airflow/.local/lib/python3.12/site-packages/airflow/example_dags/example_task_group.py for tasks to queue
[2024-07-07T22:24:30.823+0000] {logging_mixin.py:188} INFO - [2024-07-07T22:24:30.823+0000] {dagbag.py:545} INFO - Filling up the DagBag from /home/airflow/.local/lib/python3.12/site-packages/airflow/example_dags/example_task_group.py
[2024-07-07T22:24:30.826+0000] {processor.py:840} INFO - DAG(s) 'example_task_group' retrieved from /home/airflow/.local/lib/python3.12/site-packages/airflow/example_dags/example_task_group.py
[2024-07-07T22:24:30.833+0000] {logging_mixin.py:188} INFO - [2024-07-07T22:24:30.833+0000] {dag.py:3096} INFO - Sync 1 DAGs
[2024-07-07T22:24:30.839+0000] {logging_mixin.py:188} INFO - [2024-07-07T22:24:30.839+0000] {dag.py:3954} INFO - Setting next_dagrun for example_task_group to 2024-07-06 00:00:00+00:00, run_after=2024-07-07 00:00:00+00:00
[2024-07-07T22:24:30.845+0000] {processor.py:183} INFO - Processing /home/airflow/.local/lib/python3.12/site-packages/airflow/example_dags/example_task_group.py took 0.025 seconds
[2024-07-07T22:25:01.455+0000] {processor.py:161} INFO - Started process (PID=1256) to work on /home/airflow/.local/lib/python3.12/site-packages/airflow/example_dags/example_task_group.py
[2024-07-07T22:25:01.455+0000] {processor.py:830} INFO - Processing file /home/airflow/.local/lib/python3.12/site-packages/airflow/example_dags/example_task_group.py for tasks to queue
[2024-07-07T22:25:01.456+0000] {logging_mixin.py:188} INFO - [2024-07-07T22:25:01.456+0000] {dagbag.py:545} INFO - Filling up the DagBag from /home/airflow/.local/lib/python3.12/site-packages/airflow/example_dags/example_task_group.py
[2024-07-07T22:25:01.459+0000] {processor.py:840} INFO - DAG(s) 'example_task_group' retrieved from /home/airflow/.local/lib/python3.12/site-packages/airflow/example_dags/example_task_group.py
[2024-07-07T22:25:01.467+0000] {logging_mixin.py:188} INFO - [2024-07-07T22:25:01.467+0000] {dag.py:3096} INFO - Sync 1 DAGs
[2024-07-07T22:25:01.474+0000] {logging_mixin.py:188} INFO - [2024-07-07T22:25:01.474+0000] {dag.py:3954} INFO - Setting next_dagrun for example_task_group to 2024-07-06 00:00:00+00:00, run_after=2024-07-07 00:00:00+00:00
[2024-07-07T22:25:01.481+0000] {processor.py:183} INFO - Processing /home/airflow/.local/lib/python3.12/site-packages/airflow/example_dags/example_task_group.py took 0.028 seconds
[2024-07-07T22:25:31.839+0000] {processor.py:161} INFO - Started process (PID=1308) to work on /home/airflow/.local/lib/python3.12/site-packages/airflow/example_dags/example_task_group.py
[2024-07-07T22:25:31.839+0000] {processor.py:830} INFO - Processing file /home/airflow/.local/lib/python3.12/site-packages/airflow/example_dags/example_task_group.py for tasks to queue
[2024-07-07T22:25:31.840+0000] {logging_mixin.py:188} INFO - [2024-07-07T22:25:31.840+0000] {dagbag.py:545} INFO - Filling up the DagBag from /home/airflow/.local/lib/python3.12/site-packages/airflow/example_dags/example_task_group.py
[2024-07-07T22:25:31.842+0000] {processor.py:840} INFO - DAG(s) 'example_task_group' retrieved from /home/airflow/.local/lib/python3.12/site-packages/airflow/example_dags/example_task_group.py
[2024-07-07T22:25:31.851+0000] {logging_mixin.py:188} INFO - [2024-07-07T22:25:31.851+0000] {dag.py:3096} INFO - Sync 1 DAGs
[2024-07-07T22:25:31.858+0000] {logging_mixin.py:188} INFO - [2024-07-07T22:25:31.858+0000] {dag.py:3954} INFO - Setting next_dagrun for example_task_group to 2024-07-06 00:00:00+00:00, run_after=2024-07-07 00:00:00+00:00
[2024-07-07T22:25:31.864+0000] {processor.py:183} INFO - Processing /home/airflow/.local/lib/python3.12/site-packages/airflow/example_dags/example_task_group.py took 0.028 seconds
[2024-07-07T22:26:02.397+0000] {processor.py:161} INFO - Started process (PID=1360) to work on /home/airflow/.local/lib/python3.12/site-packages/airflow/example_dags/example_task_group.py
[2024-07-07T22:26:02.398+0000] {processor.py:830} INFO - Processing file /home/airflow/.local/lib/python3.12/site-packages/airflow/example_dags/example_task_group.py for tasks to queue
[2024-07-07T22:26:02.398+0000] {logging_mixin.py:188} INFO - [2024-07-07T22:26:02.398+0000] {dagbag.py:545} INFO - Filling up the DagBag from /home/airflow/.local/lib/python3.12/site-packages/airflow/example_dags/example_task_group.py
[2024-07-07T22:26:02.402+0000] {processor.py:840} INFO - DAG(s) 'example_task_group' retrieved from /home/airflow/.local/lib/python3.12/site-packages/airflow/example_dags/example_task_group.py
[2024-07-07T22:26:02.411+0000] {logging_mixin.py:188} INFO - [2024-07-07T22:26:02.411+0000] {dag.py:3096} INFO - Sync 1 DAGs
[2024-07-07T22:26:02.420+0000] {logging_mixin.py:188} INFO - [2024-07-07T22:26:02.420+0000] {dag.py:3954} INFO - Setting next_dagrun for example_task_group to 2024-07-06 00:00:00+00:00, run_after=2024-07-07 00:00:00+00:00
[2024-07-07T22:26:02.429+0000] {processor.py:183} INFO - Processing /home/airflow/.local/lib/python3.12/site-packages/airflow/example_dags/example_task_group.py took 0.034 seconds
[2024-07-07T22:26:32.704+0000] {processor.py:161} INFO - Started process (PID=1412) to work on /home/airflow/.local/lib/python3.12/site-packages/airflow/example_dags/example_task_group.py
[2024-07-07T22:26:32.704+0000] {processor.py:830} INFO - Processing file /home/airflow/.local/lib/python3.12/site-packages/airflow/example_dags/example_task_group.py for tasks to queue
[2024-07-07T22:26:32.705+0000] {logging_mixin.py:188} INFO - [2024-07-07T22:26:32.705+0000] {dagbag.py:545} INFO - Filling up the DagBag from /home/airflow/.local/lib/python3.12/site-packages/airflow/example_dags/example_task_group.py
[2024-07-07T22:26:32.708+0000] {processor.py:840} INFO - DAG(s) 'example_task_group' retrieved from /home/airflow/.local/lib/python3.12/site-packages/airflow/example_dags/example_task_group.py
[2024-07-07T22:26:32.715+0000] {logging_mixin.py:188} INFO - [2024-07-07T22:26:32.715+0000] {dag.py:3096} INFO - Sync 1 DAGs
[2024-07-07T22:26:32.721+0000] {logging_mixin.py:188} INFO - [2024-07-07T22:26:32.721+0000] {dag.py:3954} INFO - Setting next_dagrun for example_task_group to 2024-07-06 00:00:00+00:00, run_after=2024-07-07 00:00:00+00:00
[2024-07-07T22:26:32.727+0000] {processor.py:183} INFO - Processing /home/airflow/.local/lib/python3.12/site-packages/airflow/example_dags/example_task_group.py took 0.025 seconds
[2024-07-07T22:27:02.979+0000] {processor.py:161} INFO - Started process (PID=1464) to work on /home/airflow/.local/lib/python3.12/site-packages/airflow/example_dags/example_task_group.py
[2024-07-07T22:27:02.979+0000] {processor.py:830} INFO - Processing file /home/airflow/.local/lib/python3.12/site-packages/airflow/example_dags/example_task_group.py for tasks to queue
[2024-07-07T22:27:02.980+0000] {logging_mixin.py:188} INFO - [2024-07-07T22:27:02.980+0000] {dagbag.py:545} INFO - Filling up the DagBag from /home/airflow/.local/lib/python3.12/site-packages/airflow/example_dags/example_task_group.py
[2024-07-07T22:27:02.983+0000] {processor.py:840} INFO - DAG(s) 'example_task_group' retrieved from /home/airflow/.local/lib/python3.12/site-packages/airflow/example_dags/example_task_group.py
[2024-07-07T22:27:02.990+0000] {logging_mixin.py:188} INFO - [2024-07-07T22:27:02.990+0000] {dag.py:3096} INFO - Sync 1 DAGs
[2024-07-07T22:27:02.997+0000] {logging_mixin.py:188} INFO - [2024-07-07T22:27:02.997+0000] {dag.py:3954} INFO - Setting next_dagrun for example_task_group to 2024-07-06 00:00:00+00:00, run_after=2024-07-07 00:00:00+00:00
[2024-07-07T22:27:03.003+0000] {processor.py:183} INFO - Processing /home/airflow/.local/lib/python3.12/site-packages/airflow/example_dags/example_task_group.py took 0.026 seconds
[2024-07-07T22:27:33.232+0000] {processor.py:161} INFO - Started process (PID=1516) to work on /home/airflow/.local/lib/python3.12/site-packages/airflow/example_dags/example_task_group.py
[2024-07-07T22:27:33.233+0000] {processor.py:830} INFO - Processing file /home/airflow/.local/lib/python3.12/site-packages/airflow/example_dags/example_task_group.py for tasks to queue
[2024-07-07T22:27:33.234+0000] {logging_mixin.py:188} INFO - [2024-07-07T22:27:33.233+0000] {dagbag.py:545} INFO - Filling up the DagBag from /home/airflow/.local/lib/python3.12/site-packages/airflow/example_dags/example_task_group.py
[2024-07-07T22:27:33.236+0000] {processor.py:840} INFO - DAG(s) 'example_task_group' retrieved from /home/airflow/.local/lib/python3.12/site-packages/airflow/example_dags/example_task_group.py
[2024-07-07T22:27:33.243+0000] {logging_mixin.py:188} INFO - [2024-07-07T22:27:33.243+0000] {dag.py:3096} INFO - Sync 1 DAGs
[2024-07-07T22:27:33.251+0000] {logging_mixin.py:188} INFO - [2024-07-07T22:27:33.251+0000] {dag.py:3954} INFO - Setting next_dagrun for example_task_group to 2024-07-06 00:00:00+00:00, run_after=2024-07-07 00:00:00+00:00
[2024-07-07T22:27:33.256+0000] {processor.py:183} INFO - Processing /home/airflow/.local/lib/python3.12/site-packages/airflow/example_dags/example_task_group.py took 0.026 seconds
[2024-07-07T22:28:03.493+0000] {processor.py:161} INFO - Started process (PID=1568) to work on /home/airflow/.local/lib/python3.12/site-packages/airflow/example_dags/example_task_group.py
[2024-07-07T22:28:03.494+0000] {processor.py:830} INFO - Processing file /home/airflow/.local/lib/python3.12/site-packages/airflow/example_dags/example_task_group.py for tasks to queue
[2024-07-07T22:28:03.494+0000] {logging_mixin.py:188} INFO - [2024-07-07T22:28:03.494+0000] {dagbag.py:545} INFO - Filling up the DagBag from /home/airflow/.local/lib/python3.12/site-packages/airflow/example_dags/example_task_group.py
[2024-07-07T22:28:03.497+0000] {processor.py:840} INFO - DAG(s) 'example_task_group' retrieved from /home/airflow/.local/lib/python3.12/site-packages/airflow/example_dags/example_task_group.py
[2024-07-07T22:28:03.504+0000] {logging_mixin.py:188} INFO - [2024-07-07T22:28:03.504+0000] {dag.py:3096} INFO - Sync 1 DAGs
[2024-07-07T22:28:03.511+0000] {logging_mixin.py:188} INFO - [2024-07-07T22:28:03.511+0000] {dag.py:3954} INFO - Setting next_dagrun for example_task_group to 2024-07-06 00:00:00+00:00, run_after=2024-07-07 00:00:00+00:00
[2024-07-07T22:28:03.518+0000] {processor.py:183} INFO - Processing /home/airflow/.local/lib/python3.12/site-packages/airflow/example_dags/example_task_group.py took 0.027 seconds
[2024-07-07T22:28:33.758+0000] {processor.py:161} INFO - Started process (PID=1620) to work on /home/airflow/.local/lib/python3.12/site-packages/airflow/example_dags/example_task_group.py
[2024-07-07T22:28:33.759+0000] {processor.py:830} INFO - Processing file /home/airflow/.local/lib/python3.12/site-packages/airflow/example_dags/example_task_group.py for tasks to queue
[2024-07-07T22:28:33.759+0000] {logging_mixin.py:188} INFO - [2024-07-07T22:28:33.759+0000] {dagbag.py:545} INFO - Filling up the DagBag from /home/airflow/.local/lib/python3.12/site-packages/airflow/example_dags/example_task_group.py
[2024-07-07T22:28:33.762+0000] {processor.py:840} INFO - DAG(s) 'example_task_group' retrieved from /home/airflow/.local/lib/python3.12/site-packages/airflow/example_dags/example_task_group.py
[2024-07-07T22:28:33.769+0000] {logging_mixin.py:188} INFO - [2024-07-07T22:28:33.769+0000] {dag.py:3096} INFO - Sync 1 DAGs
[2024-07-07T22:28:33.776+0000] {logging_mixin.py:188} INFO - [2024-07-07T22:28:33.776+0000] {dag.py:3954} INFO - Setting next_dagrun for example_task_group to 2024-07-06 00:00:00+00:00, run_after=2024-07-07 00:00:00+00:00
[2024-07-07T22:28:33.782+0000] {processor.py:183} INFO - Processing /home/airflow/.local/lib/python3.12/site-packages/airflow/example_dags/example_task_group.py took 0.026 seconds
[2024-07-07T22:29:04.060+0000] {processor.py:161} INFO - Started process (PID=1672) to work on /home/airflow/.local/lib/python3.12/site-packages/airflow/example_dags/example_task_group.py
[2024-07-07T22:29:04.061+0000] {processor.py:830} INFO - Processing file /home/airflow/.local/lib/python3.12/site-packages/airflow/example_dags/example_task_group.py for tasks to queue
[2024-07-07T22:29:04.061+0000] {logging_mixin.py:188} INFO - [2024-07-07T22:29:04.061+0000] {dagbag.py:545} INFO - Filling up the DagBag from /home/airflow/.local/lib/python3.12/site-packages/airflow/example_dags/example_task_group.py
[2024-07-07T22:29:04.064+0000] {processor.py:840} INFO - DAG(s) 'example_task_group' retrieved from /home/airflow/.local/lib/python3.12/site-packages/airflow/example_dags/example_task_group.py
[2024-07-07T22:29:04.072+0000] {logging_mixin.py:188} INFO - [2024-07-07T22:29:04.072+0000] {dag.py:3096} INFO - Sync 1 DAGs
[2024-07-07T22:29:04.079+0000] {logging_mixin.py:188} INFO - [2024-07-07T22:29:04.079+0000] {dag.py:3954} INFO - Setting next_dagrun for example_task_group to 2024-07-06 00:00:00+00:00, run_after=2024-07-07 00:00:00+00:00
[2024-07-07T22:29:04.085+0000] {processor.py:183} INFO - Processing /home/airflow/.local/lib/python3.12/site-packages/airflow/example_dags/example_task_group.py took 0.027 seconds
[2024-07-07T22:29:34.600+0000] {processor.py:161} INFO - Started process (PID=1724) to work on /home/airflow/.local/lib/python3.12/site-packages/airflow/example_dags/example_task_group.py
[2024-07-07T22:29:34.600+0000] {processor.py:830} INFO - Processing file /home/airflow/.local/lib/python3.12/site-packages/airflow/example_dags/example_task_group.py for tasks to queue
[2024-07-07T22:29:34.601+0000] {logging_mixin.py:188} INFO - [2024-07-07T22:29:34.601+0000] {dagbag.py:545} INFO - Filling up the DagBag from /home/airflow/.local/lib/python3.12/site-packages/airflow/example_dags/example_task_group.py
[2024-07-07T22:29:34.603+0000] {processor.py:840} INFO - DAG(s) 'example_task_group' retrieved from /home/airflow/.local/lib/python3.12/site-packages/airflow/example_dags/example_task_group.py
[2024-07-07T22:29:34.611+0000] {logging_mixin.py:188} INFO - [2024-07-07T22:29:34.611+0000] {dag.py:3096} INFO - Sync 1 DAGs
[2024-07-07T22:29:34.617+0000] {logging_mixin.py:188} INFO - [2024-07-07T22:29:34.617+0000] {dag.py:3954} INFO - Setting next_dagrun for example_task_group to 2024-07-06 00:00:00+00:00, run_after=2024-07-07 00:00:00+00:00
[2024-07-07T22:29:34.623+0000] {processor.py:183} INFO - Processing /home/airflow/.local/lib/python3.12/site-packages/airflow/example_dags/example_task_group.py took 0.025 seconds
[2024-07-07T22:30:05.124+0000] {processor.py:161} INFO - Started process (PID=1776) to work on /home/airflow/.local/lib/python3.12/site-packages/airflow/example_dags/example_task_group.py
[2024-07-07T22:30:05.124+0000] {processor.py:830} INFO - Processing file /home/airflow/.local/lib/python3.12/site-packages/airflow/example_dags/example_task_group.py for tasks to queue
[2024-07-07T22:30:05.125+0000] {logging_mixin.py:188} INFO - [2024-07-07T22:30:05.125+0000] {dagbag.py:545} INFO - Filling up the DagBag from /home/airflow/.local/lib/python3.12/site-packages/airflow/example_dags/example_task_group.py
[2024-07-07T22:30:05.127+0000] {processor.py:840} INFO - DAG(s) 'example_task_group' retrieved from /home/airflow/.local/lib/python3.12/site-packages/airflow/example_dags/example_task_group.py
[2024-07-07T22:30:05.135+0000] {logging_mixin.py:188} INFO - [2024-07-07T22:30:05.135+0000] {dag.py:3096} INFO - Sync 1 DAGs
[2024-07-07T22:30:05.141+0000] {logging_mixin.py:188} INFO - [2024-07-07T22:30:05.141+0000] {dag.py:3954} INFO - Setting next_dagrun for example_task_group to 2024-07-06 00:00:00+00:00, run_after=2024-07-07 00:00:00+00:00
[2024-07-07T22:30:05.146+0000] {processor.py:183} INFO - Processing /home/airflow/.local/lib/python3.12/site-packages/airflow/example_dags/example_task_group.py took 0.024 seconds
[2024-07-07T22:30:35.886+0000] {processor.py:161} INFO - Started process (PID=1828) to work on /home/airflow/.local/lib/python3.12/site-packages/airflow/example_dags/example_task_group.py
[2024-07-07T22:30:35.886+0000] {processor.py:830} INFO - Processing file /home/airflow/.local/lib/python3.12/site-packages/airflow/example_dags/example_task_group.py for tasks to queue
[2024-07-07T22:30:35.887+0000] {logging_mixin.py:188} INFO - [2024-07-07T22:30:35.887+0000] {dagbag.py:545} INFO - Filling up the DagBag from /home/airflow/.local/lib/python3.12/site-packages/airflow/example_dags/example_task_group.py
[2024-07-07T22:30:35.890+0000] {processor.py:840} INFO - DAG(s) 'example_task_group' retrieved from /home/airflow/.local/lib/python3.12/site-packages/airflow/example_dags/example_task_group.py
[2024-07-07T22:30:35.897+0000] {logging_mixin.py:188} INFO - [2024-07-07T22:30:35.897+0000] {dag.py:3096} INFO - Sync 1 DAGs
[2024-07-07T22:30:35.971+0000] {logging_mixin.py:188} INFO - [2024-07-07T22:30:35.971+0000] {dag.py:3954} INFO - Setting next_dagrun for example_task_group to 2024-07-06 00:00:00+00:00, run_after=2024-07-07 00:00:00+00:00
[2024-07-07T22:30:35.977+0000] {processor.py:183} INFO - Processing /home/airflow/.local/lib/python3.12/site-packages/airflow/example_dags/example_task_group.py took 0.093 seconds
[2024-07-07T22:31:06.625+0000] {processor.py:161} INFO - Started process (PID=1880) to work on /home/airflow/.local/lib/python3.12/site-packages/airflow/example_dags/example_task_group.py
[2024-07-07T22:31:06.625+0000] {processor.py:830} INFO - Processing file /home/airflow/.local/lib/python3.12/site-packages/airflow/example_dags/example_task_group.py for tasks to queue
[2024-07-07T22:31:06.626+0000] {logging_mixin.py:188} INFO - [2024-07-07T22:31:06.626+0000] {dagbag.py:545} INFO - Filling up the DagBag from /home/airflow/.local/lib/python3.12/site-packages/airflow/example_dags/example_task_group.py
[2024-07-07T22:31:06.629+0000] {processor.py:840} INFO - DAG(s) 'example_task_group' retrieved from /home/airflow/.local/lib/python3.12/site-packages/airflow/example_dags/example_task_group.py
[2024-07-07T22:31:06.637+0000] {logging_mixin.py:188} INFO - [2024-07-07T22:31:06.637+0000] {dag.py:3096} INFO - Sync 1 DAGs
[2024-07-07T22:31:06.645+0000] {logging_mixin.py:188} INFO - [2024-07-07T22:31:06.644+0000] {dag.py:3954} INFO - Setting next_dagrun for example_task_group to 2024-07-06 00:00:00+00:00, run_after=2024-07-07 00:00:00+00:00
[2024-07-07T22:31:06.651+0000] {processor.py:183} INFO - Processing /home/airflow/.local/lib/python3.12/site-packages/airflow/example_dags/example_task_group.py took 0.029 seconds
[2024-07-07T22:31:37.519+0000] {processor.py:161} INFO - Started process (PID=1932) to work on /home/airflow/.local/lib/python3.12/site-packages/airflow/example_dags/example_task_group.py
[2024-07-07T22:31:37.519+0000] {processor.py:830} INFO - Processing file /home/airflow/.local/lib/python3.12/site-packages/airflow/example_dags/example_task_group.py for tasks to queue
[2024-07-07T22:31:37.520+0000] {logging_mixin.py:188} INFO - [2024-07-07T22:31:37.520+0000] {dagbag.py:545} INFO - Filling up the DagBag from /home/airflow/.local/lib/python3.12/site-packages/airflow/example_dags/example_task_group.py
[2024-07-07T22:31:37.523+0000] {processor.py:840} INFO - DAG(s) 'example_task_group' retrieved from /home/airflow/.local/lib/python3.12/site-packages/airflow/example_dags/example_task_group.py
[2024-07-07T22:31:37.531+0000] {logging_mixin.py:188} INFO - [2024-07-07T22:31:37.531+0000] {dag.py:3096} INFO - Sync 1 DAGs
[2024-07-07T22:31:37.538+0000] {logging_mixin.py:188} INFO - [2024-07-07T22:31:37.538+0000] {dag.py:3954} INFO - Setting next_dagrun for example_task_group to 2024-07-06 00:00:00+00:00, run_after=2024-07-07 00:00:00+00:00
[2024-07-07T22:31:37.544+0000] {processor.py:183} INFO - Processing /home/airflow/.local/lib/python3.12/site-packages/airflow/example_dags/example_task_group.py took 0.027 seconds
[2024-07-07T22:32:09.201+0000] {processor.py:161} INFO - Started process (PID=1984) to work on /home/airflow/.local/lib/python3.12/site-packages/airflow/example_dags/example_task_group.py
[2024-07-07T22:32:09.202+0000] {processor.py:830} INFO - Processing file /home/airflow/.local/lib/python3.12/site-packages/airflow/example_dags/example_task_group.py for tasks to queue
[2024-07-07T22:32:09.202+0000] {logging_mixin.py:188} INFO - [2024-07-07T22:32:09.202+0000] {dagbag.py:545} INFO - Filling up the DagBag from /home/airflow/.local/lib/python3.12/site-packages/airflow/example_dags/example_task_group.py
[2024-07-07T22:32:09.205+0000] {processor.py:840} INFO - DAG(s) 'example_task_group' retrieved from /home/airflow/.local/lib/python3.12/site-packages/airflow/example_dags/example_task_group.py
[2024-07-07T22:32:09.212+0000] {logging_mixin.py:188} INFO - [2024-07-07T22:32:09.212+0000] {dag.py:3096} INFO - Sync 1 DAGs
[2024-07-07T22:32:09.219+0000] {logging_mixin.py:188} INFO - [2024-07-07T22:32:09.219+0000] {dag.py:3954} INFO - Setting next_dagrun for example_task_group to 2024-07-06 00:00:00+00:00, run_after=2024-07-07 00:00:00+00:00
[2024-07-07T22:32:09.224+0000] {processor.py:183} INFO - Processing /home/airflow/.local/lib/python3.12/site-packages/airflow/example_dags/example_task_group.py took 0.025 seconds
[2024-07-07T22:32:39.620+0000] {processor.py:161} INFO - Started process (PID=2036) to work on /home/airflow/.local/lib/python3.12/site-packages/airflow/example_dags/example_task_group.py
[2024-07-07T22:32:39.621+0000] {processor.py:830} INFO - Processing file /home/airflow/.local/lib/python3.12/site-packages/airflow/example_dags/example_task_group.py for tasks to queue
[2024-07-07T22:32:39.621+0000] {logging_mixin.py:188} INFO - [2024-07-07T22:32:39.621+0000] {dagbag.py:545} INFO - Filling up the DagBag from /home/airflow/.local/lib/python3.12/site-packages/airflow/example_dags/example_task_group.py
[2024-07-07T22:32:39.625+0000] {processor.py:840} INFO - DAG(s) 'example_task_group' retrieved from /home/airflow/.local/lib/python3.12/site-packages/airflow/example_dags/example_task_group.py
[2024-07-07T22:32:39.633+0000] {logging_mixin.py:188} INFO - [2024-07-07T22:32:39.633+0000] {dag.py:3096} INFO - Sync 1 DAGs
[2024-07-07T22:32:39.640+0000] {logging_mixin.py:188} INFO - [2024-07-07T22:32:39.640+0000] {dag.py:3954} INFO - Setting next_dagrun for example_task_group to 2024-07-06 00:00:00+00:00, run_after=2024-07-07 00:00:00+00:00
[2024-07-07T22:32:39.645+0000] {processor.py:183} INFO - Processing /home/airflow/.local/lib/python3.12/site-packages/airflow/example_dags/example_task_group.py took 0.028 seconds
[2024-07-07T22:33:10.136+0000] {processor.py:161} INFO - Started process (PID=2088) to work on /home/airflow/.local/lib/python3.12/site-packages/airflow/example_dags/example_task_group.py
[2024-07-07T22:33:10.137+0000] {processor.py:830} INFO - Processing file /home/airflow/.local/lib/python3.12/site-packages/airflow/example_dags/example_task_group.py for tasks to queue
[2024-07-07T22:33:10.138+0000] {logging_mixin.py:188} INFO - [2024-07-07T22:33:10.138+0000] {dagbag.py:545} INFO - Filling up the DagBag from /home/airflow/.local/lib/python3.12/site-packages/airflow/example_dags/example_task_group.py
[2024-07-07T22:33:10.141+0000] {processor.py:840} INFO - DAG(s) 'example_task_group' retrieved from /home/airflow/.local/lib/python3.12/site-packages/airflow/example_dags/example_task_group.py
[2024-07-07T22:33:10.151+0000] {logging_mixin.py:188} INFO - [2024-07-07T22:33:10.151+0000] {dag.py:3096} INFO - Sync 1 DAGs
[2024-07-07T22:33:10.161+0000] {logging_mixin.py:188} INFO - [2024-07-07T22:33:10.161+0000] {dag.py:3954} INFO - Setting next_dagrun for example_task_group to 2024-07-06 00:00:00+00:00, run_after=2024-07-07 00:00:00+00:00
[2024-07-07T22:33:10.170+0000] {processor.py:183} INFO - Processing /home/airflow/.local/lib/python3.12/site-packages/airflow/example_dags/example_task_group.py took 0.037 seconds
[2024-07-07T22:33:40.603+0000] {processor.py:161} INFO - Started process (PID=2140) to work on /home/airflow/.local/lib/python3.12/site-packages/airflow/example_dags/example_task_group.py
[2024-07-07T22:33:40.604+0000] {processor.py:830} INFO - Processing file /home/airflow/.local/lib/python3.12/site-packages/airflow/example_dags/example_task_group.py for tasks to queue
[2024-07-07T22:33:40.605+0000] {logging_mixin.py:188} INFO - [2024-07-07T22:33:40.605+0000] {dagbag.py:545} INFO - Filling up the DagBag from /home/airflow/.local/lib/python3.12/site-packages/airflow/example_dags/example_task_group.py
[2024-07-07T22:33:40.609+0000] {processor.py:840} INFO - DAG(s) 'example_task_group' retrieved from /home/airflow/.local/lib/python3.12/site-packages/airflow/example_dags/example_task_group.py
[2024-07-07T22:33:40.620+0000] {logging_mixin.py:188} INFO - [2024-07-07T22:33:40.619+0000] {dag.py:3096} INFO - Sync 1 DAGs
[2024-07-07T22:33:40.631+0000] {logging_mixin.py:188} INFO - [2024-07-07T22:33:40.631+0000] {dag.py:3954} INFO - Setting next_dagrun for example_task_group to 2024-07-06 00:00:00+00:00, run_after=2024-07-07 00:00:00+00:00
[2024-07-07T22:33:40.640+0000] {processor.py:183} INFO - Processing /home/airflow/.local/lib/python3.12/site-packages/airflow/example_dags/example_task_group.py took 0.040 seconds
