[2024-07-07T22:13:07.086+0000] {processor.py:161} INFO - Started process (PID=34) to work on /home/airflow/.local/lib/python3.12/site-packages/airflow/example_dags/example_nested_branch_dag.py
[2024-07-07T22:13:07.089+0000] {processor.py:830} INFO - Processing file /home/airflow/.local/lib/python3.12/site-packages/airflow/example_dags/example_nested_branch_dag.py for tasks to queue
[2024-07-07T22:13:07.093+0000] {logging_mixin.py:188} INFO - [2024-07-07T22:13:07.093+0000] {dagbag.py:545} INFO - Filling up the DagBag from /home/airflow/.local/lib/python3.12/site-packages/airflow/example_dags/example_nested_branch_dag.py
[2024-07-07T22:13:07.099+0000] {processor.py:840} INFO - DAG(s) 'example_nested_branch_dag' retrieved from /home/airflow/.local/lib/python3.12/site-packages/airflow/example_dags/example_nested_branch_dag.py
[2024-07-07T22:13:07.159+0000] {logging_mixin.py:188} INFO - [2024-07-07T22:13:07.159+0000] {override.py:1829} INFO - Created Permission View: can edit on DAG:example_nested_branch_dag
[2024-07-07T22:13:07.169+0000] {logging_mixin.py:188} INFO - [2024-07-07T22:13:07.169+0000] {override.py:1829} INFO - Created Permission View: can read on DAG:example_nested_branch_dag
[2024-07-07T22:13:07.176+0000] {logging_mixin.py:188} INFO - [2024-07-07T22:13:07.175+0000] {override.py:1829} INFO - Created Permission View: can delete on DAG:example_nested_branch_dag
[2024-07-07T22:13:07.177+0000] {logging_mixin.py:188} INFO - [2024-07-07T22:13:07.177+0000] {dag.py:3096} INFO - Sync 1 DAGs
[2024-07-07T22:13:07.188+0000] {logging_mixin.py:188} INFO - [2024-07-07T22:13:07.188+0000] {dag.py:3118} INFO - Creating ORM DAG for example_nested_branch_dag
[2024-07-07T22:13:07.199+0000] {logging_mixin.py:188} INFO - [2024-07-07T22:13:07.198+0000] {dag.py:3954} INFO - Setting next_dagrun for example_nested_branch_dag to 2024-07-06 00:00:00+00:00, run_after=2024-07-07 00:00:00+00:00
[2024-07-07T22:13:07.216+0000] {processor.py:183} INFO - Processing /home/airflow/.local/lib/python3.12/site-packages/airflow/example_dags/example_nested_branch_dag.py took 0.135 seconds
[2024-07-07T22:13:52.495+0000] {processor.py:161} INFO - Started process (PID=34) to work on /home/airflow/.local/lib/python3.12/site-packages/airflow/example_dags/example_nested_branch_dag.py
[2024-07-07T22:13:52.496+0000] {processor.py:830} INFO - Processing file /home/airflow/.local/lib/python3.12/site-packages/airflow/example_dags/example_nested_branch_dag.py for tasks to queue
[2024-07-07T22:13:52.497+0000] {logging_mixin.py:188} INFO - [2024-07-07T22:13:52.497+0000] {dagbag.py:545} INFO - Filling up the DagBag from /home/airflow/.local/lib/python3.12/site-packages/airflow/example_dags/example_nested_branch_dag.py
[2024-07-07T22:13:52.505+0000] {processor.py:840} INFO - DAG(s) 'example_nested_branch_dag' retrieved from /home/airflow/.local/lib/python3.12/site-packages/airflow/example_dags/example_nested_branch_dag.py
[2024-07-07T22:13:52.520+0000] {logging_mixin.py:188} INFO - [2024-07-07T22:13:52.520+0000] {dag.py:3096} INFO - Sync 1 DAGs
[2024-07-07T22:13:52.535+0000] {logging_mixin.py:188} INFO - [2024-07-07T22:13:52.535+0000] {dag.py:3954} INFO - Setting next_dagrun for example_nested_branch_dag to 2024-07-06 00:00:00+00:00, run_after=2024-07-07 00:00:00+00:00
[2024-07-07T22:13:52.550+0000] {processor.py:183} INFO - Processing /home/airflow/.local/lib/python3.12/site-packages/airflow/example_dags/example_nested_branch_dag.py took 0.060 seconds
[2024-07-07T22:14:22.774+0000] {processor.py:161} INFO - Started process (PID=86) to work on /home/airflow/.local/lib/python3.12/site-packages/airflow/example_dags/example_nested_branch_dag.py
[2024-07-07T22:14:22.775+0000] {processor.py:830} INFO - Processing file /home/airflow/.local/lib/python3.12/site-packages/airflow/example_dags/example_nested_branch_dag.py for tasks to queue
[2024-07-07T22:14:22.775+0000] {logging_mixin.py:188} INFO - [2024-07-07T22:14:22.775+0000] {dagbag.py:545} INFO - Filling up the DagBag from /home/airflow/.local/lib/python3.12/site-packages/airflow/example_dags/example_nested_branch_dag.py
[2024-07-07T22:14:22.779+0000] {processor.py:840} INFO - DAG(s) 'example_nested_branch_dag' retrieved from /home/airflow/.local/lib/python3.12/site-packages/airflow/example_dags/example_nested_branch_dag.py
[2024-07-07T22:14:22.814+0000] {logging_mixin.py:188} INFO - [2024-07-07T22:14:22.814+0000] {dag.py:3096} INFO - Sync 1 DAGs
[2024-07-07T22:14:22.820+0000] {logging_mixin.py:188} INFO - [2024-07-07T22:14:22.820+0000] {dag.py:3954} INFO - Setting next_dagrun for example_nested_branch_dag to 2024-07-06 00:00:00+00:00, run_after=2024-07-07 00:00:00+00:00
[2024-07-07T22:14:22.826+0000] {processor.py:183} INFO - Processing /home/airflow/.local/lib/python3.12/site-packages/airflow/example_dags/example_nested_branch_dag.py took 0.054 seconds
[2024-07-07T22:14:52.956+0000] {processor.py:161} INFO - Started process (PID=138) to work on /home/airflow/.local/lib/python3.12/site-packages/airflow/example_dags/example_nested_branch_dag.py
[2024-07-07T22:14:52.956+0000] {processor.py:830} INFO - Processing file /home/airflow/.local/lib/python3.12/site-packages/airflow/example_dags/example_nested_branch_dag.py for tasks to queue
[2024-07-07T22:14:52.957+0000] {logging_mixin.py:188} INFO - [2024-07-07T22:14:52.957+0000] {dagbag.py:545} INFO - Filling up the DagBag from /home/airflow/.local/lib/python3.12/site-packages/airflow/example_dags/example_nested_branch_dag.py
[2024-07-07T22:14:52.962+0000] {processor.py:840} INFO - DAG(s) 'example_nested_branch_dag' retrieved from /home/airflow/.local/lib/python3.12/site-packages/airflow/example_dags/example_nested_branch_dag.py
[2024-07-07T22:14:52.974+0000] {logging_mixin.py:188} INFO - [2024-07-07T22:14:52.974+0000] {dag.py:3096} INFO - Sync 1 DAGs
[2024-07-07T22:14:52.985+0000] {logging_mixin.py:188} INFO - [2024-07-07T22:14:52.985+0000] {dag.py:3954} INFO - Setting next_dagrun for example_nested_branch_dag to 2024-07-06 00:00:00+00:00, run_after=2024-07-07 00:00:00+00:00
[2024-07-07T22:14:52.993+0000] {processor.py:183} INFO - Processing /home/airflow/.local/lib/python3.12/site-packages/airflow/example_dags/example_nested_branch_dag.py took 0.040 seconds
[2024-07-07T22:15:23.316+0000] {processor.py:161} INFO - Started process (PID=190) to work on /home/airflow/.local/lib/python3.12/site-packages/airflow/example_dags/example_nested_branch_dag.py
[2024-07-07T22:15:23.317+0000] {processor.py:830} INFO - Processing file /home/airflow/.local/lib/python3.12/site-packages/airflow/example_dags/example_nested_branch_dag.py for tasks to queue
[2024-07-07T22:15:23.318+0000] {logging_mixin.py:188} INFO - [2024-07-07T22:15:23.317+0000] {dagbag.py:545} INFO - Filling up the DagBag from /home/airflow/.local/lib/python3.12/site-packages/airflow/example_dags/example_nested_branch_dag.py
[2024-07-07T22:15:23.321+0000] {processor.py:840} INFO - DAG(s) 'example_nested_branch_dag' retrieved from /home/airflow/.local/lib/python3.12/site-packages/airflow/example_dags/example_nested_branch_dag.py
[2024-07-07T22:15:23.329+0000] {logging_mixin.py:188} INFO - [2024-07-07T22:15:23.329+0000] {dag.py:3096} INFO - Sync 1 DAGs
[2024-07-07T22:15:23.337+0000] {logging_mixin.py:188} INFO - [2024-07-07T22:15:23.337+0000] {dag.py:3954} INFO - Setting next_dagrun for example_nested_branch_dag to 2024-07-06 00:00:00+00:00, run_after=2024-07-07 00:00:00+00:00
[2024-07-07T22:15:23.343+0000] {processor.py:183} INFO - Processing /home/airflow/.local/lib/python3.12/site-packages/airflow/example_dags/example_nested_branch_dag.py took 0.029 seconds
[2024-07-07T22:15:53.563+0000] {processor.py:161} INFO - Started process (PID=254) to work on /home/airflow/.local/lib/python3.12/site-packages/airflow/example_dags/example_nested_branch_dag.py
[2024-07-07T22:15:53.563+0000] {processor.py:830} INFO - Processing file /home/airflow/.local/lib/python3.12/site-packages/airflow/example_dags/example_nested_branch_dag.py for tasks to queue
[2024-07-07T22:15:53.564+0000] {logging_mixin.py:188} INFO - [2024-07-07T22:15:53.564+0000] {dagbag.py:545} INFO - Filling up the DagBag from /home/airflow/.local/lib/python3.12/site-packages/airflow/example_dags/example_nested_branch_dag.py
[2024-07-07T22:15:53.568+0000] {processor.py:840} INFO - DAG(s) 'example_nested_branch_dag' retrieved from /home/airflow/.local/lib/python3.12/site-packages/airflow/example_dags/example_nested_branch_dag.py
[2024-07-07T22:15:53.576+0000] {logging_mixin.py:188} INFO - [2024-07-07T22:15:53.576+0000] {dag.py:3096} INFO - Sync 1 DAGs
[2024-07-07T22:15:53.584+0000] {logging_mixin.py:188} INFO - [2024-07-07T22:15:53.584+0000] {dag.py:3954} INFO - Setting next_dagrun for example_nested_branch_dag to 2024-07-06 00:00:00+00:00, run_after=2024-07-07 00:00:00+00:00
[2024-07-07T22:15:53.590+0000] {processor.py:183} INFO - Processing /home/airflow/.local/lib/python3.12/site-packages/airflow/example_dags/example_nested_branch_dag.py took 0.029 seconds
[2024-07-07T22:16:23.788+0000] {processor.py:161} INFO - Started process (PID=313) to work on /home/airflow/.local/lib/python3.12/site-packages/airflow/example_dags/example_nested_branch_dag.py
[2024-07-07T22:16:23.788+0000] {processor.py:830} INFO - Processing file /home/airflow/.local/lib/python3.12/site-packages/airflow/example_dags/example_nested_branch_dag.py for tasks to queue
[2024-07-07T22:16:23.789+0000] {logging_mixin.py:188} INFO - [2024-07-07T22:16:23.789+0000] {dagbag.py:545} INFO - Filling up the DagBag from /home/airflow/.local/lib/python3.12/site-packages/airflow/example_dags/example_nested_branch_dag.py
[2024-07-07T22:16:23.793+0000] {processor.py:840} INFO - DAG(s) 'example_nested_branch_dag' retrieved from /home/airflow/.local/lib/python3.12/site-packages/airflow/example_dags/example_nested_branch_dag.py
[2024-07-07T22:16:23.802+0000] {logging_mixin.py:188} INFO - [2024-07-07T22:16:23.802+0000] {dag.py:3096} INFO - Sync 1 DAGs
[2024-07-07T22:16:23.810+0000] {logging_mixin.py:188} INFO - [2024-07-07T22:16:23.810+0000] {dag.py:3954} INFO - Setting next_dagrun for example_nested_branch_dag to 2024-07-06 00:00:00+00:00, run_after=2024-07-07 00:00:00+00:00
[2024-07-07T22:16:23.817+0000] {processor.py:183} INFO - Processing /home/airflow/.local/lib/python3.12/site-packages/airflow/example_dags/example_nested_branch_dag.py took 0.031 seconds
[2024-07-07T22:16:54.020+0000] {processor.py:161} INFO - Started process (PID=380) to work on /home/airflow/.local/lib/python3.12/site-packages/airflow/example_dags/example_nested_branch_dag.py
[2024-07-07T22:16:54.020+0000] {processor.py:830} INFO - Processing file /home/airflow/.local/lib/python3.12/site-packages/airflow/example_dags/example_nested_branch_dag.py for tasks to queue
[2024-07-07T22:16:54.021+0000] {logging_mixin.py:188} INFO - [2024-07-07T22:16:54.021+0000] {dagbag.py:545} INFO - Filling up the DagBag from /home/airflow/.local/lib/python3.12/site-packages/airflow/example_dags/example_nested_branch_dag.py
[2024-07-07T22:16:54.025+0000] {processor.py:840} INFO - DAG(s) 'example_nested_branch_dag' retrieved from /home/airflow/.local/lib/python3.12/site-packages/airflow/example_dags/example_nested_branch_dag.py
[2024-07-07T22:16:54.033+0000] {logging_mixin.py:188} INFO - [2024-07-07T22:16:54.033+0000] {dag.py:3096} INFO - Sync 1 DAGs
[2024-07-07T22:16:54.041+0000] {logging_mixin.py:188} INFO - [2024-07-07T22:16:54.041+0000] {dag.py:3954} INFO - Setting next_dagrun for example_nested_branch_dag to 2024-07-06 00:00:00+00:00, run_after=2024-07-07 00:00:00+00:00
[2024-07-07T22:16:54.047+0000] {processor.py:183} INFO - Processing /home/airflow/.local/lib/python3.12/site-packages/airflow/example_dags/example_nested_branch_dag.py took 0.029 seconds
[2024-07-07T22:17:24.249+0000] {processor.py:161} INFO - Started process (PID=433) to work on /home/airflow/.local/lib/python3.12/site-packages/airflow/example_dags/example_nested_branch_dag.py
[2024-07-07T22:17:24.250+0000] {processor.py:830} INFO - Processing file /home/airflow/.local/lib/python3.12/site-packages/airflow/example_dags/example_nested_branch_dag.py for tasks to queue
[2024-07-07T22:17:24.250+0000] {logging_mixin.py:188} INFO - [2024-07-07T22:17:24.250+0000] {dagbag.py:545} INFO - Filling up the DagBag from /home/airflow/.local/lib/python3.12/site-packages/airflow/example_dags/example_nested_branch_dag.py
[2024-07-07T22:17:24.255+0000] {processor.py:840} INFO - DAG(s) 'example_nested_branch_dag' retrieved from /home/airflow/.local/lib/python3.12/site-packages/airflow/example_dags/example_nested_branch_dag.py
[2024-07-07T22:17:24.262+0000] {logging_mixin.py:188} INFO - [2024-07-07T22:17:24.262+0000] {dag.py:3096} INFO - Sync 1 DAGs
[2024-07-07T22:17:24.270+0000] {logging_mixin.py:188} INFO - [2024-07-07T22:17:24.270+0000] {dag.py:3954} INFO - Setting next_dagrun for example_nested_branch_dag to 2024-07-06 00:00:00+00:00, run_after=2024-07-07 00:00:00+00:00
[2024-07-07T22:17:24.276+0000] {processor.py:183} INFO - Processing /home/airflow/.local/lib/python3.12/site-packages/airflow/example_dags/example_nested_branch_dag.py took 0.030 seconds
[2024-07-07T22:17:54.536+0000] {processor.py:161} INFO - Started process (PID=487) to work on /home/airflow/.local/lib/python3.12/site-packages/airflow/example_dags/example_nested_branch_dag.py
[2024-07-07T22:17:54.537+0000] {processor.py:830} INFO - Processing file /home/airflow/.local/lib/python3.12/site-packages/airflow/example_dags/example_nested_branch_dag.py for tasks to queue
[2024-07-07T22:17:54.538+0000] {logging_mixin.py:188} INFO - [2024-07-07T22:17:54.538+0000] {dagbag.py:545} INFO - Filling up the DagBag from /home/airflow/.local/lib/python3.12/site-packages/airflow/example_dags/example_nested_branch_dag.py
[2024-07-07T22:17:54.542+0000] {processor.py:840} INFO - DAG(s) 'example_nested_branch_dag' retrieved from /home/airflow/.local/lib/python3.12/site-packages/airflow/example_dags/example_nested_branch_dag.py
[2024-07-07T22:17:54.551+0000] {logging_mixin.py:188} INFO - [2024-07-07T22:17:54.551+0000] {dag.py:3096} INFO - Sync 1 DAGs
[2024-07-07T22:17:54.559+0000] {logging_mixin.py:188} INFO - [2024-07-07T22:17:54.559+0000] {dag.py:3954} INFO - Setting next_dagrun for example_nested_branch_dag to 2024-07-06 00:00:00+00:00, run_after=2024-07-07 00:00:00+00:00
[2024-07-07T22:17:54.566+0000] {processor.py:183} INFO - Processing /home/airflow/.local/lib/python3.12/site-packages/airflow/example_dags/example_nested_branch_dag.py took 0.032 seconds
[2024-07-07T22:18:25.104+0000] {processor.py:161} INFO - Started process (PID=539) to work on /home/airflow/.local/lib/python3.12/site-packages/airflow/example_dags/example_nested_branch_dag.py
[2024-07-07T22:18:25.104+0000] {processor.py:830} INFO - Processing file /home/airflow/.local/lib/python3.12/site-packages/airflow/example_dags/example_nested_branch_dag.py for tasks to queue
[2024-07-07T22:18:25.105+0000] {logging_mixin.py:188} INFO - [2024-07-07T22:18:25.105+0000] {dagbag.py:545} INFO - Filling up the DagBag from /home/airflow/.local/lib/python3.12/site-packages/airflow/example_dags/example_nested_branch_dag.py
[2024-07-07T22:18:25.109+0000] {processor.py:840} INFO - DAG(s) 'example_nested_branch_dag' retrieved from /home/airflow/.local/lib/python3.12/site-packages/airflow/example_dags/example_nested_branch_dag.py
[2024-07-07T22:18:25.117+0000] {logging_mixin.py:188} INFO - [2024-07-07T22:18:25.117+0000] {dag.py:3096} INFO - Sync 1 DAGs
[2024-07-07T22:18:25.125+0000] {logging_mixin.py:188} INFO - [2024-07-07T22:18:25.125+0000] {dag.py:3954} INFO - Setting next_dagrun for example_nested_branch_dag to 2024-07-06 00:00:00+00:00, run_after=2024-07-07 00:00:00+00:00
[2024-07-07T22:18:25.131+0000] {processor.py:183} INFO - Processing /home/airflow/.local/lib/python3.12/site-packages/airflow/example_dags/example_nested_branch_dag.py took 0.029 seconds
[2024-07-07T22:18:55.416+0000] {processor.py:161} INFO - Started process (PID=591) to work on /home/airflow/.local/lib/python3.12/site-packages/airflow/example_dags/example_nested_branch_dag.py
[2024-07-07T22:18:55.416+0000] {processor.py:830} INFO - Processing file /home/airflow/.local/lib/python3.12/site-packages/airflow/example_dags/example_nested_branch_dag.py for tasks to queue
[2024-07-07T22:18:55.417+0000] {logging_mixin.py:188} INFO - [2024-07-07T22:18:55.417+0000] {dagbag.py:545} INFO - Filling up the DagBag from /home/airflow/.local/lib/python3.12/site-packages/airflow/example_dags/example_nested_branch_dag.py
[2024-07-07T22:18:55.421+0000] {processor.py:840} INFO - DAG(s) 'example_nested_branch_dag' retrieved from /home/airflow/.local/lib/python3.12/site-packages/airflow/example_dags/example_nested_branch_dag.py
[2024-07-07T22:18:55.428+0000] {logging_mixin.py:188} INFO - [2024-07-07T22:18:55.428+0000] {dag.py:3096} INFO - Sync 1 DAGs
[2024-07-07T22:18:55.437+0000] {logging_mixin.py:188} INFO - [2024-07-07T22:18:55.436+0000] {dag.py:3954} INFO - Setting next_dagrun for example_nested_branch_dag to 2024-07-06 00:00:00+00:00, run_after=2024-07-07 00:00:00+00:00
[2024-07-07T22:18:55.443+0000] {processor.py:183} INFO - Processing /home/airflow/.local/lib/python3.12/site-packages/airflow/example_dags/example_nested_branch_dag.py took 0.029 seconds
[2024-07-07T22:19:25.694+0000] {processor.py:161} INFO - Started process (PID=643) to work on /home/airflow/.local/lib/python3.12/site-packages/airflow/example_dags/example_nested_branch_dag.py
[2024-07-07T22:19:25.694+0000] {processor.py:830} INFO - Processing file /home/airflow/.local/lib/python3.12/site-packages/airflow/example_dags/example_nested_branch_dag.py for tasks to queue
[2024-07-07T22:19:25.695+0000] {logging_mixin.py:188} INFO - [2024-07-07T22:19:25.695+0000] {dagbag.py:545} INFO - Filling up the DagBag from /home/airflow/.local/lib/python3.12/site-packages/airflow/example_dags/example_nested_branch_dag.py
[2024-07-07T22:19:25.700+0000] {processor.py:840} INFO - DAG(s) 'example_nested_branch_dag' retrieved from /home/airflow/.local/lib/python3.12/site-packages/airflow/example_dags/example_nested_branch_dag.py
[2024-07-07T22:19:25.708+0000] {logging_mixin.py:188} INFO - [2024-07-07T22:19:25.708+0000] {dag.py:3096} INFO - Sync 1 DAGs
[2024-07-07T22:19:25.716+0000] {logging_mixin.py:188} INFO - [2024-07-07T22:19:25.716+0000] {dag.py:3954} INFO - Setting next_dagrun for example_nested_branch_dag to 2024-07-06 00:00:00+00:00, run_after=2024-07-07 00:00:00+00:00
[2024-07-07T22:19:25.722+0000] {processor.py:183} INFO - Processing /home/airflow/.local/lib/python3.12/site-packages/airflow/example_dags/example_nested_branch_dag.py took 0.031 seconds
[2024-07-07T22:19:55.985+0000] {processor.py:161} INFO - Started process (PID=695) to work on /home/airflow/.local/lib/python3.12/site-packages/airflow/example_dags/example_nested_branch_dag.py
[2024-07-07T22:19:55.985+0000] {processor.py:830} INFO - Processing file /home/airflow/.local/lib/python3.12/site-packages/airflow/example_dags/example_nested_branch_dag.py for tasks to queue
[2024-07-07T22:19:55.986+0000] {logging_mixin.py:188} INFO - [2024-07-07T22:19:55.986+0000] {dagbag.py:545} INFO - Filling up the DagBag from /home/airflow/.local/lib/python3.12/site-packages/airflow/example_dags/example_nested_branch_dag.py
[2024-07-07T22:19:55.990+0000] {processor.py:840} INFO - DAG(s) 'example_nested_branch_dag' retrieved from /home/airflow/.local/lib/python3.12/site-packages/airflow/example_dags/example_nested_branch_dag.py
[2024-07-07T22:19:55.998+0000] {logging_mixin.py:188} INFO - [2024-07-07T22:19:55.998+0000] {dag.py:3096} INFO - Sync 1 DAGs
[2024-07-07T22:19:56.007+0000] {logging_mixin.py:188} INFO - [2024-07-07T22:19:56.006+0000] {dag.py:3954} INFO - Setting next_dagrun for example_nested_branch_dag to 2024-07-06 00:00:00+00:00, run_after=2024-07-07 00:00:00+00:00
[2024-07-07T22:19:56.013+0000] {processor.py:183} INFO - Processing /home/airflow/.local/lib/python3.12/site-packages/airflow/example_dags/example_nested_branch_dag.py took 0.031 seconds
[2024-07-07T22:20:26.318+0000] {processor.py:161} INFO - Started process (PID=747) to work on /home/airflow/.local/lib/python3.12/site-packages/airflow/example_dags/example_nested_branch_dag.py
[2024-07-07T22:20:26.318+0000] {processor.py:830} INFO - Processing file /home/airflow/.local/lib/python3.12/site-packages/airflow/example_dags/example_nested_branch_dag.py for tasks to queue
[2024-07-07T22:20:26.319+0000] {logging_mixin.py:188} INFO - [2024-07-07T22:20:26.319+0000] {dagbag.py:545} INFO - Filling up the DagBag from /home/airflow/.local/lib/python3.12/site-packages/airflow/example_dags/example_nested_branch_dag.py
[2024-07-07T22:20:26.324+0000] {processor.py:840} INFO - DAG(s) 'example_nested_branch_dag' retrieved from /home/airflow/.local/lib/python3.12/site-packages/airflow/example_dags/example_nested_branch_dag.py
[2024-07-07T22:20:26.332+0000] {logging_mixin.py:188} INFO - [2024-07-07T22:20:26.332+0000] {dag.py:3096} INFO - Sync 1 DAGs
[2024-07-07T22:20:26.341+0000] {logging_mixin.py:188} INFO - [2024-07-07T22:20:26.341+0000] {dag.py:3954} INFO - Setting next_dagrun for example_nested_branch_dag to 2024-07-06 00:00:00+00:00, run_after=2024-07-07 00:00:00+00:00
[2024-07-07T22:20:26.348+0000] {processor.py:183} INFO - Processing /home/airflow/.local/lib/python3.12/site-packages/airflow/example_dags/example_nested_branch_dag.py took 0.033 seconds
[2024-07-07T22:20:56.566+0000] {processor.py:161} INFO - Started process (PID=799) to work on /home/airflow/.local/lib/python3.12/site-packages/airflow/example_dags/example_nested_branch_dag.py
[2024-07-07T22:20:56.566+0000] {processor.py:830} INFO - Processing file /home/airflow/.local/lib/python3.12/site-packages/airflow/example_dags/example_nested_branch_dag.py for tasks to queue
[2024-07-07T22:20:56.567+0000] {logging_mixin.py:188} INFO - [2024-07-07T22:20:56.567+0000] {dagbag.py:545} INFO - Filling up the DagBag from /home/airflow/.local/lib/python3.12/site-packages/airflow/example_dags/example_nested_branch_dag.py
[2024-07-07T22:20:56.571+0000] {processor.py:840} INFO - DAG(s) 'example_nested_branch_dag' retrieved from /home/airflow/.local/lib/python3.12/site-packages/airflow/example_dags/example_nested_branch_dag.py
[2024-07-07T22:20:56.580+0000] {logging_mixin.py:188} INFO - [2024-07-07T22:20:56.580+0000] {dag.py:3096} INFO - Sync 1 DAGs
[2024-07-07T22:20:56.588+0000] {logging_mixin.py:188} INFO - [2024-07-07T22:20:56.588+0000] {dag.py:3954} INFO - Setting next_dagrun for example_nested_branch_dag to 2024-07-06 00:00:00+00:00, run_after=2024-07-07 00:00:00+00:00
[2024-07-07T22:20:56.594+0000] {processor.py:183} INFO - Processing /home/airflow/.local/lib/python3.12/site-packages/airflow/example_dags/example_nested_branch_dag.py took 0.031 seconds
[2024-07-07T22:21:26.880+0000] {processor.py:161} INFO - Started process (PID=851) to work on /home/airflow/.local/lib/python3.12/site-packages/airflow/example_dags/example_nested_branch_dag.py
[2024-07-07T22:21:26.881+0000] {processor.py:830} INFO - Processing file /home/airflow/.local/lib/python3.12/site-packages/airflow/example_dags/example_nested_branch_dag.py for tasks to queue
[2024-07-07T22:21:26.881+0000] {logging_mixin.py:188} INFO - [2024-07-07T22:21:26.881+0000] {dagbag.py:545} INFO - Filling up the DagBag from /home/airflow/.local/lib/python3.12/site-packages/airflow/example_dags/example_nested_branch_dag.py
[2024-07-07T22:21:26.886+0000] {processor.py:840} INFO - DAG(s) 'example_nested_branch_dag' retrieved from /home/airflow/.local/lib/python3.12/site-packages/airflow/example_dags/example_nested_branch_dag.py
[2024-07-07T22:21:26.893+0000] {logging_mixin.py:188} INFO - [2024-07-07T22:21:26.893+0000] {dag.py:3096} INFO - Sync 1 DAGs
[2024-07-07T22:21:26.901+0000] {logging_mixin.py:188} INFO - [2024-07-07T22:21:26.901+0000] {dag.py:3954} INFO - Setting next_dagrun for example_nested_branch_dag to 2024-07-06 00:00:00+00:00, run_after=2024-07-07 00:00:00+00:00
[2024-07-07T22:21:26.908+0000] {processor.py:183} INFO - Processing /home/airflow/.local/lib/python3.12/site-packages/airflow/example_dags/example_nested_branch_dag.py took 0.031 seconds
[2024-07-07T22:21:57.213+0000] {processor.py:161} INFO - Started process (PID=903) to work on /home/airflow/.local/lib/python3.12/site-packages/airflow/example_dags/example_nested_branch_dag.py
[2024-07-07T22:21:57.213+0000] {processor.py:830} INFO - Processing file /home/airflow/.local/lib/python3.12/site-packages/airflow/example_dags/example_nested_branch_dag.py for tasks to queue
[2024-07-07T22:21:57.214+0000] {logging_mixin.py:188} INFO - [2024-07-07T22:21:57.214+0000] {dagbag.py:545} INFO - Filling up the DagBag from /home/airflow/.local/lib/python3.12/site-packages/airflow/example_dags/example_nested_branch_dag.py
[2024-07-07T22:21:57.218+0000] {processor.py:840} INFO - DAG(s) 'example_nested_branch_dag' retrieved from /home/airflow/.local/lib/python3.12/site-packages/airflow/example_dags/example_nested_branch_dag.py
[2024-07-07T22:21:57.227+0000] {logging_mixin.py:188} INFO - [2024-07-07T22:21:57.227+0000] {dag.py:3096} INFO - Sync 1 DAGs
[2024-07-07T22:21:57.235+0000] {logging_mixin.py:188} INFO - [2024-07-07T22:21:57.235+0000] {dag.py:3954} INFO - Setting next_dagrun for example_nested_branch_dag to 2024-07-06 00:00:00+00:00, run_after=2024-07-07 00:00:00+00:00
[2024-07-07T22:21:57.241+0000] {processor.py:183} INFO - Processing /home/airflow/.local/lib/python3.12/site-packages/airflow/example_dags/example_nested_branch_dag.py took 0.031 seconds
[2024-07-07T22:22:27.522+0000] {processor.py:161} INFO - Started process (PID=955) to work on /home/airflow/.local/lib/python3.12/site-packages/airflow/example_dags/example_nested_branch_dag.py
[2024-07-07T22:22:27.523+0000] {processor.py:830} INFO - Processing file /home/airflow/.local/lib/python3.12/site-packages/airflow/example_dags/example_nested_branch_dag.py for tasks to queue
[2024-07-07T22:22:27.524+0000] {logging_mixin.py:188} INFO - [2024-07-07T22:22:27.524+0000] {dagbag.py:545} INFO - Filling up the DagBag from /home/airflow/.local/lib/python3.12/site-packages/airflow/example_dags/example_nested_branch_dag.py
[2024-07-07T22:22:27.531+0000] {processor.py:840} INFO - DAG(s) 'example_nested_branch_dag' retrieved from /home/airflow/.local/lib/python3.12/site-packages/airflow/example_dags/example_nested_branch_dag.py
[2024-07-07T22:22:27.543+0000] {logging_mixin.py:188} INFO - [2024-07-07T22:22:27.542+0000] {dag.py:3096} INFO - Sync 1 DAGs
[2024-07-07T22:22:27.553+0000] {logging_mixin.py:188} INFO - [2024-07-07T22:22:27.553+0000] {dag.py:3954} INFO - Setting next_dagrun for example_nested_branch_dag to 2024-07-06 00:00:00+00:00, run_after=2024-07-07 00:00:00+00:00
[2024-07-07T22:22:27.563+0000] {processor.py:183} INFO - Processing /home/airflow/.local/lib/python3.12/site-packages/airflow/example_dags/example_nested_branch_dag.py took 0.044 seconds
[2024-07-07T22:22:57.901+0000] {processor.py:161} INFO - Started process (PID=1007) to work on /home/airflow/.local/lib/python3.12/site-packages/airflow/example_dags/example_nested_branch_dag.py
[2024-07-07T22:22:57.902+0000] {processor.py:830} INFO - Processing file /home/airflow/.local/lib/python3.12/site-packages/airflow/example_dags/example_nested_branch_dag.py for tasks to queue
[2024-07-07T22:22:57.903+0000] {logging_mixin.py:188} INFO - [2024-07-07T22:22:57.903+0000] {dagbag.py:545} INFO - Filling up the DagBag from /home/airflow/.local/lib/python3.12/site-packages/airflow/example_dags/example_nested_branch_dag.py
[2024-07-07T22:22:57.907+0000] {processor.py:840} INFO - DAG(s) 'example_nested_branch_dag' retrieved from /home/airflow/.local/lib/python3.12/site-packages/airflow/example_dags/example_nested_branch_dag.py
[2024-07-07T22:22:57.915+0000] {logging_mixin.py:188} INFO - [2024-07-07T22:22:57.915+0000] {dag.py:3096} INFO - Sync 1 DAGs
[2024-07-07T22:22:57.923+0000] {logging_mixin.py:188} INFO - [2024-07-07T22:22:57.923+0000] {dag.py:3954} INFO - Setting next_dagrun for example_nested_branch_dag to 2024-07-06 00:00:00+00:00, run_after=2024-07-07 00:00:00+00:00
[2024-07-07T22:22:57.930+0000] {processor.py:183} INFO - Processing /home/airflow/.local/lib/python3.12/site-packages/airflow/example_dags/example_nested_branch_dag.py took 0.031 seconds
[2024-07-07T22:23:28.248+0000] {processor.py:161} INFO - Started process (PID=1059) to work on /home/airflow/.local/lib/python3.12/site-packages/airflow/example_dags/example_nested_branch_dag.py
[2024-07-07T22:23:28.249+0000] {processor.py:830} INFO - Processing file /home/airflow/.local/lib/python3.12/site-packages/airflow/example_dags/example_nested_branch_dag.py for tasks to queue
[2024-07-07T22:23:28.249+0000] {logging_mixin.py:188} INFO - [2024-07-07T22:23:28.249+0000] {dagbag.py:545} INFO - Filling up the DagBag from /home/airflow/.local/lib/python3.12/site-packages/airflow/example_dags/example_nested_branch_dag.py
[2024-07-07T22:23:28.253+0000] {processor.py:840} INFO - DAG(s) 'example_nested_branch_dag' retrieved from /home/airflow/.local/lib/python3.12/site-packages/airflow/example_dags/example_nested_branch_dag.py
[2024-07-07T22:23:28.261+0000] {logging_mixin.py:188} INFO - [2024-07-07T22:23:28.260+0000] {dag.py:3096} INFO - Sync 1 DAGs
[2024-07-07T22:23:28.268+0000] {logging_mixin.py:188} INFO - [2024-07-07T22:23:28.268+0000] {dag.py:3954} INFO - Setting next_dagrun for example_nested_branch_dag to 2024-07-06 00:00:00+00:00, run_after=2024-07-07 00:00:00+00:00
[2024-07-07T22:23:28.274+0000] {processor.py:183} INFO - Processing /home/airflow/.local/lib/python3.12/site-packages/airflow/example_dags/example_nested_branch_dag.py took 0.028 seconds
[2024-07-07T22:23:58.565+0000] {processor.py:161} INFO - Started process (PID=1111) to work on /home/airflow/.local/lib/python3.12/site-packages/airflow/example_dags/example_nested_branch_dag.py
[2024-07-07T22:23:58.565+0000] {processor.py:830} INFO - Processing file /home/airflow/.local/lib/python3.12/site-packages/airflow/example_dags/example_nested_branch_dag.py for tasks to queue
[2024-07-07T22:23:58.566+0000] {logging_mixin.py:188} INFO - [2024-07-07T22:23:58.566+0000] {dagbag.py:545} INFO - Filling up the DagBag from /home/airflow/.local/lib/python3.12/site-packages/airflow/example_dags/example_nested_branch_dag.py
[2024-07-07T22:23:58.570+0000] {processor.py:840} INFO - DAG(s) 'example_nested_branch_dag' retrieved from /home/airflow/.local/lib/python3.12/site-packages/airflow/example_dags/example_nested_branch_dag.py
[2024-07-07T22:23:58.579+0000] {logging_mixin.py:188} INFO - [2024-07-07T22:23:58.579+0000] {dag.py:3096} INFO - Sync 1 DAGs
[2024-07-07T22:23:58.588+0000] {logging_mixin.py:188} INFO - [2024-07-07T22:23:58.588+0000] {dag.py:3954} INFO - Setting next_dagrun for example_nested_branch_dag to 2024-07-06 00:00:00+00:00, run_after=2024-07-07 00:00:00+00:00
[2024-07-07T22:23:58.594+0000] {processor.py:183} INFO - Processing /home/airflow/.local/lib/python3.12/site-packages/airflow/example_dags/example_nested_branch_dag.py took 0.032 seconds
[2024-07-07T22:24:28.922+0000] {processor.py:161} INFO - Started process (PID=1163) to work on /home/airflow/.local/lib/python3.12/site-packages/airflow/example_dags/example_nested_branch_dag.py
[2024-07-07T22:24:28.922+0000] {processor.py:830} INFO - Processing file /home/airflow/.local/lib/python3.12/site-packages/airflow/example_dags/example_nested_branch_dag.py for tasks to queue
[2024-07-07T22:24:28.923+0000] {logging_mixin.py:188} INFO - [2024-07-07T22:24:28.923+0000] {dagbag.py:545} INFO - Filling up the DagBag from /home/airflow/.local/lib/python3.12/site-packages/airflow/example_dags/example_nested_branch_dag.py
[2024-07-07T22:24:28.927+0000] {processor.py:840} INFO - DAG(s) 'example_nested_branch_dag' retrieved from /home/airflow/.local/lib/python3.12/site-packages/airflow/example_dags/example_nested_branch_dag.py
[2024-07-07T22:24:28.935+0000] {logging_mixin.py:188} INFO - [2024-07-07T22:24:28.935+0000] {dag.py:3096} INFO - Sync 1 DAGs
[2024-07-07T22:24:28.943+0000] {logging_mixin.py:188} INFO - [2024-07-07T22:24:28.943+0000] {dag.py:3954} INFO - Setting next_dagrun for example_nested_branch_dag to 2024-07-06 00:00:00+00:00, run_after=2024-07-07 00:00:00+00:00
[2024-07-07T22:24:28.949+0000] {processor.py:183} INFO - Processing /home/airflow/.local/lib/python3.12/site-packages/airflow/example_dags/example_nested_branch_dag.py took 0.029 seconds
[2024-07-07T22:24:59.313+0000] {processor.py:161} INFO - Started process (PID=1215) to work on /home/airflow/.local/lib/python3.12/site-packages/airflow/example_dags/example_nested_branch_dag.py
[2024-07-07T22:24:59.314+0000] {processor.py:830} INFO - Processing file /home/airflow/.local/lib/python3.12/site-packages/airflow/example_dags/example_nested_branch_dag.py for tasks to queue
[2024-07-07T22:24:59.315+0000] {logging_mixin.py:188} INFO - [2024-07-07T22:24:59.314+0000] {dagbag.py:545} INFO - Filling up the DagBag from /home/airflow/.local/lib/python3.12/site-packages/airflow/example_dags/example_nested_branch_dag.py
[2024-07-07T22:24:59.320+0000] {processor.py:840} INFO - DAG(s) 'example_nested_branch_dag' retrieved from /home/airflow/.local/lib/python3.12/site-packages/airflow/example_dags/example_nested_branch_dag.py
[2024-07-07T22:24:59.332+0000] {logging_mixin.py:188} INFO - [2024-07-07T22:24:59.332+0000] {dag.py:3096} INFO - Sync 1 DAGs
[2024-07-07T22:24:59.343+0000] {logging_mixin.py:188} INFO - [2024-07-07T22:24:59.343+0000] {dag.py:3954} INFO - Setting next_dagrun for example_nested_branch_dag to 2024-07-06 00:00:00+00:00, run_after=2024-07-07 00:00:00+00:00
[2024-07-07T22:24:59.350+0000] {processor.py:183} INFO - Processing /home/airflow/.local/lib/python3.12/site-packages/airflow/example_dags/example_nested_branch_dag.py took 0.040 seconds
[2024-07-07T22:25:29.890+0000] {processor.py:161} INFO - Started process (PID=1267) to work on /home/airflow/.local/lib/python3.12/site-packages/airflow/example_dags/example_nested_branch_dag.py
[2024-07-07T22:25:29.891+0000] {processor.py:830} INFO - Processing file /home/airflow/.local/lib/python3.12/site-packages/airflow/example_dags/example_nested_branch_dag.py for tasks to queue
[2024-07-07T22:25:29.891+0000] {logging_mixin.py:188} INFO - [2024-07-07T22:25:29.891+0000] {dagbag.py:545} INFO - Filling up the DagBag from /home/airflow/.local/lib/python3.12/site-packages/airflow/example_dags/example_nested_branch_dag.py
[2024-07-07T22:25:29.895+0000] {processor.py:840} INFO - DAG(s) 'example_nested_branch_dag' retrieved from /home/airflow/.local/lib/python3.12/site-packages/airflow/example_dags/example_nested_branch_dag.py
[2024-07-07T22:25:29.904+0000] {logging_mixin.py:188} INFO - [2024-07-07T22:25:29.904+0000] {dag.py:3096} INFO - Sync 1 DAGs
[2024-07-07T22:25:29.912+0000] {logging_mixin.py:188} INFO - [2024-07-07T22:25:29.912+0000] {dag.py:3954} INFO - Setting next_dagrun for example_nested_branch_dag to 2024-07-06 00:00:00+00:00, run_after=2024-07-07 00:00:00+00:00
[2024-07-07T22:25:29.918+0000] {processor.py:183} INFO - Processing /home/airflow/.local/lib/python3.12/site-packages/airflow/example_dags/example_nested_branch_dag.py took 0.031 seconds
[2024-07-07T22:26:00.230+0000] {processor.py:161} INFO - Started process (PID=1319) to work on /home/airflow/.local/lib/python3.12/site-packages/airflow/example_dags/example_nested_branch_dag.py
[2024-07-07T22:26:00.231+0000] {processor.py:830} INFO - Processing file /home/airflow/.local/lib/python3.12/site-packages/airflow/example_dags/example_nested_branch_dag.py for tasks to queue
[2024-07-07T22:26:00.232+0000] {logging_mixin.py:188} INFO - [2024-07-07T22:26:00.231+0000] {dagbag.py:545} INFO - Filling up the DagBag from /home/airflow/.local/lib/python3.12/site-packages/airflow/example_dags/example_nested_branch_dag.py
[2024-07-07T22:26:00.236+0000] {processor.py:840} INFO - DAG(s) 'example_nested_branch_dag' retrieved from /home/airflow/.local/lib/python3.12/site-packages/airflow/example_dags/example_nested_branch_dag.py
[2024-07-07T22:26:00.247+0000] {logging_mixin.py:188} INFO - [2024-07-07T22:26:00.247+0000] {dag.py:3096} INFO - Sync 1 DAGs
[2024-07-07T22:26:00.259+0000] {logging_mixin.py:188} INFO - [2024-07-07T22:26:00.259+0000] {dag.py:3954} INFO - Setting next_dagrun for example_nested_branch_dag to 2024-07-06 00:00:00+00:00, run_after=2024-07-07 00:00:00+00:00
[2024-07-07T22:26:00.273+0000] {processor.py:183} INFO - Processing /home/airflow/.local/lib/python3.12/site-packages/airflow/example_dags/example_nested_branch_dag.py took 0.045 seconds
[2024-07-07T22:26:30.812+0000] {processor.py:161} INFO - Started process (PID=1371) to work on /home/airflow/.local/lib/python3.12/site-packages/airflow/example_dags/example_nested_branch_dag.py
[2024-07-07T22:26:30.813+0000] {processor.py:830} INFO - Processing file /home/airflow/.local/lib/python3.12/site-packages/airflow/example_dags/example_nested_branch_dag.py for tasks to queue
[2024-07-07T22:26:30.814+0000] {logging_mixin.py:188} INFO - [2024-07-07T22:26:30.813+0000] {dagbag.py:545} INFO - Filling up the DagBag from /home/airflow/.local/lib/python3.12/site-packages/airflow/example_dags/example_nested_branch_dag.py
[2024-07-07T22:26:30.818+0000] {processor.py:840} INFO - DAG(s) 'example_nested_branch_dag' retrieved from /home/airflow/.local/lib/python3.12/site-packages/airflow/example_dags/example_nested_branch_dag.py
[2024-07-07T22:26:30.836+0000] {logging_mixin.py:188} INFO - [2024-07-07T22:26:30.835+0000] {dag.py:3096} INFO - Sync 1 DAGs
[2024-07-07T22:26:30.844+0000] {logging_mixin.py:188} INFO - [2024-07-07T22:26:30.844+0000] {dag.py:3954} INFO - Setting next_dagrun for example_nested_branch_dag to 2024-07-06 00:00:00+00:00, run_after=2024-07-07 00:00:00+00:00
[2024-07-07T22:26:30.851+0000] {processor.py:183} INFO - Processing /home/airflow/.local/lib/python3.12/site-packages/airflow/example_dags/example_nested_branch_dag.py took 0.041 seconds
[2024-07-07T22:27:01.121+0000] {processor.py:161} INFO - Started process (PID=1423) to work on /home/airflow/.local/lib/python3.12/site-packages/airflow/example_dags/example_nested_branch_dag.py
[2024-07-07T22:27:01.121+0000] {processor.py:830} INFO - Processing file /home/airflow/.local/lib/python3.12/site-packages/airflow/example_dags/example_nested_branch_dag.py for tasks to queue
[2024-07-07T22:27:01.122+0000] {logging_mixin.py:188} INFO - [2024-07-07T22:27:01.122+0000] {dagbag.py:545} INFO - Filling up the DagBag from /home/airflow/.local/lib/python3.12/site-packages/airflow/example_dags/example_nested_branch_dag.py
[2024-07-07T22:27:01.126+0000] {processor.py:840} INFO - DAG(s) 'example_nested_branch_dag' retrieved from /home/airflow/.local/lib/python3.12/site-packages/airflow/example_dags/example_nested_branch_dag.py
[2024-07-07T22:27:01.134+0000] {logging_mixin.py:188} INFO - [2024-07-07T22:27:01.134+0000] {dag.py:3096} INFO - Sync 1 DAGs
[2024-07-07T22:27:01.142+0000] {logging_mixin.py:188} INFO - [2024-07-07T22:27:01.142+0000] {dag.py:3954} INFO - Setting next_dagrun for example_nested_branch_dag to 2024-07-06 00:00:00+00:00, run_after=2024-07-07 00:00:00+00:00
[2024-07-07T22:27:01.148+0000] {processor.py:183} INFO - Processing /home/airflow/.local/lib/python3.12/site-packages/airflow/example_dags/example_nested_branch_dag.py took 0.029 seconds
[2024-07-07T22:27:31.392+0000] {processor.py:161} INFO - Started process (PID=1475) to work on /home/airflow/.local/lib/python3.12/site-packages/airflow/example_dags/example_nested_branch_dag.py
[2024-07-07T22:27:31.392+0000] {processor.py:830} INFO - Processing file /home/airflow/.local/lib/python3.12/site-packages/airflow/example_dags/example_nested_branch_dag.py for tasks to queue
[2024-07-07T22:27:31.393+0000] {logging_mixin.py:188} INFO - [2024-07-07T22:27:31.393+0000] {dagbag.py:545} INFO - Filling up the DagBag from /home/airflow/.local/lib/python3.12/site-packages/airflow/example_dags/example_nested_branch_dag.py
[2024-07-07T22:27:31.397+0000] {processor.py:840} INFO - DAG(s) 'example_nested_branch_dag' retrieved from /home/airflow/.local/lib/python3.12/site-packages/airflow/example_dags/example_nested_branch_dag.py
[2024-07-07T22:27:31.405+0000] {logging_mixin.py:188} INFO - [2024-07-07T22:27:31.405+0000] {dag.py:3096} INFO - Sync 1 DAGs
[2024-07-07T22:27:31.413+0000] {logging_mixin.py:188} INFO - [2024-07-07T22:27:31.413+0000] {dag.py:3954} INFO - Setting next_dagrun for example_nested_branch_dag to 2024-07-06 00:00:00+00:00, run_after=2024-07-07 00:00:00+00:00
[2024-07-07T22:27:31.419+0000] {processor.py:183} INFO - Processing /home/airflow/.local/lib/python3.12/site-packages/airflow/example_dags/example_nested_branch_dag.py took 0.029 seconds
[2024-07-07T22:28:01.648+0000] {processor.py:161} INFO - Started process (PID=1527) to work on /home/airflow/.local/lib/python3.12/site-packages/airflow/example_dags/example_nested_branch_dag.py
[2024-07-07T22:28:01.648+0000] {processor.py:830} INFO - Processing file /home/airflow/.local/lib/python3.12/site-packages/airflow/example_dags/example_nested_branch_dag.py for tasks to queue
[2024-07-07T22:28:01.649+0000] {logging_mixin.py:188} INFO - [2024-07-07T22:28:01.649+0000] {dagbag.py:545} INFO - Filling up the DagBag from /home/airflow/.local/lib/python3.12/site-packages/airflow/example_dags/example_nested_branch_dag.py
[2024-07-07T22:28:01.653+0000] {processor.py:840} INFO - DAG(s) 'example_nested_branch_dag' retrieved from /home/airflow/.local/lib/python3.12/site-packages/airflow/example_dags/example_nested_branch_dag.py
[2024-07-07T22:28:01.661+0000] {logging_mixin.py:188} INFO - [2024-07-07T22:28:01.661+0000] {dag.py:3096} INFO - Sync 1 DAGs
[2024-07-07T22:28:01.669+0000] {logging_mixin.py:188} INFO - [2024-07-07T22:28:01.669+0000] {dag.py:3954} INFO - Setting next_dagrun for example_nested_branch_dag to 2024-07-06 00:00:00+00:00, run_after=2024-07-07 00:00:00+00:00
[2024-07-07T22:28:01.675+0000] {processor.py:183} INFO - Processing /home/airflow/.local/lib/python3.12/site-packages/airflow/example_dags/example_nested_branch_dag.py took 0.030 seconds
[2024-07-07T22:28:31.944+0000] {processor.py:161} INFO - Started process (PID=1579) to work on /home/airflow/.local/lib/python3.12/site-packages/airflow/example_dags/example_nested_branch_dag.py
[2024-07-07T22:28:31.944+0000] {processor.py:830} INFO - Processing file /home/airflow/.local/lib/python3.12/site-packages/airflow/example_dags/example_nested_branch_dag.py for tasks to queue
[2024-07-07T22:28:31.945+0000] {logging_mixin.py:188} INFO - [2024-07-07T22:28:31.945+0000] {dagbag.py:545} INFO - Filling up the DagBag from /home/airflow/.local/lib/python3.12/site-packages/airflow/example_dags/example_nested_branch_dag.py
[2024-07-07T22:28:31.949+0000] {processor.py:840} INFO - DAG(s) 'example_nested_branch_dag' retrieved from /home/airflow/.local/lib/python3.12/site-packages/airflow/example_dags/example_nested_branch_dag.py
[2024-07-07T22:28:31.957+0000] {logging_mixin.py:188} INFO - [2024-07-07T22:28:31.957+0000] {dag.py:3096} INFO - Sync 1 DAGs
[2024-07-07T22:28:31.965+0000] {logging_mixin.py:188} INFO - [2024-07-07T22:28:31.965+0000] {dag.py:3954} INFO - Setting next_dagrun for example_nested_branch_dag to 2024-07-06 00:00:00+00:00, run_after=2024-07-07 00:00:00+00:00
[2024-07-07T22:28:31.971+0000] {processor.py:183} INFO - Processing /home/airflow/.local/lib/python3.12/site-packages/airflow/example_dags/example_nested_branch_dag.py took 0.029 seconds
[2024-07-07T22:29:02.235+0000] {processor.py:161} INFO - Started process (PID=1631) to work on /home/airflow/.local/lib/python3.12/site-packages/airflow/example_dags/example_nested_branch_dag.py
[2024-07-07T22:29:02.236+0000] {processor.py:830} INFO - Processing file /home/airflow/.local/lib/python3.12/site-packages/airflow/example_dags/example_nested_branch_dag.py for tasks to queue
[2024-07-07T22:29:02.236+0000] {logging_mixin.py:188} INFO - [2024-07-07T22:29:02.236+0000] {dagbag.py:545} INFO - Filling up the DagBag from /home/airflow/.local/lib/python3.12/site-packages/airflow/example_dags/example_nested_branch_dag.py
[2024-07-07T22:29:02.240+0000] {processor.py:840} INFO - DAG(s) 'example_nested_branch_dag' retrieved from /home/airflow/.local/lib/python3.12/site-packages/airflow/example_dags/example_nested_branch_dag.py
[2024-07-07T22:29:02.248+0000] {logging_mixin.py:188} INFO - [2024-07-07T22:29:02.248+0000] {dag.py:3096} INFO - Sync 1 DAGs
[2024-07-07T22:29:02.257+0000] {logging_mixin.py:188} INFO - [2024-07-07T22:29:02.256+0000] {dag.py:3954} INFO - Setting next_dagrun for example_nested_branch_dag to 2024-07-06 00:00:00+00:00, run_after=2024-07-07 00:00:00+00:00
[2024-07-07T22:29:02.263+0000] {processor.py:183} INFO - Processing /home/airflow/.local/lib/python3.12/site-packages/airflow/example_dags/example_nested_branch_dag.py took 0.030 seconds
[2024-07-07T22:29:32.513+0000] {processor.py:161} INFO - Started process (PID=1683) to work on /home/airflow/.local/lib/python3.12/site-packages/airflow/example_dags/example_nested_branch_dag.py
[2024-07-07T22:29:32.514+0000] {processor.py:830} INFO - Processing file /home/airflow/.local/lib/python3.12/site-packages/airflow/example_dags/example_nested_branch_dag.py for tasks to queue
[2024-07-07T22:29:32.514+0000] {logging_mixin.py:188} INFO - [2024-07-07T22:29:32.514+0000] {dagbag.py:545} INFO - Filling up the DagBag from /home/airflow/.local/lib/python3.12/site-packages/airflow/example_dags/example_nested_branch_dag.py
[2024-07-07T22:29:32.518+0000] {processor.py:840} INFO - DAG(s) 'example_nested_branch_dag' retrieved from /home/airflow/.local/lib/python3.12/site-packages/airflow/example_dags/example_nested_branch_dag.py
[2024-07-07T22:29:32.526+0000] {logging_mixin.py:188} INFO - [2024-07-07T22:29:32.526+0000] {dag.py:3096} INFO - Sync 1 DAGs
[2024-07-07T22:29:32.535+0000] {logging_mixin.py:188} INFO - [2024-07-07T22:29:32.534+0000] {dag.py:3954} INFO - Setting next_dagrun for example_nested_branch_dag to 2024-07-06 00:00:00+00:00, run_after=2024-07-07 00:00:00+00:00
[2024-07-07T22:29:32.541+0000] {processor.py:183} INFO - Processing /home/airflow/.local/lib/python3.12/site-packages/airflow/example_dags/example_nested_branch_dag.py took 0.030 seconds
[2024-07-07T22:30:03.015+0000] {processor.py:161} INFO - Started process (PID=1735) to work on /home/airflow/.local/lib/python3.12/site-packages/airflow/example_dags/example_nested_branch_dag.py
[2024-07-07T22:30:03.016+0000] {processor.py:830} INFO - Processing file /home/airflow/.local/lib/python3.12/site-packages/airflow/example_dags/example_nested_branch_dag.py for tasks to queue
[2024-07-07T22:30:03.016+0000] {logging_mixin.py:188} INFO - [2024-07-07T22:30:03.016+0000] {dagbag.py:545} INFO - Filling up the DagBag from /home/airflow/.local/lib/python3.12/site-packages/airflow/example_dags/example_nested_branch_dag.py
[2024-07-07T22:30:03.020+0000] {processor.py:840} INFO - DAG(s) 'example_nested_branch_dag' retrieved from /home/airflow/.local/lib/python3.12/site-packages/airflow/example_dags/example_nested_branch_dag.py
[2024-07-07T22:30:03.028+0000] {logging_mixin.py:188} INFO - [2024-07-07T22:30:03.028+0000] {dag.py:3096} INFO - Sync 1 DAGs
[2024-07-07T22:30:03.036+0000] {logging_mixin.py:188} INFO - [2024-07-07T22:30:03.036+0000] {dag.py:3954} INFO - Setting next_dagrun for example_nested_branch_dag to 2024-07-06 00:00:00+00:00, run_after=2024-07-07 00:00:00+00:00
[2024-07-07T22:30:03.042+0000] {processor.py:183} INFO - Processing /home/airflow/.local/lib/python3.12/site-packages/airflow/example_dags/example_nested_branch_dag.py took 0.029 seconds
[2024-07-07T22:30:33.549+0000] {processor.py:161} INFO - Started process (PID=1787) to work on /home/airflow/.local/lib/python3.12/site-packages/airflow/example_dags/example_nested_branch_dag.py
[2024-07-07T22:30:33.549+0000] {processor.py:830} INFO - Processing file /home/airflow/.local/lib/python3.12/site-packages/airflow/example_dags/example_nested_branch_dag.py for tasks to queue
[2024-07-07T22:30:33.550+0000] {logging_mixin.py:188} INFO - [2024-07-07T22:30:33.550+0000] {dagbag.py:545} INFO - Filling up the DagBag from /home/airflow/.local/lib/python3.12/site-packages/airflow/example_dags/example_nested_branch_dag.py
[2024-07-07T22:30:33.554+0000] {processor.py:840} INFO - DAG(s) 'example_nested_branch_dag' retrieved from /home/airflow/.local/lib/python3.12/site-packages/airflow/example_dags/example_nested_branch_dag.py
[2024-07-07T22:30:33.562+0000] {logging_mixin.py:188} INFO - [2024-07-07T22:30:33.562+0000] {dag.py:3096} INFO - Sync 1 DAGs
[2024-07-07T22:30:33.570+0000] {logging_mixin.py:188} INFO - [2024-07-07T22:30:33.570+0000] {dag.py:3954} INFO - Setting next_dagrun for example_nested_branch_dag to 2024-07-06 00:00:00+00:00, run_after=2024-07-07 00:00:00+00:00
[2024-07-07T22:30:33.575+0000] {processor.py:183} INFO - Processing /home/airflow/.local/lib/python3.12/site-packages/airflow/example_dags/example_nested_branch_dag.py took 0.029 seconds
[2024-07-07T22:31:04.493+0000] {processor.py:161} INFO - Started process (PID=1839) to work on /home/airflow/.local/lib/python3.12/site-packages/airflow/example_dags/example_nested_branch_dag.py
[2024-07-07T22:31:04.494+0000] {processor.py:830} INFO - Processing file /home/airflow/.local/lib/python3.12/site-packages/airflow/example_dags/example_nested_branch_dag.py for tasks to queue
[2024-07-07T22:31:04.494+0000] {logging_mixin.py:188} INFO - [2024-07-07T22:31:04.494+0000] {dagbag.py:545} INFO - Filling up the DagBag from /home/airflow/.local/lib/python3.12/site-packages/airflow/example_dags/example_nested_branch_dag.py
[2024-07-07T22:31:04.499+0000] {processor.py:840} INFO - DAG(s) 'example_nested_branch_dag' retrieved from /home/airflow/.local/lib/python3.12/site-packages/airflow/example_dags/example_nested_branch_dag.py
[2024-07-07T22:31:04.511+0000] {logging_mixin.py:188} INFO - [2024-07-07T22:31:04.510+0000] {dag.py:3096} INFO - Sync 1 DAGs
[2024-07-07T22:31:04.531+0000] {logging_mixin.py:188} INFO - [2024-07-07T22:31:04.531+0000] {dag.py:3954} INFO - Setting next_dagrun for example_nested_branch_dag to 2024-07-06 00:00:00+00:00, run_after=2024-07-07 00:00:00+00:00
[2024-07-07T22:31:04.546+0000] {processor.py:183} INFO - Processing /home/airflow/.local/lib/python3.12/site-packages/airflow/example_dags/example_nested_branch_dag.py took 0.055 seconds
[2024-07-07T22:31:35.181+0000] {processor.py:161} INFO - Started process (PID=1891) to work on /home/airflow/.local/lib/python3.12/site-packages/airflow/example_dags/example_nested_branch_dag.py
[2024-07-07T22:31:35.182+0000] {processor.py:830} INFO - Processing file /home/airflow/.local/lib/python3.12/site-packages/airflow/example_dags/example_nested_branch_dag.py for tasks to queue
[2024-07-07T22:31:35.182+0000] {logging_mixin.py:188} INFO - [2024-07-07T22:31:35.182+0000] {dagbag.py:545} INFO - Filling up the DagBag from /home/airflow/.local/lib/python3.12/site-packages/airflow/example_dags/example_nested_branch_dag.py
[2024-07-07T22:31:35.186+0000] {processor.py:840} INFO - DAG(s) 'example_nested_branch_dag' retrieved from /home/airflow/.local/lib/python3.12/site-packages/airflow/example_dags/example_nested_branch_dag.py
[2024-07-07T22:31:35.195+0000] {logging_mixin.py:188} INFO - [2024-07-07T22:31:35.195+0000] {dag.py:3096} INFO - Sync 1 DAGs
[2024-07-07T22:31:35.265+0000] {logging_mixin.py:188} INFO - [2024-07-07T22:31:35.265+0000] {dag.py:3954} INFO - Setting next_dagrun for example_nested_branch_dag to 2024-07-06 00:00:00+00:00, run_after=2024-07-07 00:00:00+00:00
[2024-07-07T22:31:35.271+0000] {processor.py:183} INFO - Processing /home/airflow/.local/lib/python3.12/site-packages/airflow/example_dags/example_nested_branch_dag.py took 0.091 seconds
[2024-07-07T22:32:05.972+0000] {processor.py:161} INFO - Started process (PID=1943) to work on /home/airflow/.local/lib/python3.12/site-packages/airflow/example_dags/example_nested_branch_dag.py
[2024-07-07T22:32:05.972+0000] {processor.py:830} INFO - Processing file /home/airflow/.local/lib/python3.12/site-packages/airflow/example_dags/example_nested_branch_dag.py for tasks to queue
[2024-07-07T22:32:05.973+0000] {logging_mixin.py:188} INFO - [2024-07-07T22:32:05.973+0000] {dagbag.py:545} INFO - Filling up the DagBag from /home/airflow/.local/lib/python3.12/site-packages/airflow/example_dags/example_nested_branch_dag.py
[2024-07-07T22:32:05.977+0000] {processor.py:840} INFO - DAG(s) 'example_nested_branch_dag' retrieved from /home/airflow/.local/lib/python3.12/site-packages/airflow/example_dags/example_nested_branch_dag.py
[2024-07-07T22:32:05.986+0000] {logging_mixin.py:188} INFO - [2024-07-07T22:32:05.985+0000] {dag.py:3096} INFO - Sync 1 DAGs
[2024-07-07T22:32:05.994+0000] {logging_mixin.py:188} INFO - [2024-07-07T22:32:05.994+0000] {dag.py:3954} INFO - Setting next_dagrun for example_nested_branch_dag to 2024-07-06 00:00:00+00:00, run_after=2024-07-07 00:00:00+00:00
[2024-07-07T22:32:06.068+0000] {processor.py:183} INFO - Processing /home/airflow/.local/lib/python3.12/site-packages/airflow/example_dags/example_nested_branch_dag.py took 0.098 seconds
[2024-07-07T22:32:36.645+0000] {processor.py:161} INFO - Started process (PID=1995) to work on /home/airflow/.local/lib/python3.12/site-packages/airflow/example_dags/example_nested_branch_dag.py
[2024-07-07T22:32:36.645+0000] {processor.py:830} INFO - Processing file /home/airflow/.local/lib/python3.12/site-packages/airflow/example_dags/example_nested_branch_dag.py for tasks to queue
[2024-07-07T22:32:36.646+0000] {logging_mixin.py:188} INFO - [2024-07-07T22:32:36.646+0000] {dagbag.py:545} INFO - Filling up the DagBag from /home/airflow/.local/lib/python3.12/site-packages/airflow/example_dags/example_nested_branch_dag.py
[2024-07-07T22:32:36.651+0000] {processor.py:840} INFO - DAG(s) 'example_nested_branch_dag' retrieved from /home/airflow/.local/lib/python3.12/site-packages/airflow/example_dags/example_nested_branch_dag.py
[2024-07-07T22:32:36.663+0000] {logging_mixin.py:188} INFO - [2024-07-07T22:32:36.663+0000] {dag.py:3096} INFO - Sync 1 DAGs
[2024-07-07T22:32:36.673+0000] {logging_mixin.py:188} INFO - [2024-07-07T22:32:36.672+0000] {dag.py:3954} INFO - Setting next_dagrun for example_nested_branch_dag to 2024-07-06 00:00:00+00:00, run_after=2024-07-07 00:00:00+00:00
[2024-07-07T22:32:36.681+0000] {processor.py:183} INFO - Processing /home/airflow/.local/lib/python3.12/site-packages/airflow/example_dags/example_nested_branch_dag.py took 0.039 seconds
[2024-07-07T22:33:07.116+0000] {processor.py:161} INFO - Started process (PID=2047) to work on /home/airflow/.local/lib/python3.12/site-packages/airflow/example_dags/example_nested_branch_dag.py
[2024-07-07T22:33:07.116+0000] {processor.py:830} INFO - Processing file /home/airflow/.local/lib/python3.12/site-packages/airflow/example_dags/example_nested_branch_dag.py for tasks to queue
[2024-07-07T22:33:07.117+0000] {logging_mixin.py:188} INFO - [2024-07-07T22:33:07.117+0000] {dagbag.py:545} INFO - Filling up the DagBag from /home/airflow/.local/lib/python3.12/site-packages/airflow/example_dags/example_nested_branch_dag.py
[2024-07-07T22:33:07.122+0000] {processor.py:840} INFO - DAG(s) 'example_nested_branch_dag' retrieved from /home/airflow/.local/lib/python3.12/site-packages/airflow/example_dags/example_nested_branch_dag.py
[2024-07-07T22:33:07.133+0000] {logging_mixin.py:188} INFO - [2024-07-07T22:33:07.133+0000] {dag.py:3096} INFO - Sync 1 DAGs
[2024-07-07T22:33:07.143+0000] {logging_mixin.py:188} INFO - [2024-07-07T22:33:07.143+0000] {dag.py:3954} INFO - Setting next_dagrun for example_nested_branch_dag to 2024-07-06 00:00:00+00:00, run_after=2024-07-07 00:00:00+00:00
[2024-07-07T22:33:07.149+0000] {processor.py:183} INFO - Processing /home/airflow/.local/lib/python3.12/site-packages/airflow/example_dags/example_nested_branch_dag.py took 0.036 seconds
[2024-07-07T22:33:37.607+0000] {processor.py:161} INFO - Started process (PID=2099) to work on /home/airflow/.local/lib/python3.12/site-packages/airflow/example_dags/example_nested_branch_dag.py
[2024-07-07T22:33:37.608+0000] {processor.py:830} INFO - Processing file /home/airflow/.local/lib/python3.12/site-packages/airflow/example_dags/example_nested_branch_dag.py for tasks to queue
[2024-07-07T22:33:37.608+0000] {logging_mixin.py:188} INFO - [2024-07-07T22:33:37.608+0000] {dagbag.py:545} INFO - Filling up the DagBag from /home/airflow/.local/lib/python3.12/site-packages/airflow/example_dags/example_nested_branch_dag.py
[2024-07-07T22:33:37.612+0000] {processor.py:840} INFO - DAG(s) 'example_nested_branch_dag' retrieved from /home/airflow/.local/lib/python3.12/site-packages/airflow/example_dags/example_nested_branch_dag.py
[2024-07-07T22:33:37.620+0000] {logging_mixin.py:188} INFO - [2024-07-07T22:33:37.620+0000] {dag.py:3096} INFO - Sync 1 DAGs
[2024-07-07T22:33:37.628+0000] {logging_mixin.py:188} INFO - [2024-07-07T22:33:37.628+0000] {dag.py:3954} INFO - Setting next_dagrun for example_nested_branch_dag to 2024-07-06 00:00:00+00:00, run_after=2024-07-07 00:00:00+00:00
[2024-07-07T22:33:37.634+0000] {processor.py:183} INFO - Processing /home/airflow/.local/lib/python3.12/site-packages/airflow/example_dags/example_nested_branch_dag.py took 0.029 seconds
