[2024-07-07T22:13:09.523+0000] {processor.py:161} INFO - Started process (PID=70) to work on /home/airflow/.local/lib/python3.12/site-packages/airflow/example_dags/example_external_task_marker_dag.py
[2024-07-07T22:13:09.524+0000] {processor.py:830} INFO - Processing file /home/airflow/.local/lib/python3.12/site-packages/airflow/example_dags/example_external_task_marker_dag.py for tasks to queue
[2024-07-07T22:13:09.525+0000] {logging_mixin.py:188} INFO - [2024-07-07T22:13:09.525+0000] {dagbag.py:545} INFO - Filling up the DagBag from /home/airflow/.local/lib/python3.12/site-packages/airflow/example_dags/example_external_task_marker_dag.py
[2024-07-07T22:13:09.529+0000] {processor.py:840} INFO - DAG(s) 'example_external_task_marker_parent', 'example_external_task_marker_child' retrieved from /home/airflow/.local/lib/python3.12/site-packages/airflow/example_dags/example_external_task_marker_dag.py
[2024-07-07T22:13:09.570+0000] {logging_mixin.py:188} INFO - [2024-07-07T22:13:09.569+0000] {override.py:1829} INFO - Created Permission View: can edit on DAG:example_external_task_marker_parent
[2024-07-07T22:13:09.573+0000] {logging_mixin.py:188} INFO - [2024-07-07T22:13:09.573+0000] {override.py:1829} INFO - Created Permission View: can read on DAG:example_external_task_marker_parent
[2024-07-07T22:13:09.575+0000] {logging_mixin.py:188} INFO - [2024-07-07T22:13:09.575+0000] {override.py:1829} INFO - Created Permission View: can delete on DAG:example_external_task_marker_parent
[2024-07-07T22:13:09.578+0000] {logging_mixin.py:188} INFO - [2024-07-07T22:13:09.578+0000] {override.py:1829} INFO - Created Permission View: can edit on DAG:example_external_task_marker_child
[2024-07-07T22:13:09.581+0000] {logging_mixin.py:188} INFO - [2024-07-07T22:13:09.581+0000] {override.py:1829} INFO - Created Permission View: can read on DAG:example_external_task_marker_child
[2024-07-07T22:13:09.582+0000] {logging_mixin.py:188} INFO - [2024-07-07T22:13:09.582+0000] {override.py:1829} INFO - Created Permission View: can delete on DAG:example_external_task_marker_child
[2024-07-07T22:13:09.583+0000] {logging_mixin.py:188} INFO - [2024-07-07T22:13:09.582+0000] {dag.py:3096} INFO - Sync 2 DAGs
[2024-07-07T22:13:09.587+0000] {logging_mixin.py:188} INFO - [2024-07-07T22:13:09.587+0000] {dag.py:3118} INFO - Creating ORM DAG for example_external_task_marker_parent
[2024-07-07T22:13:09.587+0000] {logging_mixin.py:188} INFO - [2024-07-07T22:13:09.587+0000] {dag.py:3118} INFO - Creating ORM DAG for example_external_task_marker_child
[2024-07-07T22:13:09.587+0000] {logging_mixin.py:188} INFO - [2024-07-07T22:13:09.587+0000] {dag.py:3954} INFO - Setting next_dagrun for example_external_task_marker_child to None, run_after=None
[2024-07-07T22:13:09.588+0000] {logging_mixin.py:188} INFO - [2024-07-07T22:13:09.587+0000] {dag.py:3954} INFO - Setting next_dagrun for example_external_task_marker_parent to None, run_after=None
[2024-07-07T22:13:09.593+0000] {processor.py:183} INFO - Processing /home/airflow/.local/lib/python3.12/site-packages/airflow/example_dags/example_external_task_marker_dag.py took 0.073 seconds
[2024-07-07T22:13:53.989+0000] {processor.py:161} INFO - Started process (PID=70) to work on /home/airflow/.local/lib/python3.12/site-packages/airflow/example_dags/example_external_task_marker_dag.py
[2024-07-07T22:13:53.990+0000] {processor.py:830} INFO - Processing file /home/airflow/.local/lib/python3.12/site-packages/airflow/example_dags/example_external_task_marker_dag.py for tasks to queue
[2024-07-07T22:13:53.992+0000] {logging_mixin.py:188} INFO - [2024-07-07T22:13:53.991+0000] {dagbag.py:545} INFO - Filling up the DagBag from /home/airflow/.local/lib/python3.12/site-packages/airflow/example_dags/example_external_task_marker_dag.py
[2024-07-07T22:13:53.995+0000] {processor.py:840} INFO - DAG(s) 'example_external_task_marker_parent', 'example_external_task_marker_child' retrieved from /home/airflow/.local/lib/python3.12/site-packages/airflow/example_dags/example_external_task_marker_dag.py
[2024-07-07T22:13:54.006+0000] {logging_mixin.py:188} INFO - [2024-07-07T22:13:54.006+0000] {dag.py:3096} INFO - Sync 2 DAGs
[2024-07-07T22:13:54.015+0000] {logging_mixin.py:188} INFO - [2024-07-07T22:13:54.015+0000] {dag.py:3954} INFO - Setting next_dagrun for example_external_task_marker_child to None, run_after=None
[2024-07-07T22:13:54.018+0000] {logging_mixin.py:188} INFO - [2024-07-07T22:13:54.018+0000] {dag.py:3954} INFO - Setting next_dagrun for example_external_task_marker_parent to None, run_after=None
[2024-07-07T22:13:54.036+0000] {processor.py:183} INFO - Processing /home/airflow/.local/lib/python3.12/site-packages/airflow/example_dags/example_external_task_marker_dag.py took 0.049 seconds
[2024-07-07T22:14:24.053+0000] {processor.py:161} INFO - Started process (PID=122) to work on /home/airflow/.local/lib/python3.12/site-packages/airflow/example_dags/example_external_task_marker_dag.py
[2024-07-07T22:14:24.053+0000] {processor.py:830} INFO - Processing file /home/airflow/.local/lib/python3.12/site-packages/airflow/example_dags/example_external_task_marker_dag.py for tasks to queue
[2024-07-07T22:14:24.054+0000] {logging_mixin.py:188} INFO - [2024-07-07T22:14:24.054+0000] {dagbag.py:545} INFO - Filling up the DagBag from /home/airflow/.local/lib/python3.12/site-packages/airflow/example_dags/example_external_task_marker_dag.py
[2024-07-07T22:14:24.056+0000] {processor.py:840} INFO - DAG(s) 'example_external_task_marker_parent', 'example_external_task_marker_child' retrieved from /home/airflow/.local/lib/python3.12/site-packages/airflow/example_dags/example_external_task_marker_dag.py
[2024-07-07T22:14:24.093+0000] {logging_mixin.py:188} INFO - [2024-07-07T22:14:24.093+0000] {dag.py:3096} INFO - Sync 2 DAGs
[2024-07-07T22:14:24.096+0000] {logging_mixin.py:188} INFO - [2024-07-07T22:14:24.096+0000] {dag.py:3954} INFO - Setting next_dagrun for example_external_task_marker_child to None, run_after=None
[2024-07-07T22:14:24.097+0000] {logging_mixin.py:188} INFO - [2024-07-07T22:14:24.097+0000] {dag.py:3954} INFO - Setting next_dagrun for example_external_task_marker_parent to None, run_after=None
[2024-07-07T22:14:24.103+0000] {processor.py:183} INFO - Processing /home/airflow/.local/lib/python3.12/site-packages/airflow/example_dags/example_external_task_marker_dag.py took 0.052 seconds
[2024-07-07T22:14:54.815+0000] {processor.py:161} INFO - Started process (PID=174) to work on /home/airflow/.local/lib/python3.12/site-packages/airflow/example_dags/example_external_task_marker_dag.py
[2024-07-07T22:14:54.815+0000] {processor.py:830} INFO - Processing file /home/airflow/.local/lib/python3.12/site-packages/airflow/example_dags/example_external_task_marker_dag.py for tasks to queue
[2024-07-07T22:14:54.816+0000] {logging_mixin.py:188} INFO - [2024-07-07T22:14:54.816+0000] {dagbag.py:545} INFO - Filling up the DagBag from /home/airflow/.local/lib/python3.12/site-packages/airflow/example_dags/example_external_task_marker_dag.py
[2024-07-07T22:14:54.818+0000] {processor.py:840} INFO - DAG(s) 'example_external_task_marker_parent', 'example_external_task_marker_child' retrieved from /home/airflow/.local/lib/python3.12/site-packages/airflow/example_dags/example_external_task_marker_dag.py
[2024-07-07T22:14:54.826+0000] {logging_mixin.py:188} INFO - [2024-07-07T22:14:54.826+0000] {dag.py:3096} INFO - Sync 2 DAGs
[2024-07-07T22:14:54.831+0000] {logging_mixin.py:188} INFO - [2024-07-07T22:14:54.831+0000] {dag.py:3954} INFO - Setting next_dagrun for example_external_task_marker_child to None, run_after=None
[2024-07-07T22:14:54.832+0000] {logging_mixin.py:188} INFO - [2024-07-07T22:14:54.832+0000] {dag.py:3954} INFO - Setting next_dagrun for example_external_task_marker_parent to None, run_after=None
[2024-07-07T22:14:54.838+0000] {processor.py:183} INFO - Processing /home/airflow/.local/lib/python3.12/site-packages/airflow/example_dags/example_external_task_marker_dag.py took 0.025 seconds
[2024-07-07T22:15:25.060+0000] {processor.py:161} INFO - Started process (PID=226) to work on /home/airflow/.local/lib/python3.12/site-packages/airflow/example_dags/example_external_task_marker_dag.py
[2024-07-07T22:15:25.060+0000] {processor.py:830} INFO - Processing file /home/airflow/.local/lib/python3.12/site-packages/airflow/example_dags/example_external_task_marker_dag.py for tasks to queue
[2024-07-07T22:15:25.061+0000] {logging_mixin.py:188} INFO - [2024-07-07T22:15:25.060+0000] {dagbag.py:545} INFO - Filling up the DagBag from /home/airflow/.local/lib/python3.12/site-packages/airflow/example_dags/example_external_task_marker_dag.py
[2024-07-07T22:15:25.063+0000] {processor.py:840} INFO - DAG(s) 'example_external_task_marker_parent', 'example_external_task_marker_child' retrieved from /home/airflow/.local/lib/python3.12/site-packages/airflow/example_dags/example_external_task_marker_dag.py
[2024-07-07T22:15:25.071+0000] {logging_mixin.py:188} INFO - [2024-07-07T22:15:25.071+0000] {dag.py:3096} INFO - Sync 2 DAGs
[2024-07-07T22:15:25.075+0000] {logging_mixin.py:188} INFO - [2024-07-07T22:15:25.075+0000] {dag.py:3954} INFO - Setting next_dagrun for example_external_task_marker_child to None, run_after=None
[2024-07-07T22:15:25.077+0000] {logging_mixin.py:188} INFO - [2024-07-07T22:15:25.077+0000] {dag.py:3954} INFO - Setting next_dagrun for example_external_task_marker_parent to None, run_after=None
[2024-07-07T22:15:25.082+0000] {processor.py:183} INFO - Processing /home/airflow/.local/lib/python3.12/site-packages/airflow/example_dags/example_external_task_marker_dag.py took 0.024 seconds
[2024-07-07T22:15:55.318+0000] {processor.py:161} INFO - Started process (PID=291) to work on /home/airflow/.local/lib/python3.12/site-packages/airflow/example_dags/example_external_task_marker_dag.py
[2024-07-07T22:15:55.319+0000] {processor.py:830} INFO - Processing file /home/airflow/.local/lib/python3.12/site-packages/airflow/example_dags/example_external_task_marker_dag.py for tasks to queue
[2024-07-07T22:15:55.319+0000] {logging_mixin.py:188} INFO - [2024-07-07T22:15:55.319+0000] {dagbag.py:545} INFO - Filling up the DagBag from /home/airflow/.local/lib/python3.12/site-packages/airflow/example_dags/example_external_task_marker_dag.py
[2024-07-07T22:15:55.322+0000] {processor.py:840} INFO - DAG(s) 'example_external_task_marker_parent', 'example_external_task_marker_child' retrieved from /home/airflow/.local/lib/python3.12/site-packages/airflow/example_dags/example_external_task_marker_dag.py
[2024-07-07T22:15:55.330+0000] {logging_mixin.py:188} INFO - [2024-07-07T22:15:55.330+0000] {dag.py:3096} INFO - Sync 2 DAGs
[2024-07-07T22:15:55.334+0000] {logging_mixin.py:188} INFO - [2024-07-07T22:15:55.334+0000] {dag.py:3954} INFO - Setting next_dagrun for example_external_task_marker_child to None, run_after=None
[2024-07-07T22:15:55.336+0000] {logging_mixin.py:188} INFO - [2024-07-07T22:15:55.336+0000] {dag.py:3954} INFO - Setting next_dagrun for example_external_task_marker_parent to None, run_after=None
[2024-07-07T22:15:55.341+0000] {processor.py:183} INFO - Processing /home/airflow/.local/lib/python3.12/site-packages/airflow/example_dags/example_external_task_marker_dag.py took 0.024 seconds
[2024-07-07T22:16:25.538+0000] {processor.py:161} INFO - Started process (PID=350) to work on /home/airflow/.local/lib/python3.12/site-packages/airflow/example_dags/example_external_task_marker_dag.py
[2024-07-07T22:16:25.538+0000] {processor.py:830} INFO - Processing file /home/airflow/.local/lib/python3.12/site-packages/airflow/example_dags/example_external_task_marker_dag.py for tasks to queue
[2024-07-07T22:16:25.539+0000] {logging_mixin.py:188} INFO - [2024-07-07T22:16:25.539+0000] {dagbag.py:545} INFO - Filling up the DagBag from /home/airflow/.local/lib/python3.12/site-packages/airflow/example_dags/example_external_task_marker_dag.py
[2024-07-07T22:16:25.542+0000] {processor.py:840} INFO - DAG(s) 'example_external_task_marker_child', 'example_external_task_marker_parent' retrieved from /home/airflow/.local/lib/python3.12/site-packages/airflow/example_dags/example_external_task_marker_dag.py
[2024-07-07T22:16:25.550+0000] {logging_mixin.py:188} INFO - [2024-07-07T22:16:25.550+0000] {dag.py:3096} INFO - Sync 2 DAGs
[2024-07-07T22:16:25.555+0000] {logging_mixin.py:188} INFO - [2024-07-07T22:16:25.555+0000] {dag.py:3954} INFO - Setting next_dagrun for example_external_task_marker_child to None, run_after=None
[2024-07-07T22:16:25.556+0000] {logging_mixin.py:188} INFO - [2024-07-07T22:16:25.556+0000] {dag.py:3954} INFO - Setting next_dagrun for example_external_task_marker_parent to None, run_after=None
[2024-07-07T22:16:25.562+0000] {processor.py:183} INFO - Processing /home/airflow/.local/lib/python3.12/site-packages/airflow/example_dags/example_external_task_marker_dag.py took 0.026 seconds
[2024-07-07T22:16:55.755+0000] {processor.py:161} INFO - Started process (PID=416) to work on /home/airflow/.local/lib/python3.12/site-packages/airflow/example_dags/example_external_task_marker_dag.py
[2024-07-07T22:16:55.756+0000] {processor.py:830} INFO - Processing file /home/airflow/.local/lib/python3.12/site-packages/airflow/example_dags/example_external_task_marker_dag.py for tasks to queue
[2024-07-07T22:16:55.756+0000] {logging_mixin.py:188} INFO - [2024-07-07T22:16:55.756+0000] {dagbag.py:545} INFO - Filling up the DagBag from /home/airflow/.local/lib/python3.12/site-packages/airflow/example_dags/example_external_task_marker_dag.py
[2024-07-07T22:16:55.758+0000] {processor.py:840} INFO - DAG(s) 'example_external_task_marker_child', 'example_external_task_marker_parent' retrieved from /home/airflow/.local/lib/python3.12/site-packages/airflow/example_dags/example_external_task_marker_dag.py
[2024-07-07T22:16:55.767+0000] {logging_mixin.py:188} INFO - [2024-07-07T22:16:55.767+0000] {dag.py:3096} INFO - Sync 2 DAGs
[2024-07-07T22:16:55.771+0000] {logging_mixin.py:188} INFO - [2024-07-07T22:16:55.771+0000] {dag.py:3954} INFO - Setting next_dagrun for example_external_task_marker_child to None, run_after=None
[2024-07-07T22:16:55.773+0000] {logging_mixin.py:188} INFO - [2024-07-07T22:16:55.773+0000] {dag.py:3954} INFO - Setting next_dagrun for example_external_task_marker_parent to None, run_after=None
[2024-07-07T22:16:55.778+0000] {processor.py:183} INFO - Processing /home/airflow/.local/lib/python3.12/site-packages/airflow/example_dags/example_external_task_marker_dag.py took 0.024 seconds
[2024-07-07T22:17:26.045+0000] {processor.py:161} INFO - Started process (PID=469) to work on /home/airflow/.local/lib/python3.12/site-packages/airflow/example_dags/example_external_task_marker_dag.py
[2024-07-07T22:17:26.045+0000] {processor.py:830} INFO - Processing file /home/airflow/.local/lib/python3.12/site-packages/airflow/example_dags/example_external_task_marker_dag.py for tasks to queue
[2024-07-07T22:17:26.046+0000] {logging_mixin.py:188} INFO - [2024-07-07T22:17:26.046+0000] {dagbag.py:545} INFO - Filling up the DagBag from /home/airflow/.local/lib/python3.12/site-packages/airflow/example_dags/example_external_task_marker_dag.py
[2024-07-07T22:17:26.048+0000] {processor.py:840} INFO - DAG(s) 'example_external_task_marker_child', 'example_external_task_marker_parent' retrieved from /home/airflow/.local/lib/python3.12/site-packages/airflow/example_dags/example_external_task_marker_dag.py
[2024-07-07T22:17:26.058+0000] {logging_mixin.py:188} INFO - [2024-07-07T22:17:26.057+0000] {dag.py:3096} INFO - Sync 2 DAGs
[2024-07-07T22:17:26.062+0000] {logging_mixin.py:188} INFO - [2024-07-07T22:17:26.062+0000] {dag.py:3954} INFO - Setting next_dagrun for example_external_task_marker_child to None, run_after=None
[2024-07-07T22:17:26.063+0000] {logging_mixin.py:188} INFO - [2024-07-07T22:17:26.063+0000] {dag.py:3954} INFO - Setting next_dagrun for example_external_task_marker_parent to None, run_after=None
[2024-07-07T22:17:26.068+0000] {processor.py:183} INFO - Processing /home/airflow/.local/lib/python3.12/site-packages/airflow/example_dags/example_external_task_marker_dag.py took 0.026 seconds
[2024-07-07T22:17:56.422+0000] {processor.py:161} INFO - Started process (PID=523) to work on /home/airflow/.local/lib/python3.12/site-packages/airflow/example_dags/example_external_task_marker_dag.py
[2024-07-07T22:17:56.422+0000] {processor.py:830} INFO - Processing file /home/airflow/.local/lib/python3.12/site-packages/airflow/example_dags/example_external_task_marker_dag.py for tasks to queue
[2024-07-07T22:17:56.423+0000] {logging_mixin.py:188} INFO - [2024-07-07T22:17:56.423+0000] {dagbag.py:545} INFO - Filling up the DagBag from /home/airflow/.local/lib/python3.12/site-packages/airflow/example_dags/example_external_task_marker_dag.py
[2024-07-07T22:17:56.426+0000] {processor.py:840} INFO - DAG(s) 'example_external_task_marker_parent', 'example_external_task_marker_child' retrieved from /home/airflow/.local/lib/python3.12/site-packages/airflow/example_dags/example_external_task_marker_dag.py
[2024-07-07T22:17:56.438+0000] {logging_mixin.py:188} INFO - [2024-07-07T22:17:56.438+0000] {dag.py:3096} INFO - Sync 2 DAGs
[2024-07-07T22:17:56.444+0000] {logging_mixin.py:188} INFO - [2024-07-07T22:17:56.443+0000] {dag.py:3954} INFO - Setting next_dagrun for example_external_task_marker_child to None, run_after=None
[2024-07-07T22:17:56.445+0000] {logging_mixin.py:188} INFO - [2024-07-07T22:17:56.445+0000] {dag.py:3954} INFO - Setting next_dagrun for example_external_task_marker_parent to None, run_after=None
[2024-07-07T22:17:56.451+0000] {processor.py:183} INFO - Processing /home/airflow/.local/lib/python3.12/site-packages/airflow/example_dags/example_external_task_marker_dag.py took 0.032 seconds
[2024-07-07T22:18:26.843+0000] {processor.py:161} INFO - Started process (PID=575) to work on /home/airflow/.local/lib/python3.12/site-packages/airflow/example_dags/example_external_task_marker_dag.py
[2024-07-07T22:18:26.843+0000] {processor.py:830} INFO - Processing file /home/airflow/.local/lib/python3.12/site-packages/airflow/example_dags/example_external_task_marker_dag.py for tasks to queue
[2024-07-07T22:18:26.844+0000] {logging_mixin.py:188} INFO - [2024-07-07T22:18:26.844+0000] {dagbag.py:545} INFO - Filling up the DagBag from /home/airflow/.local/lib/python3.12/site-packages/airflow/example_dags/example_external_task_marker_dag.py
[2024-07-07T22:18:26.846+0000] {processor.py:840} INFO - DAG(s) 'example_external_task_marker_child', 'example_external_task_marker_parent' retrieved from /home/airflow/.local/lib/python3.12/site-packages/airflow/example_dags/example_external_task_marker_dag.py
[2024-07-07T22:18:26.854+0000] {logging_mixin.py:188} INFO - [2024-07-07T22:18:26.854+0000] {dag.py:3096} INFO - Sync 2 DAGs
[2024-07-07T22:18:26.858+0000] {logging_mixin.py:188} INFO - [2024-07-07T22:18:26.858+0000] {dag.py:3954} INFO - Setting next_dagrun for example_external_task_marker_child to None, run_after=None
[2024-07-07T22:18:26.859+0000] {logging_mixin.py:188} INFO - [2024-07-07T22:18:26.859+0000] {dag.py:3954} INFO - Setting next_dagrun for example_external_task_marker_parent to None, run_after=None
[2024-07-07T22:18:26.865+0000] {processor.py:183} INFO - Processing /home/airflow/.local/lib/python3.12/site-packages/airflow/example_dags/example_external_task_marker_dag.py took 0.024 seconds
[2024-07-07T22:18:57.155+0000] {processor.py:161} INFO - Started process (PID=627) to work on /home/airflow/.local/lib/python3.12/site-packages/airflow/example_dags/example_external_task_marker_dag.py
[2024-07-07T22:18:57.155+0000] {processor.py:830} INFO - Processing file /home/airflow/.local/lib/python3.12/site-packages/airflow/example_dags/example_external_task_marker_dag.py for tasks to queue
[2024-07-07T22:18:57.156+0000] {logging_mixin.py:188} INFO - [2024-07-07T22:18:57.156+0000] {dagbag.py:545} INFO - Filling up the DagBag from /home/airflow/.local/lib/python3.12/site-packages/airflow/example_dags/example_external_task_marker_dag.py
[2024-07-07T22:18:57.158+0000] {processor.py:840} INFO - DAG(s) 'example_external_task_marker_parent', 'example_external_task_marker_child' retrieved from /home/airflow/.local/lib/python3.12/site-packages/airflow/example_dags/example_external_task_marker_dag.py
[2024-07-07T22:18:57.165+0000] {logging_mixin.py:188} INFO - [2024-07-07T22:18:57.165+0000] {dag.py:3096} INFO - Sync 2 DAGs
[2024-07-07T22:18:57.169+0000] {logging_mixin.py:188} INFO - [2024-07-07T22:18:57.169+0000] {dag.py:3954} INFO - Setting next_dagrun for example_external_task_marker_child to None, run_after=None
[2024-07-07T22:18:57.171+0000] {logging_mixin.py:188} INFO - [2024-07-07T22:18:57.171+0000] {dag.py:3954} INFO - Setting next_dagrun for example_external_task_marker_parent to None, run_after=None
[2024-07-07T22:18:57.176+0000] {processor.py:183} INFO - Processing /home/airflow/.local/lib/python3.12/site-packages/airflow/example_dags/example_external_task_marker_dag.py took 0.023 seconds
[2024-07-07T22:19:27.443+0000] {processor.py:161} INFO - Started process (PID=679) to work on /home/airflow/.local/lib/python3.12/site-packages/airflow/example_dags/example_external_task_marker_dag.py
[2024-07-07T22:19:27.444+0000] {processor.py:830} INFO - Processing file /home/airflow/.local/lib/python3.12/site-packages/airflow/example_dags/example_external_task_marker_dag.py for tasks to queue
[2024-07-07T22:19:27.444+0000] {logging_mixin.py:188} INFO - [2024-07-07T22:19:27.444+0000] {dagbag.py:545} INFO - Filling up the DagBag from /home/airflow/.local/lib/python3.12/site-packages/airflow/example_dags/example_external_task_marker_dag.py
[2024-07-07T22:19:27.447+0000] {processor.py:840} INFO - DAG(s) 'example_external_task_marker_child', 'example_external_task_marker_parent' retrieved from /home/airflow/.local/lib/python3.12/site-packages/airflow/example_dags/example_external_task_marker_dag.py
[2024-07-07T22:19:27.454+0000] {logging_mixin.py:188} INFO - [2024-07-07T22:19:27.454+0000] {dag.py:3096} INFO - Sync 2 DAGs
[2024-07-07T22:19:27.458+0000] {logging_mixin.py:188} INFO - [2024-07-07T22:19:27.458+0000] {dag.py:3954} INFO - Setting next_dagrun for example_external_task_marker_child to None, run_after=None
[2024-07-07T22:19:27.460+0000] {logging_mixin.py:188} INFO - [2024-07-07T22:19:27.460+0000] {dag.py:3954} INFO - Setting next_dagrun for example_external_task_marker_parent to None, run_after=None
[2024-07-07T22:19:27.465+0000] {processor.py:183} INFO - Processing /home/airflow/.local/lib/python3.12/site-packages/airflow/example_dags/example_external_task_marker_dag.py took 0.024 seconds
[2024-07-07T22:19:57.768+0000] {processor.py:161} INFO - Started process (PID=731) to work on /home/airflow/.local/lib/python3.12/site-packages/airflow/example_dags/example_external_task_marker_dag.py
[2024-07-07T22:19:57.769+0000] {processor.py:830} INFO - Processing file /home/airflow/.local/lib/python3.12/site-packages/airflow/example_dags/example_external_task_marker_dag.py for tasks to queue
[2024-07-07T22:19:57.769+0000] {logging_mixin.py:188} INFO - [2024-07-07T22:19:57.769+0000] {dagbag.py:545} INFO - Filling up the DagBag from /home/airflow/.local/lib/python3.12/site-packages/airflow/example_dags/example_external_task_marker_dag.py
[2024-07-07T22:19:57.772+0000] {processor.py:840} INFO - DAG(s) 'example_external_task_marker_child', 'example_external_task_marker_parent' retrieved from /home/airflow/.local/lib/python3.12/site-packages/airflow/example_dags/example_external_task_marker_dag.py
[2024-07-07T22:19:57.781+0000] {logging_mixin.py:188} INFO - [2024-07-07T22:19:57.781+0000] {dag.py:3096} INFO - Sync 2 DAGs
[2024-07-07T22:19:57.786+0000] {logging_mixin.py:188} INFO - [2024-07-07T22:19:57.785+0000] {dag.py:3954} INFO - Setting next_dagrun for example_external_task_marker_child to None, run_after=None
[2024-07-07T22:19:57.787+0000] {logging_mixin.py:188} INFO - [2024-07-07T22:19:57.787+0000] {dag.py:3954} INFO - Setting next_dagrun for example_external_task_marker_parent to None, run_after=None
[2024-07-07T22:19:57.792+0000] {processor.py:183} INFO - Processing /home/airflow/.local/lib/python3.12/site-packages/airflow/example_dags/example_external_task_marker_dag.py took 0.026 seconds
[2024-07-07T22:20:28.029+0000] {processor.py:161} INFO - Started process (PID=783) to work on /home/airflow/.local/lib/python3.12/site-packages/airflow/example_dags/example_external_task_marker_dag.py
[2024-07-07T22:20:28.030+0000] {processor.py:830} INFO - Processing file /home/airflow/.local/lib/python3.12/site-packages/airflow/example_dags/example_external_task_marker_dag.py for tasks to queue
[2024-07-07T22:20:28.030+0000] {logging_mixin.py:188} INFO - [2024-07-07T22:20:28.030+0000] {dagbag.py:545} INFO - Filling up the DagBag from /home/airflow/.local/lib/python3.12/site-packages/airflow/example_dags/example_external_task_marker_dag.py
[2024-07-07T22:20:28.033+0000] {processor.py:840} INFO - DAG(s) 'example_external_task_marker_parent', 'example_external_task_marker_child' retrieved from /home/airflow/.local/lib/python3.12/site-packages/airflow/example_dags/example_external_task_marker_dag.py
[2024-07-07T22:20:28.041+0000] {logging_mixin.py:188} INFO - [2024-07-07T22:20:28.041+0000] {dag.py:3096} INFO - Sync 2 DAGs
[2024-07-07T22:20:28.046+0000] {logging_mixin.py:188} INFO - [2024-07-07T22:20:28.046+0000] {dag.py:3954} INFO - Setting next_dagrun for example_external_task_marker_child to None, run_after=None
[2024-07-07T22:20:28.048+0000] {logging_mixin.py:188} INFO - [2024-07-07T22:20:28.048+0000] {dag.py:3954} INFO - Setting next_dagrun for example_external_task_marker_parent to None, run_after=None
[2024-07-07T22:20:28.053+0000] {processor.py:183} INFO - Processing /home/airflow/.local/lib/python3.12/site-packages/airflow/example_dags/example_external_task_marker_dag.py took 0.026 seconds
[2024-07-07T22:20:58.323+0000] {processor.py:161} INFO - Started process (PID=835) to work on /home/airflow/.local/lib/python3.12/site-packages/airflow/example_dags/example_external_task_marker_dag.py
[2024-07-07T22:20:58.324+0000] {processor.py:830} INFO - Processing file /home/airflow/.local/lib/python3.12/site-packages/airflow/example_dags/example_external_task_marker_dag.py for tasks to queue
[2024-07-07T22:20:58.325+0000] {logging_mixin.py:188} INFO - [2024-07-07T22:20:58.325+0000] {dagbag.py:545} INFO - Filling up the DagBag from /home/airflow/.local/lib/python3.12/site-packages/airflow/example_dags/example_external_task_marker_dag.py
[2024-07-07T22:20:58.327+0000] {processor.py:840} INFO - DAG(s) 'example_external_task_marker_parent', 'example_external_task_marker_child' retrieved from /home/airflow/.local/lib/python3.12/site-packages/airflow/example_dags/example_external_task_marker_dag.py
[2024-07-07T22:20:58.335+0000] {logging_mixin.py:188} INFO - [2024-07-07T22:20:58.335+0000] {dag.py:3096} INFO - Sync 2 DAGs
[2024-07-07T22:20:58.340+0000] {logging_mixin.py:188} INFO - [2024-07-07T22:20:58.340+0000] {dag.py:3954} INFO - Setting next_dagrun for example_external_task_marker_child to None, run_after=None
[2024-07-07T22:20:58.341+0000] {logging_mixin.py:188} INFO - [2024-07-07T22:20:58.341+0000] {dag.py:3954} INFO - Setting next_dagrun for example_external_task_marker_parent to None, run_after=None
[2024-07-07T22:20:58.346+0000] {processor.py:183} INFO - Processing /home/airflow/.local/lib/python3.12/site-packages/airflow/example_dags/example_external_task_marker_dag.py took 0.025 seconds
[2024-07-07T22:21:28.691+0000] {processor.py:161} INFO - Started process (PID=887) to work on /home/airflow/.local/lib/python3.12/site-packages/airflow/example_dags/example_external_task_marker_dag.py
[2024-07-07T22:21:28.691+0000] {processor.py:830} INFO - Processing file /home/airflow/.local/lib/python3.12/site-packages/airflow/example_dags/example_external_task_marker_dag.py for tasks to queue
[2024-07-07T22:21:28.692+0000] {logging_mixin.py:188} INFO - [2024-07-07T22:21:28.692+0000] {dagbag.py:545} INFO - Filling up the DagBag from /home/airflow/.local/lib/python3.12/site-packages/airflow/example_dags/example_external_task_marker_dag.py
[2024-07-07T22:21:28.694+0000] {processor.py:840} INFO - DAG(s) 'example_external_task_marker_child', 'example_external_task_marker_parent' retrieved from /home/airflow/.local/lib/python3.12/site-packages/airflow/example_dags/example_external_task_marker_dag.py
[2024-07-07T22:21:28.702+0000] {logging_mixin.py:188} INFO - [2024-07-07T22:21:28.702+0000] {dag.py:3096} INFO - Sync 2 DAGs
[2024-07-07T22:21:28.708+0000] {logging_mixin.py:188} INFO - [2024-07-07T22:21:28.708+0000] {dag.py:3954} INFO - Setting next_dagrun for example_external_task_marker_child to None, run_after=None
[2024-07-07T22:21:28.710+0000] {logging_mixin.py:188} INFO - [2024-07-07T22:21:28.710+0000] {dag.py:3954} INFO - Setting next_dagrun for example_external_task_marker_parent to None, run_after=None
[2024-07-07T22:21:28.715+0000] {processor.py:183} INFO - Processing /home/airflow/.local/lib/python3.12/site-packages/airflow/example_dags/example_external_task_marker_dag.py took 0.026 seconds
[2024-07-07T22:21:59.005+0000] {processor.py:161} INFO - Started process (PID=939) to work on /home/airflow/.local/lib/python3.12/site-packages/airflow/example_dags/example_external_task_marker_dag.py
[2024-07-07T22:21:59.005+0000] {processor.py:830} INFO - Processing file /home/airflow/.local/lib/python3.12/site-packages/airflow/example_dags/example_external_task_marker_dag.py for tasks to queue
[2024-07-07T22:21:59.006+0000] {logging_mixin.py:188} INFO - [2024-07-07T22:21:59.006+0000] {dagbag.py:545} INFO - Filling up the DagBag from /home/airflow/.local/lib/python3.12/site-packages/airflow/example_dags/example_external_task_marker_dag.py
[2024-07-07T22:21:59.009+0000] {processor.py:840} INFO - DAG(s) 'example_external_task_marker_parent', 'example_external_task_marker_child' retrieved from /home/airflow/.local/lib/python3.12/site-packages/airflow/example_dags/example_external_task_marker_dag.py
[2024-07-07T22:21:59.017+0000] {logging_mixin.py:188} INFO - [2024-07-07T22:21:59.017+0000] {dag.py:3096} INFO - Sync 2 DAGs
[2024-07-07T22:21:59.021+0000] {logging_mixin.py:188} INFO - [2024-07-07T22:21:59.021+0000] {dag.py:3954} INFO - Setting next_dagrun for example_external_task_marker_child to None, run_after=None
[2024-07-07T22:21:59.023+0000] {logging_mixin.py:188} INFO - [2024-07-07T22:21:59.023+0000] {dag.py:3954} INFO - Setting next_dagrun for example_external_task_marker_parent to None, run_after=None
[2024-07-07T22:21:59.028+0000] {processor.py:183} INFO - Processing /home/airflow/.local/lib/python3.12/site-packages/airflow/example_dags/example_external_task_marker_dag.py took 0.025 seconds
[2024-07-07T22:22:29.368+0000] {processor.py:161} INFO - Started process (PID=991) to work on /home/airflow/.local/lib/python3.12/site-packages/airflow/example_dags/example_external_task_marker_dag.py
[2024-07-07T22:22:29.368+0000] {processor.py:830} INFO - Processing file /home/airflow/.local/lib/python3.12/site-packages/airflow/example_dags/example_external_task_marker_dag.py for tasks to queue
[2024-07-07T22:22:29.369+0000] {logging_mixin.py:188} INFO - [2024-07-07T22:22:29.369+0000] {dagbag.py:545} INFO - Filling up the DagBag from /home/airflow/.local/lib/python3.12/site-packages/airflow/example_dags/example_external_task_marker_dag.py
[2024-07-07T22:22:29.371+0000] {processor.py:840} INFO - DAG(s) 'example_external_task_marker_parent', 'example_external_task_marker_child' retrieved from /home/airflow/.local/lib/python3.12/site-packages/airflow/example_dags/example_external_task_marker_dag.py
[2024-07-07T22:22:29.379+0000] {logging_mixin.py:188} INFO - [2024-07-07T22:22:29.378+0000] {dag.py:3096} INFO - Sync 2 DAGs
[2024-07-07T22:22:29.383+0000] {logging_mixin.py:188} INFO - [2024-07-07T22:22:29.383+0000] {dag.py:3954} INFO - Setting next_dagrun for example_external_task_marker_child to None, run_after=None
[2024-07-07T22:22:29.384+0000] {logging_mixin.py:188} INFO - [2024-07-07T22:22:29.384+0000] {dag.py:3954} INFO - Setting next_dagrun for example_external_task_marker_parent to None, run_after=None
[2024-07-07T22:22:29.389+0000] {processor.py:183} INFO - Processing /home/airflow/.local/lib/python3.12/site-packages/airflow/example_dags/example_external_task_marker_dag.py took 0.023 seconds
[2024-07-07T22:22:59.747+0000] {processor.py:161} INFO - Started process (PID=1043) to work on /home/airflow/.local/lib/python3.12/site-packages/airflow/example_dags/example_external_task_marker_dag.py
[2024-07-07T22:22:59.747+0000] {processor.py:830} INFO - Processing file /home/airflow/.local/lib/python3.12/site-packages/airflow/example_dags/example_external_task_marker_dag.py for tasks to queue
[2024-07-07T22:22:59.748+0000] {logging_mixin.py:188} INFO - [2024-07-07T22:22:59.748+0000] {dagbag.py:545} INFO - Filling up the DagBag from /home/airflow/.local/lib/python3.12/site-packages/airflow/example_dags/example_external_task_marker_dag.py
[2024-07-07T22:22:59.750+0000] {processor.py:840} INFO - DAG(s) 'example_external_task_marker_parent', 'example_external_task_marker_child' retrieved from /home/airflow/.local/lib/python3.12/site-packages/airflow/example_dags/example_external_task_marker_dag.py
[2024-07-07T22:22:59.759+0000] {logging_mixin.py:188} INFO - [2024-07-07T22:22:59.759+0000] {dag.py:3096} INFO - Sync 2 DAGs
[2024-07-07T22:22:59.763+0000] {logging_mixin.py:188} INFO - [2024-07-07T22:22:59.763+0000] {dag.py:3954} INFO - Setting next_dagrun for example_external_task_marker_child to None, run_after=None
[2024-07-07T22:22:59.765+0000] {logging_mixin.py:188} INFO - [2024-07-07T22:22:59.764+0000] {dag.py:3954} INFO - Setting next_dagrun for example_external_task_marker_parent to None, run_after=None
[2024-07-07T22:22:59.769+0000] {processor.py:183} INFO - Processing /home/airflow/.local/lib/python3.12/site-packages/airflow/example_dags/example_external_task_marker_dag.py took 0.025 seconds
[2024-07-07T22:23:30.013+0000] {processor.py:161} INFO - Started process (PID=1095) to work on /home/airflow/.local/lib/python3.12/site-packages/airflow/example_dags/example_external_task_marker_dag.py
[2024-07-07T22:23:30.014+0000] {processor.py:830} INFO - Processing file /home/airflow/.local/lib/python3.12/site-packages/airflow/example_dags/example_external_task_marker_dag.py for tasks to queue
[2024-07-07T22:23:30.014+0000] {logging_mixin.py:188} INFO - [2024-07-07T22:23:30.014+0000] {dagbag.py:545} INFO - Filling up the DagBag from /home/airflow/.local/lib/python3.12/site-packages/airflow/example_dags/example_external_task_marker_dag.py
[2024-07-07T22:23:30.017+0000] {processor.py:840} INFO - DAG(s) 'example_external_task_marker_child', 'example_external_task_marker_parent' retrieved from /home/airflow/.local/lib/python3.12/site-packages/airflow/example_dags/example_external_task_marker_dag.py
[2024-07-07T22:23:30.024+0000] {logging_mixin.py:188} INFO - [2024-07-07T22:23:30.024+0000] {dag.py:3096} INFO - Sync 2 DAGs
[2024-07-07T22:23:30.028+0000] {logging_mixin.py:188} INFO - [2024-07-07T22:23:30.028+0000] {dag.py:3954} INFO - Setting next_dagrun for example_external_task_marker_child to None, run_after=None
[2024-07-07T22:23:30.029+0000] {logging_mixin.py:188} INFO - [2024-07-07T22:23:30.029+0000] {dag.py:3954} INFO - Setting next_dagrun for example_external_task_marker_parent to None, run_after=None
[2024-07-07T22:23:30.034+0000] {processor.py:183} INFO - Processing /home/airflow/.local/lib/python3.12/site-packages/airflow/example_dags/example_external_task_marker_dag.py took 0.023 seconds
[2024-07-07T22:24:00.411+0000] {processor.py:161} INFO - Started process (PID=1147) to work on /home/airflow/.local/lib/python3.12/site-packages/airflow/example_dags/example_external_task_marker_dag.py
[2024-07-07T22:24:00.411+0000] {processor.py:830} INFO - Processing file /home/airflow/.local/lib/python3.12/site-packages/airflow/example_dags/example_external_task_marker_dag.py for tasks to queue
[2024-07-07T22:24:00.412+0000] {logging_mixin.py:188} INFO - [2024-07-07T22:24:00.412+0000] {dagbag.py:545} INFO - Filling up the DagBag from /home/airflow/.local/lib/python3.12/site-packages/airflow/example_dags/example_external_task_marker_dag.py
[2024-07-07T22:24:00.414+0000] {processor.py:840} INFO - DAG(s) 'example_external_task_marker_child', 'example_external_task_marker_parent' retrieved from /home/airflow/.local/lib/python3.12/site-packages/airflow/example_dags/example_external_task_marker_dag.py
[2024-07-07T22:24:00.422+0000] {logging_mixin.py:188} INFO - [2024-07-07T22:24:00.422+0000] {dag.py:3096} INFO - Sync 2 DAGs
[2024-07-07T22:24:00.427+0000] {logging_mixin.py:188} INFO - [2024-07-07T22:24:00.427+0000] {dag.py:3954} INFO - Setting next_dagrun for example_external_task_marker_child to None, run_after=None
[2024-07-07T22:24:00.428+0000] {logging_mixin.py:188} INFO - [2024-07-07T22:24:00.428+0000] {dag.py:3954} INFO - Setting next_dagrun for example_external_task_marker_parent to None, run_after=None
[2024-07-07T22:24:00.434+0000] {processor.py:183} INFO - Processing /home/airflow/.local/lib/python3.12/site-packages/airflow/example_dags/example_external_task_marker_dag.py took 0.025 seconds
[2024-07-07T22:24:30.742+0000] {processor.py:161} INFO - Started process (PID=1199) to work on /home/airflow/.local/lib/python3.12/site-packages/airflow/example_dags/example_external_task_marker_dag.py
[2024-07-07T22:24:30.743+0000] {processor.py:830} INFO - Processing file /home/airflow/.local/lib/python3.12/site-packages/airflow/example_dags/example_external_task_marker_dag.py for tasks to queue
[2024-07-07T22:24:30.743+0000] {logging_mixin.py:188} INFO - [2024-07-07T22:24:30.743+0000] {dagbag.py:545} INFO - Filling up the DagBag from /home/airflow/.local/lib/python3.12/site-packages/airflow/example_dags/example_external_task_marker_dag.py
[2024-07-07T22:24:30.746+0000] {processor.py:840} INFO - DAG(s) 'example_external_task_marker_child', 'example_external_task_marker_parent' retrieved from /home/airflow/.local/lib/python3.12/site-packages/airflow/example_dags/example_external_task_marker_dag.py
[2024-07-07T22:24:30.754+0000] {logging_mixin.py:188} INFO - [2024-07-07T22:24:30.754+0000] {dag.py:3096} INFO - Sync 2 DAGs
[2024-07-07T22:24:30.760+0000] {logging_mixin.py:188} INFO - [2024-07-07T22:24:30.760+0000] {dag.py:3954} INFO - Setting next_dagrun for example_external_task_marker_child to None, run_after=None
[2024-07-07T22:24:30.762+0000] {logging_mixin.py:188} INFO - [2024-07-07T22:24:30.762+0000] {dag.py:3954} INFO - Setting next_dagrun for example_external_task_marker_parent to None, run_after=None
[2024-07-07T22:24:30.768+0000] {processor.py:183} INFO - Processing /home/airflow/.local/lib/python3.12/site-packages/airflow/example_dags/example_external_task_marker_dag.py took 0.028 seconds
[2024-07-07T22:25:01.317+0000] {processor.py:161} INFO - Started process (PID=1251) to work on /home/airflow/.local/lib/python3.12/site-packages/airflow/example_dags/example_external_task_marker_dag.py
[2024-07-07T22:25:01.318+0000] {processor.py:830} INFO - Processing file /home/airflow/.local/lib/python3.12/site-packages/airflow/example_dags/example_external_task_marker_dag.py for tasks to queue
[2024-07-07T22:25:01.318+0000] {logging_mixin.py:188} INFO - [2024-07-07T22:25:01.318+0000] {dagbag.py:545} INFO - Filling up the DagBag from /home/airflow/.local/lib/python3.12/site-packages/airflow/example_dags/example_external_task_marker_dag.py
[2024-07-07T22:25:01.321+0000] {processor.py:840} INFO - DAG(s) 'example_external_task_marker_child', 'example_external_task_marker_parent' retrieved from /home/airflow/.local/lib/python3.12/site-packages/airflow/example_dags/example_external_task_marker_dag.py
[2024-07-07T22:25:01.330+0000] {logging_mixin.py:188} INFO - [2024-07-07T22:25:01.329+0000] {dag.py:3096} INFO - Sync 2 DAGs
[2024-07-07T22:25:01.335+0000] {logging_mixin.py:188} INFO - [2024-07-07T22:25:01.335+0000] {dag.py:3954} INFO - Setting next_dagrun for example_external_task_marker_child to None, run_after=None
[2024-07-07T22:25:01.336+0000] {logging_mixin.py:188} INFO - [2024-07-07T22:25:01.336+0000] {dag.py:3954} INFO - Setting next_dagrun for example_external_task_marker_parent to None, run_after=None
[2024-07-07T22:25:01.343+0000] {processor.py:183} INFO - Processing /home/airflow/.local/lib/python3.12/site-packages/airflow/example_dags/example_external_task_marker_dag.py took 0.029 seconds
[2024-07-07T22:25:31.750+0000] {processor.py:161} INFO - Started process (PID=1303) to work on /home/airflow/.local/lib/python3.12/site-packages/airflow/example_dags/example_external_task_marker_dag.py
[2024-07-07T22:25:31.751+0000] {processor.py:830} INFO - Processing file /home/airflow/.local/lib/python3.12/site-packages/airflow/example_dags/example_external_task_marker_dag.py for tasks to queue
[2024-07-07T22:25:31.752+0000] {logging_mixin.py:188} INFO - [2024-07-07T22:25:31.751+0000] {dagbag.py:545} INFO - Filling up the DagBag from /home/airflow/.local/lib/python3.12/site-packages/airflow/example_dags/example_external_task_marker_dag.py
[2024-07-07T22:25:31.754+0000] {processor.py:840} INFO - DAG(s) 'example_external_task_marker_parent', 'example_external_task_marker_child' retrieved from /home/airflow/.local/lib/python3.12/site-packages/airflow/example_dags/example_external_task_marker_dag.py
[2024-07-07T22:25:31.763+0000] {logging_mixin.py:188} INFO - [2024-07-07T22:25:31.763+0000] {dag.py:3096} INFO - Sync 2 DAGs
[2024-07-07T22:25:31.768+0000] {logging_mixin.py:188} INFO - [2024-07-07T22:25:31.768+0000] {dag.py:3954} INFO - Setting next_dagrun for example_external_task_marker_child to None, run_after=None
[2024-07-07T22:25:31.770+0000] {logging_mixin.py:188} INFO - [2024-07-07T22:25:31.770+0000] {dag.py:3954} INFO - Setting next_dagrun for example_external_task_marker_parent to None, run_after=None
[2024-07-07T22:25:31.776+0000] {processor.py:183} INFO - Processing /home/airflow/.local/lib/python3.12/site-packages/airflow/example_dags/example_external_task_marker_dag.py took 0.027 seconds
[2024-07-07T22:26:02.304+0000] {processor.py:161} INFO - Started process (PID=1355) to work on /home/airflow/.local/lib/python3.12/site-packages/airflow/example_dags/example_external_task_marker_dag.py
[2024-07-07T22:26:02.304+0000] {processor.py:830} INFO - Processing file /home/airflow/.local/lib/python3.12/site-packages/airflow/example_dags/example_external_task_marker_dag.py for tasks to queue
[2024-07-07T22:26:02.305+0000] {logging_mixin.py:188} INFO - [2024-07-07T22:26:02.305+0000] {dagbag.py:545} INFO - Filling up the DagBag from /home/airflow/.local/lib/python3.12/site-packages/airflow/example_dags/example_external_task_marker_dag.py
[2024-07-07T22:26:02.308+0000] {processor.py:840} INFO - DAG(s) 'example_external_task_marker_parent', 'example_external_task_marker_child' retrieved from /home/airflow/.local/lib/python3.12/site-packages/airflow/example_dags/example_external_task_marker_dag.py
[2024-07-07T22:26:02.321+0000] {logging_mixin.py:188} INFO - [2024-07-07T22:26:02.321+0000] {dag.py:3096} INFO - Sync 2 DAGs
[2024-07-07T22:26:02.326+0000] {logging_mixin.py:188} INFO - [2024-07-07T22:26:02.326+0000] {dag.py:3954} INFO - Setting next_dagrun for example_external_task_marker_child to None, run_after=None
[2024-07-07T22:26:02.329+0000] {logging_mixin.py:188} INFO - [2024-07-07T22:26:02.329+0000] {dag.py:3954} INFO - Setting next_dagrun for example_external_task_marker_parent to None, run_after=None
[2024-07-07T22:26:02.337+0000] {processor.py:183} INFO - Processing /home/airflow/.local/lib/python3.12/site-packages/airflow/example_dags/example_external_task_marker_dag.py took 0.036 seconds
[2024-07-07T22:26:32.609+0000] {processor.py:161} INFO - Started process (PID=1407) to work on /home/airflow/.local/lib/python3.12/site-packages/airflow/example_dags/example_external_task_marker_dag.py
[2024-07-07T22:26:32.610+0000] {processor.py:830} INFO - Processing file /home/airflow/.local/lib/python3.12/site-packages/airflow/example_dags/example_external_task_marker_dag.py for tasks to queue
[2024-07-07T22:26:32.610+0000] {logging_mixin.py:188} INFO - [2024-07-07T22:26:32.610+0000] {dagbag.py:545} INFO - Filling up the DagBag from /home/airflow/.local/lib/python3.12/site-packages/airflow/example_dags/example_external_task_marker_dag.py
[2024-07-07T22:26:32.612+0000] {processor.py:840} INFO - DAG(s) 'example_external_task_marker_child', 'example_external_task_marker_parent' retrieved from /home/airflow/.local/lib/python3.12/site-packages/airflow/example_dags/example_external_task_marker_dag.py
[2024-07-07T22:26:32.621+0000] {logging_mixin.py:188} INFO - [2024-07-07T22:26:32.620+0000] {dag.py:3096} INFO - Sync 2 DAGs
[2024-07-07T22:26:32.625+0000] {logging_mixin.py:188} INFO - [2024-07-07T22:26:32.625+0000] {dag.py:3954} INFO - Setting next_dagrun for example_external_task_marker_child to None, run_after=None
[2024-07-07T22:26:32.626+0000] {logging_mixin.py:188} INFO - [2024-07-07T22:26:32.626+0000] {dag.py:3954} INFO - Setting next_dagrun for example_external_task_marker_parent to None, run_after=None
[2024-07-07T22:26:32.631+0000] {processor.py:183} INFO - Processing /home/airflow/.local/lib/python3.12/site-packages/airflow/example_dags/example_external_task_marker_dag.py took 0.024 seconds
[2024-07-07T22:27:02.910+0000] {processor.py:161} INFO - Started process (PID=1459) to work on /home/airflow/.local/lib/python3.12/site-packages/airflow/example_dags/example_external_task_marker_dag.py
[2024-07-07T22:27:02.911+0000] {processor.py:830} INFO - Processing file /home/airflow/.local/lib/python3.12/site-packages/airflow/example_dags/example_external_task_marker_dag.py for tasks to queue
[2024-07-07T22:27:02.911+0000] {logging_mixin.py:188} INFO - [2024-07-07T22:27:02.911+0000] {dagbag.py:545} INFO - Filling up the DagBag from /home/airflow/.local/lib/python3.12/site-packages/airflow/example_dags/example_external_task_marker_dag.py
[2024-07-07T22:27:02.914+0000] {processor.py:840} INFO - DAG(s) 'example_external_task_marker_parent', 'example_external_task_marker_child' retrieved from /home/airflow/.local/lib/python3.12/site-packages/airflow/example_dags/example_external_task_marker_dag.py
[2024-07-07T22:27:02.922+0000] {logging_mixin.py:188} INFO - [2024-07-07T22:27:02.922+0000] {dag.py:3096} INFO - Sync 2 DAGs
[2024-07-07T22:27:02.927+0000] {logging_mixin.py:188} INFO - [2024-07-07T22:27:02.927+0000] {dag.py:3954} INFO - Setting next_dagrun for example_external_task_marker_child to None, run_after=None
[2024-07-07T22:27:02.928+0000] {logging_mixin.py:188} INFO - [2024-07-07T22:27:02.928+0000] {dag.py:3954} INFO - Setting next_dagrun for example_external_task_marker_parent to None, run_after=None
[2024-07-07T22:27:02.933+0000] {processor.py:183} INFO - Processing /home/airflow/.local/lib/python3.12/site-packages/airflow/example_dags/example_external_task_marker_dag.py took 0.025 seconds
[2024-07-07T22:27:33.140+0000] {processor.py:161} INFO - Started process (PID=1511) to work on /home/airflow/.local/lib/python3.12/site-packages/airflow/example_dags/example_external_task_marker_dag.py
[2024-07-07T22:27:33.140+0000] {processor.py:830} INFO - Processing file /home/airflow/.local/lib/python3.12/site-packages/airflow/example_dags/example_external_task_marker_dag.py for tasks to queue
[2024-07-07T22:27:33.141+0000] {logging_mixin.py:188} INFO - [2024-07-07T22:27:33.141+0000] {dagbag.py:545} INFO - Filling up the DagBag from /home/airflow/.local/lib/python3.12/site-packages/airflow/example_dags/example_external_task_marker_dag.py
[2024-07-07T22:27:33.143+0000] {processor.py:840} INFO - DAG(s) 'example_external_task_marker_parent', 'example_external_task_marker_child' retrieved from /home/airflow/.local/lib/python3.12/site-packages/airflow/example_dags/example_external_task_marker_dag.py
[2024-07-07T22:27:33.151+0000] {logging_mixin.py:188} INFO - [2024-07-07T22:27:33.151+0000] {dag.py:3096} INFO - Sync 2 DAGs
[2024-07-07T22:27:33.156+0000] {logging_mixin.py:188} INFO - [2024-07-07T22:27:33.155+0000] {dag.py:3954} INFO - Setting next_dagrun for example_external_task_marker_child to None, run_after=None
[2024-07-07T22:27:33.157+0000] {logging_mixin.py:188} INFO - [2024-07-07T22:27:33.157+0000] {dag.py:3954} INFO - Setting next_dagrun for example_external_task_marker_parent to None, run_after=None
[2024-07-07T22:27:33.162+0000] {processor.py:183} INFO - Processing /home/airflow/.local/lib/python3.12/site-packages/airflow/example_dags/example_external_task_marker_dag.py took 0.024 seconds
[2024-07-07T22:28:03.400+0000] {processor.py:161} INFO - Started process (PID=1563) to work on /home/airflow/.local/lib/python3.12/site-packages/airflow/example_dags/example_external_task_marker_dag.py
[2024-07-07T22:28:03.401+0000] {processor.py:830} INFO - Processing file /home/airflow/.local/lib/python3.12/site-packages/airflow/example_dags/example_external_task_marker_dag.py for tasks to queue
[2024-07-07T22:28:03.402+0000] {logging_mixin.py:188} INFO - [2024-07-07T22:28:03.401+0000] {dagbag.py:545} INFO - Filling up the DagBag from /home/airflow/.local/lib/python3.12/site-packages/airflow/example_dags/example_external_task_marker_dag.py
[2024-07-07T22:28:03.404+0000] {processor.py:840} INFO - DAG(s) 'example_external_task_marker_parent', 'example_external_task_marker_child' retrieved from /home/airflow/.local/lib/python3.12/site-packages/airflow/example_dags/example_external_task_marker_dag.py
[2024-07-07T22:28:03.411+0000] {logging_mixin.py:188} INFO - [2024-07-07T22:28:03.411+0000] {dag.py:3096} INFO - Sync 2 DAGs
[2024-07-07T22:28:03.415+0000] {logging_mixin.py:188} INFO - [2024-07-07T22:28:03.415+0000] {dag.py:3954} INFO - Setting next_dagrun for example_external_task_marker_child to None, run_after=None
[2024-07-07T22:28:03.416+0000] {logging_mixin.py:188} INFO - [2024-07-07T22:28:03.416+0000] {dag.py:3954} INFO - Setting next_dagrun for example_external_task_marker_parent to None, run_after=None
[2024-07-07T22:28:03.421+0000] {processor.py:183} INFO - Processing /home/airflow/.local/lib/python3.12/site-packages/airflow/example_dags/example_external_task_marker_dag.py took 0.023 seconds
[2024-07-07T22:28:33.692+0000] {processor.py:161} INFO - Started process (PID=1615) to work on /home/airflow/.local/lib/python3.12/site-packages/airflow/example_dags/example_external_task_marker_dag.py
[2024-07-07T22:28:33.693+0000] {processor.py:830} INFO - Processing file /home/airflow/.local/lib/python3.12/site-packages/airflow/example_dags/example_external_task_marker_dag.py for tasks to queue
[2024-07-07T22:28:33.693+0000] {logging_mixin.py:188} INFO - [2024-07-07T22:28:33.693+0000] {dagbag.py:545} INFO - Filling up the DagBag from /home/airflow/.local/lib/python3.12/site-packages/airflow/example_dags/example_external_task_marker_dag.py
[2024-07-07T22:28:33.696+0000] {processor.py:840} INFO - DAG(s) 'example_external_task_marker_parent', 'example_external_task_marker_child' retrieved from /home/airflow/.local/lib/python3.12/site-packages/airflow/example_dags/example_external_task_marker_dag.py
[2024-07-07T22:28:33.704+0000] {logging_mixin.py:188} INFO - [2024-07-07T22:28:33.704+0000] {dag.py:3096} INFO - Sync 2 DAGs
[2024-07-07T22:28:33.708+0000] {logging_mixin.py:188} INFO - [2024-07-07T22:28:33.708+0000] {dag.py:3954} INFO - Setting next_dagrun for example_external_task_marker_child to None, run_after=None
[2024-07-07T22:28:33.709+0000] {logging_mixin.py:188} INFO - [2024-07-07T22:28:33.709+0000] {dag.py:3954} INFO - Setting next_dagrun for example_external_task_marker_parent to None, run_after=None
[2024-07-07T22:28:33.714+0000] {processor.py:183} INFO - Processing /home/airflow/.local/lib/python3.12/site-packages/airflow/example_dags/example_external_task_marker_dag.py took 0.024 seconds
[2024-07-07T22:29:03.972+0000] {processor.py:161} INFO - Started process (PID=1667) to work on /home/airflow/.local/lib/python3.12/site-packages/airflow/example_dags/example_external_task_marker_dag.py
[2024-07-07T22:29:03.972+0000] {processor.py:830} INFO - Processing file /home/airflow/.local/lib/python3.12/site-packages/airflow/example_dags/example_external_task_marker_dag.py for tasks to queue
[2024-07-07T22:29:03.973+0000] {logging_mixin.py:188} INFO - [2024-07-07T22:29:03.973+0000] {dagbag.py:545} INFO - Filling up the DagBag from /home/airflow/.local/lib/python3.12/site-packages/airflow/example_dags/example_external_task_marker_dag.py
[2024-07-07T22:29:03.975+0000] {processor.py:840} INFO - DAG(s) 'example_external_task_marker_parent', 'example_external_task_marker_child' retrieved from /home/airflow/.local/lib/python3.12/site-packages/airflow/example_dags/example_external_task_marker_dag.py
[2024-07-07T22:29:03.983+0000] {logging_mixin.py:188} INFO - [2024-07-07T22:29:03.983+0000] {dag.py:3096} INFO - Sync 2 DAGs
[2024-07-07T22:29:03.988+0000] {logging_mixin.py:188} INFO - [2024-07-07T22:29:03.988+0000] {dag.py:3954} INFO - Setting next_dagrun for example_external_task_marker_child to None, run_after=None
[2024-07-07T22:29:03.990+0000] {logging_mixin.py:188} INFO - [2024-07-07T22:29:03.990+0000] {dag.py:3954} INFO - Setting next_dagrun for example_external_task_marker_parent to None, run_after=None
[2024-07-07T22:29:03.995+0000] {processor.py:183} INFO - Processing /home/airflow/.local/lib/python3.12/site-packages/airflow/example_dags/example_external_task_marker_dag.py took 0.025 seconds
[2024-07-07T22:29:34.509+0000] {processor.py:161} INFO - Started process (PID=1719) to work on /home/airflow/.local/lib/python3.12/site-packages/airflow/example_dags/example_external_task_marker_dag.py
[2024-07-07T22:29:34.509+0000] {processor.py:830} INFO - Processing file /home/airflow/.local/lib/python3.12/site-packages/airflow/example_dags/example_external_task_marker_dag.py for tasks to queue
[2024-07-07T22:29:34.510+0000] {logging_mixin.py:188} INFO - [2024-07-07T22:29:34.510+0000] {dagbag.py:545} INFO - Filling up the DagBag from /home/airflow/.local/lib/python3.12/site-packages/airflow/example_dags/example_external_task_marker_dag.py
[2024-07-07T22:29:34.512+0000] {processor.py:840} INFO - DAG(s) 'example_external_task_marker_child', 'example_external_task_marker_parent' retrieved from /home/airflow/.local/lib/python3.12/site-packages/airflow/example_dags/example_external_task_marker_dag.py
[2024-07-07T22:29:34.521+0000] {logging_mixin.py:188} INFO - [2024-07-07T22:29:34.521+0000] {dag.py:3096} INFO - Sync 2 DAGs
[2024-07-07T22:29:34.525+0000] {logging_mixin.py:188} INFO - [2024-07-07T22:29:34.525+0000] {dag.py:3954} INFO - Setting next_dagrun for example_external_task_marker_child to None, run_after=None
[2024-07-07T22:29:34.526+0000] {logging_mixin.py:188} INFO - [2024-07-07T22:29:34.526+0000] {dag.py:3954} INFO - Setting next_dagrun for example_external_task_marker_parent to None, run_after=None
[2024-07-07T22:29:34.531+0000] {processor.py:183} INFO - Processing /home/airflow/.local/lib/python3.12/site-packages/airflow/example_dags/example_external_task_marker_dag.py took 0.024 seconds
[2024-07-07T22:30:05.034+0000] {processor.py:161} INFO - Started process (PID=1771) to work on /home/airflow/.local/lib/python3.12/site-packages/airflow/example_dags/example_external_task_marker_dag.py
[2024-07-07T22:30:05.034+0000] {processor.py:830} INFO - Processing file /home/airflow/.local/lib/python3.12/site-packages/airflow/example_dags/example_external_task_marker_dag.py for tasks to queue
[2024-07-07T22:30:05.035+0000] {logging_mixin.py:188} INFO - [2024-07-07T22:30:05.035+0000] {dagbag.py:545} INFO - Filling up the DagBag from /home/airflow/.local/lib/python3.12/site-packages/airflow/example_dags/example_external_task_marker_dag.py
[2024-07-07T22:30:05.038+0000] {processor.py:840} INFO - DAG(s) 'example_external_task_marker_child', 'example_external_task_marker_parent' retrieved from /home/airflow/.local/lib/python3.12/site-packages/airflow/example_dags/example_external_task_marker_dag.py
[2024-07-07T22:30:05.046+0000] {logging_mixin.py:188} INFO - [2024-07-07T22:30:05.046+0000] {dag.py:3096} INFO - Sync 2 DAGs
[2024-07-07T22:30:05.050+0000] {logging_mixin.py:188} INFO - [2024-07-07T22:30:05.050+0000] {dag.py:3954} INFO - Setting next_dagrun for example_external_task_marker_child to None, run_after=None
[2024-07-07T22:30:05.052+0000] {logging_mixin.py:188} INFO - [2024-07-07T22:30:05.052+0000] {dag.py:3954} INFO - Setting next_dagrun for example_external_task_marker_parent to None, run_after=None
[2024-07-07T22:30:05.057+0000] {processor.py:183} INFO - Processing /home/airflow/.local/lib/python3.12/site-packages/airflow/example_dags/example_external_task_marker_dag.py took 0.025 seconds
[2024-07-07T22:30:35.605+0000] {processor.py:161} INFO - Started process (PID=1823) to work on /home/airflow/.local/lib/python3.12/site-packages/airflow/example_dags/example_external_task_marker_dag.py
[2024-07-07T22:30:35.606+0000] {processor.py:830} INFO - Processing file /home/airflow/.local/lib/python3.12/site-packages/airflow/example_dags/example_external_task_marker_dag.py for tasks to queue
[2024-07-07T22:30:35.606+0000] {logging_mixin.py:188} INFO - [2024-07-07T22:30:35.606+0000] {dagbag.py:545} INFO - Filling up the DagBag from /home/airflow/.local/lib/python3.12/site-packages/airflow/example_dags/example_external_task_marker_dag.py
[2024-07-07T22:30:35.609+0000] {processor.py:840} INFO - DAG(s) 'example_external_task_marker_child', 'example_external_task_marker_parent' retrieved from /home/airflow/.local/lib/python3.12/site-packages/airflow/example_dags/example_external_task_marker_dag.py
[2024-07-07T22:30:35.616+0000] {logging_mixin.py:188} INFO - [2024-07-07T22:30:35.616+0000] {dag.py:3096} INFO - Sync 2 DAGs
[2024-07-07T22:30:35.676+0000] {logging_mixin.py:188} INFO - [2024-07-07T22:30:35.676+0000] {dag.py:3954} INFO - Setting next_dagrun for example_external_task_marker_child to None, run_after=None
[2024-07-07T22:30:35.678+0000] {logging_mixin.py:188} INFO - [2024-07-07T22:30:35.678+0000] {dag.py:3954} INFO - Setting next_dagrun for example_external_task_marker_parent to None, run_after=None
[2024-07-07T22:30:35.683+0000] {processor.py:183} INFO - Processing /home/airflow/.local/lib/python3.12/site-packages/airflow/example_dags/example_external_task_marker_dag.py took 0.079 seconds
[2024-07-07T22:31:06.485+0000] {processor.py:161} INFO - Started process (PID=1875) to work on /home/airflow/.local/lib/python3.12/site-packages/airflow/example_dags/example_external_task_marker_dag.py
[2024-07-07T22:31:06.485+0000] {processor.py:830} INFO - Processing file /home/airflow/.local/lib/python3.12/site-packages/airflow/example_dags/example_external_task_marker_dag.py for tasks to queue
[2024-07-07T22:31:06.486+0000] {logging_mixin.py:188} INFO - [2024-07-07T22:31:06.486+0000] {dagbag.py:545} INFO - Filling up the DagBag from /home/airflow/.local/lib/python3.12/site-packages/airflow/example_dags/example_external_task_marker_dag.py
[2024-07-07T22:31:06.489+0000] {processor.py:840} INFO - DAG(s) 'example_external_task_marker_child', 'example_external_task_marker_parent' retrieved from /home/airflow/.local/lib/python3.12/site-packages/airflow/example_dags/example_external_task_marker_dag.py
[2024-07-07T22:31:06.498+0000] {logging_mixin.py:188} INFO - [2024-07-07T22:31:06.498+0000] {dag.py:3096} INFO - Sync 2 DAGs
[2024-07-07T22:31:06.503+0000] {logging_mixin.py:188} INFO - [2024-07-07T22:31:06.503+0000] {dag.py:3954} INFO - Setting next_dagrun for example_external_task_marker_child to None, run_after=None
[2024-07-07T22:31:06.505+0000] {logging_mixin.py:188} INFO - [2024-07-07T22:31:06.505+0000] {dag.py:3954} INFO - Setting next_dagrun for example_external_task_marker_parent to None, run_after=None
[2024-07-07T22:31:06.511+0000] {processor.py:183} INFO - Processing /home/airflow/.local/lib/python3.12/site-packages/airflow/example_dags/example_external_task_marker_dag.py took 0.029 seconds
[2024-07-07T22:31:37.446+0000] {processor.py:161} INFO - Started process (PID=1927) to work on /home/airflow/.local/lib/python3.12/site-packages/airflow/example_dags/example_external_task_marker_dag.py
[2024-07-07T22:31:37.447+0000] {processor.py:830} INFO - Processing file /home/airflow/.local/lib/python3.12/site-packages/airflow/example_dags/example_external_task_marker_dag.py for tasks to queue
[2024-07-07T22:31:37.447+0000] {logging_mixin.py:188} INFO - [2024-07-07T22:31:37.447+0000] {dagbag.py:545} INFO - Filling up the DagBag from /home/airflow/.local/lib/python3.12/site-packages/airflow/example_dags/example_external_task_marker_dag.py
[2024-07-07T22:31:37.450+0000] {processor.py:840} INFO - DAG(s) 'example_external_task_marker_parent', 'example_external_task_marker_child' retrieved from /home/airflow/.local/lib/python3.12/site-packages/airflow/example_dags/example_external_task_marker_dag.py
[2024-07-07T22:31:37.458+0000] {logging_mixin.py:188} INFO - [2024-07-07T22:31:37.458+0000] {dag.py:3096} INFO - Sync 2 DAGs
[2024-07-07T22:31:37.463+0000] {logging_mixin.py:188} INFO - [2024-07-07T22:31:37.463+0000] {dag.py:3954} INFO - Setting next_dagrun for example_external_task_marker_child to None, run_after=None
[2024-07-07T22:31:37.464+0000] {logging_mixin.py:188} INFO - [2024-07-07T22:31:37.464+0000] {dag.py:3954} INFO - Setting next_dagrun for example_external_task_marker_parent to None, run_after=None
[2024-07-07T22:31:37.470+0000] {processor.py:183} INFO - Processing /home/airflow/.local/lib/python3.12/site-packages/airflow/example_dags/example_external_task_marker_dag.py took 0.026 seconds
[2024-07-07T22:32:09.104+0000] {processor.py:161} INFO - Started process (PID=1979) to work on /home/airflow/.local/lib/python3.12/site-packages/airflow/example_dags/example_external_task_marker_dag.py
[2024-07-07T22:32:09.105+0000] {processor.py:830} INFO - Processing file /home/airflow/.local/lib/python3.12/site-packages/airflow/example_dags/example_external_task_marker_dag.py for tasks to queue
[2024-07-07T22:32:09.105+0000] {logging_mixin.py:188} INFO - [2024-07-07T22:32:09.105+0000] {dagbag.py:545} INFO - Filling up the DagBag from /home/airflow/.local/lib/python3.12/site-packages/airflow/example_dags/example_external_task_marker_dag.py
[2024-07-07T22:32:09.108+0000] {processor.py:840} INFO - DAG(s) 'example_external_task_marker_child', 'example_external_task_marker_parent' retrieved from /home/airflow/.local/lib/python3.12/site-packages/airflow/example_dags/example_external_task_marker_dag.py
[2024-07-07T22:32:09.117+0000] {logging_mixin.py:188} INFO - [2024-07-07T22:32:09.117+0000] {dag.py:3096} INFO - Sync 2 DAGs
[2024-07-07T22:32:09.121+0000] {logging_mixin.py:188} INFO - [2024-07-07T22:32:09.121+0000] {dag.py:3954} INFO - Setting next_dagrun for example_external_task_marker_child to None, run_after=None
[2024-07-07T22:32:09.123+0000] {logging_mixin.py:188} INFO - [2024-07-07T22:32:09.123+0000] {dag.py:3954} INFO - Setting next_dagrun for example_external_task_marker_parent to None, run_after=None
[2024-07-07T22:32:09.128+0000] {processor.py:183} INFO - Processing /home/airflow/.local/lib/python3.12/site-packages/airflow/example_dags/example_external_task_marker_dag.py took 0.026 seconds
[2024-07-07T22:32:39.545+0000] {processor.py:161} INFO - Started process (PID=2031) to work on /home/airflow/.local/lib/python3.12/site-packages/airflow/example_dags/example_external_task_marker_dag.py
[2024-07-07T22:32:39.546+0000] {processor.py:830} INFO - Processing file /home/airflow/.local/lib/python3.12/site-packages/airflow/example_dags/example_external_task_marker_dag.py for tasks to queue
[2024-07-07T22:32:39.547+0000] {logging_mixin.py:188} INFO - [2024-07-07T22:32:39.547+0000] {dagbag.py:545} INFO - Filling up the DagBag from /home/airflow/.local/lib/python3.12/site-packages/airflow/example_dags/example_external_task_marker_dag.py
[2024-07-07T22:32:39.549+0000] {processor.py:840} INFO - DAG(s) 'example_external_task_marker_child', 'example_external_task_marker_parent' retrieved from /home/airflow/.local/lib/python3.12/site-packages/airflow/example_dags/example_external_task_marker_dag.py
[2024-07-07T22:32:39.558+0000] {logging_mixin.py:188} INFO - [2024-07-07T22:32:39.558+0000] {dag.py:3096} INFO - Sync 2 DAGs
[2024-07-07T22:32:39.562+0000] {logging_mixin.py:188} INFO - [2024-07-07T22:32:39.562+0000] {dag.py:3954} INFO - Setting next_dagrun for example_external_task_marker_child to None, run_after=None
[2024-07-07T22:32:39.564+0000] {logging_mixin.py:188} INFO - [2024-07-07T22:32:39.564+0000] {dag.py:3954} INFO - Setting next_dagrun for example_external_task_marker_parent to None, run_after=None
[2024-07-07T22:32:39.569+0000] {processor.py:183} INFO - Processing /home/airflow/.local/lib/python3.12/site-packages/airflow/example_dags/example_external_task_marker_dag.py took 0.026 seconds
[2024-07-07T22:33:10.014+0000] {processor.py:161} INFO - Started process (PID=2083) to work on /home/airflow/.local/lib/python3.12/site-packages/airflow/example_dags/example_external_task_marker_dag.py
[2024-07-07T22:33:10.014+0000] {processor.py:830} INFO - Processing file /home/airflow/.local/lib/python3.12/site-packages/airflow/example_dags/example_external_task_marker_dag.py for tasks to queue
[2024-07-07T22:33:10.015+0000] {logging_mixin.py:188} INFO - [2024-07-07T22:33:10.015+0000] {dagbag.py:545} INFO - Filling up the DagBag from /home/airflow/.local/lib/python3.12/site-packages/airflow/example_dags/example_external_task_marker_dag.py
[2024-07-07T22:33:10.017+0000] {processor.py:840} INFO - DAG(s) 'example_external_task_marker_child', 'example_external_task_marker_parent' retrieved from /home/airflow/.local/lib/python3.12/site-packages/airflow/example_dags/example_external_task_marker_dag.py
[2024-07-07T22:33:10.027+0000] {logging_mixin.py:188} INFO - [2024-07-07T22:33:10.027+0000] {dag.py:3096} INFO - Sync 2 DAGs
[2024-07-07T22:33:10.032+0000] {logging_mixin.py:188} INFO - [2024-07-07T22:33:10.032+0000] {dag.py:3954} INFO - Setting next_dagrun for example_external_task_marker_child to None, run_after=None
[2024-07-07T22:33:10.034+0000] {logging_mixin.py:188} INFO - [2024-07-07T22:33:10.034+0000] {dag.py:3954} INFO - Setting next_dagrun for example_external_task_marker_parent to None, run_after=None
[2024-07-07T22:33:10.040+0000] {processor.py:183} INFO - Processing /home/airflow/.local/lib/python3.12/site-packages/airflow/example_dags/example_external_task_marker_dag.py took 0.029 seconds
[2024-07-07T22:33:40.477+0000] {processor.py:161} INFO - Started process (PID=2135) to work on /home/airflow/.local/lib/python3.12/site-packages/airflow/example_dags/example_external_task_marker_dag.py
[2024-07-07T22:33:40.477+0000] {processor.py:830} INFO - Processing file /home/airflow/.local/lib/python3.12/site-packages/airflow/example_dags/example_external_task_marker_dag.py for tasks to queue
[2024-07-07T22:33:40.478+0000] {logging_mixin.py:188} INFO - [2024-07-07T22:33:40.478+0000] {dagbag.py:545} INFO - Filling up the DagBag from /home/airflow/.local/lib/python3.12/site-packages/airflow/example_dags/example_external_task_marker_dag.py
[2024-07-07T22:33:40.480+0000] {processor.py:840} INFO - DAG(s) 'example_external_task_marker_child', 'example_external_task_marker_parent' retrieved from /home/airflow/.local/lib/python3.12/site-packages/airflow/example_dags/example_external_task_marker_dag.py
[2024-07-07T22:33:40.489+0000] {logging_mixin.py:188} INFO - [2024-07-07T22:33:40.489+0000] {dag.py:3096} INFO - Sync 2 DAGs
[2024-07-07T22:33:40.494+0000] {logging_mixin.py:188} INFO - [2024-07-07T22:33:40.494+0000] {dag.py:3954} INFO - Setting next_dagrun for example_external_task_marker_child to None, run_after=None
[2024-07-07T22:33:40.495+0000] {logging_mixin.py:188} INFO - [2024-07-07T22:33:40.495+0000] {dag.py:3954} INFO - Setting next_dagrun for example_external_task_marker_parent to None, run_after=None
[2024-07-07T22:33:40.501+0000] {processor.py:183} INFO - Processing /home/airflow/.local/lib/python3.12/site-packages/airflow/example_dags/example_external_task_marker_dag.py took 0.027 seconds
