[2024-07-07T22:13:08.962+0000] {processor.py:161} INFO - Started process (PID=58) to work on /home/airflow/.local/lib/python3.12/site-packages/airflow/example_dags/example_display_name.py
[2024-07-07T22:13:08.962+0000] {processor.py:830} INFO - Processing file /home/airflow/.local/lib/python3.12/site-packages/airflow/example_dags/example_display_name.py for tasks to queue
[2024-07-07T22:13:08.963+0000] {logging_mixin.py:188} INFO - [2024-07-07T22:13:08.963+0000] {dagbag.py:545} INFO - Filling up the DagBag from /home/airflow/.local/lib/python3.12/site-packages/airflow/example_dags/example_display_name.py
[2024-07-07T22:13:08.966+0000] {processor.py:840} INFO - DAG(s) 'example_display_name' retrieved from /home/airflow/.local/lib/python3.12/site-packages/airflow/example_dags/example_display_name.py
[2024-07-07T22:13:09.001+0000] {logging_mixin.py:188} INFO - [2024-07-07T22:13:09.001+0000] {override.py:1829} INFO - Created Permission View: can edit on DAG:example_display_name
[2024-07-07T22:13:09.004+0000] {logging_mixin.py:188} INFO - [2024-07-07T22:13:09.004+0000] {override.py:1829} INFO - Created Permission View: can read on DAG:example_display_name
[2024-07-07T22:13:09.006+0000] {logging_mixin.py:188} INFO - [2024-07-07T22:13:09.006+0000] {override.py:1829} INFO - Created Permission View: can delete on DAG:example_display_name
[2024-07-07T22:13:09.006+0000] {logging_mixin.py:188} INFO - [2024-07-07T22:13:09.006+0000] {dag.py:3096} INFO - Sync 1 DAGs
[2024-07-07T22:13:09.010+0000] {logging_mixin.py:188} INFO - [2024-07-07T22:13:09.010+0000] {dag.py:3118} INFO - Creating ORM DAG for example_display_name
[2024-07-07T22:13:09.010+0000] {logging_mixin.py:188} INFO - [2024-07-07T22:13:09.010+0000] {dag.py:3954} INFO - Setting next_dagrun for example_display_name to None, run_after=None
[2024-07-07T22:13:09.016+0000] {processor.py:183} INFO - Processing /home/airflow/.local/lib/python3.12/site-packages/airflow/example_dags/example_display_name.py took 0.056 seconds
[2024-07-07T22:13:53.571+0000] {processor.py:161} INFO - Started process (PID=58) to work on /home/airflow/.local/lib/python3.12/site-packages/airflow/example_dags/example_display_name.py
[2024-07-07T22:13:53.572+0000] {processor.py:830} INFO - Processing file /home/airflow/.local/lib/python3.12/site-packages/airflow/example_dags/example_display_name.py for tasks to queue
[2024-07-07T22:13:53.574+0000] {logging_mixin.py:188} INFO - [2024-07-07T22:13:53.573+0000] {dagbag.py:545} INFO - Filling up the DagBag from /home/airflow/.local/lib/python3.12/site-packages/airflow/example_dags/example_display_name.py
[2024-07-07T22:13:53.578+0000] {processor.py:840} INFO - DAG(s) 'example_display_name' retrieved from /home/airflow/.local/lib/python3.12/site-packages/airflow/example_dags/example_display_name.py
[2024-07-07T22:13:53.586+0000] {logging_mixin.py:188} INFO - [2024-07-07T22:13:53.586+0000] {dag.py:3096} INFO - Sync 1 DAGs
[2024-07-07T22:13:53.599+0000] {logging_mixin.py:188} INFO - [2024-07-07T22:13:53.598+0000] {dag.py:3954} INFO - Setting next_dagrun for example_display_name to None, run_after=None
[2024-07-07T22:13:53.615+0000] {processor.py:183} INFO - Processing /home/airflow/.local/lib/python3.12/site-packages/airflow/example_dags/example_display_name.py took 0.048 seconds
[2024-07-07T22:14:23.665+0000] {processor.py:161} INFO - Started process (PID=110) to work on /home/airflow/.local/lib/python3.12/site-packages/airflow/example_dags/example_display_name.py
[2024-07-07T22:14:23.665+0000] {processor.py:830} INFO - Processing file /home/airflow/.local/lib/python3.12/site-packages/airflow/example_dags/example_display_name.py for tasks to queue
[2024-07-07T22:14:23.666+0000] {logging_mixin.py:188} INFO - [2024-07-07T22:14:23.666+0000] {dagbag.py:545} INFO - Filling up the DagBag from /home/airflow/.local/lib/python3.12/site-packages/airflow/example_dags/example_display_name.py
[2024-07-07T22:14:23.668+0000] {processor.py:840} INFO - DAG(s) 'example_display_name' retrieved from /home/airflow/.local/lib/python3.12/site-packages/airflow/example_dags/example_display_name.py
[2024-07-07T22:14:23.703+0000] {logging_mixin.py:188} INFO - [2024-07-07T22:14:23.703+0000] {dag.py:3096} INFO - Sync 1 DAGs
[2024-07-07T22:14:23.707+0000] {logging_mixin.py:188} INFO - [2024-07-07T22:14:23.707+0000] {dag.py:3954} INFO - Setting next_dagrun for example_display_name to None, run_after=None
[2024-07-07T22:14:23.714+0000] {processor.py:183} INFO - Processing /home/airflow/.local/lib/python3.12/site-packages/airflow/example_dags/example_display_name.py took 0.052 seconds
[2024-07-07T22:14:54.584+0000] {processor.py:161} INFO - Started process (PID=162) to work on /home/airflow/.local/lib/python3.12/site-packages/airflow/example_dags/example_display_name.py
[2024-07-07T22:14:54.585+0000] {processor.py:830} INFO - Processing file /home/airflow/.local/lib/python3.12/site-packages/airflow/example_dags/example_display_name.py for tasks to queue
[2024-07-07T22:14:54.585+0000] {logging_mixin.py:188} INFO - [2024-07-07T22:14:54.585+0000] {dagbag.py:545} INFO - Filling up the DagBag from /home/airflow/.local/lib/python3.12/site-packages/airflow/example_dags/example_display_name.py
[2024-07-07T22:14:54.588+0000] {processor.py:840} INFO - DAG(s) 'example_display_name' retrieved from /home/airflow/.local/lib/python3.12/site-packages/airflow/example_dags/example_display_name.py
[2024-07-07T22:14:54.594+0000] {logging_mixin.py:188} INFO - [2024-07-07T22:14:54.594+0000] {dag.py:3096} INFO - Sync 1 DAGs
[2024-07-07T22:14:54.598+0000] {logging_mixin.py:188} INFO - [2024-07-07T22:14:54.598+0000] {dag.py:3954} INFO - Setting next_dagrun for example_display_name to None, run_after=None
[2024-07-07T22:14:54.604+0000] {processor.py:183} INFO - Processing /home/airflow/.local/lib/python3.12/site-packages/airflow/example_dags/example_display_name.py took 0.021 seconds
[2024-07-07T22:15:24.848+0000] {processor.py:161} INFO - Started process (PID=214) to work on /home/airflow/.local/lib/python3.12/site-packages/airflow/example_dags/example_display_name.py
[2024-07-07T22:15:24.848+0000] {processor.py:830} INFO - Processing file /home/airflow/.local/lib/python3.12/site-packages/airflow/example_dags/example_display_name.py for tasks to queue
[2024-07-07T22:15:24.849+0000] {logging_mixin.py:188} INFO - [2024-07-07T22:15:24.849+0000] {dagbag.py:545} INFO - Filling up the DagBag from /home/airflow/.local/lib/python3.12/site-packages/airflow/example_dags/example_display_name.py
[2024-07-07T22:15:24.851+0000] {processor.py:840} INFO - DAG(s) 'example_display_name' retrieved from /home/airflow/.local/lib/python3.12/site-packages/airflow/example_dags/example_display_name.py
[2024-07-07T22:15:24.858+0000] {logging_mixin.py:188} INFO - [2024-07-07T22:15:24.858+0000] {dag.py:3096} INFO - Sync 1 DAGs
[2024-07-07T22:15:24.863+0000] {logging_mixin.py:188} INFO - [2024-07-07T22:15:24.863+0000] {dag.py:3954} INFO - Setting next_dagrun for example_display_name to None, run_after=None
[2024-07-07T22:15:24.869+0000] {processor.py:183} INFO - Processing /home/airflow/.local/lib/python3.12/site-packages/airflow/example_dags/example_display_name.py took 0.024 seconds
[2024-07-07T22:15:55.075+0000] {processor.py:161} INFO - Started process (PID=279) to work on /home/airflow/.local/lib/python3.12/site-packages/airflow/example_dags/example_display_name.py
[2024-07-07T22:15:55.075+0000] {processor.py:830} INFO - Processing file /home/airflow/.local/lib/python3.12/site-packages/airflow/example_dags/example_display_name.py for tasks to queue
[2024-07-07T22:15:55.076+0000] {logging_mixin.py:188} INFO - [2024-07-07T22:15:55.076+0000] {dagbag.py:545} INFO - Filling up the DagBag from /home/airflow/.local/lib/python3.12/site-packages/airflow/example_dags/example_display_name.py
[2024-07-07T22:15:55.078+0000] {processor.py:840} INFO - DAG(s) 'example_display_name' retrieved from /home/airflow/.local/lib/python3.12/site-packages/airflow/example_dags/example_display_name.py
[2024-07-07T22:15:55.085+0000] {logging_mixin.py:188} INFO - [2024-07-07T22:15:55.085+0000] {dag.py:3096} INFO - Sync 1 DAGs
[2024-07-07T22:15:55.089+0000] {logging_mixin.py:188} INFO - [2024-07-07T22:15:55.089+0000] {dag.py:3954} INFO - Setting next_dagrun for example_display_name to None, run_after=None
[2024-07-07T22:15:55.096+0000] {processor.py:183} INFO - Processing /home/airflow/.local/lib/python3.12/site-packages/airflow/example_dags/example_display_name.py took 0.023 seconds
[2024-07-07T22:16:25.301+0000] {processor.py:161} INFO - Started process (PID=338) to work on /home/airflow/.local/lib/python3.12/site-packages/airflow/example_dags/example_display_name.py
[2024-07-07T22:16:25.302+0000] {processor.py:830} INFO - Processing file /home/airflow/.local/lib/python3.12/site-packages/airflow/example_dags/example_display_name.py for tasks to queue
[2024-07-07T22:16:25.303+0000] {logging_mixin.py:188} INFO - [2024-07-07T22:16:25.302+0000] {dagbag.py:545} INFO - Filling up the DagBag from /home/airflow/.local/lib/python3.12/site-packages/airflow/example_dags/example_display_name.py
[2024-07-07T22:16:25.305+0000] {processor.py:840} INFO - DAG(s) 'example_display_name' retrieved from /home/airflow/.local/lib/python3.12/site-packages/airflow/example_dags/example_display_name.py
[2024-07-07T22:16:25.313+0000] {logging_mixin.py:188} INFO - [2024-07-07T22:16:25.313+0000] {dag.py:3096} INFO - Sync 1 DAGs
[2024-07-07T22:16:25.318+0000] {logging_mixin.py:188} INFO - [2024-07-07T22:16:25.318+0000] {dag.py:3954} INFO - Setting next_dagrun for example_display_name to None, run_after=None
[2024-07-07T22:16:25.324+0000] {processor.py:183} INFO - Processing /home/airflow/.local/lib/python3.12/site-packages/airflow/example_dags/example_display_name.py took 0.025 seconds
[2024-07-07T22:16:55.519+0000] {processor.py:161} INFO - Started process (PID=404) to work on /home/airflow/.local/lib/python3.12/site-packages/airflow/example_dags/example_display_name.py
[2024-07-07T22:16:55.520+0000] {processor.py:830} INFO - Processing file /home/airflow/.local/lib/python3.12/site-packages/airflow/example_dags/example_display_name.py for tasks to queue
[2024-07-07T22:16:55.520+0000] {logging_mixin.py:188} INFO - [2024-07-07T22:16:55.520+0000] {dagbag.py:545} INFO - Filling up the DagBag from /home/airflow/.local/lib/python3.12/site-packages/airflow/example_dags/example_display_name.py
[2024-07-07T22:16:55.522+0000] {processor.py:840} INFO - DAG(s) 'example_display_name' retrieved from /home/airflow/.local/lib/python3.12/site-packages/airflow/example_dags/example_display_name.py
[2024-07-07T22:16:55.530+0000] {logging_mixin.py:188} INFO - [2024-07-07T22:16:55.529+0000] {dag.py:3096} INFO - Sync 1 DAGs
[2024-07-07T22:16:55.535+0000] {logging_mixin.py:188} INFO - [2024-07-07T22:16:55.535+0000] {dag.py:3954} INFO - Setting next_dagrun for example_display_name to None, run_after=None
[2024-07-07T22:16:55.541+0000] {processor.py:183} INFO - Processing /home/airflow/.local/lib/python3.12/site-packages/airflow/example_dags/example_display_name.py took 0.024 seconds
[2024-07-07T22:17:25.775+0000] {processor.py:161} INFO - Started process (PID=457) to work on /home/airflow/.local/lib/python3.12/site-packages/airflow/example_dags/example_display_name.py
[2024-07-07T22:17:25.776+0000] {processor.py:830} INFO - Processing file /home/airflow/.local/lib/python3.12/site-packages/airflow/example_dags/example_display_name.py for tasks to queue
[2024-07-07T22:17:25.776+0000] {logging_mixin.py:188} INFO - [2024-07-07T22:17:25.776+0000] {dagbag.py:545} INFO - Filling up the DagBag from /home/airflow/.local/lib/python3.12/site-packages/airflow/example_dags/example_display_name.py
[2024-07-07T22:17:25.782+0000] {processor.py:840} INFO - DAG(s) 'example_display_name' retrieved from /home/airflow/.local/lib/python3.12/site-packages/airflow/example_dags/example_display_name.py
[2024-07-07T22:17:25.791+0000] {logging_mixin.py:188} INFO - [2024-07-07T22:17:25.791+0000] {dag.py:3096} INFO - Sync 1 DAGs
[2024-07-07T22:17:25.796+0000] {logging_mixin.py:188} INFO - [2024-07-07T22:17:25.796+0000] {dag.py:3954} INFO - Setting next_dagrun for example_display_name to None, run_after=None
[2024-07-07T22:17:25.803+0000] {processor.py:183} INFO - Processing /home/airflow/.local/lib/python3.12/site-packages/airflow/example_dags/example_display_name.py took 0.030 seconds
[2024-07-07T22:17:56.115+0000] {processor.py:161} INFO - Started process (PID=511) to work on /home/airflow/.local/lib/python3.12/site-packages/airflow/example_dags/example_display_name.py
[2024-07-07T22:17:56.115+0000] {processor.py:830} INFO - Processing file /home/airflow/.local/lib/python3.12/site-packages/airflow/example_dags/example_display_name.py for tasks to queue
[2024-07-07T22:17:56.116+0000] {logging_mixin.py:188} INFO - [2024-07-07T22:17:56.116+0000] {dagbag.py:545} INFO - Filling up the DagBag from /home/airflow/.local/lib/python3.12/site-packages/airflow/example_dags/example_display_name.py
[2024-07-07T22:17:56.119+0000] {processor.py:840} INFO - DAG(s) 'example_display_name' retrieved from /home/airflow/.local/lib/python3.12/site-packages/airflow/example_dags/example_display_name.py
[2024-07-07T22:17:56.128+0000] {logging_mixin.py:188} INFO - [2024-07-07T22:17:56.128+0000] {dag.py:3096} INFO - Sync 1 DAGs
[2024-07-07T22:17:56.133+0000] {logging_mixin.py:188} INFO - [2024-07-07T22:17:56.133+0000] {dag.py:3954} INFO - Setting next_dagrun for example_display_name to None, run_after=None
[2024-07-07T22:17:56.141+0000] {processor.py:183} INFO - Processing /home/airflow/.local/lib/python3.12/site-packages/airflow/example_dags/example_display_name.py took 0.029 seconds
[2024-07-07T22:18:26.625+0000] {processor.py:161} INFO - Started process (PID=563) to work on /home/airflow/.local/lib/python3.12/site-packages/airflow/example_dags/example_display_name.py
[2024-07-07T22:18:26.625+0000] {processor.py:830} INFO - Processing file /home/airflow/.local/lib/python3.12/site-packages/airflow/example_dags/example_display_name.py for tasks to queue
[2024-07-07T22:18:26.626+0000] {logging_mixin.py:188} INFO - [2024-07-07T22:18:26.626+0000] {dagbag.py:545} INFO - Filling up the DagBag from /home/airflow/.local/lib/python3.12/site-packages/airflow/example_dags/example_display_name.py
[2024-07-07T22:18:26.628+0000] {processor.py:840} INFO - DAG(s) 'example_display_name' retrieved from /home/airflow/.local/lib/python3.12/site-packages/airflow/example_dags/example_display_name.py
[2024-07-07T22:18:26.636+0000] {logging_mixin.py:188} INFO - [2024-07-07T22:18:26.636+0000] {dag.py:3096} INFO - Sync 1 DAGs
[2024-07-07T22:18:26.641+0000] {logging_mixin.py:188} INFO - [2024-07-07T22:18:26.641+0000] {dag.py:3954} INFO - Setting next_dagrun for example_display_name to None, run_after=None
[2024-07-07T22:18:26.647+0000] {processor.py:183} INFO - Processing /home/airflow/.local/lib/python3.12/site-packages/airflow/example_dags/example_display_name.py took 0.024 seconds
[2024-07-07T22:18:56.947+0000] {processor.py:161} INFO - Started process (PID=615) to work on /home/airflow/.local/lib/python3.12/site-packages/airflow/example_dags/example_display_name.py
[2024-07-07T22:18:56.948+0000] {processor.py:830} INFO - Processing file /home/airflow/.local/lib/python3.12/site-packages/airflow/example_dags/example_display_name.py for tasks to queue
[2024-07-07T22:18:56.948+0000] {logging_mixin.py:188} INFO - [2024-07-07T22:18:56.948+0000] {dagbag.py:545} INFO - Filling up the DagBag from /home/airflow/.local/lib/python3.12/site-packages/airflow/example_dags/example_display_name.py
[2024-07-07T22:18:56.950+0000] {processor.py:840} INFO - DAG(s) 'example_display_name' retrieved from /home/airflow/.local/lib/python3.12/site-packages/airflow/example_dags/example_display_name.py
[2024-07-07T22:18:56.958+0000] {logging_mixin.py:188} INFO - [2024-07-07T22:18:56.958+0000] {dag.py:3096} INFO - Sync 1 DAGs
[2024-07-07T22:18:56.962+0000] {logging_mixin.py:188} INFO - [2024-07-07T22:18:56.962+0000] {dag.py:3954} INFO - Setting next_dagrun for example_display_name to None, run_after=None
[2024-07-07T22:18:56.969+0000] {processor.py:183} INFO - Processing /home/airflow/.local/lib/python3.12/site-packages/airflow/example_dags/example_display_name.py took 0.024 seconds
[2024-07-07T22:19:27.224+0000] {processor.py:161} INFO - Started process (PID=667) to work on /home/airflow/.local/lib/python3.12/site-packages/airflow/example_dags/example_display_name.py
[2024-07-07T22:19:27.225+0000] {processor.py:830} INFO - Processing file /home/airflow/.local/lib/python3.12/site-packages/airflow/example_dags/example_display_name.py for tasks to queue
[2024-07-07T22:19:27.226+0000] {logging_mixin.py:188} INFO - [2024-07-07T22:19:27.225+0000] {dagbag.py:545} INFO - Filling up the DagBag from /home/airflow/.local/lib/python3.12/site-packages/airflow/example_dags/example_display_name.py
[2024-07-07T22:19:27.228+0000] {processor.py:840} INFO - DAG(s) 'example_display_name' retrieved from /home/airflow/.local/lib/python3.12/site-packages/airflow/example_dags/example_display_name.py
[2024-07-07T22:19:27.236+0000] {logging_mixin.py:188} INFO - [2024-07-07T22:19:27.236+0000] {dag.py:3096} INFO - Sync 1 DAGs
[2024-07-07T22:19:27.240+0000] {logging_mixin.py:188} INFO - [2024-07-07T22:19:27.240+0000] {dag.py:3954} INFO - Setting next_dagrun for example_display_name to None, run_after=None
[2024-07-07T22:19:27.246+0000] {processor.py:183} INFO - Processing /home/airflow/.local/lib/python3.12/site-packages/airflow/example_dags/example_display_name.py took 0.025 seconds
[2024-07-07T22:19:57.511+0000] {processor.py:161} INFO - Started process (PID=719) to work on /home/airflow/.local/lib/python3.12/site-packages/airflow/example_dags/example_display_name.py
[2024-07-07T22:19:57.511+0000] {processor.py:830} INFO - Processing file /home/airflow/.local/lib/python3.12/site-packages/airflow/example_dags/example_display_name.py for tasks to queue
[2024-07-07T22:19:57.512+0000] {logging_mixin.py:188} INFO - [2024-07-07T22:19:57.512+0000] {dagbag.py:545} INFO - Filling up the DagBag from /home/airflow/.local/lib/python3.12/site-packages/airflow/example_dags/example_display_name.py
[2024-07-07T22:19:57.514+0000] {processor.py:840} INFO - DAG(s) 'example_display_name' retrieved from /home/airflow/.local/lib/python3.12/site-packages/airflow/example_dags/example_display_name.py
[2024-07-07T22:19:57.523+0000] {logging_mixin.py:188} INFO - [2024-07-07T22:19:57.522+0000] {dag.py:3096} INFO - Sync 1 DAGs
[2024-07-07T22:19:57.527+0000] {logging_mixin.py:188} INFO - [2024-07-07T22:19:57.527+0000] {dag.py:3954} INFO - Setting next_dagrun for example_display_name to None, run_after=None
[2024-07-07T22:19:57.533+0000] {processor.py:183} INFO - Processing /home/airflow/.local/lib/python3.12/site-packages/airflow/example_dags/example_display_name.py took 0.025 seconds
[2024-07-07T22:20:27.806+0000] {processor.py:161} INFO - Started process (PID=771) to work on /home/airflow/.local/lib/python3.12/site-packages/airflow/example_dags/example_display_name.py
[2024-07-07T22:20:27.807+0000] {processor.py:830} INFO - Processing file /home/airflow/.local/lib/python3.12/site-packages/airflow/example_dags/example_display_name.py for tasks to queue
[2024-07-07T22:20:27.807+0000] {logging_mixin.py:188} INFO - [2024-07-07T22:20:27.807+0000] {dagbag.py:545} INFO - Filling up the DagBag from /home/airflow/.local/lib/python3.12/site-packages/airflow/example_dags/example_display_name.py
[2024-07-07T22:20:27.810+0000] {processor.py:840} INFO - DAG(s) 'example_display_name' retrieved from /home/airflow/.local/lib/python3.12/site-packages/airflow/example_dags/example_display_name.py
[2024-07-07T22:20:27.819+0000] {logging_mixin.py:188} INFO - [2024-07-07T22:20:27.819+0000] {dag.py:3096} INFO - Sync 1 DAGs
[2024-07-07T22:20:27.825+0000] {logging_mixin.py:188} INFO - [2024-07-07T22:20:27.825+0000] {dag.py:3954} INFO - Setting next_dagrun for example_display_name to None, run_after=None
[2024-07-07T22:20:27.833+0000] {processor.py:183} INFO - Processing /home/airflow/.local/lib/python3.12/site-packages/airflow/example_dags/example_display_name.py took 0.029 seconds
[2024-07-07T22:20:58.109+0000] {processor.py:161} INFO - Started process (PID=823) to work on /home/airflow/.local/lib/python3.12/site-packages/airflow/example_dags/example_display_name.py
[2024-07-07T22:20:58.109+0000] {processor.py:830} INFO - Processing file /home/airflow/.local/lib/python3.12/site-packages/airflow/example_dags/example_display_name.py for tasks to queue
[2024-07-07T22:20:58.110+0000] {logging_mixin.py:188} INFO - [2024-07-07T22:20:58.110+0000] {dagbag.py:545} INFO - Filling up the DagBag from /home/airflow/.local/lib/python3.12/site-packages/airflow/example_dags/example_display_name.py
[2024-07-07T22:20:58.113+0000] {processor.py:840} INFO - DAG(s) 'example_display_name' retrieved from /home/airflow/.local/lib/python3.12/site-packages/airflow/example_dags/example_display_name.py
[2024-07-07T22:20:58.124+0000] {logging_mixin.py:188} INFO - [2024-07-07T22:20:58.124+0000] {dag.py:3096} INFO - Sync 1 DAGs
[2024-07-07T22:20:58.129+0000] {logging_mixin.py:188} INFO - [2024-07-07T22:20:58.129+0000] {dag.py:3954} INFO - Setting next_dagrun for example_display_name to None, run_after=None
[2024-07-07T22:20:58.136+0000] {processor.py:183} INFO - Processing /home/airflow/.local/lib/python3.12/site-packages/airflow/example_dags/example_display_name.py took 0.030 seconds
[2024-07-07T22:21:28.447+0000] {processor.py:161} INFO - Started process (PID=875) to work on /home/airflow/.local/lib/python3.12/site-packages/airflow/example_dags/example_display_name.py
[2024-07-07T22:21:28.448+0000] {processor.py:830} INFO - Processing file /home/airflow/.local/lib/python3.12/site-packages/airflow/example_dags/example_display_name.py for tasks to queue
[2024-07-07T22:21:28.449+0000] {logging_mixin.py:188} INFO - [2024-07-07T22:21:28.448+0000] {dagbag.py:545} INFO - Filling up the DagBag from /home/airflow/.local/lib/python3.12/site-packages/airflow/example_dags/example_display_name.py
[2024-07-07T22:21:28.451+0000] {processor.py:840} INFO - DAG(s) 'example_display_name' retrieved from /home/airflow/.local/lib/python3.12/site-packages/airflow/example_dags/example_display_name.py
[2024-07-07T22:21:28.458+0000] {logging_mixin.py:188} INFO - [2024-07-07T22:21:28.458+0000] {dag.py:3096} INFO - Sync 1 DAGs
[2024-07-07T22:21:28.463+0000] {logging_mixin.py:188} INFO - [2024-07-07T22:21:28.463+0000] {dag.py:3954} INFO - Setting next_dagrun for example_display_name to None, run_after=None
[2024-07-07T22:21:28.469+0000] {processor.py:183} INFO - Processing /home/airflow/.local/lib/python3.12/site-packages/airflow/example_dags/example_display_name.py took 0.024 seconds
[2024-07-07T22:21:58.770+0000] {processor.py:161} INFO - Started process (PID=927) to work on /home/airflow/.local/lib/python3.12/site-packages/airflow/example_dags/example_display_name.py
[2024-07-07T22:21:58.770+0000] {processor.py:830} INFO - Processing file /home/airflow/.local/lib/python3.12/site-packages/airflow/example_dags/example_display_name.py for tasks to queue
[2024-07-07T22:21:58.771+0000] {logging_mixin.py:188} INFO - [2024-07-07T22:21:58.771+0000] {dagbag.py:545} INFO - Filling up the DagBag from /home/airflow/.local/lib/python3.12/site-packages/airflow/example_dags/example_display_name.py
[2024-07-07T22:21:58.773+0000] {processor.py:840} INFO - DAG(s) 'example_display_name' retrieved from /home/airflow/.local/lib/python3.12/site-packages/airflow/example_dags/example_display_name.py
[2024-07-07T22:21:58.781+0000] {logging_mixin.py:188} INFO - [2024-07-07T22:21:58.780+0000] {dag.py:3096} INFO - Sync 1 DAGs
[2024-07-07T22:21:58.785+0000] {logging_mixin.py:188} INFO - [2024-07-07T22:21:58.785+0000] {dag.py:3954} INFO - Setting next_dagrun for example_display_name to None, run_after=None
[2024-07-07T22:21:58.791+0000] {processor.py:183} INFO - Processing /home/airflow/.local/lib/python3.12/site-packages/airflow/example_dags/example_display_name.py took 0.023 seconds
[2024-07-07T22:22:29.156+0000] {processor.py:161} INFO - Started process (PID=979) to work on /home/airflow/.local/lib/python3.12/site-packages/airflow/example_dags/example_display_name.py
[2024-07-07T22:22:29.157+0000] {processor.py:830} INFO - Processing file /home/airflow/.local/lib/python3.12/site-packages/airflow/example_dags/example_display_name.py for tasks to queue
[2024-07-07T22:22:29.158+0000] {logging_mixin.py:188} INFO - [2024-07-07T22:22:29.157+0000] {dagbag.py:545} INFO - Filling up the DagBag from /home/airflow/.local/lib/python3.12/site-packages/airflow/example_dags/example_display_name.py
[2024-07-07T22:22:29.161+0000] {processor.py:840} INFO - DAG(s) 'example_display_name' retrieved from /home/airflow/.local/lib/python3.12/site-packages/airflow/example_dags/example_display_name.py
[2024-07-07T22:22:29.169+0000] {logging_mixin.py:188} INFO - [2024-07-07T22:22:29.169+0000] {dag.py:3096} INFO - Sync 1 DAGs
[2024-07-07T22:22:29.174+0000] {logging_mixin.py:188} INFO - [2024-07-07T22:22:29.174+0000] {dag.py:3954} INFO - Setting next_dagrun for example_display_name to None, run_after=None
[2024-07-07T22:22:29.180+0000] {processor.py:183} INFO - Processing /home/airflow/.local/lib/python3.12/site-packages/airflow/example_dags/example_display_name.py took 0.026 seconds
[2024-07-07T22:22:59.511+0000] {processor.py:161} INFO - Started process (PID=1031) to work on /home/airflow/.local/lib/python3.12/site-packages/airflow/example_dags/example_display_name.py
[2024-07-07T22:22:59.511+0000] {processor.py:830} INFO - Processing file /home/airflow/.local/lib/python3.12/site-packages/airflow/example_dags/example_display_name.py for tasks to queue
[2024-07-07T22:22:59.512+0000] {logging_mixin.py:188} INFO - [2024-07-07T22:22:59.512+0000] {dagbag.py:545} INFO - Filling up the DagBag from /home/airflow/.local/lib/python3.12/site-packages/airflow/example_dags/example_display_name.py
[2024-07-07T22:22:59.514+0000] {processor.py:840} INFO - DAG(s) 'example_display_name' retrieved from /home/airflow/.local/lib/python3.12/site-packages/airflow/example_dags/example_display_name.py
[2024-07-07T22:22:59.522+0000] {logging_mixin.py:188} INFO - [2024-07-07T22:22:59.522+0000] {dag.py:3096} INFO - Sync 1 DAGs
[2024-07-07T22:22:59.527+0000] {logging_mixin.py:188} INFO - [2024-07-07T22:22:59.527+0000] {dag.py:3954} INFO - Setting next_dagrun for example_display_name to None, run_after=None
[2024-07-07T22:22:59.534+0000] {processor.py:183} INFO - Processing /home/airflow/.local/lib/python3.12/site-packages/airflow/example_dags/example_display_name.py took 0.026 seconds
[2024-07-07T22:23:29.805+0000] {processor.py:161} INFO - Started process (PID=1083) to work on /home/airflow/.local/lib/python3.12/site-packages/airflow/example_dags/example_display_name.py
[2024-07-07T22:23:29.805+0000] {processor.py:830} INFO - Processing file /home/airflow/.local/lib/python3.12/site-packages/airflow/example_dags/example_display_name.py for tasks to queue
[2024-07-07T22:23:29.806+0000] {logging_mixin.py:188} INFO - [2024-07-07T22:23:29.806+0000] {dagbag.py:545} INFO - Filling up the DagBag from /home/airflow/.local/lib/python3.12/site-packages/airflow/example_dags/example_display_name.py
[2024-07-07T22:23:29.808+0000] {processor.py:840} INFO - DAG(s) 'example_display_name' retrieved from /home/airflow/.local/lib/python3.12/site-packages/airflow/example_dags/example_display_name.py
[2024-07-07T22:23:29.816+0000] {logging_mixin.py:188} INFO - [2024-07-07T22:23:29.816+0000] {dag.py:3096} INFO - Sync 1 DAGs
[2024-07-07T22:23:29.820+0000] {logging_mixin.py:188} INFO - [2024-07-07T22:23:29.820+0000] {dag.py:3954} INFO - Setting next_dagrun for example_display_name to None, run_after=None
[2024-07-07T22:23:29.826+0000] {processor.py:183} INFO - Processing /home/airflow/.local/lib/python3.12/site-packages/airflow/example_dags/example_display_name.py took 0.024 seconds
[2024-07-07T22:24:00.183+0000] {processor.py:161} INFO - Started process (PID=1135) to work on /home/airflow/.local/lib/python3.12/site-packages/airflow/example_dags/example_display_name.py
[2024-07-07T22:24:00.186+0000] {processor.py:830} INFO - Processing file /home/airflow/.local/lib/python3.12/site-packages/airflow/example_dags/example_display_name.py for tasks to queue
[2024-07-07T22:24:00.187+0000] {logging_mixin.py:188} INFO - [2024-07-07T22:24:00.187+0000] {dagbag.py:545} INFO - Filling up the DagBag from /home/airflow/.local/lib/python3.12/site-packages/airflow/example_dags/example_display_name.py
[2024-07-07T22:24:00.190+0000] {processor.py:840} INFO - DAG(s) 'example_display_name' retrieved from /home/airflow/.local/lib/python3.12/site-packages/airflow/example_dags/example_display_name.py
[2024-07-07T22:24:00.197+0000] {logging_mixin.py:188} INFO - [2024-07-07T22:24:00.197+0000] {dag.py:3096} INFO - Sync 1 DAGs
[2024-07-07T22:24:00.202+0000] {logging_mixin.py:188} INFO - [2024-07-07T22:24:00.202+0000] {dag.py:3954} INFO - Setting next_dagrun for example_display_name to None, run_after=None
[2024-07-07T22:24:00.208+0000] {processor.py:183} INFO - Processing /home/airflow/.local/lib/python3.12/site-packages/airflow/example_dags/example_display_name.py took 0.027 seconds
[2024-07-07T22:24:30.507+0000] {processor.py:161} INFO - Started process (PID=1187) to work on /home/airflow/.local/lib/python3.12/site-packages/airflow/example_dags/example_display_name.py
[2024-07-07T22:24:30.507+0000] {processor.py:830} INFO - Processing file /home/airflow/.local/lib/python3.12/site-packages/airflow/example_dags/example_display_name.py for tasks to queue
[2024-07-07T22:24:30.508+0000] {logging_mixin.py:188} INFO - [2024-07-07T22:24:30.508+0000] {dagbag.py:545} INFO - Filling up the DagBag from /home/airflow/.local/lib/python3.12/site-packages/airflow/example_dags/example_display_name.py
[2024-07-07T22:24:30.510+0000] {processor.py:840} INFO - DAG(s) 'example_display_name' retrieved from /home/airflow/.local/lib/python3.12/site-packages/airflow/example_dags/example_display_name.py
[2024-07-07T22:24:30.518+0000] {logging_mixin.py:188} INFO - [2024-07-07T22:24:30.518+0000] {dag.py:3096} INFO - Sync 1 DAGs
[2024-07-07T22:24:30.522+0000] {logging_mixin.py:188} INFO - [2024-07-07T22:24:30.522+0000] {dag.py:3954} INFO - Setting next_dagrun for example_display_name to None, run_after=None
[2024-07-07T22:24:30.528+0000] {processor.py:183} INFO - Processing /home/airflow/.local/lib/python3.12/site-packages/airflow/example_dags/example_display_name.py took 0.024 seconds
[2024-07-07T22:25:01.018+0000] {processor.py:161} INFO - Started process (PID=1239) to work on /home/airflow/.local/lib/python3.12/site-packages/airflow/example_dags/example_display_name.py
[2024-07-07T22:25:01.019+0000] {processor.py:830} INFO - Processing file /home/airflow/.local/lib/python3.12/site-packages/airflow/example_dags/example_display_name.py for tasks to queue
[2024-07-07T22:25:01.019+0000] {logging_mixin.py:188} INFO - [2024-07-07T22:25:01.019+0000] {dagbag.py:545} INFO - Filling up the DagBag from /home/airflow/.local/lib/python3.12/site-packages/airflow/example_dags/example_display_name.py
[2024-07-07T22:25:01.022+0000] {processor.py:840} INFO - DAG(s) 'example_display_name' retrieved from /home/airflow/.local/lib/python3.12/site-packages/airflow/example_dags/example_display_name.py
[2024-07-07T22:25:01.031+0000] {logging_mixin.py:188} INFO - [2024-07-07T22:25:01.031+0000] {dag.py:3096} INFO - Sync 1 DAGs
[2024-07-07T22:25:01.037+0000] {logging_mixin.py:188} INFO - [2024-07-07T22:25:01.036+0000] {dag.py:3954} INFO - Setting next_dagrun for example_display_name to None, run_after=None
[2024-07-07T22:25:01.044+0000] {processor.py:183} INFO - Processing /home/airflow/.local/lib/python3.12/site-packages/airflow/example_dags/example_display_name.py took 0.028 seconds
[2024-07-07T22:25:31.519+0000] {processor.py:161} INFO - Started process (PID=1291) to work on /home/airflow/.local/lib/python3.12/site-packages/airflow/example_dags/example_display_name.py
[2024-07-07T22:25:31.519+0000] {processor.py:830} INFO - Processing file /home/airflow/.local/lib/python3.12/site-packages/airflow/example_dags/example_display_name.py for tasks to queue
[2024-07-07T22:25:31.520+0000] {logging_mixin.py:188} INFO - [2024-07-07T22:25:31.520+0000] {dagbag.py:545} INFO - Filling up the DagBag from /home/airflow/.local/lib/python3.12/site-packages/airflow/example_dags/example_display_name.py
[2024-07-07T22:25:31.522+0000] {processor.py:840} INFO - DAG(s) 'example_display_name' retrieved from /home/airflow/.local/lib/python3.12/site-packages/airflow/example_dags/example_display_name.py
[2024-07-07T22:25:31.530+0000] {logging_mixin.py:188} INFO - [2024-07-07T22:25:31.530+0000] {dag.py:3096} INFO - Sync 1 DAGs
[2024-07-07T22:25:31.535+0000] {logging_mixin.py:188} INFO - [2024-07-07T22:25:31.535+0000] {dag.py:3954} INFO - Setting next_dagrun for example_display_name to None, run_after=None
[2024-07-07T22:25:31.541+0000] {processor.py:183} INFO - Processing /home/airflow/.local/lib/python3.12/site-packages/airflow/example_dags/example_display_name.py took 0.025 seconds
[2024-07-07T22:26:01.987+0000] {processor.py:161} INFO - Started process (PID=1343) to work on /home/airflow/.local/lib/python3.12/site-packages/airflow/example_dags/example_display_name.py
[2024-07-07T22:26:01.988+0000] {processor.py:830} INFO - Processing file /home/airflow/.local/lib/python3.12/site-packages/airflow/example_dags/example_display_name.py for tasks to queue
[2024-07-07T22:26:01.989+0000] {logging_mixin.py:188} INFO - [2024-07-07T22:26:01.989+0000] {dagbag.py:545} INFO - Filling up the DagBag from /home/airflow/.local/lib/python3.12/site-packages/airflow/example_dags/example_display_name.py
[2024-07-07T22:26:01.992+0000] {processor.py:840} INFO - DAG(s) 'example_display_name' retrieved from /home/airflow/.local/lib/python3.12/site-packages/airflow/example_dags/example_display_name.py
[2024-07-07T22:26:02.003+0000] {logging_mixin.py:188} INFO - [2024-07-07T22:26:02.002+0000] {dag.py:3096} INFO - Sync 1 DAGs
[2024-07-07T22:26:02.008+0000] {logging_mixin.py:188} INFO - [2024-07-07T22:26:02.008+0000] {dag.py:3954} INFO - Setting next_dagrun for example_display_name to None, run_after=None
[2024-07-07T22:26:02.015+0000] {processor.py:183} INFO - Processing /home/airflow/.local/lib/python3.12/site-packages/airflow/example_dags/example_display_name.py took 0.031 seconds
[2024-07-07T22:26:32.376+0000] {processor.py:161} INFO - Started process (PID=1395) to work on /home/airflow/.local/lib/python3.12/site-packages/airflow/example_dags/example_display_name.py
[2024-07-07T22:26:32.376+0000] {processor.py:830} INFO - Processing file /home/airflow/.local/lib/python3.12/site-packages/airflow/example_dags/example_display_name.py for tasks to queue
[2024-07-07T22:26:32.377+0000] {logging_mixin.py:188} INFO - [2024-07-07T22:26:32.377+0000] {dagbag.py:545} INFO - Filling up the DagBag from /home/airflow/.local/lib/python3.12/site-packages/airflow/example_dags/example_display_name.py
[2024-07-07T22:26:32.379+0000] {processor.py:840} INFO - DAG(s) 'example_display_name' retrieved from /home/airflow/.local/lib/python3.12/site-packages/airflow/example_dags/example_display_name.py
[2024-07-07T22:26:32.386+0000] {logging_mixin.py:188} INFO - [2024-07-07T22:26:32.386+0000] {dag.py:3096} INFO - Sync 1 DAGs
[2024-07-07T22:26:32.391+0000] {logging_mixin.py:188} INFO - [2024-07-07T22:26:32.391+0000] {dag.py:3954} INFO - Setting next_dagrun for example_display_name to None, run_after=None
[2024-07-07T22:26:32.397+0000] {processor.py:183} INFO - Processing /home/airflow/.local/lib/python3.12/site-packages/airflow/example_dags/example_display_name.py took 0.023 seconds
[2024-07-07T22:27:02.676+0000] {processor.py:161} INFO - Started process (PID=1447) to work on /home/airflow/.local/lib/python3.12/site-packages/airflow/example_dags/example_display_name.py
[2024-07-07T22:27:02.676+0000] {processor.py:830} INFO - Processing file /home/airflow/.local/lib/python3.12/site-packages/airflow/example_dags/example_display_name.py for tasks to queue
[2024-07-07T22:27:02.677+0000] {logging_mixin.py:188} INFO - [2024-07-07T22:27:02.676+0000] {dagbag.py:545} INFO - Filling up the DagBag from /home/airflow/.local/lib/python3.12/site-packages/airflow/example_dags/example_display_name.py
[2024-07-07T22:27:02.679+0000] {processor.py:840} INFO - DAG(s) 'example_display_name' retrieved from /home/airflow/.local/lib/python3.12/site-packages/airflow/example_dags/example_display_name.py
[2024-07-07T22:27:02.686+0000] {logging_mixin.py:188} INFO - [2024-07-07T22:27:02.686+0000] {dag.py:3096} INFO - Sync 1 DAGs
[2024-07-07T22:27:02.691+0000] {logging_mixin.py:188} INFO - [2024-07-07T22:27:02.691+0000] {dag.py:3954} INFO - Setting next_dagrun for example_display_name to None, run_after=None
[2024-07-07T22:27:02.697+0000] {processor.py:183} INFO - Processing /home/airflow/.local/lib/python3.12/site-packages/airflow/example_dags/example_display_name.py took 0.024 seconds
[2024-07-07T22:27:32.924+0000] {processor.py:161} INFO - Started process (PID=1499) to work on /home/airflow/.local/lib/python3.12/site-packages/airflow/example_dags/example_display_name.py
[2024-07-07T22:27:32.924+0000] {processor.py:830} INFO - Processing file /home/airflow/.local/lib/python3.12/site-packages/airflow/example_dags/example_display_name.py for tasks to queue
[2024-07-07T22:27:32.925+0000] {logging_mixin.py:188} INFO - [2024-07-07T22:27:32.925+0000] {dagbag.py:545} INFO - Filling up the DagBag from /home/airflow/.local/lib/python3.12/site-packages/airflow/example_dags/example_display_name.py
[2024-07-07T22:27:32.927+0000] {processor.py:840} INFO - DAG(s) 'example_display_name' retrieved from /home/airflow/.local/lib/python3.12/site-packages/airflow/example_dags/example_display_name.py
[2024-07-07T22:27:32.935+0000] {logging_mixin.py:188} INFO - [2024-07-07T22:27:32.935+0000] {dag.py:3096} INFO - Sync 1 DAGs
[2024-07-07T22:27:32.939+0000] {logging_mixin.py:188} INFO - [2024-07-07T22:27:32.939+0000] {dag.py:3954} INFO - Setting next_dagrun for example_display_name to None, run_after=None
[2024-07-07T22:27:32.946+0000] {processor.py:183} INFO - Processing /home/airflow/.local/lib/python3.12/site-packages/airflow/example_dags/example_display_name.py took 0.025 seconds
[2024-07-07T22:28:03.195+0000] {processor.py:161} INFO - Started process (PID=1551) to work on /home/airflow/.local/lib/python3.12/site-packages/airflow/example_dags/example_display_name.py
[2024-07-07T22:28:03.195+0000] {processor.py:830} INFO - Processing file /home/airflow/.local/lib/python3.12/site-packages/airflow/example_dags/example_display_name.py for tasks to queue
[2024-07-07T22:28:03.196+0000] {logging_mixin.py:188} INFO - [2024-07-07T22:28:03.196+0000] {dagbag.py:545} INFO - Filling up the DagBag from /home/airflow/.local/lib/python3.12/site-packages/airflow/example_dags/example_display_name.py
[2024-07-07T22:28:03.198+0000] {processor.py:840} INFO - DAG(s) 'example_display_name' retrieved from /home/airflow/.local/lib/python3.12/site-packages/airflow/example_dags/example_display_name.py
[2024-07-07T22:28:03.206+0000] {logging_mixin.py:188} INFO - [2024-07-07T22:28:03.205+0000] {dag.py:3096} INFO - Sync 1 DAGs
[2024-07-07T22:28:03.210+0000] {logging_mixin.py:188} INFO - [2024-07-07T22:28:03.210+0000] {dag.py:3954} INFO - Setting next_dagrun for example_display_name to None, run_after=None
[2024-07-07T22:28:03.216+0000] {processor.py:183} INFO - Processing /home/airflow/.local/lib/python3.12/site-packages/airflow/example_dags/example_display_name.py took 0.023 seconds
[2024-07-07T22:28:33.456+0000] {processor.py:161} INFO - Started process (PID=1603) to work on /home/airflow/.local/lib/python3.12/site-packages/airflow/example_dags/example_display_name.py
[2024-07-07T22:28:33.456+0000] {processor.py:830} INFO - Processing file /home/airflow/.local/lib/python3.12/site-packages/airflow/example_dags/example_display_name.py for tasks to queue
[2024-07-07T22:28:33.457+0000] {logging_mixin.py:188} INFO - [2024-07-07T22:28:33.457+0000] {dagbag.py:545} INFO - Filling up the DagBag from /home/airflow/.local/lib/python3.12/site-packages/airflow/example_dags/example_display_name.py
[2024-07-07T22:28:33.459+0000] {processor.py:840} INFO - DAG(s) 'example_display_name' retrieved from /home/airflow/.local/lib/python3.12/site-packages/airflow/example_dags/example_display_name.py
[2024-07-07T22:28:33.466+0000] {logging_mixin.py:188} INFO - [2024-07-07T22:28:33.466+0000] {dag.py:3096} INFO - Sync 1 DAGs
[2024-07-07T22:28:33.471+0000] {logging_mixin.py:188} INFO - [2024-07-07T22:28:33.471+0000] {dag.py:3954} INFO - Setting next_dagrun for example_display_name to None, run_after=None
[2024-07-07T22:28:33.477+0000] {processor.py:183} INFO - Processing /home/airflow/.local/lib/python3.12/site-packages/airflow/example_dags/example_display_name.py took 0.023 seconds
[2024-07-07T22:29:03.757+0000] {processor.py:161} INFO - Started process (PID=1655) to work on /home/airflow/.local/lib/python3.12/site-packages/airflow/example_dags/example_display_name.py
[2024-07-07T22:29:03.758+0000] {processor.py:830} INFO - Processing file /home/airflow/.local/lib/python3.12/site-packages/airflow/example_dags/example_display_name.py for tasks to queue
[2024-07-07T22:29:03.759+0000] {logging_mixin.py:188} INFO - [2024-07-07T22:29:03.758+0000] {dagbag.py:545} INFO - Filling up the DagBag from /home/airflow/.local/lib/python3.12/site-packages/airflow/example_dags/example_display_name.py
[2024-07-07T22:29:03.761+0000] {processor.py:840} INFO - DAG(s) 'example_display_name' retrieved from /home/airflow/.local/lib/python3.12/site-packages/airflow/example_dags/example_display_name.py
[2024-07-07T22:29:03.768+0000] {logging_mixin.py:188} INFO - [2024-07-07T22:29:03.768+0000] {dag.py:3096} INFO - Sync 1 DAGs
[2024-07-07T22:29:03.773+0000] {logging_mixin.py:188} INFO - [2024-07-07T22:29:03.773+0000] {dag.py:3954} INFO - Setting next_dagrun for example_display_name to None, run_after=None
[2024-07-07T22:29:03.779+0000] {processor.py:183} INFO - Processing /home/airflow/.local/lib/python3.12/site-packages/airflow/example_dags/example_display_name.py took 0.024 seconds
[2024-07-07T22:29:34.270+0000] {processor.py:161} INFO - Started process (PID=1707) to work on /home/airflow/.local/lib/python3.12/site-packages/airflow/example_dags/example_display_name.py
[2024-07-07T22:29:34.270+0000] {processor.py:830} INFO - Processing file /home/airflow/.local/lib/python3.12/site-packages/airflow/example_dags/example_display_name.py for tasks to queue
[2024-07-07T22:29:34.271+0000] {logging_mixin.py:188} INFO - [2024-07-07T22:29:34.271+0000] {dagbag.py:545} INFO - Filling up the DagBag from /home/airflow/.local/lib/python3.12/site-packages/airflow/example_dags/example_display_name.py
[2024-07-07T22:29:34.273+0000] {processor.py:840} INFO - DAG(s) 'example_display_name' retrieved from /home/airflow/.local/lib/python3.12/site-packages/airflow/example_dags/example_display_name.py
[2024-07-07T22:29:34.281+0000] {logging_mixin.py:188} INFO - [2024-07-07T22:29:34.281+0000] {dag.py:3096} INFO - Sync 1 DAGs
[2024-07-07T22:29:34.286+0000] {logging_mixin.py:188} INFO - [2024-07-07T22:29:34.286+0000] {dag.py:3954} INFO - Setting next_dagrun for example_display_name to None, run_after=None
[2024-07-07T22:29:34.292+0000] {processor.py:183} INFO - Processing /home/airflow/.local/lib/python3.12/site-packages/airflow/example_dags/example_display_name.py took 0.024 seconds
[2024-07-07T22:30:04.680+0000] {processor.py:161} INFO - Started process (PID=1759) to work on /home/airflow/.local/lib/python3.12/site-packages/airflow/example_dags/example_display_name.py
[2024-07-07T22:30:04.680+0000] {processor.py:830} INFO - Processing file /home/airflow/.local/lib/python3.12/site-packages/airflow/example_dags/example_display_name.py for tasks to queue
[2024-07-07T22:30:04.681+0000] {logging_mixin.py:188} INFO - [2024-07-07T22:30:04.681+0000] {dagbag.py:545} INFO - Filling up the DagBag from /home/airflow/.local/lib/python3.12/site-packages/airflow/example_dags/example_display_name.py
[2024-07-07T22:30:04.683+0000] {processor.py:840} INFO - DAG(s) 'example_display_name' retrieved from /home/airflow/.local/lib/python3.12/site-packages/airflow/example_dags/example_display_name.py
[2024-07-07T22:30:04.691+0000] {logging_mixin.py:188} INFO - [2024-07-07T22:30:04.691+0000] {dag.py:3096} INFO - Sync 1 DAGs
[2024-07-07T22:30:04.696+0000] {logging_mixin.py:188} INFO - [2024-07-07T22:30:04.696+0000] {dag.py:3954} INFO - Setting next_dagrun for example_display_name to None, run_after=None
[2024-07-07T22:30:04.702+0000] {processor.py:183} INFO - Processing /home/airflow/.local/lib/python3.12/site-packages/airflow/example_dags/example_display_name.py took 0.024 seconds
[2024-07-07T22:30:35.097+0000] {processor.py:161} INFO - Started process (PID=1811) to work on /home/airflow/.local/lib/python3.12/site-packages/airflow/example_dags/example_display_name.py
[2024-07-07T22:30:35.097+0000] {processor.py:830} INFO - Processing file /home/airflow/.local/lib/python3.12/site-packages/airflow/example_dags/example_display_name.py for tasks to queue
[2024-07-07T22:30:35.098+0000] {logging_mixin.py:188} INFO - [2024-07-07T22:30:35.098+0000] {dagbag.py:545} INFO - Filling up the DagBag from /home/airflow/.local/lib/python3.12/site-packages/airflow/example_dags/example_display_name.py
[2024-07-07T22:30:35.100+0000] {processor.py:840} INFO - DAG(s) 'example_display_name' retrieved from /home/airflow/.local/lib/python3.12/site-packages/airflow/example_dags/example_display_name.py
[2024-07-07T22:30:35.108+0000] {logging_mixin.py:188} INFO - [2024-07-07T22:30:35.108+0000] {dag.py:3096} INFO - Sync 1 DAGs
[2024-07-07T22:30:35.113+0000] {logging_mixin.py:188} INFO - [2024-07-07T22:30:35.113+0000] {dag.py:3954} INFO - Setting next_dagrun for example_display_name to None, run_after=None
[2024-07-07T22:30:35.119+0000] {processor.py:183} INFO - Processing /home/airflow/.local/lib/python3.12/site-packages/airflow/example_dags/example_display_name.py took 0.025 seconds
[2024-07-07T22:31:06.185+0000] {processor.py:161} INFO - Started process (PID=1863) to work on /home/airflow/.local/lib/python3.12/site-packages/airflow/example_dags/example_display_name.py
[2024-07-07T22:31:06.185+0000] {processor.py:830} INFO - Processing file /home/airflow/.local/lib/python3.12/site-packages/airflow/example_dags/example_display_name.py for tasks to queue
[2024-07-07T22:31:06.186+0000] {logging_mixin.py:188} INFO - [2024-07-07T22:31:06.186+0000] {dagbag.py:545} INFO - Filling up the DagBag from /home/airflow/.local/lib/python3.12/site-packages/airflow/example_dags/example_display_name.py
[2024-07-07T22:31:06.189+0000] {processor.py:840} INFO - DAG(s) 'example_display_name' retrieved from /home/airflow/.local/lib/python3.12/site-packages/airflow/example_dags/example_display_name.py
[2024-07-07T22:31:06.197+0000] {logging_mixin.py:188} INFO - [2024-07-07T22:31:06.197+0000] {dag.py:3096} INFO - Sync 1 DAGs
[2024-07-07T22:31:06.201+0000] {logging_mixin.py:188} INFO - [2024-07-07T22:31:06.201+0000] {dag.py:3954} INFO - Setting next_dagrun for example_display_name to None, run_after=None
[2024-07-07T22:31:06.209+0000] {processor.py:183} INFO - Processing /home/airflow/.local/lib/python3.12/site-packages/airflow/example_dags/example_display_name.py took 0.026 seconds
[2024-07-07T22:31:37.196+0000] {processor.py:161} INFO - Started process (PID=1915) to work on /home/airflow/.local/lib/python3.12/site-packages/airflow/example_dags/example_display_name.py
[2024-07-07T22:31:37.197+0000] {processor.py:830} INFO - Processing file /home/airflow/.local/lib/python3.12/site-packages/airflow/example_dags/example_display_name.py for tasks to queue
[2024-07-07T22:31:37.197+0000] {logging_mixin.py:188} INFO - [2024-07-07T22:31:37.197+0000] {dagbag.py:545} INFO - Filling up the DagBag from /home/airflow/.local/lib/python3.12/site-packages/airflow/example_dags/example_display_name.py
[2024-07-07T22:31:37.200+0000] {processor.py:840} INFO - DAG(s) 'example_display_name' retrieved from /home/airflow/.local/lib/python3.12/site-packages/airflow/example_dags/example_display_name.py
[2024-07-07T22:31:37.208+0000] {logging_mixin.py:188} INFO - [2024-07-07T22:31:37.208+0000] {dag.py:3096} INFO - Sync 1 DAGs
[2024-07-07T22:31:37.213+0000] {logging_mixin.py:188} INFO - [2024-07-07T22:31:37.213+0000] {dag.py:3954} INFO - Setting next_dagrun for example_display_name to None, run_after=None
[2024-07-07T22:31:37.220+0000] {processor.py:183} INFO - Processing /home/airflow/.local/lib/python3.12/site-packages/airflow/example_dags/example_display_name.py took 0.026 seconds
[2024-07-07T22:32:08.340+0000] {processor.py:161} INFO - Started process (PID=1967) to work on /home/airflow/.local/lib/python3.12/site-packages/airflow/example_dags/example_display_name.py
[2024-07-07T22:32:08.340+0000] {processor.py:830} INFO - Processing file /home/airflow/.local/lib/python3.12/site-packages/airflow/example_dags/example_display_name.py for tasks to queue
[2024-07-07T22:32:08.341+0000] {logging_mixin.py:188} INFO - [2024-07-07T22:32:08.341+0000] {dagbag.py:545} INFO - Filling up the DagBag from /home/airflow/.local/lib/python3.12/site-packages/airflow/example_dags/example_display_name.py
[2024-07-07T22:32:08.343+0000] {processor.py:840} INFO - DAG(s) 'example_display_name' retrieved from /home/airflow/.local/lib/python3.12/site-packages/airflow/example_dags/example_display_name.py
[2024-07-07T22:32:08.351+0000] {logging_mixin.py:188} INFO - [2024-07-07T22:32:08.351+0000] {dag.py:3096} INFO - Sync 1 DAGs
[2024-07-07T22:32:08.434+0000] {logging_mixin.py:188} INFO - [2024-07-07T22:32:08.434+0000] {dag.py:3954} INFO - Setting next_dagrun for example_display_name to None, run_after=None
[2024-07-07T22:32:08.440+0000] {processor.py:183} INFO - Processing /home/airflow/.local/lib/python3.12/site-packages/airflow/example_dags/example_display_name.py took 0.102 seconds
[2024-07-07T22:32:39.288+0000] {processor.py:161} INFO - Started process (PID=2019) to work on /home/airflow/.local/lib/python3.12/site-packages/airflow/example_dags/example_display_name.py
[2024-07-07T22:32:39.288+0000] {processor.py:830} INFO - Processing file /home/airflow/.local/lib/python3.12/site-packages/airflow/example_dags/example_display_name.py for tasks to queue
[2024-07-07T22:32:39.289+0000] {logging_mixin.py:188} INFO - [2024-07-07T22:32:39.289+0000] {dagbag.py:545} INFO - Filling up the DagBag from /home/airflow/.local/lib/python3.12/site-packages/airflow/example_dags/example_display_name.py
[2024-07-07T22:32:39.291+0000] {processor.py:840} INFO - DAG(s) 'example_display_name' retrieved from /home/airflow/.local/lib/python3.12/site-packages/airflow/example_dags/example_display_name.py
[2024-07-07T22:32:39.299+0000] {logging_mixin.py:188} INFO - [2024-07-07T22:32:39.299+0000] {dag.py:3096} INFO - Sync 1 DAGs
[2024-07-07T22:32:39.304+0000] {logging_mixin.py:188} INFO - [2024-07-07T22:32:39.304+0000] {dag.py:3954} INFO - Setting next_dagrun for example_display_name to None, run_after=None
[2024-07-07T22:32:39.310+0000] {processor.py:183} INFO - Processing /home/airflow/.local/lib/python3.12/site-packages/airflow/example_dags/example_display_name.py took 0.025 seconds
[2024-07-07T22:33:09.738+0000] {processor.py:161} INFO - Started process (PID=2071) to work on /home/airflow/.local/lib/python3.12/site-packages/airflow/example_dags/example_display_name.py
[2024-07-07T22:33:09.739+0000] {processor.py:830} INFO - Processing file /home/airflow/.local/lib/python3.12/site-packages/airflow/example_dags/example_display_name.py for tasks to queue
[2024-07-07T22:33:09.741+0000] {logging_mixin.py:188} INFO - [2024-07-07T22:33:09.741+0000] {dagbag.py:545} INFO - Filling up the DagBag from /home/airflow/.local/lib/python3.12/site-packages/airflow/example_dags/example_display_name.py
[2024-07-07T22:33:09.744+0000] {processor.py:840} INFO - DAG(s) 'example_display_name' retrieved from /home/airflow/.local/lib/python3.12/site-packages/airflow/example_dags/example_display_name.py
[2024-07-07T22:33:09.757+0000] {logging_mixin.py:188} INFO - [2024-07-07T22:33:09.757+0000] {dag.py:3096} INFO - Sync 1 DAGs
[2024-07-07T22:33:09.765+0000] {logging_mixin.py:188} INFO - [2024-07-07T22:33:09.765+0000] {dag.py:3954} INFO - Setting next_dagrun for example_display_name to None, run_after=None
[2024-07-07T22:33:09.780+0000] {processor.py:183} INFO - Processing /home/airflow/.local/lib/python3.12/site-packages/airflow/example_dags/example_display_name.py took 0.047 seconds
[2024-07-07T22:33:40.199+0000] {processor.py:161} INFO - Started process (PID=2123) to work on /home/airflow/.local/lib/python3.12/site-packages/airflow/example_dags/example_display_name.py
[2024-07-07T22:33:40.200+0000] {processor.py:830} INFO - Processing file /home/airflow/.local/lib/python3.12/site-packages/airflow/example_dags/example_display_name.py for tasks to queue
[2024-07-07T22:33:40.202+0000] {logging_mixin.py:188} INFO - [2024-07-07T22:33:40.201+0000] {dagbag.py:545} INFO - Filling up the DagBag from /home/airflow/.local/lib/python3.12/site-packages/airflow/example_dags/example_display_name.py
[2024-07-07T22:33:40.205+0000] {processor.py:840} INFO - DAG(s) 'example_display_name' retrieved from /home/airflow/.local/lib/python3.12/site-packages/airflow/example_dags/example_display_name.py
[2024-07-07T22:33:40.215+0000] {logging_mixin.py:188} INFO - [2024-07-07T22:33:40.215+0000] {dag.py:3096} INFO - Sync 1 DAGs
[2024-07-07T22:33:40.222+0000] {logging_mixin.py:188} INFO - [2024-07-07T22:33:40.221+0000] {dag.py:3954} INFO - Setting next_dagrun for example_display_name to None, run_after=None
[2024-07-07T22:33:40.230+0000] {processor.py:183} INFO - Processing /home/airflow/.local/lib/python3.12/site-packages/airflow/example_dags/example_display_name.py took 0.035 seconds
