[2024-07-07T22:13:09.349+0000] {processor.py:161} INFO - Started process (PID=66) to work on /home/airflow/.local/lib/python3.12/site-packages/airflow/example_dags/example_short_circuit_operator.py
[2024-07-07T22:13:09.350+0000] {processor.py:830} INFO - Processing file /home/airflow/.local/lib/python3.12/site-packages/airflow/example_dags/example_short_circuit_operator.py for tasks to queue
[2024-07-07T22:13:09.351+0000] {logging_mixin.py:188} INFO - [2024-07-07T22:13:09.351+0000] {dagbag.py:545} INFO - Filling up the DagBag from /home/airflow/.local/lib/python3.12/site-packages/airflow/example_dags/example_short_circuit_operator.py
[2024-07-07T22:13:09.356+0000] {processor.py:840} INFO - DAG(s) 'example_short_circuit_operator' retrieved from /home/airflow/.local/lib/python3.12/site-packages/airflow/example_dags/example_short_circuit_operator.py
[2024-07-07T22:13:09.407+0000] {logging_mixin.py:188} INFO - [2024-07-07T22:13:09.407+0000] {override.py:1829} INFO - Created Permission View: can edit on DAG:example_short_circuit_operator
[2024-07-07T22:13:09.412+0000] {logging_mixin.py:188} INFO - [2024-07-07T22:13:09.412+0000] {override.py:1829} INFO - Created Permission View: can read on DAG:example_short_circuit_operator
[2024-07-07T22:13:09.415+0000] {logging_mixin.py:188} INFO - [2024-07-07T22:13:09.415+0000] {override.py:1829} INFO - Created Permission View: can delete on DAG:example_short_circuit_operator
[2024-07-07T22:13:09.415+0000] {logging_mixin.py:188} INFO - [2024-07-07T22:13:09.415+0000] {dag.py:3096} INFO - Sync 1 DAGs
[2024-07-07T22:13:09.421+0000] {logging_mixin.py:188} INFO - [2024-07-07T22:13:09.421+0000] {dag.py:3118} INFO - Creating ORM DAG for example_short_circuit_operator
[2024-07-07T22:13:09.425+0000] {logging_mixin.py:188} INFO - [2024-07-07T22:13:09.425+0000] {dag.py:3954} INFO - Setting next_dagrun for example_short_circuit_operator to 2024-07-06 00:00:00+00:00, run_after=2024-07-07 00:00:00+00:00
[2024-07-07T22:13:09.432+0000] {processor.py:183} INFO - Processing /home/airflow/.local/lib/python3.12/site-packages/airflow/example_dags/example_short_circuit_operator.py took 0.086 seconds
[2024-07-07T22:13:53.867+0000] {processor.py:161} INFO - Started process (PID=66) to work on /home/airflow/.local/lib/python3.12/site-packages/airflow/example_dags/example_short_circuit_operator.py
[2024-07-07T22:13:53.868+0000] {processor.py:830} INFO - Processing file /home/airflow/.local/lib/python3.12/site-packages/airflow/example_dags/example_short_circuit_operator.py for tasks to queue
[2024-07-07T22:13:53.870+0000] {logging_mixin.py:188} INFO - [2024-07-07T22:13:53.869+0000] {dagbag.py:545} INFO - Filling up the DagBag from /home/airflow/.local/lib/python3.12/site-packages/airflow/example_dags/example_short_circuit_operator.py
[2024-07-07T22:13:53.875+0000] {processor.py:840} INFO - DAG(s) 'example_short_circuit_operator' retrieved from /home/airflow/.local/lib/python3.12/site-packages/airflow/example_dags/example_short_circuit_operator.py
[2024-07-07T22:13:53.885+0000] {logging_mixin.py:188} INFO - [2024-07-07T22:13:53.885+0000] {dag.py:3096} INFO - Sync 1 DAGs
[2024-07-07T22:13:53.898+0000] {logging_mixin.py:188} INFO - [2024-07-07T22:13:53.898+0000] {dag.py:3954} INFO - Setting next_dagrun for example_short_circuit_operator to 2024-07-06 00:00:00+00:00, run_after=2024-07-07 00:00:00+00:00
[2024-07-07T22:13:53.911+0000] {processor.py:183} INFO - Processing /home/airflow/.local/lib/python3.12/site-packages/airflow/example_dags/example_short_circuit_operator.py took 0.047 seconds
[2024-07-07T22:14:23.928+0000] {processor.py:161} INFO - Started process (PID=118) to work on /home/airflow/.local/lib/python3.12/site-packages/airflow/example_dags/example_short_circuit_operator.py
[2024-07-07T22:14:23.928+0000] {processor.py:830} INFO - Processing file /home/airflow/.local/lib/python3.12/site-packages/airflow/example_dags/example_short_circuit_operator.py for tasks to queue
[2024-07-07T22:14:23.929+0000] {logging_mixin.py:188} INFO - [2024-07-07T22:14:23.929+0000] {dagbag.py:545} INFO - Filling up the DagBag from /home/airflow/.local/lib/python3.12/site-packages/airflow/example_dags/example_short_circuit_operator.py
[2024-07-07T22:14:23.932+0000] {processor.py:840} INFO - DAG(s) 'example_short_circuit_operator' retrieved from /home/airflow/.local/lib/python3.12/site-packages/airflow/example_dags/example_short_circuit_operator.py
[2024-07-07T22:14:23.967+0000] {logging_mixin.py:188} INFO - [2024-07-07T22:14:23.967+0000] {dag.py:3096} INFO - Sync 1 DAGs
[2024-07-07T22:14:23.974+0000] {logging_mixin.py:188} INFO - [2024-07-07T22:14:23.974+0000] {dag.py:3954} INFO - Setting next_dagrun for example_short_circuit_operator to 2024-07-06 00:00:00+00:00, run_after=2024-07-07 00:00:00+00:00
[2024-07-07T22:14:23.981+0000] {processor.py:183} INFO - Processing /home/airflow/.local/lib/python3.12/site-packages/airflow/example_dags/example_short_circuit_operator.py took 0.055 seconds
[2024-07-07T22:14:54.745+0000] {processor.py:161} INFO - Started process (PID=170) to work on /home/airflow/.local/lib/python3.12/site-packages/airflow/example_dags/example_short_circuit_operator.py
[2024-07-07T22:14:54.746+0000] {processor.py:830} INFO - Processing file /home/airflow/.local/lib/python3.12/site-packages/airflow/example_dags/example_short_circuit_operator.py for tasks to queue
[2024-07-07T22:14:54.746+0000] {logging_mixin.py:188} INFO - [2024-07-07T22:14:54.746+0000] {dagbag.py:545} INFO - Filling up the DagBag from /home/airflow/.local/lib/python3.12/site-packages/airflow/example_dags/example_short_circuit_operator.py
[2024-07-07T22:14:54.749+0000] {processor.py:840} INFO - DAG(s) 'example_short_circuit_operator' retrieved from /home/airflow/.local/lib/python3.12/site-packages/airflow/example_dags/example_short_circuit_operator.py
[2024-07-07T22:14:54.757+0000] {logging_mixin.py:188} INFO - [2024-07-07T22:14:54.757+0000] {dag.py:3096} INFO - Sync 1 DAGs
[2024-07-07T22:14:54.765+0000] {logging_mixin.py:188} INFO - [2024-07-07T22:14:54.765+0000] {dag.py:3954} INFO - Setting next_dagrun for example_short_circuit_operator to 2024-07-06 00:00:00+00:00, run_after=2024-07-07 00:00:00+00:00
[2024-07-07T22:14:54.772+0000] {processor.py:183} INFO - Processing /home/airflow/.local/lib/python3.12/site-packages/airflow/example_dags/example_short_circuit_operator.py took 0.029 seconds
[2024-07-07T22:15:24.986+0000] {processor.py:161} INFO - Started process (PID=222) to work on /home/airflow/.local/lib/python3.12/site-packages/airflow/example_dags/example_short_circuit_operator.py
[2024-07-07T22:15:24.986+0000] {processor.py:830} INFO - Processing file /home/airflow/.local/lib/python3.12/site-packages/airflow/example_dags/example_short_circuit_operator.py for tasks to queue
[2024-07-07T22:15:24.987+0000] {logging_mixin.py:188} INFO - [2024-07-07T22:15:24.987+0000] {dagbag.py:545} INFO - Filling up the DagBag from /home/airflow/.local/lib/python3.12/site-packages/airflow/example_dags/example_short_circuit_operator.py
[2024-07-07T22:15:24.990+0000] {processor.py:840} INFO - DAG(s) 'example_short_circuit_operator' retrieved from /home/airflow/.local/lib/python3.12/site-packages/airflow/example_dags/example_short_circuit_operator.py
[2024-07-07T22:15:24.998+0000] {logging_mixin.py:188} INFO - [2024-07-07T22:15:24.998+0000] {dag.py:3096} INFO - Sync 1 DAGs
[2024-07-07T22:15:25.005+0000] {logging_mixin.py:188} INFO - [2024-07-07T22:15:25.005+0000] {dag.py:3954} INFO - Setting next_dagrun for example_short_circuit_operator to 2024-07-06 00:00:00+00:00, run_after=2024-07-07 00:00:00+00:00
[2024-07-07T22:15:25.012+0000] {processor.py:183} INFO - Processing /home/airflow/.local/lib/python3.12/site-packages/airflow/example_dags/example_short_circuit_operator.py took 0.028 seconds
[2024-07-07T22:15:55.253+0000] {processor.py:161} INFO - Started process (PID=287) to work on /home/airflow/.local/lib/python3.12/site-packages/airflow/example_dags/example_short_circuit_operator.py
[2024-07-07T22:15:55.253+0000] {processor.py:830} INFO - Processing file /home/airflow/.local/lib/python3.12/site-packages/airflow/example_dags/example_short_circuit_operator.py for tasks to queue
[2024-07-07T22:15:55.254+0000] {logging_mixin.py:188} INFO - [2024-07-07T22:15:55.254+0000] {dagbag.py:545} INFO - Filling up the DagBag from /home/airflow/.local/lib/python3.12/site-packages/airflow/example_dags/example_short_circuit_operator.py
[2024-07-07T22:15:55.257+0000] {processor.py:840} INFO - DAG(s) 'example_short_circuit_operator' retrieved from /home/airflow/.local/lib/python3.12/site-packages/airflow/example_dags/example_short_circuit_operator.py
[2024-07-07T22:15:55.265+0000] {logging_mixin.py:188} INFO - [2024-07-07T22:15:55.265+0000] {dag.py:3096} INFO - Sync 1 DAGs
[2024-07-07T22:15:55.271+0000] {logging_mixin.py:188} INFO - [2024-07-07T22:15:55.271+0000] {dag.py:3954} INFO - Setting next_dagrun for example_short_circuit_operator to 2024-07-06 00:00:00+00:00, run_after=2024-07-07 00:00:00+00:00
[2024-07-07T22:15:55.277+0000] {processor.py:183} INFO - Processing /home/airflow/.local/lib/python3.12/site-packages/airflow/example_dags/example_short_circuit_operator.py took 0.026 seconds
[2024-07-07T22:16:25.441+0000] {processor.py:161} INFO - Started process (PID=346) to work on /home/airflow/.local/lib/python3.12/site-packages/airflow/example_dags/example_short_circuit_operator.py
[2024-07-07T22:16:25.441+0000] {processor.py:830} INFO - Processing file /home/airflow/.local/lib/python3.12/site-packages/airflow/example_dags/example_short_circuit_operator.py for tasks to queue
[2024-07-07T22:16:25.442+0000] {logging_mixin.py:188} INFO - [2024-07-07T22:16:25.442+0000] {dagbag.py:545} INFO - Filling up the DagBag from /home/airflow/.local/lib/python3.12/site-packages/airflow/example_dags/example_short_circuit_operator.py
[2024-07-07T22:16:25.445+0000] {processor.py:840} INFO - DAG(s) 'example_short_circuit_operator' retrieved from /home/airflow/.local/lib/python3.12/site-packages/airflow/example_dags/example_short_circuit_operator.py
[2024-07-07T22:16:25.452+0000] {logging_mixin.py:188} INFO - [2024-07-07T22:16:25.452+0000] {dag.py:3096} INFO - Sync 1 DAGs
[2024-07-07T22:16:25.459+0000] {logging_mixin.py:188} INFO - [2024-07-07T22:16:25.459+0000] {dag.py:3954} INFO - Setting next_dagrun for example_short_circuit_operator to 2024-07-06 00:00:00+00:00, run_after=2024-07-07 00:00:00+00:00
[2024-07-07T22:16:25.465+0000] {processor.py:183} INFO - Processing /home/airflow/.local/lib/python3.12/site-packages/airflow/example_dags/example_short_circuit_operator.py took 0.026 seconds
[2024-07-07T22:16:55.690+0000] {processor.py:161} INFO - Started process (PID=412) to work on /home/airflow/.local/lib/python3.12/site-packages/airflow/example_dags/example_short_circuit_operator.py
[2024-07-07T22:16:55.691+0000] {processor.py:830} INFO - Processing file /home/airflow/.local/lib/python3.12/site-packages/airflow/example_dags/example_short_circuit_operator.py for tasks to queue
[2024-07-07T22:16:55.691+0000] {logging_mixin.py:188} INFO - [2024-07-07T22:16:55.691+0000] {dagbag.py:545} INFO - Filling up the DagBag from /home/airflow/.local/lib/python3.12/site-packages/airflow/example_dags/example_short_circuit_operator.py
[2024-07-07T22:16:55.694+0000] {processor.py:840} INFO - DAG(s) 'example_short_circuit_operator' retrieved from /home/airflow/.local/lib/python3.12/site-packages/airflow/example_dags/example_short_circuit_operator.py
[2024-07-07T22:16:55.702+0000] {logging_mixin.py:188} INFO - [2024-07-07T22:16:55.702+0000] {dag.py:3096} INFO - Sync 1 DAGs
[2024-07-07T22:16:55.709+0000] {logging_mixin.py:188} INFO - [2024-07-07T22:16:55.709+0000] {dag.py:3954} INFO - Setting next_dagrun for example_short_circuit_operator to 2024-07-06 00:00:00+00:00, run_after=2024-07-07 00:00:00+00:00
[2024-07-07T22:16:55.714+0000] {processor.py:183} INFO - Processing /home/airflow/.local/lib/python3.12/site-packages/airflow/example_dags/example_short_circuit_operator.py took 0.026 seconds
[2024-07-07T22:17:25.939+0000] {processor.py:161} INFO - Started process (PID=465) to work on /home/airflow/.local/lib/python3.12/site-packages/airflow/example_dags/example_short_circuit_operator.py
[2024-07-07T22:17:25.940+0000] {processor.py:830} INFO - Processing file /home/airflow/.local/lib/python3.12/site-packages/airflow/example_dags/example_short_circuit_operator.py for tasks to queue
[2024-07-07T22:17:25.940+0000] {logging_mixin.py:188} INFO - [2024-07-07T22:17:25.940+0000] {dagbag.py:545} INFO - Filling up the DagBag from /home/airflow/.local/lib/python3.12/site-packages/airflow/example_dags/example_short_circuit_operator.py
[2024-07-07T22:17:25.943+0000] {processor.py:840} INFO - DAG(s) 'example_short_circuit_operator' retrieved from /home/airflow/.local/lib/python3.12/site-packages/airflow/example_dags/example_short_circuit_operator.py
[2024-07-07T22:17:25.952+0000] {logging_mixin.py:188} INFO - [2024-07-07T22:17:25.952+0000] {dag.py:3096} INFO - Sync 1 DAGs
[2024-07-07T22:17:25.960+0000] {logging_mixin.py:188} INFO - [2024-07-07T22:17:25.960+0000] {dag.py:3954} INFO - Setting next_dagrun for example_short_circuit_operator to 2024-07-06 00:00:00+00:00, run_after=2024-07-07 00:00:00+00:00
[2024-07-07T22:17:25.966+0000] {processor.py:183} INFO - Processing /home/airflow/.local/lib/python3.12/site-packages/airflow/example_dags/example_short_circuit_operator.py took 0.030 seconds
[2024-07-07T22:17:56.333+0000] {processor.py:161} INFO - Started process (PID=519) to work on /home/airflow/.local/lib/python3.12/site-packages/airflow/example_dags/example_short_circuit_operator.py
[2024-07-07T22:17:56.334+0000] {processor.py:830} INFO - Processing file /home/airflow/.local/lib/python3.12/site-packages/airflow/example_dags/example_short_circuit_operator.py for tasks to queue
[2024-07-07T22:17:56.335+0000] {logging_mixin.py:188} INFO - [2024-07-07T22:17:56.335+0000] {dagbag.py:545} INFO - Filling up the DagBag from /home/airflow/.local/lib/python3.12/site-packages/airflow/example_dags/example_short_circuit_operator.py
[2024-07-07T22:17:56.339+0000] {processor.py:840} INFO - DAG(s) 'example_short_circuit_operator' retrieved from /home/airflow/.local/lib/python3.12/site-packages/airflow/example_dags/example_short_circuit_operator.py
[2024-07-07T22:17:56.351+0000] {logging_mixin.py:188} INFO - [2024-07-07T22:17:56.351+0000] {dag.py:3096} INFO - Sync 1 DAGs
[2024-07-07T22:17:56.359+0000] {logging_mixin.py:188} INFO - [2024-07-07T22:17:56.359+0000] {dag.py:3954} INFO - Setting next_dagrun for example_short_circuit_operator to 2024-07-06 00:00:00+00:00, run_after=2024-07-07 00:00:00+00:00
[2024-07-07T22:17:56.369+0000] {processor.py:183} INFO - Processing /home/airflow/.local/lib/python3.12/site-packages/airflow/example_dags/example_short_circuit_operator.py took 0.039 seconds
[2024-07-07T22:18:26.773+0000] {processor.py:161} INFO - Started process (PID=571) to work on /home/airflow/.local/lib/python3.12/site-packages/airflow/example_dags/example_short_circuit_operator.py
[2024-07-07T22:18:26.774+0000] {processor.py:830} INFO - Processing file /home/airflow/.local/lib/python3.12/site-packages/airflow/example_dags/example_short_circuit_operator.py for tasks to queue
[2024-07-07T22:18:26.775+0000] {logging_mixin.py:188} INFO - [2024-07-07T22:18:26.775+0000] {dagbag.py:545} INFO - Filling up the DagBag from /home/airflow/.local/lib/python3.12/site-packages/airflow/example_dags/example_short_circuit_operator.py
[2024-07-07T22:18:26.777+0000] {processor.py:840} INFO - DAG(s) 'example_short_circuit_operator' retrieved from /home/airflow/.local/lib/python3.12/site-packages/airflow/example_dags/example_short_circuit_operator.py
[2024-07-07T22:18:26.786+0000] {logging_mixin.py:188} INFO - [2024-07-07T22:18:26.786+0000] {dag.py:3096} INFO - Sync 1 DAGs
[2024-07-07T22:18:26.793+0000] {logging_mixin.py:188} INFO - [2024-07-07T22:18:26.793+0000] {dag.py:3954} INFO - Setting next_dagrun for example_short_circuit_operator to 2024-07-06 00:00:00+00:00, run_after=2024-07-07 00:00:00+00:00
[2024-07-07T22:18:26.799+0000] {processor.py:183} INFO - Processing /home/airflow/.local/lib/python3.12/site-packages/airflow/example_dags/example_short_circuit_operator.py took 0.028 seconds
[2024-07-07T22:18:57.087+0000] {processor.py:161} INFO - Started process (PID=623) to work on /home/airflow/.local/lib/python3.12/site-packages/airflow/example_dags/example_short_circuit_operator.py
[2024-07-07T22:18:57.087+0000] {processor.py:830} INFO - Processing file /home/airflow/.local/lib/python3.12/site-packages/airflow/example_dags/example_short_circuit_operator.py for tasks to queue
[2024-07-07T22:18:57.088+0000] {logging_mixin.py:188} INFO - [2024-07-07T22:18:57.088+0000] {dagbag.py:545} INFO - Filling up the DagBag from /home/airflow/.local/lib/python3.12/site-packages/airflow/example_dags/example_short_circuit_operator.py
[2024-07-07T22:18:57.091+0000] {processor.py:840} INFO - DAG(s) 'example_short_circuit_operator' retrieved from /home/airflow/.local/lib/python3.12/site-packages/airflow/example_dags/example_short_circuit_operator.py
[2024-07-07T22:18:57.099+0000] {logging_mixin.py:188} INFO - [2024-07-07T22:18:57.099+0000] {dag.py:3096} INFO - Sync 1 DAGs
[2024-07-07T22:18:57.106+0000] {logging_mixin.py:188} INFO - [2024-07-07T22:18:57.106+0000] {dag.py:3954} INFO - Setting next_dagrun for example_short_circuit_operator to 2024-07-06 00:00:00+00:00, run_after=2024-07-07 00:00:00+00:00
[2024-07-07T22:18:57.112+0000] {processor.py:183} INFO - Processing /home/airflow/.local/lib/python3.12/site-packages/airflow/example_dags/example_short_circuit_operator.py took 0.028 seconds
[2024-07-07T22:19:27.374+0000] {processor.py:161} INFO - Started process (PID=675) to work on /home/airflow/.local/lib/python3.12/site-packages/airflow/example_dags/example_short_circuit_operator.py
[2024-07-07T22:19:27.374+0000] {processor.py:830} INFO - Processing file /home/airflow/.local/lib/python3.12/site-packages/airflow/example_dags/example_short_circuit_operator.py for tasks to queue
[2024-07-07T22:19:27.375+0000] {logging_mixin.py:188} INFO - [2024-07-07T22:19:27.375+0000] {dagbag.py:545} INFO - Filling up the DagBag from /home/airflow/.local/lib/python3.12/site-packages/airflow/example_dags/example_short_circuit_operator.py
[2024-07-07T22:19:27.377+0000] {processor.py:840} INFO - DAG(s) 'example_short_circuit_operator' retrieved from /home/airflow/.local/lib/python3.12/site-packages/airflow/example_dags/example_short_circuit_operator.py
[2024-07-07T22:19:27.386+0000] {logging_mixin.py:188} INFO - [2024-07-07T22:19:27.386+0000] {dag.py:3096} INFO - Sync 1 DAGs
[2024-07-07T22:19:27.393+0000] {logging_mixin.py:188} INFO - [2024-07-07T22:19:27.393+0000] {dag.py:3954} INFO - Setting next_dagrun for example_short_circuit_operator to 2024-07-06 00:00:00+00:00, run_after=2024-07-07 00:00:00+00:00
[2024-07-07T22:19:27.399+0000] {processor.py:183} INFO - Processing /home/airflow/.local/lib/python3.12/site-packages/airflow/example_dags/example_short_circuit_operator.py took 0.028 seconds
[2024-07-07T22:19:57.697+0000] {processor.py:161} INFO - Started process (PID=727) to work on /home/airflow/.local/lib/python3.12/site-packages/airflow/example_dags/example_short_circuit_operator.py
[2024-07-07T22:19:57.697+0000] {processor.py:830} INFO - Processing file /home/airflow/.local/lib/python3.12/site-packages/airflow/example_dags/example_short_circuit_operator.py for tasks to queue
[2024-07-07T22:19:57.698+0000] {logging_mixin.py:188} INFO - [2024-07-07T22:19:57.698+0000] {dagbag.py:545} INFO - Filling up the DagBag from /home/airflow/.local/lib/python3.12/site-packages/airflow/example_dags/example_short_circuit_operator.py
[2024-07-07T22:19:57.701+0000] {processor.py:840} INFO - DAG(s) 'example_short_circuit_operator' retrieved from /home/airflow/.local/lib/python3.12/site-packages/airflow/example_dags/example_short_circuit_operator.py
[2024-07-07T22:19:57.710+0000] {logging_mixin.py:188} INFO - [2024-07-07T22:19:57.710+0000] {dag.py:3096} INFO - Sync 1 DAGs
[2024-07-07T22:19:57.717+0000] {logging_mixin.py:188} INFO - [2024-07-07T22:19:57.717+0000] {dag.py:3954} INFO - Setting next_dagrun for example_short_circuit_operator to 2024-07-06 00:00:00+00:00, run_after=2024-07-07 00:00:00+00:00
[2024-07-07T22:19:57.723+0000] {processor.py:183} INFO - Processing /home/airflow/.local/lib/python3.12/site-packages/airflow/example_dags/example_short_circuit_operator.py took 0.029 seconds
[2024-07-07T22:20:27.955+0000] {processor.py:161} INFO - Started process (PID=779) to work on /home/airflow/.local/lib/python3.12/site-packages/airflow/example_dags/example_short_circuit_operator.py
[2024-07-07T22:20:27.956+0000] {processor.py:830} INFO - Processing file /home/airflow/.local/lib/python3.12/site-packages/airflow/example_dags/example_short_circuit_operator.py for tasks to queue
[2024-07-07T22:20:27.957+0000] {logging_mixin.py:188} INFO - [2024-07-07T22:20:27.956+0000] {dagbag.py:545} INFO - Filling up the DagBag from /home/airflow/.local/lib/python3.12/site-packages/airflow/example_dags/example_short_circuit_operator.py
[2024-07-07T22:20:27.959+0000] {processor.py:840} INFO - DAG(s) 'example_short_circuit_operator' retrieved from /home/airflow/.local/lib/python3.12/site-packages/airflow/example_dags/example_short_circuit_operator.py
[2024-07-07T22:20:27.968+0000] {logging_mixin.py:188} INFO - [2024-07-07T22:20:27.968+0000] {dag.py:3096} INFO - Sync 1 DAGs
[2024-07-07T22:20:27.976+0000] {logging_mixin.py:188} INFO - [2024-07-07T22:20:27.976+0000] {dag.py:3954} INFO - Setting next_dagrun for example_short_circuit_operator to 2024-07-06 00:00:00+00:00, run_after=2024-07-07 00:00:00+00:00
[2024-07-07T22:20:27.983+0000] {processor.py:183} INFO - Processing /home/airflow/.local/lib/python3.12/site-packages/airflow/example_dags/example_short_circuit_operator.py took 0.030 seconds
[2024-07-07T22:20:58.254+0000] {processor.py:161} INFO - Started process (PID=831) to work on /home/airflow/.local/lib/python3.12/site-packages/airflow/example_dags/example_short_circuit_operator.py
[2024-07-07T22:20:58.254+0000] {processor.py:830} INFO - Processing file /home/airflow/.local/lib/python3.12/site-packages/airflow/example_dags/example_short_circuit_operator.py for tasks to queue
[2024-07-07T22:20:58.255+0000] {logging_mixin.py:188} INFO - [2024-07-07T22:20:58.255+0000] {dagbag.py:545} INFO - Filling up the DagBag from /home/airflow/.local/lib/python3.12/site-packages/airflow/example_dags/example_short_circuit_operator.py
[2024-07-07T22:20:58.258+0000] {processor.py:840} INFO - DAG(s) 'example_short_circuit_operator' retrieved from /home/airflow/.local/lib/python3.12/site-packages/airflow/example_dags/example_short_circuit_operator.py
[2024-07-07T22:20:58.266+0000] {logging_mixin.py:188} INFO - [2024-07-07T22:20:58.266+0000] {dag.py:3096} INFO - Sync 1 DAGs
[2024-07-07T22:20:58.273+0000] {logging_mixin.py:188} INFO - [2024-07-07T22:20:58.273+0000] {dag.py:3954} INFO - Setting next_dagrun for example_short_circuit_operator to 2024-07-06 00:00:00+00:00, run_after=2024-07-07 00:00:00+00:00
[2024-07-07T22:20:58.279+0000] {processor.py:183} INFO - Processing /home/airflow/.local/lib/python3.12/site-packages/airflow/example_dags/example_short_circuit_operator.py took 0.027 seconds
[2024-07-07T22:21:28.624+0000] {processor.py:161} INFO - Started process (PID=883) to work on /home/airflow/.local/lib/python3.12/site-packages/airflow/example_dags/example_short_circuit_operator.py
[2024-07-07T22:21:28.625+0000] {processor.py:830} INFO - Processing file /home/airflow/.local/lib/python3.12/site-packages/airflow/example_dags/example_short_circuit_operator.py for tasks to queue
[2024-07-07T22:21:28.625+0000] {logging_mixin.py:188} INFO - [2024-07-07T22:21:28.625+0000] {dagbag.py:545} INFO - Filling up the DagBag from /home/airflow/.local/lib/python3.12/site-packages/airflow/example_dags/example_short_circuit_operator.py
[2024-07-07T22:21:28.628+0000] {processor.py:840} INFO - DAG(s) 'example_short_circuit_operator' retrieved from /home/airflow/.local/lib/python3.12/site-packages/airflow/example_dags/example_short_circuit_operator.py
[2024-07-07T22:21:28.636+0000] {logging_mixin.py:188} INFO - [2024-07-07T22:21:28.636+0000] {dag.py:3096} INFO - Sync 1 DAGs
[2024-07-07T22:21:28.644+0000] {logging_mixin.py:188} INFO - [2024-07-07T22:21:28.644+0000] {dag.py:3954} INFO - Setting next_dagrun for example_short_circuit_operator to 2024-07-06 00:00:00+00:00, run_after=2024-07-07 00:00:00+00:00
[2024-07-07T22:21:28.650+0000] {processor.py:183} INFO - Processing /home/airflow/.local/lib/python3.12/site-packages/airflow/example_dags/example_short_circuit_operator.py took 0.028 seconds
[2024-07-07T22:21:58.907+0000] {processor.py:161} INFO - Started process (PID=935) to work on /home/airflow/.local/lib/python3.12/site-packages/airflow/example_dags/example_short_circuit_operator.py
[2024-07-07T22:21:58.908+0000] {processor.py:830} INFO - Processing file /home/airflow/.local/lib/python3.12/site-packages/airflow/example_dags/example_short_circuit_operator.py for tasks to queue
[2024-07-07T22:21:58.908+0000] {logging_mixin.py:188} INFO - [2024-07-07T22:21:58.908+0000] {dagbag.py:545} INFO - Filling up the DagBag from /home/airflow/.local/lib/python3.12/site-packages/airflow/example_dags/example_short_circuit_operator.py
[2024-07-07T22:21:58.911+0000] {processor.py:840} INFO - DAG(s) 'example_short_circuit_operator' retrieved from /home/airflow/.local/lib/python3.12/site-packages/airflow/example_dags/example_short_circuit_operator.py
[2024-07-07T22:21:58.919+0000] {logging_mixin.py:188} INFO - [2024-07-07T22:21:58.919+0000] {dag.py:3096} INFO - Sync 1 DAGs
[2024-07-07T22:21:58.926+0000] {logging_mixin.py:188} INFO - [2024-07-07T22:21:58.926+0000] {dag.py:3954} INFO - Setting next_dagrun for example_short_circuit_operator to 2024-07-06 00:00:00+00:00, run_after=2024-07-07 00:00:00+00:00
[2024-07-07T22:21:58.932+0000] {processor.py:183} INFO - Processing /home/airflow/.local/lib/python3.12/site-packages/airflow/example_dags/example_short_circuit_operator.py took 0.027 seconds
[2024-07-07T22:22:29.303+0000] {processor.py:161} INFO - Started process (PID=987) to work on /home/airflow/.local/lib/python3.12/site-packages/airflow/example_dags/example_short_circuit_operator.py
[2024-07-07T22:22:29.303+0000] {processor.py:830} INFO - Processing file /home/airflow/.local/lib/python3.12/site-packages/airflow/example_dags/example_short_circuit_operator.py for tasks to queue
[2024-07-07T22:22:29.304+0000] {logging_mixin.py:188} INFO - [2024-07-07T22:22:29.304+0000] {dagbag.py:545} INFO - Filling up the DagBag from /home/airflow/.local/lib/python3.12/site-packages/airflow/example_dags/example_short_circuit_operator.py
[2024-07-07T22:22:29.306+0000] {processor.py:840} INFO - DAG(s) 'example_short_circuit_operator' retrieved from /home/airflow/.local/lib/python3.12/site-packages/airflow/example_dags/example_short_circuit_operator.py
[2024-07-07T22:22:29.314+0000] {logging_mixin.py:188} INFO - [2024-07-07T22:22:29.314+0000] {dag.py:3096} INFO - Sync 1 DAGs
[2024-07-07T22:22:29.321+0000] {logging_mixin.py:188} INFO - [2024-07-07T22:22:29.321+0000] {dag.py:3954} INFO - Setting next_dagrun for example_short_circuit_operator to 2024-07-06 00:00:00+00:00, run_after=2024-07-07 00:00:00+00:00
[2024-07-07T22:22:29.327+0000] {processor.py:183} INFO - Processing /home/airflow/.local/lib/python3.12/site-packages/airflow/example_dags/example_short_circuit_operator.py took 0.026 seconds
[2024-07-07T22:22:59.651+0000] {processor.py:161} INFO - Started process (PID=1039) to work on /home/airflow/.local/lib/python3.12/site-packages/airflow/example_dags/example_short_circuit_operator.py
[2024-07-07T22:22:59.651+0000] {processor.py:830} INFO - Processing file /home/airflow/.local/lib/python3.12/site-packages/airflow/example_dags/example_short_circuit_operator.py for tasks to queue
[2024-07-07T22:22:59.652+0000] {logging_mixin.py:188} INFO - [2024-07-07T22:22:59.652+0000] {dagbag.py:545} INFO - Filling up the DagBag from /home/airflow/.local/lib/python3.12/site-packages/airflow/example_dags/example_short_circuit_operator.py
[2024-07-07T22:22:59.654+0000] {processor.py:840} INFO - DAG(s) 'example_short_circuit_operator' retrieved from /home/airflow/.local/lib/python3.12/site-packages/airflow/example_dags/example_short_circuit_operator.py
[2024-07-07T22:22:59.662+0000] {logging_mixin.py:188} INFO - [2024-07-07T22:22:59.662+0000] {dag.py:3096} INFO - Sync 1 DAGs
[2024-07-07T22:22:59.669+0000] {logging_mixin.py:188} INFO - [2024-07-07T22:22:59.669+0000] {dag.py:3954} INFO - Setting next_dagrun for example_short_circuit_operator to 2024-07-06 00:00:00+00:00, run_after=2024-07-07 00:00:00+00:00
[2024-07-07T22:22:59.676+0000] {processor.py:183} INFO - Processing /home/airflow/.local/lib/python3.12/site-packages/airflow/example_dags/example_short_circuit_operator.py took 0.027 seconds
[2024-07-07T22:23:29.943+0000] {processor.py:161} INFO - Started process (PID=1091) to work on /home/airflow/.local/lib/python3.12/site-packages/airflow/example_dags/example_short_circuit_operator.py
[2024-07-07T22:23:29.943+0000] {processor.py:830} INFO - Processing file /home/airflow/.local/lib/python3.12/site-packages/airflow/example_dags/example_short_circuit_operator.py for tasks to queue
[2024-07-07T22:23:29.944+0000] {logging_mixin.py:188} INFO - [2024-07-07T22:23:29.944+0000] {dagbag.py:545} INFO - Filling up the DagBag from /home/airflow/.local/lib/python3.12/site-packages/airflow/example_dags/example_short_circuit_operator.py
[2024-07-07T22:23:29.947+0000] {processor.py:840} INFO - DAG(s) 'example_short_circuit_operator' retrieved from /home/airflow/.local/lib/python3.12/site-packages/airflow/example_dags/example_short_circuit_operator.py
[2024-07-07T22:23:29.955+0000] {logging_mixin.py:188} INFO - [2024-07-07T22:23:29.955+0000] {dag.py:3096} INFO - Sync 1 DAGs
[2024-07-07T22:23:29.962+0000] {logging_mixin.py:188} INFO - [2024-07-07T22:23:29.962+0000] {dag.py:3954} INFO - Setting next_dagrun for example_short_circuit_operator to 2024-07-06 00:00:00+00:00, run_after=2024-07-07 00:00:00+00:00
[2024-07-07T22:23:29.968+0000] {processor.py:183} INFO - Processing /home/airflow/.local/lib/python3.12/site-packages/airflow/example_dags/example_short_circuit_operator.py took 0.027 seconds
[2024-07-07T22:24:00.330+0000] {processor.py:161} INFO - Started process (PID=1143) to work on /home/airflow/.local/lib/python3.12/site-packages/airflow/example_dags/example_short_circuit_operator.py
[2024-07-07T22:24:00.330+0000] {processor.py:830} INFO - Processing file /home/airflow/.local/lib/python3.12/site-packages/airflow/example_dags/example_short_circuit_operator.py for tasks to queue
[2024-07-07T22:24:00.331+0000] {logging_mixin.py:188} INFO - [2024-07-07T22:24:00.331+0000] {dagbag.py:545} INFO - Filling up the DagBag from /home/airflow/.local/lib/python3.12/site-packages/airflow/example_dags/example_short_circuit_operator.py
[2024-07-07T22:24:00.334+0000] {processor.py:840} INFO - DAG(s) 'example_short_circuit_operator' retrieved from /home/airflow/.local/lib/python3.12/site-packages/airflow/example_dags/example_short_circuit_operator.py
[2024-07-07T22:24:00.344+0000] {logging_mixin.py:188} INFO - [2024-07-07T22:24:00.344+0000] {dag.py:3096} INFO - Sync 1 DAGs
[2024-07-07T22:24:00.351+0000] {logging_mixin.py:188} INFO - [2024-07-07T22:24:00.351+0000] {dag.py:3954} INFO - Setting next_dagrun for example_short_circuit_operator to 2024-07-06 00:00:00+00:00, run_after=2024-07-07 00:00:00+00:00
[2024-07-07T22:24:00.357+0000] {processor.py:183} INFO - Processing /home/airflow/.local/lib/python3.12/site-packages/airflow/example_dags/example_short_circuit_operator.py took 0.029 seconds
[2024-07-07T22:24:30.647+0000] {processor.py:161} INFO - Started process (PID=1195) to work on /home/airflow/.local/lib/python3.12/site-packages/airflow/example_dags/example_short_circuit_operator.py
[2024-07-07T22:24:30.648+0000] {processor.py:830} INFO - Processing file /home/airflow/.local/lib/python3.12/site-packages/airflow/example_dags/example_short_circuit_operator.py for tasks to queue
[2024-07-07T22:24:30.649+0000] {logging_mixin.py:188} INFO - [2024-07-07T22:24:30.648+0000] {dagbag.py:545} INFO - Filling up the DagBag from /home/airflow/.local/lib/python3.12/site-packages/airflow/example_dags/example_short_circuit_operator.py
[2024-07-07T22:24:30.651+0000] {processor.py:840} INFO - DAG(s) 'example_short_circuit_operator' retrieved from /home/airflow/.local/lib/python3.12/site-packages/airflow/example_dags/example_short_circuit_operator.py
[2024-07-07T22:24:30.659+0000] {logging_mixin.py:188} INFO - [2024-07-07T22:24:30.659+0000] {dag.py:3096} INFO - Sync 1 DAGs
[2024-07-07T22:24:30.666+0000] {logging_mixin.py:188} INFO - [2024-07-07T22:24:30.666+0000] {dag.py:3954} INFO - Setting next_dagrun for example_short_circuit_operator to 2024-07-06 00:00:00+00:00, run_after=2024-07-07 00:00:00+00:00
[2024-07-07T22:24:30.671+0000] {processor.py:183} INFO - Processing /home/airflow/.local/lib/python3.12/site-packages/airflow/example_dags/example_short_circuit_operator.py took 0.026 seconds
[2024-07-07T22:25:01.231+0000] {processor.py:161} INFO - Started process (PID=1247) to work on /home/airflow/.local/lib/python3.12/site-packages/airflow/example_dags/example_short_circuit_operator.py
[2024-07-07T22:25:01.231+0000] {processor.py:830} INFO - Processing file /home/airflow/.local/lib/python3.12/site-packages/airflow/example_dags/example_short_circuit_operator.py for tasks to queue
[2024-07-07T22:25:01.232+0000] {logging_mixin.py:188} INFO - [2024-07-07T22:25:01.232+0000] {dagbag.py:545} INFO - Filling up the DagBag from /home/airflow/.local/lib/python3.12/site-packages/airflow/example_dags/example_short_circuit_operator.py
[2024-07-07T22:25:01.235+0000] {processor.py:840} INFO - DAG(s) 'example_short_circuit_operator' retrieved from /home/airflow/.local/lib/python3.12/site-packages/airflow/example_dags/example_short_circuit_operator.py
[2024-07-07T22:25:01.245+0000] {logging_mixin.py:188} INFO - [2024-07-07T22:25:01.245+0000] {dag.py:3096} INFO - Sync 1 DAGs
[2024-07-07T22:25:01.253+0000] {logging_mixin.py:188} INFO - [2024-07-07T22:25:01.253+0000] {dag.py:3954} INFO - Setting next_dagrun for example_short_circuit_operator to 2024-07-06 00:00:00+00:00, run_after=2024-07-07 00:00:00+00:00
[2024-07-07T22:25:01.260+0000] {processor.py:183} INFO - Processing /home/airflow/.local/lib/python3.12/site-packages/airflow/example_dags/example_short_circuit_operator.py took 0.032 seconds
[2024-07-07T22:25:31.680+0000] {processor.py:161} INFO - Started process (PID=1299) to work on /home/airflow/.local/lib/python3.12/site-packages/airflow/example_dags/example_short_circuit_operator.py
[2024-07-07T22:25:31.681+0000] {processor.py:830} INFO - Processing file /home/airflow/.local/lib/python3.12/site-packages/airflow/example_dags/example_short_circuit_operator.py for tasks to queue
[2024-07-07T22:25:31.681+0000] {logging_mixin.py:188} INFO - [2024-07-07T22:25:31.681+0000] {dagbag.py:545} INFO - Filling up the DagBag from /home/airflow/.local/lib/python3.12/site-packages/airflow/example_dags/example_short_circuit_operator.py
[2024-07-07T22:25:31.684+0000] {processor.py:840} INFO - DAG(s) 'example_short_circuit_operator' retrieved from /home/airflow/.local/lib/python3.12/site-packages/airflow/example_dags/example_short_circuit_operator.py
[2024-07-07T22:25:31.693+0000] {logging_mixin.py:188} INFO - [2024-07-07T22:25:31.693+0000] {dag.py:3096} INFO - Sync 1 DAGs
[2024-07-07T22:25:31.700+0000] {logging_mixin.py:188} INFO - [2024-07-07T22:25:31.700+0000] {dag.py:3954} INFO - Setting next_dagrun for example_short_circuit_operator to 2024-07-06 00:00:00+00:00, run_after=2024-07-07 00:00:00+00:00
[2024-07-07T22:25:31.706+0000] {processor.py:183} INFO - Processing /home/airflow/.local/lib/python3.12/site-packages/airflow/example_dags/example_short_circuit_operator.py took 0.028 seconds
[2024-07-07T22:26:02.174+0000] {processor.py:161} INFO - Started process (PID=1351) to work on /home/airflow/.local/lib/python3.12/site-packages/airflow/example_dags/example_short_circuit_operator.py
[2024-07-07T22:26:02.175+0000] {processor.py:830} INFO - Processing file /home/airflow/.local/lib/python3.12/site-packages/airflow/example_dags/example_short_circuit_operator.py for tasks to queue
[2024-07-07T22:26:02.176+0000] {logging_mixin.py:188} INFO - [2024-07-07T22:26:02.176+0000] {dagbag.py:545} INFO - Filling up the DagBag from /home/airflow/.local/lib/python3.12/site-packages/airflow/example_dags/example_short_circuit_operator.py
[2024-07-07T22:26:02.180+0000] {processor.py:840} INFO - DAG(s) 'example_short_circuit_operator' retrieved from /home/airflow/.local/lib/python3.12/site-packages/airflow/example_dags/example_short_circuit_operator.py
[2024-07-07T22:26:02.190+0000] {logging_mixin.py:188} INFO - [2024-07-07T22:26:02.190+0000] {dag.py:3096} INFO - Sync 1 DAGs
[2024-07-07T22:26:02.199+0000] {logging_mixin.py:188} INFO - [2024-07-07T22:26:02.199+0000] {dag.py:3954} INFO - Setting next_dagrun for example_short_circuit_operator to 2024-07-06 00:00:00+00:00, run_after=2024-07-07 00:00:00+00:00
[2024-07-07T22:26:02.207+0000] {processor.py:183} INFO - Processing /home/airflow/.local/lib/python3.12/site-packages/airflow/example_dags/example_short_circuit_operator.py took 0.036 seconds
[2024-07-07T22:26:32.545+0000] {processor.py:161} INFO - Started process (PID=1403) to work on /home/airflow/.local/lib/python3.12/site-packages/airflow/example_dags/example_short_circuit_operator.py
[2024-07-07T22:26:32.545+0000] {processor.py:830} INFO - Processing file /home/airflow/.local/lib/python3.12/site-packages/airflow/example_dags/example_short_circuit_operator.py for tasks to queue
[2024-07-07T22:26:32.546+0000] {logging_mixin.py:188} INFO - [2024-07-07T22:26:32.546+0000] {dagbag.py:545} INFO - Filling up the DagBag from /home/airflow/.local/lib/python3.12/site-packages/airflow/example_dags/example_short_circuit_operator.py
[2024-07-07T22:26:32.549+0000] {processor.py:840} INFO - DAG(s) 'example_short_circuit_operator' retrieved from /home/airflow/.local/lib/python3.12/site-packages/airflow/example_dags/example_short_circuit_operator.py
[2024-07-07T22:26:32.557+0000] {logging_mixin.py:188} INFO - [2024-07-07T22:26:32.557+0000] {dag.py:3096} INFO - Sync 1 DAGs
[2024-07-07T22:26:32.563+0000] {logging_mixin.py:188} INFO - [2024-07-07T22:26:32.563+0000] {dag.py:3954} INFO - Setting next_dagrun for example_short_circuit_operator to 2024-07-06 00:00:00+00:00, run_after=2024-07-07 00:00:00+00:00
[2024-07-07T22:26:32.569+0000] {processor.py:183} INFO - Processing /home/airflow/.local/lib/python3.12/site-packages/airflow/example_dags/example_short_circuit_operator.py took 0.026 seconds
[2024-07-07T22:27:02.816+0000] {processor.py:161} INFO - Started process (PID=1455) to work on /home/airflow/.local/lib/python3.12/site-packages/airflow/example_dags/example_short_circuit_operator.py
[2024-07-07T22:27:02.816+0000] {processor.py:830} INFO - Processing file /home/airflow/.local/lib/python3.12/site-packages/airflow/example_dags/example_short_circuit_operator.py for tasks to queue
[2024-07-07T22:27:02.817+0000] {logging_mixin.py:188} INFO - [2024-07-07T22:27:02.817+0000] {dagbag.py:545} INFO - Filling up the DagBag from /home/airflow/.local/lib/python3.12/site-packages/airflow/example_dags/example_short_circuit_operator.py
[2024-07-07T22:27:02.820+0000] {processor.py:840} INFO - DAG(s) 'example_short_circuit_operator' retrieved from /home/airflow/.local/lib/python3.12/site-packages/airflow/example_dags/example_short_circuit_operator.py
[2024-07-07T22:27:02.827+0000] {logging_mixin.py:188} INFO - [2024-07-07T22:27:02.827+0000] {dag.py:3096} INFO - Sync 1 DAGs
[2024-07-07T22:27:02.834+0000] {logging_mixin.py:188} INFO - [2024-07-07T22:27:02.834+0000] {dag.py:3954} INFO - Setting next_dagrun for example_short_circuit_operator to 2024-07-06 00:00:00+00:00, run_after=2024-07-07 00:00:00+00:00
[2024-07-07T22:27:02.839+0000] {processor.py:183} INFO - Processing /home/airflow/.local/lib/python3.12/site-packages/airflow/example_dags/example_short_circuit_operator.py took 0.025 seconds
[2024-07-07T22:27:33.070+0000] {processor.py:161} INFO - Started process (PID=1507) to work on /home/airflow/.local/lib/python3.12/site-packages/airflow/example_dags/example_short_circuit_operator.py
[2024-07-07T22:27:33.070+0000] {processor.py:830} INFO - Processing file /home/airflow/.local/lib/python3.12/site-packages/airflow/example_dags/example_short_circuit_operator.py for tasks to queue
[2024-07-07T22:27:33.071+0000] {logging_mixin.py:188} INFO - [2024-07-07T22:27:33.071+0000] {dagbag.py:545} INFO - Filling up the DagBag from /home/airflow/.local/lib/python3.12/site-packages/airflow/example_dags/example_short_circuit_operator.py
[2024-07-07T22:27:33.074+0000] {processor.py:840} INFO - DAG(s) 'example_short_circuit_operator' retrieved from /home/airflow/.local/lib/python3.12/site-packages/airflow/example_dags/example_short_circuit_operator.py
[2024-07-07T22:27:33.082+0000] {logging_mixin.py:188} INFO - [2024-07-07T22:27:33.082+0000] {dag.py:3096} INFO - Sync 1 DAGs
[2024-07-07T22:27:33.090+0000] {logging_mixin.py:188} INFO - [2024-07-07T22:27:33.090+0000] {dag.py:3954} INFO - Setting next_dagrun for example_short_circuit_operator to 2024-07-06 00:00:00+00:00, run_after=2024-07-07 00:00:00+00:00
[2024-07-07T22:27:33.096+0000] {processor.py:183} INFO - Processing /home/airflow/.local/lib/python3.12/site-packages/airflow/example_dags/example_short_circuit_operator.py took 0.029 seconds
[2024-07-07T22:28:03.331+0000] {processor.py:161} INFO - Started process (PID=1559) to work on /home/airflow/.local/lib/python3.12/site-packages/airflow/example_dags/example_short_circuit_operator.py
[2024-07-07T22:28:03.331+0000] {processor.py:830} INFO - Processing file /home/airflow/.local/lib/python3.12/site-packages/airflow/example_dags/example_short_circuit_operator.py for tasks to queue
[2024-07-07T22:28:03.332+0000] {logging_mixin.py:188} INFO - [2024-07-07T22:28:03.332+0000] {dagbag.py:545} INFO - Filling up the DagBag from /home/airflow/.local/lib/python3.12/site-packages/airflow/example_dags/example_short_circuit_operator.py
[2024-07-07T22:28:03.334+0000] {processor.py:840} INFO - DAG(s) 'example_short_circuit_operator' retrieved from /home/airflow/.local/lib/python3.12/site-packages/airflow/example_dags/example_short_circuit_operator.py
[2024-07-07T22:28:03.342+0000] {logging_mixin.py:188} INFO - [2024-07-07T22:28:03.342+0000] {dag.py:3096} INFO - Sync 1 DAGs
[2024-07-07T22:28:03.349+0000] {logging_mixin.py:188} INFO - [2024-07-07T22:28:03.349+0000] {dag.py:3954} INFO - Setting next_dagrun for example_short_circuit_operator to 2024-07-06 00:00:00+00:00, run_after=2024-07-07 00:00:00+00:00
[2024-07-07T22:28:03.355+0000] {processor.py:183} INFO - Processing /home/airflow/.local/lib/python3.12/site-packages/airflow/example_dags/example_short_circuit_operator.py took 0.026 seconds
[2024-07-07T22:28:33.597+0000] {processor.py:161} INFO - Started process (PID=1611) to work on /home/airflow/.local/lib/python3.12/site-packages/airflow/example_dags/example_short_circuit_operator.py
[2024-07-07T22:28:33.598+0000] {processor.py:830} INFO - Processing file /home/airflow/.local/lib/python3.12/site-packages/airflow/example_dags/example_short_circuit_operator.py for tasks to queue
[2024-07-07T22:28:33.598+0000] {logging_mixin.py:188} INFO - [2024-07-07T22:28:33.598+0000] {dagbag.py:545} INFO - Filling up the DagBag from /home/airflow/.local/lib/python3.12/site-packages/airflow/example_dags/example_short_circuit_operator.py
[2024-07-07T22:28:33.601+0000] {processor.py:840} INFO - DAG(s) 'example_short_circuit_operator' retrieved from /home/airflow/.local/lib/python3.12/site-packages/airflow/example_dags/example_short_circuit_operator.py
[2024-07-07T22:28:33.608+0000] {logging_mixin.py:188} INFO - [2024-07-07T22:28:33.608+0000] {dag.py:3096} INFO - Sync 1 DAGs
[2024-07-07T22:28:33.615+0000] {logging_mixin.py:188} INFO - [2024-07-07T22:28:33.615+0000] {dag.py:3954} INFO - Setting next_dagrun for example_short_circuit_operator to 2024-07-06 00:00:00+00:00, run_after=2024-07-07 00:00:00+00:00
[2024-07-07T22:28:33.621+0000] {processor.py:183} INFO - Processing /home/airflow/.local/lib/python3.12/site-packages/airflow/example_dags/example_short_circuit_operator.py took 0.026 seconds
[2024-07-07T22:29:03.899+0000] {processor.py:161} INFO - Started process (PID=1663) to work on /home/airflow/.local/lib/python3.12/site-packages/airflow/example_dags/example_short_circuit_operator.py
[2024-07-07T22:29:03.899+0000] {processor.py:830} INFO - Processing file /home/airflow/.local/lib/python3.12/site-packages/airflow/example_dags/example_short_circuit_operator.py for tasks to queue
[2024-07-07T22:29:03.900+0000] {logging_mixin.py:188} INFO - [2024-07-07T22:29:03.899+0000] {dagbag.py:545} INFO - Filling up the DagBag from /home/airflow/.local/lib/python3.12/site-packages/airflow/example_dags/example_short_circuit_operator.py
[2024-07-07T22:29:03.902+0000] {processor.py:840} INFO - DAG(s) 'example_short_circuit_operator' retrieved from /home/airflow/.local/lib/python3.12/site-packages/airflow/example_dags/example_short_circuit_operator.py
[2024-07-07T22:29:03.910+0000] {logging_mixin.py:188} INFO - [2024-07-07T22:29:03.910+0000] {dag.py:3096} INFO - Sync 1 DAGs
[2024-07-07T22:29:03.918+0000] {logging_mixin.py:188} INFO - [2024-07-07T22:29:03.918+0000] {dag.py:3954} INFO - Setting next_dagrun for example_short_circuit_operator to 2024-07-06 00:00:00+00:00, run_after=2024-07-07 00:00:00+00:00
[2024-07-07T22:29:03.924+0000] {processor.py:183} INFO - Processing /home/airflow/.local/lib/python3.12/site-packages/airflow/example_dags/example_short_circuit_operator.py took 0.027 seconds
[2024-07-07T22:29:34.410+0000] {processor.py:161} INFO - Started process (PID=1715) to work on /home/airflow/.local/lib/python3.12/site-packages/airflow/example_dags/example_short_circuit_operator.py
[2024-07-07T22:29:34.410+0000] {processor.py:830} INFO - Processing file /home/airflow/.local/lib/python3.12/site-packages/airflow/example_dags/example_short_circuit_operator.py for tasks to queue
[2024-07-07T22:29:34.411+0000] {logging_mixin.py:188} INFO - [2024-07-07T22:29:34.410+0000] {dagbag.py:545} INFO - Filling up the DagBag from /home/airflow/.local/lib/python3.12/site-packages/airflow/example_dags/example_short_circuit_operator.py
[2024-07-07T22:29:34.413+0000] {processor.py:840} INFO - DAG(s) 'example_short_circuit_operator' retrieved from /home/airflow/.local/lib/python3.12/site-packages/airflow/example_dags/example_short_circuit_operator.py
[2024-07-07T22:29:34.420+0000] {logging_mixin.py:188} INFO - [2024-07-07T22:29:34.420+0000] {dag.py:3096} INFO - Sync 1 DAGs
[2024-07-07T22:29:34.428+0000] {logging_mixin.py:188} INFO - [2024-07-07T22:29:34.428+0000] {dag.py:3954} INFO - Setting next_dagrun for example_short_circuit_operator to 2024-07-06 00:00:00+00:00, run_after=2024-07-07 00:00:00+00:00
[2024-07-07T22:29:34.434+0000] {processor.py:183} INFO - Processing /home/airflow/.local/lib/python3.12/site-packages/airflow/example_dags/example_short_circuit_operator.py took 0.026 seconds
[2024-07-07T22:30:04.949+0000] {processor.py:161} INFO - Started process (PID=1767) to work on /home/airflow/.local/lib/python3.12/site-packages/airflow/example_dags/example_short_circuit_operator.py
[2024-07-07T22:30:04.950+0000] {processor.py:830} INFO - Processing file /home/airflow/.local/lib/python3.12/site-packages/airflow/example_dags/example_short_circuit_operator.py for tasks to queue
[2024-07-07T22:30:04.951+0000] {logging_mixin.py:188} INFO - [2024-07-07T22:30:04.950+0000] {dagbag.py:545} INFO - Filling up the DagBag from /home/airflow/.local/lib/python3.12/site-packages/airflow/example_dags/example_short_circuit_operator.py
[2024-07-07T22:30:04.953+0000] {processor.py:840} INFO - DAG(s) 'example_short_circuit_operator' retrieved from /home/airflow/.local/lib/python3.12/site-packages/airflow/example_dags/example_short_circuit_operator.py
[2024-07-07T22:30:04.962+0000] {logging_mixin.py:188} INFO - [2024-07-07T22:30:04.962+0000] {dag.py:3096} INFO - Sync 1 DAGs
[2024-07-07T22:30:04.969+0000] {logging_mixin.py:188} INFO - [2024-07-07T22:30:04.969+0000] {dag.py:3954} INFO - Setting next_dagrun for example_short_circuit_operator to 2024-07-06 00:00:00+00:00, run_after=2024-07-07 00:00:00+00:00
[2024-07-07T22:30:04.976+0000] {processor.py:183} INFO - Processing /home/airflow/.local/lib/python3.12/site-packages/airflow/example_dags/example_short_circuit_operator.py took 0.028 seconds
[2024-07-07T22:30:35.310+0000] {processor.py:161} INFO - Started process (PID=1819) to work on /home/airflow/.local/lib/python3.12/site-packages/airflow/example_dags/example_short_circuit_operator.py
[2024-07-07T22:30:35.311+0000] {processor.py:830} INFO - Processing file /home/airflow/.local/lib/python3.12/site-packages/airflow/example_dags/example_short_circuit_operator.py for tasks to queue
[2024-07-07T22:30:35.312+0000] {logging_mixin.py:188} INFO - [2024-07-07T22:30:35.311+0000] {dagbag.py:545} INFO - Filling up the DagBag from /home/airflow/.local/lib/python3.12/site-packages/airflow/example_dags/example_short_circuit_operator.py
[2024-07-07T22:30:35.314+0000] {processor.py:840} INFO - DAG(s) 'example_short_circuit_operator' retrieved from /home/airflow/.local/lib/python3.12/site-packages/airflow/example_dags/example_short_circuit_operator.py
[2024-07-07T22:30:35.322+0000] {logging_mixin.py:188} INFO - [2024-07-07T22:30:35.322+0000] {dag.py:3096} INFO - Sync 1 DAGs
[2024-07-07T22:30:35.329+0000] {logging_mixin.py:188} INFO - [2024-07-07T22:30:35.329+0000] {dag.py:3954} INFO - Setting next_dagrun for example_short_circuit_operator to 2024-07-06 00:00:00+00:00, run_after=2024-07-07 00:00:00+00:00
[2024-07-07T22:30:35.402+0000] {processor.py:183} INFO - Processing /home/airflow/.local/lib/python3.12/site-packages/airflow/example_dags/example_short_circuit_operator.py took 0.094 seconds
[2024-07-07T22:31:06.393+0000] {processor.py:161} INFO - Started process (PID=1871) to work on /home/airflow/.local/lib/python3.12/site-packages/airflow/example_dags/example_short_circuit_operator.py
[2024-07-07T22:31:06.394+0000] {processor.py:830} INFO - Processing file /home/airflow/.local/lib/python3.12/site-packages/airflow/example_dags/example_short_circuit_operator.py for tasks to queue
[2024-07-07T22:31:06.395+0000] {logging_mixin.py:188} INFO - [2024-07-07T22:31:06.394+0000] {dagbag.py:545} INFO - Filling up the DagBag from /home/airflow/.local/lib/python3.12/site-packages/airflow/example_dags/example_short_circuit_operator.py
[2024-07-07T22:31:06.398+0000] {processor.py:840} INFO - DAG(s) 'example_short_circuit_operator' retrieved from /home/airflow/.local/lib/python3.12/site-packages/airflow/example_dags/example_short_circuit_operator.py
[2024-07-07T22:31:06.407+0000] {logging_mixin.py:188} INFO - [2024-07-07T22:31:06.407+0000] {dag.py:3096} INFO - Sync 1 DAGs
[2024-07-07T22:31:06.416+0000] {logging_mixin.py:188} INFO - [2024-07-07T22:31:06.416+0000] {dag.py:3954} INFO - Setting next_dagrun for example_short_circuit_operator to 2024-07-06 00:00:00+00:00, run_after=2024-07-07 00:00:00+00:00
[2024-07-07T22:31:06.423+0000] {processor.py:183} INFO - Processing /home/airflow/.local/lib/python3.12/site-packages/airflow/example_dags/example_short_circuit_operator.py took 0.032 seconds
[2024-07-07T22:31:37.345+0000] {processor.py:161} INFO - Started process (PID=1923) to work on /home/airflow/.local/lib/python3.12/site-packages/airflow/example_dags/example_short_circuit_operator.py
[2024-07-07T22:31:37.346+0000] {processor.py:830} INFO - Processing file /home/airflow/.local/lib/python3.12/site-packages/airflow/example_dags/example_short_circuit_operator.py for tasks to queue
[2024-07-07T22:31:37.347+0000] {logging_mixin.py:188} INFO - [2024-07-07T22:31:37.347+0000] {dagbag.py:545} INFO - Filling up the DagBag from /home/airflow/.local/lib/python3.12/site-packages/airflow/example_dags/example_short_circuit_operator.py
[2024-07-07T22:31:37.349+0000] {processor.py:840} INFO - DAG(s) 'example_short_circuit_operator' retrieved from /home/airflow/.local/lib/python3.12/site-packages/airflow/example_dags/example_short_circuit_operator.py
[2024-07-07T22:31:37.358+0000] {logging_mixin.py:188} INFO - [2024-07-07T22:31:37.357+0000] {dag.py:3096} INFO - Sync 1 DAGs
[2024-07-07T22:31:37.365+0000] {logging_mixin.py:188} INFO - [2024-07-07T22:31:37.365+0000] {dag.py:3954} INFO - Setting next_dagrun for example_short_circuit_operator to 2024-07-06 00:00:00+00:00, run_after=2024-07-07 00:00:00+00:00
[2024-07-07T22:31:37.371+0000] {processor.py:183} INFO - Processing /home/airflow/.local/lib/python3.12/site-packages/airflow/example_dags/example_short_circuit_operator.py took 0.028 seconds
[2024-07-07T22:32:08.809+0000] {processor.py:161} INFO - Started process (PID=1975) to work on /home/airflow/.local/lib/python3.12/site-packages/airflow/example_dags/example_short_circuit_operator.py
[2024-07-07T22:32:08.810+0000] {processor.py:830} INFO - Processing file /home/airflow/.local/lib/python3.12/site-packages/airflow/example_dags/example_short_circuit_operator.py for tasks to queue
[2024-07-07T22:32:08.810+0000] {logging_mixin.py:188} INFO - [2024-07-07T22:32:08.810+0000] {dagbag.py:545} INFO - Filling up the DagBag from /home/airflow/.local/lib/python3.12/site-packages/airflow/example_dags/example_short_circuit_operator.py
[2024-07-07T22:32:08.885+0000] {processor.py:840} INFO - DAG(s) 'example_short_circuit_operator' retrieved from /home/airflow/.local/lib/python3.12/site-packages/airflow/example_dags/example_short_circuit_operator.py
[2024-07-07T22:32:08.892+0000] {logging_mixin.py:188} INFO - [2024-07-07T22:32:08.892+0000] {dag.py:3096} INFO - Sync 1 DAGs
[2024-07-07T22:32:08.899+0000] {logging_mixin.py:188} INFO - [2024-07-07T22:32:08.899+0000] {dag.py:3954} INFO - Setting next_dagrun for example_short_circuit_operator to 2024-07-06 00:00:00+00:00, run_after=2024-07-07 00:00:00+00:00
[2024-07-07T22:32:08.905+0000] {processor.py:183} INFO - Processing /home/airflow/.local/lib/python3.12/site-packages/airflow/example_dags/example_short_circuit_operator.py took 0.099 seconds
[2024-07-07T22:32:39.445+0000] {processor.py:161} INFO - Started process (PID=2027) to work on /home/airflow/.local/lib/python3.12/site-packages/airflow/example_dags/example_short_circuit_operator.py
[2024-07-07T22:32:39.446+0000] {processor.py:830} INFO - Processing file /home/airflow/.local/lib/python3.12/site-packages/airflow/example_dags/example_short_circuit_operator.py for tasks to queue
[2024-07-07T22:32:39.446+0000] {logging_mixin.py:188} INFO - [2024-07-07T22:32:39.446+0000] {dagbag.py:545} INFO - Filling up the DagBag from /home/airflow/.local/lib/python3.12/site-packages/airflow/example_dags/example_short_circuit_operator.py
[2024-07-07T22:32:39.449+0000] {processor.py:840} INFO - DAG(s) 'example_short_circuit_operator' retrieved from /home/airflow/.local/lib/python3.12/site-packages/airflow/example_dags/example_short_circuit_operator.py
[2024-07-07T22:32:39.457+0000] {logging_mixin.py:188} INFO - [2024-07-07T22:32:39.457+0000] {dag.py:3096} INFO - Sync 1 DAGs
[2024-07-07T22:32:39.465+0000] {logging_mixin.py:188} INFO - [2024-07-07T22:32:39.465+0000] {dag.py:3954} INFO - Setting next_dagrun for example_short_circuit_operator to 2024-07-06 00:00:00+00:00, run_after=2024-07-07 00:00:00+00:00
[2024-07-07T22:32:39.471+0000] {processor.py:183} INFO - Processing /home/airflow/.local/lib/python3.12/site-packages/airflow/example_dags/example_short_circuit_operator.py took 0.028 seconds
[2024-07-07T22:33:09.930+0000] {processor.py:161} INFO - Started process (PID=2079) to work on /home/airflow/.local/lib/python3.12/site-packages/airflow/example_dags/example_short_circuit_operator.py
[2024-07-07T22:33:09.930+0000] {processor.py:830} INFO - Processing file /home/airflow/.local/lib/python3.12/site-packages/airflow/example_dags/example_short_circuit_operator.py for tasks to queue
[2024-07-07T22:33:09.931+0000] {logging_mixin.py:188} INFO - [2024-07-07T22:33:09.931+0000] {dagbag.py:545} INFO - Filling up the DagBag from /home/airflow/.local/lib/python3.12/site-packages/airflow/example_dags/example_short_circuit_operator.py
[2024-07-07T22:33:09.934+0000] {processor.py:840} INFO - DAG(s) 'example_short_circuit_operator' retrieved from /home/airflow/.local/lib/python3.12/site-packages/airflow/example_dags/example_short_circuit_operator.py
[2024-07-07T22:33:09.947+0000] {logging_mixin.py:188} INFO - [2024-07-07T22:33:09.947+0000] {dag.py:3096} INFO - Sync 1 DAGs
[2024-07-07T22:33:09.955+0000] {logging_mixin.py:188} INFO - [2024-07-07T22:33:09.955+0000] {dag.py:3954} INFO - Setting next_dagrun for example_short_circuit_operator to 2024-07-06 00:00:00+00:00, run_after=2024-07-07 00:00:00+00:00
[2024-07-07T22:33:09.961+0000] {processor.py:183} INFO - Processing /home/airflow/.local/lib/python3.12/site-packages/airflow/example_dags/example_short_circuit_operator.py took 0.034 seconds
[2024-07-07T22:33:40.388+0000] {processor.py:161} INFO - Started process (PID=2131) to work on /home/airflow/.local/lib/python3.12/site-packages/airflow/example_dags/example_short_circuit_operator.py
[2024-07-07T22:33:40.389+0000] {processor.py:830} INFO - Processing file /home/airflow/.local/lib/python3.12/site-packages/airflow/example_dags/example_short_circuit_operator.py for tasks to queue
[2024-07-07T22:33:40.390+0000] {logging_mixin.py:188} INFO - [2024-07-07T22:33:40.390+0000] {dagbag.py:545} INFO - Filling up the DagBag from /home/airflow/.local/lib/python3.12/site-packages/airflow/example_dags/example_short_circuit_operator.py
[2024-07-07T22:33:40.394+0000] {processor.py:840} INFO - DAG(s) 'example_short_circuit_operator' retrieved from /home/airflow/.local/lib/python3.12/site-packages/airflow/example_dags/example_short_circuit_operator.py
[2024-07-07T22:33:40.405+0000] {logging_mixin.py:188} INFO - [2024-07-07T22:33:40.404+0000] {dag.py:3096} INFO - Sync 1 DAGs
[2024-07-07T22:33:40.416+0000] {logging_mixin.py:188} INFO - [2024-07-07T22:33:40.416+0000] {dag.py:3954} INFO - Setting next_dagrun for example_short_circuit_operator to 2024-07-06 00:00:00+00:00, run_after=2024-07-07 00:00:00+00:00
[2024-07-07T22:33:40.423+0000] {processor.py:183} INFO - Processing /home/airflow/.local/lib/python3.12/site-packages/airflow/example_dags/example_short_circuit_operator.py took 0.038 seconds
