[2024-07-07T22:13:09.261+0000] {processor.py:161} INFO - Started process (PID=65) to work on /home/airflow/.local/lib/python3.12/site-packages/airflow/example_dags/example_branch_operator.py
[2024-07-07T22:13:09.262+0000] {processor.py:830} INFO - Processing file /home/airflow/.local/lib/python3.12/site-packages/airflow/example_dags/example_branch_operator.py for tasks to queue
[2024-07-07T22:13:09.264+0000] {logging_mixin.py:188} INFO - [2024-07-07T22:13:09.263+0000] {dagbag.py:545} INFO - Filling up the DagBag from /home/airflow/.local/lib/python3.12/site-packages/airflow/example_dags/example_branch_operator.py
[2024-07-07T22:13:09.273+0000] {processor.py:840} INFO - DAG(s) 'example_branch_operator' retrieved from /home/airflow/.local/lib/python3.12/site-packages/airflow/example_dags/example_branch_operator.py
[2024-07-07T22:13:09.324+0000] {logging_mixin.py:188} INFO - [2024-07-07T22:13:09.324+0000] {override.py:1829} INFO - Created Permission View: can edit on DAG:example_branch_operator
[2024-07-07T22:13:09.329+0000] {logging_mixin.py:188} INFO - [2024-07-07T22:13:09.329+0000] {override.py:1829} INFO - Created Permission View: can read on DAG:example_branch_operator
[2024-07-07T22:13:09.333+0000] {logging_mixin.py:188} INFO - [2024-07-07T22:13:09.333+0000] {override.py:1829} INFO - Created Permission View: can delete on DAG:example_branch_operator
[2024-07-07T22:13:09.334+0000] {logging_mixin.py:188} INFO - [2024-07-07T22:13:09.333+0000] {dag.py:3096} INFO - Sync 1 DAGs
[2024-07-07T22:13:09.339+0000] {logging_mixin.py:188} INFO - [2024-07-07T22:13:09.339+0000] {dag.py:3118} INFO - Creating ORM DAG for example_branch_operator
[2024-07-07T22:13:09.344+0000] {logging_mixin.py:188} INFO - [2024-07-07T22:13:09.344+0000] {dag.py:3954} INFO - Setting next_dagrun for example_branch_operator to 2024-07-06 00:00:00+00:00, run_after=2024-07-07 00:00:00+00:00
[2024-07-07T22:13:09.354+0000] {processor.py:183} INFO - Processing /home/airflow/.local/lib/python3.12/site-packages/airflow/example_dags/example_branch_operator.py took 0.096 seconds
[2024-07-07T22:13:53.816+0000] {processor.py:161} INFO - Started process (PID=65) to work on /home/airflow/.local/lib/python3.12/site-packages/airflow/example_dags/example_branch_operator.py
[2024-07-07T22:13:53.817+0000] {processor.py:830} INFO - Processing file /home/airflow/.local/lib/python3.12/site-packages/airflow/example_dags/example_branch_operator.py for tasks to queue
[2024-07-07T22:13:53.818+0000] {logging_mixin.py:188} INFO - [2024-07-07T22:13:53.817+0000] {dagbag.py:545} INFO - Filling up the DagBag from /home/airflow/.local/lib/python3.12/site-packages/airflow/example_dags/example_branch_operator.py
[2024-07-07T22:13:53.827+0000] {processor.py:840} INFO - DAG(s) 'example_branch_operator' retrieved from /home/airflow/.local/lib/python3.12/site-packages/airflow/example_dags/example_branch_operator.py
[2024-07-07T22:13:53.837+0000] {logging_mixin.py:188} INFO - [2024-07-07T22:13:53.836+0000] {dag.py:3096} INFO - Sync 1 DAGs
[2024-07-07T22:13:53.852+0000] {logging_mixin.py:188} INFO - [2024-07-07T22:13:53.852+0000] {dag.py:3954} INFO - Setting next_dagrun for example_branch_operator to 2024-07-06 00:00:00+00:00, run_after=2024-07-07 00:00:00+00:00
[2024-07-07T22:13:53.869+0000] {processor.py:183} INFO - Processing /home/airflow/.local/lib/python3.12/site-packages/airflow/example_dags/example_branch_operator.py took 0.056 seconds
[2024-07-07T22:14:23.912+0000] {processor.py:161} INFO - Started process (PID=117) to work on /home/airflow/.local/lib/python3.12/site-packages/airflow/example_dags/example_branch_operator.py
[2024-07-07T22:14:23.912+0000] {processor.py:830} INFO - Processing file /home/airflow/.local/lib/python3.12/site-packages/airflow/example_dags/example_branch_operator.py for tasks to queue
[2024-07-07T22:14:23.913+0000] {logging_mixin.py:188} INFO - [2024-07-07T22:14:23.913+0000] {dagbag.py:545} INFO - Filling up the DagBag from /home/airflow/.local/lib/python3.12/site-packages/airflow/example_dags/example_branch_operator.py
[2024-07-07T22:14:23.919+0000] {processor.py:840} INFO - DAG(s) 'example_branch_operator' retrieved from /home/airflow/.local/lib/python3.12/site-packages/airflow/example_dags/example_branch_operator.py
[2024-07-07T22:14:23.956+0000] {logging_mixin.py:188} INFO - [2024-07-07T22:14:23.956+0000] {dag.py:3096} INFO - Sync 1 DAGs
[2024-07-07T22:14:23.963+0000] {logging_mixin.py:188} INFO - [2024-07-07T22:14:23.963+0000] {dag.py:3954} INFO - Setting next_dagrun for example_branch_operator to 2024-07-06 00:00:00+00:00, run_after=2024-07-07 00:00:00+00:00
[2024-07-07T22:14:23.969+0000] {processor.py:183} INFO - Processing /home/airflow/.local/lib/python3.12/site-packages/airflow/example_dags/example_branch_operator.py took 0.060 seconds
[2024-07-07T22:14:54.719+0000] {processor.py:161} INFO - Started process (PID=169) to work on /home/airflow/.local/lib/python3.12/site-packages/airflow/example_dags/example_branch_operator.py
[2024-07-07T22:14:54.719+0000] {processor.py:830} INFO - Processing file /home/airflow/.local/lib/python3.12/site-packages/airflow/example_dags/example_branch_operator.py for tasks to queue
[2024-07-07T22:14:54.720+0000] {logging_mixin.py:188} INFO - [2024-07-07T22:14:54.720+0000] {dagbag.py:545} INFO - Filling up the DagBag from /home/airflow/.local/lib/python3.12/site-packages/airflow/example_dags/example_branch_operator.py
[2024-07-07T22:14:54.726+0000] {processor.py:840} INFO - DAG(s) 'example_branch_operator' retrieved from /home/airflow/.local/lib/python3.12/site-packages/airflow/example_dags/example_branch_operator.py
[2024-07-07T22:14:54.736+0000] {logging_mixin.py:188} INFO - [2024-07-07T22:14:54.735+0000] {dag.py:3096} INFO - Sync 1 DAGs
[2024-07-07T22:14:54.744+0000] {logging_mixin.py:188} INFO - [2024-07-07T22:14:54.744+0000] {dag.py:3954} INFO - Setting next_dagrun for example_branch_operator to 2024-07-06 00:00:00+00:00, run_after=2024-07-07 00:00:00+00:00
[2024-07-07T22:14:54.750+0000] {processor.py:183} INFO - Processing /home/airflow/.local/lib/python3.12/site-packages/airflow/example_dags/example_branch_operator.py took 0.034 seconds
[2024-07-07T22:15:24.966+0000] {processor.py:161} INFO - Started process (PID=221) to work on /home/airflow/.local/lib/python3.12/site-packages/airflow/example_dags/example_branch_operator.py
[2024-07-07T22:15:24.966+0000] {processor.py:830} INFO - Processing file /home/airflow/.local/lib/python3.12/site-packages/airflow/example_dags/example_branch_operator.py for tasks to queue
[2024-07-07T22:15:24.967+0000] {logging_mixin.py:188} INFO - [2024-07-07T22:15:24.967+0000] {dagbag.py:545} INFO - Filling up the DagBag from /home/airflow/.local/lib/python3.12/site-packages/airflow/example_dags/example_branch_operator.py
[2024-07-07T22:15:24.973+0000] {processor.py:840} INFO - DAG(s) 'example_branch_operator' retrieved from /home/airflow/.local/lib/python3.12/site-packages/airflow/example_dags/example_branch_operator.py
[2024-07-07T22:15:24.983+0000] {logging_mixin.py:188} INFO - [2024-07-07T22:15:24.983+0000] {dag.py:3096} INFO - Sync 1 DAGs
[2024-07-07T22:15:24.990+0000] {logging_mixin.py:188} INFO - [2024-07-07T22:15:24.990+0000] {dag.py:3954} INFO - Setting next_dagrun for example_branch_operator to 2024-07-06 00:00:00+00:00, run_after=2024-07-07 00:00:00+00:00
[2024-07-07T22:15:24.997+0000] {processor.py:183} INFO - Processing /home/airflow/.local/lib/python3.12/site-packages/airflow/example_dags/example_branch_operator.py took 0.033 seconds
[2024-07-07T22:15:55.215+0000] {processor.py:161} INFO - Started process (PID=286) to work on /home/airflow/.local/lib/python3.12/site-packages/airflow/example_dags/example_branch_operator.py
[2024-07-07T22:15:55.216+0000] {processor.py:830} INFO - Processing file /home/airflow/.local/lib/python3.12/site-packages/airflow/example_dags/example_branch_operator.py for tasks to queue
[2024-07-07T22:15:55.217+0000] {logging_mixin.py:188} INFO - [2024-07-07T22:15:55.216+0000] {dagbag.py:545} INFO - Filling up the DagBag from /home/airflow/.local/lib/python3.12/site-packages/airflow/example_dags/example_branch_operator.py
[2024-07-07T22:15:55.222+0000] {processor.py:840} INFO - DAG(s) 'example_branch_operator' retrieved from /home/airflow/.local/lib/python3.12/site-packages/airflow/example_dags/example_branch_operator.py
[2024-07-07T22:15:55.232+0000] {logging_mixin.py:188} INFO - [2024-07-07T22:15:55.232+0000] {dag.py:3096} INFO - Sync 1 DAGs
[2024-07-07T22:15:55.239+0000] {logging_mixin.py:188} INFO - [2024-07-07T22:15:55.239+0000] {dag.py:3954} INFO - Setting next_dagrun for example_branch_operator to 2024-07-06 00:00:00+00:00, run_after=2024-07-07 00:00:00+00:00
[2024-07-07T22:15:55.245+0000] {processor.py:183} INFO - Processing /home/airflow/.local/lib/python3.12/site-packages/airflow/example_dags/example_branch_operator.py took 0.031 seconds
[2024-07-07T22:16:25.434+0000] {processor.py:161} INFO - Started process (PID=345) to work on /home/airflow/.local/lib/python3.12/site-packages/airflow/example_dags/example_branch_operator.py
[2024-07-07T22:16:25.435+0000] {processor.py:830} INFO - Processing file /home/airflow/.local/lib/python3.12/site-packages/airflow/example_dags/example_branch_operator.py for tasks to queue
[2024-07-07T22:16:25.436+0000] {logging_mixin.py:188} INFO - [2024-07-07T22:16:25.436+0000] {dagbag.py:545} INFO - Filling up the DagBag from /home/airflow/.local/lib/python3.12/site-packages/airflow/example_dags/example_branch_operator.py
[2024-07-07T22:16:25.442+0000] {processor.py:840} INFO - DAG(s) 'example_branch_operator' retrieved from /home/airflow/.local/lib/python3.12/site-packages/airflow/example_dags/example_branch_operator.py
[2024-07-07T22:16:25.452+0000] {logging_mixin.py:188} INFO - [2024-07-07T22:16:25.452+0000] {dag.py:3096} INFO - Sync 1 DAGs
[2024-07-07T22:16:25.459+0000] {logging_mixin.py:188} INFO - [2024-07-07T22:16:25.459+0000] {dag.py:3954} INFO - Setting next_dagrun for example_branch_operator to 2024-07-06 00:00:00+00:00, run_after=2024-07-07 00:00:00+00:00
[2024-07-07T22:16:25.465+0000] {processor.py:183} INFO - Processing /home/airflow/.local/lib/python3.12/site-packages/airflow/example_dags/example_branch_operator.py took 0.033 seconds
[2024-07-07T22:16:55.654+0000] {processor.py:161} INFO - Started process (PID=411) to work on /home/airflow/.local/lib/python3.12/site-packages/airflow/example_dags/example_branch_operator.py
[2024-07-07T22:16:55.654+0000] {processor.py:830} INFO - Processing file /home/airflow/.local/lib/python3.12/site-packages/airflow/example_dags/example_branch_operator.py for tasks to queue
[2024-07-07T22:16:55.655+0000] {logging_mixin.py:188} INFO - [2024-07-07T22:16:55.655+0000] {dagbag.py:545} INFO - Filling up the DagBag from /home/airflow/.local/lib/python3.12/site-packages/airflow/example_dags/example_branch_operator.py
[2024-07-07T22:16:55.660+0000] {processor.py:840} INFO - DAG(s) 'example_branch_operator' retrieved from /home/airflow/.local/lib/python3.12/site-packages/airflow/example_dags/example_branch_operator.py
[2024-07-07T22:16:55.670+0000] {logging_mixin.py:188} INFO - [2024-07-07T22:16:55.669+0000] {dag.py:3096} INFO - Sync 1 DAGs
[2024-07-07T22:16:55.677+0000] {logging_mixin.py:188} INFO - [2024-07-07T22:16:55.677+0000] {dag.py:3954} INFO - Setting next_dagrun for example_branch_operator to 2024-07-06 00:00:00+00:00, run_after=2024-07-07 00:00:00+00:00
[2024-07-07T22:16:55.682+0000] {processor.py:183} INFO - Processing /home/airflow/.local/lib/python3.12/site-packages/airflow/example_dags/example_branch_operator.py took 0.030 seconds
[2024-07-07T22:17:25.935+0000] {processor.py:161} INFO - Started process (PID=464) to work on /home/airflow/.local/lib/python3.12/site-packages/airflow/example_dags/example_branch_operator.py
[2024-07-07T22:17:25.935+0000] {processor.py:830} INFO - Processing file /home/airflow/.local/lib/python3.12/site-packages/airflow/example_dags/example_branch_operator.py for tasks to queue
[2024-07-07T22:17:25.936+0000] {logging_mixin.py:188} INFO - [2024-07-07T22:17:25.936+0000] {dagbag.py:545} INFO - Filling up the DagBag from /home/airflow/.local/lib/python3.12/site-packages/airflow/example_dags/example_branch_operator.py
[2024-07-07T22:17:25.943+0000] {processor.py:840} INFO - DAG(s) 'example_branch_operator' retrieved from /home/airflow/.local/lib/python3.12/site-packages/airflow/example_dags/example_branch_operator.py
[2024-07-07T22:17:25.953+0000] {logging_mixin.py:188} INFO - [2024-07-07T22:17:25.953+0000] {dag.py:3096} INFO - Sync 1 DAGs
[2024-07-07T22:17:25.961+0000] {logging_mixin.py:188} INFO - [2024-07-07T22:17:25.961+0000] {dag.py:3954} INFO - Setting next_dagrun for example_branch_operator to 2024-07-06 00:00:00+00:00, run_after=2024-07-07 00:00:00+00:00
[2024-07-07T22:17:25.967+0000] {processor.py:183} INFO - Processing /home/airflow/.local/lib/python3.12/site-packages/airflow/example_dags/example_branch_operator.py took 0.035 seconds
[2024-07-07T22:17:56.279+0000] {processor.py:161} INFO - Started process (PID=518) to work on /home/airflow/.local/lib/python3.12/site-packages/airflow/example_dags/example_branch_operator.py
[2024-07-07T22:17:56.279+0000] {processor.py:830} INFO - Processing file /home/airflow/.local/lib/python3.12/site-packages/airflow/example_dags/example_branch_operator.py for tasks to queue
[2024-07-07T22:17:56.280+0000] {logging_mixin.py:188} INFO - [2024-07-07T22:17:56.280+0000] {dagbag.py:545} INFO - Filling up the DagBag from /home/airflow/.local/lib/python3.12/site-packages/airflow/example_dags/example_branch_operator.py
[2024-07-07T22:17:56.287+0000] {processor.py:840} INFO - DAG(s) 'example_branch_operator' retrieved from /home/airflow/.local/lib/python3.12/site-packages/airflow/example_dags/example_branch_operator.py
[2024-07-07T22:17:56.300+0000] {logging_mixin.py:188} INFO - [2024-07-07T22:17:56.300+0000] {dag.py:3096} INFO - Sync 1 DAGs
[2024-07-07T22:17:56.309+0000] {logging_mixin.py:188} INFO - [2024-07-07T22:17:56.309+0000] {dag.py:3954} INFO - Setting next_dagrun for example_branch_operator to 2024-07-06 00:00:00+00:00, run_after=2024-07-07 00:00:00+00:00
[2024-07-07T22:17:56.320+0000] {processor.py:183} INFO - Processing /home/airflow/.local/lib/python3.12/site-packages/airflow/example_dags/example_branch_operator.py took 0.043 seconds
[2024-07-07T22:18:26.761+0000] {processor.py:161} INFO - Started process (PID=570) to work on /home/airflow/.local/lib/python3.12/site-packages/airflow/example_dags/example_branch_operator.py
[2024-07-07T22:18:26.761+0000] {processor.py:830} INFO - Processing file /home/airflow/.local/lib/python3.12/site-packages/airflow/example_dags/example_branch_operator.py for tasks to queue
[2024-07-07T22:18:26.762+0000] {logging_mixin.py:188} INFO - [2024-07-07T22:18:26.762+0000] {dagbag.py:545} INFO - Filling up the DagBag from /home/airflow/.local/lib/python3.12/site-packages/airflow/example_dags/example_branch_operator.py
[2024-07-07T22:18:26.769+0000] {processor.py:840} INFO - DAG(s) 'example_branch_operator' retrieved from /home/airflow/.local/lib/python3.12/site-packages/airflow/example_dags/example_branch_operator.py
[2024-07-07T22:18:26.780+0000] {logging_mixin.py:188} INFO - [2024-07-07T22:18:26.780+0000] {dag.py:3096} INFO - Sync 1 DAGs
[2024-07-07T22:18:26.787+0000] {logging_mixin.py:188} INFO - [2024-07-07T22:18:26.787+0000] {dag.py:3954} INFO - Setting next_dagrun for example_branch_operator to 2024-07-06 00:00:00+00:00, run_after=2024-07-07 00:00:00+00:00
[2024-07-07T22:18:26.794+0000] {processor.py:183} INFO - Processing /home/airflow/.local/lib/python3.12/site-packages/airflow/example_dags/example_branch_operator.py took 0.035 seconds
[2024-07-07T22:18:57.075+0000] {processor.py:161} INFO - Started process (PID=622) to work on /home/airflow/.local/lib/python3.12/site-packages/airflow/example_dags/example_branch_operator.py
[2024-07-07T22:18:57.076+0000] {processor.py:830} INFO - Processing file /home/airflow/.local/lib/python3.12/site-packages/airflow/example_dags/example_branch_operator.py for tasks to queue
[2024-07-07T22:18:57.076+0000] {logging_mixin.py:188} INFO - [2024-07-07T22:18:57.076+0000] {dagbag.py:545} INFO - Filling up the DagBag from /home/airflow/.local/lib/python3.12/site-packages/airflow/example_dags/example_branch_operator.py
[2024-07-07T22:18:57.083+0000] {processor.py:840} INFO - DAG(s) 'example_branch_operator' retrieved from /home/airflow/.local/lib/python3.12/site-packages/airflow/example_dags/example_branch_operator.py
[2024-07-07T22:18:57.093+0000] {logging_mixin.py:188} INFO - [2024-07-07T22:18:57.093+0000] {dag.py:3096} INFO - Sync 1 DAGs
[2024-07-07T22:18:57.101+0000] {logging_mixin.py:188} INFO - [2024-07-07T22:18:57.101+0000] {dag.py:3954} INFO - Setting next_dagrun for example_branch_operator to 2024-07-06 00:00:00+00:00, run_after=2024-07-07 00:00:00+00:00
[2024-07-07T22:18:57.107+0000] {processor.py:183} INFO - Processing /home/airflow/.local/lib/python3.12/site-packages/airflow/example_dags/example_branch_operator.py took 0.034 seconds
[2024-07-07T22:19:27.361+0000] {processor.py:161} INFO - Started process (PID=674) to work on /home/airflow/.local/lib/python3.12/site-packages/airflow/example_dags/example_branch_operator.py
[2024-07-07T22:19:27.361+0000] {processor.py:830} INFO - Processing file /home/airflow/.local/lib/python3.12/site-packages/airflow/example_dags/example_branch_operator.py for tasks to queue
[2024-07-07T22:19:27.362+0000] {logging_mixin.py:188} INFO - [2024-07-07T22:19:27.362+0000] {dagbag.py:545} INFO - Filling up the DagBag from /home/airflow/.local/lib/python3.12/site-packages/airflow/example_dags/example_branch_operator.py
[2024-07-07T22:19:27.368+0000] {processor.py:840} INFO - DAG(s) 'example_branch_operator' retrieved from /home/airflow/.local/lib/python3.12/site-packages/airflow/example_dags/example_branch_operator.py
[2024-07-07T22:19:27.378+0000] {logging_mixin.py:188} INFO - [2024-07-07T22:19:27.378+0000] {dag.py:3096} INFO - Sync 1 DAGs
[2024-07-07T22:19:27.386+0000] {logging_mixin.py:188} INFO - [2024-07-07T22:19:27.386+0000] {dag.py:3954} INFO - Setting next_dagrun for example_branch_operator to 2024-07-06 00:00:00+00:00, run_after=2024-07-07 00:00:00+00:00
[2024-07-07T22:19:27.392+0000] {processor.py:183} INFO - Processing /home/airflow/.local/lib/python3.12/site-packages/airflow/example_dags/example_branch_operator.py took 0.034 seconds
[2024-07-07T22:19:57.656+0000] {processor.py:161} INFO - Started process (PID=726) to work on /home/airflow/.local/lib/python3.12/site-packages/airflow/example_dags/example_branch_operator.py
[2024-07-07T22:19:57.656+0000] {processor.py:830} INFO - Processing file /home/airflow/.local/lib/python3.12/site-packages/airflow/example_dags/example_branch_operator.py for tasks to queue
[2024-07-07T22:19:57.657+0000] {logging_mixin.py:188} INFO - [2024-07-07T22:19:57.657+0000] {dagbag.py:545} INFO - Filling up the DagBag from /home/airflow/.local/lib/python3.12/site-packages/airflow/example_dags/example_branch_operator.py
[2024-07-07T22:19:57.663+0000] {processor.py:840} INFO - DAG(s) 'example_branch_operator' retrieved from /home/airflow/.local/lib/python3.12/site-packages/airflow/example_dags/example_branch_operator.py
[2024-07-07T22:19:57.674+0000] {logging_mixin.py:188} INFO - [2024-07-07T22:19:57.674+0000] {dag.py:3096} INFO - Sync 1 DAGs
[2024-07-07T22:19:57.682+0000] {logging_mixin.py:188} INFO - [2024-07-07T22:19:57.682+0000] {dag.py:3954} INFO - Setting next_dagrun for example_branch_operator to 2024-07-06 00:00:00+00:00, run_after=2024-07-07 00:00:00+00:00
[2024-07-07T22:19:57.688+0000] {processor.py:183} INFO - Processing /home/airflow/.local/lib/python3.12/site-packages/airflow/example_dags/example_branch_operator.py took 0.034 seconds
[2024-07-07T22:20:27.932+0000] {processor.py:161} INFO - Started process (PID=778) to work on /home/airflow/.local/lib/python3.12/site-packages/airflow/example_dags/example_branch_operator.py
[2024-07-07T22:20:27.932+0000] {processor.py:830} INFO - Processing file /home/airflow/.local/lib/python3.12/site-packages/airflow/example_dags/example_branch_operator.py for tasks to queue
[2024-07-07T22:20:27.933+0000] {logging_mixin.py:188} INFO - [2024-07-07T22:20:27.933+0000] {dagbag.py:545} INFO - Filling up the DagBag from /home/airflow/.local/lib/python3.12/site-packages/airflow/example_dags/example_branch_operator.py
[2024-07-07T22:20:27.939+0000] {processor.py:840} INFO - DAG(s) 'example_branch_operator' retrieved from /home/airflow/.local/lib/python3.12/site-packages/airflow/example_dags/example_branch_operator.py
[2024-07-07T22:20:27.950+0000] {logging_mixin.py:188} INFO - [2024-07-07T22:20:27.950+0000] {dag.py:3096} INFO - Sync 1 DAGs
[2024-07-07T22:20:27.958+0000] {logging_mixin.py:188} INFO - [2024-07-07T22:20:27.957+0000] {dag.py:3954} INFO - Setting next_dagrun for example_branch_operator to 2024-07-06 00:00:00+00:00, run_after=2024-07-07 00:00:00+00:00
[2024-07-07T22:20:27.964+0000] {processor.py:183} INFO - Processing /home/airflow/.local/lib/python3.12/site-packages/airflow/example_dags/example_branch_operator.py took 0.035 seconds
[2024-07-07T22:20:58.238+0000] {processor.py:161} INFO - Started process (PID=830) to work on /home/airflow/.local/lib/python3.12/site-packages/airflow/example_dags/example_branch_operator.py
[2024-07-07T22:20:58.238+0000] {processor.py:830} INFO - Processing file /home/airflow/.local/lib/python3.12/site-packages/airflow/example_dags/example_branch_operator.py for tasks to queue
[2024-07-07T22:20:58.239+0000] {logging_mixin.py:188} INFO - [2024-07-07T22:20:58.239+0000] {dagbag.py:545} INFO - Filling up the DagBag from /home/airflow/.local/lib/python3.12/site-packages/airflow/example_dags/example_branch_operator.py
[2024-07-07T22:20:58.245+0000] {processor.py:840} INFO - DAG(s) 'example_branch_operator' retrieved from /home/airflow/.local/lib/python3.12/site-packages/airflow/example_dags/example_branch_operator.py
[2024-07-07T22:20:58.255+0000] {logging_mixin.py:188} INFO - [2024-07-07T22:20:58.255+0000] {dag.py:3096} INFO - Sync 1 DAGs
[2024-07-07T22:20:58.263+0000] {logging_mixin.py:188} INFO - [2024-07-07T22:20:58.263+0000] {dag.py:3954} INFO - Setting next_dagrun for example_branch_operator to 2024-07-06 00:00:00+00:00, run_after=2024-07-07 00:00:00+00:00
[2024-07-07T22:20:58.269+0000] {processor.py:183} INFO - Processing /home/airflow/.local/lib/python3.12/site-packages/airflow/example_dags/example_branch_operator.py took 0.033 seconds
[2024-07-07T22:21:28.589+0000] {processor.py:161} INFO - Started process (PID=882) to work on /home/airflow/.local/lib/python3.12/site-packages/airflow/example_dags/example_branch_operator.py
[2024-07-07T22:21:28.589+0000] {processor.py:830} INFO - Processing file /home/airflow/.local/lib/python3.12/site-packages/airflow/example_dags/example_branch_operator.py for tasks to queue
[2024-07-07T22:21:28.590+0000] {logging_mixin.py:188} INFO - [2024-07-07T22:21:28.590+0000] {dagbag.py:545} INFO - Filling up the DagBag from /home/airflow/.local/lib/python3.12/site-packages/airflow/example_dags/example_branch_operator.py
[2024-07-07T22:21:28.595+0000] {processor.py:840} INFO - DAG(s) 'example_branch_operator' retrieved from /home/airflow/.local/lib/python3.12/site-packages/airflow/example_dags/example_branch_operator.py
[2024-07-07T22:21:28.604+0000] {logging_mixin.py:188} INFO - [2024-07-07T22:21:28.604+0000] {dag.py:3096} INFO - Sync 1 DAGs
[2024-07-07T22:21:28.611+0000] {logging_mixin.py:188} INFO - [2024-07-07T22:21:28.611+0000] {dag.py:3954} INFO - Setting next_dagrun for example_branch_operator to 2024-07-06 00:00:00+00:00, run_after=2024-07-07 00:00:00+00:00
[2024-07-07T22:21:28.617+0000] {processor.py:183} INFO - Processing /home/airflow/.local/lib/python3.12/site-packages/airflow/example_dags/example_branch_operator.py took 0.030 seconds
[2024-07-07T22:21:58.904+0000] {processor.py:161} INFO - Started process (PID=934) to work on /home/airflow/.local/lib/python3.12/site-packages/airflow/example_dags/example_branch_operator.py
[2024-07-07T22:21:58.904+0000] {processor.py:830} INFO - Processing file /home/airflow/.local/lib/python3.12/site-packages/airflow/example_dags/example_branch_operator.py for tasks to queue
[2024-07-07T22:21:58.905+0000] {logging_mixin.py:188} INFO - [2024-07-07T22:21:58.905+0000] {dagbag.py:545} INFO - Filling up the DagBag from /home/airflow/.local/lib/python3.12/site-packages/airflow/example_dags/example_branch_operator.py
[2024-07-07T22:21:58.911+0000] {processor.py:840} INFO - DAG(s) 'example_branch_operator' retrieved from /home/airflow/.local/lib/python3.12/site-packages/airflow/example_dags/example_branch_operator.py
[2024-07-07T22:21:58.921+0000] {logging_mixin.py:188} INFO - [2024-07-07T22:21:58.920+0000] {dag.py:3096} INFO - Sync 1 DAGs
[2024-07-07T22:21:58.928+0000] {logging_mixin.py:188} INFO - [2024-07-07T22:21:58.927+0000] {dag.py:3954} INFO - Setting next_dagrun for example_branch_operator to 2024-07-06 00:00:00+00:00, run_after=2024-07-07 00:00:00+00:00
[2024-07-07T22:21:58.934+0000] {processor.py:183} INFO - Processing /home/airflow/.local/lib/python3.12/site-packages/airflow/example_dags/example_branch_operator.py took 0.033 seconds
[2024-07-07T22:22:29.292+0000] {processor.py:161} INFO - Started process (PID=986) to work on /home/airflow/.local/lib/python3.12/site-packages/airflow/example_dags/example_branch_operator.py
[2024-07-07T22:22:29.293+0000] {processor.py:830} INFO - Processing file /home/airflow/.local/lib/python3.12/site-packages/airflow/example_dags/example_branch_operator.py for tasks to queue
[2024-07-07T22:22:29.293+0000] {logging_mixin.py:188} INFO - [2024-07-07T22:22:29.293+0000] {dagbag.py:545} INFO - Filling up the DagBag from /home/airflow/.local/lib/python3.12/site-packages/airflow/example_dags/example_branch_operator.py
[2024-07-07T22:22:29.300+0000] {processor.py:840} INFO - DAG(s) 'example_branch_operator' retrieved from /home/airflow/.local/lib/python3.12/site-packages/airflow/example_dags/example_branch_operator.py
[2024-07-07T22:22:29.310+0000] {logging_mixin.py:188} INFO - [2024-07-07T22:22:29.310+0000] {dag.py:3096} INFO - Sync 1 DAGs
[2024-07-07T22:22:29.317+0000] {logging_mixin.py:188} INFO - [2024-07-07T22:22:29.317+0000] {dag.py:3954} INFO - Setting next_dagrun for example_branch_operator to 2024-07-06 00:00:00+00:00, run_after=2024-07-07 00:00:00+00:00
[2024-07-07T22:22:29.323+0000] {processor.py:183} INFO - Processing /home/airflow/.local/lib/python3.12/site-packages/airflow/example_dags/example_branch_operator.py took 0.033 seconds
[2024-07-07T22:22:59.648+0000] {processor.py:161} INFO - Started process (PID=1038) to work on /home/airflow/.local/lib/python3.12/site-packages/airflow/example_dags/example_branch_operator.py
[2024-07-07T22:22:59.649+0000] {processor.py:830} INFO - Processing file /home/airflow/.local/lib/python3.12/site-packages/airflow/example_dags/example_branch_operator.py for tasks to queue
[2024-07-07T22:22:59.649+0000] {logging_mixin.py:188} INFO - [2024-07-07T22:22:59.649+0000] {dagbag.py:545} INFO - Filling up the DagBag from /home/airflow/.local/lib/python3.12/site-packages/airflow/example_dags/example_branch_operator.py
[2024-07-07T22:22:59.655+0000] {processor.py:840} INFO - DAG(s) 'example_branch_operator' retrieved from /home/airflow/.local/lib/python3.12/site-packages/airflow/example_dags/example_branch_operator.py
[2024-07-07T22:22:59.664+0000] {logging_mixin.py:188} INFO - [2024-07-07T22:22:59.664+0000] {dag.py:3096} INFO - Sync 1 DAGs
[2024-07-07T22:22:59.670+0000] {logging_mixin.py:188} INFO - [2024-07-07T22:22:59.670+0000] {dag.py:3954} INFO - Setting next_dagrun for example_branch_operator to 2024-07-06 00:00:00+00:00, run_after=2024-07-07 00:00:00+00:00
[2024-07-07T22:22:59.676+0000] {processor.py:183} INFO - Processing /home/airflow/.local/lib/python3.12/site-packages/airflow/example_dags/example_branch_operator.py took 0.030 seconds
[2024-07-07T22:23:29.940+0000] {processor.py:161} INFO - Started process (PID=1090) to work on /home/airflow/.local/lib/python3.12/site-packages/airflow/example_dags/example_branch_operator.py
[2024-07-07T22:23:29.940+0000] {processor.py:830} INFO - Processing file /home/airflow/.local/lib/python3.12/site-packages/airflow/example_dags/example_branch_operator.py for tasks to queue
[2024-07-07T22:23:29.943+0000] {logging_mixin.py:188} INFO - [2024-07-07T22:23:29.943+0000] {dagbag.py:545} INFO - Filling up the DagBag from /home/airflow/.local/lib/python3.12/site-packages/airflow/example_dags/example_branch_operator.py
[2024-07-07T22:23:29.950+0000] {processor.py:840} INFO - DAG(s) 'example_branch_operator' retrieved from /home/airflow/.local/lib/python3.12/site-packages/airflow/example_dags/example_branch_operator.py
[2024-07-07T22:23:29.959+0000] {logging_mixin.py:188} INFO - [2024-07-07T22:23:29.959+0000] {dag.py:3096} INFO - Sync 1 DAGs
[2024-07-07T22:23:29.966+0000] {logging_mixin.py:188} INFO - [2024-07-07T22:23:29.966+0000] {dag.py:3954} INFO - Setting next_dagrun for example_branch_operator to 2024-07-06 00:00:00+00:00, run_after=2024-07-07 00:00:00+00:00
[2024-07-07T22:23:29.972+0000] {processor.py:183} INFO - Processing /home/airflow/.local/lib/python3.12/site-packages/airflow/example_dags/example_branch_operator.py took 0.034 seconds
[2024-07-07T22:24:00.322+0000] {processor.py:161} INFO - Started process (PID=1142) to work on /home/airflow/.local/lib/python3.12/site-packages/airflow/example_dags/example_branch_operator.py
[2024-07-07T22:24:00.322+0000] {processor.py:830} INFO - Processing file /home/airflow/.local/lib/python3.12/site-packages/airflow/example_dags/example_branch_operator.py for tasks to queue
[2024-07-07T22:24:00.323+0000] {logging_mixin.py:188} INFO - [2024-07-07T22:24:00.323+0000] {dagbag.py:545} INFO - Filling up the DagBag from /home/airflow/.local/lib/python3.12/site-packages/airflow/example_dags/example_branch_operator.py
[2024-07-07T22:24:00.329+0000] {processor.py:840} INFO - DAG(s) 'example_branch_operator' retrieved from /home/airflow/.local/lib/python3.12/site-packages/airflow/example_dags/example_branch_operator.py
[2024-07-07T22:24:00.339+0000] {logging_mixin.py:188} INFO - [2024-07-07T22:24:00.339+0000] {dag.py:3096} INFO - Sync 1 DAGs
[2024-07-07T22:24:00.346+0000] {logging_mixin.py:188} INFO - [2024-07-07T22:24:00.346+0000] {dag.py:3954} INFO - Setting next_dagrun for example_branch_operator to 2024-07-06 00:00:00+00:00, run_after=2024-07-07 00:00:00+00:00
[2024-07-07T22:24:00.352+0000] {processor.py:183} INFO - Processing /home/airflow/.local/lib/python3.12/site-packages/airflow/example_dags/example_branch_operator.py took 0.032 seconds
[2024-07-07T22:24:30.639+0000] {processor.py:161} INFO - Started process (PID=1194) to work on /home/airflow/.local/lib/python3.12/site-packages/airflow/example_dags/example_branch_operator.py
[2024-07-07T22:24:30.639+0000] {processor.py:830} INFO - Processing file /home/airflow/.local/lib/python3.12/site-packages/airflow/example_dags/example_branch_operator.py for tasks to queue
[2024-07-07T22:24:30.640+0000] {logging_mixin.py:188} INFO - [2024-07-07T22:24:30.640+0000] {dagbag.py:545} INFO - Filling up the DagBag from /home/airflow/.local/lib/python3.12/site-packages/airflow/example_dags/example_branch_operator.py
[2024-07-07T22:24:30.646+0000] {processor.py:840} INFO - DAG(s) 'example_branch_operator' retrieved from /home/airflow/.local/lib/python3.12/site-packages/airflow/example_dags/example_branch_operator.py
[2024-07-07T22:24:30.656+0000] {logging_mixin.py:188} INFO - [2024-07-07T22:24:30.655+0000] {dag.py:3096} INFO - Sync 1 DAGs
[2024-07-07T22:24:30.663+0000] {logging_mixin.py:188} INFO - [2024-07-07T22:24:30.663+0000] {dag.py:3954} INFO - Setting next_dagrun for example_branch_operator to 2024-07-06 00:00:00+00:00, run_after=2024-07-07 00:00:00+00:00
[2024-07-07T22:24:30.669+0000] {processor.py:183} INFO - Processing /home/airflow/.local/lib/python3.12/site-packages/airflow/example_dags/example_branch_operator.py took 0.033 seconds
[2024-07-07T22:25:01.185+0000] {processor.py:161} INFO - Started process (PID=1246) to work on /home/airflow/.local/lib/python3.12/site-packages/airflow/example_dags/example_branch_operator.py
[2024-07-07T22:25:01.186+0000] {processor.py:830} INFO - Processing file /home/airflow/.local/lib/python3.12/site-packages/airflow/example_dags/example_branch_operator.py for tasks to queue
[2024-07-07T22:25:01.186+0000] {logging_mixin.py:188} INFO - [2024-07-07T22:25:01.186+0000] {dagbag.py:545} INFO - Filling up the DagBag from /home/airflow/.local/lib/python3.12/site-packages/airflow/example_dags/example_branch_operator.py
[2024-07-07T22:25:01.193+0000] {processor.py:840} INFO - DAG(s) 'example_branch_operator' retrieved from /home/airflow/.local/lib/python3.12/site-packages/airflow/example_dags/example_branch_operator.py
[2024-07-07T22:25:01.204+0000] {logging_mixin.py:188} INFO - [2024-07-07T22:25:01.204+0000] {dag.py:3096} INFO - Sync 1 DAGs
[2024-07-07T22:25:01.213+0000] {logging_mixin.py:188} INFO - [2024-07-07T22:25:01.213+0000] {dag.py:3954} INFO - Setting next_dagrun for example_branch_operator to 2024-07-06 00:00:00+00:00, run_after=2024-07-07 00:00:00+00:00
[2024-07-07T22:25:01.220+0000] {processor.py:183} INFO - Processing /home/airflow/.local/lib/python3.12/site-packages/airflow/example_dags/example_branch_operator.py took 0.037 seconds
[2024-07-07T22:25:31.654+0000] {processor.py:161} INFO - Started process (PID=1298) to work on /home/airflow/.local/lib/python3.12/site-packages/airflow/example_dags/example_branch_operator.py
[2024-07-07T22:25:31.655+0000] {processor.py:830} INFO - Processing file /home/airflow/.local/lib/python3.12/site-packages/airflow/example_dags/example_branch_operator.py for tasks to queue
[2024-07-07T22:25:31.656+0000] {logging_mixin.py:188} INFO - [2024-07-07T22:25:31.656+0000] {dagbag.py:545} INFO - Filling up the DagBag from /home/airflow/.local/lib/python3.12/site-packages/airflow/example_dags/example_branch_operator.py
[2024-07-07T22:25:31.662+0000] {processor.py:840} INFO - DAG(s) 'example_branch_operator' retrieved from /home/airflow/.local/lib/python3.12/site-packages/airflow/example_dags/example_branch_operator.py
[2024-07-07T22:25:31.672+0000] {logging_mixin.py:188} INFO - [2024-07-07T22:25:31.672+0000] {dag.py:3096} INFO - Sync 1 DAGs
[2024-07-07T22:25:31.680+0000] {logging_mixin.py:188} INFO - [2024-07-07T22:25:31.679+0000] {dag.py:3954} INFO - Setting next_dagrun for example_branch_operator to 2024-07-06 00:00:00+00:00, run_after=2024-07-07 00:00:00+00:00
[2024-07-07T22:25:31.685+0000] {processor.py:183} INFO - Processing /home/airflow/.local/lib/python3.12/site-packages/airflow/example_dags/example_branch_operator.py took 0.033 seconds
[2024-07-07T22:26:02.162+0000] {processor.py:161} INFO - Started process (PID=1350) to work on /home/airflow/.local/lib/python3.12/site-packages/airflow/example_dags/example_branch_operator.py
[2024-07-07T22:26:02.162+0000] {processor.py:830} INFO - Processing file /home/airflow/.local/lib/python3.12/site-packages/airflow/example_dags/example_branch_operator.py for tasks to queue
[2024-07-07T22:26:02.163+0000] {logging_mixin.py:188} INFO - [2024-07-07T22:26:02.163+0000] {dagbag.py:545} INFO - Filling up the DagBag from /home/airflow/.local/lib/python3.12/site-packages/airflow/example_dags/example_branch_operator.py
[2024-07-07T22:26:02.171+0000] {processor.py:840} INFO - DAG(s) 'example_branch_operator' retrieved from /home/airflow/.local/lib/python3.12/site-packages/airflow/example_dags/example_branch_operator.py
[2024-07-07T22:26:02.186+0000] {logging_mixin.py:188} INFO - [2024-07-07T22:26:02.185+0000] {dag.py:3096} INFO - Sync 1 DAGs
[2024-07-07T22:26:02.195+0000] {logging_mixin.py:188} INFO - [2024-07-07T22:26:02.195+0000] {dag.py:3954} INFO - Setting next_dagrun for example_branch_operator to 2024-07-06 00:00:00+00:00, run_after=2024-07-07 00:00:00+00:00
[2024-07-07T22:26:02.203+0000] {processor.py:183} INFO - Processing /home/airflow/.local/lib/python3.12/site-packages/airflow/example_dags/example_branch_operator.py took 0.044 seconds
[2024-07-07T22:26:32.509+0000] {processor.py:161} INFO - Started process (PID=1402) to work on /home/airflow/.local/lib/python3.12/site-packages/airflow/example_dags/example_branch_operator.py
[2024-07-07T22:26:32.510+0000] {processor.py:830} INFO - Processing file /home/airflow/.local/lib/python3.12/site-packages/airflow/example_dags/example_branch_operator.py for tasks to queue
[2024-07-07T22:26:32.510+0000] {logging_mixin.py:188} INFO - [2024-07-07T22:26:32.510+0000] {dagbag.py:545} INFO - Filling up the DagBag from /home/airflow/.local/lib/python3.12/site-packages/airflow/example_dags/example_branch_operator.py
[2024-07-07T22:26:32.516+0000] {processor.py:840} INFO - DAG(s) 'example_branch_operator' retrieved from /home/airflow/.local/lib/python3.12/site-packages/airflow/example_dags/example_branch_operator.py
[2024-07-07T22:26:32.525+0000] {logging_mixin.py:188} INFO - [2024-07-07T22:26:32.525+0000] {dag.py:3096} INFO - Sync 1 DAGs
[2024-07-07T22:26:32.532+0000] {logging_mixin.py:188} INFO - [2024-07-07T22:26:32.532+0000] {dag.py:3954} INFO - Setting next_dagrun for example_branch_operator to 2024-07-06 00:00:00+00:00, run_after=2024-07-07 00:00:00+00:00
[2024-07-07T22:26:32.537+0000] {processor.py:183} INFO - Processing /home/airflow/.local/lib/python3.12/site-packages/airflow/example_dags/example_branch_operator.py took 0.030 seconds
[2024-07-07T22:27:02.808+0000] {processor.py:161} INFO - Started process (PID=1454) to work on /home/airflow/.local/lib/python3.12/site-packages/airflow/example_dags/example_branch_operator.py
[2024-07-07T22:27:02.809+0000] {processor.py:830} INFO - Processing file /home/airflow/.local/lib/python3.12/site-packages/airflow/example_dags/example_branch_operator.py for tasks to queue
[2024-07-07T22:27:02.809+0000] {logging_mixin.py:188} INFO - [2024-07-07T22:27:02.809+0000] {dagbag.py:545} INFO - Filling up the DagBag from /home/airflow/.local/lib/python3.12/site-packages/airflow/example_dags/example_branch_operator.py
[2024-07-07T22:27:02.816+0000] {processor.py:840} INFO - DAG(s) 'example_branch_operator' retrieved from /home/airflow/.local/lib/python3.12/site-packages/airflow/example_dags/example_branch_operator.py
[2024-07-07T22:27:02.825+0000] {logging_mixin.py:188} INFO - [2024-07-07T22:27:02.825+0000] {dag.py:3096} INFO - Sync 1 DAGs
[2024-07-07T22:27:02.833+0000] {logging_mixin.py:188} INFO - [2024-07-07T22:27:02.833+0000] {dag.py:3954} INFO - Setting next_dagrun for example_branch_operator to 2024-07-06 00:00:00+00:00, run_after=2024-07-07 00:00:00+00:00
[2024-07-07T22:27:02.839+0000] {processor.py:183} INFO - Processing /home/airflow/.local/lib/python3.12/site-packages/airflow/example_dags/example_branch_operator.py took 0.033 seconds
[2024-07-07T22:27:33.048+0000] {processor.py:161} INFO - Started process (PID=1506) to work on /home/airflow/.local/lib/python3.12/site-packages/airflow/example_dags/example_branch_operator.py
[2024-07-07T22:27:33.049+0000] {processor.py:830} INFO - Processing file /home/airflow/.local/lib/python3.12/site-packages/airflow/example_dags/example_branch_operator.py for tasks to queue
[2024-07-07T22:27:33.049+0000] {logging_mixin.py:188} INFO - [2024-07-07T22:27:33.049+0000] {dagbag.py:545} INFO - Filling up the DagBag from /home/airflow/.local/lib/python3.12/site-packages/airflow/example_dags/example_branch_operator.py
[2024-07-07T22:27:33.055+0000] {processor.py:840} INFO - DAG(s) 'example_branch_operator' retrieved from /home/airflow/.local/lib/python3.12/site-packages/airflow/example_dags/example_branch_operator.py
[2024-07-07T22:27:33.065+0000] {logging_mixin.py:188} INFO - [2024-07-07T22:27:33.065+0000] {dag.py:3096} INFO - Sync 1 DAGs
[2024-07-07T22:27:33.073+0000] {logging_mixin.py:188} INFO - [2024-07-07T22:27:33.073+0000] {dag.py:3954} INFO - Setting next_dagrun for example_branch_operator to 2024-07-06 00:00:00+00:00, run_after=2024-07-07 00:00:00+00:00
[2024-07-07T22:27:33.080+0000] {processor.py:183} INFO - Processing /home/airflow/.local/lib/python3.12/site-packages/airflow/example_dags/example_branch_operator.py took 0.034 seconds
[2024-07-07T22:28:03.330+0000] {processor.py:161} INFO - Started process (PID=1558) to work on /home/airflow/.local/lib/python3.12/site-packages/airflow/example_dags/example_branch_operator.py
[2024-07-07T22:28:03.330+0000] {processor.py:830} INFO - Processing file /home/airflow/.local/lib/python3.12/site-packages/airflow/example_dags/example_branch_operator.py for tasks to queue
[2024-07-07T22:28:03.331+0000] {logging_mixin.py:188} INFO - [2024-07-07T22:28:03.331+0000] {dagbag.py:545} INFO - Filling up the DagBag from /home/airflow/.local/lib/python3.12/site-packages/airflow/example_dags/example_branch_operator.py
[2024-07-07T22:28:03.337+0000] {processor.py:840} INFO - DAG(s) 'example_branch_operator' retrieved from /home/airflow/.local/lib/python3.12/site-packages/airflow/example_dags/example_branch_operator.py
[2024-07-07T22:28:03.346+0000] {logging_mixin.py:188} INFO - [2024-07-07T22:28:03.346+0000] {dag.py:3096} INFO - Sync 1 DAGs
[2024-07-07T22:28:03.353+0000] {logging_mixin.py:188} INFO - [2024-07-07T22:28:03.353+0000] {dag.py:3954} INFO - Setting next_dagrun for example_branch_operator to 2024-07-06 00:00:00+00:00, run_after=2024-07-07 00:00:00+00:00
[2024-07-07T22:28:03.359+0000] {processor.py:183} INFO - Processing /home/airflow/.local/lib/python3.12/site-packages/airflow/example_dags/example_branch_operator.py took 0.032 seconds
[2024-07-07T22:28:33.590+0000] {processor.py:161} INFO - Started process (PID=1610) to work on /home/airflow/.local/lib/python3.12/site-packages/airflow/example_dags/example_branch_operator.py
[2024-07-07T22:28:33.591+0000] {processor.py:830} INFO - Processing file /home/airflow/.local/lib/python3.12/site-packages/airflow/example_dags/example_branch_operator.py for tasks to queue
[2024-07-07T22:28:33.591+0000] {logging_mixin.py:188} INFO - [2024-07-07T22:28:33.591+0000] {dagbag.py:545} INFO - Filling up the DagBag from /home/airflow/.local/lib/python3.12/site-packages/airflow/example_dags/example_branch_operator.py
[2024-07-07T22:28:33.598+0000] {processor.py:840} INFO - DAG(s) 'example_branch_operator' retrieved from /home/airflow/.local/lib/python3.12/site-packages/airflow/example_dags/example_branch_operator.py
[2024-07-07T22:28:33.607+0000] {logging_mixin.py:188} INFO - [2024-07-07T22:28:33.607+0000] {dag.py:3096} INFO - Sync 1 DAGs
[2024-07-07T22:28:33.615+0000] {logging_mixin.py:188} INFO - [2024-07-07T22:28:33.614+0000] {dag.py:3954} INFO - Setting next_dagrun for example_branch_operator to 2024-07-06 00:00:00+00:00, run_after=2024-07-07 00:00:00+00:00
[2024-07-07T22:28:33.620+0000] {processor.py:183} INFO - Processing /home/airflow/.local/lib/python3.12/site-packages/airflow/example_dags/example_branch_operator.py took 0.032 seconds
[2024-07-07T22:29:03.884+0000] {processor.py:161} INFO - Started process (PID=1662) to work on /home/airflow/.local/lib/python3.12/site-packages/airflow/example_dags/example_branch_operator.py
[2024-07-07T22:29:03.884+0000] {processor.py:830} INFO - Processing file /home/airflow/.local/lib/python3.12/site-packages/airflow/example_dags/example_branch_operator.py for tasks to queue
[2024-07-07T22:29:03.885+0000] {logging_mixin.py:188} INFO - [2024-07-07T22:29:03.885+0000] {dagbag.py:545} INFO - Filling up the DagBag from /home/airflow/.local/lib/python3.12/site-packages/airflow/example_dags/example_branch_operator.py
[2024-07-07T22:29:03.891+0000] {processor.py:840} INFO - DAG(s) 'example_branch_operator' retrieved from /home/airflow/.local/lib/python3.12/site-packages/airflow/example_dags/example_branch_operator.py
[2024-07-07T22:29:03.901+0000] {logging_mixin.py:188} INFO - [2024-07-07T22:29:03.901+0000] {dag.py:3096} INFO - Sync 1 DAGs
[2024-07-07T22:29:03.909+0000] {logging_mixin.py:188} INFO - [2024-07-07T22:29:03.909+0000] {dag.py:3954} INFO - Setting next_dagrun for example_branch_operator to 2024-07-06 00:00:00+00:00, run_after=2024-07-07 00:00:00+00:00
[2024-07-07T22:29:03.915+0000] {processor.py:183} INFO - Processing /home/airflow/.local/lib/python3.12/site-packages/airflow/example_dags/example_branch_operator.py took 0.033 seconds
[2024-07-07T22:29:34.404+0000] {processor.py:161} INFO - Started process (PID=1714) to work on /home/airflow/.local/lib/python3.12/site-packages/airflow/example_dags/example_branch_operator.py
[2024-07-07T22:29:34.405+0000] {processor.py:830} INFO - Processing file /home/airflow/.local/lib/python3.12/site-packages/airflow/example_dags/example_branch_operator.py for tasks to queue
[2024-07-07T22:29:34.405+0000] {logging_mixin.py:188} INFO - [2024-07-07T22:29:34.405+0000] {dagbag.py:545} INFO - Filling up the DagBag from /home/airflow/.local/lib/python3.12/site-packages/airflow/example_dags/example_branch_operator.py
[2024-07-07T22:29:34.411+0000] {processor.py:840} INFO - DAG(s) 'example_branch_operator' retrieved from /home/airflow/.local/lib/python3.12/site-packages/airflow/example_dags/example_branch_operator.py
[2024-07-07T22:29:34.421+0000] {logging_mixin.py:188} INFO - [2024-07-07T22:29:34.421+0000] {dag.py:3096} INFO - Sync 1 DAGs
[2024-07-07T22:29:34.428+0000] {logging_mixin.py:188} INFO - [2024-07-07T22:29:34.428+0000] {dag.py:3954} INFO - Setting next_dagrun for example_branch_operator to 2024-07-06 00:00:00+00:00, run_after=2024-07-07 00:00:00+00:00
[2024-07-07T22:29:34.434+0000] {processor.py:183} INFO - Processing /home/airflow/.local/lib/python3.12/site-packages/airflow/example_dags/example_branch_operator.py took 0.032 seconds
[2024-07-07T22:30:04.910+0000] {processor.py:161} INFO - Started process (PID=1766) to work on /home/airflow/.local/lib/python3.12/site-packages/airflow/example_dags/example_branch_operator.py
[2024-07-07T22:30:04.910+0000] {processor.py:830} INFO - Processing file /home/airflow/.local/lib/python3.12/site-packages/airflow/example_dags/example_branch_operator.py for tasks to queue
[2024-07-07T22:30:04.911+0000] {logging_mixin.py:188} INFO - [2024-07-07T22:30:04.911+0000] {dagbag.py:545} INFO - Filling up the DagBag from /home/airflow/.local/lib/python3.12/site-packages/airflow/example_dags/example_branch_operator.py
[2024-07-07T22:30:04.917+0000] {processor.py:840} INFO - DAG(s) 'example_branch_operator' retrieved from /home/airflow/.local/lib/python3.12/site-packages/airflow/example_dags/example_branch_operator.py
[2024-07-07T22:30:04.927+0000] {logging_mixin.py:188} INFO - [2024-07-07T22:30:04.927+0000] {dag.py:3096} INFO - Sync 1 DAGs
[2024-07-07T22:30:04.934+0000] {logging_mixin.py:188} INFO - [2024-07-07T22:30:04.934+0000] {dag.py:3954} INFO - Setting next_dagrun for example_branch_operator to 2024-07-06 00:00:00+00:00, run_after=2024-07-07 00:00:00+00:00
[2024-07-07T22:30:04.940+0000] {processor.py:183} INFO - Processing /home/airflow/.local/lib/python3.12/site-packages/airflow/example_dags/example_branch_operator.py took 0.032 seconds
[2024-07-07T22:30:35.301+0000] {processor.py:161} INFO - Started process (PID=1818) to work on /home/airflow/.local/lib/python3.12/site-packages/airflow/example_dags/example_branch_operator.py
[2024-07-07T22:30:35.302+0000] {processor.py:830} INFO - Processing file /home/airflow/.local/lib/python3.12/site-packages/airflow/example_dags/example_branch_operator.py for tasks to queue
[2024-07-07T22:30:35.302+0000] {logging_mixin.py:188} INFO - [2024-07-07T22:30:35.302+0000] {dagbag.py:545} INFO - Filling up the DagBag from /home/airflow/.local/lib/python3.12/site-packages/airflow/example_dags/example_branch_operator.py
[2024-07-07T22:30:35.309+0000] {processor.py:840} INFO - DAG(s) 'example_branch_operator' retrieved from /home/airflow/.local/lib/python3.12/site-packages/airflow/example_dags/example_branch_operator.py
[2024-07-07T22:30:35.319+0000] {logging_mixin.py:188} INFO - [2024-07-07T22:30:35.319+0000] {dag.py:3096} INFO - Sync 1 DAGs
[2024-07-07T22:30:35.397+0000] {logging_mixin.py:188} INFO - [2024-07-07T22:30:35.397+0000] {dag.py:3954} INFO - Setting next_dagrun for example_branch_operator to 2024-07-06 00:00:00+00:00, run_after=2024-07-07 00:00:00+00:00
[2024-07-07T22:30:35.402+0000] {processor.py:183} INFO - Processing /home/airflow/.local/lib/python3.12/site-packages/airflow/example_dags/example_branch_operator.py took 0.104 seconds
[2024-07-07T22:31:06.392+0000] {processor.py:161} INFO - Started process (PID=1870) to work on /home/airflow/.local/lib/python3.12/site-packages/airflow/example_dags/example_branch_operator.py
[2024-07-07T22:31:06.392+0000] {processor.py:830} INFO - Processing file /home/airflow/.local/lib/python3.12/site-packages/airflow/example_dags/example_branch_operator.py for tasks to queue
[2024-07-07T22:31:06.393+0000] {logging_mixin.py:188} INFO - [2024-07-07T22:31:06.393+0000] {dagbag.py:545} INFO - Filling up the DagBag from /home/airflow/.local/lib/python3.12/site-packages/airflow/example_dags/example_branch_operator.py
[2024-07-07T22:31:06.400+0000] {processor.py:840} INFO - DAG(s) 'example_branch_operator' retrieved from /home/airflow/.local/lib/python3.12/site-packages/airflow/example_dags/example_branch_operator.py
[2024-07-07T22:31:06.411+0000] {logging_mixin.py:188} INFO - [2024-07-07T22:31:06.411+0000] {dag.py:3096} INFO - Sync 1 DAGs
[2024-07-07T22:31:06.419+0000] {logging_mixin.py:188} INFO - [2024-07-07T22:31:06.419+0000] {dag.py:3954} INFO - Setting next_dagrun for example_branch_operator to 2024-07-06 00:00:00+00:00, run_after=2024-07-07 00:00:00+00:00
[2024-07-07T22:31:06.427+0000] {processor.py:183} INFO - Processing /home/airflow/.local/lib/python3.12/site-packages/airflow/example_dags/example_branch_operator.py took 0.037 seconds
[2024-07-07T22:31:37.342+0000] {processor.py:161} INFO - Started process (PID=1922) to work on /home/airflow/.local/lib/python3.12/site-packages/airflow/example_dags/example_branch_operator.py
[2024-07-07T22:31:37.342+0000] {processor.py:830} INFO - Processing file /home/airflow/.local/lib/python3.12/site-packages/airflow/example_dags/example_branch_operator.py for tasks to queue
[2024-07-07T22:31:37.343+0000] {logging_mixin.py:188} INFO - [2024-07-07T22:31:37.343+0000] {dagbag.py:545} INFO - Filling up the DagBag from /home/airflow/.local/lib/python3.12/site-packages/airflow/example_dags/example_branch_operator.py
[2024-07-07T22:31:37.349+0000] {processor.py:840} INFO - DAG(s) 'example_branch_operator' retrieved from /home/airflow/.local/lib/python3.12/site-packages/airflow/example_dags/example_branch_operator.py
[2024-07-07T22:31:37.359+0000] {logging_mixin.py:188} INFO - [2024-07-07T22:31:37.359+0000] {dag.py:3096} INFO - Sync 1 DAGs
[2024-07-07T22:31:37.366+0000] {logging_mixin.py:188} INFO - [2024-07-07T22:31:37.366+0000] {dag.py:3954} INFO - Setting next_dagrun for example_branch_operator to 2024-07-06 00:00:00+00:00, run_after=2024-07-07 00:00:00+00:00
[2024-07-07T22:31:37.372+0000] {processor.py:183} INFO - Processing /home/airflow/.local/lib/python3.12/site-packages/airflow/example_dags/example_branch_operator.py took 0.032 seconds
[2024-07-07T22:32:08.777+0000] {processor.py:161} INFO - Started process (PID=1974) to work on /home/airflow/.local/lib/python3.12/site-packages/airflow/example_dags/example_branch_operator.py
[2024-07-07T22:32:08.777+0000] {processor.py:830} INFO - Processing file /home/airflow/.local/lib/python3.12/site-packages/airflow/example_dags/example_branch_operator.py for tasks to queue
[2024-07-07T22:32:08.778+0000] {logging_mixin.py:188} INFO - [2024-07-07T22:32:08.778+0000] {dagbag.py:545} INFO - Filling up the DagBag from /home/airflow/.local/lib/python3.12/site-packages/airflow/example_dags/example_branch_operator.py
[2024-07-07T22:32:08.860+0000] {processor.py:840} INFO - DAG(s) 'example_branch_operator' retrieved from /home/airflow/.local/lib/python3.12/site-packages/airflow/example_dags/example_branch_operator.py
[2024-07-07T22:32:08.870+0000] {logging_mixin.py:188} INFO - [2024-07-07T22:32:08.870+0000] {dag.py:3096} INFO - Sync 1 DAGs
[2024-07-07T22:32:08.877+0000] {logging_mixin.py:188} INFO - [2024-07-07T22:32:08.877+0000] {dag.py:3954} INFO - Setting next_dagrun for example_branch_operator to 2024-07-06 00:00:00+00:00, run_after=2024-07-07 00:00:00+00:00
[2024-07-07T22:32:08.883+0000] {processor.py:183} INFO - Processing /home/airflow/.local/lib/python3.12/site-packages/airflow/example_dags/example_branch_operator.py took 0.108 seconds
[2024-07-07T22:32:39.436+0000] {processor.py:161} INFO - Started process (PID=2026) to work on /home/airflow/.local/lib/python3.12/site-packages/airflow/example_dags/example_branch_operator.py
[2024-07-07T22:32:39.436+0000] {processor.py:830} INFO - Processing file /home/airflow/.local/lib/python3.12/site-packages/airflow/example_dags/example_branch_operator.py for tasks to queue
[2024-07-07T22:32:39.437+0000] {logging_mixin.py:188} INFO - [2024-07-07T22:32:39.437+0000] {dagbag.py:545} INFO - Filling up the DagBag from /home/airflow/.local/lib/python3.12/site-packages/airflow/example_dags/example_branch_operator.py
[2024-07-07T22:32:39.443+0000] {processor.py:840} INFO - DAG(s) 'example_branch_operator' retrieved from /home/airflow/.local/lib/python3.12/site-packages/airflow/example_dags/example_branch_operator.py
[2024-07-07T22:32:39.456+0000] {logging_mixin.py:188} INFO - [2024-07-07T22:32:39.455+0000] {dag.py:3096} INFO - Sync 1 DAGs
[2024-07-07T22:32:39.465+0000] {logging_mixin.py:188} INFO - [2024-07-07T22:32:39.465+0000] {dag.py:3954} INFO - Setting next_dagrun for example_branch_operator to 2024-07-06 00:00:00+00:00, run_after=2024-07-07 00:00:00+00:00
[2024-07-07T22:32:39.471+0000] {processor.py:183} INFO - Processing /home/airflow/.local/lib/python3.12/site-packages/airflow/example_dags/example_branch_operator.py took 0.038 seconds
[2024-07-07T22:33:09.916+0000] {processor.py:161} INFO - Started process (PID=2078) to work on /home/airflow/.local/lib/python3.12/site-packages/airflow/example_dags/example_branch_operator.py
[2024-07-07T22:33:09.917+0000] {processor.py:830} INFO - Processing file /home/airflow/.local/lib/python3.12/site-packages/airflow/example_dags/example_branch_operator.py for tasks to queue
[2024-07-07T22:33:09.917+0000] {logging_mixin.py:188} INFO - [2024-07-07T22:33:09.917+0000] {dagbag.py:545} INFO - Filling up the DagBag from /home/airflow/.local/lib/python3.12/site-packages/airflow/example_dags/example_branch_operator.py
[2024-07-07T22:33:09.924+0000] {processor.py:840} INFO - DAG(s) 'example_branch_operator' retrieved from /home/airflow/.local/lib/python3.12/site-packages/airflow/example_dags/example_branch_operator.py
[2024-07-07T22:33:09.935+0000] {logging_mixin.py:188} INFO - [2024-07-07T22:33:09.935+0000] {dag.py:3096} INFO - Sync 1 DAGs
[2024-07-07T22:33:09.944+0000] {logging_mixin.py:188} INFO - [2024-07-07T22:33:09.944+0000] {dag.py:3954} INFO - Setting next_dagrun for example_branch_operator to 2024-07-06 00:00:00+00:00, run_after=2024-07-07 00:00:00+00:00
[2024-07-07T22:33:09.951+0000] {processor.py:183} INFO - Processing /home/airflow/.local/lib/python3.12/site-packages/airflow/example_dags/example_branch_operator.py took 0.038 seconds
[2024-07-07T22:33:40.368+0000] {processor.py:161} INFO - Started process (PID=2130) to work on /home/airflow/.local/lib/python3.12/site-packages/airflow/example_dags/example_branch_operator.py
[2024-07-07T22:33:40.368+0000] {processor.py:830} INFO - Processing file /home/airflow/.local/lib/python3.12/site-packages/airflow/example_dags/example_branch_operator.py for tasks to queue
[2024-07-07T22:33:40.369+0000] {logging_mixin.py:188} INFO - [2024-07-07T22:33:40.369+0000] {dagbag.py:545} INFO - Filling up the DagBag from /home/airflow/.local/lib/python3.12/site-packages/airflow/example_dags/example_branch_operator.py
[2024-07-07T22:33:40.377+0000] {processor.py:840} INFO - DAG(s) 'example_branch_operator' retrieved from /home/airflow/.local/lib/python3.12/site-packages/airflow/example_dags/example_branch_operator.py
[2024-07-07T22:33:40.392+0000] {logging_mixin.py:188} INFO - [2024-07-07T22:33:40.392+0000] {dag.py:3096} INFO - Sync 1 DAGs
[2024-07-07T22:33:40.402+0000] {logging_mixin.py:188} INFO - [2024-07-07T22:33:40.402+0000] {dag.py:3954} INFO - Setting next_dagrun for example_branch_operator to 2024-07-06 00:00:00+00:00, run_after=2024-07-07 00:00:00+00:00
[2024-07-07T22:33:40.410+0000] {processor.py:183} INFO - Processing /home/airflow/.local/lib/python3.12/site-packages/airflow/example_dags/example_branch_operator.py took 0.045 seconds
