[2024-07-07T22:13:08.513+0000] {processor.py:161} INFO - Started process (PID=51) to work on /home/airflow/.local/lib/python3.12/site-packages/airflow/example_dags/example_setup_teardown.py
[2024-07-07T22:13:08.514+0000] {processor.py:830} INFO - Processing file /home/airflow/.local/lib/python3.12/site-packages/airflow/example_dags/example_setup_teardown.py for tasks to queue
[2024-07-07T22:13:08.516+0000] {logging_mixin.py:188} INFO - [2024-07-07T22:13:08.516+0000] {dagbag.py:545} INFO - Filling up the DagBag from /home/airflow/.local/lib/python3.12/site-packages/airflow/example_dags/example_setup_teardown.py
[2024-07-07T22:13:08.524+0000] {processor.py:840} INFO - DAG(s) 'example_setup_teardown' retrieved from /home/airflow/.local/lib/python3.12/site-packages/airflow/example_dags/example_setup_teardown.py
[2024-07-07T22:13:08.597+0000] {logging_mixin.py:188} INFO - [2024-07-07T22:13:08.596+0000] {override.py:1829} INFO - Created Permission View: can edit on DAG:example_setup_teardown
[2024-07-07T22:13:08.601+0000] {logging_mixin.py:188} INFO - [2024-07-07T22:13:08.601+0000] {override.py:1829} INFO - Created Permission View: can read on DAG:example_setup_teardown
[2024-07-07T22:13:08.603+0000] {logging_mixin.py:188} INFO - [2024-07-07T22:13:08.603+0000] {override.py:1829} INFO - Created Permission View: can delete on DAG:example_setup_teardown
[2024-07-07T22:13:08.603+0000] {logging_mixin.py:188} INFO - [2024-07-07T22:13:08.603+0000] {dag.py:3096} INFO - Sync 1 DAGs
[2024-07-07T22:13:08.609+0000] {logging_mixin.py:188} INFO - [2024-07-07T22:13:08.609+0000] {dag.py:3118} INFO - Creating ORM DAG for example_setup_teardown
[2024-07-07T22:13:08.614+0000] {logging_mixin.py:188} INFO - [2024-07-07T22:13:08.614+0000] {dag.py:3954} INFO - Setting next_dagrun for example_setup_teardown to 2024-07-06 00:00:00+00:00, run_after=2024-07-07 00:00:00+00:00
[2024-07-07T22:13:08.623+0000] {processor.py:183} INFO - Processing /home/airflow/.local/lib/python3.12/site-packages/airflow/example_dags/example_setup_teardown.py took 0.113 seconds
[2024-07-07T22:13:53.280+0000] {processor.py:161} INFO - Started process (PID=51) to work on /home/airflow/.local/lib/python3.12/site-packages/airflow/example_dags/example_setup_teardown.py
[2024-07-07T22:13:53.281+0000] {processor.py:830} INFO - Processing file /home/airflow/.local/lib/python3.12/site-packages/airflow/example_dags/example_setup_teardown.py for tasks to queue
[2024-07-07T22:13:53.283+0000] {logging_mixin.py:188} INFO - [2024-07-07T22:13:53.282+0000] {dagbag.py:545} INFO - Filling up the DagBag from /home/airflow/.local/lib/python3.12/site-packages/airflow/example_dags/example_setup_teardown.py
[2024-07-07T22:13:53.289+0000] {processor.py:840} INFO - DAG(s) 'example_setup_teardown' retrieved from /home/airflow/.local/lib/python3.12/site-packages/airflow/example_dags/example_setup_teardown.py
[2024-07-07T22:13:53.297+0000] {logging_mixin.py:188} INFO - [2024-07-07T22:13:53.297+0000] {dag.py:3096} INFO - Sync 1 DAGs
[2024-07-07T22:13:53.309+0000] {logging_mixin.py:188} INFO - [2024-07-07T22:13:53.309+0000] {dag.py:3954} INFO - Setting next_dagrun for example_setup_teardown to 2024-07-06 00:00:00+00:00, run_after=2024-07-07 00:00:00+00:00
[2024-07-07T22:13:53.324+0000] {processor.py:183} INFO - Processing /home/airflow/.local/lib/python3.12/site-packages/airflow/example_dags/example_setup_teardown.py took 0.049 seconds
[2024-07-07T22:14:23.369+0000] {processor.py:161} INFO - Started process (PID=103) to work on /home/airflow/.local/lib/python3.12/site-packages/airflow/example_dags/example_setup_teardown.py
[2024-07-07T22:14:23.370+0000] {processor.py:830} INFO - Processing file /home/airflow/.local/lib/python3.12/site-packages/airflow/example_dags/example_setup_teardown.py for tasks to queue
[2024-07-07T22:14:23.370+0000] {logging_mixin.py:188} INFO - [2024-07-07T22:14:23.370+0000] {dagbag.py:545} INFO - Filling up the DagBag from /home/airflow/.local/lib/python3.12/site-packages/airflow/example_dags/example_setup_teardown.py
[2024-07-07T22:14:23.373+0000] {processor.py:840} INFO - DAG(s) 'example_setup_teardown' retrieved from /home/airflow/.local/lib/python3.12/site-packages/airflow/example_dags/example_setup_teardown.py
[2024-07-07T22:14:23.411+0000] {logging_mixin.py:188} INFO - [2024-07-07T22:14:23.411+0000] {dag.py:3096} INFO - Sync 1 DAGs
[2024-07-07T22:14:23.417+0000] {logging_mixin.py:188} INFO - [2024-07-07T22:14:23.417+0000] {dag.py:3954} INFO - Setting next_dagrun for example_setup_teardown to 2024-07-06 00:00:00+00:00, run_after=2024-07-07 00:00:00+00:00
[2024-07-07T22:14:23.423+0000] {processor.py:183} INFO - Processing /home/airflow/.local/lib/python3.12/site-packages/airflow/example_dags/example_setup_teardown.py took 0.057 seconds
[2024-07-07T22:14:54.394+0000] {processor.py:161} INFO - Started process (PID=155) to work on /home/airflow/.local/lib/python3.12/site-packages/airflow/example_dags/example_setup_teardown.py
[2024-07-07T22:14:54.395+0000] {processor.py:830} INFO - Processing file /home/airflow/.local/lib/python3.12/site-packages/airflow/example_dags/example_setup_teardown.py for tasks to queue
[2024-07-07T22:14:54.396+0000] {logging_mixin.py:188} INFO - [2024-07-07T22:14:54.396+0000] {dagbag.py:545} INFO - Filling up the DagBag from /home/airflow/.local/lib/python3.12/site-packages/airflow/example_dags/example_setup_teardown.py
[2024-07-07T22:14:54.402+0000] {processor.py:840} INFO - DAG(s) 'example_setup_teardown' retrieved from /home/airflow/.local/lib/python3.12/site-packages/airflow/example_dags/example_setup_teardown.py
[2024-07-07T22:14:54.412+0000] {logging_mixin.py:188} INFO - [2024-07-07T22:14:54.412+0000] {dag.py:3096} INFO - Sync 1 DAGs
[2024-07-07T22:14:54.422+0000] {logging_mixin.py:188} INFO - [2024-07-07T22:14:54.421+0000] {dag.py:3954} INFO - Setting next_dagrun for example_setup_teardown to 2024-07-06 00:00:00+00:00, run_after=2024-07-07 00:00:00+00:00
[2024-07-07T22:14:54.429+0000] {processor.py:183} INFO - Processing /home/airflow/.local/lib/python3.12/site-packages/airflow/example_dags/example_setup_teardown.py took 0.039 seconds
[2024-07-07T22:15:24.679+0000] {processor.py:161} INFO - Started process (PID=207) to work on /home/airflow/.local/lib/python3.12/site-packages/airflow/example_dags/example_setup_teardown.py
[2024-07-07T22:15:24.680+0000] {processor.py:830} INFO - Processing file /home/airflow/.local/lib/python3.12/site-packages/airflow/example_dags/example_setup_teardown.py for tasks to queue
[2024-07-07T22:15:24.681+0000] {logging_mixin.py:188} INFO - [2024-07-07T22:15:24.681+0000] {dagbag.py:545} INFO - Filling up the DagBag from /home/airflow/.local/lib/python3.12/site-packages/airflow/example_dags/example_setup_teardown.py
[2024-07-07T22:15:24.685+0000] {processor.py:840} INFO - DAG(s) 'example_setup_teardown' retrieved from /home/airflow/.local/lib/python3.12/site-packages/airflow/example_dags/example_setup_teardown.py
[2024-07-07T22:15:24.695+0000] {logging_mixin.py:188} INFO - [2024-07-07T22:15:24.695+0000] {dag.py:3096} INFO - Sync 1 DAGs
[2024-07-07T22:15:24.704+0000] {logging_mixin.py:188} INFO - [2024-07-07T22:15:24.704+0000] {dag.py:3954} INFO - Setting next_dagrun for example_setup_teardown to 2024-07-06 00:00:00+00:00, run_after=2024-07-07 00:00:00+00:00
[2024-07-07T22:15:24.712+0000] {processor.py:183} INFO - Processing /home/airflow/.local/lib/python3.12/site-packages/airflow/example_dags/example_setup_teardown.py took 0.037 seconds
[2024-07-07T22:15:54.902+0000] {processor.py:161} INFO - Started process (PID=272) to work on /home/airflow/.local/lib/python3.12/site-packages/airflow/example_dags/example_setup_teardown.py
[2024-07-07T22:15:54.903+0000] {processor.py:830} INFO - Processing file /home/airflow/.local/lib/python3.12/site-packages/airflow/example_dags/example_setup_teardown.py for tasks to queue
[2024-07-07T22:15:54.904+0000] {logging_mixin.py:188} INFO - [2024-07-07T22:15:54.904+0000] {dagbag.py:545} INFO - Filling up the DagBag from /home/airflow/.local/lib/python3.12/site-packages/airflow/example_dags/example_setup_teardown.py
[2024-07-07T22:15:54.908+0000] {processor.py:840} INFO - DAG(s) 'example_setup_teardown' retrieved from /home/airflow/.local/lib/python3.12/site-packages/airflow/example_dags/example_setup_teardown.py
[2024-07-07T22:15:54.917+0000] {logging_mixin.py:188} INFO - [2024-07-07T22:15:54.917+0000] {dag.py:3096} INFO - Sync 1 DAGs
[2024-07-07T22:15:54.926+0000] {logging_mixin.py:188} INFO - [2024-07-07T22:15:54.926+0000] {dag.py:3954} INFO - Setting next_dagrun for example_setup_teardown to 2024-07-06 00:00:00+00:00, run_after=2024-07-07 00:00:00+00:00
[2024-07-07T22:15:54.933+0000] {processor.py:183} INFO - Processing /home/airflow/.local/lib/python3.12/site-packages/airflow/example_dags/example_setup_teardown.py took 0.034 seconds
[2024-07-07T22:16:25.124+0000] {processor.py:161} INFO - Started process (PID=331) to work on /home/airflow/.local/lib/python3.12/site-packages/airflow/example_dags/example_setup_teardown.py
[2024-07-07T22:16:25.125+0000] {processor.py:830} INFO - Processing file /home/airflow/.local/lib/python3.12/site-packages/airflow/example_dags/example_setup_teardown.py for tasks to queue
[2024-07-07T22:16:25.126+0000] {logging_mixin.py:188} INFO - [2024-07-07T22:16:25.126+0000] {dagbag.py:545} INFO - Filling up the DagBag from /home/airflow/.local/lib/python3.12/site-packages/airflow/example_dags/example_setup_teardown.py
[2024-07-07T22:16:25.131+0000] {processor.py:840} INFO - DAG(s) 'example_setup_teardown' retrieved from /home/airflow/.local/lib/python3.12/site-packages/airflow/example_dags/example_setup_teardown.py
[2024-07-07T22:16:25.141+0000] {logging_mixin.py:188} INFO - [2024-07-07T22:16:25.140+0000] {dag.py:3096} INFO - Sync 1 DAGs
[2024-07-07T22:16:25.150+0000] {logging_mixin.py:188} INFO - [2024-07-07T22:16:25.150+0000] {dag.py:3954} INFO - Setting next_dagrun for example_setup_teardown to 2024-07-06 00:00:00+00:00, run_after=2024-07-07 00:00:00+00:00
[2024-07-07T22:16:25.158+0000] {processor.py:183} INFO - Processing /home/airflow/.local/lib/python3.12/site-packages/airflow/example_dags/example_setup_teardown.py took 0.038 seconds
[2024-07-07T22:16:55.341+0000] {processor.py:161} INFO - Started process (PID=397) to work on /home/airflow/.local/lib/python3.12/site-packages/airflow/example_dags/example_setup_teardown.py
[2024-07-07T22:16:55.342+0000] {processor.py:830} INFO - Processing file /home/airflow/.local/lib/python3.12/site-packages/airflow/example_dags/example_setup_teardown.py for tasks to queue
[2024-07-07T22:16:55.344+0000] {logging_mixin.py:188} INFO - [2024-07-07T22:16:55.343+0000] {dagbag.py:545} INFO - Filling up the DagBag from /home/airflow/.local/lib/python3.12/site-packages/airflow/example_dags/example_setup_teardown.py
[2024-07-07T22:16:55.349+0000] {processor.py:840} INFO - DAG(s) 'example_setup_teardown' retrieved from /home/airflow/.local/lib/python3.12/site-packages/airflow/example_dags/example_setup_teardown.py
[2024-07-07T22:16:55.359+0000] {logging_mixin.py:188} INFO - [2024-07-07T22:16:55.358+0000] {dag.py:3096} INFO - Sync 1 DAGs
[2024-07-07T22:16:55.368+0000] {logging_mixin.py:188} INFO - [2024-07-07T22:16:55.368+0000] {dag.py:3954} INFO - Setting next_dagrun for example_setup_teardown to 2024-07-06 00:00:00+00:00, run_after=2024-07-07 00:00:00+00:00
[2024-07-07T22:16:55.376+0000] {processor.py:183} INFO - Processing /home/airflow/.local/lib/python3.12/site-packages/airflow/example_dags/example_setup_teardown.py took 0.039 seconds
[2024-07-07T22:17:25.581+0000] {processor.py:161} INFO - Started process (PID=450) to work on /home/airflow/.local/lib/python3.12/site-packages/airflow/example_dags/example_setup_teardown.py
[2024-07-07T22:17:25.582+0000] {processor.py:830} INFO - Processing file /home/airflow/.local/lib/python3.12/site-packages/airflow/example_dags/example_setup_teardown.py for tasks to queue
[2024-07-07T22:17:25.583+0000] {logging_mixin.py:188} INFO - [2024-07-07T22:17:25.583+0000] {dagbag.py:545} INFO - Filling up the DagBag from /home/airflow/.local/lib/python3.12/site-packages/airflow/example_dags/example_setup_teardown.py
[2024-07-07T22:17:25.587+0000] {processor.py:840} INFO - DAG(s) 'example_setup_teardown' retrieved from /home/airflow/.local/lib/python3.12/site-packages/airflow/example_dags/example_setup_teardown.py
[2024-07-07T22:17:25.597+0000] {logging_mixin.py:188} INFO - [2024-07-07T22:17:25.597+0000] {dag.py:3096} INFO - Sync 1 DAGs
[2024-07-07T22:17:25.606+0000] {logging_mixin.py:188} INFO - [2024-07-07T22:17:25.606+0000] {dag.py:3954} INFO - Setting next_dagrun for example_setup_teardown to 2024-07-06 00:00:00+00:00, run_after=2024-07-07 00:00:00+00:00
[2024-07-07T22:17:25.613+0000] {processor.py:183} INFO - Processing /home/airflow/.local/lib/python3.12/site-packages/airflow/example_dags/example_setup_teardown.py took 0.036 seconds
[2024-07-07T22:17:55.912+0000] {processor.py:161} INFO - Started process (PID=504) to work on /home/airflow/.local/lib/python3.12/site-packages/airflow/example_dags/example_setup_teardown.py
[2024-07-07T22:17:55.914+0000] {processor.py:830} INFO - Processing file /home/airflow/.local/lib/python3.12/site-packages/airflow/example_dags/example_setup_teardown.py for tasks to queue
[2024-07-07T22:17:55.916+0000] {logging_mixin.py:188} INFO - [2024-07-07T22:17:55.916+0000] {dagbag.py:545} INFO - Filling up the DagBag from /home/airflow/.local/lib/python3.12/site-packages/airflow/example_dags/example_setup_teardown.py
[2024-07-07T22:17:55.921+0000] {processor.py:840} INFO - DAG(s) 'example_setup_teardown' retrieved from /home/airflow/.local/lib/python3.12/site-packages/airflow/example_dags/example_setup_teardown.py
[2024-07-07T22:17:55.932+0000] {logging_mixin.py:188} INFO - [2024-07-07T22:17:55.932+0000] {dag.py:3096} INFO - Sync 1 DAGs
[2024-07-07T22:17:55.942+0000] {logging_mixin.py:188} INFO - [2024-07-07T22:17:55.942+0000] {dag.py:3954} INFO - Setting next_dagrun for example_setup_teardown to 2024-07-06 00:00:00+00:00, run_after=2024-07-07 00:00:00+00:00
[2024-07-07T22:17:55.950+0000] {processor.py:183} INFO - Processing /home/airflow/.local/lib/python3.12/site-packages/airflow/example_dags/example_setup_teardown.py took 0.046 seconds
[2024-07-07T22:18:26.446+0000] {processor.py:161} INFO - Started process (PID=556) to work on /home/airflow/.local/lib/python3.12/site-packages/airflow/example_dags/example_setup_teardown.py
[2024-07-07T22:18:26.447+0000] {processor.py:830} INFO - Processing file /home/airflow/.local/lib/python3.12/site-packages/airflow/example_dags/example_setup_teardown.py for tasks to queue
[2024-07-07T22:18:26.449+0000] {logging_mixin.py:188} INFO - [2024-07-07T22:18:26.448+0000] {dagbag.py:545} INFO - Filling up the DagBag from /home/airflow/.local/lib/python3.12/site-packages/airflow/example_dags/example_setup_teardown.py
[2024-07-07T22:18:26.452+0000] {processor.py:840} INFO - DAG(s) 'example_setup_teardown' retrieved from /home/airflow/.local/lib/python3.12/site-packages/airflow/example_dags/example_setup_teardown.py
[2024-07-07T22:18:26.466+0000] {logging_mixin.py:188} INFO - [2024-07-07T22:18:26.466+0000] {dag.py:3096} INFO - Sync 1 DAGs
[2024-07-07T22:18:26.476+0000] {logging_mixin.py:188} INFO - [2024-07-07T22:18:26.476+0000] {dag.py:3954} INFO - Setting next_dagrun for example_setup_teardown to 2024-07-06 00:00:00+00:00, run_after=2024-07-07 00:00:00+00:00
[2024-07-07T22:18:26.483+0000] {processor.py:183} INFO - Processing /home/airflow/.local/lib/python3.12/site-packages/airflow/example_dags/example_setup_teardown.py took 0.041 seconds
[2024-07-07T22:18:56.750+0000] {processor.py:161} INFO - Started process (PID=608) to work on /home/airflow/.local/lib/python3.12/site-packages/airflow/example_dags/example_setup_teardown.py
[2024-07-07T22:18:56.751+0000] {processor.py:830} INFO - Processing file /home/airflow/.local/lib/python3.12/site-packages/airflow/example_dags/example_setup_teardown.py for tasks to queue
[2024-07-07T22:18:56.752+0000] {logging_mixin.py:188} INFO - [2024-07-07T22:18:56.752+0000] {dagbag.py:545} INFO - Filling up the DagBag from /home/airflow/.local/lib/python3.12/site-packages/airflow/example_dags/example_setup_teardown.py
[2024-07-07T22:18:56.756+0000] {processor.py:840} INFO - DAG(s) 'example_setup_teardown' retrieved from /home/airflow/.local/lib/python3.12/site-packages/airflow/example_dags/example_setup_teardown.py
[2024-07-07T22:18:56.767+0000] {logging_mixin.py:188} INFO - [2024-07-07T22:18:56.767+0000] {dag.py:3096} INFO - Sync 1 DAGs
[2024-07-07T22:18:56.776+0000] {logging_mixin.py:188} INFO - [2024-07-07T22:18:56.776+0000] {dag.py:3954} INFO - Setting next_dagrun for example_setup_teardown to 2024-07-06 00:00:00+00:00, run_after=2024-07-07 00:00:00+00:00
[2024-07-07T22:18:56.784+0000] {processor.py:183} INFO - Processing /home/airflow/.local/lib/python3.12/site-packages/airflow/example_dags/example_setup_teardown.py took 0.038 seconds
[2024-07-07T22:19:27.036+0000] {processor.py:161} INFO - Started process (PID=660) to work on /home/airflow/.local/lib/python3.12/site-packages/airflow/example_dags/example_setup_teardown.py
[2024-07-07T22:19:27.036+0000] {processor.py:830} INFO - Processing file /home/airflow/.local/lib/python3.12/site-packages/airflow/example_dags/example_setup_teardown.py for tasks to queue
[2024-07-07T22:19:27.037+0000] {logging_mixin.py:188} INFO - [2024-07-07T22:19:27.037+0000] {dagbag.py:545} INFO - Filling up the DagBag from /home/airflow/.local/lib/python3.12/site-packages/airflow/example_dags/example_setup_teardown.py
[2024-07-07T22:19:27.041+0000] {processor.py:840} INFO - DAG(s) 'example_setup_teardown' retrieved from /home/airflow/.local/lib/python3.12/site-packages/airflow/example_dags/example_setup_teardown.py
[2024-07-07T22:19:27.051+0000] {logging_mixin.py:188} INFO - [2024-07-07T22:19:27.051+0000] {dag.py:3096} INFO - Sync 1 DAGs
[2024-07-07T22:19:27.062+0000] {logging_mixin.py:188} INFO - [2024-07-07T22:19:27.062+0000] {dag.py:3954} INFO - Setting next_dagrun for example_setup_teardown to 2024-07-06 00:00:00+00:00, run_after=2024-07-07 00:00:00+00:00
[2024-07-07T22:19:27.069+0000] {processor.py:183} INFO - Processing /home/airflow/.local/lib/python3.12/site-packages/airflow/example_dags/example_setup_teardown.py took 0.037 seconds
[2024-07-07T22:19:57.316+0000] {processor.py:161} INFO - Started process (PID=712) to work on /home/airflow/.local/lib/python3.12/site-packages/airflow/example_dags/example_setup_teardown.py
[2024-07-07T22:19:57.316+0000] {processor.py:830} INFO - Processing file /home/airflow/.local/lib/python3.12/site-packages/airflow/example_dags/example_setup_teardown.py for tasks to queue
[2024-07-07T22:19:57.317+0000] {logging_mixin.py:188} INFO - [2024-07-07T22:19:57.317+0000] {dagbag.py:545} INFO - Filling up the DagBag from /home/airflow/.local/lib/python3.12/site-packages/airflow/example_dags/example_setup_teardown.py
[2024-07-07T22:19:57.321+0000] {processor.py:840} INFO - DAG(s) 'example_setup_teardown' retrieved from /home/airflow/.local/lib/python3.12/site-packages/airflow/example_dags/example_setup_teardown.py
[2024-07-07T22:19:57.330+0000] {logging_mixin.py:188} INFO - [2024-07-07T22:19:57.330+0000] {dag.py:3096} INFO - Sync 1 DAGs
[2024-07-07T22:19:57.339+0000] {logging_mixin.py:188} INFO - [2024-07-07T22:19:57.339+0000] {dag.py:3954} INFO - Setting next_dagrun for example_setup_teardown to 2024-07-06 00:00:00+00:00, run_after=2024-07-07 00:00:00+00:00
[2024-07-07T22:19:57.346+0000] {processor.py:183} INFO - Processing /home/airflow/.local/lib/python3.12/site-packages/airflow/example_dags/example_setup_teardown.py took 0.033 seconds
[2024-07-07T22:20:27.627+0000] {processor.py:161} INFO - Started process (PID=764) to work on /home/airflow/.local/lib/python3.12/site-packages/airflow/example_dags/example_setup_teardown.py
[2024-07-07T22:20:27.627+0000] {processor.py:830} INFO - Processing file /home/airflow/.local/lib/python3.12/site-packages/airflow/example_dags/example_setup_teardown.py for tasks to queue
[2024-07-07T22:20:27.628+0000] {logging_mixin.py:188} INFO - [2024-07-07T22:20:27.628+0000] {dagbag.py:545} INFO - Filling up the DagBag from /home/airflow/.local/lib/python3.12/site-packages/airflow/example_dags/example_setup_teardown.py
[2024-07-07T22:20:27.632+0000] {processor.py:840} INFO - DAG(s) 'example_setup_teardown' retrieved from /home/airflow/.local/lib/python3.12/site-packages/airflow/example_dags/example_setup_teardown.py
[2024-07-07T22:20:27.641+0000] {logging_mixin.py:188} INFO - [2024-07-07T22:20:27.640+0000] {dag.py:3096} INFO - Sync 1 DAGs
[2024-07-07T22:20:27.649+0000] {logging_mixin.py:188} INFO - [2024-07-07T22:20:27.649+0000] {dag.py:3954} INFO - Setting next_dagrun for example_setup_teardown to 2024-07-06 00:00:00+00:00, run_after=2024-07-07 00:00:00+00:00
[2024-07-07T22:20:27.656+0000] {processor.py:183} INFO - Processing /home/airflow/.local/lib/python3.12/site-packages/airflow/example_dags/example_setup_teardown.py took 0.032 seconds
[2024-07-07T22:20:57.904+0000] {processor.py:161} INFO - Started process (PID=816) to work on /home/airflow/.local/lib/python3.12/site-packages/airflow/example_dags/example_setup_teardown.py
[2024-07-07T22:20:57.905+0000] {processor.py:830} INFO - Processing file /home/airflow/.local/lib/python3.12/site-packages/airflow/example_dags/example_setup_teardown.py for tasks to queue
[2024-07-07T22:20:57.906+0000] {logging_mixin.py:188} INFO - [2024-07-07T22:20:57.906+0000] {dagbag.py:545} INFO - Filling up the DagBag from /home/airflow/.local/lib/python3.12/site-packages/airflow/example_dags/example_setup_teardown.py
[2024-07-07T22:20:57.910+0000] {processor.py:840} INFO - DAG(s) 'example_setup_teardown' retrieved from /home/airflow/.local/lib/python3.12/site-packages/airflow/example_dags/example_setup_teardown.py
[2024-07-07T22:20:57.919+0000] {logging_mixin.py:188} INFO - [2024-07-07T22:20:57.919+0000] {dag.py:3096} INFO - Sync 1 DAGs
[2024-07-07T22:20:57.929+0000] {logging_mixin.py:188} INFO - [2024-07-07T22:20:57.929+0000] {dag.py:3954} INFO - Setting next_dagrun for example_setup_teardown to 2024-07-06 00:00:00+00:00, run_after=2024-07-07 00:00:00+00:00
[2024-07-07T22:20:57.936+0000] {processor.py:183} INFO - Processing /home/airflow/.local/lib/python3.12/site-packages/airflow/example_dags/example_setup_teardown.py took 0.035 seconds
[2024-07-07T22:21:28.209+0000] {processor.py:161} INFO - Started process (PID=868) to work on /home/airflow/.local/lib/python3.12/site-packages/airflow/example_dags/example_setup_teardown.py
[2024-07-07T22:21:28.210+0000] {processor.py:830} INFO - Processing file /home/airflow/.local/lib/python3.12/site-packages/airflow/example_dags/example_setup_teardown.py for tasks to queue
[2024-07-07T22:21:28.211+0000] {logging_mixin.py:188} INFO - [2024-07-07T22:21:28.211+0000] {dagbag.py:545} INFO - Filling up the DagBag from /home/airflow/.local/lib/python3.12/site-packages/airflow/example_dags/example_setup_teardown.py
[2024-07-07T22:21:28.215+0000] {processor.py:840} INFO - DAG(s) 'example_setup_teardown' retrieved from /home/airflow/.local/lib/python3.12/site-packages/airflow/example_dags/example_setup_teardown.py
[2024-07-07T22:21:28.225+0000] {logging_mixin.py:188} INFO - [2024-07-07T22:21:28.225+0000] {dag.py:3096} INFO - Sync 1 DAGs
[2024-07-07T22:21:28.236+0000] {logging_mixin.py:188} INFO - [2024-07-07T22:21:28.235+0000] {dag.py:3954} INFO - Setting next_dagrun for example_setup_teardown to 2024-07-06 00:00:00+00:00, run_after=2024-07-07 00:00:00+00:00
[2024-07-07T22:21:28.248+0000] {processor.py:183} INFO - Processing /home/airflow/.local/lib/python3.12/site-packages/airflow/example_dags/example_setup_teardown.py took 0.042 seconds
[2024-07-07T22:21:58.589+0000] {processor.py:161} INFO - Started process (PID=920) to work on /home/airflow/.local/lib/python3.12/site-packages/airflow/example_dags/example_setup_teardown.py
[2024-07-07T22:21:58.589+0000] {processor.py:830} INFO - Processing file /home/airflow/.local/lib/python3.12/site-packages/airflow/example_dags/example_setup_teardown.py for tasks to queue
[2024-07-07T22:21:58.590+0000] {logging_mixin.py:188} INFO - [2024-07-07T22:21:58.590+0000] {dagbag.py:545} INFO - Filling up the DagBag from /home/airflow/.local/lib/python3.12/site-packages/airflow/example_dags/example_setup_teardown.py
[2024-07-07T22:21:58.594+0000] {processor.py:840} INFO - DAG(s) 'example_setup_teardown' retrieved from /home/airflow/.local/lib/python3.12/site-packages/airflow/example_dags/example_setup_teardown.py
[2024-07-07T22:21:58.604+0000] {logging_mixin.py:188} INFO - [2024-07-07T22:21:58.604+0000] {dag.py:3096} INFO - Sync 1 DAGs
[2024-07-07T22:21:58.614+0000] {logging_mixin.py:188} INFO - [2024-07-07T22:21:58.614+0000] {dag.py:3954} INFO - Setting next_dagrun for example_setup_teardown to 2024-07-06 00:00:00+00:00, run_after=2024-07-07 00:00:00+00:00
[2024-07-07T22:21:58.621+0000] {processor.py:183} INFO - Processing /home/airflow/.local/lib/python3.12/site-packages/airflow/example_dags/example_setup_teardown.py took 0.035 seconds
[2024-07-07T22:22:28.939+0000] {processor.py:161} INFO - Started process (PID=972) to work on /home/airflow/.local/lib/python3.12/site-packages/airflow/example_dags/example_setup_teardown.py
[2024-07-07T22:22:28.940+0000] {processor.py:830} INFO - Processing file /home/airflow/.local/lib/python3.12/site-packages/airflow/example_dags/example_setup_teardown.py for tasks to queue
[2024-07-07T22:22:28.941+0000] {logging_mixin.py:188} INFO - [2024-07-07T22:22:28.941+0000] {dagbag.py:545} INFO - Filling up the DagBag from /home/airflow/.local/lib/python3.12/site-packages/airflow/example_dags/example_setup_teardown.py
[2024-07-07T22:22:28.945+0000] {processor.py:840} INFO - DAG(s) 'example_setup_teardown' retrieved from /home/airflow/.local/lib/python3.12/site-packages/airflow/example_dags/example_setup_teardown.py
[2024-07-07T22:22:28.956+0000] {logging_mixin.py:188} INFO - [2024-07-07T22:22:28.956+0000] {dag.py:3096} INFO - Sync 1 DAGs
[2024-07-07T22:22:28.974+0000] {logging_mixin.py:188} INFO - [2024-07-07T22:22:28.973+0000] {dag.py:3954} INFO - Setting next_dagrun for example_setup_teardown to 2024-07-06 00:00:00+00:00, run_after=2024-07-07 00:00:00+00:00
[2024-07-07T22:22:28.981+0000] {processor.py:183} INFO - Processing /home/airflow/.local/lib/python3.12/site-packages/airflow/example_dags/example_setup_teardown.py took 0.046 seconds
[2024-07-07T22:22:59.257+0000] {processor.py:161} INFO - Started process (PID=1024) to work on /home/airflow/.local/lib/python3.12/site-packages/airflow/example_dags/example_setup_teardown.py
[2024-07-07T22:22:59.258+0000] {processor.py:830} INFO - Processing file /home/airflow/.local/lib/python3.12/site-packages/airflow/example_dags/example_setup_teardown.py for tasks to queue
[2024-07-07T22:22:59.259+0000] {logging_mixin.py:188} INFO - [2024-07-07T22:22:59.259+0000] {dagbag.py:545} INFO - Filling up the DagBag from /home/airflow/.local/lib/python3.12/site-packages/airflow/example_dags/example_setup_teardown.py
[2024-07-07T22:22:59.264+0000] {processor.py:840} INFO - DAG(s) 'example_setup_teardown' retrieved from /home/airflow/.local/lib/python3.12/site-packages/airflow/example_dags/example_setup_teardown.py
[2024-07-07T22:22:59.278+0000] {logging_mixin.py:188} INFO - [2024-07-07T22:22:59.278+0000] {dag.py:3096} INFO - Sync 1 DAGs
[2024-07-07T22:22:59.290+0000] {logging_mixin.py:188} INFO - [2024-07-07T22:22:59.290+0000] {dag.py:3954} INFO - Setting next_dagrun for example_setup_teardown to 2024-07-06 00:00:00+00:00, run_after=2024-07-07 00:00:00+00:00
[2024-07-07T22:22:59.298+0000] {processor.py:183} INFO - Processing /home/airflow/.local/lib/python3.12/site-packages/airflow/example_dags/example_setup_teardown.py took 0.046 seconds
[2024-07-07T22:23:29.579+0000] {processor.py:161} INFO - Started process (PID=1076) to work on /home/airflow/.local/lib/python3.12/site-packages/airflow/example_dags/example_setup_teardown.py
[2024-07-07T22:23:29.580+0000] {processor.py:830} INFO - Processing file /home/airflow/.local/lib/python3.12/site-packages/airflow/example_dags/example_setup_teardown.py for tasks to queue
[2024-07-07T22:23:29.581+0000] {logging_mixin.py:188} INFO - [2024-07-07T22:23:29.581+0000] {dagbag.py:545} INFO - Filling up the DagBag from /home/airflow/.local/lib/python3.12/site-packages/airflow/example_dags/example_setup_teardown.py
[2024-07-07T22:23:29.585+0000] {processor.py:840} INFO - DAG(s) 'example_setup_teardown' retrieved from /home/airflow/.local/lib/python3.12/site-packages/airflow/example_dags/example_setup_teardown.py
[2024-07-07T22:23:29.595+0000] {logging_mixin.py:188} INFO - [2024-07-07T22:23:29.595+0000] {dag.py:3096} INFO - Sync 1 DAGs
[2024-07-07T22:23:29.604+0000] {logging_mixin.py:188} INFO - [2024-07-07T22:23:29.604+0000] {dag.py:3954} INFO - Setting next_dagrun for example_setup_teardown to 2024-07-06 00:00:00+00:00, run_after=2024-07-07 00:00:00+00:00
[2024-07-07T22:23:29.615+0000] {processor.py:183} INFO - Processing /home/airflow/.local/lib/python3.12/site-packages/airflow/example_dags/example_setup_teardown.py took 0.040 seconds
[2024-07-07T22:23:59.935+0000] {processor.py:161} INFO - Started process (PID=1128) to work on /home/airflow/.local/lib/python3.12/site-packages/airflow/example_dags/example_setup_teardown.py
[2024-07-07T22:23:59.936+0000] {processor.py:830} INFO - Processing file /home/airflow/.local/lib/python3.12/site-packages/airflow/example_dags/example_setup_teardown.py for tasks to queue
[2024-07-07T22:23:59.938+0000] {logging_mixin.py:188} INFO - [2024-07-07T22:23:59.938+0000] {dagbag.py:545} INFO - Filling up the DagBag from /home/airflow/.local/lib/python3.12/site-packages/airflow/example_dags/example_setup_teardown.py
[2024-07-07T22:23:59.944+0000] {processor.py:840} INFO - DAG(s) 'example_setup_teardown' retrieved from /home/airflow/.local/lib/python3.12/site-packages/airflow/example_dags/example_setup_teardown.py
[2024-07-07T22:23:59.956+0000] {logging_mixin.py:188} INFO - [2024-07-07T22:23:59.956+0000] {dag.py:3096} INFO - Sync 1 DAGs
[2024-07-07T22:23:59.967+0000] {logging_mixin.py:188} INFO - [2024-07-07T22:23:59.967+0000] {dag.py:3954} INFO - Setting next_dagrun for example_setup_teardown to 2024-07-06 00:00:00+00:00, run_after=2024-07-07 00:00:00+00:00
[2024-07-07T22:23:59.976+0000] {processor.py:183} INFO - Processing /home/airflow/.local/lib/python3.12/site-packages/airflow/example_dags/example_setup_teardown.py took 0.047 seconds
[2024-07-07T22:24:30.277+0000] {processor.py:161} INFO - Started process (PID=1180) to work on /home/airflow/.local/lib/python3.12/site-packages/airflow/example_dags/example_setup_teardown.py
[2024-07-07T22:24:30.277+0000] {processor.py:830} INFO - Processing file /home/airflow/.local/lib/python3.12/site-packages/airflow/example_dags/example_setup_teardown.py for tasks to queue
[2024-07-07T22:24:30.279+0000] {logging_mixin.py:188} INFO - [2024-07-07T22:24:30.278+0000] {dagbag.py:545} INFO - Filling up the DagBag from /home/airflow/.local/lib/python3.12/site-packages/airflow/example_dags/example_setup_teardown.py
[2024-07-07T22:24:30.282+0000] {processor.py:840} INFO - DAG(s) 'example_setup_teardown' retrieved from /home/airflow/.local/lib/python3.12/site-packages/airflow/example_dags/example_setup_teardown.py
[2024-07-07T22:24:30.292+0000] {logging_mixin.py:188} INFO - [2024-07-07T22:24:30.292+0000] {dag.py:3096} INFO - Sync 1 DAGs
[2024-07-07T22:24:30.304+0000] {logging_mixin.py:188} INFO - [2024-07-07T22:24:30.304+0000] {dag.py:3954} INFO - Setting next_dagrun for example_setup_teardown to 2024-07-06 00:00:00+00:00, run_after=2024-07-07 00:00:00+00:00
[2024-07-07T22:24:30.311+0000] {processor.py:183} INFO - Processing /home/airflow/.local/lib/python3.12/site-packages/airflow/example_dags/example_setup_teardown.py took 0.038 seconds
[2024-07-07T22:25:00.697+0000] {processor.py:161} INFO - Started process (PID=1232) to work on /home/airflow/.local/lib/python3.12/site-packages/airflow/example_dags/example_setup_teardown.py
[2024-07-07T22:25:00.698+0000] {processor.py:830} INFO - Processing file /home/airflow/.local/lib/python3.12/site-packages/airflow/example_dags/example_setup_teardown.py for tasks to queue
[2024-07-07T22:25:00.699+0000] {logging_mixin.py:188} INFO - [2024-07-07T22:25:00.699+0000] {dagbag.py:545} INFO - Filling up the DagBag from /home/airflow/.local/lib/python3.12/site-packages/airflow/example_dags/example_setup_teardown.py
[2024-07-07T22:25:00.703+0000] {processor.py:840} INFO - DAG(s) 'example_setup_teardown' retrieved from /home/airflow/.local/lib/python3.12/site-packages/airflow/example_dags/example_setup_teardown.py
[2024-07-07T22:25:00.715+0000] {logging_mixin.py:188} INFO - [2024-07-07T22:25:00.715+0000] {dag.py:3096} INFO - Sync 1 DAGs
[2024-07-07T22:25:00.727+0000] {logging_mixin.py:188} INFO - [2024-07-07T22:25:00.726+0000] {dag.py:3954} INFO - Setting next_dagrun for example_setup_teardown to 2024-07-06 00:00:00+00:00, run_after=2024-07-07 00:00:00+00:00
[2024-07-07T22:25:00.734+0000] {processor.py:183} INFO - Processing /home/airflow/.local/lib/python3.12/site-packages/airflow/example_dags/example_setup_teardown.py took 0.041 seconds
[2024-07-07T22:25:31.274+0000] {processor.py:161} INFO - Started process (PID=1284) to work on /home/airflow/.local/lib/python3.12/site-packages/airflow/example_dags/example_setup_teardown.py
[2024-07-07T22:25:31.275+0000] {processor.py:830} INFO - Processing file /home/airflow/.local/lib/python3.12/site-packages/airflow/example_dags/example_setup_teardown.py for tasks to queue
[2024-07-07T22:25:31.277+0000] {logging_mixin.py:188} INFO - [2024-07-07T22:25:31.276+0000] {dagbag.py:545} INFO - Filling up the DagBag from /home/airflow/.local/lib/python3.12/site-packages/airflow/example_dags/example_setup_teardown.py
[2024-07-07T22:25:31.281+0000] {processor.py:840} INFO - DAG(s) 'example_setup_teardown' retrieved from /home/airflow/.local/lib/python3.12/site-packages/airflow/example_dags/example_setup_teardown.py
[2024-07-07T22:25:31.292+0000] {logging_mixin.py:188} INFO - [2024-07-07T22:25:31.292+0000] {dag.py:3096} INFO - Sync 1 DAGs
[2024-07-07T22:25:31.302+0000] {logging_mixin.py:188} INFO - [2024-07-07T22:25:31.302+0000] {dag.py:3954} INFO - Setting next_dagrun for example_setup_teardown to 2024-07-06 00:00:00+00:00, run_after=2024-07-07 00:00:00+00:00
[2024-07-07T22:25:31.310+0000] {processor.py:183} INFO - Processing /home/airflow/.local/lib/python3.12/site-packages/airflow/example_dags/example_setup_teardown.py took 0.040 seconds
[2024-07-07T22:26:01.702+0000] {processor.py:161} INFO - Started process (PID=1336) to work on /home/airflow/.local/lib/python3.12/site-packages/airflow/example_dags/example_setup_teardown.py
[2024-07-07T22:26:01.702+0000] {processor.py:830} INFO - Processing file /home/airflow/.local/lib/python3.12/site-packages/airflow/example_dags/example_setup_teardown.py for tasks to queue
[2024-07-07T22:26:01.704+0000] {logging_mixin.py:188} INFO - [2024-07-07T22:26:01.703+0000] {dagbag.py:545} INFO - Filling up the DagBag from /home/airflow/.local/lib/python3.12/site-packages/airflow/example_dags/example_setup_teardown.py
[2024-07-07T22:26:01.708+0000] {processor.py:840} INFO - DAG(s) 'example_setup_teardown' retrieved from /home/airflow/.local/lib/python3.12/site-packages/airflow/example_dags/example_setup_teardown.py
[2024-07-07T22:26:01.719+0000] {logging_mixin.py:188} INFO - [2024-07-07T22:26:01.719+0000] {dag.py:3096} INFO - Sync 1 DAGs
[2024-07-07T22:26:01.729+0000] {logging_mixin.py:188} INFO - [2024-07-07T22:26:01.729+0000] {dag.py:3954} INFO - Setting next_dagrun for example_setup_teardown to 2024-07-06 00:00:00+00:00, run_after=2024-07-07 00:00:00+00:00
[2024-07-07T22:26:01.737+0000] {processor.py:183} INFO - Processing /home/airflow/.local/lib/python3.12/site-packages/airflow/example_dags/example_setup_teardown.py took 0.040 seconds
[2024-07-07T22:26:32.163+0000] {processor.py:161} INFO - Started process (PID=1388) to work on /home/airflow/.local/lib/python3.12/site-packages/airflow/example_dags/example_setup_teardown.py
[2024-07-07T22:26:32.163+0000] {processor.py:830} INFO - Processing file /home/airflow/.local/lib/python3.12/site-packages/airflow/example_dags/example_setup_teardown.py for tasks to queue
[2024-07-07T22:26:32.164+0000] {logging_mixin.py:188} INFO - [2024-07-07T22:26:32.164+0000] {dagbag.py:545} INFO - Filling up the DagBag from /home/airflow/.local/lib/python3.12/site-packages/airflow/example_dags/example_setup_teardown.py
[2024-07-07T22:26:32.169+0000] {processor.py:840} INFO - DAG(s) 'example_setup_teardown' retrieved from /home/airflow/.local/lib/python3.12/site-packages/airflow/example_dags/example_setup_teardown.py
[2024-07-07T22:26:32.179+0000] {logging_mixin.py:188} INFO - [2024-07-07T22:26:32.179+0000] {dag.py:3096} INFO - Sync 1 DAGs
[2024-07-07T22:26:32.189+0000] {logging_mixin.py:188} INFO - [2024-07-07T22:26:32.189+0000] {dag.py:3954} INFO - Setting next_dagrun for example_setup_teardown to 2024-07-06 00:00:00+00:00, run_after=2024-07-07 00:00:00+00:00
[2024-07-07T22:26:32.196+0000] {processor.py:183} INFO - Processing /home/airflow/.local/lib/python3.12/site-packages/airflow/example_dags/example_setup_teardown.py took 0.038 seconds
[2024-07-07T22:27:02.458+0000] {processor.py:161} INFO - Started process (PID=1440) to work on /home/airflow/.local/lib/python3.12/site-packages/airflow/example_dags/example_setup_teardown.py
[2024-07-07T22:27:02.459+0000] {processor.py:830} INFO - Processing file /home/airflow/.local/lib/python3.12/site-packages/airflow/example_dags/example_setup_teardown.py for tasks to queue
[2024-07-07T22:27:02.460+0000] {logging_mixin.py:188} INFO - [2024-07-07T22:27:02.460+0000] {dagbag.py:545} INFO - Filling up the DagBag from /home/airflow/.local/lib/python3.12/site-packages/airflow/example_dags/example_setup_teardown.py
[2024-07-07T22:27:02.464+0000] {processor.py:840} INFO - DAG(s) 'example_setup_teardown' retrieved from /home/airflow/.local/lib/python3.12/site-packages/airflow/example_dags/example_setup_teardown.py
[2024-07-07T22:27:02.474+0000] {logging_mixin.py:188} INFO - [2024-07-07T22:27:02.474+0000] {dag.py:3096} INFO - Sync 1 DAGs
[2024-07-07T22:27:02.483+0000] {logging_mixin.py:188} INFO - [2024-07-07T22:27:02.483+0000] {dag.py:3954} INFO - Setting next_dagrun for example_setup_teardown to 2024-07-06 00:00:00+00:00, run_after=2024-07-07 00:00:00+00:00
[2024-07-07T22:27:02.491+0000] {processor.py:183} INFO - Processing /home/airflow/.local/lib/python3.12/site-packages/airflow/example_dags/example_setup_teardown.py took 0.038 seconds
[2024-07-07T22:27:32.720+0000] {processor.py:161} INFO - Started process (PID=1492) to work on /home/airflow/.local/lib/python3.12/site-packages/airflow/example_dags/example_setup_teardown.py
[2024-07-07T22:27:32.721+0000] {processor.py:830} INFO - Processing file /home/airflow/.local/lib/python3.12/site-packages/airflow/example_dags/example_setup_teardown.py for tasks to queue
[2024-07-07T22:27:32.722+0000] {logging_mixin.py:188} INFO - [2024-07-07T22:27:32.722+0000] {dagbag.py:545} INFO - Filling up the DagBag from /home/airflow/.local/lib/python3.12/site-packages/airflow/example_dags/example_setup_teardown.py
[2024-07-07T22:27:32.725+0000] {processor.py:840} INFO - DAG(s) 'example_setup_teardown' retrieved from /home/airflow/.local/lib/python3.12/site-packages/airflow/example_dags/example_setup_teardown.py
[2024-07-07T22:27:32.735+0000] {logging_mixin.py:188} INFO - [2024-07-07T22:27:32.735+0000] {dag.py:3096} INFO - Sync 1 DAGs
[2024-07-07T22:27:32.743+0000] {logging_mixin.py:188} INFO - [2024-07-07T22:27:32.743+0000] {dag.py:3954} INFO - Setting next_dagrun for example_setup_teardown to 2024-07-06 00:00:00+00:00, run_after=2024-07-07 00:00:00+00:00
[2024-07-07T22:27:32.750+0000] {processor.py:183} INFO - Processing /home/airflow/.local/lib/python3.12/site-packages/airflow/example_dags/example_setup_teardown.py took 0.033 seconds
[2024-07-07T22:28:02.979+0000] {processor.py:161} INFO - Started process (PID=1544) to work on /home/airflow/.local/lib/python3.12/site-packages/airflow/example_dags/example_setup_teardown.py
[2024-07-07T22:28:02.980+0000] {processor.py:830} INFO - Processing file /home/airflow/.local/lib/python3.12/site-packages/airflow/example_dags/example_setup_teardown.py for tasks to queue
[2024-07-07T22:28:02.981+0000] {logging_mixin.py:188} INFO - [2024-07-07T22:28:02.981+0000] {dagbag.py:545} INFO - Filling up the DagBag from /home/airflow/.local/lib/python3.12/site-packages/airflow/example_dags/example_setup_teardown.py
[2024-07-07T22:28:02.985+0000] {processor.py:840} INFO - DAG(s) 'example_setup_teardown' retrieved from /home/airflow/.local/lib/python3.12/site-packages/airflow/example_dags/example_setup_teardown.py
[2024-07-07T22:28:02.995+0000] {logging_mixin.py:188} INFO - [2024-07-07T22:28:02.995+0000] {dag.py:3096} INFO - Sync 1 DAGs
[2024-07-07T22:28:03.004+0000] {logging_mixin.py:188} INFO - [2024-07-07T22:28:03.004+0000] {dag.py:3954} INFO - Setting next_dagrun for example_setup_teardown to 2024-07-06 00:00:00+00:00, run_after=2024-07-07 00:00:00+00:00
[2024-07-07T22:28:03.011+0000] {processor.py:183} INFO - Processing /home/airflow/.local/lib/python3.12/site-packages/airflow/example_dags/example_setup_teardown.py took 0.037 seconds
[2024-07-07T22:28:33.237+0000] {processor.py:161} INFO - Started process (PID=1596) to work on /home/airflow/.local/lib/python3.12/site-packages/airflow/example_dags/example_setup_teardown.py
[2024-07-07T22:28:33.237+0000] {processor.py:830} INFO - Processing file /home/airflow/.local/lib/python3.12/site-packages/airflow/example_dags/example_setup_teardown.py for tasks to queue
[2024-07-07T22:28:33.238+0000] {logging_mixin.py:188} INFO - [2024-07-07T22:28:33.238+0000] {dagbag.py:545} INFO - Filling up the DagBag from /home/airflow/.local/lib/python3.12/site-packages/airflow/example_dags/example_setup_teardown.py
[2024-07-07T22:28:33.242+0000] {processor.py:840} INFO - DAG(s) 'example_setup_teardown' retrieved from /home/airflow/.local/lib/python3.12/site-packages/airflow/example_dags/example_setup_teardown.py
[2024-07-07T22:28:33.251+0000] {logging_mixin.py:188} INFO - [2024-07-07T22:28:33.251+0000] {dag.py:3096} INFO - Sync 1 DAGs
[2024-07-07T22:28:33.260+0000] {logging_mixin.py:188} INFO - [2024-07-07T22:28:33.260+0000] {dag.py:3954} INFO - Setting next_dagrun for example_setup_teardown to 2024-07-06 00:00:00+00:00, run_after=2024-07-07 00:00:00+00:00
[2024-07-07T22:28:33.267+0000] {processor.py:183} INFO - Processing /home/airflow/.local/lib/python3.12/site-packages/airflow/example_dags/example_setup_teardown.py took 0.033 seconds
[2024-07-07T22:29:03.558+0000] {processor.py:161} INFO - Started process (PID=1648) to work on /home/airflow/.local/lib/python3.12/site-packages/airflow/example_dags/example_setup_teardown.py
[2024-07-07T22:29:03.559+0000] {processor.py:830} INFO - Processing file /home/airflow/.local/lib/python3.12/site-packages/airflow/example_dags/example_setup_teardown.py for tasks to queue
[2024-07-07T22:29:03.559+0000] {logging_mixin.py:188} INFO - [2024-07-07T22:29:03.559+0000] {dagbag.py:545} INFO - Filling up the DagBag from /home/airflow/.local/lib/python3.12/site-packages/airflow/example_dags/example_setup_teardown.py
[2024-07-07T22:29:03.562+0000] {processor.py:840} INFO - DAG(s) 'example_setup_teardown' retrieved from /home/airflow/.local/lib/python3.12/site-packages/airflow/example_dags/example_setup_teardown.py
[2024-07-07T22:29:03.570+0000] {logging_mixin.py:188} INFO - [2024-07-07T22:29:03.570+0000] {dag.py:3096} INFO - Sync 1 DAGs
[2024-07-07T22:29:03.577+0000] {logging_mixin.py:188} INFO - [2024-07-07T22:29:03.577+0000] {dag.py:3954} INFO - Setting next_dagrun for example_setup_teardown to 2024-07-06 00:00:00+00:00, run_after=2024-07-07 00:00:00+00:00
[2024-07-07T22:29:03.584+0000] {processor.py:183} INFO - Processing /home/airflow/.local/lib/python3.12/site-packages/airflow/example_dags/example_setup_teardown.py took 0.028 seconds
[2024-07-07T22:29:34.058+0000] {processor.py:161} INFO - Started process (PID=1700) to work on /home/airflow/.local/lib/python3.12/site-packages/airflow/example_dags/example_setup_teardown.py
[2024-07-07T22:29:34.058+0000] {processor.py:830} INFO - Processing file /home/airflow/.local/lib/python3.12/site-packages/airflow/example_dags/example_setup_teardown.py for tasks to queue
[2024-07-07T22:29:34.060+0000] {logging_mixin.py:188} INFO - [2024-07-07T22:29:34.060+0000] {dagbag.py:545} INFO - Filling up the DagBag from /home/airflow/.local/lib/python3.12/site-packages/airflow/example_dags/example_setup_teardown.py
[2024-07-07T22:29:34.065+0000] {processor.py:840} INFO - DAG(s) 'example_setup_teardown' retrieved from /home/airflow/.local/lib/python3.12/site-packages/airflow/example_dags/example_setup_teardown.py
[2024-07-07T22:29:34.075+0000] {logging_mixin.py:188} INFO - [2024-07-07T22:29:34.074+0000] {dag.py:3096} INFO - Sync 1 DAGs
[2024-07-07T22:29:34.084+0000] {logging_mixin.py:188} INFO - [2024-07-07T22:29:34.084+0000] {dag.py:3954} INFO - Setting next_dagrun for example_setup_teardown to 2024-07-06 00:00:00+00:00, run_after=2024-07-07 00:00:00+00:00
[2024-07-07T22:29:34.091+0000] {processor.py:183} INFO - Processing /home/airflow/.local/lib/python3.12/site-packages/airflow/example_dags/example_setup_teardown.py took 0.038 seconds
[2024-07-07T22:30:04.423+0000] {processor.py:161} INFO - Started process (PID=1752) to work on /home/airflow/.local/lib/python3.12/site-packages/airflow/example_dags/example_setup_teardown.py
[2024-07-07T22:30:04.424+0000] {processor.py:830} INFO - Processing file /home/airflow/.local/lib/python3.12/site-packages/airflow/example_dags/example_setup_teardown.py for tasks to queue
[2024-07-07T22:30:04.425+0000] {logging_mixin.py:188} INFO - [2024-07-07T22:30:04.425+0000] {dagbag.py:545} INFO - Filling up the DagBag from /home/airflow/.local/lib/python3.12/site-packages/airflow/example_dags/example_setup_teardown.py
[2024-07-07T22:30:04.430+0000] {processor.py:840} INFO - DAG(s) 'example_setup_teardown' retrieved from /home/airflow/.local/lib/python3.12/site-packages/airflow/example_dags/example_setup_teardown.py
[2024-07-07T22:30:04.439+0000] {logging_mixin.py:188} INFO - [2024-07-07T22:30:04.439+0000] {dag.py:3096} INFO - Sync 1 DAGs
[2024-07-07T22:30:04.449+0000] {logging_mixin.py:188} INFO - [2024-07-07T22:30:04.448+0000] {dag.py:3954} INFO - Setting next_dagrun for example_setup_teardown to 2024-07-06 00:00:00+00:00, run_after=2024-07-07 00:00:00+00:00
[2024-07-07T22:30:04.456+0000] {processor.py:183} INFO - Processing /home/airflow/.local/lib/python3.12/site-packages/airflow/example_dags/example_setup_teardown.py took 0.038 seconds
[2024-07-07T22:30:34.878+0000] {processor.py:161} INFO - Started process (PID=1804) to work on /home/airflow/.local/lib/python3.12/site-packages/airflow/example_dags/example_setup_teardown.py
[2024-07-07T22:30:34.879+0000] {processor.py:830} INFO - Processing file /home/airflow/.local/lib/python3.12/site-packages/airflow/example_dags/example_setup_teardown.py for tasks to queue
[2024-07-07T22:30:34.880+0000] {logging_mixin.py:188} INFO - [2024-07-07T22:30:34.880+0000] {dagbag.py:545} INFO - Filling up the DagBag from /home/airflow/.local/lib/python3.12/site-packages/airflow/example_dags/example_setup_teardown.py
[2024-07-07T22:30:34.884+0000] {processor.py:840} INFO - DAG(s) 'example_setup_teardown' retrieved from /home/airflow/.local/lib/python3.12/site-packages/airflow/example_dags/example_setup_teardown.py
[2024-07-07T22:30:34.894+0000] {logging_mixin.py:188} INFO - [2024-07-07T22:30:34.894+0000] {dag.py:3096} INFO - Sync 1 DAGs
[2024-07-07T22:30:34.903+0000] {logging_mixin.py:188} INFO - [2024-07-07T22:30:34.903+0000] {dag.py:3954} INFO - Setting next_dagrun for example_setup_teardown to 2024-07-06 00:00:00+00:00, run_after=2024-07-07 00:00:00+00:00
[2024-07-07T22:30:34.911+0000] {processor.py:183} INFO - Processing /home/airflow/.local/lib/python3.12/site-packages/airflow/example_dags/example_setup_teardown.py took 0.037 seconds
[2024-07-07T22:31:05.905+0000] {processor.py:161} INFO - Started process (PID=1856) to work on /home/airflow/.local/lib/python3.12/site-packages/airflow/example_dags/example_setup_teardown.py
[2024-07-07T22:31:05.905+0000] {processor.py:830} INFO - Processing file /home/airflow/.local/lib/python3.12/site-packages/airflow/example_dags/example_setup_teardown.py for tasks to queue
[2024-07-07T22:31:05.907+0000] {logging_mixin.py:188} INFO - [2024-07-07T22:31:05.907+0000] {dagbag.py:545} INFO - Filling up the DagBag from /home/airflow/.local/lib/python3.12/site-packages/airflow/example_dags/example_setup_teardown.py
[2024-07-07T22:31:05.912+0000] {processor.py:840} INFO - DAG(s) 'example_setup_teardown' retrieved from /home/airflow/.local/lib/python3.12/site-packages/airflow/example_dags/example_setup_teardown.py
[2024-07-07T22:31:05.924+0000] {logging_mixin.py:188} INFO - [2024-07-07T22:31:05.924+0000] {dag.py:3096} INFO - Sync 1 DAGs
[2024-07-07T22:31:05.935+0000] {logging_mixin.py:188} INFO - [2024-07-07T22:31:05.934+0000] {dag.py:3954} INFO - Setting next_dagrun for example_setup_teardown to 2024-07-06 00:00:00+00:00, run_after=2024-07-07 00:00:00+00:00
[2024-07-07T22:31:05.942+0000] {processor.py:183} INFO - Processing /home/airflow/.local/lib/python3.12/site-packages/airflow/example_dags/example_setup_teardown.py took 0.040 seconds
[2024-07-07T22:31:35.966+0000] {processor.py:161} INFO - Started process (PID=1908) to work on /home/airflow/.local/lib/python3.12/site-packages/airflow/example_dags/example_setup_teardown.py
[2024-07-07T22:31:35.966+0000] {processor.py:830} INFO - Processing file /home/airflow/.local/lib/python3.12/site-packages/airflow/example_dags/example_setup_teardown.py for tasks to queue
[2024-07-07T22:31:35.967+0000] {logging_mixin.py:188} INFO - [2024-07-07T22:31:35.966+0000] {dagbag.py:545} INFO - Filling up the DagBag from /home/airflow/.local/lib/python3.12/site-packages/airflow/example_dags/example_setup_teardown.py
[2024-07-07T22:31:35.969+0000] {processor.py:840} INFO - DAG(s) 'example_setup_teardown' retrieved from /home/airflow/.local/lib/python3.12/site-packages/airflow/example_dags/example_setup_teardown.py
[2024-07-07T22:31:35.976+0000] {logging_mixin.py:188} INFO - [2024-07-07T22:31:35.976+0000] {dag.py:3096} INFO - Sync 1 DAGs
[2024-07-07T22:31:35.982+0000] {logging_mixin.py:188} INFO - [2024-07-07T22:31:35.982+0000] {dag.py:3954} INFO - Setting next_dagrun for example_setup_teardown to 2024-07-06 00:00:00+00:00, run_after=2024-07-07 00:00:00+00:00
[2024-07-07T22:31:35.988+0000] {processor.py:183} INFO - Processing /home/airflow/.local/lib/python3.12/site-packages/airflow/example_dags/example_setup_teardown.py took 0.025 seconds
[2024-07-07T22:32:06.920+0000] {processor.py:161} INFO - Started process (PID=1960) to work on /home/airflow/.local/lib/python3.12/site-packages/airflow/example_dags/example_setup_teardown.py
[2024-07-07T22:32:06.920+0000] {processor.py:830} INFO - Processing file /home/airflow/.local/lib/python3.12/site-packages/airflow/example_dags/example_setup_teardown.py for tasks to queue
[2024-07-07T22:32:06.921+0000] {logging_mixin.py:188} INFO - [2024-07-07T22:32:06.921+0000] {dagbag.py:545} INFO - Filling up the DagBag from /home/airflow/.local/lib/python3.12/site-packages/airflow/example_dags/example_setup_teardown.py
[2024-07-07T22:32:06.924+0000] {processor.py:840} INFO - DAG(s) 'example_setup_teardown' retrieved from /home/airflow/.local/lib/python3.12/site-packages/airflow/example_dags/example_setup_teardown.py
[2024-07-07T22:32:06.932+0000] {logging_mixin.py:188} INFO - [2024-07-07T22:32:06.932+0000] {dag.py:3096} INFO - Sync 1 DAGs
[2024-07-07T22:32:07.011+0000] {logging_mixin.py:188} INFO - [2024-07-07T22:32:07.011+0000] {dag.py:3954} INFO - Setting next_dagrun for example_setup_teardown to 2024-07-06 00:00:00+00:00, run_after=2024-07-07 00:00:00+00:00
[2024-07-07T22:32:07.017+0000] {processor.py:183} INFO - Processing /home/airflow/.local/lib/python3.12/site-packages/airflow/example_dags/example_setup_teardown.py took 0.099 seconds
[2024-07-07T22:32:37.092+0000] {processor.py:161} INFO - Started process (PID=2012) to work on /home/airflow/.local/lib/python3.12/site-packages/airflow/example_dags/example_setup_teardown.py
[2024-07-07T22:32:37.092+0000] {processor.py:830} INFO - Processing file /home/airflow/.local/lib/python3.12/site-packages/airflow/example_dags/example_setup_teardown.py for tasks to queue
[2024-07-07T22:32:37.093+0000] {logging_mixin.py:188} INFO - [2024-07-07T22:32:37.093+0000] {dagbag.py:545} INFO - Filling up the DagBag from /home/airflow/.local/lib/python3.12/site-packages/airflow/example_dags/example_setup_teardown.py
[2024-07-07T22:32:37.096+0000] {processor.py:840} INFO - DAG(s) 'example_setup_teardown' retrieved from /home/airflow/.local/lib/python3.12/site-packages/airflow/example_dags/example_setup_teardown.py
[2024-07-07T22:32:37.104+0000] {logging_mixin.py:188} INFO - [2024-07-07T22:32:37.103+0000] {dag.py:3096} INFO - Sync 1 DAGs
[2024-07-07T22:32:37.112+0000] {logging_mixin.py:188} INFO - [2024-07-07T22:32:37.112+0000] {dag.py:3954} INFO - Setting next_dagrun for example_setup_teardown to 2024-07-06 00:00:00+00:00, run_after=2024-07-07 00:00:00+00:00
[2024-07-07T22:32:37.118+0000] {processor.py:183} INFO - Processing /home/airflow/.local/lib/python3.12/site-packages/airflow/example_dags/example_setup_teardown.py took 0.028 seconds
[2024-07-07T22:33:07.483+0000] {processor.py:161} INFO - Started process (PID=2064) to work on /home/airflow/.local/lib/python3.12/site-packages/airflow/example_dags/example_setup_teardown.py
[2024-07-07T22:33:07.483+0000] {processor.py:830} INFO - Processing file /home/airflow/.local/lib/python3.12/site-packages/airflow/example_dags/example_setup_teardown.py for tasks to queue
[2024-07-07T22:33:07.484+0000] {logging_mixin.py:188} INFO - [2024-07-07T22:33:07.484+0000] {dagbag.py:545} INFO - Filling up the DagBag from /home/airflow/.local/lib/python3.12/site-packages/airflow/example_dags/example_setup_teardown.py
[2024-07-07T22:33:07.486+0000] {processor.py:840} INFO - DAG(s) 'example_setup_teardown' retrieved from /home/airflow/.local/lib/python3.12/site-packages/airflow/example_dags/example_setup_teardown.py
[2024-07-07T22:33:07.495+0000] {logging_mixin.py:188} INFO - [2024-07-07T22:33:07.494+0000] {dag.py:3096} INFO - Sync 1 DAGs
[2024-07-07T22:33:07.504+0000] {logging_mixin.py:188} INFO - [2024-07-07T22:33:07.504+0000] {dag.py:3954} INFO - Setting next_dagrun for example_setup_teardown to 2024-07-06 00:00:00+00:00, run_after=2024-07-07 00:00:00+00:00
[2024-07-07T22:33:07.511+0000] {processor.py:183} INFO - Processing /home/airflow/.local/lib/python3.12/site-packages/airflow/example_dags/example_setup_teardown.py took 0.031 seconds
[2024-07-07T22:33:37.950+0000] {processor.py:161} INFO - Started process (PID=2116) to work on /home/airflow/.local/lib/python3.12/site-packages/airflow/example_dags/example_setup_teardown.py
[2024-07-07T22:33:37.950+0000] {processor.py:830} INFO - Processing file /home/airflow/.local/lib/python3.12/site-packages/airflow/example_dags/example_setup_teardown.py for tasks to queue
[2024-07-07T22:33:37.951+0000] {logging_mixin.py:188} INFO - [2024-07-07T22:33:37.951+0000] {dagbag.py:545} INFO - Filling up the DagBag from /home/airflow/.local/lib/python3.12/site-packages/airflow/example_dags/example_setup_teardown.py
[2024-07-07T22:33:37.953+0000] {processor.py:840} INFO - DAG(s) 'example_setup_teardown' retrieved from /home/airflow/.local/lib/python3.12/site-packages/airflow/example_dags/example_setup_teardown.py
[2024-07-07T22:33:37.960+0000] {logging_mixin.py:188} INFO - [2024-07-07T22:33:37.960+0000] {dag.py:3096} INFO - Sync 1 DAGs
[2024-07-07T22:33:37.968+0000] {logging_mixin.py:188} INFO - [2024-07-07T22:33:37.968+0000] {dag.py:3954} INFO - Setting next_dagrun for example_setup_teardown to 2024-07-06 00:00:00+00:00, run_after=2024-07-07 00:00:00+00:00
[2024-07-07T22:33:37.973+0000] {processor.py:183} INFO - Processing /home/airflow/.local/lib/python3.12/site-packages/airflow/example_dags/example_setup_teardown.py took 0.026 seconds
