[2024-07-07T22:13:09.752+0000] {processor.py:161} INFO - Started process (PID=76) to work on /home/airflow/.local/lib/python3.12/site-packages/airflow/example_dags/example_latest_only_with_trigger.py
[2024-07-07T22:13:09.752+0000] {processor.py:830} INFO - Processing file /home/airflow/.local/lib/python3.12/site-packages/airflow/example_dags/example_latest_only_with_trigger.py for tasks to queue
[2024-07-07T22:13:09.753+0000] {logging_mixin.py:188} INFO - [2024-07-07T22:13:09.753+0000] {dagbag.py:545} INFO - Filling up the DagBag from /home/airflow/.local/lib/python3.12/site-packages/airflow/example_dags/example_latest_only_with_trigger.py
[2024-07-07T22:13:09.757+0000] {processor.py:840} INFO - DAG(s) 'latest_only_with_trigger' retrieved from /home/airflow/.local/lib/python3.12/site-packages/airflow/example_dags/example_latest_only_with_trigger.py
[2024-07-07T22:13:09.795+0000] {logging_mixin.py:188} INFO - [2024-07-07T22:13:09.795+0000] {override.py:1829} INFO - Created Permission View: can edit on DAG:latest_only_with_trigger
[2024-07-07T22:13:09.799+0000] {logging_mixin.py:188} INFO - [2024-07-07T22:13:09.799+0000] {override.py:1829} INFO - Created Permission View: can read on DAG:latest_only_with_trigger
[2024-07-07T22:13:09.800+0000] {logging_mixin.py:188} INFO - [2024-07-07T22:13:09.800+0000] {override.py:1829} INFO - Created Permission View: can delete on DAG:latest_only_with_trigger
[2024-07-07T22:13:09.801+0000] {logging_mixin.py:188} INFO - [2024-07-07T22:13:09.801+0000] {dag.py:3096} INFO - Sync 1 DAGs
[2024-07-07T22:13:09.805+0000] {logging_mixin.py:188} INFO - [2024-07-07T22:13:09.805+0000] {dag.py:3118} INFO - Creating ORM DAG for latest_only_with_trigger
[2024-07-07T22:13:09.808+0000] {logging_mixin.py:188} INFO - [2024-07-07T22:13:09.808+0000] {dag.py:3954} INFO - Setting next_dagrun for latest_only_with_trigger to 2024-07-07 16:00:00+00:00, run_after=2024-07-07 20:00:00+00:00
[2024-07-07T22:13:09.813+0000] {processor.py:183} INFO - Processing /home/airflow/.local/lib/python3.12/site-packages/airflow/example_dags/example_latest_only_with_trigger.py took 0.064 seconds
[2024-07-07T22:13:54.189+0000] {processor.py:161} INFO - Started process (PID=76) to work on /home/airflow/.local/lib/python3.12/site-packages/airflow/example_dags/example_latest_only_with_trigger.py
[2024-07-07T22:13:54.190+0000] {processor.py:830} INFO - Processing file /home/airflow/.local/lib/python3.12/site-packages/airflow/example_dags/example_latest_only_with_trigger.py for tasks to queue
[2024-07-07T22:13:54.192+0000] {logging_mixin.py:188} INFO - [2024-07-07T22:13:54.192+0000] {dagbag.py:545} INFO - Filling up the DagBag from /home/airflow/.local/lib/python3.12/site-packages/airflow/example_dags/example_latest_only_with_trigger.py
[2024-07-07T22:13:54.196+0000] {processor.py:840} INFO - DAG(s) 'latest_only_with_trigger' retrieved from /home/airflow/.local/lib/python3.12/site-packages/airflow/example_dags/example_latest_only_with_trigger.py
[2024-07-07T22:13:54.205+0000] {logging_mixin.py:188} INFO - [2024-07-07T22:13:54.205+0000] {dag.py:3096} INFO - Sync 1 DAGs
[2024-07-07T22:13:54.216+0000] {logging_mixin.py:188} INFO - [2024-07-07T22:13:54.216+0000] {dag.py:3954} INFO - Setting next_dagrun for latest_only_with_trigger to 2024-07-07 16:00:00+00:00, run_after=2024-07-07 20:00:00+00:00
[2024-07-07T22:13:54.226+0000] {processor.py:183} INFO - Processing /home/airflow/.local/lib/python3.12/site-packages/airflow/example_dags/example_latest_only_with_trigger.py took 0.041 seconds
[2024-07-07T22:14:24.332+0000] {processor.py:161} INFO - Started process (PID=128) to work on /home/airflow/.local/lib/python3.12/site-packages/airflow/example_dags/example_latest_only_with_trigger.py
[2024-07-07T22:14:24.333+0000] {processor.py:830} INFO - Processing file /home/airflow/.local/lib/python3.12/site-packages/airflow/example_dags/example_latest_only_with_trigger.py for tasks to queue
[2024-07-07T22:14:24.333+0000] {logging_mixin.py:188} INFO - [2024-07-07T22:14:24.333+0000] {dagbag.py:545} INFO - Filling up the DagBag from /home/airflow/.local/lib/python3.12/site-packages/airflow/example_dags/example_latest_only_with_trigger.py
[2024-07-07T22:14:24.336+0000] {processor.py:840} INFO - DAG(s) 'latest_only_with_trigger' retrieved from /home/airflow/.local/lib/python3.12/site-packages/airflow/example_dags/example_latest_only_with_trigger.py
[2024-07-07T22:14:24.370+0000] {logging_mixin.py:188} INFO - [2024-07-07T22:14:24.370+0000] {dag.py:3096} INFO - Sync 1 DAGs
[2024-07-07T22:14:24.376+0000] {logging_mixin.py:188} INFO - [2024-07-07T22:14:24.376+0000] {dag.py:3954} INFO - Setting next_dagrun for latest_only_with_trigger to 2024-07-07 16:00:00+00:00, run_after=2024-07-07 20:00:00+00:00
[2024-07-07T22:14:24.382+0000] {processor.py:183} INFO - Processing /home/airflow/.local/lib/python3.12/site-packages/airflow/example_dags/example_latest_only_with_trigger.py took 0.052 seconds
[2024-07-07T22:14:54.914+0000] {processor.py:161} INFO - Started process (PID=180) to work on /home/airflow/.local/lib/python3.12/site-packages/airflow/example_dags/example_latest_only_with_trigger.py
[2024-07-07T22:14:54.914+0000] {processor.py:830} INFO - Processing file /home/airflow/.local/lib/python3.12/site-packages/airflow/example_dags/example_latest_only_with_trigger.py for tasks to queue
[2024-07-07T22:14:54.915+0000] {logging_mixin.py:188} INFO - [2024-07-07T22:14:54.915+0000] {dagbag.py:545} INFO - Filling up the DagBag from /home/airflow/.local/lib/python3.12/site-packages/airflow/example_dags/example_latest_only_with_trigger.py
[2024-07-07T22:14:54.917+0000] {processor.py:840} INFO - DAG(s) 'latest_only_with_trigger' retrieved from /home/airflow/.local/lib/python3.12/site-packages/airflow/example_dags/example_latest_only_with_trigger.py
[2024-07-07T22:14:54.926+0000] {logging_mixin.py:188} INFO - [2024-07-07T22:14:54.926+0000] {dag.py:3096} INFO - Sync 1 DAGs
[2024-07-07T22:14:54.934+0000] {logging_mixin.py:188} INFO - [2024-07-07T22:14:54.933+0000] {dag.py:3954} INFO - Setting next_dagrun for latest_only_with_trigger to 2024-07-07 16:00:00+00:00, run_after=2024-07-07 20:00:00+00:00
[2024-07-07T22:14:54.940+0000] {processor.py:183} INFO - Processing /home/airflow/.local/lib/python3.12/site-packages/airflow/example_dags/example_latest_only_with_trigger.py took 0.028 seconds
[2024-07-07T22:15:25.189+0000] {processor.py:161} INFO - Started process (PID=232) to work on /home/airflow/.local/lib/python3.12/site-packages/airflow/example_dags/example_latest_only_with_trigger.py
[2024-07-07T22:15:25.189+0000] {processor.py:830} INFO - Processing file /home/airflow/.local/lib/python3.12/site-packages/airflow/example_dags/example_latest_only_with_trigger.py for tasks to queue
[2024-07-07T22:15:25.190+0000] {logging_mixin.py:188} INFO - [2024-07-07T22:15:25.190+0000] {dagbag.py:545} INFO - Filling up the DagBag from /home/airflow/.local/lib/python3.12/site-packages/airflow/example_dags/example_latest_only_with_trigger.py
[2024-07-07T22:15:25.193+0000] {processor.py:840} INFO - DAG(s) 'latest_only_with_trigger' retrieved from /home/airflow/.local/lib/python3.12/site-packages/airflow/example_dags/example_latest_only_with_trigger.py
[2024-07-07T22:15:25.200+0000] {logging_mixin.py:188} INFO - [2024-07-07T22:15:25.199+0000] {dag.py:3096} INFO - Sync 1 DAGs
[2024-07-07T22:15:25.206+0000] {logging_mixin.py:188} INFO - [2024-07-07T22:15:25.206+0000] {dag.py:3954} INFO - Setting next_dagrun for latest_only_with_trigger to 2024-07-07 16:00:00+00:00, run_after=2024-07-07 20:00:00+00:00
[2024-07-07T22:15:25.212+0000] {processor.py:183} INFO - Processing /home/airflow/.local/lib/python3.12/site-packages/airflow/example_dags/example_latest_only_with_trigger.py took 0.025 seconds
[2024-07-07T22:15:55.446+0000] {processor.py:161} INFO - Started process (PID=297) to work on /home/airflow/.local/lib/python3.12/site-packages/airflow/example_dags/example_latest_only_with_trigger.py
[2024-07-07T22:15:55.447+0000] {processor.py:830} INFO - Processing file /home/airflow/.local/lib/python3.12/site-packages/airflow/example_dags/example_latest_only_with_trigger.py for tasks to queue
[2024-07-07T22:15:55.447+0000] {logging_mixin.py:188} INFO - [2024-07-07T22:15:55.447+0000] {dagbag.py:545} INFO - Filling up the DagBag from /home/airflow/.local/lib/python3.12/site-packages/airflow/example_dags/example_latest_only_with_trigger.py
[2024-07-07T22:15:55.449+0000] {processor.py:840} INFO - DAG(s) 'latest_only_with_trigger' retrieved from /home/airflow/.local/lib/python3.12/site-packages/airflow/example_dags/example_latest_only_with_trigger.py
[2024-07-07T22:15:55.457+0000] {logging_mixin.py:188} INFO - [2024-07-07T22:15:55.457+0000] {dag.py:3096} INFO - Sync 1 DAGs
[2024-07-07T22:15:55.464+0000] {logging_mixin.py:188} INFO - [2024-07-07T22:15:55.464+0000] {dag.py:3954} INFO - Setting next_dagrun for latest_only_with_trigger to 2024-07-07 16:00:00+00:00, run_after=2024-07-07 20:00:00+00:00
[2024-07-07T22:15:55.470+0000] {processor.py:183} INFO - Processing /home/airflow/.local/lib/python3.12/site-packages/airflow/example_dags/example_latest_only_with_trigger.py took 0.026 seconds
[2024-07-07T22:16:25.639+0000] {processor.py:161} INFO - Started process (PID=357) to work on /home/airflow/.local/lib/python3.12/site-packages/airflow/example_dags/example_latest_only_with_trigger.py
[2024-07-07T22:16:25.640+0000] {processor.py:830} INFO - Processing file /home/airflow/.local/lib/python3.12/site-packages/airflow/example_dags/example_latest_only_with_trigger.py for tasks to queue
[2024-07-07T22:16:25.641+0000] {logging_mixin.py:188} INFO - [2024-07-07T22:16:25.641+0000] {dagbag.py:545} INFO - Filling up the DagBag from /home/airflow/.local/lib/python3.12/site-packages/airflow/example_dags/example_latest_only_with_trigger.py
[2024-07-07T22:16:25.643+0000] {processor.py:840} INFO - DAG(s) 'latest_only_with_trigger' retrieved from /home/airflow/.local/lib/python3.12/site-packages/airflow/example_dags/example_latest_only_with_trigger.py
[2024-07-07T22:16:25.650+0000] {logging_mixin.py:188} INFO - [2024-07-07T22:16:25.650+0000] {dag.py:3096} INFO - Sync 1 DAGs
[2024-07-07T22:16:25.657+0000] {logging_mixin.py:188} INFO - [2024-07-07T22:16:25.657+0000] {dag.py:3954} INFO - Setting next_dagrun for latest_only_with_trigger to 2024-07-07 16:00:00+00:00, run_after=2024-07-07 20:00:00+00:00
[2024-07-07T22:16:25.663+0000] {processor.py:183} INFO - Processing /home/airflow/.local/lib/python3.12/site-packages/airflow/example_dags/example_latest_only_with_trigger.py took 0.027 seconds
[2024-07-07T22:16:55.882+0000] {processor.py:161} INFO - Started process (PID=422) to work on /home/airflow/.local/lib/python3.12/site-packages/airflow/example_dags/example_latest_only_with_trigger.py
[2024-07-07T22:16:55.882+0000] {processor.py:830} INFO - Processing file /home/airflow/.local/lib/python3.12/site-packages/airflow/example_dags/example_latest_only_with_trigger.py for tasks to queue
[2024-07-07T22:16:55.883+0000] {logging_mixin.py:188} INFO - [2024-07-07T22:16:55.883+0000] {dagbag.py:545} INFO - Filling up the DagBag from /home/airflow/.local/lib/python3.12/site-packages/airflow/example_dags/example_latest_only_with_trigger.py
[2024-07-07T22:16:55.885+0000] {processor.py:840} INFO - DAG(s) 'latest_only_with_trigger' retrieved from /home/airflow/.local/lib/python3.12/site-packages/airflow/example_dags/example_latest_only_with_trigger.py
[2024-07-07T22:16:55.892+0000] {logging_mixin.py:188} INFO - [2024-07-07T22:16:55.892+0000] {dag.py:3096} INFO - Sync 1 DAGs
[2024-07-07T22:16:55.899+0000] {logging_mixin.py:188} INFO - [2024-07-07T22:16:55.899+0000] {dag.py:3954} INFO - Setting next_dagrun for latest_only_with_trigger to 2024-07-07 16:00:00+00:00, run_after=2024-07-07 20:00:00+00:00
[2024-07-07T22:16:55.905+0000] {processor.py:183} INFO - Processing /home/airflow/.local/lib/python3.12/site-packages/airflow/example_dags/example_latest_only_with_trigger.py took 0.026 seconds
[2024-07-07T22:17:26.147+0000] {processor.py:161} INFO - Started process (PID=475) to work on /home/airflow/.local/lib/python3.12/site-packages/airflow/example_dags/example_latest_only_with_trigger.py
[2024-07-07T22:17:26.147+0000] {processor.py:830} INFO - Processing file /home/airflow/.local/lib/python3.12/site-packages/airflow/example_dags/example_latest_only_with_trigger.py for tasks to queue
[2024-07-07T22:17:26.148+0000] {logging_mixin.py:188} INFO - [2024-07-07T22:17:26.148+0000] {dagbag.py:545} INFO - Filling up the DagBag from /home/airflow/.local/lib/python3.12/site-packages/airflow/example_dags/example_latest_only_with_trigger.py
[2024-07-07T22:17:26.151+0000] {processor.py:840} INFO - DAG(s) 'latest_only_with_trigger' retrieved from /home/airflow/.local/lib/python3.12/site-packages/airflow/example_dags/example_latest_only_with_trigger.py
[2024-07-07T22:17:26.159+0000] {logging_mixin.py:188} INFO - [2024-07-07T22:17:26.159+0000] {dag.py:3096} INFO - Sync 1 DAGs
[2024-07-07T22:17:26.167+0000] {logging_mixin.py:188} INFO - [2024-07-07T22:17:26.167+0000] {dag.py:3954} INFO - Setting next_dagrun for latest_only_with_trigger to 2024-07-07 16:00:00+00:00, run_after=2024-07-07 20:00:00+00:00
[2024-07-07T22:17:26.173+0000] {processor.py:183} INFO - Processing /home/airflow/.local/lib/python3.12/site-packages/airflow/example_dags/example_latest_only_with_trigger.py took 0.028 seconds
[2024-07-07T22:17:56.543+0000] {processor.py:161} INFO - Started process (PID=529) to work on /home/airflow/.local/lib/python3.12/site-packages/airflow/example_dags/example_latest_only_with_trigger.py
[2024-07-07T22:17:56.543+0000] {processor.py:830} INFO - Processing file /home/airflow/.local/lib/python3.12/site-packages/airflow/example_dags/example_latest_only_with_trigger.py for tasks to queue
[2024-07-07T22:17:56.544+0000] {logging_mixin.py:188} INFO - [2024-07-07T22:17:56.544+0000] {dagbag.py:545} INFO - Filling up the DagBag from /home/airflow/.local/lib/python3.12/site-packages/airflow/example_dags/example_latest_only_with_trigger.py
[2024-07-07T22:17:56.546+0000] {processor.py:840} INFO - DAG(s) 'latest_only_with_trigger' retrieved from /home/airflow/.local/lib/python3.12/site-packages/airflow/example_dags/example_latest_only_with_trigger.py
[2024-07-07T22:17:56.554+0000] {logging_mixin.py:188} INFO - [2024-07-07T22:17:56.554+0000] {dag.py:3096} INFO - Sync 1 DAGs
[2024-07-07T22:17:56.562+0000] {logging_mixin.py:188} INFO - [2024-07-07T22:17:56.562+0000] {dag.py:3954} INFO - Setting next_dagrun for latest_only_with_trigger to 2024-07-07 16:00:00+00:00, run_after=2024-07-07 20:00:00+00:00
[2024-07-07T22:17:56.569+0000] {processor.py:183} INFO - Processing /home/airflow/.local/lib/python3.12/site-packages/airflow/example_dags/example_latest_only_with_trigger.py took 0.028 seconds
[2024-07-07T22:18:26.970+0000] {processor.py:161} INFO - Started process (PID=581) to work on /home/airflow/.local/lib/python3.12/site-packages/airflow/example_dags/example_latest_only_with_trigger.py
[2024-07-07T22:18:26.971+0000] {processor.py:830} INFO - Processing file /home/airflow/.local/lib/python3.12/site-packages/airflow/example_dags/example_latest_only_with_trigger.py for tasks to queue
[2024-07-07T22:18:26.971+0000] {logging_mixin.py:188} INFO - [2024-07-07T22:18:26.971+0000] {dagbag.py:545} INFO - Filling up the DagBag from /home/airflow/.local/lib/python3.12/site-packages/airflow/example_dags/example_latest_only_with_trigger.py
[2024-07-07T22:18:26.973+0000] {processor.py:840} INFO - DAG(s) 'latest_only_with_trigger' retrieved from /home/airflow/.local/lib/python3.12/site-packages/airflow/example_dags/example_latest_only_with_trigger.py
[2024-07-07T22:18:26.980+0000] {logging_mixin.py:188} INFO - [2024-07-07T22:18:26.980+0000] {dag.py:3096} INFO - Sync 1 DAGs
[2024-07-07T22:18:26.987+0000] {logging_mixin.py:188} INFO - [2024-07-07T22:18:26.987+0000] {dag.py:3954} INFO - Setting next_dagrun for latest_only_with_trigger to 2024-07-07 16:00:00+00:00, run_after=2024-07-07 20:00:00+00:00
[2024-07-07T22:18:26.992+0000] {processor.py:183} INFO - Processing /home/airflow/.local/lib/python3.12/site-packages/airflow/example_dags/example_latest_only_with_trigger.py took 0.024 seconds
[2024-07-07T22:18:57.278+0000] {processor.py:161} INFO - Started process (PID=633) to work on /home/airflow/.local/lib/python3.12/site-packages/airflow/example_dags/example_latest_only_with_trigger.py
[2024-07-07T22:18:57.279+0000] {processor.py:830} INFO - Processing file /home/airflow/.local/lib/python3.12/site-packages/airflow/example_dags/example_latest_only_with_trigger.py for tasks to queue
[2024-07-07T22:18:57.280+0000] {logging_mixin.py:188} INFO - [2024-07-07T22:18:57.279+0000] {dagbag.py:545} INFO - Filling up the DagBag from /home/airflow/.local/lib/python3.12/site-packages/airflow/example_dags/example_latest_only_with_trigger.py
[2024-07-07T22:18:57.282+0000] {processor.py:840} INFO - DAG(s) 'latest_only_with_trigger' retrieved from /home/airflow/.local/lib/python3.12/site-packages/airflow/example_dags/example_latest_only_with_trigger.py
[2024-07-07T22:18:57.289+0000] {logging_mixin.py:188} INFO - [2024-07-07T22:18:57.289+0000] {dag.py:3096} INFO - Sync 1 DAGs
[2024-07-07T22:18:57.295+0000] {logging_mixin.py:188} INFO - [2024-07-07T22:18:57.295+0000] {dag.py:3954} INFO - Setting next_dagrun for latest_only_with_trigger to 2024-07-07 16:00:00+00:00, run_after=2024-07-07 20:00:00+00:00
[2024-07-07T22:18:57.301+0000] {processor.py:183} INFO - Processing /home/airflow/.local/lib/python3.12/site-packages/airflow/example_dags/example_latest_only_with_trigger.py took 0.024 seconds
[2024-07-07T22:19:27.570+0000] {processor.py:161} INFO - Started process (PID=685) to work on /home/airflow/.local/lib/python3.12/site-packages/airflow/example_dags/example_latest_only_with_trigger.py
[2024-07-07T22:19:27.570+0000] {processor.py:830} INFO - Processing file /home/airflow/.local/lib/python3.12/site-packages/airflow/example_dags/example_latest_only_with_trigger.py for tasks to queue
[2024-07-07T22:19:27.571+0000] {logging_mixin.py:188} INFO - [2024-07-07T22:19:27.571+0000] {dagbag.py:545} INFO - Filling up the DagBag from /home/airflow/.local/lib/python3.12/site-packages/airflow/example_dags/example_latest_only_with_trigger.py
[2024-07-07T22:19:27.573+0000] {processor.py:840} INFO - DAG(s) 'latest_only_with_trigger' retrieved from /home/airflow/.local/lib/python3.12/site-packages/airflow/example_dags/example_latest_only_with_trigger.py
[2024-07-07T22:19:27.580+0000] {logging_mixin.py:188} INFO - [2024-07-07T22:19:27.580+0000] {dag.py:3096} INFO - Sync 1 DAGs
[2024-07-07T22:19:27.587+0000] {logging_mixin.py:188} INFO - [2024-07-07T22:19:27.587+0000] {dag.py:3954} INFO - Setting next_dagrun for latest_only_with_trigger to 2024-07-07 16:00:00+00:00, run_after=2024-07-07 20:00:00+00:00
[2024-07-07T22:19:27.593+0000] {processor.py:183} INFO - Processing /home/airflow/.local/lib/python3.12/site-packages/airflow/example_dags/example_latest_only_with_trigger.py took 0.025 seconds
[2024-07-07T22:19:57.884+0000] {processor.py:161} INFO - Started process (PID=737) to work on /home/airflow/.local/lib/python3.12/site-packages/airflow/example_dags/example_latest_only_with_trigger.py
[2024-07-07T22:19:57.884+0000] {processor.py:830} INFO - Processing file /home/airflow/.local/lib/python3.12/site-packages/airflow/example_dags/example_latest_only_with_trigger.py for tasks to queue
[2024-07-07T22:19:57.885+0000] {logging_mixin.py:188} INFO - [2024-07-07T22:19:57.885+0000] {dagbag.py:545} INFO - Filling up the DagBag from /home/airflow/.local/lib/python3.12/site-packages/airflow/example_dags/example_latest_only_with_trigger.py
[2024-07-07T22:19:57.887+0000] {processor.py:840} INFO - DAG(s) 'latest_only_with_trigger' retrieved from /home/airflow/.local/lib/python3.12/site-packages/airflow/example_dags/example_latest_only_with_trigger.py
[2024-07-07T22:19:57.895+0000] {logging_mixin.py:188} INFO - [2024-07-07T22:19:57.895+0000] {dag.py:3096} INFO - Sync 1 DAGs
[2024-07-07T22:19:57.903+0000] {logging_mixin.py:188} INFO - [2024-07-07T22:19:57.903+0000] {dag.py:3954} INFO - Setting next_dagrun for latest_only_with_trigger to 2024-07-07 16:00:00+00:00, run_after=2024-07-07 20:00:00+00:00
[2024-07-07T22:19:57.909+0000] {processor.py:183} INFO - Processing /home/airflow/.local/lib/python3.12/site-packages/airflow/example_dags/example_latest_only_with_trigger.py took 0.027 seconds
[2024-07-07T22:20:28.137+0000] {processor.py:161} INFO - Started process (PID=789) to work on /home/airflow/.local/lib/python3.12/site-packages/airflow/example_dags/example_latest_only_with_trigger.py
[2024-07-07T22:20:28.138+0000] {processor.py:830} INFO - Processing file /home/airflow/.local/lib/python3.12/site-packages/airflow/example_dags/example_latest_only_with_trigger.py for tasks to queue
[2024-07-07T22:20:28.138+0000] {logging_mixin.py:188} INFO - [2024-07-07T22:20:28.138+0000] {dagbag.py:545} INFO - Filling up the DagBag from /home/airflow/.local/lib/python3.12/site-packages/airflow/example_dags/example_latest_only_with_trigger.py
[2024-07-07T22:20:28.141+0000] {processor.py:840} INFO - DAG(s) 'latest_only_with_trigger' retrieved from /home/airflow/.local/lib/python3.12/site-packages/airflow/example_dags/example_latest_only_with_trigger.py
[2024-07-07T22:20:28.148+0000] {logging_mixin.py:188} INFO - [2024-07-07T22:20:28.148+0000] {dag.py:3096} INFO - Sync 1 DAGs
[2024-07-07T22:20:28.155+0000] {logging_mixin.py:188} INFO - [2024-07-07T22:20:28.155+0000] {dag.py:3954} INFO - Setting next_dagrun for latest_only_with_trigger to 2024-07-07 16:00:00+00:00, run_after=2024-07-07 20:00:00+00:00
[2024-07-07T22:20:28.162+0000] {processor.py:183} INFO - Processing /home/airflow/.local/lib/python3.12/site-packages/airflow/example_dags/example_latest_only_with_trigger.py took 0.028 seconds
[2024-07-07T22:20:58.444+0000] {processor.py:161} INFO - Started process (PID=841) to work on /home/airflow/.local/lib/python3.12/site-packages/airflow/example_dags/example_latest_only_with_trigger.py
[2024-07-07T22:20:58.444+0000] {processor.py:830} INFO - Processing file /home/airflow/.local/lib/python3.12/site-packages/airflow/example_dags/example_latest_only_with_trigger.py for tasks to queue
[2024-07-07T22:20:58.445+0000] {logging_mixin.py:188} INFO - [2024-07-07T22:20:58.445+0000] {dagbag.py:545} INFO - Filling up the DagBag from /home/airflow/.local/lib/python3.12/site-packages/airflow/example_dags/example_latest_only_with_trigger.py
[2024-07-07T22:20:58.447+0000] {processor.py:840} INFO - DAG(s) 'latest_only_with_trigger' retrieved from /home/airflow/.local/lib/python3.12/site-packages/airflow/example_dags/example_latest_only_with_trigger.py
[2024-07-07T22:20:58.454+0000] {logging_mixin.py:188} INFO - [2024-07-07T22:20:58.454+0000] {dag.py:3096} INFO - Sync 1 DAGs
[2024-07-07T22:20:58.460+0000] {logging_mixin.py:188} INFO - [2024-07-07T22:20:58.460+0000] {dag.py:3954} INFO - Setting next_dagrun for latest_only_with_trigger to 2024-07-07 16:00:00+00:00, run_after=2024-07-07 20:00:00+00:00
[2024-07-07T22:20:58.466+0000] {processor.py:183} INFO - Processing /home/airflow/.local/lib/python3.12/site-packages/airflow/example_dags/example_latest_only_with_trigger.py took 0.024 seconds
[2024-07-07T22:21:28.822+0000] {processor.py:161} INFO - Started process (PID=893) to work on /home/airflow/.local/lib/python3.12/site-packages/airflow/example_dags/example_latest_only_with_trigger.py
[2024-07-07T22:21:28.822+0000] {processor.py:830} INFO - Processing file /home/airflow/.local/lib/python3.12/site-packages/airflow/example_dags/example_latest_only_with_trigger.py for tasks to queue
[2024-07-07T22:21:28.823+0000] {logging_mixin.py:188} INFO - [2024-07-07T22:21:28.822+0000] {dagbag.py:545} INFO - Filling up the DagBag from /home/airflow/.local/lib/python3.12/site-packages/airflow/example_dags/example_latest_only_with_trigger.py
[2024-07-07T22:21:28.824+0000] {processor.py:840} INFO - DAG(s) 'latest_only_with_trigger' retrieved from /home/airflow/.local/lib/python3.12/site-packages/airflow/example_dags/example_latest_only_with_trigger.py
[2024-07-07T22:21:28.832+0000] {logging_mixin.py:188} INFO - [2024-07-07T22:21:28.832+0000] {dag.py:3096} INFO - Sync 1 DAGs
[2024-07-07T22:21:28.838+0000] {logging_mixin.py:188} INFO - [2024-07-07T22:21:28.838+0000] {dag.py:3954} INFO - Setting next_dagrun for latest_only_with_trigger to 2024-07-07 16:00:00+00:00, run_after=2024-07-07 20:00:00+00:00
[2024-07-07T22:21:28.843+0000] {processor.py:183} INFO - Processing /home/airflow/.local/lib/python3.12/site-packages/airflow/example_dags/example_latest_only_with_trigger.py took 0.024 seconds
[2024-07-07T22:21:59.104+0000] {processor.py:161} INFO - Started process (PID=945) to work on /home/airflow/.local/lib/python3.12/site-packages/airflow/example_dags/example_latest_only_with_trigger.py
[2024-07-07T22:21:59.105+0000] {processor.py:830} INFO - Processing file /home/airflow/.local/lib/python3.12/site-packages/airflow/example_dags/example_latest_only_with_trigger.py for tasks to queue
[2024-07-07T22:21:59.106+0000] {logging_mixin.py:188} INFO - [2024-07-07T22:21:59.105+0000] {dagbag.py:545} INFO - Filling up the DagBag from /home/airflow/.local/lib/python3.12/site-packages/airflow/example_dags/example_latest_only_with_trigger.py
[2024-07-07T22:21:59.108+0000] {processor.py:840} INFO - DAG(s) 'latest_only_with_trigger' retrieved from /home/airflow/.local/lib/python3.12/site-packages/airflow/example_dags/example_latest_only_with_trigger.py
[2024-07-07T22:21:59.116+0000] {logging_mixin.py:188} INFO - [2024-07-07T22:21:59.115+0000] {dag.py:3096} INFO - Sync 1 DAGs
[2024-07-07T22:21:59.123+0000] {logging_mixin.py:188} INFO - [2024-07-07T22:21:59.123+0000] {dag.py:3954} INFO - Setting next_dagrun for latest_only_with_trigger to 2024-07-07 16:00:00+00:00, run_after=2024-07-07 20:00:00+00:00
[2024-07-07T22:21:59.129+0000] {processor.py:183} INFO - Processing /home/airflow/.local/lib/python3.12/site-packages/airflow/example_dags/example_latest_only_with_trigger.py took 0.027 seconds
[2024-07-07T22:22:29.493+0000] {processor.py:161} INFO - Started process (PID=997) to work on /home/airflow/.local/lib/python3.12/site-packages/airflow/example_dags/example_latest_only_with_trigger.py
[2024-07-07T22:22:29.493+0000] {processor.py:830} INFO - Processing file /home/airflow/.local/lib/python3.12/site-packages/airflow/example_dags/example_latest_only_with_trigger.py for tasks to queue
[2024-07-07T22:22:29.494+0000] {logging_mixin.py:188} INFO - [2024-07-07T22:22:29.493+0000] {dagbag.py:545} INFO - Filling up the DagBag from /home/airflow/.local/lib/python3.12/site-packages/airflow/example_dags/example_latest_only_with_trigger.py
[2024-07-07T22:22:29.496+0000] {processor.py:840} INFO - DAG(s) 'latest_only_with_trigger' retrieved from /home/airflow/.local/lib/python3.12/site-packages/airflow/example_dags/example_latest_only_with_trigger.py
[2024-07-07T22:22:29.504+0000] {logging_mixin.py:188} INFO - [2024-07-07T22:22:29.504+0000] {dag.py:3096} INFO - Sync 1 DAGs
[2024-07-07T22:22:29.511+0000] {logging_mixin.py:188} INFO - [2024-07-07T22:22:29.511+0000] {dag.py:3954} INFO - Setting next_dagrun for latest_only_with_trigger to 2024-07-07 16:00:00+00:00, run_after=2024-07-07 20:00:00+00:00
[2024-07-07T22:22:29.517+0000] {processor.py:183} INFO - Processing /home/airflow/.local/lib/python3.12/site-packages/airflow/example_dags/example_latest_only_with_trigger.py took 0.026 seconds
[2024-07-07T22:22:59.846+0000] {processor.py:161} INFO - Started process (PID=1049) to work on /home/airflow/.local/lib/python3.12/site-packages/airflow/example_dags/example_latest_only_with_trigger.py
[2024-07-07T22:22:59.847+0000] {processor.py:830} INFO - Processing file /home/airflow/.local/lib/python3.12/site-packages/airflow/example_dags/example_latest_only_with_trigger.py for tasks to queue
[2024-07-07T22:22:59.847+0000] {logging_mixin.py:188} INFO - [2024-07-07T22:22:59.847+0000] {dagbag.py:545} INFO - Filling up the DagBag from /home/airflow/.local/lib/python3.12/site-packages/airflow/example_dags/example_latest_only_with_trigger.py
[2024-07-07T22:22:59.850+0000] {processor.py:840} INFO - DAG(s) 'latest_only_with_trigger' retrieved from /home/airflow/.local/lib/python3.12/site-packages/airflow/example_dags/example_latest_only_with_trigger.py
[2024-07-07T22:22:59.860+0000] {logging_mixin.py:188} INFO - [2024-07-07T22:22:59.860+0000] {dag.py:3096} INFO - Sync 1 DAGs
[2024-07-07T22:22:59.870+0000] {logging_mixin.py:188} INFO - [2024-07-07T22:22:59.870+0000] {dag.py:3954} INFO - Setting next_dagrun for latest_only_with_trigger to 2024-07-07 16:00:00+00:00, run_after=2024-07-07 20:00:00+00:00
[2024-07-07T22:22:59.878+0000] {processor.py:183} INFO - Processing /home/airflow/.local/lib/python3.12/site-packages/airflow/example_dags/example_latest_only_with_trigger.py took 0.034 seconds
[2024-07-07T22:23:30.138+0000] {processor.py:161} INFO - Started process (PID=1101) to work on /home/airflow/.local/lib/python3.12/site-packages/airflow/example_dags/example_latest_only_with_trigger.py
[2024-07-07T22:23:30.139+0000] {processor.py:830} INFO - Processing file /home/airflow/.local/lib/python3.12/site-packages/airflow/example_dags/example_latest_only_with_trigger.py for tasks to queue
[2024-07-07T22:23:30.139+0000] {logging_mixin.py:188} INFO - [2024-07-07T22:23:30.139+0000] {dagbag.py:545} INFO - Filling up the DagBag from /home/airflow/.local/lib/python3.12/site-packages/airflow/example_dags/example_latest_only_with_trigger.py
[2024-07-07T22:23:30.141+0000] {processor.py:840} INFO - DAG(s) 'latest_only_with_trigger' retrieved from /home/airflow/.local/lib/python3.12/site-packages/airflow/example_dags/example_latest_only_with_trigger.py
[2024-07-07T22:23:30.149+0000] {logging_mixin.py:188} INFO - [2024-07-07T22:23:30.148+0000] {dag.py:3096} INFO - Sync 1 DAGs
[2024-07-07T22:23:30.155+0000] {logging_mixin.py:188} INFO - [2024-07-07T22:23:30.155+0000] {dag.py:3954} INFO - Setting next_dagrun for latest_only_with_trigger to 2024-07-07 16:00:00+00:00, run_after=2024-07-07 20:00:00+00:00
[2024-07-07T22:23:30.160+0000] {processor.py:183} INFO - Processing /home/airflow/.local/lib/python3.12/site-packages/airflow/example_dags/example_latest_only_with_trigger.py took 0.024 seconds
[2024-07-07T22:24:00.510+0000] {processor.py:161} INFO - Started process (PID=1153) to work on /home/airflow/.local/lib/python3.12/site-packages/airflow/example_dags/example_latest_only_with_trigger.py
[2024-07-07T22:24:00.511+0000] {processor.py:830} INFO - Processing file /home/airflow/.local/lib/python3.12/site-packages/airflow/example_dags/example_latest_only_with_trigger.py for tasks to queue
[2024-07-07T22:24:00.512+0000] {logging_mixin.py:188} INFO - [2024-07-07T22:24:00.511+0000] {dagbag.py:545} INFO - Filling up the DagBag from /home/airflow/.local/lib/python3.12/site-packages/airflow/example_dags/example_latest_only_with_trigger.py
[2024-07-07T22:24:00.514+0000] {processor.py:840} INFO - DAG(s) 'latest_only_with_trigger' retrieved from /home/airflow/.local/lib/python3.12/site-packages/airflow/example_dags/example_latest_only_with_trigger.py
[2024-07-07T22:24:00.521+0000] {logging_mixin.py:188} INFO - [2024-07-07T22:24:00.521+0000] {dag.py:3096} INFO - Sync 1 DAGs
[2024-07-07T22:24:00.528+0000] {logging_mixin.py:188} INFO - [2024-07-07T22:24:00.528+0000] {dag.py:3954} INFO - Setting next_dagrun for latest_only_with_trigger to 2024-07-07 16:00:00+00:00, run_after=2024-07-07 20:00:00+00:00
[2024-07-07T22:24:00.534+0000] {processor.py:183} INFO - Processing /home/airflow/.local/lib/python3.12/site-packages/airflow/example_dags/example_latest_only_with_trigger.py took 0.025 seconds
[2024-07-07T22:24:30.854+0000] {processor.py:161} INFO - Started process (PID=1205) to work on /home/airflow/.local/lib/python3.12/site-packages/airflow/example_dags/example_latest_only_with_trigger.py
[2024-07-07T22:24:30.854+0000] {processor.py:830} INFO - Processing file /home/airflow/.local/lib/python3.12/site-packages/airflow/example_dags/example_latest_only_with_trigger.py for tasks to queue
[2024-07-07T22:24:30.855+0000] {logging_mixin.py:188} INFO - [2024-07-07T22:24:30.855+0000] {dagbag.py:545} INFO - Filling up the DagBag from /home/airflow/.local/lib/python3.12/site-packages/airflow/example_dags/example_latest_only_with_trigger.py
[2024-07-07T22:24:30.857+0000] {processor.py:840} INFO - DAG(s) 'latest_only_with_trigger' retrieved from /home/airflow/.local/lib/python3.12/site-packages/airflow/example_dags/example_latest_only_with_trigger.py
[2024-07-07T22:24:30.864+0000] {logging_mixin.py:188} INFO - [2024-07-07T22:24:30.864+0000] {dag.py:3096} INFO - Sync 1 DAGs
[2024-07-07T22:24:30.870+0000] {logging_mixin.py:188} INFO - [2024-07-07T22:24:30.870+0000] {dag.py:3954} INFO - Setting next_dagrun for latest_only_with_trigger to 2024-07-07 16:00:00+00:00, run_after=2024-07-07 20:00:00+00:00
[2024-07-07T22:24:30.876+0000] {processor.py:183} INFO - Processing /home/airflow/.local/lib/python3.12/site-packages/airflow/example_dags/example_latest_only_with_trigger.py took 0.024 seconds
[2024-07-07T22:25:01.456+0000] {processor.py:161} INFO - Started process (PID=1257) to work on /home/airflow/.local/lib/python3.12/site-packages/airflow/example_dags/example_latest_only_with_trigger.py
[2024-07-07T22:25:01.456+0000] {processor.py:830} INFO - Processing file /home/airflow/.local/lib/python3.12/site-packages/airflow/example_dags/example_latest_only_with_trigger.py for tasks to queue
[2024-07-07T22:25:01.457+0000] {logging_mixin.py:188} INFO - [2024-07-07T22:25:01.457+0000] {dagbag.py:545} INFO - Filling up the DagBag from /home/airflow/.local/lib/python3.12/site-packages/airflow/example_dags/example_latest_only_with_trigger.py
[2024-07-07T22:25:01.459+0000] {processor.py:840} INFO - DAG(s) 'latest_only_with_trigger' retrieved from /home/airflow/.local/lib/python3.12/site-packages/airflow/example_dags/example_latest_only_with_trigger.py
[2024-07-07T22:25:01.467+0000] {logging_mixin.py:188} INFO - [2024-07-07T22:25:01.467+0000] {dag.py:3096} INFO - Sync 1 DAGs
[2024-07-07T22:25:01.474+0000] {logging_mixin.py:188} INFO - [2024-07-07T22:25:01.474+0000] {dag.py:3954} INFO - Setting next_dagrun for latest_only_with_trigger to 2024-07-07 16:00:00+00:00, run_after=2024-07-07 20:00:00+00:00
[2024-07-07T22:25:01.481+0000] {processor.py:183} INFO - Processing /home/airflow/.local/lib/python3.12/site-packages/airflow/example_dags/example_latest_only_with_trigger.py took 0.027 seconds
[2024-07-07T22:25:31.854+0000] {processor.py:161} INFO - Started process (PID=1309) to work on /home/airflow/.local/lib/python3.12/site-packages/airflow/example_dags/example_latest_only_with_trigger.py
[2024-07-07T22:25:31.854+0000] {processor.py:830} INFO - Processing file /home/airflow/.local/lib/python3.12/site-packages/airflow/example_dags/example_latest_only_with_trigger.py for tasks to queue
[2024-07-07T22:25:31.855+0000] {logging_mixin.py:188} INFO - [2024-07-07T22:25:31.855+0000] {dagbag.py:545} INFO - Filling up the DagBag from /home/airflow/.local/lib/python3.12/site-packages/airflow/example_dags/example_latest_only_with_trigger.py
[2024-07-07T22:25:31.857+0000] {processor.py:840} INFO - DAG(s) 'latest_only_with_trigger' retrieved from /home/airflow/.local/lib/python3.12/site-packages/airflow/example_dags/example_latest_only_with_trigger.py
[2024-07-07T22:25:31.865+0000] {logging_mixin.py:188} INFO - [2024-07-07T22:25:31.865+0000] {dag.py:3096} INFO - Sync 1 DAGs
[2024-07-07T22:25:31.872+0000] {logging_mixin.py:188} INFO - [2024-07-07T22:25:31.872+0000] {dag.py:3954} INFO - Setting next_dagrun for latest_only_with_trigger to 2024-07-07 16:00:00+00:00, run_after=2024-07-07 20:00:00+00:00
[2024-07-07T22:25:31.878+0000] {processor.py:183} INFO - Processing /home/airflow/.local/lib/python3.12/site-packages/airflow/example_dags/example_latest_only_with_trigger.py took 0.027 seconds
[2024-07-07T22:26:02.431+0000] {processor.py:161} INFO - Started process (PID=1361) to work on /home/airflow/.local/lib/python3.12/site-packages/airflow/example_dags/example_latest_only_with_trigger.py
[2024-07-07T22:26:02.432+0000] {processor.py:830} INFO - Processing file /home/airflow/.local/lib/python3.12/site-packages/airflow/example_dags/example_latest_only_with_trigger.py for tasks to queue
[2024-07-07T22:26:02.432+0000] {logging_mixin.py:188} INFO - [2024-07-07T22:26:02.432+0000] {dagbag.py:545} INFO - Filling up the DagBag from /home/airflow/.local/lib/python3.12/site-packages/airflow/example_dags/example_latest_only_with_trigger.py
[2024-07-07T22:26:02.436+0000] {processor.py:840} INFO - DAG(s) 'latest_only_with_trigger' retrieved from /home/airflow/.local/lib/python3.12/site-packages/airflow/example_dags/example_latest_only_with_trigger.py
[2024-07-07T22:26:02.446+0000] {logging_mixin.py:188} INFO - [2024-07-07T22:26:02.446+0000] {dag.py:3096} INFO - Sync 1 DAGs
[2024-07-07T22:26:02.455+0000] {logging_mixin.py:188} INFO - [2024-07-07T22:26:02.455+0000] {dag.py:3954} INFO - Setting next_dagrun for latest_only_with_trigger to 2024-07-07 16:00:00+00:00, run_after=2024-07-07 20:00:00+00:00
[2024-07-07T22:26:02.463+0000] {processor.py:183} INFO - Processing /home/airflow/.local/lib/python3.12/site-packages/airflow/example_dags/example_latest_only_with_trigger.py took 0.034 seconds
[2024-07-07T22:26:32.734+0000] {processor.py:161} INFO - Started process (PID=1413) to work on /home/airflow/.local/lib/python3.12/site-packages/airflow/example_dags/example_latest_only_with_trigger.py
[2024-07-07T22:26:32.734+0000] {processor.py:830} INFO - Processing file /home/airflow/.local/lib/python3.12/site-packages/airflow/example_dags/example_latest_only_with_trigger.py for tasks to queue
[2024-07-07T22:26:32.735+0000] {logging_mixin.py:188} INFO - [2024-07-07T22:26:32.735+0000] {dagbag.py:545} INFO - Filling up the DagBag from /home/airflow/.local/lib/python3.12/site-packages/airflow/example_dags/example_latest_only_with_trigger.py
[2024-07-07T22:26:32.737+0000] {processor.py:840} INFO - DAG(s) 'latest_only_with_trigger' retrieved from /home/airflow/.local/lib/python3.12/site-packages/airflow/example_dags/example_latest_only_with_trigger.py
[2024-07-07T22:26:32.744+0000] {logging_mixin.py:188} INFO - [2024-07-07T22:26:32.744+0000] {dag.py:3096} INFO - Sync 1 DAGs
[2024-07-07T22:26:32.750+0000] {logging_mixin.py:188} INFO - [2024-07-07T22:26:32.750+0000] {dag.py:3954} INFO - Setting next_dagrun for latest_only_with_trigger to 2024-07-07 16:00:00+00:00, run_after=2024-07-07 20:00:00+00:00
[2024-07-07T22:26:32.755+0000] {processor.py:183} INFO - Processing /home/airflow/.local/lib/python3.12/site-packages/airflow/example_dags/example_latest_only_with_trigger.py took 0.023 seconds
[2024-07-07T22:27:03.006+0000] {processor.py:161} INFO - Started process (PID=1465) to work on /home/airflow/.local/lib/python3.12/site-packages/airflow/example_dags/example_latest_only_with_trigger.py
[2024-07-07T22:27:03.006+0000] {processor.py:830} INFO - Processing file /home/airflow/.local/lib/python3.12/site-packages/airflow/example_dags/example_latest_only_with_trigger.py for tasks to queue
[2024-07-07T22:27:03.007+0000] {logging_mixin.py:188} INFO - [2024-07-07T22:27:03.007+0000] {dagbag.py:545} INFO - Filling up the DagBag from /home/airflow/.local/lib/python3.12/site-packages/airflow/example_dags/example_latest_only_with_trigger.py
[2024-07-07T22:27:03.009+0000] {processor.py:840} INFO - DAG(s) 'latest_only_with_trigger' retrieved from /home/airflow/.local/lib/python3.12/site-packages/airflow/example_dags/example_latest_only_with_trigger.py
[2024-07-07T22:27:03.017+0000] {logging_mixin.py:188} INFO - [2024-07-07T22:27:03.017+0000] {dag.py:3096} INFO - Sync 1 DAGs
[2024-07-07T22:27:03.024+0000] {logging_mixin.py:188} INFO - [2024-07-07T22:27:03.024+0000] {dag.py:3954} INFO - Setting next_dagrun for latest_only_with_trigger to 2024-07-07 16:00:00+00:00, run_after=2024-07-07 20:00:00+00:00
[2024-07-07T22:27:03.029+0000] {processor.py:183} INFO - Processing /home/airflow/.local/lib/python3.12/site-packages/airflow/example_dags/example_latest_only_with_trigger.py took 0.026 seconds
[2024-07-07T22:27:33.261+0000] {processor.py:161} INFO - Started process (PID=1517) to work on /home/airflow/.local/lib/python3.12/site-packages/airflow/example_dags/example_latest_only_with_trigger.py
[2024-07-07T22:27:33.262+0000] {processor.py:830} INFO - Processing file /home/airflow/.local/lib/python3.12/site-packages/airflow/example_dags/example_latest_only_with_trigger.py for tasks to queue
[2024-07-07T22:27:33.262+0000] {logging_mixin.py:188} INFO - [2024-07-07T22:27:33.262+0000] {dagbag.py:545} INFO - Filling up the DagBag from /home/airflow/.local/lib/python3.12/site-packages/airflow/example_dags/example_latest_only_with_trigger.py
[2024-07-07T22:27:33.265+0000] {processor.py:840} INFO - DAG(s) 'latest_only_with_trigger' retrieved from /home/airflow/.local/lib/python3.12/site-packages/airflow/example_dags/example_latest_only_with_trigger.py
[2024-07-07T22:27:33.273+0000] {logging_mixin.py:188} INFO - [2024-07-07T22:27:33.273+0000] {dag.py:3096} INFO - Sync 1 DAGs
[2024-07-07T22:27:33.280+0000] {logging_mixin.py:188} INFO - [2024-07-07T22:27:33.280+0000] {dag.py:3954} INFO - Setting next_dagrun for latest_only_with_trigger to 2024-07-07 16:00:00+00:00, run_after=2024-07-07 20:00:00+00:00
[2024-07-07T22:27:33.286+0000] {processor.py:183} INFO - Processing /home/airflow/.local/lib/python3.12/site-packages/airflow/example_dags/example_latest_only_with_trigger.py took 0.027 seconds
[2024-07-07T22:28:03.527+0000] {processor.py:161} INFO - Started process (PID=1569) to work on /home/airflow/.local/lib/python3.12/site-packages/airflow/example_dags/example_latest_only_with_trigger.py
[2024-07-07T22:28:03.527+0000] {processor.py:830} INFO - Processing file /home/airflow/.local/lib/python3.12/site-packages/airflow/example_dags/example_latest_only_with_trigger.py for tasks to queue
[2024-07-07T22:28:03.528+0000] {logging_mixin.py:188} INFO - [2024-07-07T22:28:03.528+0000] {dagbag.py:545} INFO - Filling up the DagBag from /home/airflow/.local/lib/python3.12/site-packages/airflow/example_dags/example_latest_only_with_trigger.py
[2024-07-07T22:28:03.530+0000] {processor.py:840} INFO - DAG(s) 'latest_only_with_trigger' retrieved from /home/airflow/.local/lib/python3.12/site-packages/airflow/example_dags/example_latest_only_with_trigger.py
[2024-07-07T22:28:03.537+0000] {logging_mixin.py:188} INFO - [2024-07-07T22:28:03.537+0000] {dag.py:3096} INFO - Sync 1 DAGs
[2024-07-07T22:28:03.544+0000] {logging_mixin.py:188} INFO - [2024-07-07T22:28:03.544+0000] {dag.py:3954} INFO - Setting next_dagrun for latest_only_with_trigger to 2024-07-07 16:00:00+00:00, run_after=2024-07-07 20:00:00+00:00
[2024-07-07T22:28:03.551+0000] {processor.py:183} INFO - Processing /home/airflow/.local/lib/python3.12/site-packages/airflow/example_dags/example_latest_only_with_trigger.py took 0.026 seconds
[2024-07-07T22:28:33.789+0000] {processor.py:161} INFO - Started process (PID=1621) to work on /home/airflow/.local/lib/python3.12/site-packages/airflow/example_dags/example_latest_only_with_trigger.py
[2024-07-07T22:28:33.789+0000] {processor.py:830} INFO - Processing file /home/airflow/.local/lib/python3.12/site-packages/airflow/example_dags/example_latest_only_with_trigger.py for tasks to queue
[2024-07-07T22:28:33.790+0000] {logging_mixin.py:188} INFO - [2024-07-07T22:28:33.789+0000] {dagbag.py:545} INFO - Filling up the DagBag from /home/airflow/.local/lib/python3.12/site-packages/airflow/example_dags/example_latest_only_with_trigger.py
[2024-07-07T22:28:33.792+0000] {processor.py:840} INFO - DAG(s) 'latest_only_with_trigger' retrieved from /home/airflow/.local/lib/python3.12/site-packages/airflow/example_dags/example_latest_only_with_trigger.py
[2024-07-07T22:28:33.799+0000] {logging_mixin.py:188} INFO - [2024-07-07T22:28:33.799+0000] {dag.py:3096} INFO - Sync 1 DAGs
[2024-07-07T22:28:33.806+0000] {logging_mixin.py:188} INFO - [2024-07-07T22:28:33.805+0000] {dag.py:3954} INFO - Setting next_dagrun for latest_only_with_trigger to 2024-07-07 16:00:00+00:00, run_after=2024-07-07 20:00:00+00:00
[2024-07-07T22:28:33.811+0000] {processor.py:183} INFO - Processing /home/airflow/.local/lib/python3.12/site-packages/airflow/example_dags/example_latest_only_with_trigger.py took 0.025 seconds
[2024-07-07T22:29:04.064+0000] {processor.py:161} INFO - Started process (PID=1673) to work on /home/airflow/.local/lib/python3.12/site-packages/airflow/example_dags/example_latest_only_with_trigger.py
[2024-07-07T22:29:04.065+0000] {processor.py:830} INFO - Processing file /home/airflow/.local/lib/python3.12/site-packages/airflow/example_dags/example_latest_only_with_trigger.py for tasks to queue
[2024-07-07T22:29:04.065+0000] {logging_mixin.py:188} INFO - [2024-07-07T22:29:04.065+0000] {dagbag.py:545} INFO - Filling up the DagBag from /home/airflow/.local/lib/python3.12/site-packages/airflow/example_dags/example_latest_only_with_trigger.py
[2024-07-07T22:29:04.068+0000] {processor.py:840} INFO - DAG(s) 'latest_only_with_trigger' retrieved from /home/airflow/.local/lib/python3.12/site-packages/airflow/example_dags/example_latest_only_with_trigger.py
[2024-07-07T22:29:04.074+0000] {logging_mixin.py:188} INFO - [2024-07-07T22:29:04.074+0000] {dag.py:3096} INFO - Sync 1 DAGs
[2024-07-07T22:29:04.081+0000] {logging_mixin.py:188} INFO - [2024-07-07T22:29:04.081+0000] {dag.py:3954} INFO - Setting next_dagrun for latest_only_with_trigger to 2024-07-07 16:00:00+00:00, run_after=2024-07-07 20:00:00+00:00
[2024-07-07T22:29:04.086+0000] {processor.py:183} INFO - Processing /home/airflow/.local/lib/python3.12/site-packages/airflow/example_dags/example_latest_only_with_trigger.py took 0.024 seconds
[2024-07-07T22:29:34.630+0000] {processor.py:161} INFO - Started process (PID=1725) to work on /home/airflow/.local/lib/python3.12/site-packages/airflow/example_dags/example_latest_only_with_trigger.py
[2024-07-07T22:29:34.631+0000] {processor.py:830} INFO - Processing file /home/airflow/.local/lib/python3.12/site-packages/airflow/example_dags/example_latest_only_with_trigger.py for tasks to queue
[2024-07-07T22:29:34.631+0000] {logging_mixin.py:188} INFO - [2024-07-07T22:29:34.631+0000] {dagbag.py:545} INFO - Filling up the DagBag from /home/airflow/.local/lib/python3.12/site-packages/airflow/example_dags/example_latest_only_with_trigger.py
[2024-07-07T22:29:34.633+0000] {processor.py:840} INFO - DAG(s) 'latest_only_with_trigger' retrieved from /home/airflow/.local/lib/python3.12/site-packages/airflow/example_dags/example_latest_only_with_trigger.py
[2024-07-07T22:29:34.641+0000] {logging_mixin.py:188} INFO - [2024-07-07T22:29:34.640+0000] {dag.py:3096} INFO - Sync 1 DAGs
[2024-07-07T22:29:34.647+0000] {logging_mixin.py:188} INFO - [2024-07-07T22:29:34.647+0000] {dag.py:3954} INFO - Setting next_dagrun for latest_only_with_trigger to 2024-07-07 16:00:00+00:00, run_after=2024-07-07 20:00:00+00:00
[2024-07-07T22:29:34.653+0000] {processor.py:183} INFO - Processing /home/airflow/.local/lib/python3.12/site-packages/airflow/example_dags/example_latest_only_with_trigger.py took 0.025 seconds
[2024-07-07T22:30:05.154+0000] {processor.py:161} INFO - Started process (PID=1777) to work on /home/airflow/.local/lib/python3.12/site-packages/airflow/example_dags/example_latest_only_with_trigger.py
[2024-07-07T22:30:05.155+0000] {processor.py:830} INFO - Processing file /home/airflow/.local/lib/python3.12/site-packages/airflow/example_dags/example_latest_only_with_trigger.py for tasks to queue
[2024-07-07T22:30:05.155+0000] {logging_mixin.py:188} INFO - [2024-07-07T22:30:05.155+0000] {dagbag.py:545} INFO - Filling up the DagBag from /home/airflow/.local/lib/python3.12/site-packages/airflow/example_dags/example_latest_only_with_trigger.py
[2024-07-07T22:30:05.158+0000] {processor.py:840} INFO - DAG(s) 'latest_only_with_trigger' retrieved from /home/airflow/.local/lib/python3.12/site-packages/airflow/example_dags/example_latest_only_with_trigger.py
[2024-07-07T22:30:05.165+0000] {logging_mixin.py:188} INFO - [2024-07-07T22:30:05.165+0000] {dag.py:3096} INFO - Sync 1 DAGs
[2024-07-07T22:30:05.172+0000] {logging_mixin.py:188} INFO - [2024-07-07T22:30:05.172+0000] {dag.py:3954} INFO - Setting next_dagrun for latest_only_with_trigger to 2024-07-07 16:00:00+00:00, run_after=2024-07-07 20:00:00+00:00
[2024-07-07T22:30:05.178+0000] {processor.py:183} INFO - Processing /home/airflow/.local/lib/python3.12/site-packages/airflow/example_dags/example_latest_only_with_trigger.py took 0.026 seconds
[2024-07-07T22:30:35.989+0000] {processor.py:161} INFO - Started process (PID=1829) to work on /home/airflow/.local/lib/python3.12/site-packages/airflow/example_dags/example_latest_only_with_trigger.py
[2024-07-07T22:30:35.989+0000] {processor.py:830} INFO - Processing file /home/airflow/.local/lib/python3.12/site-packages/airflow/example_dags/example_latest_only_with_trigger.py for tasks to queue
[2024-07-07T22:30:35.990+0000] {logging_mixin.py:188} INFO - [2024-07-07T22:30:35.990+0000] {dagbag.py:545} INFO - Filling up the DagBag from /home/airflow/.local/lib/python3.12/site-packages/airflow/example_dags/example_latest_only_with_trigger.py
[2024-07-07T22:30:35.994+0000] {processor.py:840} INFO - DAG(s) 'latest_only_with_trigger' retrieved from /home/airflow/.local/lib/python3.12/site-packages/airflow/example_dags/example_latest_only_with_trigger.py
[2024-07-07T22:30:36.001+0000] {logging_mixin.py:188} INFO - [2024-07-07T22:30:36.001+0000] {dag.py:3096} INFO - Sync 1 DAGs
[2024-07-07T22:30:36.074+0000] {logging_mixin.py:188} INFO - [2024-07-07T22:30:36.074+0000] {dag.py:3954} INFO - Setting next_dagrun for latest_only_with_trigger to 2024-07-07 16:00:00+00:00, run_after=2024-07-07 20:00:00+00:00
[2024-07-07T22:30:36.080+0000] {processor.py:183} INFO - Processing /home/airflow/.local/lib/python3.12/site-packages/airflow/example_dags/example_latest_only_with_trigger.py took 0.093 seconds
[2024-07-07T22:31:06.626+0000] {processor.py:161} INFO - Started process (PID=1881) to work on /home/airflow/.local/lib/python3.12/site-packages/airflow/example_dags/example_latest_only_with_trigger.py
[2024-07-07T22:31:06.626+0000] {processor.py:830} INFO - Processing file /home/airflow/.local/lib/python3.12/site-packages/airflow/example_dags/example_latest_only_with_trigger.py for tasks to queue
[2024-07-07T22:31:06.627+0000] {logging_mixin.py:188} INFO - [2024-07-07T22:31:06.627+0000] {dagbag.py:545} INFO - Filling up the DagBag from /home/airflow/.local/lib/python3.12/site-packages/airflow/example_dags/example_latest_only_with_trigger.py
[2024-07-07T22:31:06.629+0000] {processor.py:840} INFO - DAG(s) 'latest_only_with_trigger' retrieved from /home/airflow/.local/lib/python3.12/site-packages/airflow/example_dags/example_latest_only_with_trigger.py
[2024-07-07T22:31:06.637+0000] {logging_mixin.py:188} INFO - [2024-07-07T22:31:06.637+0000] {dag.py:3096} INFO - Sync 1 DAGs
[2024-07-07T22:31:06.645+0000] {logging_mixin.py:188} INFO - [2024-07-07T22:31:06.644+0000] {dag.py:3954} INFO - Setting next_dagrun for latest_only_with_trigger to 2024-07-07 16:00:00+00:00, run_after=2024-07-07 20:00:00+00:00
[2024-07-07T22:31:06.651+0000] {processor.py:183} INFO - Processing /home/airflow/.local/lib/python3.12/site-packages/airflow/example_dags/example_latest_only_with_trigger.py took 0.027 seconds
[2024-07-07T22:31:37.547+0000] {processor.py:161} INFO - Started process (PID=1933) to work on /home/airflow/.local/lib/python3.12/site-packages/airflow/example_dags/example_latest_only_with_trigger.py
[2024-07-07T22:31:37.548+0000] {processor.py:830} INFO - Processing file /home/airflow/.local/lib/python3.12/site-packages/airflow/example_dags/example_latest_only_with_trigger.py for tasks to queue
[2024-07-07T22:31:37.548+0000] {logging_mixin.py:188} INFO - [2024-07-07T22:31:37.548+0000] {dagbag.py:545} INFO - Filling up the DagBag from /home/airflow/.local/lib/python3.12/site-packages/airflow/example_dags/example_latest_only_with_trigger.py
[2024-07-07T22:31:37.551+0000] {processor.py:840} INFO - DAG(s) 'latest_only_with_trigger' retrieved from /home/airflow/.local/lib/python3.12/site-packages/airflow/example_dags/example_latest_only_with_trigger.py
[2024-07-07T22:31:37.559+0000] {logging_mixin.py:188} INFO - [2024-07-07T22:31:37.558+0000] {dag.py:3096} INFO - Sync 1 DAGs
[2024-07-07T22:31:37.566+0000] {logging_mixin.py:188} INFO - [2024-07-07T22:31:37.566+0000] {dag.py:3954} INFO - Setting next_dagrun for latest_only_with_trigger to 2024-07-07 16:00:00+00:00, run_after=2024-07-07 20:00:00+00:00
[2024-07-07T22:31:37.572+0000] {processor.py:183} INFO - Processing /home/airflow/.local/lib/python3.12/site-packages/airflow/example_dags/example_latest_only_with_trigger.py took 0.027 seconds
[2024-07-07T22:32:09.233+0000] {processor.py:161} INFO - Started process (PID=1985) to work on /home/airflow/.local/lib/python3.12/site-packages/airflow/example_dags/example_latest_only_with_trigger.py
[2024-07-07T22:32:09.233+0000] {processor.py:830} INFO - Processing file /home/airflow/.local/lib/python3.12/site-packages/airflow/example_dags/example_latest_only_with_trigger.py for tasks to queue
[2024-07-07T22:32:09.234+0000] {logging_mixin.py:188} INFO - [2024-07-07T22:32:09.234+0000] {dagbag.py:545} INFO - Filling up the DagBag from /home/airflow/.local/lib/python3.12/site-packages/airflow/example_dags/example_latest_only_with_trigger.py
[2024-07-07T22:32:09.236+0000] {processor.py:840} INFO - DAG(s) 'latest_only_with_trigger' retrieved from /home/airflow/.local/lib/python3.12/site-packages/airflow/example_dags/example_latest_only_with_trigger.py
[2024-07-07T22:32:09.244+0000] {logging_mixin.py:188} INFO - [2024-07-07T22:32:09.244+0000] {dag.py:3096} INFO - Sync 1 DAGs
[2024-07-07T22:32:09.251+0000] {logging_mixin.py:188} INFO - [2024-07-07T22:32:09.251+0000] {dag.py:3954} INFO - Setting next_dagrun for latest_only_with_trigger to 2024-07-07 16:00:00+00:00, run_after=2024-07-07 20:00:00+00:00
[2024-07-07T22:32:09.256+0000] {processor.py:183} INFO - Processing /home/airflow/.local/lib/python3.12/site-packages/airflow/example_dags/example_latest_only_with_trigger.py took 0.026 seconds
[2024-07-07T22:32:39.651+0000] {processor.py:161} INFO - Started process (PID=2037) to work on /home/airflow/.local/lib/python3.12/site-packages/airflow/example_dags/example_latest_only_with_trigger.py
[2024-07-07T22:32:39.652+0000] {processor.py:830} INFO - Processing file /home/airflow/.local/lib/python3.12/site-packages/airflow/example_dags/example_latest_only_with_trigger.py for tasks to queue
[2024-07-07T22:32:39.653+0000] {logging_mixin.py:188} INFO - [2024-07-07T22:32:39.652+0000] {dagbag.py:545} INFO - Filling up the DagBag from /home/airflow/.local/lib/python3.12/site-packages/airflow/example_dags/example_latest_only_with_trigger.py
[2024-07-07T22:32:39.655+0000] {processor.py:840} INFO - DAG(s) 'latest_only_with_trigger' retrieved from /home/airflow/.local/lib/python3.12/site-packages/airflow/example_dags/example_latest_only_with_trigger.py
[2024-07-07T22:32:39.663+0000] {logging_mixin.py:188} INFO - [2024-07-07T22:32:39.662+0000] {dag.py:3096} INFO - Sync 1 DAGs
[2024-07-07T22:32:39.672+0000] {logging_mixin.py:188} INFO - [2024-07-07T22:32:39.672+0000] {dag.py:3954} INFO - Setting next_dagrun for latest_only_with_trigger to 2024-07-07 16:00:00+00:00, run_after=2024-07-07 20:00:00+00:00
[2024-07-07T22:32:39.678+0000] {processor.py:183} INFO - Processing /home/airflow/.local/lib/python3.12/site-packages/airflow/example_dags/example_latest_only_with_trigger.py took 0.030 seconds
[2024-07-07T22:33:10.182+0000] {processor.py:161} INFO - Started process (PID=2089) to work on /home/airflow/.local/lib/python3.12/site-packages/airflow/example_dags/example_latest_only_with_trigger.py
[2024-07-07T22:33:10.182+0000] {processor.py:830} INFO - Processing file /home/airflow/.local/lib/python3.12/site-packages/airflow/example_dags/example_latest_only_with_trigger.py for tasks to queue
[2024-07-07T22:33:10.183+0000] {logging_mixin.py:188} INFO - [2024-07-07T22:33:10.183+0000] {dagbag.py:545} INFO - Filling up the DagBag from /home/airflow/.local/lib/python3.12/site-packages/airflow/example_dags/example_latest_only_with_trigger.py
[2024-07-07T22:33:10.186+0000] {processor.py:840} INFO - DAG(s) 'latest_only_with_trigger' retrieved from /home/airflow/.local/lib/python3.12/site-packages/airflow/example_dags/example_latest_only_with_trigger.py
[2024-07-07T22:33:10.197+0000] {logging_mixin.py:188} INFO - [2024-07-07T22:33:10.197+0000] {dag.py:3096} INFO - Sync 1 DAGs
[2024-07-07T22:33:10.207+0000] {logging_mixin.py:188} INFO - [2024-07-07T22:33:10.207+0000] {dag.py:3954} INFO - Setting next_dagrun for latest_only_with_trigger to 2024-07-07 16:00:00+00:00, run_after=2024-07-07 20:00:00+00:00
[2024-07-07T22:33:10.215+0000] {processor.py:183} INFO - Processing /home/airflow/.local/lib/python3.12/site-packages/airflow/example_dags/example_latest_only_with_trigger.py took 0.036 seconds
[2024-07-07T22:33:40.653+0000] {processor.py:161} INFO - Started process (PID=2141) to work on /home/airflow/.local/lib/python3.12/site-packages/airflow/example_dags/example_latest_only_with_trigger.py
[2024-07-07T22:33:40.654+0000] {processor.py:830} INFO - Processing file /home/airflow/.local/lib/python3.12/site-packages/airflow/example_dags/example_latest_only_with_trigger.py for tasks to queue
[2024-07-07T22:33:40.656+0000] {logging_mixin.py:188} INFO - [2024-07-07T22:33:40.656+0000] {dagbag.py:545} INFO - Filling up the DagBag from /home/airflow/.local/lib/python3.12/site-packages/airflow/example_dags/example_latest_only_with_trigger.py
[2024-07-07T22:33:40.660+0000] {processor.py:840} INFO - DAG(s) 'latest_only_with_trigger' retrieved from /home/airflow/.local/lib/python3.12/site-packages/airflow/example_dags/example_latest_only_with_trigger.py
[2024-07-07T22:33:40.673+0000] {logging_mixin.py:188} INFO - [2024-07-07T22:33:40.673+0000] {dag.py:3096} INFO - Sync 1 DAGs
[2024-07-07T22:33:40.683+0000] {logging_mixin.py:188} INFO - [2024-07-07T22:33:40.683+0000] {dag.py:3954} INFO - Setting next_dagrun for latest_only_with_trigger to 2024-07-07 16:00:00+00:00, run_after=2024-07-07 20:00:00+00:00
[2024-07-07T22:33:40.691+0000] {processor.py:183} INFO - Processing /home/airflow/.local/lib/python3.12/site-packages/airflow/example_dags/example_latest_only_with_trigger.py took 0.040 seconds
