[2024-07-07T22:13:08.600+0000] {processor.py:161} INFO - Started process (PID=52) to work on /home/airflow/.local/lib/python3.12/site-packages/airflow/example_dags/example_python_operator.py
[2024-07-07T22:13:08.600+0000] {processor.py:830} INFO - Processing file /home/airflow/.local/lib/python3.12/site-packages/airflow/example_dags/example_python_operator.py for tasks to queue
[2024-07-07T22:13:08.601+0000] {logging_mixin.py:188} INFO - [2024-07-07T22:13:08.601+0000] {dagbag.py:545} INFO - Filling up the DagBag from /home/airflow/.local/lib/python3.12/site-packages/airflow/example_dags/example_python_operator.py
[2024-07-07T22:13:08.608+0000] {processor.py:840} INFO - DAG(s) 'example_python_operator' retrieved from /home/airflow/.local/lib/python3.12/site-packages/airflow/example_dags/example_python_operator.py
[2024-07-07T22:13:08.655+0000] {logging_mixin.py:188} INFO - [2024-07-07T22:13:08.654+0000] {override.py:1829} INFO - Created Permission View: can edit on DAG:example_python_operator
[2024-07-07T22:13:08.659+0000] {logging_mixin.py:188} INFO - [2024-07-07T22:13:08.659+0000] {override.py:1829} INFO - Created Permission View: can read on DAG:example_python_operator
[2024-07-07T22:13:08.660+0000] {logging_mixin.py:188} INFO - [2024-07-07T22:13:08.660+0000] {override.py:1829} INFO - Created Permission View: can delete on DAG:example_python_operator
[2024-07-07T22:13:08.661+0000] {logging_mixin.py:188} INFO - [2024-07-07T22:13:08.661+0000] {dag.py:3096} INFO - Sync 1 DAGs
[2024-07-07T22:13:08.665+0000] {logging_mixin.py:188} INFO - [2024-07-07T22:13:08.665+0000] {dag.py:3118} INFO - Creating ORM DAG for example_python_operator
[2024-07-07T22:13:08.665+0000] {logging_mixin.py:188} INFO - [2024-07-07T22:13:08.665+0000] {dag.py:3954} INFO - Setting next_dagrun for example_python_operator to None, run_after=None
[2024-07-07T22:13:08.671+0000] {processor.py:183} INFO - Processing /home/airflow/.local/lib/python3.12/site-packages/airflow/example_dags/example_python_operator.py took 0.074 seconds
[2024-07-07T22:13:53.310+0000] {processor.py:161} INFO - Started process (PID=52) to work on /home/airflow/.local/lib/python3.12/site-packages/airflow/example_dags/example_python_operator.py
[2024-07-07T22:13:53.311+0000] {processor.py:830} INFO - Processing file /home/airflow/.local/lib/python3.12/site-packages/airflow/example_dags/example_python_operator.py for tasks to queue
[2024-07-07T22:13:53.312+0000] {logging_mixin.py:188} INFO - [2024-07-07T22:13:53.312+0000] {dagbag.py:545} INFO - Filling up the DagBag from /home/airflow/.local/lib/python3.12/site-packages/airflow/example_dags/example_python_operator.py
[2024-07-07T22:13:53.322+0000] {processor.py:840} INFO - DAG(s) 'example_python_operator' retrieved from /home/airflow/.local/lib/python3.12/site-packages/airflow/example_dags/example_python_operator.py
[2024-07-07T22:13:53.334+0000] {logging_mixin.py:188} INFO - [2024-07-07T22:13:53.334+0000] {dag.py:3096} INFO - Sync 1 DAGs
[2024-07-07T22:13:53.342+0000] {logging_mixin.py:188} INFO - [2024-07-07T22:13:53.342+0000] {dag.py:3954} INFO - Setting next_dagrun for example_python_operator to None, run_after=None
[2024-07-07T22:13:53.357+0000] {processor.py:183} INFO - Processing /home/airflow/.local/lib/python3.12/site-packages/airflow/example_dags/example_python_operator.py took 0.051 seconds
[2024-07-07T22:14:23.402+0000] {processor.py:161} INFO - Started process (PID=104) to work on /home/airflow/.local/lib/python3.12/site-packages/airflow/example_dags/example_python_operator.py
[2024-07-07T22:14:23.402+0000] {processor.py:830} INFO - Processing file /home/airflow/.local/lib/python3.12/site-packages/airflow/example_dags/example_python_operator.py for tasks to queue
[2024-07-07T22:14:23.403+0000] {logging_mixin.py:188} INFO - [2024-07-07T22:14:23.403+0000] {dagbag.py:545} INFO - Filling up the DagBag from /home/airflow/.local/lib/python3.12/site-packages/airflow/example_dags/example_python_operator.py
[2024-07-07T22:14:23.407+0000] {processor.py:840} INFO - DAG(s) 'example_python_operator' retrieved from /home/airflow/.local/lib/python3.12/site-packages/airflow/example_dags/example_python_operator.py
[2024-07-07T22:14:23.442+0000] {logging_mixin.py:188} INFO - [2024-07-07T22:14:23.442+0000] {dag.py:3096} INFO - Sync 1 DAGs
[2024-07-07T22:14:23.445+0000] {logging_mixin.py:188} INFO - [2024-07-07T22:14:23.445+0000] {dag.py:3954} INFO - Setting next_dagrun for example_python_operator to None, run_after=None
[2024-07-07T22:14:23.451+0000] {processor.py:183} INFO - Processing /home/airflow/.local/lib/python3.12/site-packages/airflow/example_dags/example_python_operator.py took 0.051 seconds
[2024-07-07T22:14:54.437+0000] {processor.py:161} INFO - Started process (PID=156) to work on /home/airflow/.local/lib/python3.12/site-packages/airflow/example_dags/example_python_operator.py
[2024-07-07T22:14:54.437+0000] {processor.py:830} INFO - Processing file /home/airflow/.local/lib/python3.12/site-packages/airflow/example_dags/example_python_operator.py for tasks to queue
[2024-07-07T22:14:54.438+0000] {logging_mixin.py:188} INFO - [2024-07-07T22:14:54.438+0000] {dagbag.py:545} INFO - Filling up the DagBag from /home/airflow/.local/lib/python3.12/site-packages/airflow/example_dags/example_python_operator.py
[2024-07-07T22:14:54.443+0000] {processor.py:840} INFO - DAG(s) 'example_python_operator' retrieved from /home/airflow/.local/lib/python3.12/site-packages/airflow/example_dags/example_python_operator.py
[2024-07-07T22:14:54.452+0000] {logging_mixin.py:188} INFO - [2024-07-07T22:14:54.452+0000] {dag.py:3096} INFO - Sync 1 DAGs
[2024-07-07T22:14:54.457+0000] {logging_mixin.py:188} INFO - [2024-07-07T22:14:54.457+0000] {dag.py:3954} INFO - Setting next_dagrun for example_python_operator to None, run_after=None
[2024-07-07T22:14:54.463+0000] {processor.py:183} INFO - Processing /home/airflow/.local/lib/python3.12/site-packages/airflow/example_dags/example_python_operator.py took 0.028 seconds
[2024-07-07T22:15:24.722+0000] {processor.py:161} INFO - Started process (PID=208) to work on /home/airflow/.local/lib/python3.12/site-packages/airflow/example_dags/example_python_operator.py
[2024-07-07T22:15:24.723+0000] {processor.py:830} INFO - Processing file /home/airflow/.local/lib/python3.12/site-packages/airflow/example_dags/example_python_operator.py for tasks to queue
[2024-07-07T22:15:24.723+0000] {logging_mixin.py:188} INFO - [2024-07-07T22:15:24.723+0000] {dagbag.py:545} INFO - Filling up the DagBag from /home/airflow/.local/lib/python3.12/site-packages/airflow/example_dags/example_python_operator.py
[2024-07-07T22:15:24.728+0000] {processor.py:840} INFO - DAG(s) 'example_python_operator' retrieved from /home/airflow/.local/lib/python3.12/site-packages/airflow/example_dags/example_python_operator.py
[2024-07-07T22:15:24.737+0000] {logging_mixin.py:188} INFO - [2024-07-07T22:15:24.736+0000] {dag.py:3096} INFO - Sync 1 DAGs
[2024-07-07T22:15:24.741+0000] {logging_mixin.py:188} INFO - [2024-07-07T22:15:24.741+0000] {dag.py:3954} INFO - Setting next_dagrun for example_python_operator to None, run_after=None
[2024-07-07T22:15:24.747+0000] {processor.py:183} INFO - Processing /home/airflow/.local/lib/python3.12/site-packages/airflow/example_dags/example_python_operator.py took 0.027 seconds
[2024-07-07T22:15:54.943+0000] {processor.py:161} INFO - Started process (PID=273) to work on /home/airflow/.local/lib/python3.12/site-packages/airflow/example_dags/example_python_operator.py
[2024-07-07T22:15:54.943+0000] {processor.py:830} INFO - Processing file /home/airflow/.local/lib/python3.12/site-packages/airflow/example_dags/example_python_operator.py for tasks to queue
[2024-07-07T22:15:54.944+0000] {logging_mixin.py:188} INFO - [2024-07-07T22:15:54.944+0000] {dagbag.py:545} INFO - Filling up the DagBag from /home/airflow/.local/lib/python3.12/site-packages/airflow/example_dags/example_python_operator.py
[2024-07-07T22:15:54.948+0000] {processor.py:840} INFO - DAG(s) 'example_python_operator' retrieved from /home/airflow/.local/lib/python3.12/site-packages/airflow/example_dags/example_python_operator.py
[2024-07-07T22:15:54.956+0000] {logging_mixin.py:188} INFO - [2024-07-07T22:15:54.956+0000] {dag.py:3096} INFO - Sync 1 DAGs
[2024-07-07T22:15:54.961+0000] {logging_mixin.py:188} INFO - [2024-07-07T22:15:54.960+0000] {dag.py:3954} INFO - Setting next_dagrun for example_python_operator to None, run_after=None
[2024-07-07T22:15:54.966+0000] {processor.py:183} INFO - Processing /home/airflow/.local/lib/python3.12/site-packages/airflow/example_dags/example_python_operator.py took 0.026 seconds
[2024-07-07T22:16:25.168+0000] {processor.py:161} INFO - Started process (PID=332) to work on /home/airflow/.local/lib/python3.12/site-packages/airflow/example_dags/example_python_operator.py
[2024-07-07T22:16:25.168+0000] {processor.py:830} INFO - Processing file /home/airflow/.local/lib/python3.12/site-packages/airflow/example_dags/example_python_operator.py for tasks to queue
[2024-07-07T22:16:25.169+0000] {logging_mixin.py:188} INFO - [2024-07-07T22:16:25.169+0000] {dagbag.py:545} INFO - Filling up the DagBag from /home/airflow/.local/lib/python3.12/site-packages/airflow/example_dags/example_python_operator.py
[2024-07-07T22:16:25.173+0000] {processor.py:840} INFO - DAG(s) 'example_python_operator' retrieved from /home/airflow/.local/lib/python3.12/site-packages/airflow/example_dags/example_python_operator.py
[2024-07-07T22:16:25.183+0000] {logging_mixin.py:188} INFO - [2024-07-07T22:16:25.183+0000] {dag.py:3096} INFO - Sync 1 DAGs
[2024-07-07T22:16:25.188+0000] {logging_mixin.py:188} INFO - [2024-07-07T22:16:25.187+0000] {dag.py:3954} INFO - Setting next_dagrun for example_python_operator to None, run_after=None
[2024-07-07T22:16:25.194+0000] {processor.py:183} INFO - Processing /home/airflow/.local/lib/python3.12/site-packages/airflow/example_dags/example_python_operator.py took 0.028 seconds
[2024-07-07T22:16:55.383+0000] {processor.py:161} INFO - Started process (PID=398) to work on /home/airflow/.local/lib/python3.12/site-packages/airflow/example_dags/example_python_operator.py
[2024-07-07T22:16:55.384+0000] {processor.py:830} INFO - Processing file /home/airflow/.local/lib/python3.12/site-packages/airflow/example_dags/example_python_operator.py for tasks to queue
[2024-07-07T22:16:55.384+0000] {logging_mixin.py:188} INFO - [2024-07-07T22:16:55.384+0000] {dagbag.py:545} INFO - Filling up the DagBag from /home/airflow/.local/lib/python3.12/site-packages/airflow/example_dags/example_python_operator.py
[2024-07-07T22:16:55.389+0000] {processor.py:840} INFO - DAG(s) 'example_python_operator' retrieved from /home/airflow/.local/lib/python3.12/site-packages/airflow/example_dags/example_python_operator.py
[2024-07-07T22:16:55.398+0000] {logging_mixin.py:188} INFO - [2024-07-07T22:16:55.398+0000] {dag.py:3096} INFO - Sync 1 DAGs
[2024-07-07T22:16:55.403+0000] {logging_mixin.py:188} INFO - [2024-07-07T22:16:55.403+0000] {dag.py:3954} INFO - Setting next_dagrun for example_python_operator to None, run_after=None
[2024-07-07T22:16:55.409+0000] {processor.py:183} INFO - Processing /home/airflow/.local/lib/python3.12/site-packages/airflow/example_dags/example_python_operator.py took 0.029 seconds
[2024-07-07T22:17:25.624+0000] {processor.py:161} INFO - Started process (PID=451) to work on /home/airflow/.local/lib/python3.12/site-packages/airflow/example_dags/example_python_operator.py
[2024-07-07T22:17:25.625+0000] {processor.py:830} INFO - Processing file /home/airflow/.local/lib/python3.12/site-packages/airflow/example_dags/example_python_operator.py for tasks to queue
[2024-07-07T22:17:25.625+0000] {logging_mixin.py:188} INFO - [2024-07-07T22:17:25.625+0000] {dagbag.py:545} INFO - Filling up the DagBag from /home/airflow/.local/lib/python3.12/site-packages/airflow/example_dags/example_python_operator.py
[2024-07-07T22:17:25.630+0000] {processor.py:840} INFO - DAG(s) 'example_python_operator' retrieved from /home/airflow/.local/lib/python3.12/site-packages/airflow/example_dags/example_python_operator.py
[2024-07-07T22:17:25.639+0000] {logging_mixin.py:188} INFO - [2024-07-07T22:17:25.639+0000] {dag.py:3096} INFO - Sync 1 DAGs
[2024-07-07T22:17:25.644+0000] {logging_mixin.py:188} INFO - [2024-07-07T22:17:25.644+0000] {dag.py:3954} INFO - Setting next_dagrun for example_python_operator to None, run_after=None
[2024-07-07T22:17:25.650+0000] {processor.py:183} INFO - Processing /home/airflow/.local/lib/python3.12/site-packages/airflow/example_dags/example_python_operator.py took 0.028 seconds
[2024-07-07T22:17:55.960+0000] {processor.py:161} INFO - Started process (PID=505) to work on /home/airflow/.local/lib/python3.12/site-packages/airflow/example_dags/example_python_operator.py
[2024-07-07T22:17:55.960+0000] {processor.py:830} INFO - Processing file /home/airflow/.local/lib/python3.12/site-packages/airflow/example_dags/example_python_operator.py for tasks to queue
[2024-07-07T22:17:55.961+0000] {logging_mixin.py:188} INFO - [2024-07-07T22:17:55.961+0000] {dagbag.py:545} INFO - Filling up the DagBag from /home/airflow/.local/lib/python3.12/site-packages/airflow/example_dags/example_python_operator.py
[2024-07-07T22:17:55.966+0000] {processor.py:840} INFO - DAG(s) 'example_python_operator' retrieved from /home/airflow/.local/lib/python3.12/site-packages/airflow/example_dags/example_python_operator.py
[2024-07-07T22:17:55.975+0000] {logging_mixin.py:188} INFO - [2024-07-07T22:17:55.975+0000] {dag.py:3096} INFO - Sync 1 DAGs
[2024-07-07T22:17:55.979+0000] {logging_mixin.py:188} INFO - [2024-07-07T22:17:55.979+0000] {dag.py:3954} INFO - Setting next_dagrun for example_python_operator to None, run_after=None
[2024-07-07T22:17:55.985+0000] {processor.py:183} INFO - Processing /home/airflow/.local/lib/python3.12/site-packages/airflow/example_dags/example_python_operator.py took 0.027 seconds
[2024-07-07T22:18:26.486+0000] {processor.py:161} INFO - Started process (PID=557) to work on /home/airflow/.local/lib/python3.12/site-packages/airflow/example_dags/example_python_operator.py
[2024-07-07T22:18:26.487+0000] {processor.py:830} INFO - Processing file /home/airflow/.local/lib/python3.12/site-packages/airflow/example_dags/example_python_operator.py for tasks to queue
[2024-07-07T22:18:26.488+0000] {logging_mixin.py:188} INFO - [2024-07-07T22:18:26.487+0000] {dagbag.py:545} INFO - Filling up the DagBag from /home/airflow/.local/lib/python3.12/site-packages/airflow/example_dags/example_python_operator.py
[2024-07-07T22:18:26.492+0000] {processor.py:840} INFO - DAG(s) 'example_python_operator' retrieved from /home/airflow/.local/lib/python3.12/site-packages/airflow/example_dags/example_python_operator.py
[2024-07-07T22:18:26.502+0000] {logging_mixin.py:188} INFO - [2024-07-07T22:18:26.502+0000] {dag.py:3096} INFO - Sync 1 DAGs
[2024-07-07T22:18:26.506+0000] {logging_mixin.py:188} INFO - [2024-07-07T22:18:26.506+0000] {dag.py:3954} INFO - Setting next_dagrun for example_python_operator to None, run_after=None
[2024-07-07T22:18:26.513+0000] {processor.py:183} INFO - Processing /home/airflow/.local/lib/python3.12/site-packages/airflow/example_dags/example_python_operator.py took 0.029 seconds
[2024-07-07T22:18:56.792+0000] {processor.py:161} INFO - Started process (PID=609) to work on /home/airflow/.local/lib/python3.12/site-packages/airflow/example_dags/example_python_operator.py
[2024-07-07T22:18:56.793+0000] {processor.py:830} INFO - Processing file /home/airflow/.local/lib/python3.12/site-packages/airflow/example_dags/example_python_operator.py for tasks to queue
[2024-07-07T22:18:56.794+0000] {logging_mixin.py:188} INFO - [2024-07-07T22:18:56.794+0000] {dagbag.py:545} INFO - Filling up the DagBag from /home/airflow/.local/lib/python3.12/site-packages/airflow/example_dags/example_python_operator.py
[2024-07-07T22:18:56.798+0000] {processor.py:840} INFO - DAG(s) 'example_python_operator' retrieved from /home/airflow/.local/lib/python3.12/site-packages/airflow/example_dags/example_python_operator.py
[2024-07-07T22:18:56.807+0000] {logging_mixin.py:188} INFO - [2024-07-07T22:18:56.807+0000] {dag.py:3096} INFO - Sync 1 DAGs
[2024-07-07T22:18:56.812+0000] {logging_mixin.py:188} INFO - [2024-07-07T22:18:56.812+0000] {dag.py:3954} INFO - Setting next_dagrun for example_python_operator to None, run_after=None
[2024-07-07T22:18:56.818+0000] {processor.py:183} INFO - Processing /home/airflow/.local/lib/python3.12/site-packages/airflow/example_dags/example_python_operator.py took 0.028 seconds
[2024-07-07T22:19:27.076+0000] {processor.py:161} INFO - Started process (PID=661) to work on /home/airflow/.local/lib/python3.12/site-packages/airflow/example_dags/example_python_operator.py
[2024-07-07T22:19:27.077+0000] {processor.py:830} INFO - Processing file /home/airflow/.local/lib/python3.12/site-packages/airflow/example_dags/example_python_operator.py for tasks to queue
[2024-07-07T22:19:27.077+0000] {logging_mixin.py:188} INFO - [2024-07-07T22:19:27.077+0000] {dagbag.py:545} INFO - Filling up the DagBag from /home/airflow/.local/lib/python3.12/site-packages/airflow/example_dags/example_python_operator.py
[2024-07-07T22:19:27.082+0000] {processor.py:840} INFO - DAG(s) 'example_python_operator' retrieved from /home/airflow/.local/lib/python3.12/site-packages/airflow/example_dags/example_python_operator.py
[2024-07-07T22:19:27.091+0000] {logging_mixin.py:188} INFO - [2024-07-07T22:19:27.090+0000] {dag.py:3096} INFO - Sync 1 DAGs
[2024-07-07T22:19:27.095+0000] {logging_mixin.py:188} INFO - [2024-07-07T22:19:27.095+0000] {dag.py:3954} INFO - Setting next_dagrun for example_python_operator to None, run_after=None
[2024-07-07T22:19:27.101+0000] {processor.py:183} INFO - Processing /home/airflow/.local/lib/python3.12/site-packages/airflow/example_dags/example_python_operator.py took 0.027 seconds
[2024-07-07T22:19:57.356+0000] {processor.py:161} INFO - Started process (PID=713) to work on /home/airflow/.local/lib/python3.12/site-packages/airflow/example_dags/example_python_operator.py
[2024-07-07T22:19:57.356+0000] {processor.py:830} INFO - Processing file /home/airflow/.local/lib/python3.12/site-packages/airflow/example_dags/example_python_operator.py for tasks to queue
[2024-07-07T22:19:57.357+0000] {logging_mixin.py:188} INFO - [2024-07-07T22:19:57.357+0000] {dagbag.py:545} INFO - Filling up the DagBag from /home/airflow/.local/lib/python3.12/site-packages/airflow/example_dags/example_python_operator.py
[2024-07-07T22:19:57.361+0000] {processor.py:840} INFO - DAG(s) 'example_python_operator' retrieved from /home/airflow/.local/lib/python3.12/site-packages/airflow/example_dags/example_python_operator.py
[2024-07-07T22:19:57.370+0000] {logging_mixin.py:188} INFO - [2024-07-07T22:19:57.370+0000] {dag.py:3096} INFO - Sync 1 DAGs
[2024-07-07T22:19:57.374+0000] {logging_mixin.py:188} INFO - [2024-07-07T22:19:57.374+0000] {dag.py:3954} INFO - Setting next_dagrun for example_python_operator to None, run_after=None
[2024-07-07T22:19:57.380+0000] {processor.py:183} INFO - Processing /home/airflow/.local/lib/python3.12/site-packages/airflow/example_dags/example_python_operator.py took 0.027 seconds
[2024-07-07T22:20:27.666+0000] {processor.py:161} INFO - Started process (PID=765) to work on /home/airflow/.local/lib/python3.12/site-packages/airflow/example_dags/example_python_operator.py
[2024-07-07T22:20:27.666+0000] {processor.py:830} INFO - Processing file /home/airflow/.local/lib/python3.12/site-packages/airflow/example_dags/example_python_operator.py for tasks to queue
[2024-07-07T22:20:27.667+0000] {logging_mixin.py:188} INFO - [2024-07-07T22:20:27.667+0000] {dagbag.py:545} INFO - Filling up the DagBag from /home/airflow/.local/lib/python3.12/site-packages/airflow/example_dags/example_python_operator.py
[2024-07-07T22:20:27.672+0000] {processor.py:840} INFO - DAG(s) 'example_python_operator' retrieved from /home/airflow/.local/lib/python3.12/site-packages/airflow/example_dags/example_python_operator.py
[2024-07-07T22:20:27.680+0000] {logging_mixin.py:188} INFO - [2024-07-07T22:20:27.680+0000] {dag.py:3096} INFO - Sync 1 DAGs
[2024-07-07T22:20:27.685+0000] {logging_mixin.py:188} INFO - [2024-07-07T22:20:27.685+0000] {dag.py:3954} INFO - Setting next_dagrun for example_python_operator to None, run_after=None
[2024-07-07T22:20:27.691+0000] {processor.py:183} INFO - Processing /home/airflow/.local/lib/python3.12/site-packages/airflow/example_dags/example_python_operator.py took 0.028 seconds
[2024-07-07T22:20:57.946+0000] {processor.py:161} INFO - Started process (PID=817) to work on /home/airflow/.local/lib/python3.12/site-packages/airflow/example_dags/example_python_operator.py
[2024-07-07T22:20:57.946+0000] {processor.py:830} INFO - Processing file /home/airflow/.local/lib/python3.12/site-packages/airflow/example_dags/example_python_operator.py for tasks to queue
[2024-07-07T22:20:57.947+0000] {logging_mixin.py:188} INFO - [2024-07-07T22:20:57.947+0000] {dagbag.py:545} INFO - Filling up the DagBag from /home/airflow/.local/lib/python3.12/site-packages/airflow/example_dags/example_python_operator.py
[2024-07-07T22:20:57.951+0000] {processor.py:840} INFO - DAG(s) 'example_python_operator' retrieved from /home/airflow/.local/lib/python3.12/site-packages/airflow/example_dags/example_python_operator.py
[2024-07-07T22:20:57.960+0000] {logging_mixin.py:188} INFO - [2024-07-07T22:20:57.960+0000] {dag.py:3096} INFO - Sync 1 DAGs
[2024-07-07T22:20:57.964+0000] {logging_mixin.py:188} INFO - [2024-07-07T22:20:57.964+0000] {dag.py:3954} INFO - Setting next_dagrun for example_python_operator to None, run_after=None
[2024-07-07T22:20:57.970+0000] {processor.py:183} INFO - Processing /home/airflow/.local/lib/python3.12/site-packages/airflow/example_dags/example_python_operator.py took 0.027 seconds
[2024-07-07T22:21:28.257+0000] {processor.py:161} INFO - Started process (PID=869) to work on /home/airflow/.local/lib/python3.12/site-packages/airflow/example_dags/example_python_operator.py
[2024-07-07T22:21:28.258+0000] {processor.py:830} INFO - Processing file /home/airflow/.local/lib/python3.12/site-packages/airflow/example_dags/example_python_operator.py for tasks to queue
[2024-07-07T22:21:28.259+0000] {logging_mixin.py:188} INFO - [2024-07-07T22:21:28.259+0000] {dagbag.py:545} INFO - Filling up the DagBag from /home/airflow/.local/lib/python3.12/site-packages/airflow/example_dags/example_python_operator.py
[2024-07-07T22:21:28.264+0000] {processor.py:840} INFO - DAG(s) 'example_python_operator' retrieved from /home/airflow/.local/lib/python3.12/site-packages/airflow/example_dags/example_python_operator.py
[2024-07-07T22:21:28.275+0000] {logging_mixin.py:188} INFO - [2024-07-07T22:21:28.275+0000] {dag.py:3096} INFO - Sync 1 DAGs
[2024-07-07T22:21:28.279+0000] {logging_mixin.py:188} INFO - [2024-07-07T22:21:28.279+0000] {dag.py:3954} INFO - Setting next_dagrun for example_python_operator to None, run_after=None
[2024-07-07T22:21:28.285+0000] {processor.py:183} INFO - Processing /home/airflow/.local/lib/python3.12/site-packages/airflow/example_dags/example_python_operator.py took 0.031 seconds
[2024-07-07T22:21:58.631+0000] {processor.py:161} INFO - Started process (PID=921) to work on /home/airflow/.local/lib/python3.12/site-packages/airflow/example_dags/example_python_operator.py
[2024-07-07T22:21:58.632+0000] {processor.py:830} INFO - Processing file /home/airflow/.local/lib/python3.12/site-packages/airflow/example_dags/example_python_operator.py for tasks to queue
[2024-07-07T22:21:58.632+0000] {logging_mixin.py:188} INFO - [2024-07-07T22:21:58.632+0000] {dagbag.py:545} INFO - Filling up the DagBag from /home/airflow/.local/lib/python3.12/site-packages/airflow/example_dags/example_python_operator.py
[2024-07-07T22:21:58.637+0000] {processor.py:840} INFO - DAG(s) 'example_python_operator' retrieved from /home/airflow/.local/lib/python3.12/site-packages/airflow/example_dags/example_python_operator.py
[2024-07-07T22:21:58.645+0000] {logging_mixin.py:188} INFO - [2024-07-07T22:21:58.645+0000] {dag.py:3096} INFO - Sync 1 DAGs
[2024-07-07T22:21:58.649+0000] {logging_mixin.py:188} INFO - [2024-07-07T22:21:58.649+0000] {dag.py:3954} INFO - Setting next_dagrun for example_python_operator to None, run_after=None
[2024-07-07T22:21:58.655+0000] {processor.py:183} INFO - Processing /home/airflow/.local/lib/python3.12/site-packages/airflow/example_dags/example_python_operator.py took 0.026 seconds
[2024-07-07T22:22:28.991+0000] {processor.py:161} INFO - Started process (PID=973) to work on /home/airflow/.local/lib/python3.12/site-packages/airflow/example_dags/example_python_operator.py
[2024-07-07T22:22:28.991+0000] {processor.py:830} INFO - Processing file /home/airflow/.local/lib/python3.12/site-packages/airflow/example_dags/example_python_operator.py for tasks to queue
[2024-07-07T22:22:28.992+0000] {logging_mixin.py:188} INFO - [2024-07-07T22:22:28.992+0000] {dagbag.py:545} INFO - Filling up the DagBag from /home/airflow/.local/lib/python3.12/site-packages/airflow/example_dags/example_python_operator.py
[2024-07-07T22:22:28.997+0000] {processor.py:840} INFO - DAG(s) 'example_python_operator' retrieved from /home/airflow/.local/lib/python3.12/site-packages/airflow/example_dags/example_python_operator.py
[2024-07-07T22:22:29.005+0000] {logging_mixin.py:188} INFO - [2024-07-07T22:22:29.005+0000] {dag.py:3096} INFO - Sync 1 DAGs
[2024-07-07T22:22:29.010+0000] {logging_mixin.py:188} INFO - [2024-07-07T22:22:29.010+0000] {dag.py:3954} INFO - Setting next_dagrun for example_python_operator to None, run_after=None
[2024-07-07T22:22:29.015+0000] {processor.py:183} INFO - Processing /home/airflow/.local/lib/python3.12/site-packages/airflow/example_dags/example_python_operator.py took 0.027 seconds
[2024-07-07T22:22:59.310+0000] {processor.py:161} INFO - Started process (PID=1025) to work on /home/airflow/.local/lib/python3.12/site-packages/airflow/example_dags/example_python_operator.py
[2024-07-07T22:22:59.311+0000] {processor.py:830} INFO - Processing file /home/airflow/.local/lib/python3.12/site-packages/airflow/example_dags/example_python_operator.py for tasks to queue
[2024-07-07T22:22:59.312+0000] {logging_mixin.py:188} INFO - [2024-07-07T22:22:59.312+0000] {dagbag.py:545} INFO - Filling up the DagBag from /home/airflow/.local/lib/python3.12/site-packages/airflow/example_dags/example_python_operator.py
[2024-07-07T22:22:59.317+0000] {processor.py:840} INFO - DAG(s) 'example_python_operator' retrieved from /home/airflow/.local/lib/python3.12/site-packages/airflow/example_dags/example_python_operator.py
[2024-07-07T22:22:59.326+0000] {logging_mixin.py:188} INFO - [2024-07-07T22:22:59.326+0000] {dag.py:3096} INFO - Sync 1 DAGs
[2024-07-07T22:22:59.330+0000] {logging_mixin.py:188} INFO - [2024-07-07T22:22:59.330+0000] {dag.py:3954} INFO - Setting next_dagrun for example_python_operator to None, run_after=None
[2024-07-07T22:22:59.336+0000] {processor.py:183} INFO - Processing /home/airflow/.local/lib/python3.12/site-packages/airflow/example_dags/example_python_operator.py took 0.029 seconds
[2024-07-07T22:23:29.625+0000] {processor.py:161} INFO - Started process (PID=1077) to work on /home/airflow/.local/lib/python3.12/site-packages/airflow/example_dags/example_python_operator.py
[2024-07-07T22:23:29.625+0000] {processor.py:830} INFO - Processing file /home/airflow/.local/lib/python3.12/site-packages/airflow/example_dags/example_python_operator.py for tasks to queue
[2024-07-07T22:23:29.626+0000] {logging_mixin.py:188} INFO - [2024-07-07T22:23:29.626+0000] {dagbag.py:545} INFO - Filling up the DagBag from /home/airflow/.local/lib/python3.12/site-packages/airflow/example_dags/example_python_operator.py
[2024-07-07T22:23:29.631+0000] {processor.py:840} INFO - DAG(s) 'example_python_operator' retrieved from /home/airflow/.local/lib/python3.12/site-packages/airflow/example_dags/example_python_operator.py
[2024-07-07T22:23:29.640+0000] {logging_mixin.py:188} INFO - [2024-07-07T22:23:29.640+0000] {dag.py:3096} INFO - Sync 1 DAGs
[2024-07-07T22:23:29.645+0000] {logging_mixin.py:188} INFO - [2024-07-07T22:23:29.645+0000] {dag.py:3954} INFO - Setting next_dagrun for example_python_operator to None, run_after=None
[2024-07-07T22:23:29.652+0000] {processor.py:183} INFO - Processing /home/airflow/.local/lib/python3.12/site-packages/airflow/example_dags/example_python_operator.py took 0.030 seconds
[2024-07-07T22:23:59.986+0000] {processor.py:161} INFO - Started process (PID=1129) to work on /home/airflow/.local/lib/python3.12/site-packages/airflow/example_dags/example_python_operator.py
[2024-07-07T22:23:59.986+0000] {processor.py:830} INFO - Processing file /home/airflow/.local/lib/python3.12/site-packages/airflow/example_dags/example_python_operator.py for tasks to queue
[2024-07-07T22:23:59.987+0000] {logging_mixin.py:188} INFO - [2024-07-07T22:23:59.987+0000] {dagbag.py:545} INFO - Filling up the DagBag from /home/airflow/.local/lib/python3.12/site-packages/airflow/example_dags/example_python_operator.py
[2024-07-07T22:23:59.991+0000] {processor.py:840} INFO - DAG(s) 'example_python_operator' retrieved from /home/airflow/.local/lib/python3.12/site-packages/airflow/example_dags/example_python_operator.py
[2024-07-07T22:24:00.000+0000] {logging_mixin.py:188} INFO - [2024-07-07T22:24:00.000+0000] {dag.py:3096} INFO - Sync 1 DAGs
[2024-07-07T22:24:00.004+0000] {logging_mixin.py:188} INFO - [2024-07-07T22:24:00.004+0000] {dag.py:3954} INFO - Setting next_dagrun for example_python_operator to None, run_after=None
[2024-07-07T22:24:00.011+0000] {processor.py:183} INFO - Processing /home/airflow/.local/lib/python3.12/site-packages/airflow/example_dags/example_python_operator.py took 0.027 seconds
[2024-07-07T22:24:30.321+0000] {processor.py:161} INFO - Started process (PID=1181) to work on /home/airflow/.local/lib/python3.12/site-packages/airflow/example_dags/example_python_operator.py
[2024-07-07T22:24:30.324+0000] {processor.py:830} INFO - Processing file /home/airflow/.local/lib/python3.12/site-packages/airflow/example_dags/example_python_operator.py for tasks to queue
[2024-07-07T22:24:30.325+0000] {logging_mixin.py:188} INFO - [2024-07-07T22:24:30.325+0000] {dagbag.py:545} INFO - Filling up the DagBag from /home/airflow/.local/lib/python3.12/site-packages/airflow/example_dags/example_python_operator.py
[2024-07-07T22:24:30.329+0000] {processor.py:840} INFO - DAG(s) 'example_python_operator' retrieved from /home/airflow/.local/lib/python3.12/site-packages/airflow/example_dags/example_python_operator.py
[2024-07-07T22:24:30.339+0000] {logging_mixin.py:188} INFO - [2024-07-07T22:24:30.339+0000] {dag.py:3096} INFO - Sync 1 DAGs
[2024-07-07T22:24:30.344+0000] {logging_mixin.py:188} INFO - [2024-07-07T22:24:30.344+0000] {dag.py:3954} INFO - Setting next_dagrun for example_python_operator to None, run_after=None
[2024-07-07T22:24:30.349+0000] {processor.py:183} INFO - Processing /home/airflow/.local/lib/python3.12/site-packages/airflow/example_dags/example_python_operator.py took 0.031 seconds
[2024-07-07T22:25:00.742+0000] {processor.py:161} INFO - Started process (PID=1233) to work on /home/airflow/.local/lib/python3.12/site-packages/airflow/example_dags/example_python_operator.py
[2024-07-07T22:25:00.742+0000] {processor.py:830} INFO - Processing file /home/airflow/.local/lib/python3.12/site-packages/airflow/example_dags/example_python_operator.py for tasks to queue
[2024-07-07T22:25:00.743+0000] {logging_mixin.py:188} INFO - [2024-07-07T22:25:00.743+0000] {dagbag.py:545} INFO - Filling up the DagBag from /home/airflow/.local/lib/python3.12/site-packages/airflow/example_dags/example_python_operator.py
[2024-07-07T22:25:00.748+0000] {processor.py:840} INFO - DAG(s) 'example_python_operator' retrieved from /home/airflow/.local/lib/python3.12/site-packages/airflow/example_dags/example_python_operator.py
[2024-07-07T22:25:00.758+0000] {logging_mixin.py:188} INFO - [2024-07-07T22:25:00.758+0000] {dag.py:3096} INFO - Sync 1 DAGs
[2024-07-07T22:25:00.762+0000] {logging_mixin.py:188} INFO - [2024-07-07T22:25:00.762+0000] {dag.py:3954} INFO - Setting next_dagrun for example_python_operator to None, run_after=None
[2024-07-07T22:25:00.769+0000] {processor.py:183} INFO - Processing /home/airflow/.local/lib/python3.12/site-packages/airflow/example_dags/example_python_operator.py took 0.030 seconds
[2024-07-07T22:25:31.319+0000] {processor.py:161} INFO - Started process (PID=1285) to work on /home/airflow/.local/lib/python3.12/site-packages/airflow/example_dags/example_python_operator.py
[2024-07-07T22:25:31.319+0000] {processor.py:830} INFO - Processing file /home/airflow/.local/lib/python3.12/site-packages/airflow/example_dags/example_python_operator.py for tasks to queue
[2024-07-07T22:25:31.320+0000] {logging_mixin.py:188} INFO - [2024-07-07T22:25:31.320+0000] {dagbag.py:545} INFO - Filling up the DagBag from /home/airflow/.local/lib/python3.12/site-packages/airflow/example_dags/example_python_operator.py
[2024-07-07T22:25:31.325+0000] {processor.py:840} INFO - DAG(s) 'example_python_operator' retrieved from /home/airflow/.local/lib/python3.12/site-packages/airflow/example_dags/example_python_operator.py
[2024-07-07T22:25:31.334+0000] {logging_mixin.py:188} INFO - [2024-07-07T22:25:31.334+0000] {dag.py:3096} INFO - Sync 1 DAGs
[2024-07-07T22:25:31.339+0000] {logging_mixin.py:188} INFO - [2024-07-07T22:25:31.339+0000] {dag.py:3954} INFO - Setting next_dagrun for example_python_operator to None, run_after=None
[2024-07-07T22:25:31.345+0000] {processor.py:183} INFO - Processing /home/airflow/.local/lib/python3.12/site-packages/airflow/example_dags/example_python_operator.py took 0.029 seconds
[2024-07-07T22:26:01.749+0000] {processor.py:161} INFO - Started process (PID=1337) to work on /home/airflow/.local/lib/python3.12/site-packages/airflow/example_dags/example_python_operator.py
[2024-07-07T22:26:01.751+0000] {processor.py:830} INFO - Processing file /home/airflow/.local/lib/python3.12/site-packages/airflow/example_dags/example_python_operator.py for tasks to queue
[2024-07-07T22:26:01.752+0000] {logging_mixin.py:188} INFO - [2024-07-07T22:26:01.752+0000] {dagbag.py:545} INFO - Filling up the DagBag from /home/airflow/.local/lib/python3.12/site-packages/airflow/example_dags/example_python_operator.py
[2024-07-07T22:26:01.757+0000] {processor.py:840} INFO - DAG(s) 'example_python_operator' retrieved from /home/airflow/.local/lib/python3.12/site-packages/airflow/example_dags/example_python_operator.py
[2024-07-07T22:26:01.770+0000] {logging_mixin.py:188} INFO - [2024-07-07T22:26:01.770+0000] {dag.py:3096} INFO - Sync 1 DAGs
[2024-07-07T22:26:01.777+0000] {logging_mixin.py:188} INFO - [2024-07-07T22:26:01.777+0000] {dag.py:3954} INFO - Setting next_dagrun for example_python_operator to None, run_after=None
[2024-07-07T22:26:01.787+0000] {processor.py:183} INFO - Processing /home/airflow/.local/lib/python3.12/site-packages/airflow/example_dags/example_python_operator.py took 0.041 seconds
[2024-07-07T22:26:32.204+0000] {processor.py:161} INFO - Started process (PID=1389) to work on /home/airflow/.local/lib/python3.12/site-packages/airflow/example_dags/example_python_operator.py
[2024-07-07T22:26:32.204+0000] {processor.py:830} INFO - Processing file /home/airflow/.local/lib/python3.12/site-packages/airflow/example_dags/example_python_operator.py for tasks to queue
[2024-07-07T22:26:32.205+0000] {logging_mixin.py:188} INFO - [2024-07-07T22:26:32.205+0000] {dagbag.py:545} INFO - Filling up the DagBag from /home/airflow/.local/lib/python3.12/site-packages/airflow/example_dags/example_python_operator.py
[2024-07-07T22:26:32.209+0000] {processor.py:840} INFO - DAG(s) 'example_python_operator' retrieved from /home/airflow/.local/lib/python3.12/site-packages/airflow/example_dags/example_python_operator.py
[2024-07-07T22:26:32.217+0000] {logging_mixin.py:188} INFO - [2024-07-07T22:26:32.217+0000] {dag.py:3096} INFO - Sync 1 DAGs
[2024-07-07T22:26:32.222+0000] {logging_mixin.py:188} INFO - [2024-07-07T22:26:32.222+0000] {dag.py:3954} INFO - Setting next_dagrun for example_python_operator to None, run_after=None
[2024-07-07T22:26:32.227+0000] {processor.py:183} INFO - Processing /home/airflow/.local/lib/python3.12/site-packages/airflow/example_dags/example_python_operator.py took 0.026 seconds
[2024-07-07T22:27:02.500+0000] {processor.py:161} INFO - Started process (PID=1441) to work on /home/airflow/.local/lib/python3.12/site-packages/airflow/example_dags/example_python_operator.py
[2024-07-07T22:27:02.500+0000] {processor.py:830} INFO - Processing file /home/airflow/.local/lib/python3.12/site-packages/airflow/example_dags/example_python_operator.py for tasks to queue
[2024-07-07T22:27:02.501+0000] {logging_mixin.py:188} INFO - [2024-07-07T22:27:02.501+0000] {dagbag.py:545} INFO - Filling up the DagBag from /home/airflow/.local/lib/python3.12/site-packages/airflow/example_dags/example_python_operator.py
[2024-07-07T22:27:02.505+0000] {processor.py:840} INFO - DAG(s) 'example_python_operator' retrieved from /home/airflow/.local/lib/python3.12/site-packages/airflow/example_dags/example_python_operator.py
[2024-07-07T22:27:02.514+0000] {logging_mixin.py:188} INFO - [2024-07-07T22:27:02.514+0000] {dag.py:3096} INFO - Sync 1 DAGs
[2024-07-07T22:27:02.518+0000] {logging_mixin.py:188} INFO - [2024-07-07T22:27:02.518+0000] {dag.py:3954} INFO - Setting next_dagrun for example_python_operator to None, run_after=None
[2024-07-07T22:27:02.525+0000] {processor.py:183} INFO - Processing /home/airflow/.local/lib/python3.12/site-packages/airflow/example_dags/example_python_operator.py took 0.027 seconds
[2024-07-07T22:27:32.759+0000] {processor.py:161} INFO - Started process (PID=1493) to work on /home/airflow/.local/lib/python3.12/site-packages/airflow/example_dags/example_python_operator.py
[2024-07-07T22:27:32.759+0000] {processor.py:830} INFO - Processing file /home/airflow/.local/lib/python3.12/site-packages/airflow/example_dags/example_python_operator.py for tasks to queue
[2024-07-07T22:27:32.760+0000] {logging_mixin.py:188} INFO - [2024-07-07T22:27:32.760+0000] {dagbag.py:545} INFO - Filling up the DagBag from /home/airflow/.local/lib/python3.12/site-packages/airflow/example_dags/example_python_operator.py
[2024-07-07T22:27:32.764+0000] {processor.py:840} INFO - DAG(s) 'example_python_operator' retrieved from /home/airflow/.local/lib/python3.12/site-packages/airflow/example_dags/example_python_operator.py
[2024-07-07T22:27:32.773+0000] {logging_mixin.py:188} INFO - [2024-07-07T22:27:32.773+0000] {dag.py:3096} INFO - Sync 1 DAGs
[2024-07-07T22:27:32.778+0000] {logging_mixin.py:188} INFO - [2024-07-07T22:27:32.778+0000] {dag.py:3954} INFO - Setting next_dagrun for example_python_operator to None, run_after=None
[2024-07-07T22:27:32.784+0000] {processor.py:183} INFO - Processing /home/airflow/.local/lib/python3.12/site-packages/airflow/example_dags/example_python_operator.py took 0.028 seconds
[2024-07-07T22:28:03.021+0000] {processor.py:161} INFO - Started process (PID=1545) to work on /home/airflow/.local/lib/python3.12/site-packages/airflow/example_dags/example_python_operator.py
[2024-07-07T22:28:03.022+0000] {processor.py:830} INFO - Processing file /home/airflow/.local/lib/python3.12/site-packages/airflow/example_dags/example_python_operator.py for tasks to queue
[2024-07-07T22:28:03.022+0000] {logging_mixin.py:188} INFO - [2024-07-07T22:28:03.022+0000] {dagbag.py:545} INFO - Filling up the DagBag from /home/airflow/.local/lib/python3.12/site-packages/airflow/example_dags/example_python_operator.py
[2024-07-07T22:28:03.027+0000] {processor.py:840} INFO - DAG(s) 'example_python_operator' retrieved from /home/airflow/.local/lib/python3.12/site-packages/airflow/example_dags/example_python_operator.py
[2024-07-07T22:28:03.035+0000] {logging_mixin.py:188} INFO - [2024-07-07T22:28:03.035+0000] {dag.py:3096} INFO - Sync 1 DAGs
[2024-07-07T22:28:03.040+0000] {logging_mixin.py:188} INFO - [2024-07-07T22:28:03.040+0000] {dag.py:3954} INFO - Setting next_dagrun for example_python_operator to None, run_after=None
[2024-07-07T22:28:03.045+0000] {processor.py:183} INFO - Processing /home/airflow/.local/lib/python3.12/site-packages/airflow/example_dags/example_python_operator.py took 0.026 seconds
[2024-07-07T22:28:33.277+0000] {processor.py:161} INFO - Started process (PID=1597) to work on /home/airflow/.local/lib/python3.12/site-packages/airflow/example_dags/example_python_operator.py
[2024-07-07T22:28:33.278+0000] {processor.py:830} INFO - Processing file /home/airflow/.local/lib/python3.12/site-packages/airflow/example_dags/example_python_operator.py for tasks to queue
[2024-07-07T22:28:33.278+0000] {logging_mixin.py:188} INFO - [2024-07-07T22:28:33.278+0000] {dagbag.py:545} INFO - Filling up the DagBag from /home/airflow/.local/lib/python3.12/site-packages/airflow/example_dags/example_python_operator.py
[2024-07-07T22:28:33.283+0000] {processor.py:840} INFO - DAG(s) 'example_python_operator' retrieved from /home/airflow/.local/lib/python3.12/site-packages/airflow/example_dags/example_python_operator.py
[2024-07-07T22:28:33.292+0000] {logging_mixin.py:188} INFO - [2024-07-07T22:28:33.291+0000] {dag.py:3096} INFO - Sync 1 DAGs
[2024-07-07T22:28:33.296+0000] {logging_mixin.py:188} INFO - [2024-07-07T22:28:33.296+0000] {dag.py:3954} INFO - Setting next_dagrun for example_python_operator to None, run_after=None
[2024-07-07T22:28:33.302+0000] {processor.py:183} INFO - Processing /home/airflow/.local/lib/python3.12/site-packages/airflow/example_dags/example_python_operator.py took 0.028 seconds
[2024-07-07T22:29:03.593+0000] {processor.py:161} INFO - Started process (PID=1649) to work on /home/airflow/.local/lib/python3.12/site-packages/airflow/example_dags/example_python_operator.py
[2024-07-07T22:29:03.594+0000] {processor.py:830} INFO - Processing file /home/airflow/.local/lib/python3.12/site-packages/airflow/example_dags/example_python_operator.py for tasks to queue
[2024-07-07T22:29:03.594+0000] {logging_mixin.py:188} INFO - [2024-07-07T22:29:03.594+0000] {dagbag.py:545} INFO - Filling up the DagBag from /home/airflow/.local/lib/python3.12/site-packages/airflow/example_dags/example_python_operator.py
[2024-07-07T22:29:03.599+0000] {processor.py:840} INFO - DAG(s) 'example_python_operator' retrieved from /home/airflow/.local/lib/python3.12/site-packages/airflow/example_dags/example_python_operator.py
[2024-07-07T22:29:03.608+0000] {logging_mixin.py:188} INFO - [2024-07-07T22:29:03.607+0000] {dag.py:3096} INFO - Sync 1 DAGs
[2024-07-07T22:29:03.612+0000] {logging_mixin.py:188} INFO - [2024-07-07T22:29:03.612+0000] {dag.py:3954} INFO - Setting next_dagrun for example_python_operator to None, run_after=None
[2024-07-07T22:29:03.618+0000] {processor.py:183} INFO - Processing /home/airflow/.local/lib/python3.12/site-packages/airflow/example_dags/example_python_operator.py took 0.027 seconds
[2024-07-07T22:29:34.099+0000] {processor.py:161} INFO - Started process (PID=1701) to work on /home/airflow/.local/lib/python3.12/site-packages/airflow/example_dags/example_python_operator.py
[2024-07-07T22:29:34.100+0000] {processor.py:830} INFO - Processing file /home/airflow/.local/lib/python3.12/site-packages/airflow/example_dags/example_python_operator.py for tasks to queue
[2024-07-07T22:29:34.100+0000] {logging_mixin.py:188} INFO - [2024-07-07T22:29:34.100+0000] {dagbag.py:545} INFO - Filling up the DagBag from /home/airflow/.local/lib/python3.12/site-packages/airflow/example_dags/example_python_operator.py
[2024-07-07T22:29:34.105+0000] {processor.py:840} INFO - DAG(s) 'example_python_operator' retrieved from /home/airflow/.local/lib/python3.12/site-packages/airflow/example_dags/example_python_operator.py
[2024-07-07T22:29:34.113+0000] {logging_mixin.py:188} INFO - [2024-07-07T22:29:34.113+0000] {dag.py:3096} INFO - Sync 1 DAGs
[2024-07-07T22:29:34.118+0000] {logging_mixin.py:188} INFO - [2024-07-07T22:29:34.118+0000] {dag.py:3954} INFO - Setting next_dagrun for example_python_operator to None, run_after=None
[2024-07-07T22:29:34.123+0000] {processor.py:183} INFO - Processing /home/airflow/.local/lib/python3.12/site-packages/airflow/example_dags/example_python_operator.py took 0.026 seconds
[2024-07-07T22:30:04.465+0000] {processor.py:161} INFO - Started process (PID=1753) to work on /home/airflow/.local/lib/python3.12/site-packages/airflow/example_dags/example_python_operator.py
[2024-07-07T22:30:04.466+0000] {processor.py:830} INFO - Processing file /home/airflow/.local/lib/python3.12/site-packages/airflow/example_dags/example_python_operator.py for tasks to queue
[2024-07-07T22:30:04.466+0000] {logging_mixin.py:188} INFO - [2024-07-07T22:30:04.466+0000] {dagbag.py:545} INFO - Filling up the DagBag from /home/airflow/.local/lib/python3.12/site-packages/airflow/example_dags/example_python_operator.py
[2024-07-07T22:30:04.471+0000] {processor.py:840} INFO - DAG(s) 'example_python_operator' retrieved from /home/airflow/.local/lib/python3.12/site-packages/airflow/example_dags/example_python_operator.py
[2024-07-07T22:30:04.479+0000] {logging_mixin.py:188} INFO - [2024-07-07T22:30:04.479+0000] {dag.py:3096} INFO - Sync 1 DAGs
[2024-07-07T22:30:04.484+0000] {logging_mixin.py:188} INFO - [2024-07-07T22:30:04.484+0000] {dag.py:3954} INFO - Setting next_dagrun for example_python_operator to None, run_after=None
[2024-07-07T22:30:04.490+0000] {processor.py:183} INFO - Processing /home/airflow/.local/lib/python3.12/site-packages/airflow/example_dags/example_python_operator.py took 0.027 seconds
[2024-07-07T22:30:34.919+0000] {processor.py:161} INFO - Started process (PID=1805) to work on /home/airflow/.local/lib/python3.12/site-packages/airflow/example_dags/example_python_operator.py
[2024-07-07T22:30:34.920+0000] {processor.py:830} INFO - Processing file /home/airflow/.local/lib/python3.12/site-packages/airflow/example_dags/example_python_operator.py for tasks to queue
[2024-07-07T22:30:34.920+0000] {logging_mixin.py:188} INFO - [2024-07-07T22:30:34.920+0000] {dagbag.py:545} INFO - Filling up the DagBag from /home/airflow/.local/lib/python3.12/site-packages/airflow/example_dags/example_python_operator.py
[2024-07-07T22:30:34.925+0000] {processor.py:840} INFO - DAG(s) 'example_python_operator' retrieved from /home/airflow/.local/lib/python3.12/site-packages/airflow/example_dags/example_python_operator.py
[2024-07-07T22:30:34.933+0000] {logging_mixin.py:188} INFO - [2024-07-07T22:30:34.933+0000] {dag.py:3096} INFO - Sync 1 DAGs
[2024-07-07T22:30:34.938+0000] {logging_mixin.py:188} INFO - [2024-07-07T22:30:34.938+0000] {dag.py:3954} INFO - Setting next_dagrun for example_python_operator to None, run_after=None
[2024-07-07T22:30:34.943+0000] {processor.py:183} INFO - Processing /home/airflow/.local/lib/python3.12/site-packages/airflow/example_dags/example_python_operator.py took 0.027 seconds
[2024-07-07T22:31:05.954+0000] {processor.py:161} INFO - Started process (PID=1857) to work on /home/airflow/.local/lib/python3.12/site-packages/airflow/example_dags/example_python_operator.py
[2024-07-07T22:31:05.955+0000] {processor.py:830} INFO - Processing file /home/airflow/.local/lib/python3.12/site-packages/airflow/example_dags/example_python_operator.py for tasks to queue
[2024-07-07T22:31:05.956+0000] {logging_mixin.py:188} INFO - [2024-07-07T22:31:05.956+0000] {dagbag.py:545} INFO - Filling up the DagBag from /home/airflow/.local/lib/python3.12/site-packages/airflow/example_dags/example_python_operator.py
[2024-07-07T22:31:05.961+0000] {processor.py:840} INFO - DAG(s) 'example_python_operator' retrieved from /home/airflow/.local/lib/python3.12/site-packages/airflow/example_dags/example_python_operator.py
[2024-07-07T22:31:05.971+0000] {logging_mixin.py:188} INFO - [2024-07-07T22:31:05.971+0000] {dag.py:3096} INFO - Sync 1 DAGs
[2024-07-07T22:31:05.976+0000] {logging_mixin.py:188} INFO - [2024-07-07T22:31:05.976+0000] {dag.py:3954} INFO - Setting next_dagrun for example_python_operator to None, run_after=None
[2024-07-07T22:31:05.983+0000] {processor.py:183} INFO - Processing /home/airflow/.local/lib/python3.12/site-packages/airflow/example_dags/example_python_operator.py took 0.032 seconds
[2024-07-07T22:31:35.997+0000] {processor.py:161} INFO - Started process (PID=1909) to work on /home/airflow/.local/lib/python3.12/site-packages/airflow/example_dags/example_python_operator.py
[2024-07-07T22:31:35.997+0000] {processor.py:830} INFO - Processing file /home/airflow/.local/lib/python3.12/site-packages/airflow/example_dags/example_python_operator.py for tasks to queue
[2024-07-07T22:31:35.998+0000] {logging_mixin.py:188} INFO - [2024-07-07T22:31:35.998+0000] {dagbag.py:545} INFO - Filling up the DagBag from /home/airflow/.local/lib/python3.12/site-packages/airflow/example_dags/example_python_operator.py
[2024-07-07T22:31:36.002+0000] {processor.py:840} INFO - DAG(s) 'example_python_operator' retrieved from /home/airflow/.local/lib/python3.12/site-packages/airflow/example_dags/example_python_operator.py
[2024-07-07T22:31:36.010+0000] {logging_mixin.py:188} INFO - [2024-07-07T22:31:36.009+0000] {dag.py:3096} INFO - Sync 1 DAGs
[2024-07-07T22:31:36.014+0000] {logging_mixin.py:188} INFO - [2024-07-07T22:31:36.013+0000] {dag.py:3954} INFO - Setting next_dagrun for example_python_operator to None, run_after=None
[2024-07-07T22:31:36.019+0000] {processor.py:183} INFO - Processing /home/airflow/.local/lib/python3.12/site-packages/airflow/example_dags/example_python_operator.py took 0.024 seconds
[2024-07-07T22:32:06.941+0000] {processor.py:161} INFO - Started process (PID=1961) to work on /home/airflow/.local/lib/python3.12/site-packages/airflow/example_dags/example_python_operator.py
[2024-07-07T22:32:06.942+0000] {processor.py:830} INFO - Processing file /home/airflow/.local/lib/python3.12/site-packages/airflow/example_dags/example_python_operator.py for tasks to queue
[2024-07-07T22:32:06.942+0000] {logging_mixin.py:188} INFO - [2024-07-07T22:32:06.942+0000] {dagbag.py:545} INFO - Filling up the DagBag from /home/airflow/.local/lib/python3.12/site-packages/airflow/example_dags/example_python_operator.py
[2024-07-07T22:32:06.947+0000] {processor.py:840} INFO - DAG(s) 'example_python_operator' retrieved from /home/airflow/.local/lib/python3.12/site-packages/airflow/example_dags/example_python_operator.py
[2024-07-07T22:32:06.956+0000] {logging_mixin.py:188} INFO - [2024-07-07T22:32:06.956+0000] {dag.py:3096} INFO - Sync 1 DAGs
[2024-07-07T22:32:07.029+0000] {logging_mixin.py:188} INFO - [2024-07-07T22:32:07.029+0000] {dag.py:3954} INFO - Setting next_dagrun for example_python_operator to None, run_after=None
[2024-07-07T22:32:07.035+0000] {processor.py:183} INFO - Processing /home/airflow/.local/lib/python3.12/site-packages/airflow/example_dags/example_python_operator.py took 0.096 seconds
[2024-07-07T22:32:37.121+0000] {processor.py:161} INFO - Started process (PID=2013) to work on /home/airflow/.local/lib/python3.12/site-packages/airflow/example_dags/example_python_operator.py
[2024-07-07T22:32:37.121+0000] {processor.py:830} INFO - Processing file /home/airflow/.local/lib/python3.12/site-packages/airflow/example_dags/example_python_operator.py for tasks to queue
[2024-07-07T22:32:37.122+0000] {logging_mixin.py:188} INFO - [2024-07-07T22:32:37.122+0000] {dagbag.py:545} INFO - Filling up the DagBag from /home/airflow/.local/lib/python3.12/site-packages/airflow/example_dags/example_python_operator.py
[2024-07-07T22:32:37.126+0000] {processor.py:840} INFO - DAG(s) 'example_python_operator' retrieved from /home/airflow/.local/lib/python3.12/site-packages/airflow/example_dags/example_python_operator.py
[2024-07-07T22:32:37.134+0000] {logging_mixin.py:188} INFO - [2024-07-07T22:32:37.134+0000] {dag.py:3096} INFO - Sync 1 DAGs
[2024-07-07T22:32:37.139+0000] {logging_mixin.py:188} INFO - [2024-07-07T22:32:37.139+0000] {dag.py:3954} INFO - Setting next_dagrun for example_python_operator to None, run_after=None
[2024-07-07T22:32:37.145+0000] {processor.py:183} INFO - Processing /home/airflow/.local/lib/python3.12/site-packages/airflow/example_dags/example_python_operator.py took 0.027 seconds
[2024-07-07T22:33:07.502+0000] {processor.py:161} INFO - Started process (PID=2065) to work on /home/airflow/.local/lib/python3.12/site-packages/airflow/example_dags/example_python_operator.py
[2024-07-07T22:33:07.503+0000] {processor.py:830} INFO - Processing file /home/airflow/.local/lib/python3.12/site-packages/airflow/example_dags/example_python_operator.py for tasks to queue
[2024-07-07T22:33:07.504+0000] {logging_mixin.py:188} INFO - [2024-07-07T22:33:07.504+0000] {dagbag.py:545} INFO - Filling up the DagBag from /home/airflow/.local/lib/python3.12/site-packages/airflow/example_dags/example_python_operator.py
[2024-07-07T22:33:07.508+0000] {processor.py:840} INFO - DAG(s) 'example_python_operator' retrieved from /home/airflow/.local/lib/python3.12/site-packages/airflow/example_dags/example_python_operator.py
[2024-07-07T22:33:07.517+0000] {logging_mixin.py:188} INFO - [2024-07-07T22:33:07.517+0000] {dag.py:3096} INFO - Sync 1 DAGs
[2024-07-07T22:33:07.522+0000] {logging_mixin.py:188} INFO - [2024-07-07T22:33:07.522+0000] {dag.py:3954} INFO - Setting next_dagrun for example_python_operator to None, run_after=None
[2024-07-07T22:33:07.528+0000] {processor.py:183} INFO - Processing /home/airflow/.local/lib/python3.12/site-packages/airflow/example_dags/example_python_operator.py took 0.028 seconds
[2024-07-07T22:33:37.973+0000] {processor.py:161} INFO - Started process (PID=2117) to work on /home/airflow/.local/lib/python3.12/site-packages/airflow/example_dags/example_python_operator.py
[2024-07-07T22:33:37.973+0000] {processor.py:830} INFO - Processing file /home/airflow/.local/lib/python3.12/site-packages/airflow/example_dags/example_python_operator.py for tasks to queue
[2024-07-07T22:33:37.974+0000] {logging_mixin.py:188} INFO - [2024-07-07T22:33:37.974+0000] {dagbag.py:545} INFO - Filling up the DagBag from /home/airflow/.local/lib/python3.12/site-packages/airflow/example_dags/example_python_operator.py
[2024-07-07T22:33:37.978+0000] {processor.py:840} INFO - DAG(s) 'example_python_operator' retrieved from /home/airflow/.local/lib/python3.12/site-packages/airflow/example_dags/example_python_operator.py
[2024-07-07T22:33:37.985+0000] {logging_mixin.py:188} INFO - [2024-07-07T22:33:37.985+0000] {dag.py:3096} INFO - Sync 1 DAGs
[2024-07-07T22:33:37.989+0000] {logging_mixin.py:188} INFO - [2024-07-07T22:33:37.989+0000] {dag.py:3954} INFO - Setting next_dagrun for example_python_operator to None, run_after=None
[2024-07-07T22:33:37.994+0000] {processor.py:183} INFO - Processing /home/airflow/.local/lib/python3.12/site-packages/airflow/example_dags/example_python_operator.py took 0.023 seconds
