[2024-07-07T22:13:08.135+0000] {processor.py:161} INFO - Started process (PID=45) to work on /home/airflow/.local/lib/python3.12/site-packages/airflow/example_dags/example_kubernetes_executor.py
[2024-07-07T22:13:08.136+0000] {processor.py:830} INFO - Processing file /home/airflow/.local/lib/python3.12/site-packages/airflow/example_dags/example_kubernetes_executor.py for tasks to queue
[2024-07-07T22:13:08.138+0000] {logging_mixin.py:188} INFO - [2024-07-07T22:13:08.138+0000] {dagbag.py:545} INFO - Filling up the DagBag from /home/airflow/.local/lib/python3.12/site-packages/airflow/example_dags/example_kubernetes_executor.py
[2024-07-07T22:13:08.148+0000] {processor.py:840} INFO - DAG(s) 'example_kubernetes_executor' retrieved from /home/airflow/.local/lib/python3.12/site-packages/airflow/example_dags/example_kubernetes_executor.py
[2024-07-07T22:13:08.208+0000] {logging_mixin.py:188} INFO - [2024-07-07T22:13:08.208+0000] {override.py:1829} INFO - Created Permission View: can edit on DAG:example_kubernetes_executor
[2024-07-07T22:13:08.213+0000] {logging_mixin.py:188} INFO - [2024-07-07T22:13:08.213+0000] {override.py:1829} INFO - Created Permission View: can read on DAG:example_kubernetes_executor
[2024-07-07T22:13:08.215+0000] {logging_mixin.py:188} INFO - [2024-07-07T22:13:08.215+0000] {override.py:1829} INFO - Created Permission View: can delete on DAG:example_kubernetes_executor
[2024-07-07T22:13:08.216+0000] {logging_mixin.py:188} INFO - [2024-07-07T22:13:08.216+0000] {dag.py:3096} INFO - Sync 1 DAGs
[2024-07-07T22:13:08.222+0000] {logging_mixin.py:188} INFO - [2024-07-07T22:13:08.222+0000] {dag.py:3118} INFO - Creating ORM DAG for example_kubernetes_executor
[2024-07-07T22:13:08.223+0000] {logging_mixin.py:188} INFO - [2024-07-07T22:13:08.223+0000] {dag.py:3954} INFO - Setting next_dagrun for example_kubernetes_executor to None, run_after=None
[2024-07-07T22:13:08.236+0000] {processor.py:183} INFO - Processing /home/airflow/.local/lib/python3.12/site-packages/airflow/example_dags/example_kubernetes_executor.py took 0.104 seconds
[2024-07-07T22:13:52.982+0000] {processor.py:161} INFO - Started process (PID=45) to work on /home/airflow/.local/lib/python3.12/site-packages/airflow/example_dags/example_kubernetes_executor.py
[2024-07-07T22:13:52.983+0000] {processor.py:830} INFO - Processing file /home/airflow/.local/lib/python3.12/site-packages/airflow/example_dags/example_kubernetes_executor.py for tasks to queue
[2024-07-07T22:13:52.986+0000] {logging_mixin.py:188} INFO - [2024-07-07T22:13:52.985+0000] {dagbag.py:545} INFO - Filling up the DagBag from /home/airflow/.local/lib/python3.12/site-packages/airflow/example_dags/example_kubernetes_executor.py
[2024-07-07T22:13:52.996+0000] {processor.py:840} INFO - DAG(s) 'example_kubernetes_executor' retrieved from /home/airflow/.local/lib/python3.12/site-packages/airflow/example_dags/example_kubernetes_executor.py
[2024-07-07T22:13:53.009+0000] {logging_mixin.py:188} INFO - [2024-07-07T22:13:53.009+0000] {dag.py:3096} INFO - Sync 1 DAGs
[2024-07-07T22:13:53.018+0000] {logging_mixin.py:188} INFO - [2024-07-07T22:13:53.017+0000] {dag.py:3954} INFO - Setting next_dagrun for example_kubernetes_executor to None, run_after=None
[2024-07-07T22:13:53.031+0000] {processor.py:183} INFO - Processing /home/airflow/.local/lib/python3.12/site-packages/airflow/example_dags/example_kubernetes_executor.py took 0.052 seconds
[2024-07-07T22:14:23.166+0000] {processor.py:161} INFO - Started process (PID=97) to work on /home/airflow/.local/lib/python3.12/site-packages/airflow/example_dags/example_kubernetes_executor.py
[2024-07-07T22:14:23.167+0000] {processor.py:830} INFO - Processing file /home/airflow/.local/lib/python3.12/site-packages/airflow/example_dags/example_kubernetes_executor.py for tasks to queue
[2024-07-07T22:14:23.167+0000] {logging_mixin.py:188} INFO - [2024-07-07T22:14:23.167+0000] {dagbag.py:545} INFO - Filling up the DagBag from /home/airflow/.local/lib/python3.12/site-packages/airflow/example_dags/example_kubernetes_executor.py
[2024-07-07T22:14:23.172+0000] {processor.py:840} INFO - DAG(s) 'example_kubernetes_executor' retrieved from /home/airflow/.local/lib/python3.12/site-packages/airflow/example_dags/example_kubernetes_executor.py
[2024-07-07T22:14:23.217+0000] {logging_mixin.py:188} INFO - [2024-07-07T22:14:23.217+0000] {dag.py:3096} INFO - Sync 1 DAGs
[2024-07-07T22:14:23.224+0000] {logging_mixin.py:188} INFO - [2024-07-07T22:14:23.224+0000] {dag.py:3954} INFO - Setting next_dagrun for example_kubernetes_executor to None, run_after=None
[2024-07-07T22:14:23.231+0000] {processor.py:183} INFO - Processing /home/airflow/.local/lib/python3.12/site-packages/airflow/example_dags/example_kubernetes_executor.py took 0.066 seconds
[2024-07-07T22:14:53.256+0000] {processor.py:161} INFO - Started process (PID=149) to work on /home/airflow/.local/lib/python3.12/site-packages/airflow/example_dags/example_kubernetes_executor.py
[2024-07-07T22:14:53.256+0000] {processor.py:830} INFO - Processing file /home/airflow/.local/lib/python3.12/site-packages/airflow/example_dags/example_kubernetes_executor.py for tasks to queue
[2024-07-07T22:14:53.257+0000] {logging_mixin.py:188} INFO - [2024-07-07T22:14:53.257+0000] {dagbag.py:545} INFO - Filling up the DagBag from /home/airflow/.local/lib/python3.12/site-packages/airflow/example_dags/example_kubernetes_executor.py
[2024-07-07T22:14:53.262+0000] {processor.py:840} INFO - DAG(s) 'example_kubernetes_executor' retrieved from /home/airflow/.local/lib/python3.12/site-packages/airflow/example_dags/example_kubernetes_executor.py
[2024-07-07T22:14:53.276+0000] {logging_mixin.py:188} INFO - [2024-07-07T22:14:53.276+0000] {dag.py:3096} INFO - Sync 1 DAGs
[2024-07-07T22:14:53.280+0000] {logging_mixin.py:188} INFO - [2024-07-07T22:14:53.280+0000] {dag.py:3954} INFO - Setting next_dagrun for example_kubernetes_executor to None, run_after=None
[2024-07-07T22:14:53.285+0000] {processor.py:183} INFO - Processing /home/airflow/.local/lib/python3.12/site-packages/airflow/example_dags/example_kubernetes_executor.py took 0.031 seconds
[2024-07-07T22:15:23.556+0000] {processor.py:161} INFO - Started process (PID=201) to work on /home/airflow/.local/lib/python3.12/site-packages/airflow/example_dags/example_kubernetes_executor.py
[2024-07-07T22:15:23.556+0000] {processor.py:830} INFO - Processing file /home/airflow/.local/lib/python3.12/site-packages/airflow/example_dags/example_kubernetes_executor.py for tasks to queue
[2024-07-07T22:15:23.557+0000] {logging_mixin.py:188} INFO - [2024-07-07T22:15:23.557+0000] {dagbag.py:545} INFO - Filling up the DagBag from /home/airflow/.local/lib/python3.12/site-packages/airflow/example_dags/example_kubernetes_executor.py
[2024-07-07T22:15:23.561+0000] {processor.py:840} INFO - DAG(s) 'example_kubernetes_executor' retrieved from /home/airflow/.local/lib/python3.12/site-packages/airflow/example_dags/example_kubernetes_executor.py
[2024-07-07T22:15:23.573+0000] {logging_mixin.py:188} INFO - [2024-07-07T22:15:23.573+0000] {dag.py:3096} INFO - Sync 1 DAGs
[2024-07-07T22:15:23.577+0000] {logging_mixin.py:188} INFO - [2024-07-07T22:15:23.576+0000] {dag.py:3954} INFO - Setting next_dagrun for example_kubernetes_executor to None, run_after=None
[2024-07-07T22:15:23.582+0000] {processor.py:183} INFO - Processing /home/airflow/.local/lib/python3.12/site-packages/airflow/example_dags/example_kubernetes_executor.py took 0.028 seconds
[2024-07-07T22:15:53.805+0000] {processor.py:161} INFO - Started process (PID=265) to work on /home/airflow/.local/lib/python3.12/site-packages/airflow/example_dags/example_kubernetes_executor.py
[2024-07-07T22:15:53.805+0000] {processor.py:830} INFO - Processing file /home/airflow/.local/lib/python3.12/site-packages/airflow/example_dags/example_kubernetes_executor.py for tasks to queue
[2024-07-07T22:15:53.806+0000] {logging_mixin.py:188} INFO - [2024-07-07T22:15:53.806+0000] {dagbag.py:545} INFO - Filling up the DagBag from /home/airflow/.local/lib/python3.12/site-packages/airflow/example_dags/example_kubernetes_executor.py
[2024-07-07T22:15:53.810+0000] {processor.py:840} INFO - DAG(s) 'example_kubernetes_executor' retrieved from /home/airflow/.local/lib/python3.12/site-packages/airflow/example_dags/example_kubernetes_executor.py
[2024-07-07T22:15:53.822+0000] {logging_mixin.py:188} INFO - [2024-07-07T22:15:53.822+0000] {dag.py:3096} INFO - Sync 1 DAGs
[2024-07-07T22:15:53.826+0000] {logging_mixin.py:188} INFO - [2024-07-07T22:15:53.826+0000] {dag.py:3954} INFO - Setting next_dagrun for example_kubernetes_executor to None, run_after=None
[2024-07-07T22:15:53.832+0000] {processor.py:183} INFO - Processing /home/airflow/.local/lib/python3.12/site-packages/airflow/example_dags/example_kubernetes_executor.py took 0.029 seconds
[2024-07-07T22:16:24.000+0000] {processor.py:161} INFO - Started process (PID=324) to work on /home/airflow/.local/lib/python3.12/site-packages/airflow/example_dags/example_kubernetes_executor.py
[2024-07-07T22:16:24.000+0000] {processor.py:830} INFO - Processing file /home/airflow/.local/lib/python3.12/site-packages/airflow/example_dags/example_kubernetes_executor.py for tasks to queue
[2024-07-07T22:16:24.001+0000] {logging_mixin.py:188} INFO - [2024-07-07T22:16:24.001+0000] {dagbag.py:545} INFO - Filling up the DagBag from /home/airflow/.local/lib/python3.12/site-packages/airflow/example_dags/example_kubernetes_executor.py
[2024-07-07T22:16:24.005+0000] {processor.py:840} INFO - DAG(s) 'example_kubernetes_executor' retrieved from /home/airflow/.local/lib/python3.12/site-packages/airflow/example_dags/example_kubernetes_executor.py
[2024-07-07T22:16:24.019+0000] {logging_mixin.py:188} INFO - [2024-07-07T22:16:24.019+0000] {dag.py:3096} INFO - Sync 1 DAGs
[2024-07-07T22:16:24.026+0000] {logging_mixin.py:188} INFO - [2024-07-07T22:16:24.026+0000] {dag.py:3954} INFO - Setting next_dagrun for example_kubernetes_executor to None, run_after=None
[2024-07-07T22:16:24.033+0000] {processor.py:183} INFO - Processing /home/airflow/.local/lib/python3.12/site-packages/airflow/example_dags/example_kubernetes_executor.py took 0.035 seconds
[2024-07-07T22:16:54.215+0000] {processor.py:161} INFO - Started process (PID=391) to work on /home/airflow/.local/lib/python3.12/site-packages/airflow/example_dags/example_kubernetes_executor.py
[2024-07-07T22:16:54.216+0000] {processor.py:830} INFO - Processing file /home/airflow/.local/lib/python3.12/site-packages/airflow/example_dags/example_kubernetes_executor.py for tasks to queue
[2024-07-07T22:16:54.216+0000] {logging_mixin.py:188} INFO - [2024-07-07T22:16:54.216+0000] {dagbag.py:545} INFO - Filling up the DagBag from /home/airflow/.local/lib/python3.12/site-packages/airflow/example_dags/example_kubernetes_executor.py
[2024-07-07T22:16:54.221+0000] {processor.py:840} INFO - DAG(s) 'example_kubernetes_executor' retrieved from /home/airflow/.local/lib/python3.12/site-packages/airflow/example_dags/example_kubernetes_executor.py
[2024-07-07T22:16:54.233+0000] {logging_mixin.py:188} INFO - [2024-07-07T22:16:54.233+0000] {dag.py:3096} INFO - Sync 1 DAGs
[2024-07-07T22:16:54.238+0000] {logging_mixin.py:188} INFO - [2024-07-07T22:16:54.238+0000] {dag.py:3954} INFO - Setting next_dagrun for example_kubernetes_executor to None, run_after=None
[2024-07-07T22:16:54.244+0000] {processor.py:183} INFO - Processing /home/airflow/.local/lib/python3.12/site-packages/airflow/example_dags/example_kubernetes_executor.py took 0.031 seconds
[2024-07-07T22:17:24.446+0000] {processor.py:161} INFO - Started process (PID=444) to work on /home/airflow/.local/lib/python3.12/site-packages/airflow/example_dags/example_kubernetes_executor.py
[2024-07-07T22:17:24.446+0000] {processor.py:830} INFO - Processing file /home/airflow/.local/lib/python3.12/site-packages/airflow/example_dags/example_kubernetes_executor.py for tasks to queue
[2024-07-07T22:17:24.447+0000] {logging_mixin.py:188} INFO - [2024-07-07T22:17:24.447+0000] {dagbag.py:545} INFO - Filling up the DagBag from /home/airflow/.local/lib/python3.12/site-packages/airflow/example_dags/example_kubernetes_executor.py
[2024-07-07T22:17:24.452+0000] {processor.py:840} INFO - DAG(s) 'example_kubernetes_executor' retrieved from /home/airflow/.local/lib/python3.12/site-packages/airflow/example_dags/example_kubernetes_executor.py
[2024-07-07T22:17:24.466+0000] {logging_mixin.py:188} INFO - [2024-07-07T22:17:24.466+0000] {dag.py:3096} INFO - Sync 1 DAGs
[2024-07-07T22:17:24.472+0000] {logging_mixin.py:188} INFO - [2024-07-07T22:17:24.471+0000] {dag.py:3954} INFO - Setting next_dagrun for example_kubernetes_executor to None, run_after=None
[2024-07-07T22:17:24.479+0000] {processor.py:183} INFO - Processing /home/airflow/.local/lib/python3.12/site-packages/airflow/example_dags/example_kubernetes_executor.py took 0.035 seconds
[2024-07-07T22:17:54.787+0000] {processor.py:161} INFO - Started process (PID=498) to work on /home/airflow/.local/lib/python3.12/site-packages/airflow/example_dags/example_kubernetes_executor.py
[2024-07-07T22:17:54.788+0000] {processor.py:830} INFO - Processing file /home/airflow/.local/lib/python3.12/site-packages/airflow/example_dags/example_kubernetes_executor.py for tasks to queue
[2024-07-07T22:17:54.789+0000] {logging_mixin.py:188} INFO - [2024-07-07T22:17:54.789+0000] {dagbag.py:545} INFO - Filling up the DagBag from /home/airflow/.local/lib/python3.12/site-packages/airflow/example_dags/example_kubernetes_executor.py
[2024-07-07T22:17:54.794+0000] {processor.py:840} INFO - DAG(s) 'example_kubernetes_executor' retrieved from /home/airflow/.local/lib/python3.12/site-packages/airflow/example_dags/example_kubernetes_executor.py
[2024-07-07T22:17:54.808+0000] {logging_mixin.py:188} INFO - [2024-07-07T22:17:54.808+0000] {dag.py:3096} INFO - Sync 1 DAGs
[2024-07-07T22:17:54.813+0000] {logging_mixin.py:188} INFO - [2024-07-07T22:17:54.813+0000] {dag.py:3954} INFO - Setting next_dagrun for example_kubernetes_executor to None, run_after=None
[2024-07-07T22:17:54.820+0000] {processor.py:183} INFO - Processing /home/airflow/.local/lib/python3.12/site-packages/airflow/example_dags/example_kubernetes_executor.py took 0.035 seconds
[2024-07-07T22:18:25.323+0000] {processor.py:161} INFO - Started process (PID=550) to work on /home/airflow/.local/lib/python3.12/site-packages/airflow/example_dags/example_kubernetes_executor.py
[2024-07-07T22:18:25.324+0000] {processor.py:830} INFO - Processing file /home/airflow/.local/lib/python3.12/site-packages/airflow/example_dags/example_kubernetes_executor.py for tasks to queue
[2024-07-07T22:18:25.324+0000] {logging_mixin.py:188} INFO - [2024-07-07T22:18:25.324+0000] {dagbag.py:545} INFO - Filling up the DagBag from /home/airflow/.local/lib/python3.12/site-packages/airflow/example_dags/example_kubernetes_executor.py
[2024-07-07T22:18:25.329+0000] {processor.py:840} INFO - DAG(s) 'example_kubernetes_executor' retrieved from /home/airflow/.local/lib/python3.12/site-packages/airflow/example_dags/example_kubernetes_executor.py
[2024-07-07T22:18:25.342+0000] {logging_mixin.py:188} INFO - [2024-07-07T22:18:25.342+0000] {dag.py:3096} INFO - Sync 1 DAGs
[2024-07-07T22:18:25.346+0000] {logging_mixin.py:188} INFO - [2024-07-07T22:18:25.346+0000] {dag.py:3954} INFO - Setting next_dagrun for example_kubernetes_executor to None, run_after=None
[2024-07-07T22:18:25.352+0000] {processor.py:183} INFO - Processing /home/airflow/.local/lib/python3.12/site-packages/airflow/example_dags/example_kubernetes_executor.py took 0.031 seconds
[2024-07-07T22:18:55.634+0000] {processor.py:161} INFO - Started process (PID=602) to work on /home/airflow/.local/lib/python3.12/site-packages/airflow/example_dags/example_kubernetes_executor.py
[2024-07-07T22:18:55.634+0000] {processor.py:830} INFO - Processing file /home/airflow/.local/lib/python3.12/site-packages/airflow/example_dags/example_kubernetes_executor.py for tasks to queue
[2024-07-07T22:18:55.635+0000] {logging_mixin.py:188} INFO - [2024-07-07T22:18:55.635+0000] {dagbag.py:545} INFO - Filling up the DagBag from /home/airflow/.local/lib/python3.12/site-packages/airflow/example_dags/example_kubernetes_executor.py
[2024-07-07T22:18:55.639+0000] {processor.py:840} INFO - DAG(s) 'example_kubernetes_executor' retrieved from /home/airflow/.local/lib/python3.12/site-packages/airflow/example_dags/example_kubernetes_executor.py
[2024-07-07T22:18:55.652+0000] {logging_mixin.py:188} INFO - [2024-07-07T22:18:55.652+0000] {dag.py:3096} INFO - Sync 1 DAGs
[2024-07-07T22:18:55.657+0000] {logging_mixin.py:188} INFO - [2024-07-07T22:18:55.657+0000] {dag.py:3954} INFO - Setting next_dagrun for example_kubernetes_executor to None, run_after=None
[2024-07-07T22:18:55.663+0000] {processor.py:183} INFO - Processing /home/airflow/.local/lib/python3.12/site-packages/airflow/example_dags/example_kubernetes_executor.py took 0.031 seconds
[2024-07-07T22:19:25.919+0000] {processor.py:161} INFO - Started process (PID=654) to work on /home/airflow/.local/lib/python3.12/site-packages/airflow/example_dags/example_kubernetes_executor.py
[2024-07-07T22:19:25.919+0000] {processor.py:830} INFO - Processing file /home/airflow/.local/lib/python3.12/site-packages/airflow/example_dags/example_kubernetes_executor.py for tasks to queue
[2024-07-07T22:19:25.920+0000] {logging_mixin.py:188} INFO - [2024-07-07T22:19:25.920+0000] {dagbag.py:545} INFO - Filling up the DagBag from /home/airflow/.local/lib/python3.12/site-packages/airflow/example_dags/example_kubernetes_executor.py
[2024-07-07T22:19:25.924+0000] {processor.py:840} INFO - DAG(s) 'example_kubernetes_executor' retrieved from /home/airflow/.local/lib/python3.12/site-packages/airflow/example_dags/example_kubernetes_executor.py
[2024-07-07T22:19:25.938+0000] {logging_mixin.py:188} INFO - [2024-07-07T22:19:25.937+0000] {dag.py:3096} INFO - Sync 1 DAGs
[2024-07-07T22:19:25.942+0000] {logging_mixin.py:188} INFO - [2024-07-07T22:19:25.942+0000] {dag.py:3954} INFO - Setting next_dagrun for example_kubernetes_executor to None, run_after=None
[2024-07-07T22:19:25.948+0000] {processor.py:183} INFO - Processing /home/airflow/.local/lib/python3.12/site-packages/airflow/example_dags/example_kubernetes_executor.py took 0.031 seconds
[2024-07-07T22:19:56.207+0000] {processor.py:161} INFO - Started process (PID=706) to work on /home/airflow/.local/lib/python3.12/site-packages/airflow/example_dags/example_kubernetes_executor.py
[2024-07-07T22:19:56.208+0000] {processor.py:830} INFO - Processing file /home/airflow/.local/lib/python3.12/site-packages/airflow/example_dags/example_kubernetes_executor.py for tasks to queue
[2024-07-07T22:19:56.208+0000] {logging_mixin.py:188} INFO - [2024-07-07T22:19:56.208+0000] {dagbag.py:545} INFO - Filling up the DagBag from /home/airflow/.local/lib/python3.12/site-packages/airflow/example_dags/example_kubernetes_executor.py
[2024-07-07T22:19:56.213+0000] {processor.py:840} INFO - DAG(s) 'example_kubernetes_executor' retrieved from /home/airflow/.local/lib/python3.12/site-packages/airflow/example_dags/example_kubernetes_executor.py
[2024-07-07T22:19:56.228+0000] {logging_mixin.py:188} INFO - [2024-07-07T22:19:56.228+0000] {dag.py:3096} INFO - Sync 1 DAGs
[2024-07-07T22:19:56.233+0000] {logging_mixin.py:188} INFO - [2024-07-07T22:19:56.233+0000] {dag.py:3954} INFO - Setting next_dagrun for example_kubernetes_executor to None, run_after=None
[2024-07-07T22:19:56.239+0000] {processor.py:183} INFO - Processing /home/airflow/.local/lib/python3.12/site-packages/airflow/example_dags/example_kubernetes_executor.py took 0.034 seconds
[2024-07-07T22:20:26.518+0000] {processor.py:161} INFO - Started process (PID=758) to work on /home/airflow/.local/lib/python3.12/site-packages/airflow/example_dags/example_kubernetes_executor.py
[2024-07-07T22:20:26.518+0000] {processor.py:830} INFO - Processing file /home/airflow/.local/lib/python3.12/site-packages/airflow/example_dags/example_kubernetes_executor.py for tasks to queue
[2024-07-07T22:20:26.519+0000] {logging_mixin.py:188} INFO - [2024-07-07T22:20:26.519+0000] {dagbag.py:545} INFO - Filling up the DagBag from /home/airflow/.local/lib/python3.12/site-packages/airflow/example_dags/example_kubernetes_executor.py
[2024-07-07T22:20:26.523+0000] {processor.py:840} INFO - DAG(s) 'example_kubernetes_executor' retrieved from /home/airflow/.local/lib/python3.12/site-packages/airflow/example_dags/example_kubernetes_executor.py
[2024-07-07T22:20:26.537+0000] {logging_mixin.py:188} INFO - [2024-07-07T22:20:26.537+0000] {dag.py:3096} INFO - Sync 1 DAGs
[2024-07-07T22:20:26.542+0000] {logging_mixin.py:188} INFO - [2024-07-07T22:20:26.542+0000] {dag.py:3954} INFO - Setting next_dagrun for example_kubernetes_executor to None, run_after=None
[2024-07-07T22:20:26.549+0000] {processor.py:183} INFO - Processing /home/airflow/.local/lib/python3.12/site-packages/airflow/example_dags/example_kubernetes_executor.py took 0.033 seconds
[2024-07-07T22:20:56.797+0000] {processor.py:161} INFO - Started process (PID=810) to work on /home/airflow/.local/lib/python3.12/site-packages/airflow/example_dags/example_kubernetes_executor.py
[2024-07-07T22:20:56.797+0000] {processor.py:830} INFO - Processing file /home/airflow/.local/lib/python3.12/site-packages/airflow/example_dags/example_kubernetes_executor.py for tasks to queue
[2024-07-07T22:20:56.799+0000] {logging_mixin.py:188} INFO - [2024-07-07T22:20:56.799+0000] {dagbag.py:545} INFO - Filling up the DagBag from /home/airflow/.local/lib/python3.12/site-packages/airflow/example_dags/example_kubernetes_executor.py
[2024-07-07T22:20:56.804+0000] {processor.py:840} INFO - DAG(s) 'example_kubernetes_executor' retrieved from /home/airflow/.local/lib/python3.12/site-packages/airflow/example_dags/example_kubernetes_executor.py
[2024-07-07T22:20:56.817+0000] {logging_mixin.py:188} INFO - [2024-07-07T22:20:56.816+0000] {dag.py:3096} INFO - Sync 1 DAGs
[2024-07-07T22:20:56.821+0000] {logging_mixin.py:188} INFO - [2024-07-07T22:20:56.821+0000] {dag.py:3954} INFO - Setting next_dagrun for example_kubernetes_executor to None, run_after=None
[2024-07-07T22:20:56.827+0000] {processor.py:183} INFO - Processing /home/airflow/.local/lib/python3.12/site-packages/airflow/example_dags/example_kubernetes_executor.py took 0.032 seconds
[2024-07-07T22:21:27.094+0000] {processor.py:161} INFO - Started process (PID=862) to work on /home/airflow/.local/lib/python3.12/site-packages/airflow/example_dags/example_kubernetes_executor.py
[2024-07-07T22:21:27.094+0000] {processor.py:830} INFO - Processing file /home/airflow/.local/lib/python3.12/site-packages/airflow/example_dags/example_kubernetes_executor.py for tasks to queue
[2024-07-07T22:21:27.095+0000] {logging_mixin.py:188} INFO - [2024-07-07T22:21:27.095+0000] {dagbag.py:545} INFO - Filling up the DagBag from /home/airflow/.local/lib/python3.12/site-packages/airflow/example_dags/example_kubernetes_executor.py
[2024-07-07T22:21:27.100+0000] {processor.py:840} INFO - DAG(s) 'example_kubernetes_executor' retrieved from /home/airflow/.local/lib/python3.12/site-packages/airflow/example_dags/example_kubernetes_executor.py
[2024-07-07T22:21:27.113+0000] {logging_mixin.py:188} INFO - [2024-07-07T22:21:27.113+0000] {dag.py:3096} INFO - Sync 1 DAGs
[2024-07-07T22:21:27.118+0000] {logging_mixin.py:188} INFO - [2024-07-07T22:21:27.118+0000] {dag.py:3954} INFO - Setting next_dagrun for example_kubernetes_executor to None, run_after=None
[2024-07-07T22:21:27.124+0000] {processor.py:183} INFO - Processing /home/airflow/.local/lib/python3.12/site-packages/airflow/example_dags/example_kubernetes_executor.py took 0.032 seconds
[2024-07-07T22:21:57.492+0000] {processor.py:161} INFO - Started process (PID=914) to work on /home/airflow/.local/lib/python3.12/site-packages/airflow/example_dags/example_kubernetes_executor.py
[2024-07-07T22:21:57.494+0000] {processor.py:830} INFO - Processing file /home/airflow/.local/lib/python3.12/site-packages/airflow/example_dags/example_kubernetes_executor.py for tasks to queue
[2024-07-07T22:21:57.495+0000] {logging_mixin.py:188} INFO - [2024-07-07T22:21:57.494+0000] {dagbag.py:545} INFO - Filling up the DagBag from /home/airflow/.local/lib/python3.12/site-packages/airflow/example_dags/example_kubernetes_executor.py
[2024-07-07T22:21:57.501+0000] {processor.py:840} INFO - DAG(s) 'example_kubernetes_executor' retrieved from /home/airflow/.local/lib/python3.12/site-packages/airflow/example_dags/example_kubernetes_executor.py
[2024-07-07T22:21:57.515+0000] {logging_mixin.py:188} INFO - [2024-07-07T22:21:57.514+0000] {dag.py:3096} INFO - Sync 1 DAGs
[2024-07-07T22:21:57.519+0000] {logging_mixin.py:188} INFO - [2024-07-07T22:21:57.519+0000] {dag.py:3954} INFO - Setting next_dagrun for example_kubernetes_executor to None, run_after=None
[2024-07-07T22:21:57.525+0000] {processor.py:183} INFO - Processing /home/airflow/.local/lib/python3.12/site-packages/airflow/example_dags/example_kubernetes_executor.py took 0.036 seconds
[2024-07-07T22:22:27.809+0000] {processor.py:161} INFO - Started process (PID=966) to work on /home/airflow/.local/lib/python3.12/site-packages/airflow/example_dags/example_kubernetes_executor.py
[2024-07-07T22:22:27.810+0000] {processor.py:830} INFO - Processing file /home/airflow/.local/lib/python3.12/site-packages/airflow/example_dags/example_kubernetes_executor.py for tasks to queue
[2024-07-07T22:22:27.810+0000] {logging_mixin.py:188} INFO - [2024-07-07T22:22:27.810+0000] {dagbag.py:545} INFO - Filling up the DagBag from /home/airflow/.local/lib/python3.12/site-packages/airflow/example_dags/example_kubernetes_executor.py
[2024-07-07T22:22:27.815+0000] {processor.py:840} INFO - DAG(s) 'example_kubernetes_executor' retrieved from /home/airflow/.local/lib/python3.12/site-packages/airflow/example_dags/example_kubernetes_executor.py
[2024-07-07T22:22:27.830+0000] {logging_mixin.py:188} INFO - [2024-07-07T22:22:27.830+0000] {dag.py:3096} INFO - Sync 1 DAGs
[2024-07-07T22:22:27.835+0000] {logging_mixin.py:188} INFO - [2024-07-07T22:22:27.835+0000] {dag.py:3954} INFO - Setting next_dagrun for example_kubernetes_executor to None, run_after=None
[2024-07-07T22:22:27.842+0000] {processor.py:183} INFO - Processing /home/airflow/.local/lib/python3.12/site-packages/airflow/example_dags/example_kubernetes_executor.py took 0.035 seconds
[2024-07-07T22:22:58.126+0000] {processor.py:161} INFO - Started process (PID=1018) to work on /home/airflow/.local/lib/python3.12/site-packages/airflow/example_dags/example_kubernetes_executor.py
[2024-07-07T22:22:58.126+0000] {processor.py:830} INFO - Processing file /home/airflow/.local/lib/python3.12/site-packages/airflow/example_dags/example_kubernetes_executor.py for tasks to queue
[2024-07-07T22:22:58.127+0000] {logging_mixin.py:188} INFO - [2024-07-07T22:22:58.127+0000] {dagbag.py:545} INFO - Filling up the DagBag from /home/airflow/.local/lib/python3.12/site-packages/airflow/example_dags/example_kubernetes_executor.py
[2024-07-07T22:22:58.131+0000] {processor.py:840} INFO - DAG(s) 'example_kubernetes_executor' retrieved from /home/airflow/.local/lib/python3.12/site-packages/airflow/example_dags/example_kubernetes_executor.py
[2024-07-07T22:22:58.145+0000] {logging_mixin.py:188} INFO - [2024-07-07T22:22:58.145+0000] {dag.py:3096} INFO - Sync 1 DAGs
[2024-07-07T22:22:58.150+0000] {logging_mixin.py:188} INFO - [2024-07-07T22:22:58.150+0000] {dag.py:3954} INFO - Setting next_dagrun for example_kubernetes_executor to None, run_after=None
[2024-07-07T22:22:58.157+0000] {processor.py:183} INFO - Processing /home/airflow/.local/lib/python3.12/site-packages/airflow/example_dags/example_kubernetes_executor.py took 0.033 seconds
[2024-07-07T22:23:28.461+0000] {processor.py:161} INFO - Started process (PID=1070) to work on /home/airflow/.local/lib/python3.12/site-packages/airflow/example_dags/example_kubernetes_executor.py
[2024-07-07T22:23:28.462+0000] {processor.py:830} INFO - Processing file /home/airflow/.local/lib/python3.12/site-packages/airflow/example_dags/example_kubernetes_executor.py for tasks to queue
[2024-07-07T22:23:28.462+0000] {logging_mixin.py:188} INFO - [2024-07-07T22:23:28.462+0000] {dagbag.py:545} INFO - Filling up the DagBag from /home/airflow/.local/lib/python3.12/site-packages/airflow/example_dags/example_kubernetes_executor.py
[2024-07-07T22:23:28.467+0000] {processor.py:840} INFO - DAG(s) 'example_kubernetes_executor' retrieved from /home/airflow/.local/lib/python3.12/site-packages/airflow/example_dags/example_kubernetes_executor.py
[2024-07-07T22:23:28.480+0000] {logging_mixin.py:188} INFO - [2024-07-07T22:23:28.480+0000] {dag.py:3096} INFO - Sync 1 DAGs
[2024-07-07T22:23:28.485+0000] {logging_mixin.py:188} INFO - [2024-07-07T22:23:28.485+0000] {dag.py:3954} INFO - Setting next_dagrun for example_kubernetes_executor to None, run_after=None
[2024-07-07T22:23:28.491+0000] {processor.py:183} INFO - Processing /home/airflow/.local/lib/python3.12/site-packages/airflow/example_dags/example_kubernetes_executor.py took 0.032 seconds
[2024-07-07T22:23:58.812+0000] {processor.py:161} INFO - Started process (PID=1122) to work on /home/airflow/.local/lib/python3.12/site-packages/airflow/example_dags/example_kubernetes_executor.py
[2024-07-07T22:23:58.812+0000] {processor.py:830} INFO - Processing file /home/airflow/.local/lib/python3.12/site-packages/airflow/example_dags/example_kubernetes_executor.py for tasks to queue
[2024-07-07T22:23:58.813+0000] {logging_mixin.py:188} INFO - [2024-07-07T22:23:58.813+0000] {dagbag.py:545} INFO - Filling up the DagBag from /home/airflow/.local/lib/python3.12/site-packages/airflow/example_dags/example_kubernetes_executor.py
[2024-07-07T22:23:58.817+0000] {processor.py:840} INFO - DAG(s) 'example_kubernetes_executor' retrieved from /home/airflow/.local/lib/python3.12/site-packages/airflow/example_dags/example_kubernetes_executor.py
[2024-07-07T22:23:58.831+0000] {logging_mixin.py:188} INFO - [2024-07-07T22:23:58.831+0000] {dag.py:3096} INFO - Sync 1 DAGs
[2024-07-07T22:23:58.838+0000] {logging_mixin.py:188} INFO - [2024-07-07T22:23:58.838+0000] {dag.py:3954} INFO - Setting next_dagrun for example_kubernetes_executor to None, run_after=None
[2024-07-07T22:23:58.845+0000] {processor.py:183} INFO - Processing /home/airflow/.local/lib/python3.12/site-packages/airflow/example_dags/example_kubernetes_executor.py took 0.035 seconds
[2024-07-07T22:24:29.161+0000] {processor.py:161} INFO - Started process (PID=1174) to work on /home/airflow/.local/lib/python3.12/site-packages/airflow/example_dags/example_kubernetes_executor.py
[2024-07-07T22:24:29.162+0000] {processor.py:830} INFO - Processing file /home/airflow/.local/lib/python3.12/site-packages/airflow/example_dags/example_kubernetes_executor.py for tasks to queue
[2024-07-07T22:24:29.162+0000] {logging_mixin.py:188} INFO - [2024-07-07T22:24:29.162+0000] {dagbag.py:545} INFO - Filling up the DagBag from /home/airflow/.local/lib/python3.12/site-packages/airflow/example_dags/example_kubernetes_executor.py
[2024-07-07T22:24:29.166+0000] {processor.py:840} INFO - DAG(s) 'example_kubernetes_executor' retrieved from /home/airflow/.local/lib/python3.12/site-packages/airflow/example_dags/example_kubernetes_executor.py
[2024-07-07T22:24:29.178+0000] {logging_mixin.py:188} INFO - [2024-07-07T22:24:29.178+0000] {dag.py:3096} INFO - Sync 1 DAGs
[2024-07-07T22:24:29.182+0000] {logging_mixin.py:188} INFO - [2024-07-07T22:24:29.181+0000] {dag.py:3954} INFO - Setting next_dagrun for example_kubernetes_executor to None, run_after=None
[2024-07-07T22:24:29.186+0000] {processor.py:183} INFO - Processing /home/airflow/.local/lib/python3.12/site-packages/airflow/example_dags/example_kubernetes_executor.py took 0.027 seconds
[2024-07-07T22:24:59.590+0000] {processor.py:161} INFO - Started process (PID=1226) to work on /home/airflow/.local/lib/python3.12/site-packages/airflow/example_dags/example_kubernetes_executor.py
[2024-07-07T22:24:59.591+0000] {processor.py:830} INFO - Processing file /home/airflow/.local/lib/python3.12/site-packages/airflow/example_dags/example_kubernetes_executor.py for tasks to queue
[2024-07-07T22:24:59.592+0000] {logging_mixin.py:188} INFO - [2024-07-07T22:24:59.591+0000] {dagbag.py:545} INFO - Filling up the DagBag from /home/airflow/.local/lib/python3.12/site-packages/airflow/example_dags/example_kubernetes_executor.py
[2024-07-07T22:24:59.597+0000] {processor.py:840} INFO - DAG(s) 'example_kubernetes_executor' retrieved from /home/airflow/.local/lib/python3.12/site-packages/airflow/example_dags/example_kubernetes_executor.py
[2024-07-07T22:24:59.611+0000] {logging_mixin.py:188} INFO - [2024-07-07T22:24:59.611+0000] {dag.py:3096} INFO - Sync 1 DAGs
[2024-07-07T22:24:59.616+0000] {logging_mixin.py:188} INFO - [2024-07-07T22:24:59.616+0000] {dag.py:3954} INFO - Setting next_dagrun for example_kubernetes_executor to None, run_after=None
[2024-07-07T22:24:59.623+0000] {processor.py:183} INFO - Processing /home/airflow/.local/lib/python3.12/site-packages/airflow/example_dags/example_kubernetes_executor.py took 0.035 seconds
[2024-07-07T22:25:30.146+0000] {processor.py:161} INFO - Started process (PID=1278) to work on /home/airflow/.local/lib/python3.12/site-packages/airflow/example_dags/example_kubernetes_executor.py
[2024-07-07T22:25:30.146+0000] {processor.py:830} INFO - Processing file /home/airflow/.local/lib/python3.12/site-packages/airflow/example_dags/example_kubernetes_executor.py for tasks to queue
[2024-07-07T22:25:30.147+0000] {logging_mixin.py:188} INFO - [2024-07-07T22:25:30.147+0000] {dagbag.py:545} INFO - Filling up the DagBag from /home/airflow/.local/lib/python3.12/site-packages/airflow/example_dags/example_kubernetes_executor.py
[2024-07-07T22:25:30.152+0000] {processor.py:840} INFO - DAG(s) 'example_kubernetes_executor' retrieved from /home/airflow/.local/lib/python3.12/site-packages/airflow/example_dags/example_kubernetes_executor.py
[2024-07-07T22:25:30.168+0000] {logging_mixin.py:188} INFO - [2024-07-07T22:25:30.167+0000] {dag.py:3096} INFO - Sync 1 DAGs
[2024-07-07T22:25:30.173+0000] {logging_mixin.py:188} INFO - [2024-07-07T22:25:30.173+0000] {dag.py:3954} INFO - Setting next_dagrun for example_kubernetes_executor to None, run_after=None
[2024-07-07T22:25:30.181+0000] {processor.py:183} INFO - Processing /home/airflow/.local/lib/python3.12/site-packages/airflow/example_dags/example_kubernetes_executor.py took 0.038 seconds
[2024-07-07T22:26:00.556+0000] {processor.py:161} INFO - Started process (PID=1330) to work on /home/airflow/.local/lib/python3.12/site-packages/airflow/example_dags/example_kubernetes_executor.py
[2024-07-07T22:26:00.557+0000] {processor.py:830} INFO - Processing file /home/airflow/.local/lib/python3.12/site-packages/airflow/example_dags/example_kubernetes_executor.py for tasks to queue
[2024-07-07T22:26:00.557+0000] {logging_mixin.py:188} INFO - [2024-07-07T22:26:00.557+0000] {dagbag.py:545} INFO - Filling up the DagBag from /home/airflow/.local/lib/python3.12/site-packages/airflow/example_dags/example_kubernetes_executor.py
[2024-07-07T22:26:00.562+0000] {processor.py:840} INFO - DAG(s) 'example_kubernetes_executor' retrieved from /home/airflow/.local/lib/python3.12/site-packages/airflow/example_dags/example_kubernetes_executor.py
[2024-07-07T22:26:00.585+0000] {logging_mixin.py:188} INFO - [2024-07-07T22:26:00.585+0000] {dag.py:3096} INFO - Sync 1 DAGs
[2024-07-07T22:26:00.591+0000] {logging_mixin.py:188} INFO - [2024-07-07T22:26:00.590+0000] {dag.py:3954} INFO - Setting next_dagrun for example_kubernetes_executor to None, run_after=None
[2024-07-07T22:26:00.602+0000] {processor.py:183} INFO - Processing /home/airflow/.local/lib/python3.12/site-packages/airflow/example_dags/example_kubernetes_executor.py took 0.048 seconds
[2024-07-07T22:26:31.041+0000] {processor.py:161} INFO - Started process (PID=1382) to work on /home/airflow/.local/lib/python3.12/site-packages/airflow/example_dags/example_kubernetes_executor.py
[2024-07-07T22:26:31.042+0000] {processor.py:830} INFO - Processing file /home/airflow/.local/lib/python3.12/site-packages/airflow/example_dags/example_kubernetes_executor.py for tasks to queue
[2024-07-07T22:26:31.042+0000] {logging_mixin.py:188} INFO - [2024-07-07T22:26:31.042+0000] {dagbag.py:545} INFO - Filling up the DagBag from /home/airflow/.local/lib/python3.12/site-packages/airflow/example_dags/example_kubernetes_executor.py
[2024-07-07T22:26:31.046+0000] {processor.py:840} INFO - DAG(s) 'example_kubernetes_executor' retrieved from /home/airflow/.local/lib/python3.12/site-packages/airflow/example_dags/example_kubernetes_executor.py
[2024-07-07T22:26:31.059+0000] {logging_mixin.py:188} INFO - [2024-07-07T22:26:31.059+0000] {dag.py:3096} INFO - Sync 1 DAGs
[2024-07-07T22:26:31.064+0000] {logging_mixin.py:188} INFO - [2024-07-07T22:26:31.064+0000] {dag.py:3954} INFO - Setting next_dagrun for example_kubernetes_executor to None, run_after=None
[2024-07-07T22:26:31.070+0000] {processor.py:183} INFO - Processing /home/airflow/.local/lib/python3.12/site-packages/airflow/example_dags/example_kubernetes_executor.py took 0.031 seconds
[2024-07-07T22:27:01.340+0000] {processor.py:161} INFO - Started process (PID=1434) to work on /home/airflow/.local/lib/python3.12/site-packages/airflow/example_dags/example_kubernetes_executor.py
[2024-07-07T22:27:01.341+0000] {processor.py:830} INFO - Processing file /home/airflow/.local/lib/python3.12/site-packages/airflow/example_dags/example_kubernetes_executor.py for tasks to queue
[2024-07-07T22:27:01.341+0000] {logging_mixin.py:188} INFO - [2024-07-07T22:27:01.341+0000] {dagbag.py:545} INFO - Filling up the DagBag from /home/airflow/.local/lib/python3.12/site-packages/airflow/example_dags/example_kubernetes_executor.py
[2024-07-07T22:27:01.346+0000] {processor.py:840} INFO - DAG(s) 'example_kubernetes_executor' retrieved from /home/airflow/.local/lib/python3.12/site-packages/airflow/example_dags/example_kubernetes_executor.py
[2024-07-07T22:27:01.359+0000] {logging_mixin.py:188} INFO - [2024-07-07T22:27:01.359+0000] {dag.py:3096} INFO - Sync 1 DAGs
[2024-07-07T22:27:01.363+0000] {logging_mixin.py:188} INFO - [2024-07-07T22:27:01.363+0000] {dag.py:3954} INFO - Setting next_dagrun for example_kubernetes_executor to None, run_after=None
[2024-07-07T22:27:01.370+0000] {processor.py:183} INFO - Processing /home/airflow/.local/lib/python3.12/site-packages/airflow/example_dags/example_kubernetes_executor.py took 0.032 seconds
[2024-07-07T22:27:31.609+0000] {processor.py:161} INFO - Started process (PID=1486) to work on /home/airflow/.local/lib/python3.12/site-packages/airflow/example_dags/example_kubernetes_executor.py
[2024-07-07T22:27:31.610+0000] {processor.py:830} INFO - Processing file /home/airflow/.local/lib/python3.12/site-packages/airflow/example_dags/example_kubernetes_executor.py for tasks to queue
[2024-07-07T22:27:31.610+0000] {logging_mixin.py:188} INFO - [2024-07-07T22:27:31.610+0000] {dagbag.py:545} INFO - Filling up the DagBag from /home/airflow/.local/lib/python3.12/site-packages/airflow/example_dags/example_kubernetes_executor.py
[2024-07-07T22:27:31.615+0000] {processor.py:840} INFO - DAG(s) 'example_kubernetes_executor' retrieved from /home/airflow/.local/lib/python3.12/site-packages/airflow/example_dags/example_kubernetes_executor.py
[2024-07-07T22:27:31.628+0000] {logging_mixin.py:188} INFO - [2024-07-07T22:27:31.628+0000] {dag.py:3096} INFO - Sync 1 DAGs
[2024-07-07T22:27:31.632+0000] {logging_mixin.py:188} INFO - [2024-07-07T22:27:31.632+0000] {dag.py:3954} INFO - Setting next_dagrun for example_kubernetes_executor to None, run_after=None
[2024-07-07T22:27:31.638+0000] {processor.py:183} INFO - Processing /home/airflow/.local/lib/python3.12/site-packages/airflow/example_dags/example_kubernetes_executor.py took 0.031 seconds
[2024-07-07T22:28:01.866+0000] {processor.py:161} INFO - Started process (PID=1538) to work on /home/airflow/.local/lib/python3.12/site-packages/airflow/example_dags/example_kubernetes_executor.py
[2024-07-07T22:28:01.866+0000] {processor.py:830} INFO - Processing file /home/airflow/.local/lib/python3.12/site-packages/airflow/example_dags/example_kubernetes_executor.py for tasks to queue
[2024-07-07T22:28:01.867+0000] {logging_mixin.py:188} INFO - [2024-07-07T22:28:01.867+0000] {dagbag.py:545} INFO - Filling up the DagBag from /home/airflow/.local/lib/python3.12/site-packages/airflow/example_dags/example_kubernetes_executor.py
[2024-07-07T22:28:01.871+0000] {processor.py:840} INFO - DAG(s) 'example_kubernetes_executor' retrieved from /home/airflow/.local/lib/python3.12/site-packages/airflow/example_dags/example_kubernetes_executor.py
[2024-07-07T22:28:01.884+0000] {logging_mixin.py:188} INFO - [2024-07-07T22:28:01.884+0000] {dag.py:3096} INFO - Sync 1 DAGs
[2024-07-07T22:28:01.889+0000] {logging_mixin.py:188} INFO - [2024-07-07T22:28:01.888+0000] {dag.py:3954} INFO - Setting next_dagrun for example_kubernetes_executor to None, run_after=None
[2024-07-07T22:28:01.895+0000] {processor.py:183} INFO - Processing /home/airflow/.local/lib/python3.12/site-packages/airflow/example_dags/example_kubernetes_executor.py took 0.031 seconds
[2024-07-07T22:28:32.131+0000] {processor.py:161} INFO - Started process (PID=1590) to work on /home/airflow/.local/lib/python3.12/site-packages/airflow/example_dags/example_kubernetes_executor.py
[2024-07-07T22:28:32.132+0000] {processor.py:830} INFO - Processing file /home/airflow/.local/lib/python3.12/site-packages/airflow/example_dags/example_kubernetes_executor.py for tasks to queue
[2024-07-07T22:28:32.132+0000] {logging_mixin.py:188} INFO - [2024-07-07T22:28:32.132+0000] {dagbag.py:545} INFO - Filling up the DagBag from /home/airflow/.local/lib/python3.12/site-packages/airflow/example_dags/example_kubernetes_executor.py
[2024-07-07T22:28:32.137+0000] {processor.py:840} INFO - DAG(s) 'example_kubernetes_executor' retrieved from /home/airflow/.local/lib/python3.12/site-packages/airflow/example_dags/example_kubernetes_executor.py
[2024-07-07T22:28:32.150+0000] {logging_mixin.py:188} INFO - [2024-07-07T22:28:32.149+0000] {dag.py:3096} INFO - Sync 1 DAGs
[2024-07-07T22:28:32.154+0000] {logging_mixin.py:188} INFO - [2024-07-07T22:28:32.154+0000] {dag.py:3954} INFO - Setting next_dagrun for example_kubernetes_executor to None, run_after=None
[2024-07-07T22:28:32.160+0000] {processor.py:183} INFO - Processing /home/airflow/.local/lib/python3.12/site-packages/airflow/example_dags/example_kubernetes_executor.py took 0.030 seconds
[2024-07-07T22:29:02.454+0000] {processor.py:161} INFO - Started process (PID=1642) to work on /home/airflow/.local/lib/python3.12/site-packages/airflow/example_dags/example_kubernetes_executor.py
[2024-07-07T22:29:02.454+0000] {processor.py:830} INFO - Processing file /home/airflow/.local/lib/python3.12/site-packages/airflow/example_dags/example_kubernetes_executor.py for tasks to queue
[2024-07-07T22:29:02.455+0000] {logging_mixin.py:188} INFO - [2024-07-07T22:29:02.454+0000] {dagbag.py:545} INFO - Filling up the DagBag from /home/airflow/.local/lib/python3.12/site-packages/airflow/example_dags/example_kubernetes_executor.py
[2024-07-07T22:29:02.459+0000] {processor.py:840} INFO - DAG(s) 'example_kubernetes_executor' retrieved from /home/airflow/.local/lib/python3.12/site-packages/airflow/example_dags/example_kubernetes_executor.py
[2024-07-07T22:29:02.473+0000] {logging_mixin.py:188} INFO - [2024-07-07T22:29:02.473+0000] {dag.py:3096} INFO - Sync 1 DAGs
[2024-07-07T22:29:02.477+0000] {logging_mixin.py:188} INFO - [2024-07-07T22:29:02.477+0000] {dag.py:3954} INFO - Setting next_dagrun for example_kubernetes_executor to None, run_after=None
[2024-07-07T22:29:02.483+0000] {processor.py:183} INFO - Processing /home/airflow/.local/lib/python3.12/site-packages/airflow/example_dags/example_kubernetes_executor.py took 0.032 seconds
[2024-07-07T22:29:32.853+0000] {processor.py:161} INFO - Started process (PID=1694) to work on /home/airflow/.local/lib/python3.12/site-packages/airflow/example_dags/example_kubernetes_executor.py
[2024-07-07T22:29:32.853+0000] {processor.py:830} INFO - Processing file /home/airflow/.local/lib/python3.12/site-packages/airflow/example_dags/example_kubernetes_executor.py for tasks to queue
[2024-07-07T22:29:32.854+0000] {logging_mixin.py:188} INFO - [2024-07-07T22:29:32.854+0000] {dagbag.py:545} INFO - Filling up the DagBag from /home/airflow/.local/lib/python3.12/site-packages/airflow/example_dags/example_kubernetes_executor.py
[2024-07-07T22:29:32.858+0000] {processor.py:840} INFO - DAG(s) 'example_kubernetes_executor' retrieved from /home/airflow/.local/lib/python3.12/site-packages/airflow/example_dags/example_kubernetes_executor.py
[2024-07-07T22:29:32.871+0000] {logging_mixin.py:188} INFO - [2024-07-07T22:29:32.871+0000] {dag.py:3096} INFO - Sync 1 DAGs
[2024-07-07T22:29:32.876+0000] {logging_mixin.py:188} INFO - [2024-07-07T22:29:32.876+0000] {dag.py:3954} INFO - Setting next_dagrun for example_kubernetes_executor to None, run_after=None
[2024-07-07T22:29:32.883+0000] {processor.py:183} INFO - Processing /home/airflow/.local/lib/python3.12/site-packages/airflow/example_dags/example_kubernetes_executor.py took 0.032 seconds
[2024-07-07T22:30:03.278+0000] {processor.py:161} INFO - Started process (PID=1746) to work on /home/airflow/.local/lib/python3.12/site-packages/airflow/example_dags/example_kubernetes_executor.py
[2024-07-07T22:30:03.279+0000] {processor.py:830} INFO - Processing file /home/airflow/.local/lib/python3.12/site-packages/airflow/example_dags/example_kubernetes_executor.py for tasks to queue
[2024-07-07T22:30:03.279+0000] {logging_mixin.py:188} INFO - [2024-07-07T22:30:03.279+0000] {dagbag.py:545} INFO - Filling up the DagBag from /home/airflow/.local/lib/python3.12/site-packages/airflow/example_dags/example_kubernetes_executor.py
[2024-07-07T22:30:03.284+0000] {processor.py:840} INFO - DAG(s) 'example_kubernetes_executor' retrieved from /home/airflow/.local/lib/python3.12/site-packages/airflow/example_dags/example_kubernetes_executor.py
[2024-07-07T22:30:03.298+0000] {logging_mixin.py:188} INFO - [2024-07-07T22:30:03.298+0000] {dag.py:3096} INFO - Sync 1 DAGs
[2024-07-07T22:30:03.302+0000] {logging_mixin.py:188} INFO - [2024-07-07T22:30:03.302+0000] {dag.py:3954} INFO - Setting next_dagrun for example_kubernetes_executor to None, run_after=None
[2024-07-07T22:30:03.309+0000] {processor.py:183} INFO - Processing /home/airflow/.local/lib/python3.12/site-packages/airflow/example_dags/example_kubernetes_executor.py took 0.032 seconds
[2024-07-07T22:30:33.763+0000] {processor.py:161} INFO - Started process (PID=1798) to work on /home/airflow/.local/lib/python3.12/site-packages/airflow/example_dags/example_kubernetes_executor.py
[2024-07-07T22:30:33.764+0000] {processor.py:830} INFO - Processing file /home/airflow/.local/lib/python3.12/site-packages/airflow/example_dags/example_kubernetes_executor.py for tasks to queue
[2024-07-07T22:30:33.764+0000] {logging_mixin.py:188} INFO - [2024-07-07T22:30:33.764+0000] {dagbag.py:545} INFO - Filling up the DagBag from /home/airflow/.local/lib/python3.12/site-packages/airflow/example_dags/example_kubernetes_executor.py
[2024-07-07T22:30:33.769+0000] {processor.py:840} INFO - DAG(s) 'example_kubernetes_executor' retrieved from /home/airflow/.local/lib/python3.12/site-packages/airflow/example_dags/example_kubernetes_executor.py
[2024-07-07T22:30:33.782+0000] {logging_mixin.py:188} INFO - [2024-07-07T22:30:33.782+0000] {dag.py:3096} INFO - Sync 1 DAGs
[2024-07-07T22:30:33.787+0000] {logging_mixin.py:188} INFO - [2024-07-07T22:30:33.787+0000] {dag.py:3954} INFO - Setting next_dagrun for example_kubernetes_executor to None, run_after=None
[2024-07-07T22:30:33.793+0000] {processor.py:183} INFO - Processing /home/airflow/.local/lib/python3.12/site-packages/airflow/example_dags/example_kubernetes_executor.py took 0.032 seconds
[2024-07-07T22:31:04.786+0000] {processor.py:161} INFO - Started process (PID=1850) to work on /home/airflow/.local/lib/python3.12/site-packages/airflow/example_dags/example_kubernetes_executor.py
[2024-07-07T22:31:04.786+0000] {processor.py:830} INFO - Processing file /home/airflow/.local/lib/python3.12/site-packages/airflow/example_dags/example_kubernetes_executor.py for tasks to queue
[2024-07-07T22:31:04.787+0000] {logging_mixin.py:188} INFO - [2024-07-07T22:31:04.787+0000] {dagbag.py:545} INFO - Filling up the DagBag from /home/airflow/.local/lib/python3.12/site-packages/airflow/example_dags/example_kubernetes_executor.py
[2024-07-07T22:31:04.793+0000] {processor.py:840} INFO - DAG(s) 'example_kubernetes_executor' retrieved from /home/airflow/.local/lib/python3.12/site-packages/airflow/example_dags/example_kubernetes_executor.py
[2024-07-07T22:31:04.808+0000] {logging_mixin.py:188} INFO - [2024-07-07T22:31:04.808+0000] {dag.py:3096} INFO - Sync 1 DAGs
[2024-07-07T22:31:04.813+0000] {logging_mixin.py:188} INFO - [2024-07-07T22:31:04.813+0000] {dag.py:3954} INFO - Setting next_dagrun for example_kubernetes_executor to None, run_after=None
[2024-07-07T22:31:04.819+0000] {processor.py:183} INFO - Processing /home/airflow/.local/lib/python3.12/site-packages/airflow/example_dags/example_kubernetes_executor.py took 0.036 seconds
[2024-07-07T22:31:35.813+0000] {processor.py:161} INFO - Started process (PID=1902) to work on /home/airflow/.local/lib/python3.12/site-packages/airflow/example_dags/example_kubernetes_executor.py
[2024-07-07T22:31:35.814+0000] {processor.py:830} INFO - Processing file /home/airflow/.local/lib/python3.12/site-packages/airflow/example_dags/example_kubernetes_executor.py for tasks to queue
[2024-07-07T22:31:35.814+0000] {logging_mixin.py:188} INFO - [2024-07-07T22:31:35.814+0000] {dagbag.py:545} INFO - Filling up the DagBag from /home/airflow/.local/lib/python3.12/site-packages/airflow/example_dags/example_kubernetes_executor.py
[2024-07-07T22:31:35.819+0000] {processor.py:840} INFO - DAG(s) 'example_kubernetes_executor' retrieved from /home/airflow/.local/lib/python3.12/site-packages/airflow/example_dags/example_kubernetes_executor.py
[2024-07-07T22:31:35.833+0000] {logging_mixin.py:188} INFO - [2024-07-07T22:31:35.833+0000] {dag.py:3096} INFO - Sync 1 DAGs
[2024-07-07T22:31:35.838+0000] {logging_mixin.py:188} INFO - [2024-07-07T22:31:35.838+0000] {dag.py:3954} INFO - Setting next_dagrun for example_kubernetes_executor to None, run_after=None
[2024-07-07T22:31:35.844+0000] {processor.py:183} INFO - Processing /home/airflow/.local/lib/python3.12/site-packages/airflow/example_dags/example_kubernetes_executor.py took 0.033 seconds
[2024-07-07T22:32:06.594+0000] {processor.py:161} INFO - Started process (PID=1954) to work on /home/airflow/.local/lib/python3.12/site-packages/airflow/example_dags/example_kubernetes_executor.py
[2024-07-07T22:32:06.595+0000] {processor.py:830} INFO - Processing file /home/airflow/.local/lib/python3.12/site-packages/airflow/example_dags/example_kubernetes_executor.py for tasks to queue
[2024-07-07T22:32:06.596+0000] {logging_mixin.py:188} INFO - [2024-07-07T22:32:06.595+0000] {dagbag.py:545} INFO - Filling up the DagBag from /home/airflow/.local/lib/python3.12/site-packages/airflow/example_dags/example_kubernetes_executor.py
[2024-07-07T22:32:06.600+0000] {processor.py:840} INFO - DAG(s) 'example_kubernetes_executor' retrieved from /home/airflow/.local/lib/python3.12/site-packages/airflow/example_dags/example_kubernetes_executor.py
[2024-07-07T22:32:06.615+0000] {logging_mixin.py:188} INFO - [2024-07-07T22:32:06.615+0000] {dag.py:3096} INFO - Sync 1 DAGs
[2024-07-07T22:32:06.688+0000] {logging_mixin.py:188} INFO - [2024-07-07T22:32:06.687+0000] {dag.py:3954} INFO - Setting next_dagrun for example_kubernetes_executor to None, run_after=None
[2024-07-07T22:32:06.694+0000] {processor.py:183} INFO - Processing /home/airflow/.local/lib/python3.12/site-packages/airflow/example_dags/example_kubernetes_executor.py took 0.102 seconds
[2024-07-07T22:32:36.957+0000] {processor.py:161} INFO - Started process (PID=2006) to work on /home/airflow/.local/lib/python3.12/site-packages/airflow/example_dags/example_kubernetes_executor.py
[2024-07-07T22:32:36.958+0000] {processor.py:830} INFO - Processing file /home/airflow/.local/lib/python3.12/site-packages/airflow/example_dags/example_kubernetes_executor.py for tasks to queue
[2024-07-07T22:32:36.959+0000] {logging_mixin.py:188} INFO - [2024-07-07T22:32:36.959+0000] {dagbag.py:545} INFO - Filling up the DagBag from /home/airflow/.local/lib/python3.12/site-packages/airflow/example_dags/example_kubernetes_executor.py
[2024-07-07T22:32:36.965+0000] {processor.py:840} INFO - DAG(s) 'example_kubernetes_executor' retrieved from /home/airflow/.local/lib/python3.12/site-packages/airflow/example_dags/example_kubernetes_executor.py
[2024-07-07T22:32:36.982+0000] {logging_mixin.py:188} INFO - [2024-07-07T22:32:36.982+0000] {dag.py:3096} INFO - Sync 1 DAGs
[2024-07-07T22:32:36.988+0000] {logging_mixin.py:188} INFO - [2024-07-07T22:32:36.988+0000] {dag.py:3954} INFO - Setting next_dagrun for example_kubernetes_executor to None, run_after=None
[2024-07-07T22:32:36.997+0000] {processor.py:183} INFO - Processing /home/airflow/.local/lib/python3.12/site-packages/airflow/example_dags/example_kubernetes_executor.py took 0.042 seconds
[2024-07-07T22:33:07.372+0000] {processor.py:161} INFO - Started process (PID=2058) to work on /home/airflow/.local/lib/python3.12/site-packages/airflow/example_dags/example_kubernetes_executor.py
[2024-07-07T22:33:07.372+0000] {processor.py:830} INFO - Processing file /home/airflow/.local/lib/python3.12/site-packages/airflow/example_dags/example_kubernetes_executor.py for tasks to queue
[2024-07-07T22:33:07.373+0000] {logging_mixin.py:188} INFO - [2024-07-07T22:33:07.373+0000] {dagbag.py:545} INFO - Filling up the DagBag from /home/airflow/.local/lib/python3.12/site-packages/airflow/example_dags/example_kubernetes_executor.py
[2024-07-07T22:33:07.379+0000] {processor.py:840} INFO - DAG(s) 'example_kubernetes_executor' retrieved from /home/airflow/.local/lib/python3.12/site-packages/airflow/example_dags/example_kubernetes_executor.py
[2024-07-07T22:33:07.393+0000] {logging_mixin.py:188} INFO - [2024-07-07T22:33:07.393+0000] {dag.py:3096} INFO - Sync 1 DAGs
[2024-07-07T22:33:07.398+0000] {logging_mixin.py:188} INFO - [2024-07-07T22:33:07.398+0000] {dag.py:3954} INFO - Setting next_dagrun for example_kubernetes_executor to None, run_after=None
[2024-07-07T22:33:07.405+0000] {processor.py:183} INFO - Processing /home/airflow/.local/lib/python3.12/site-packages/airflow/example_dags/example_kubernetes_executor.py took 0.035 seconds
[2024-07-07T22:33:37.845+0000] {processor.py:161} INFO - Started process (PID=2110) to work on /home/airflow/.local/lib/python3.12/site-packages/airflow/example_dags/example_kubernetes_executor.py
[2024-07-07T22:33:37.846+0000] {processor.py:830} INFO - Processing file /home/airflow/.local/lib/python3.12/site-packages/airflow/example_dags/example_kubernetes_executor.py for tasks to queue
[2024-07-07T22:33:37.846+0000] {logging_mixin.py:188} INFO - [2024-07-07T22:33:37.846+0000] {dagbag.py:545} INFO - Filling up the DagBag from /home/airflow/.local/lib/python3.12/site-packages/airflow/example_dags/example_kubernetes_executor.py
[2024-07-07T22:33:37.851+0000] {processor.py:840} INFO - DAG(s) 'example_kubernetes_executor' retrieved from /home/airflow/.local/lib/python3.12/site-packages/airflow/example_dags/example_kubernetes_executor.py
[2024-07-07T22:33:37.865+0000] {logging_mixin.py:188} INFO - [2024-07-07T22:33:37.865+0000] {dag.py:3096} INFO - Sync 1 DAGs
[2024-07-07T22:33:37.869+0000] {logging_mixin.py:188} INFO - [2024-07-07T22:33:37.869+0000] {dag.py:3954} INFO - Setting next_dagrun for example_kubernetes_executor to None, run_after=None
[2024-07-07T22:33:37.875+0000] {processor.py:183} INFO - Processing /home/airflow/.local/lib/python3.12/site-packages/airflow/example_dags/example_kubernetes_executor.py took 0.032 seconds
