[2024-07-07T22:13:09.099+0000] {processor.py:161} INFO - Started process (PID=61) to work on /home/airflow/.local/lib/python3.12/site-packages/airflow/example_dags/example_subdag_operator.py
[2024-07-07T22:13:09.099+0000] {processor.py:830} INFO - Processing file /home/airflow/.local/lib/python3.12/site-packages/airflow/example_dags/example_subdag_operator.py for tasks to queue
[2024-07-07T22:13:09.100+0000] {logging_mixin.py:188} INFO - [2024-07-07T22:13:09.100+0000] {dagbag.py:545} INFO - Filling up the DagBag from /home/airflow/.local/lib/python3.12/site-packages/airflow/example_dags/example_subdag_operator.py
[2024-07-07T22:13:09.109+0000] {processor.py:840} INFO - DAG(s) 'example_subdag_operator.section-1', 'example_subdag_operator.section-2', 'example_subdag_operator' retrieved from /home/airflow/.local/lib/python3.12/site-packages/airflow/example_dags/example_subdag_operator.py
[2024-07-07T22:13:09.142+0000] {logging_mixin.py:188} INFO - [2024-07-07T22:13:09.142+0000] {override.py:1829} INFO - Created Permission View: can edit on DAG:example_subdag_operator
[2024-07-07T22:13:09.145+0000] {logging_mixin.py:188} INFO - [2024-07-07T22:13:09.145+0000] {override.py:1829} INFO - Created Permission View: can read on DAG:example_subdag_operator
[2024-07-07T22:13:09.147+0000] {logging_mixin.py:188} INFO - [2024-07-07T22:13:09.147+0000] {override.py:1829} INFO - Created Permission View: can delete on DAG:example_subdag_operator
[2024-07-07T22:13:09.147+0000] {logging_mixin.py:188} INFO - [2024-07-07T22:13:09.147+0000] {dag.py:3096} INFO - Sync 3 DAGs
[2024-07-07T22:13:09.151+0000] {logging_mixin.py:188} INFO - [2024-07-07T22:13:09.151+0000] {dag.py:3118} INFO - Creating ORM DAG for example_subdag_operator.section-1
[2024-07-07T22:13:09.152+0000] {logging_mixin.py:188} INFO - [2024-07-07T22:13:09.152+0000] {dag.py:3118} INFO - Creating ORM DAG for example_subdag_operator.section-2
[2024-07-07T22:13:09.152+0000] {logging_mixin.py:188} INFO - [2024-07-07T22:13:09.152+0000] {dag.py:3118} INFO - Creating ORM DAG for example_subdag_operator
[2024-07-07T22:13:09.155+0000] {logging_mixin.py:188} INFO - [2024-07-07T22:13:09.155+0000] {dag.py:3954} INFO - Setting next_dagrun for example_subdag_operator to 2022-01-01 00:00:00+00:00, run_after=2022-01-01 00:00:00+00:00
[2024-07-07T22:13:09.155+0000] {logging_mixin.py:188} INFO - [2024-07-07T22:13:09.155+0000] {dag.py:3954} INFO - Setting next_dagrun for example_subdag_operator.section-1 to None, run_after=None
[2024-07-07T22:13:09.155+0000] {logging_mixin.py:188} INFO - [2024-07-07T22:13:09.155+0000] {dag.py:3954} INFO - Setting next_dagrun for example_subdag_operator.section-2 to None, run_after=None
[2024-07-07T22:13:09.158+0000] {logging_mixin.py:188} INFO - [2024-07-07T22:13:09.158+0000] {dag.py:3096} INFO - Sync 2 DAGs
[2024-07-07T22:13:09.160+0000] {logging_mixin.py:188} INFO - [2024-07-07T22:13:09.160+0000] {dag.py:3954} INFO - Setting next_dagrun for example_subdag_operator.section-1 to None, run_after=None
[2024-07-07T22:13:09.161+0000] {logging_mixin.py:188} INFO - [2024-07-07T22:13:09.161+0000] {dag.py:3954} INFO - Setting next_dagrun for example_subdag_operator.section-2 to None, run_after=None
[2024-07-07T22:13:09.165+0000] {processor.py:183} INFO - Processing /home/airflow/.local/lib/python3.12/site-packages/airflow/example_dags/example_subdag_operator.py took 0.068 seconds
[2024-07-07T22:13:53.697+0000] {processor.py:161} INFO - Started process (PID=61) to work on /home/airflow/.local/lib/python3.12/site-packages/airflow/example_dags/example_subdag_operator.py
[2024-07-07T22:13:53.699+0000] {processor.py:830} INFO - Processing file /home/airflow/.local/lib/python3.12/site-packages/airflow/example_dags/example_subdag_operator.py for tasks to queue
[2024-07-07T22:13:53.701+0000] {logging_mixin.py:188} INFO - [2024-07-07T22:13:53.701+0000] {dagbag.py:545} INFO - Filling up the DagBag from /home/airflow/.local/lib/python3.12/site-packages/airflow/example_dags/example_subdag_operator.py
[2024-07-07T22:13:53.717+0000] {processor.py:840} INFO - DAG(s) 'example_subdag_operator.section-1', 'example_subdag_operator.section-2', 'example_subdag_operator' retrieved from /home/airflow/.local/lib/python3.12/site-packages/airflow/example_dags/example_subdag_operator.py
[2024-07-07T22:13:53.720+0000] {logging_mixin.py:188} INFO - [2024-07-07T22:13:53.720+0000] {dag.py:3096} INFO - Sync 3 DAGs
[2024-07-07T22:13:53.730+0000] {logging_mixin.py:188} INFO - [2024-07-07T22:13:53.730+0000] {dag.py:3954} INFO - Setting next_dagrun for example_subdag_operator to 2022-01-01 00:00:00+00:00, run_after=2022-01-01 00:00:00+00:00
[2024-07-07T22:13:53.733+0000] {logging_mixin.py:188} INFO - [2024-07-07T22:13:53.733+0000] {dag.py:3954} INFO - Setting next_dagrun for example_subdag_operator.section-1 to None, run_after=None
[2024-07-07T22:13:53.734+0000] {logging_mixin.py:188} INFO - [2024-07-07T22:13:53.734+0000] {dag.py:3954} INFO - Setting next_dagrun for example_subdag_operator.section-2 to None, run_after=None
[2024-07-07T22:13:53.738+0000] {logging_mixin.py:188} INFO - [2024-07-07T22:13:53.738+0000] {dag.py:3096} INFO - Sync 2 DAGs
[2024-07-07T22:13:53.741+0000] {logging_mixin.py:188} INFO - [2024-07-07T22:13:53.741+0000] {dag.py:3954} INFO - Setting next_dagrun for example_subdag_operator.section-1 to None, run_after=None
[2024-07-07T22:13:53.742+0000] {logging_mixin.py:188} INFO - [2024-07-07T22:13:53.741+0000] {dag.py:3954} INFO - Setting next_dagrun for example_subdag_operator.section-2 to None, run_after=None
[2024-07-07T22:13:53.748+0000] {processor.py:183} INFO - Processing /home/airflow/.local/lib/python3.12/site-packages/airflow/example_dags/example_subdag_operator.py took 0.057 seconds
[2024-07-07T22:14:23.769+0000] {processor.py:161} INFO - Started process (PID=113) to work on /home/airflow/.local/lib/python3.12/site-packages/airflow/example_dags/example_subdag_operator.py
[2024-07-07T22:14:23.769+0000] {processor.py:830} INFO - Processing file /home/airflow/.local/lib/python3.12/site-packages/airflow/example_dags/example_subdag_operator.py for tasks to queue
[2024-07-07T22:14:23.771+0000] {logging_mixin.py:188} INFO - [2024-07-07T22:14:23.771+0000] {dagbag.py:545} INFO - Filling up the DagBag from /home/airflow/.local/lib/python3.12/site-packages/airflow/example_dags/example_subdag_operator.py
[2024-07-07T22:14:23.783+0000] {processor.py:840} INFO - DAG(s) 'example_subdag_operator.section-1', 'example_subdag_operator.section-2', 'example_subdag_operator' retrieved from /home/airflow/.local/lib/python3.12/site-packages/airflow/example_dags/example_subdag_operator.py
[2024-07-07T22:14:23.818+0000] {logging_mixin.py:188} INFO - [2024-07-07T22:14:23.818+0000] {dag.py:3096} INFO - Sync 3 DAGs
[2024-07-07T22:14:23.826+0000] {logging_mixin.py:188} INFO - [2024-07-07T22:14:23.825+0000] {dag.py:3954} INFO - Setting next_dagrun for example_subdag_operator to 2022-01-01 00:00:00+00:00, run_after=2022-01-01 00:00:00+00:00
[2024-07-07T22:14:23.827+0000] {logging_mixin.py:188} INFO - [2024-07-07T22:14:23.827+0000] {dag.py:3954} INFO - Setting next_dagrun for example_subdag_operator.section-1 to None, run_after=None
[2024-07-07T22:14:23.827+0000] {logging_mixin.py:188} INFO - [2024-07-07T22:14:23.827+0000] {dag.py:3954} INFO - Setting next_dagrun for example_subdag_operator.section-2 to None, run_after=None
[2024-07-07T22:14:23.830+0000] {logging_mixin.py:188} INFO - [2024-07-07T22:14:23.830+0000] {dag.py:3096} INFO - Sync 2 DAGs
[2024-07-07T22:14:23.832+0000] {logging_mixin.py:188} INFO - [2024-07-07T22:14:23.832+0000] {dag.py:3954} INFO - Setting next_dagrun for example_subdag_operator.section-1 to None, run_after=None
[2024-07-07T22:14:23.832+0000] {logging_mixin.py:188} INFO - [2024-07-07T22:14:23.832+0000] {dag.py:3954} INFO - Setting next_dagrun for example_subdag_operator.section-2 to None, run_after=None
[2024-07-07T22:14:23.836+0000] {processor.py:183} INFO - Processing /home/airflow/.local/lib/python3.12/site-packages/airflow/example_dags/example_subdag_operator.py took 0.069 seconds
[2024-07-07T22:14:54.642+0000] {processor.py:161} INFO - Started process (PID=165) to work on /home/airflow/.local/lib/python3.12/site-packages/airflow/example_dags/example_subdag_operator.py
[2024-07-07T22:14:54.642+0000] {processor.py:830} INFO - Processing file /home/airflow/.local/lib/python3.12/site-packages/airflow/example_dags/example_subdag_operator.py for tasks to queue
[2024-07-07T22:14:54.643+0000] {logging_mixin.py:188} INFO - [2024-07-07T22:14:54.643+0000] {dagbag.py:545} INFO - Filling up the DagBag from /home/airflow/.local/lib/python3.12/site-packages/airflow/example_dags/example_subdag_operator.py
[2024-07-07T22:14:54.651+0000] {processor.py:840} INFO - DAG(s) 'example_subdag_operator.section-1', 'example_subdag_operator.section-2', 'example_subdag_operator' retrieved from /home/airflow/.local/lib/python3.12/site-packages/airflow/example_dags/example_subdag_operator.py
[2024-07-07T22:14:54.656+0000] {logging_mixin.py:188} INFO - [2024-07-07T22:14:54.656+0000] {dag.py:3096} INFO - Sync 3 DAGs
[2024-07-07T22:14:54.663+0000] {logging_mixin.py:188} INFO - [2024-07-07T22:14:54.663+0000] {dag.py:3954} INFO - Setting next_dagrun for example_subdag_operator to 2022-01-01 00:00:00+00:00, run_after=2022-01-01 00:00:00+00:00
[2024-07-07T22:14:54.664+0000] {logging_mixin.py:188} INFO - [2024-07-07T22:14:54.664+0000] {dag.py:3954} INFO - Setting next_dagrun for example_subdag_operator.section-1 to None, run_after=None
[2024-07-07T22:14:54.665+0000] {logging_mixin.py:188} INFO - [2024-07-07T22:14:54.665+0000] {dag.py:3954} INFO - Setting next_dagrun for example_subdag_operator.section-2 to None, run_after=None
[2024-07-07T22:14:54.667+0000] {logging_mixin.py:188} INFO - [2024-07-07T22:14:54.667+0000] {dag.py:3096} INFO - Sync 2 DAGs
[2024-07-07T22:14:54.669+0000] {logging_mixin.py:188} INFO - [2024-07-07T22:14:54.669+0000] {dag.py:3954} INFO - Setting next_dagrun for example_subdag_operator.section-1 to None, run_after=None
[2024-07-07T22:14:54.669+0000] {logging_mixin.py:188} INFO - [2024-07-07T22:14:54.669+0000] {dag.py:3954} INFO - Setting next_dagrun for example_subdag_operator.section-2 to None, run_after=None
[2024-07-07T22:14:54.672+0000] {processor.py:183} INFO - Processing /home/airflow/.local/lib/python3.12/site-packages/airflow/example_dags/example_subdag_operator.py took 0.032 seconds
[2024-07-07T22:15:24.890+0000] {processor.py:161} INFO - Started process (PID=217) to work on /home/airflow/.local/lib/python3.12/site-packages/airflow/example_dags/example_subdag_operator.py
[2024-07-07T22:15:24.890+0000] {processor.py:830} INFO - Processing file /home/airflow/.local/lib/python3.12/site-packages/airflow/example_dags/example_subdag_operator.py for tasks to queue
[2024-07-07T22:15:24.891+0000] {logging_mixin.py:188} INFO - [2024-07-07T22:15:24.891+0000] {dagbag.py:545} INFO - Filling up the DagBag from /home/airflow/.local/lib/python3.12/site-packages/airflow/example_dags/example_subdag_operator.py
[2024-07-07T22:15:24.900+0000] {processor.py:840} INFO - DAG(s) 'example_subdag_operator.section-1', 'example_subdag_operator.section-2', 'example_subdag_operator' retrieved from /home/airflow/.local/lib/python3.12/site-packages/airflow/example_dags/example_subdag_operator.py
[2024-07-07T22:15:24.905+0000] {logging_mixin.py:188} INFO - [2024-07-07T22:15:24.905+0000] {dag.py:3096} INFO - Sync 3 DAGs
[2024-07-07T22:15:24.912+0000] {logging_mixin.py:188} INFO - [2024-07-07T22:15:24.912+0000] {dag.py:3954} INFO - Setting next_dagrun for example_subdag_operator to 2022-01-01 00:00:00+00:00, run_after=2022-01-01 00:00:00+00:00
[2024-07-07T22:15:24.914+0000] {logging_mixin.py:188} INFO - [2024-07-07T22:15:24.913+0000] {dag.py:3954} INFO - Setting next_dagrun for example_subdag_operator.section-1 to None, run_after=None
[2024-07-07T22:15:24.914+0000] {logging_mixin.py:188} INFO - [2024-07-07T22:15:24.914+0000] {dag.py:3954} INFO - Setting next_dagrun for example_subdag_operator.section-2 to None, run_after=None
[2024-07-07T22:15:24.916+0000] {logging_mixin.py:188} INFO - [2024-07-07T22:15:24.916+0000] {dag.py:3096} INFO - Sync 2 DAGs
[2024-07-07T22:15:24.918+0000] {logging_mixin.py:188} INFO - [2024-07-07T22:15:24.918+0000] {dag.py:3954} INFO - Setting next_dagrun for example_subdag_operator.section-1 to None, run_after=None
[2024-07-07T22:15:24.918+0000] {logging_mixin.py:188} INFO - [2024-07-07T22:15:24.918+0000] {dag.py:3954} INFO - Setting next_dagrun for example_subdag_operator.section-2 to None, run_after=None
[2024-07-07T22:15:24.921+0000] {processor.py:183} INFO - Processing /home/airflow/.local/lib/python3.12/site-packages/airflow/example_dags/example_subdag_operator.py took 0.034 seconds
[2024-07-07T22:15:55.133+0000] {processor.py:161} INFO - Started process (PID=282) to work on /home/airflow/.local/lib/python3.12/site-packages/airflow/example_dags/example_subdag_operator.py
[2024-07-07T22:15:55.133+0000] {processor.py:830} INFO - Processing file /home/airflow/.local/lib/python3.12/site-packages/airflow/example_dags/example_subdag_operator.py for tasks to queue
[2024-07-07T22:15:55.134+0000] {logging_mixin.py:188} INFO - [2024-07-07T22:15:55.134+0000] {dagbag.py:545} INFO - Filling up the DagBag from /home/airflow/.local/lib/python3.12/site-packages/airflow/example_dags/example_subdag_operator.py
[2024-07-07T22:15:55.143+0000] {processor.py:840} INFO - DAG(s) 'example_subdag_operator.section-1', 'example_subdag_operator.section-2', 'example_subdag_operator' retrieved from /home/airflow/.local/lib/python3.12/site-packages/airflow/example_dags/example_subdag_operator.py
[2024-07-07T22:15:55.149+0000] {logging_mixin.py:188} INFO - [2024-07-07T22:15:55.149+0000] {dag.py:3096} INFO - Sync 3 DAGs
[2024-07-07T22:15:55.157+0000] {logging_mixin.py:188} INFO - [2024-07-07T22:15:55.157+0000] {dag.py:3954} INFO - Setting next_dagrun for example_subdag_operator to 2022-01-01 00:00:00+00:00, run_after=2022-01-01 00:00:00+00:00
[2024-07-07T22:15:55.159+0000] {logging_mixin.py:188} INFO - [2024-07-07T22:15:55.159+0000] {dag.py:3954} INFO - Setting next_dagrun for example_subdag_operator.section-1 to None, run_after=None
[2024-07-07T22:15:55.159+0000] {logging_mixin.py:188} INFO - [2024-07-07T22:15:55.159+0000] {dag.py:3954} INFO - Setting next_dagrun for example_subdag_operator.section-2 to None, run_after=None
[2024-07-07T22:15:55.162+0000] {logging_mixin.py:188} INFO - [2024-07-07T22:15:55.162+0000] {dag.py:3096} INFO - Sync 2 DAGs
[2024-07-07T22:15:55.163+0000] {logging_mixin.py:188} INFO - [2024-07-07T22:15:55.163+0000] {dag.py:3954} INFO - Setting next_dagrun for example_subdag_operator.section-1 to None, run_after=None
[2024-07-07T22:15:55.164+0000] {logging_mixin.py:188} INFO - [2024-07-07T22:15:55.164+0000] {dag.py:3954} INFO - Setting next_dagrun for example_subdag_operator.section-2 to None, run_after=None
[2024-07-07T22:15:55.167+0000] {processor.py:183} INFO - Processing /home/airflow/.local/lib/python3.12/site-packages/airflow/example_dags/example_subdag_operator.py took 0.036 seconds
[2024-07-07T22:16:25.349+0000] {processor.py:161} INFO - Started process (PID=341) to work on /home/airflow/.local/lib/python3.12/site-packages/airflow/example_dags/example_subdag_operator.py
[2024-07-07T22:16:25.350+0000] {processor.py:830} INFO - Processing file /home/airflow/.local/lib/python3.12/site-packages/airflow/example_dags/example_subdag_operator.py for tasks to queue
[2024-07-07T22:16:25.350+0000] {logging_mixin.py:188} INFO - [2024-07-07T22:16:25.350+0000] {dagbag.py:545} INFO - Filling up the DagBag from /home/airflow/.local/lib/python3.12/site-packages/airflow/example_dags/example_subdag_operator.py
[2024-07-07T22:16:25.359+0000] {processor.py:840} INFO - DAG(s) 'example_subdag_operator.section-1', 'example_subdag_operator.section-2', 'example_subdag_operator' retrieved from /home/airflow/.local/lib/python3.12/site-packages/airflow/example_dags/example_subdag_operator.py
[2024-07-07T22:16:25.365+0000] {logging_mixin.py:188} INFO - [2024-07-07T22:16:25.364+0000] {dag.py:3096} INFO - Sync 3 DAGs
[2024-07-07T22:16:25.372+0000] {logging_mixin.py:188} INFO - [2024-07-07T22:16:25.372+0000] {dag.py:3954} INFO - Setting next_dagrun for example_subdag_operator to 2022-01-01 00:00:00+00:00, run_after=2022-01-01 00:00:00+00:00
[2024-07-07T22:16:25.373+0000] {logging_mixin.py:188} INFO - [2024-07-07T22:16:25.373+0000] {dag.py:3954} INFO - Setting next_dagrun for example_subdag_operator.section-1 to None, run_after=None
[2024-07-07T22:16:25.374+0000] {logging_mixin.py:188} INFO - [2024-07-07T22:16:25.374+0000] {dag.py:3954} INFO - Setting next_dagrun for example_subdag_operator.section-2 to None, run_after=None
[2024-07-07T22:16:25.376+0000] {logging_mixin.py:188} INFO - [2024-07-07T22:16:25.376+0000] {dag.py:3096} INFO - Sync 2 DAGs
[2024-07-07T22:16:25.378+0000] {logging_mixin.py:188} INFO - [2024-07-07T22:16:25.378+0000] {dag.py:3954} INFO - Setting next_dagrun for example_subdag_operator.section-1 to None, run_after=None
[2024-07-07T22:16:25.379+0000] {logging_mixin.py:188} INFO - [2024-07-07T22:16:25.379+0000] {dag.py:3954} INFO - Setting next_dagrun for example_subdag_operator.section-2 to None, run_after=None
[2024-07-07T22:16:25.383+0000] {processor.py:183} INFO - Processing /home/airflow/.local/lib/python3.12/site-packages/airflow/example_dags/example_subdag_operator.py took 0.035 seconds
[2024-07-07T22:16:55.578+0000] {processor.py:161} INFO - Started process (PID=407) to work on /home/airflow/.local/lib/python3.12/site-packages/airflow/example_dags/example_subdag_operator.py
[2024-07-07T22:16:55.578+0000] {processor.py:830} INFO - Processing file /home/airflow/.local/lib/python3.12/site-packages/airflow/example_dags/example_subdag_operator.py for tasks to queue
[2024-07-07T22:16:55.579+0000] {logging_mixin.py:188} INFO - [2024-07-07T22:16:55.579+0000] {dagbag.py:545} INFO - Filling up the DagBag from /home/airflow/.local/lib/python3.12/site-packages/airflow/example_dags/example_subdag_operator.py
[2024-07-07T22:16:55.588+0000] {processor.py:840} INFO - DAG(s) 'example_subdag_operator.section-1', 'example_subdag_operator.section-2', 'example_subdag_operator' retrieved from /home/airflow/.local/lib/python3.12/site-packages/airflow/example_dags/example_subdag_operator.py
[2024-07-07T22:16:55.593+0000] {logging_mixin.py:188} INFO - [2024-07-07T22:16:55.593+0000] {dag.py:3096} INFO - Sync 3 DAGs
[2024-07-07T22:16:55.600+0000] {logging_mixin.py:188} INFO - [2024-07-07T22:16:55.600+0000] {dag.py:3954} INFO - Setting next_dagrun for example_subdag_operator to 2022-01-01 00:00:00+00:00, run_after=2022-01-01 00:00:00+00:00
[2024-07-07T22:16:55.601+0000] {logging_mixin.py:188} INFO - [2024-07-07T22:16:55.601+0000] {dag.py:3954} INFO - Setting next_dagrun for example_subdag_operator.section-1 to None, run_after=None
[2024-07-07T22:16:55.602+0000] {logging_mixin.py:188} INFO - [2024-07-07T22:16:55.602+0000] {dag.py:3954} INFO - Setting next_dagrun for example_subdag_operator.section-2 to None, run_after=None
[2024-07-07T22:16:55.604+0000] {logging_mixin.py:188} INFO - [2024-07-07T22:16:55.604+0000] {dag.py:3096} INFO - Sync 2 DAGs
[2024-07-07T22:16:55.606+0000] {logging_mixin.py:188} INFO - [2024-07-07T22:16:55.606+0000] {dag.py:3954} INFO - Setting next_dagrun for example_subdag_operator.section-1 to None, run_after=None
[2024-07-07T22:16:55.606+0000] {logging_mixin.py:188} INFO - [2024-07-07T22:16:55.606+0000] {dag.py:3954} INFO - Setting next_dagrun for example_subdag_operator.section-2 to None, run_after=None
[2024-07-07T22:16:55.609+0000] {processor.py:183} INFO - Processing /home/airflow/.local/lib/python3.12/site-packages/airflow/example_dags/example_subdag_operator.py took 0.033 seconds
[2024-07-07T22:17:25.834+0000] {processor.py:161} INFO - Started process (PID=460) to work on /home/airflow/.local/lib/python3.12/site-packages/airflow/example_dags/example_subdag_operator.py
[2024-07-07T22:17:25.834+0000] {processor.py:830} INFO - Processing file /home/airflow/.local/lib/python3.12/site-packages/airflow/example_dags/example_subdag_operator.py for tasks to queue
[2024-07-07T22:17:25.835+0000] {logging_mixin.py:188} INFO - [2024-07-07T22:17:25.835+0000] {dagbag.py:545} INFO - Filling up the DagBag from /home/airflow/.local/lib/python3.12/site-packages/airflow/example_dags/example_subdag_operator.py
[2024-07-07T22:17:25.844+0000] {processor.py:840} INFO - DAG(s) 'example_subdag_operator.section-1', 'example_subdag_operator.section-2', 'example_subdag_operator' retrieved from /home/airflow/.local/lib/python3.12/site-packages/airflow/example_dags/example_subdag_operator.py
[2024-07-07T22:17:25.850+0000] {logging_mixin.py:188} INFO - [2024-07-07T22:17:25.850+0000] {dag.py:3096} INFO - Sync 3 DAGs
[2024-07-07T22:17:25.857+0000] {logging_mixin.py:188} INFO - [2024-07-07T22:17:25.857+0000] {dag.py:3954} INFO - Setting next_dagrun for example_subdag_operator to 2022-01-01 00:00:00+00:00, run_after=2022-01-01 00:00:00+00:00
[2024-07-07T22:17:25.859+0000] {logging_mixin.py:188} INFO - [2024-07-07T22:17:25.859+0000] {dag.py:3954} INFO - Setting next_dagrun for example_subdag_operator.section-1 to None, run_after=None
[2024-07-07T22:17:25.859+0000] {logging_mixin.py:188} INFO - [2024-07-07T22:17:25.859+0000] {dag.py:3954} INFO - Setting next_dagrun for example_subdag_operator.section-2 to None, run_after=None
[2024-07-07T22:17:25.862+0000] {logging_mixin.py:188} INFO - [2024-07-07T22:17:25.862+0000] {dag.py:3096} INFO - Sync 2 DAGs
[2024-07-07T22:17:25.865+0000] {logging_mixin.py:188} INFO - [2024-07-07T22:17:25.865+0000] {dag.py:3954} INFO - Setting next_dagrun for example_subdag_operator.section-1 to None, run_after=None
[2024-07-07T22:17:25.865+0000] {logging_mixin.py:188} INFO - [2024-07-07T22:17:25.865+0000] {dag.py:3954} INFO - Setting next_dagrun for example_subdag_operator.section-2 to None, run_after=None
[2024-07-07T22:17:25.868+0000] {processor.py:183} INFO - Processing /home/airflow/.local/lib/python3.12/site-packages/airflow/example_dags/example_subdag_operator.py took 0.036 seconds
[2024-07-07T22:17:56.186+0000] {processor.py:161} INFO - Started process (PID=514) to work on /home/airflow/.local/lib/python3.12/site-packages/airflow/example_dags/example_subdag_operator.py
[2024-07-07T22:17:56.186+0000] {processor.py:830} INFO - Processing file /home/airflow/.local/lib/python3.12/site-packages/airflow/example_dags/example_subdag_operator.py for tasks to queue
[2024-07-07T22:17:56.187+0000] {logging_mixin.py:188} INFO - [2024-07-07T22:17:56.187+0000] {dagbag.py:545} INFO - Filling up the DagBag from /home/airflow/.local/lib/python3.12/site-packages/airflow/example_dags/example_subdag_operator.py
[2024-07-07T22:17:56.198+0000] {processor.py:840} INFO - DAG(s) 'example_subdag_operator.section-1', 'example_subdag_operator.section-2', 'example_subdag_operator' retrieved from /home/airflow/.local/lib/python3.12/site-packages/airflow/example_dags/example_subdag_operator.py
[2024-07-07T22:17:56.205+0000] {logging_mixin.py:188} INFO - [2024-07-07T22:17:56.205+0000] {dag.py:3096} INFO - Sync 3 DAGs
[2024-07-07T22:17:56.214+0000] {logging_mixin.py:188} INFO - [2024-07-07T22:17:56.214+0000] {dag.py:3954} INFO - Setting next_dagrun for example_subdag_operator to 2022-01-01 00:00:00+00:00, run_after=2022-01-01 00:00:00+00:00
[2024-07-07T22:17:56.217+0000] {logging_mixin.py:188} INFO - [2024-07-07T22:17:56.217+0000] {dag.py:3954} INFO - Setting next_dagrun for example_subdag_operator.section-1 to None, run_after=None
[2024-07-07T22:17:56.218+0000] {logging_mixin.py:188} INFO - [2024-07-07T22:17:56.218+0000] {dag.py:3954} INFO - Setting next_dagrun for example_subdag_operator.section-2 to None, run_after=None
[2024-07-07T22:17:56.221+0000] {logging_mixin.py:188} INFO - [2024-07-07T22:17:56.221+0000] {dag.py:3096} INFO - Sync 2 DAGs
[2024-07-07T22:17:56.223+0000] {logging_mixin.py:188} INFO - [2024-07-07T22:17:56.223+0000] {dag.py:3954} INFO - Setting next_dagrun for example_subdag_operator.section-1 to None, run_after=None
[2024-07-07T22:17:56.223+0000] {logging_mixin.py:188} INFO - [2024-07-07T22:17:56.223+0000] {dag.py:3954} INFO - Setting next_dagrun for example_subdag_operator.section-2 to None, run_after=None
[2024-07-07T22:17:56.227+0000] {processor.py:183} INFO - Processing /home/airflow/.local/lib/python3.12/site-packages/airflow/example_dags/example_subdag_operator.py took 0.043 seconds
[2024-07-07T22:18:26.679+0000] {processor.py:161} INFO - Started process (PID=566) to work on /home/airflow/.local/lib/python3.12/site-packages/airflow/example_dags/example_subdag_operator.py
[2024-07-07T22:18:26.680+0000] {processor.py:830} INFO - Processing file /home/airflow/.local/lib/python3.12/site-packages/airflow/example_dags/example_subdag_operator.py for tasks to queue
[2024-07-07T22:18:26.681+0000] {logging_mixin.py:188} INFO - [2024-07-07T22:18:26.681+0000] {dagbag.py:545} INFO - Filling up the DagBag from /home/airflow/.local/lib/python3.12/site-packages/airflow/example_dags/example_subdag_operator.py
[2024-07-07T22:18:26.690+0000] {processor.py:840} INFO - DAG(s) 'example_subdag_operator.section-1', 'example_subdag_operator.section-2', 'example_subdag_operator' retrieved from /home/airflow/.local/lib/python3.12/site-packages/airflow/example_dags/example_subdag_operator.py
[2024-07-07T22:18:26.695+0000] {logging_mixin.py:188} INFO - [2024-07-07T22:18:26.695+0000] {dag.py:3096} INFO - Sync 3 DAGs
[2024-07-07T22:18:26.703+0000] {logging_mixin.py:188} INFO - [2024-07-07T22:18:26.703+0000] {dag.py:3954} INFO - Setting next_dagrun for example_subdag_operator to 2022-01-01 00:00:00+00:00, run_after=2022-01-01 00:00:00+00:00
[2024-07-07T22:18:26.705+0000] {logging_mixin.py:188} INFO - [2024-07-07T22:18:26.705+0000] {dag.py:3954} INFO - Setting next_dagrun for example_subdag_operator.section-1 to None, run_after=None
[2024-07-07T22:18:26.705+0000] {logging_mixin.py:188} INFO - [2024-07-07T22:18:26.705+0000] {dag.py:3954} INFO - Setting next_dagrun for example_subdag_operator.section-2 to None, run_after=None
[2024-07-07T22:18:26.708+0000] {logging_mixin.py:188} INFO - [2024-07-07T22:18:26.708+0000] {dag.py:3096} INFO - Sync 2 DAGs
[2024-07-07T22:18:26.709+0000] {logging_mixin.py:188} INFO - [2024-07-07T22:18:26.709+0000] {dag.py:3954} INFO - Setting next_dagrun for example_subdag_operator.section-1 to None, run_after=None
[2024-07-07T22:18:26.709+0000] {logging_mixin.py:188} INFO - [2024-07-07T22:18:26.709+0000] {dag.py:3954} INFO - Setting next_dagrun for example_subdag_operator.section-2 to None, run_after=None
[2024-07-07T22:18:26.713+0000] {processor.py:183} INFO - Processing /home/airflow/.local/lib/python3.12/site-packages/airflow/example_dags/example_subdag_operator.py took 0.036 seconds
[2024-07-07T22:18:56.998+0000] {processor.py:161} INFO - Started process (PID=618) to work on /home/airflow/.local/lib/python3.12/site-packages/airflow/example_dags/example_subdag_operator.py
[2024-07-07T22:18:56.998+0000] {processor.py:830} INFO - Processing file /home/airflow/.local/lib/python3.12/site-packages/airflow/example_dags/example_subdag_operator.py for tasks to queue
[2024-07-07T22:18:56.999+0000] {logging_mixin.py:188} INFO - [2024-07-07T22:18:56.999+0000] {dagbag.py:545} INFO - Filling up the DagBag from /home/airflow/.local/lib/python3.12/site-packages/airflow/example_dags/example_subdag_operator.py
[2024-07-07T22:18:57.007+0000] {processor.py:840} INFO - DAG(s) 'example_subdag_operator.section-1', 'example_subdag_operator.section-2', 'example_subdag_operator' retrieved from /home/airflow/.local/lib/python3.12/site-packages/airflow/example_dags/example_subdag_operator.py
[2024-07-07T22:18:57.012+0000] {logging_mixin.py:188} INFO - [2024-07-07T22:18:57.012+0000] {dag.py:3096} INFO - Sync 3 DAGs
[2024-07-07T22:18:57.020+0000] {logging_mixin.py:188} INFO - [2024-07-07T22:18:57.020+0000] {dag.py:3954} INFO - Setting next_dagrun for example_subdag_operator to 2022-01-01 00:00:00+00:00, run_after=2022-01-01 00:00:00+00:00
[2024-07-07T22:18:57.021+0000] {logging_mixin.py:188} INFO - [2024-07-07T22:18:57.021+0000] {dag.py:3954} INFO - Setting next_dagrun for example_subdag_operator.section-1 to None, run_after=None
[2024-07-07T22:18:57.022+0000] {logging_mixin.py:188} INFO - [2024-07-07T22:18:57.022+0000] {dag.py:3954} INFO - Setting next_dagrun for example_subdag_operator.section-2 to None, run_after=None
[2024-07-07T22:18:57.024+0000] {logging_mixin.py:188} INFO - [2024-07-07T22:18:57.024+0000] {dag.py:3096} INFO - Sync 2 DAGs
[2024-07-07T22:18:57.026+0000] {logging_mixin.py:188} INFO - [2024-07-07T22:18:57.026+0000] {dag.py:3954} INFO - Setting next_dagrun for example_subdag_operator.section-1 to None, run_after=None
[2024-07-07T22:18:57.026+0000] {logging_mixin.py:188} INFO - [2024-07-07T22:18:57.026+0000] {dag.py:3954} INFO - Setting next_dagrun for example_subdag_operator.section-2 to None, run_after=None
[2024-07-07T22:18:57.029+0000] {processor.py:183} INFO - Processing /home/airflow/.local/lib/python3.12/site-packages/airflow/example_dags/example_subdag_operator.py took 0.034 seconds
[2024-07-07T22:19:27.285+0000] {processor.py:161} INFO - Started process (PID=670) to work on /home/airflow/.local/lib/python3.12/site-packages/airflow/example_dags/example_subdag_operator.py
[2024-07-07T22:19:27.285+0000] {processor.py:830} INFO - Processing file /home/airflow/.local/lib/python3.12/site-packages/airflow/example_dags/example_subdag_operator.py for tasks to queue
[2024-07-07T22:19:27.286+0000] {logging_mixin.py:188} INFO - [2024-07-07T22:19:27.286+0000] {dagbag.py:545} INFO - Filling up the DagBag from /home/airflow/.local/lib/python3.12/site-packages/airflow/example_dags/example_subdag_operator.py
[2024-07-07T22:19:27.295+0000] {processor.py:840} INFO - DAG(s) 'example_subdag_operator.section-1', 'example_subdag_operator.section-2', 'example_subdag_operator' retrieved from /home/airflow/.local/lib/python3.12/site-packages/airflow/example_dags/example_subdag_operator.py
[2024-07-07T22:19:27.300+0000] {logging_mixin.py:188} INFO - [2024-07-07T22:19:27.300+0000] {dag.py:3096} INFO - Sync 3 DAGs
[2024-07-07T22:19:27.307+0000] {logging_mixin.py:188} INFO - [2024-07-07T22:19:27.306+0000] {dag.py:3954} INFO - Setting next_dagrun for example_subdag_operator to 2022-01-01 00:00:00+00:00, run_after=2022-01-01 00:00:00+00:00
[2024-07-07T22:19:27.308+0000] {logging_mixin.py:188} INFO - [2024-07-07T22:19:27.308+0000] {dag.py:3954} INFO - Setting next_dagrun for example_subdag_operator.section-1 to None, run_after=None
[2024-07-07T22:19:27.308+0000] {logging_mixin.py:188} INFO - [2024-07-07T22:19:27.308+0000] {dag.py:3954} INFO - Setting next_dagrun for example_subdag_operator.section-2 to None, run_after=None
[2024-07-07T22:19:27.311+0000] {logging_mixin.py:188} INFO - [2024-07-07T22:19:27.311+0000] {dag.py:3096} INFO - Sync 2 DAGs
[2024-07-07T22:19:27.312+0000] {logging_mixin.py:188} INFO - [2024-07-07T22:19:27.312+0000] {dag.py:3954} INFO - Setting next_dagrun for example_subdag_operator.section-1 to None, run_after=None
[2024-07-07T22:19:27.313+0000] {logging_mixin.py:188} INFO - [2024-07-07T22:19:27.312+0000] {dag.py:3954} INFO - Setting next_dagrun for example_subdag_operator.section-2 to None, run_after=None
[2024-07-07T22:19:27.316+0000] {processor.py:183} INFO - Processing /home/airflow/.local/lib/python3.12/site-packages/airflow/example_dags/example_subdag_operator.py took 0.034 seconds
[2024-07-07T22:19:57.575+0000] {processor.py:161} INFO - Started process (PID=722) to work on /home/airflow/.local/lib/python3.12/site-packages/airflow/example_dags/example_subdag_operator.py
[2024-07-07T22:19:57.575+0000] {processor.py:830} INFO - Processing file /home/airflow/.local/lib/python3.12/site-packages/airflow/example_dags/example_subdag_operator.py for tasks to queue
[2024-07-07T22:19:57.576+0000] {logging_mixin.py:188} INFO - [2024-07-07T22:19:57.576+0000] {dagbag.py:545} INFO - Filling up the DagBag from /home/airflow/.local/lib/python3.12/site-packages/airflow/example_dags/example_subdag_operator.py
[2024-07-07T22:19:57.585+0000] {processor.py:840} INFO - DAG(s) 'example_subdag_operator.section-1', 'example_subdag_operator.section-2', 'example_subdag_operator' retrieved from /home/airflow/.local/lib/python3.12/site-packages/airflow/example_dags/example_subdag_operator.py
[2024-07-07T22:19:57.591+0000] {logging_mixin.py:188} INFO - [2024-07-07T22:19:57.591+0000] {dag.py:3096} INFO - Sync 3 DAGs
[2024-07-07T22:19:57.598+0000] {logging_mixin.py:188} INFO - [2024-07-07T22:19:57.598+0000] {dag.py:3954} INFO - Setting next_dagrun for example_subdag_operator to 2022-01-01 00:00:00+00:00, run_after=2022-01-01 00:00:00+00:00
[2024-07-07T22:19:57.599+0000] {logging_mixin.py:188} INFO - [2024-07-07T22:19:57.599+0000] {dag.py:3954} INFO - Setting next_dagrun for example_subdag_operator.section-1 to None, run_after=None
[2024-07-07T22:19:57.600+0000] {logging_mixin.py:188} INFO - [2024-07-07T22:19:57.600+0000] {dag.py:3954} INFO - Setting next_dagrun for example_subdag_operator.section-2 to None, run_after=None
[2024-07-07T22:19:57.602+0000] {logging_mixin.py:188} INFO - [2024-07-07T22:19:57.602+0000] {dag.py:3096} INFO - Sync 2 DAGs
[2024-07-07T22:19:57.603+0000] {logging_mixin.py:188} INFO - [2024-07-07T22:19:57.603+0000] {dag.py:3954} INFO - Setting next_dagrun for example_subdag_operator.section-1 to None, run_after=None
[2024-07-07T22:19:57.604+0000] {logging_mixin.py:188} INFO - [2024-07-07T22:19:57.604+0000] {dag.py:3954} INFO - Setting next_dagrun for example_subdag_operator.section-2 to None, run_after=None
[2024-07-07T22:19:57.607+0000] {processor.py:183} INFO - Processing /home/airflow/.local/lib/python3.12/site-packages/airflow/example_dags/example_subdag_operator.py took 0.034 seconds
[2024-07-07T22:20:27.851+0000] {processor.py:161} INFO - Started process (PID=774) to work on /home/airflow/.local/lib/python3.12/site-packages/airflow/example_dags/example_subdag_operator.py
[2024-07-07T22:20:27.851+0000] {processor.py:830} INFO - Processing file /home/airflow/.local/lib/python3.12/site-packages/airflow/example_dags/example_subdag_operator.py for tasks to queue
[2024-07-07T22:20:27.852+0000] {logging_mixin.py:188} INFO - [2024-07-07T22:20:27.852+0000] {dagbag.py:545} INFO - Filling up the DagBag from /home/airflow/.local/lib/python3.12/site-packages/airflow/example_dags/example_subdag_operator.py
[2024-07-07T22:20:27.861+0000] {processor.py:840} INFO - DAG(s) 'example_subdag_operator.section-1', 'example_subdag_operator.section-2', 'example_subdag_operator' retrieved from /home/airflow/.local/lib/python3.12/site-packages/airflow/example_dags/example_subdag_operator.py
[2024-07-07T22:20:27.866+0000] {logging_mixin.py:188} INFO - [2024-07-07T22:20:27.866+0000] {dag.py:3096} INFO - Sync 3 DAGs
[2024-07-07T22:20:27.874+0000] {logging_mixin.py:188} INFO - [2024-07-07T22:20:27.874+0000] {dag.py:3954} INFO - Setting next_dagrun for example_subdag_operator to 2022-01-01 00:00:00+00:00, run_after=2022-01-01 00:00:00+00:00
[2024-07-07T22:20:27.875+0000] {logging_mixin.py:188} INFO - [2024-07-07T22:20:27.875+0000] {dag.py:3954} INFO - Setting next_dagrun for example_subdag_operator.section-1 to None, run_after=None
[2024-07-07T22:20:27.876+0000] {logging_mixin.py:188} INFO - [2024-07-07T22:20:27.876+0000] {dag.py:3954} INFO - Setting next_dagrun for example_subdag_operator.section-2 to None, run_after=None
[2024-07-07T22:20:27.878+0000] {logging_mixin.py:188} INFO - [2024-07-07T22:20:27.878+0000] {dag.py:3096} INFO - Sync 2 DAGs
[2024-07-07T22:20:27.880+0000] {logging_mixin.py:188} INFO - [2024-07-07T22:20:27.880+0000] {dag.py:3954} INFO - Setting next_dagrun for example_subdag_operator.section-1 to None, run_after=None
[2024-07-07T22:20:27.880+0000] {logging_mixin.py:188} INFO - [2024-07-07T22:20:27.880+0000] {dag.py:3954} INFO - Setting next_dagrun for example_subdag_operator.section-2 to None, run_after=None
[2024-07-07T22:20:27.884+0000] {processor.py:183} INFO - Processing /home/airflow/.local/lib/python3.12/site-packages/airflow/example_dags/example_subdag_operator.py took 0.036 seconds
[2024-07-07T22:20:58.159+0000] {processor.py:161} INFO - Started process (PID=826) to work on /home/airflow/.local/lib/python3.12/site-packages/airflow/example_dags/example_subdag_operator.py
[2024-07-07T22:20:58.160+0000] {processor.py:830} INFO - Processing file /home/airflow/.local/lib/python3.12/site-packages/airflow/example_dags/example_subdag_operator.py for tasks to queue
[2024-07-07T22:20:58.160+0000] {logging_mixin.py:188} INFO - [2024-07-07T22:20:58.160+0000] {dagbag.py:545} INFO - Filling up the DagBag from /home/airflow/.local/lib/python3.12/site-packages/airflow/example_dags/example_subdag_operator.py
[2024-07-07T22:20:58.169+0000] {processor.py:840} INFO - DAG(s) 'example_subdag_operator.section-1', 'example_subdag_operator.section-2', 'example_subdag_operator' retrieved from /home/airflow/.local/lib/python3.12/site-packages/airflow/example_dags/example_subdag_operator.py
[2024-07-07T22:20:58.174+0000] {logging_mixin.py:188} INFO - [2024-07-07T22:20:58.174+0000] {dag.py:3096} INFO - Sync 3 DAGs
[2024-07-07T22:20:58.181+0000] {logging_mixin.py:188} INFO - [2024-07-07T22:20:58.181+0000] {dag.py:3954} INFO - Setting next_dagrun for example_subdag_operator to 2022-01-01 00:00:00+00:00, run_after=2022-01-01 00:00:00+00:00
[2024-07-07T22:20:58.183+0000] {logging_mixin.py:188} INFO - [2024-07-07T22:20:58.183+0000] {dag.py:3954} INFO - Setting next_dagrun for example_subdag_operator.section-1 to None, run_after=None
[2024-07-07T22:20:58.183+0000] {logging_mixin.py:188} INFO - [2024-07-07T22:20:58.183+0000] {dag.py:3954} INFO - Setting next_dagrun for example_subdag_operator.section-2 to None, run_after=None
[2024-07-07T22:20:58.186+0000] {logging_mixin.py:188} INFO - [2024-07-07T22:20:58.186+0000] {dag.py:3096} INFO - Sync 2 DAGs
[2024-07-07T22:20:58.187+0000] {logging_mixin.py:188} INFO - [2024-07-07T22:20:58.187+0000] {dag.py:3954} INFO - Setting next_dagrun for example_subdag_operator.section-1 to None, run_after=None
[2024-07-07T22:20:58.188+0000] {logging_mixin.py:188} INFO - [2024-07-07T22:20:58.188+0000] {dag.py:3954} INFO - Setting next_dagrun for example_subdag_operator.section-2 to None, run_after=None
[2024-07-07T22:20:58.191+0000] {processor.py:183} INFO - Processing /home/airflow/.local/lib/python3.12/site-packages/airflow/example_dags/example_subdag_operator.py took 0.034 seconds
[2024-07-07T22:21:28.505+0000] {processor.py:161} INFO - Started process (PID=878) to work on /home/airflow/.local/lib/python3.12/site-packages/airflow/example_dags/example_subdag_operator.py
[2024-07-07T22:21:28.506+0000] {processor.py:830} INFO - Processing file /home/airflow/.local/lib/python3.12/site-packages/airflow/example_dags/example_subdag_operator.py for tasks to queue
[2024-07-07T22:21:28.508+0000] {logging_mixin.py:188} INFO - [2024-07-07T22:21:28.508+0000] {dagbag.py:545} INFO - Filling up the DagBag from /home/airflow/.local/lib/python3.12/site-packages/airflow/example_dags/example_subdag_operator.py
[2024-07-07T22:21:28.517+0000] {processor.py:840} INFO - DAG(s) 'example_subdag_operator.section-1', 'example_subdag_operator.section-2', 'example_subdag_operator' retrieved from /home/airflow/.local/lib/python3.12/site-packages/airflow/example_dags/example_subdag_operator.py
[2024-07-07T22:21:28.523+0000] {logging_mixin.py:188} INFO - [2024-07-07T22:21:28.522+0000] {dag.py:3096} INFO - Sync 3 DAGs
[2024-07-07T22:21:28.529+0000] {logging_mixin.py:188} INFO - [2024-07-07T22:21:28.529+0000] {dag.py:3954} INFO - Setting next_dagrun for example_subdag_operator to 2022-01-01 00:00:00+00:00, run_after=2022-01-01 00:00:00+00:00
[2024-07-07T22:21:28.531+0000] {logging_mixin.py:188} INFO - [2024-07-07T22:21:28.531+0000] {dag.py:3954} INFO - Setting next_dagrun for example_subdag_operator.section-1 to None, run_after=None
[2024-07-07T22:21:28.531+0000] {logging_mixin.py:188} INFO - [2024-07-07T22:21:28.531+0000] {dag.py:3954} INFO - Setting next_dagrun for example_subdag_operator.section-2 to None, run_after=None
[2024-07-07T22:21:28.534+0000] {logging_mixin.py:188} INFO - [2024-07-07T22:21:28.533+0000] {dag.py:3096} INFO - Sync 2 DAGs
[2024-07-07T22:21:28.535+0000] {logging_mixin.py:188} INFO - [2024-07-07T22:21:28.535+0000] {dag.py:3954} INFO - Setting next_dagrun for example_subdag_operator.section-1 to None, run_after=None
[2024-07-07T22:21:28.535+0000] {logging_mixin.py:188} INFO - [2024-07-07T22:21:28.535+0000] {dag.py:3954} INFO - Setting next_dagrun for example_subdag_operator.section-2 to None, run_after=None
[2024-07-07T22:21:28.539+0000] {processor.py:183} INFO - Processing /home/airflow/.local/lib/python3.12/site-packages/airflow/example_dags/example_subdag_operator.py took 0.036 seconds
[2024-07-07T22:21:58.825+0000] {processor.py:161} INFO - Started process (PID=930) to work on /home/airflow/.local/lib/python3.12/site-packages/airflow/example_dags/example_subdag_operator.py
[2024-07-07T22:21:58.825+0000] {processor.py:830} INFO - Processing file /home/airflow/.local/lib/python3.12/site-packages/airflow/example_dags/example_subdag_operator.py for tasks to queue
[2024-07-07T22:21:58.826+0000] {logging_mixin.py:188} INFO - [2024-07-07T22:21:58.826+0000] {dagbag.py:545} INFO - Filling up the DagBag from /home/airflow/.local/lib/python3.12/site-packages/airflow/example_dags/example_subdag_operator.py
[2024-07-07T22:21:58.835+0000] {processor.py:840} INFO - DAG(s) 'example_subdag_operator.section-1', 'example_subdag_operator.section-2', 'example_subdag_operator' retrieved from /home/airflow/.local/lib/python3.12/site-packages/airflow/example_dags/example_subdag_operator.py
[2024-07-07T22:21:58.840+0000] {logging_mixin.py:188} INFO - [2024-07-07T22:21:58.840+0000] {dag.py:3096} INFO - Sync 3 DAGs
[2024-07-07T22:21:58.847+0000] {logging_mixin.py:188} INFO - [2024-07-07T22:21:58.847+0000] {dag.py:3954} INFO - Setting next_dagrun for example_subdag_operator to 2022-01-01 00:00:00+00:00, run_after=2022-01-01 00:00:00+00:00
[2024-07-07T22:21:58.849+0000] {logging_mixin.py:188} INFO - [2024-07-07T22:21:58.849+0000] {dag.py:3954} INFO - Setting next_dagrun for example_subdag_operator.section-1 to None, run_after=None
[2024-07-07T22:21:58.849+0000] {logging_mixin.py:188} INFO - [2024-07-07T22:21:58.849+0000] {dag.py:3954} INFO - Setting next_dagrun for example_subdag_operator.section-2 to None, run_after=None
[2024-07-07T22:21:58.852+0000] {logging_mixin.py:188} INFO - [2024-07-07T22:21:58.852+0000] {dag.py:3096} INFO - Sync 2 DAGs
[2024-07-07T22:21:58.853+0000] {logging_mixin.py:188} INFO - [2024-07-07T22:21:58.853+0000] {dag.py:3954} INFO - Setting next_dagrun for example_subdag_operator.section-1 to None, run_after=None
[2024-07-07T22:21:58.853+0000] {logging_mixin.py:188} INFO - [2024-07-07T22:21:58.853+0000] {dag.py:3954} INFO - Setting next_dagrun for example_subdag_operator.section-2 to None, run_after=None
[2024-07-07T22:21:58.857+0000] {processor.py:183} INFO - Processing /home/airflow/.local/lib/python3.12/site-packages/airflow/example_dags/example_subdag_operator.py took 0.034 seconds
[2024-07-07T22:22:29.213+0000] {processor.py:161} INFO - Started process (PID=982) to work on /home/airflow/.local/lib/python3.12/site-packages/airflow/example_dags/example_subdag_operator.py
[2024-07-07T22:22:29.213+0000] {processor.py:830} INFO - Processing file /home/airflow/.local/lib/python3.12/site-packages/airflow/example_dags/example_subdag_operator.py for tasks to queue
[2024-07-07T22:22:29.214+0000] {logging_mixin.py:188} INFO - [2024-07-07T22:22:29.214+0000] {dagbag.py:545} INFO - Filling up the DagBag from /home/airflow/.local/lib/python3.12/site-packages/airflow/example_dags/example_subdag_operator.py
[2024-07-07T22:22:29.223+0000] {processor.py:840} INFO - DAG(s) 'example_subdag_operator.section-1', 'example_subdag_operator.section-2', 'example_subdag_operator' retrieved from /home/airflow/.local/lib/python3.12/site-packages/airflow/example_dags/example_subdag_operator.py
[2024-07-07T22:22:29.228+0000] {logging_mixin.py:188} INFO - [2024-07-07T22:22:29.228+0000] {dag.py:3096} INFO - Sync 3 DAGs
[2024-07-07T22:22:29.236+0000] {logging_mixin.py:188} INFO - [2024-07-07T22:22:29.235+0000] {dag.py:3954} INFO - Setting next_dagrun for example_subdag_operator to 2022-01-01 00:00:00+00:00, run_after=2022-01-01 00:00:00+00:00
[2024-07-07T22:22:29.237+0000] {logging_mixin.py:188} INFO - [2024-07-07T22:22:29.237+0000] {dag.py:3954} INFO - Setting next_dagrun for example_subdag_operator.section-1 to None, run_after=None
[2024-07-07T22:22:29.238+0000] {logging_mixin.py:188} INFO - [2024-07-07T22:22:29.238+0000] {dag.py:3954} INFO - Setting next_dagrun for example_subdag_operator.section-2 to None, run_after=None
[2024-07-07T22:22:29.240+0000] {logging_mixin.py:188} INFO - [2024-07-07T22:22:29.240+0000] {dag.py:3096} INFO - Sync 2 DAGs
[2024-07-07T22:22:29.242+0000] {logging_mixin.py:188} INFO - [2024-07-07T22:22:29.242+0000] {dag.py:3954} INFO - Setting next_dagrun for example_subdag_operator.section-1 to None, run_after=None
[2024-07-07T22:22:29.242+0000] {logging_mixin.py:188} INFO - [2024-07-07T22:22:29.242+0000] {dag.py:3954} INFO - Setting next_dagrun for example_subdag_operator.section-2 to None, run_after=None
[2024-07-07T22:22:29.245+0000] {processor.py:183} INFO - Processing /home/airflow/.local/lib/python3.12/site-packages/airflow/example_dags/example_subdag_operator.py took 0.034 seconds
[2024-07-07T22:22:59.568+0000] {processor.py:161} INFO - Started process (PID=1034) to work on /home/airflow/.local/lib/python3.12/site-packages/airflow/example_dags/example_subdag_operator.py
[2024-07-07T22:22:59.569+0000] {processor.py:830} INFO - Processing file /home/airflow/.local/lib/python3.12/site-packages/airflow/example_dags/example_subdag_operator.py for tasks to queue
[2024-07-07T22:22:59.569+0000] {logging_mixin.py:188} INFO - [2024-07-07T22:22:59.569+0000] {dagbag.py:545} INFO - Filling up the DagBag from /home/airflow/.local/lib/python3.12/site-packages/airflow/example_dags/example_subdag_operator.py
[2024-07-07T22:22:59.578+0000] {processor.py:840} INFO - DAG(s) 'example_subdag_operator.section-1', 'example_subdag_operator.section-2', 'example_subdag_operator' retrieved from /home/airflow/.local/lib/python3.12/site-packages/airflow/example_dags/example_subdag_operator.py
[2024-07-07T22:22:59.585+0000] {logging_mixin.py:188} INFO - [2024-07-07T22:22:59.585+0000] {dag.py:3096} INFO - Sync 3 DAGs
[2024-07-07T22:22:59.592+0000] {logging_mixin.py:188} INFO - [2024-07-07T22:22:59.592+0000] {dag.py:3954} INFO - Setting next_dagrun for example_subdag_operator to 2022-01-01 00:00:00+00:00, run_after=2022-01-01 00:00:00+00:00
[2024-07-07T22:22:59.597+0000] {logging_mixin.py:188} INFO - [2024-07-07T22:22:59.596+0000] {dag.py:3954} INFO - Setting next_dagrun for example_subdag_operator.section-1 to None, run_after=None
[2024-07-07T22:22:59.597+0000] {logging_mixin.py:188} INFO - [2024-07-07T22:22:59.597+0000] {dag.py:3954} INFO - Setting next_dagrun for example_subdag_operator.section-2 to None, run_after=None
[2024-07-07T22:22:59.599+0000] {logging_mixin.py:188} INFO - [2024-07-07T22:22:59.599+0000] {dag.py:3096} INFO - Sync 2 DAGs
[2024-07-07T22:22:59.601+0000] {logging_mixin.py:188} INFO - [2024-07-07T22:22:59.601+0000] {dag.py:3954} INFO - Setting next_dagrun for example_subdag_operator.section-1 to None, run_after=None
[2024-07-07T22:22:59.601+0000] {logging_mixin.py:188} INFO - [2024-07-07T22:22:59.601+0000] {dag.py:3954} INFO - Setting next_dagrun for example_subdag_operator.section-2 to None, run_after=None
[2024-07-07T22:22:59.604+0000] {processor.py:183} INFO - Processing /home/airflow/.local/lib/python3.12/site-packages/airflow/example_dags/example_subdag_operator.py took 0.038 seconds
[2024-07-07T22:23:29.861+0000] {processor.py:161} INFO - Started process (PID=1086) to work on /home/airflow/.local/lib/python3.12/site-packages/airflow/example_dags/example_subdag_operator.py
[2024-07-07T22:23:29.861+0000] {processor.py:830} INFO - Processing file /home/airflow/.local/lib/python3.12/site-packages/airflow/example_dags/example_subdag_operator.py for tasks to queue
[2024-07-07T22:23:29.862+0000] {logging_mixin.py:188} INFO - [2024-07-07T22:23:29.862+0000] {dagbag.py:545} INFO - Filling up the DagBag from /home/airflow/.local/lib/python3.12/site-packages/airflow/example_dags/example_subdag_operator.py
[2024-07-07T22:23:29.870+0000] {processor.py:840} INFO - DAG(s) 'example_subdag_operator.section-1', 'example_subdag_operator.section-2', 'example_subdag_operator' retrieved from /home/airflow/.local/lib/python3.12/site-packages/airflow/example_dags/example_subdag_operator.py
[2024-07-07T22:23:29.875+0000] {logging_mixin.py:188} INFO - [2024-07-07T22:23:29.875+0000] {dag.py:3096} INFO - Sync 3 DAGs
[2024-07-07T22:23:29.882+0000] {logging_mixin.py:188} INFO - [2024-07-07T22:23:29.882+0000] {dag.py:3954} INFO - Setting next_dagrun for example_subdag_operator to 2022-01-01 00:00:00+00:00, run_after=2022-01-01 00:00:00+00:00
[2024-07-07T22:23:29.884+0000] {logging_mixin.py:188} INFO - [2024-07-07T22:23:29.884+0000] {dag.py:3954} INFO - Setting next_dagrun for example_subdag_operator.section-1 to None, run_after=None
[2024-07-07T22:23:29.884+0000] {logging_mixin.py:188} INFO - [2024-07-07T22:23:29.884+0000] {dag.py:3954} INFO - Setting next_dagrun for example_subdag_operator.section-2 to None, run_after=None
[2024-07-07T22:23:29.887+0000] {logging_mixin.py:188} INFO - [2024-07-07T22:23:29.887+0000] {dag.py:3096} INFO - Sync 2 DAGs
[2024-07-07T22:23:29.888+0000] {logging_mixin.py:188} INFO - [2024-07-07T22:23:29.888+0000] {dag.py:3954} INFO - Setting next_dagrun for example_subdag_operator.section-1 to None, run_after=None
[2024-07-07T22:23:29.888+0000] {logging_mixin.py:188} INFO - [2024-07-07T22:23:29.888+0000] {dag.py:3954} INFO - Setting next_dagrun for example_subdag_operator.section-2 to None, run_after=None
[2024-07-07T22:23:29.892+0000] {processor.py:183} INFO - Processing /home/airflow/.local/lib/python3.12/site-packages/airflow/example_dags/example_subdag_operator.py took 0.033 seconds
[2024-07-07T22:24:00.232+0000] {processor.py:161} INFO - Started process (PID=1138) to work on /home/airflow/.local/lib/python3.12/site-packages/airflow/example_dags/example_subdag_operator.py
[2024-07-07T22:24:00.233+0000] {processor.py:830} INFO - Processing file /home/airflow/.local/lib/python3.12/site-packages/airflow/example_dags/example_subdag_operator.py for tasks to queue
[2024-07-07T22:24:00.233+0000] {logging_mixin.py:188} INFO - [2024-07-07T22:24:00.233+0000] {dagbag.py:545} INFO - Filling up the DagBag from /home/airflow/.local/lib/python3.12/site-packages/airflow/example_dags/example_subdag_operator.py
[2024-07-07T22:24:00.242+0000] {processor.py:840} INFO - DAG(s) 'example_subdag_operator.section-1', 'example_subdag_operator.section-2', 'example_subdag_operator' retrieved from /home/airflow/.local/lib/python3.12/site-packages/airflow/example_dags/example_subdag_operator.py
[2024-07-07T22:24:00.248+0000] {logging_mixin.py:188} INFO - [2024-07-07T22:24:00.248+0000] {dag.py:3096} INFO - Sync 3 DAGs
[2024-07-07T22:24:00.256+0000] {logging_mixin.py:188} INFO - [2024-07-07T22:24:00.256+0000] {dag.py:3954} INFO - Setting next_dagrun for example_subdag_operator to 2022-01-01 00:00:00+00:00, run_after=2022-01-01 00:00:00+00:00
[2024-07-07T22:24:00.262+0000] {logging_mixin.py:188} INFO - [2024-07-07T22:24:00.262+0000] {dag.py:3954} INFO - Setting next_dagrun for example_subdag_operator.section-1 to None, run_after=None
[2024-07-07T22:24:00.263+0000] {logging_mixin.py:188} INFO - [2024-07-07T22:24:00.262+0000] {dag.py:3954} INFO - Setting next_dagrun for example_subdag_operator.section-2 to None, run_after=None
[2024-07-07T22:24:00.265+0000] {logging_mixin.py:188} INFO - [2024-07-07T22:24:00.265+0000] {dag.py:3096} INFO - Sync 2 DAGs
[2024-07-07T22:24:00.270+0000] {logging_mixin.py:188} INFO - [2024-07-07T22:24:00.270+0000] {dag.py:3954} INFO - Setting next_dagrun for example_subdag_operator.section-1 to None, run_after=None
[2024-07-07T22:24:00.270+0000] {logging_mixin.py:188} INFO - [2024-07-07T22:24:00.270+0000] {dag.py:3954} INFO - Setting next_dagrun for example_subdag_operator.section-2 to None, run_after=None
[2024-07-07T22:24:00.273+0000] {processor.py:183} INFO - Processing /home/airflow/.local/lib/python3.12/site-packages/airflow/example_dags/example_subdag_operator.py took 0.044 seconds
[2024-07-07T22:24:30.559+0000] {processor.py:161} INFO - Started process (PID=1190) to work on /home/airflow/.local/lib/python3.12/site-packages/airflow/example_dags/example_subdag_operator.py
[2024-07-07T22:24:30.559+0000] {processor.py:830} INFO - Processing file /home/airflow/.local/lib/python3.12/site-packages/airflow/example_dags/example_subdag_operator.py for tasks to queue
[2024-07-07T22:24:30.560+0000] {logging_mixin.py:188} INFO - [2024-07-07T22:24:30.560+0000] {dagbag.py:545} INFO - Filling up the DagBag from /home/airflow/.local/lib/python3.12/site-packages/airflow/example_dags/example_subdag_operator.py
[2024-07-07T22:24:30.568+0000] {processor.py:840} INFO - DAG(s) 'example_subdag_operator.section-1', 'example_subdag_operator.section-2', 'example_subdag_operator' retrieved from /home/airflow/.local/lib/python3.12/site-packages/airflow/example_dags/example_subdag_operator.py
[2024-07-07T22:24:30.574+0000] {logging_mixin.py:188} INFO - [2024-07-07T22:24:30.574+0000] {dag.py:3096} INFO - Sync 3 DAGs
[2024-07-07T22:24:30.581+0000] {logging_mixin.py:188} INFO - [2024-07-07T22:24:30.581+0000] {dag.py:3954} INFO - Setting next_dagrun for example_subdag_operator to 2022-01-01 00:00:00+00:00, run_after=2022-01-01 00:00:00+00:00
[2024-07-07T22:24:30.583+0000] {logging_mixin.py:188} INFO - [2024-07-07T22:24:30.583+0000] {dag.py:3954} INFO - Setting next_dagrun for example_subdag_operator.section-1 to None, run_after=None
[2024-07-07T22:24:30.583+0000] {logging_mixin.py:188} INFO - [2024-07-07T22:24:30.583+0000] {dag.py:3954} INFO - Setting next_dagrun for example_subdag_operator.section-2 to None, run_after=None
[2024-07-07T22:24:30.586+0000] {logging_mixin.py:188} INFO - [2024-07-07T22:24:30.586+0000] {dag.py:3096} INFO - Sync 2 DAGs
[2024-07-07T22:24:30.588+0000] {logging_mixin.py:188} INFO - [2024-07-07T22:24:30.588+0000] {dag.py:3954} INFO - Setting next_dagrun for example_subdag_operator.section-1 to None, run_after=None
[2024-07-07T22:24:30.588+0000] {logging_mixin.py:188} INFO - [2024-07-07T22:24:30.588+0000] {dag.py:3954} INFO - Setting next_dagrun for example_subdag_operator.section-2 to None, run_after=None
[2024-07-07T22:24:30.592+0000] {processor.py:183} INFO - Processing /home/airflow/.local/lib/python3.12/site-packages/airflow/example_dags/example_subdag_operator.py took 0.035 seconds
[2024-07-07T22:25:01.085+0000] {processor.py:161} INFO - Started process (PID=1242) to work on /home/airflow/.local/lib/python3.12/site-packages/airflow/example_dags/example_subdag_operator.py
[2024-07-07T22:25:01.085+0000] {processor.py:830} INFO - Processing file /home/airflow/.local/lib/python3.12/site-packages/airflow/example_dags/example_subdag_operator.py for tasks to queue
[2024-07-07T22:25:01.086+0000] {logging_mixin.py:188} INFO - [2024-07-07T22:25:01.086+0000] {dagbag.py:545} INFO - Filling up the DagBag from /home/airflow/.local/lib/python3.12/site-packages/airflow/example_dags/example_subdag_operator.py
[2024-07-07T22:25:01.096+0000] {processor.py:840} INFO - DAG(s) 'example_subdag_operator.section-1', 'example_subdag_operator.section-2', 'example_subdag_operator' retrieved from /home/airflow/.local/lib/python3.12/site-packages/airflow/example_dags/example_subdag_operator.py
[2024-07-07T22:25:01.105+0000] {logging_mixin.py:188} INFO - [2024-07-07T22:25:01.105+0000] {dag.py:3096} INFO - Sync 3 DAGs
[2024-07-07T22:25:01.116+0000] {logging_mixin.py:188} INFO - [2024-07-07T22:25:01.115+0000] {dag.py:3954} INFO - Setting next_dagrun for example_subdag_operator to 2022-01-01 00:00:00+00:00, run_after=2022-01-01 00:00:00+00:00
[2024-07-07T22:25:01.119+0000] {logging_mixin.py:188} INFO - [2024-07-07T22:25:01.119+0000] {dag.py:3954} INFO - Setting next_dagrun for example_subdag_operator.section-1 to None, run_after=None
[2024-07-07T22:25:01.120+0000] {logging_mixin.py:188} INFO - [2024-07-07T22:25:01.120+0000] {dag.py:3954} INFO - Setting next_dagrun for example_subdag_operator.section-2 to None, run_after=None
[2024-07-07T22:25:01.123+0000] {logging_mixin.py:188} INFO - [2024-07-07T22:25:01.123+0000] {dag.py:3096} INFO - Sync 2 DAGs
[2024-07-07T22:25:01.126+0000] {logging_mixin.py:188} INFO - [2024-07-07T22:25:01.126+0000] {dag.py:3954} INFO - Setting next_dagrun for example_subdag_operator.section-1 to None, run_after=None
[2024-07-07T22:25:01.126+0000] {logging_mixin.py:188} INFO - [2024-07-07T22:25:01.126+0000] {dag.py:3954} INFO - Setting next_dagrun for example_subdag_operator.section-2 to None, run_after=None
[2024-07-07T22:25:01.129+0000] {processor.py:183} INFO - Processing /home/airflow/.local/lib/python3.12/site-packages/airflow/example_dags/example_subdag_operator.py took 0.047 seconds
[2024-07-07T22:25:31.578+0000] {processor.py:161} INFO - Started process (PID=1294) to work on /home/airflow/.local/lib/python3.12/site-packages/airflow/example_dags/example_subdag_operator.py
[2024-07-07T22:25:31.578+0000] {processor.py:830} INFO - Processing file /home/airflow/.local/lib/python3.12/site-packages/airflow/example_dags/example_subdag_operator.py for tasks to queue
[2024-07-07T22:25:31.579+0000] {logging_mixin.py:188} INFO - [2024-07-07T22:25:31.579+0000] {dagbag.py:545} INFO - Filling up the DagBag from /home/airflow/.local/lib/python3.12/site-packages/airflow/example_dags/example_subdag_operator.py
[2024-07-07T22:25:31.587+0000] {processor.py:840} INFO - DAG(s) 'example_subdag_operator.section-1', 'example_subdag_operator.section-2', 'example_subdag_operator' retrieved from /home/airflow/.local/lib/python3.12/site-packages/airflow/example_dags/example_subdag_operator.py
[2024-07-07T22:25:31.592+0000] {logging_mixin.py:188} INFO - [2024-07-07T22:25:31.592+0000] {dag.py:3096} INFO - Sync 3 DAGs
[2024-07-07T22:25:31.599+0000] {logging_mixin.py:188} INFO - [2024-07-07T22:25:31.599+0000] {dag.py:3954} INFO - Setting next_dagrun for example_subdag_operator to 2022-01-01 00:00:00+00:00, run_after=2022-01-01 00:00:00+00:00
[2024-07-07T22:25:31.600+0000] {logging_mixin.py:188} INFO - [2024-07-07T22:25:31.600+0000] {dag.py:3954} INFO - Setting next_dagrun for example_subdag_operator.section-1 to None, run_after=None
[2024-07-07T22:25:31.601+0000] {logging_mixin.py:188} INFO - [2024-07-07T22:25:31.601+0000] {dag.py:3954} INFO - Setting next_dagrun for example_subdag_operator.section-2 to None, run_after=None
[2024-07-07T22:25:31.603+0000] {logging_mixin.py:188} INFO - [2024-07-07T22:25:31.603+0000] {dag.py:3096} INFO - Sync 2 DAGs
[2024-07-07T22:25:31.605+0000] {logging_mixin.py:188} INFO - [2024-07-07T22:25:31.605+0000] {dag.py:3954} INFO - Setting next_dagrun for example_subdag_operator.section-1 to None, run_after=None
[2024-07-07T22:25:31.605+0000] {logging_mixin.py:188} INFO - [2024-07-07T22:25:31.605+0000] {dag.py:3954} INFO - Setting next_dagrun for example_subdag_operator.section-2 to None, run_after=None
[2024-07-07T22:25:31.608+0000] {processor.py:183} INFO - Processing /home/airflow/.local/lib/python3.12/site-packages/airflow/example_dags/example_subdag_operator.py took 0.032 seconds
[2024-07-07T22:26:02.055+0000] {processor.py:161} INFO - Started process (PID=1346) to work on /home/airflow/.local/lib/python3.12/site-packages/airflow/example_dags/example_subdag_operator.py
[2024-07-07T22:26:02.055+0000] {processor.py:830} INFO - Processing file /home/airflow/.local/lib/python3.12/site-packages/airflow/example_dags/example_subdag_operator.py for tasks to queue
[2024-07-07T22:26:02.056+0000] {logging_mixin.py:188} INFO - [2024-07-07T22:26:02.056+0000] {dagbag.py:545} INFO - Filling up the DagBag from /home/airflow/.local/lib/python3.12/site-packages/airflow/example_dags/example_subdag_operator.py
[2024-07-07T22:26:02.069+0000] {processor.py:840} INFO - DAG(s) 'example_subdag_operator.section-1', 'example_subdag_operator.section-2', 'example_subdag_operator' retrieved from /home/airflow/.local/lib/python3.12/site-packages/airflow/example_dags/example_subdag_operator.py
[2024-07-07T22:26:02.077+0000] {logging_mixin.py:188} INFO - [2024-07-07T22:26:02.077+0000] {dag.py:3096} INFO - Sync 3 DAGs
[2024-07-07T22:26:02.087+0000] {logging_mixin.py:188} INFO - [2024-07-07T22:26:02.087+0000] {dag.py:3954} INFO - Setting next_dagrun for example_subdag_operator to 2022-01-01 00:00:00+00:00, run_after=2022-01-01 00:00:00+00:00
[2024-07-07T22:26:02.088+0000] {logging_mixin.py:188} INFO - [2024-07-07T22:26:02.088+0000] {dag.py:3954} INFO - Setting next_dagrun for example_subdag_operator.section-1 to None, run_after=None
[2024-07-07T22:26:02.089+0000] {logging_mixin.py:188} INFO - [2024-07-07T22:26:02.089+0000] {dag.py:3954} INFO - Setting next_dagrun for example_subdag_operator.section-2 to None, run_after=None
[2024-07-07T22:26:02.092+0000] {logging_mixin.py:188} INFO - [2024-07-07T22:26:02.092+0000] {dag.py:3096} INFO - Sync 2 DAGs
[2024-07-07T22:26:02.095+0000] {logging_mixin.py:188} INFO - [2024-07-07T22:26:02.095+0000] {dag.py:3954} INFO - Setting next_dagrun for example_subdag_operator.section-1 to None, run_after=None
[2024-07-07T22:26:02.095+0000] {logging_mixin.py:188} INFO - [2024-07-07T22:26:02.095+0000] {dag.py:3954} INFO - Setting next_dagrun for example_subdag_operator.section-2 to None, run_after=None
[2024-07-07T22:26:02.099+0000] {processor.py:183} INFO - Processing /home/airflow/.local/lib/python3.12/site-packages/airflow/example_dags/example_subdag_operator.py took 0.046 seconds
[2024-07-07T22:26:32.431+0000] {processor.py:161} INFO - Started process (PID=1398) to work on /home/airflow/.local/lib/python3.12/site-packages/airflow/example_dags/example_subdag_operator.py
[2024-07-07T22:26:32.432+0000] {processor.py:830} INFO - Processing file /home/airflow/.local/lib/python3.12/site-packages/airflow/example_dags/example_subdag_operator.py for tasks to queue
[2024-07-07T22:26:32.433+0000] {logging_mixin.py:188} INFO - [2024-07-07T22:26:32.433+0000] {dagbag.py:545} INFO - Filling up the DagBag from /home/airflow/.local/lib/python3.12/site-packages/airflow/example_dags/example_subdag_operator.py
[2024-07-07T22:26:32.441+0000] {processor.py:840} INFO - DAG(s) 'example_subdag_operator.section-1', 'example_subdag_operator.section-2', 'example_subdag_operator' retrieved from /home/airflow/.local/lib/python3.12/site-packages/airflow/example_dags/example_subdag_operator.py
[2024-07-07T22:26:32.446+0000] {logging_mixin.py:188} INFO - [2024-07-07T22:26:32.446+0000] {dag.py:3096} INFO - Sync 3 DAGs
[2024-07-07T22:26:32.454+0000] {logging_mixin.py:188} INFO - [2024-07-07T22:26:32.453+0000] {dag.py:3954} INFO - Setting next_dagrun for example_subdag_operator to 2022-01-01 00:00:00+00:00, run_after=2022-01-01 00:00:00+00:00
[2024-07-07T22:26:32.455+0000] {logging_mixin.py:188} INFO - [2024-07-07T22:26:32.455+0000] {dag.py:3954} INFO - Setting next_dagrun for example_subdag_operator.section-1 to None, run_after=None
[2024-07-07T22:26:32.456+0000] {logging_mixin.py:188} INFO - [2024-07-07T22:26:32.455+0000] {dag.py:3954} INFO - Setting next_dagrun for example_subdag_operator.section-2 to None, run_after=None
[2024-07-07T22:26:32.458+0000] {logging_mixin.py:188} INFO - [2024-07-07T22:26:32.458+0000] {dag.py:3096} INFO - Sync 2 DAGs
[2024-07-07T22:26:32.459+0000] {logging_mixin.py:188} INFO - [2024-07-07T22:26:32.459+0000] {dag.py:3954} INFO - Setting next_dagrun for example_subdag_operator.section-1 to None, run_after=None
[2024-07-07T22:26:32.460+0000] {logging_mixin.py:188} INFO - [2024-07-07T22:26:32.460+0000] {dag.py:3954} INFO - Setting next_dagrun for example_subdag_operator.section-2 to None, run_after=None
[2024-07-07T22:26:32.463+0000] {processor.py:183} INFO - Processing /home/airflow/.local/lib/python3.12/site-packages/airflow/example_dags/example_subdag_operator.py took 0.034 seconds
[2024-07-07T22:27:02.728+0000] {processor.py:161} INFO - Started process (PID=1450) to work on /home/airflow/.local/lib/python3.12/site-packages/airflow/example_dags/example_subdag_operator.py
[2024-07-07T22:27:02.728+0000] {processor.py:830} INFO - Processing file /home/airflow/.local/lib/python3.12/site-packages/airflow/example_dags/example_subdag_operator.py for tasks to queue
[2024-07-07T22:27:02.729+0000] {logging_mixin.py:188} INFO - [2024-07-07T22:27:02.729+0000] {dagbag.py:545} INFO - Filling up the DagBag from /home/airflow/.local/lib/python3.12/site-packages/airflow/example_dags/example_subdag_operator.py
[2024-07-07T22:27:02.738+0000] {processor.py:840} INFO - DAG(s) 'example_subdag_operator.section-1', 'example_subdag_operator.section-2', 'example_subdag_operator' retrieved from /home/airflow/.local/lib/python3.12/site-packages/airflow/example_dags/example_subdag_operator.py
[2024-07-07T22:27:02.743+0000] {logging_mixin.py:188} INFO - [2024-07-07T22:27:02.743+0000] {dag.py:3096} INFO - Sync 3 DAGs
[2024-07-07T22:27:02.751+0000] {logging_mixin.py:188} INFO - [2024-07-07T22:27:02.751+0000] {dag.py:3954} INFO - Setting next_dagrun for example_subdag_operator to 2022-01-01 00:00:00+00:00, run_after=2022-01-01 00:00:00+00:00
[2024-07-07T22:27:02.752+0000] {logging_mixin.py:188} INFO - [2024-07-07T22:27:02.752+0000] {dag.py:3954} INFO - Setting next_dagrun for example_subdag_operator.section-1 to None, run_after=None
[2024-07-07T22:27:02.753+0000] {logging_mixin.py:188} INFO - [2024-07-07T22:27:02.753+0000] {dag.py:3954} INFO - Setting next_dagrun for example_subdag_operator.section-2 to None, run_after=None
[2024-07-07T22:27:02.755+0000] {logging_mixin.py:188} INFO - [2024-07-07T22:27:02.755+0000] {dag.py:3096} INFO - Sync 2 DAGs
[2024-07-07T22:27:02.757+0000] {logging_mixin.py:188} INFO - [2024-07-07T22:27:02.757+0000] {dag.py:3954} INFO - Setting next_dagrun for example_subdag_operator.section-1 to None, run_after=None
[2024-07-07T22:27:02.757+0000] {logging_mixin.py:188} INFO - [2024-07-07T22:27:02.757+0000] {dag.py:3954} INFO - Setting next_dagrun for example_subdag_operator.section-2 to None, run_after=None
[2024-07-07T22:27:02.760+0000] {processor.py:183} INFO - Processing /home/airflow/.local/lib/python3.12/site-packages/airflow/example_dags/example_subdag_operator.py took 0.034 seconds
[2024-07-07T22:27:32.970+0000] {processor.py:161} INFO - Started process (PID=1502) to work on /home/airflow/.local/lib/python3.12/site-packages/airflow/example_dags/example_subdag_operator.py
[2024-07-07T22:27:32.970+0000] {processor.py:830} INFO - Processing file /home/airflow/.local/lib/python3.12/site-packages/airflow/example_dags/example_subdag_operator.py for tasks to queue
[2024-07-07T22:27:32.971+0000] {logging_mixin.py:188} INFO - [2024-07-07T22:27:32.971+0000] {dagbag.py:545} INFO - Filling up the DagBag from /home/airflow/.local/lib/python3.12/site-packages/airflow/example_dags/example_subdag_operator.py
[2024-07-07T22:27:32.980+0000] {processor.py:840} INFO - DAG(s) 'example_subdag_operator.section-1', 'example_subdag_operator.section-2', 'example_subdag_operator' retrieved from /home/airflow/.local/lib/python3.12/site-packages/airflow/example_dags/example_subdag_operator.py
[2024-07-07T22:27:32.985+0000] {logging_mixin.py:188} INFO - [2024-07-07T22:27:32.985+0000] {dag.py:3096} INFO - Sync 3 DAGs
[2024-07-07T22:27:32.993+0000] {logging_mixin.py:188} INFO - [2024-07-07T22:27:32.992+0000] {dag.py:3954} INFO - Setting next_dagrun for example_subdag_operator to 2022-01-01 00:00:00+00:00, run_after=2022-01-01 00:00:00+00:00
[2024-07-07T22:27:32.994+0000] {logging_mixin.py:188} INFO - [2024-07-07T22:27:32.994+0000] {dag.py:3954} INFO - Setting next_dagrun for example_subdag_operator.section-1 to None, run_after=None
[2024-07-07T22:27:32.994+0000] {logging_mixin.py:188} INFO - [2024-07-07T22:27:32.994+0000] {dag.py:3954} INFO - Setting next_dagrun for example_subdag_operator.section-2 to None, run_after=None
[2024-07-07T22:27:32.997+0000] {logging_mixin.py:188} INFO - [2024-07-07T22:27:32.997+0000] {dag.py:3096} INFO - Sync 2 DAGs
[2024-07-07T22:27:32.999+0000] {logging_mixin.py:188} INFO - [2024-07-07T22:27:32.999+0000] {dag.py:3954} INFO - Setting next_dagrun for example_subdag_operator.section-1 to None, run_after=None
[2024-07-07T22:27:32.999+0000] {logging_mixin.py:188} INFO - [2024-07-07T22:27:32.999+0000] {dag.py:3954} INFO - Setting next_dagrun for example_subdag_operator.section-2 to None, run_after=None
[2024-07-07T22:27:33.003+0000] {processor.py:183} INFO - Processing /home/airflow/.local/lib/python3.12/site-packages/airflow/example_dags/example_subdag_operator.py took 0.035 seconds
[2024-07-07T22:28:03.252+0000] {processor.py:161} INFO - Started process (PID=1554) to work on /home/airflow/.local/lib/python3.12/site-packages/airflow/example_dags/example_subdag_operator.py
[2024-07-07T22:28:03.253+0000] {processor.py:830} INFO - Processing file /home/airflow/.local/lib/python3.12/site-packages/airflow/example_dags/example_subdag_operator.py for tasks to queue
[2024-07-07T22:28:03.253+0000] {logging_mixin.py:188} INFO - [2024-07-07T22:28:03.253+0000] {dagbag.py:545} INFO - Filling up the DagBag from /home/airflow/.local/lib/python3.12/site-packages/airflow/example_dags/example_subdag_operator.py
[2024-07-07T22:28:03.262+0000] {processor.py:840} INFO - DAG(s) 'example_subdag_operator.section-1', 'example_subdag_operator.section-2', 'example_subdag_operator' retrieved from /home/airflow/.local/lib/python3.12/site-packages/airflow/example_dags/example_subdag_operator.py
[2024-07-07T22:28:03.267+0000] {logging_mixin.py:188} INFO - [2024-07-07T22:28:03.267+0000] {dag.py:3096} INFO - Sync 3 DAGs
[2024-07-07T22:28:03.274+0000] {logging_mixin.py:188} INFO - [2024-07-07T22:28:03.274+0000] {dag.py:3954} INFO - Setting next_dagrun for example_subdag_operator to 2022-01-01 00:00:00+00:00, run_after=2022-01-01 00:00:00+00:00
[2024-07-07T22:28:03.275+0000] {logging_mixin.py:188} INFO - [2024-07-07T22:28:03.275+0000] {dag.py:3954} INFO - Setting next_dagrun for example_subdag_operator.section-1 to None, run_after=None
[2024-07-07T22:28:03.276+0000] {logging_mixin.py:188} INFO - [2024-07-07T22:28:03.275+0000] {dag.py:3954} INFO - Setting next_dagrun for example_subdag_operator.section-2 to None, run_after=None
[2024-07-07T22:28:03.278+0000] {logging_mixin.py:188} INFO - [2024-07-07T22:28:03.278+0000] {dag.py:3096} INFO - Sync 2 DAGs
[2024-07-07T22:28:03.279+0000] {logging_mixin.py:188} INFO - [2024-07-07T22:28:03.279+0000] {dag.py:3954} INFO - Setting next_dagrun for example_subdag_operator.section-1 to None, run_after=None
[2024-07-07T22:28:03.279+0000] {logging_mixin.py:188} INFO - [2024-07-07T22:28:03.279+0000] {dag.py:3954} INFO - Setting next_dagrun for example_subdag_operator.section-2 to None, run_after=None
[2024-07-07T22:28:03.283+0000] {processor.py:183} INFO - Processing /home/airflow/.local/lib/python3.12/site-packages/airflow/example_dags/example_subdag_operator.py took 0.033 seconds
[2024-07-07T22:28:33.511+0000] {processor.py:161} INFO - Started process (PID=1606) to work on /home/airflow/.local/lib/python3.12/site-packages/airflow/example_dags/example_subdag_operator.py
[2024-07-07T22:28:33.512+0000] {processor.py:830} INFO - Processing file /home/airflow/.local/lib/python3.12/site-packages/airflow/example_dags/example_subdag_operator.py for tasks to queue
[2024-07-07T22:28:33.513+0000] {logging_mixin.py:188} INFO - [2024-07-07T22:28:33.513+0000] {dagbag.py:545} INFO - Filling up the DagBag from /home/airflow/.local/lib/python3.12/site-packages/airflow/example_dags/example_subdag_operator.py
[2024-07-07T22:28:33.522+0000] {processor.py:840} INFO - DAG(s) 'example_subdag_operator.section-1', 'example_subdag_operator.section-2', 'example_subdag_operator' retrieved from /home/airflow/.local/lib/python3.12/site-packages/airflow/example_dags/example_subdag_operator.py
[2024-07-07T22:28:33.527+0000] {logging_mixin.py:188} INFO - [2024-07-07T22:28:33.527+0000] {dag.py:3096} INFO - Sync 3 DAGs
[2024-07-07T22:28:33.534+0000] {logging_mixin.py:188} INFO - [2024-07-07T22:28:33.534+0000] {dag.py:3954} INFO - Setting next_dagrun for example_subdag_operator to 2022-01-01 00:00:00+00:00, run_after=2022-01-01 00:00:00+00:00
[2024-07-07T22:28:33.536+0000] {logging_mixin.py:188} INFO - [2024-07-07T22:28:33.536+0000] {dag.py:3954} INFO - Setting next_dagrun for example_subdag_operator.section-1 to None, run_after=None
[2024-07-07T22:28:33.536+0000] {logging_mixin.py:188} INFO - [2024-07-07T22:28:33.536+0000] {dag.py:3954} INFO - Setting next_dagrun for example_subdag_operator.section-2 to None, run_after=None
[2024-07-07T22:28:33.538+0000] {logging_mixin.py:188} INFO - [2024-07-07T22:28:33.538+0000] {dag.py:3096} INFO - Sync 2 DAGs
[2024-07-07T22:28:33.540+0000] {logging_mixin.py:188} INFO - [2024-07-07T22:28:33.540+0000] {dag.py:3954} INFO - Setting next_dagrun for example_subdag_operator.section-1 to None, run_after=None
[2024-07-07T22:28:33.540+0000] {logging_mixin.py:188} INFO - [2024-07-07T22:28:33.540+0000] {dag.py:3954} INFO - Setting next_dagrun for example_subdag_operator.section-2 to None, run_after=None
[2024-07-07T22:28:33.543+0000] {processor.py:183} INFO - Processing /home/airflow/.local/lib/python3.12/site-packages/airflow/example_dags/example_subdag_operator.py took 0.035 seconds
[2024-07-07T22:29:03.806+0000] {processor.py:161} INFO - Started process (PID=1658) to work on /home/airflow/.local/lib/python3.12/site-packages/airflow/example_dags/example_subdag_operator.py
[2024-07-07T22:29:03.806+0000] {processor.py:830} INFO - Processing file /home/airflow/.local/lib/python3.12/site-packages/airflow/example_dags/example_subdag_operator.py for tasks to queue
[2024-07-07T22:29:03.807+0000] {logging_mixin.py:188} INFO - [2024-07-07T22:29:03.807+0000] {dagbag.py:545} INFO - Filling up the DagBag from /home/airflow/.local/lib/python3.12/site-packages/airflow/example_dags/example_subdag_operator.py
[2024-07-07T22:29:03.815+0000] {processor.py:840} INFO - DAG(s) 'example_subdag_operator.section-1', 'example_subdag_operator.section-2', 'example_subdag_operator' retrieved from /home/airflow/.local/lib/python3.12/site-packages/airflow/example_dags/example_subdag_operator.py
[2024-07-07T22:29:03.821+0000] {logging_mixin.py:188} INFO - [2024-07-07T22:29:03.821+0000] {dag.py:3096} INFO - Sync 3 DAGs
[2024-07-07T22:29:03.828+0000] {logging_mixin.py:188} INFO - [2024-07-07T22:29:03.828+0000] {dag.py:3954} INFO - Setting next_dagrun for example_subdag_operator to 2022-01-01 00:00:00+00:00, run_after=2022-01-01 00:00:00+00:00
[2024-07-07T22:29:03.830+0000] {logging_mixin.py:188} INFO - [2024-07-07T22:29:03.830+0000] {dag.py:3954} INFO - Setting next_dagrun for example_subdag_operator.section-1 to None, run_after=None
[2024-07-07T22:29:03.830+0000] {logging_mixin.py:188} INFO - [2024-07-07T22:29:03.830+0000] {dag.py:3954} INFO - Setting next_dagrun for example_subdag_operator.section-2 to None, run_after=None
[2024-07-07T22:29:03.833+0000] {logging_mixin.py:188} INFO - [2024-07-07T22:29:03.833+0000] {dag.py:3096} INFO - Sync 2 DAGs
[2024-07-07T22:29:03.835+0000] {logging_mixin.py:188} INFO - [2024-07-07T22:29:03.835+0000] {dag.py:3954} INFO - Setting next_dagrun for example_subdag_operator.section-1 to None, run_after=None
[2024-07-07T22:29:03.835+0000] {logging_mixin.py:188} INFO - [2024-07-07T22:29:03.835+0000] {dag.py:3954} INFO - Setting next_dagrun for example_subdag_operator.section-2 to None, run_after=None
[2024-07-07T22:29:03.838+0000] {processor.py:183} INFO - Processing /home/airflow/.local/lib/python3.12/site-packages/airflow/example_dags/example_subdag_operator.py took 0.034 seconds
[2024-07-07T22:29:34.326+0000] {processor.py:161} INFO - Started process (PID=1710) to work on /home/airflow/.local/lib/python3.12/site-packages/airflow/example_dags/example_subdag_operator.py
[2024-07-07T22:29:34.326+0000] {processor.py:830} INFO - Processing file /home/airflow/.local/lib/python3.12/site-packages/airflow/example_dags/example_subdag_operator.py for tasks to queue
[2024-07-07T22:29:34.327+0000] {logging_mixin.py:188} INFO - [2024-07-07T22:29:34.327+0000] {dagbag.py:545} INFO - Filling up the DagBag from /home/airflow/.local/lib/python3.12/site-packages/airflow/example_dags/example_subdag_operator.py
[2024-07-07T22:29:34.335+0000] {processor.py:840} INFO - DAG(s) 'example_subdag_operator.section-1', 'example_subdag_operator.section-2', 'example_subdag_operator' retrieved from /home/airflow/.local/lib/python3.12/site-packages/airflow/example_dags/example_subdag_operator.py
[2024-07-07T22:29:34.341+0000] {logging_mixin.py:188} INFO - [2024-07-07T22:29:34.341+0000] {dag.py:3096} INFO - Sync 3 DAGs
[2024-07-07T22:29:34.348+0000] {logging_mixin.py:188} INFO - [2024-07-07T22:29:34.348+0000] {dag.py:3954} INFO - Setting next_dagrun for example_subdag_operator to 2022-01-01 00:00:00+00:00, run_after=2022-01-01 00:00:00+00:00
[2024-07-07T22:29:34.350+0000] {logging_mixin.py:188} INFO - [2024-07-07T22:29:34.350+0000] {dag.py:3954} INFO - Setting next_dagrun for example_subdag_operator.section-1 to None, run_after=None
[2024-07-07T22:29:34.350+0000] {logging_mixin.py:188} INFO - [2024-07-07T22:29:34.350+0000] {dag.py:3954} INFO - Setting next_dagrun for example_subdag_operator.section-2 to None, run_after=None
[2024-07-07T22:29:34.352+0000] {logging_mixin.py:188} INFO - [2024-07-07T22:29:34.352+0000] {dag.py:3096} INFO - Sync 2 DAGs
[2024-07-07T22:29:34.354+0000] {logging_mixin.py:188} INFO - [2024-07-07T22:29:34.354+0000] {dag.py:3954} INFO - Setting next_dagrun for example_subdag_operator.section-1 to None, run_after=None
[2024-07-07T22:29:34.354+0000] {logging_mixin.py:188} INFO - [2024-07-07T22:29:34.354+0000] {dag.py:3954} INFO - Setting next_dagrun for example_subdag_operator.section-2 to None, run_after=None
[2024-07-07T22:29:34.358+0000] {processor.py:183} INFO - Processing /home/airflow/.local/lib/python3.12/site-packages/airflow/example_dags/example_subdag_operator.py took 0.034 seconds
[2024-07-07T22:30:04.802+0000] {processor.py:161} INFO - Started process (PID=1762) to work on /home/airflow/.local/lib/python3.12/site-packages/airflow/example_dags/example_subdag_operator.py
[2024-07-07T22:30:04.803+0000] {processor.py:830} INFO - Processing file /home/airflow/.local/lib/python3.12/site-packages/airflow/example_dags/example_subdag_operator.py for tasks to queue
[2024-07-07T22:30:04.803+0000] {logging_mixin.py:188} INFO - [2024-07-07T22:30:04.803+0000] {dagbag.py:545} INFO - Filling up the DagBag from /home/airflow/.local/lib/python3.12/site-packages/airflow/example_dags/example_subdag_operator.py
[2024-07-07T22:30:04.812+0000] {processor.py:840} INFO - DAG(s) 'example_subdag_operator.section-1', 'example_subdag_operator.section-2', 'example_subdag_operator' retrieved from /home/airflow/.local/lib/python3.12/site-packages/airflow/example_dags/example_subdag_operator.py
[2024-07-07T22:30:04.818+0000] {logging_mixin.py:188} INFO - [2024-07-07T22:30:04.817+0000] {dag.py:3096} INFO - Sync 3 DAGs
[2024-07-07T22:30:04.826+0000] {logging_mixin.py:188} INFO - [2024-07-07T22:30:04.826+0000] {dag.py:3954} INFO - Setting next_dagrun for example_subdag_operator to 2022-01-01 00:00:00+00:00, run_after=2022-01-01 00:00:00+00:00
[2024-07-07T22:30:04.892+0000] {logging_mixin.py:188} INFO - [2024-07-07T22:30:04.892+0000] {dag.py:3954} INFO - Setting next_dagrun for example_subdag_operator.section-1 to None, run_after=None
[2024-07-07T22:30:04.893+0000] {logging_mixin.py:188} INFO - [2024-07-07T22:30:04.893+0000] {dag.py:3954} INFO - Setting next_dagrun for example_subdag_operator.section-2 to None, run_after=None
[2024-07-07T22:30:04.895+0000] {logging_mixin.py:188} INFO - [2024-07-07T22:30:04.895+0000] {dag.py:3096} INFO - Sync 2 DAGs
[2024-07-07T22:30:04.897+0000] {logging_mixin.py:188} INFO - [2024-07-07T22:30:04.897+0000] {dag.py:3954} INFO - Setting next_dagrun for example_subdag_operator.section-1 to None, run_after=None
[2024-07-07T22:30:04.897+0000] {logging_mixin.py:188} INFO - [2024-07-07T22:30:04.897+0000] {dag.py:3954} INFO - Setting next_dagrun for example_subdag_operator.section-2 to None, run_after=None
[2024-07-07T22:30:04.900+0000] {processor.py:183} INFO - Processing /home/airflow/.local/lib/python3.12/site-packages/airflow/example_dags/example_subdag_operator.py took 0.100 seconds
[2024-07-07T22:30:35.164+0000] {processor.py:161} INFO - Started process (PID=1815) to work on /home/airflow/.local/lib/python3.12/site-packages/airflow/example_dags/example_subdag_operator.py
[2024-07-07T22:30:35.164+0000] {processor.py:830} INFO - Processing file /home/airflow/.local/lib/python3.12/site-packages/airflow/example_dags/example_subdag_operator.py for tasks to queue
[2024-07-07T22:30:35.165+0000] {logging_mixin.py:188} INFO - [2024-07-07T22:30:35.165+0000] {dagbag.py:545} INFO - Filling up the DagBag from /home/airflow/.local/lib/python3.12/site-packages/airflow/example_dags/example_subdag_operator.py
[2024-07-07T22:30:35.173+0000] {processor.py:840} INFO - DAG(s) 'example_subdag_operator.section-1', 'example_subdag_operator.section-2', 'example_subdag_operator' retrieved from /home/airflow/.local/lib/python3.12/site-packages/airflow/example_dags/example_subdag_operator.py
[2024-07-07T22:30:35.178+0000] {logging_mixin.py:188} INFO - [2024-07-07T22:30:35.178+0000] {dag.py:3096} INFO - Sync 3 DAGs
[2024-07-07T22:30:35.186+0000] {logging_mixin.py:188} INFO - [2024-07-07T22:30:35.186+0000] {dag.py:3954} INFO - Setting next_dagrun for example_subdag_operator to 2022-01-01 00:00:00+00:00, run_after=2022-01-01 00:00:00+00:00
[2024-07-07T22:30:35.188+0000] {logging_mixin.py:188} INFO - [2024-07-07T22:30:35.187+0000] {dag.py:3954} INFO - Setting next_dagrun for example_subdag_operator.section-1 to None, run_after=None
[2024-07-07T22:30:35.188+0000] {logging_mixin.py:188} INFO - [2024-07-07T22:30:35.188+0000] {dag.py:3954} INFO - Setting next_dagrun for example_subdag_operator.section-2 to None, run_after=None
[2024-07-07T22:30:35.190+0000] {logging_mixin.py:188} INFO - [2024-07-07T22:30:35.190+0000] {dag.py:3096} INFO - Sync 2 DAGs
[2024-07-07T22:30:35.264+0000] {logging_mixin.py:188} INFO - [2024-07-07T22:30:35.264+0000] {dag.py:3954} INFO - Setting next_dagrun for example_subdag_operator.section-1 to None, run_after=None
[2024-07-07T22:30:35.265+0000] {logging_mixin.py:188} INFO - [2024-07-07T22:30:35.264+0000] {dag.py:3954} INFO - Setting next_dagrun for example_subdag_operator.section-2 to None, run_after=None
[2024-07-07T22:30:35.268+0000] {processor.py:183} INFO - Processing /home/airflow/.local/lib/python3.12/site-packages/airflow/example_dags/example_subdag_operator.py took 0.106 seconds
[2024-07-07T22:31:06.264+0000] {processor.py:161} INFO - Started process (PID=1866) to work on /home/airflow/.local/lib/python3.12/site-packages/airflow/example_dags/example_subdag_operator.py
[2024-07-07T22:31:06.264+0000] {processor.py:830} INFO - Processing file /home/airflow/.local/lib/python3.12/site-packages/airflow/example_dags/example_subdag_operator.py for tasks to queue
[2024-07-07T22:31:06.265+0000] {logging_mixin.py:188} INFO - [2024-07-07T22:31:06.265+0000] {dagbag.py:545} INFO - Filling up the DagBag from /home/airflow/.local/lib/python3.12/site-packages/airflow/example_dags/example_subdag_operator.py
[2024-07-07T22:31:06.280+0000] {processor.py:840} INFO - DAG(s) 'example_subdag_operator.section-1', 'example_subdag_operator.section-2', 'example_subdag_operator' retrieved from /home/airflow/.local/lib/python3.12/site-packages/airflow/example_dags/example_subdag_operator.py
[2024-07-07T22:31:06.289+0000] {logging_mixin.py:188} INFO - [2024-07-07T22:31:06.288+0000] {dag.py:3096} INFO - Sync 3 DAGs
[2024-07-07T22:31:06.298+0000] {logging_mixin.py:188} INFO - [2024-07-07T22:31:06.298+0000] {dag.py:3954} INFO - Setting next_dagrun for example_subdag_operator to 2022-01-01 00:00:00+00:00, run_after=2022-01-01 00:00:00+00:00
[2024-07-07T22:31:06.299+0000] {logging_mixin.py:188} INFO - [2024-07-07T22:31:06.299+0000] {dag.py:3954} INFO - Setting next_dagrun for example_subdag_operator.section-1 to None, run_after=None
[2024-07-07T22:31:06.300+0000] {logging_mixin.py:188} INFO - [2024-07-07T22:31:06.300+0000] {dag.py:3954} INFO - Setting next_dagrun for example_subdag_operator.section-2 to None, run_after=None
[2024-07-07T22:31:06.303+0000] {logging_mixin.py:188} INFO - [2024-07-07T22:31:06.303+0000] {dag.py:3096} INFO - Sync 2 DAGs
[2024-07-07T22:31:06.305+0000] {logging_mixin.py:188} INFO - [2024-07-07T22:31:06.305+0000] {dag.py:3954} INFO - Setting next_dagrun for example_subdag_operator.section-1 to None, run_after=None
[2024-07-07T22:31:06.306+0000] {logging_mixin.py:188} INFO - [2024-07-07T22:31:06.306+0000] {dag.py:3954} INFO - Setting next_dagrun for example_subdag_operator.section-2 to None, run_after=None
[2024-07-07T22:31:06.309+0000] {processor.py:183} INFO - Processing /home/airflow/.local/lib/python3.12/site-packages/airflow/example_dags/example_subdag_operator.py took 0.048 seconds
[2024-07-07T22:31:37.257+0000] {processor.py:161} INFO - Started process (PID=1918) to work on /home/airflow/.local/lib/python3.12/site-packages/airflow/example_dags/example_subdag_operator.py
[2024-07-07T22:31:37.258+0000] {processor.py:830} INFO - Processing file /home/airflow/.local/lib/python3.12/site-packages/airflow/example_dags/example_subdag_operator.py for tasks to queue
[2024-07-07T22:31:37.258+0000] {logging_mixin.py:188} INFO - [2024-07-07T22:31:37.258+0000] {dagbag.py:545} INFO - Filling up the DagBag from /home/airflow/.local/lib/python3.12/site-packages/airflow/example_dags/example_subdag_operator.py
[2024-07-07T22:31:37.267+0000] {processor.py:840} INFO - DAG(s) 'example_subdag_operator.section-1', 'example_subdag_operator.section-2', 'example_subdag_operator' retrieved from /home/airflow/.local/lib/python3.12/site-packages/airflow/example_dags/example_subdag_operator.py
[2024-07-07T22:31:37.273+0000] {logging_mixin.py:188} INFO - [2024-07-07T22:31:37.273+0000] {dag.py:3096} INFO - Sync 3 DAGs
[2024-07-07T22:31:37.282+0000] {logging_mixin.py:188} INFO - [2024-07-07T22:31:37.282+0000] {dag.py:3954} INFO - Setting next_dagrun for example_subdag_operator to 2022-01-01 00:00:00+00:00, run_after=2022-01-01 00:00:00+00:00
[2024-07-07T22:31:37.284+0000] {logging_mixin.py:188} INFO - [2024-07-07T22:31:37.284+0000] {dag.py:3954} INFO - Setting next_dagrun for example_subdag_operator.section-1 to None, run_after=None
[2024-07-07T22:31:37.285+0000] {logging_mixin.py:188} INFO - [2024-07-07T22:31:37.285+0000] {dag.py:3954} INFO - Setting next_dagrun for example_subdag_operator.section-2 to None, run_after=None
[2024-07-07T22:31:37.288+0000] {logging_mixin.py:188} INFO - [2024-07-07T22:31:37.288+0000] {dag.py:3096} INFO - Sync 2 DAGs
[2024-07-07T22:31:37.290+0000] {logging_mixin.py:188} INFO - [2024-07-07T22:31:37.290+0000] {dag.py:3954} INFO - Setting next_dagrun for example_subdag_operator.section-1 to None, run_after=None
[2024-07-07T22:31:37.290+0000] {logging_mixin.py:188} INFO - [2024-07-07T22:31:37.290+0000] {dag.py:3954} INFO - Setting next_dagrun for example_subdag_operator.section-2 to None, run_after=None
[2024-07-07T22:31:37.293+0000] {processor.py:183} INFO - Processing /home/airflow/.local/lib/python3.12/site-packages/airflow/example_dags/example_subdag_operator.py took 0.039 seconds
[2024-07-07T22:32:08.531+0000] {processor.py:161} INFO - Started process (PID=1970) to work on /home/airflow/.local/lib/python3.12/site-packages/airflow/example_dags/example_subdag_operator.py
[2024-07-07T22:32:08.531+0000] {processor.py:830} INFO - Processing file /home/airflow/.local/lib/python3.12/site-packages/airflow/example_dags/example_subdag_operator.py for tasks to queue
[2024-07-07T22:32:08.532+0000] {logging_mixin.py:188} INFO - [2024-07-07T22:32:08.532+0000] {dagbag.py:545} INFO - Filling up the DagBag from /home/airflow/.local/lib/python3.12/site-packages/airflow/example_dags/example_subdag_operator.py
[2024-07-07T22:32:08.546+0000] {processor.py:840} INFO - DAG(s) 'example_subdag_operator.section-1', 'example_subdag_operator.section-2', 'example_subdag_operator' retrieved from /home/airflow/.local/lib/python3.12/site-packages/airflow/example_dags/example_subdag_operator.py
[2024-07-07T22:32:08.640+0000] {logging_mixin.py:188} INFO - [2024-07-07T22:32:08.640+0000] {dag.py:3096} INFO - Sync 3 DAGs
[2024-07-07T22:32:08.647+0000] {logging_mixin.py:188} INFO - [2024-07-07T22:32:08.647+0000] {dag.py:3954} INFO - Setting next_dagrun for example_subdag_operator to 2022-01-01 00:00:00+00:00, run_after=2022-01-01 00:00:00+00:00
[2024-07-07T22:32:08.649+0000] {logging_mixin.py:188} INFO - [2024-07-07T22:32:08.649+0000] {dag.py:3954} INFO - Setting next_dagrun for example_subdag_operator.section-1 to None, run_after=None
[2024-07-07T22:32:08.649+0000] {logging_mixin.py:188} INFO - [2024-07-07T22:32:08.649+0000] {dag.py:3954} INFO - Setting next_dagrun for example_subdag_operator.section-2 to None, run_after=None
[2024-07-07T22:32:08.652+0000] {logging_mixin.py:188} INFO - [2024-07-07T22:32:08.651+0000] {dag.py:3096} INFO - Sync 2 DAGs
[2024-07-07T22:32:08.653+0000] {logging_mixin.py:188} INFO - [2024-07-07T22:32:08.653+0000] {dag.py:3954} INFO - Setting next_dagrun for example_subdag_operator.section-1 to None, run_after=None
[2024-07-07T22:32:08.654+0000] {logging_mixin.py:188} INFO - [2024-07-07T22:32:08.653+0000] {dag.py:3954} INFO - Setting next_dagrun for example_subdag_operator.section-2 to None, run_after=None
[2024-07-07T22:32:08.657+0000] {processor.py:183} INFO - Processing /home/airflow/.local/lib/python3.12/site-packages/airflow/example_dags/example_subdag_operator.py took 0.129 seconds
[2024-07-07T22:32:39.350+0000] {processor.py:161} INFO - Started process (PID=2022) to work on /home/airflow/.local/lib/python3.12/site-packages/airflow/example_dags/example_subdag_operator.py
[2024-07-07T22:32:39.350+0000] {processor.py:830} INFO - Processing file /home/airflow/.local/lib/python3.12/site-packages/airflow/example_dags/example_subdag_operator.py for tasks to queue
[2024-07-07T22:32:39.351+0000] {logging_mixin.py:188} INFO - [2024-07-07T22:32:39.351+0000] {dagbag.py:545} INFO - Filling up the DagBag from /home/airflow/.local/lib/python3.12/site-packages/airflow/example_dags/example_subdag_operator.py
[2024-07-07T22:32:39.361+0000] {processor.py:840} INFO - DAG(s) 'example_subdag_operator.section-1', 'example_subdag_operator.section-2', 'example_subdag_operator' retrieved from /home/airflow/.local/lib/python3.12/site-packages/airflow/example_dags/example_subdag_operator.py
[2024-07-07T22:32:39.367+0000] {logging_mixin.py:188} INFO - [2024-07-07T22:32:39.367+0000] {dag.py:3096} INFO - Sync 3 DAGs
[2024-07-07T22:32:39.374+0000] {logging_mixin.py:188} INFO - [2024-07-07T22:32:39.374+0000] {dag.py:3954} INFO - Setting next_dagrun for example_subdag_operator to 2022-01-01 00:00:00+00:00, run_after=2022-01-01 00:00:00+00:00
[2024-07-07T22:32:39.376+0000] {logging_mixin.py:188} INFO - [2024-07-07T22:32:39.376+0000] {dag.py:3954} INFO - Setting next_dagrun for example_subdag_operator.section-1 to None, run_after=None
[2024-07-07T22:32:39.376+0000] {logging_mixin.py:188} INFO - [2024-07-07T22:32:39.376+0000] {dag.py:3954} INFO - Setting next_dagrun for example_subdag_operator.section-2 to None, run_after=None
[2024-07-07T22:32:39.378+0000] {logging_mixin.py:188} INFO - [2024-07-07T22:32:39.378+0000] {dag.py:3096} INFO - Sync 2 DAGs
[2024-07-07T22:32:39.380+0000] {logging_mixin.py:188} INFO - [2024-07-07T22:32:39.380+0000] {dag.py:3954} INFO - Setting next_dagrun for example_subdag_operator.section-1 to None, run_after=None
[2024-07-07T22:32:39.380+0000] {logging_mixin.py:188} INFO - [2024-07-07T22:32:39.380+0000] {dag.py:3954} INFO - Setting next_dagrun for example_subdag_operator.section-2 to None, run_after=None
[2024-07-07T22:32:39.384+0000] {processor.py:183} INFO - Processing /home/airflow/.local/lib/python3.12/site-packages/airflow/example_dags/example_subdag_operator.py took 0.036 seconds
[2024-07-07T22:33:09.821+0000] {processor.py:161} INFO - Started process (PID=2074) to work on /home/airflow/.local/lib/python3.12/site-packages/airflow/example_dags/example_subdag_operator.py
[2024-07-07T22:33:09.822+0000] {processor.py:830} INFO - Processing file /home/airflow/.local/lib/python3.12/site-packages/airflow/example_dags/example_subdag_operator.py for tasks to queue
[2024-07-07T22:33:09.823+0000] {logging_mixin.py:188} INFO - [2024-07-07T22:33:09.823+0000] {dagbag.py:545} INFO - Filling up the DagBag from /home/airflow/.local/lib/python3.12/site-packages/airflow/example_dags/example_subdag_operator.py
[2024-07-07T22:33:09.835+0000] {processor.py:840} INFO - DAG(s) 'example_subdag_operator.section-1', 'example_subdag_operator.section-2', 'example_subdag_operator' retrieved from /home/airflow/.local/lib/python3.12/site-packages/airflow/example_dags/example_subdag_operator.py
[2024-07-07T22:33:09.841+0000] {logging_mixin.py:188} INFO - [2024-07-07T22:33:09.841+0000] {dag.py:3096} INFO - Sync 3 DAGs
[2024-07-07T22:33:09.851+0000] {logging_mixin.py:188} INFO - [2024-07-07T22:33:09.851+0000] {dag.py:3954} INFO - Setting next_dagrun for example_subdag_operator to 2022-01-01 00:00:00+00:00, run_after=2022-01-01 00:00:00+00:00
[2024-07-07T22:33:09.852+0000] {logging_mixin.py:188} INFO - [2024-07-07T22:33:09.852+0000] {dag.py:3954} INFO - Setting next_dagrun for example_subdag_operator.section-1 to None, run_after=None
[2024-07-07T22:33:09.853+0000] {logging_mixin.py:188} INFO - [2024-07-07T22:33:09.853+0000] {dag.py:3954} INFO - Setting next_dagrun for example_subdag_operator.section-2 to None, run_after=None
[2024-07-07T22:33:09.857+0000] {logging_mixin.py:188} INFO - [2024-07-07T22:33:09.856+0000] {dag.py:3096} INFO - Sync 2 DAGs
[2024-07-07T22:33:09.859+0000] {logging_mixin.py:188} INFO - [2024-07-07T22:33:09.858+0000] {dag.py:3954} INFO - Setting next_dagrun for example_subdag_operator.section-1 to None, run_after=None
[2024-07-07T22:33:09.859+0000] {logging_mixin.py:188} INFO - [2024-07-07T22:33:09.859+0000] {dag.py:3954} INFO - Setting next_dagrun for example_subdag_operator.section-2 to None, run_after=None
[2024-07-07T22:33:09.862+0000] {processor.py:183} INFO - Processing /home/airflow/.local/lib/python3.12/site-packages/airflow/example_dags/example_subdag_operator.py took 0.044 seconds
[2024-07-07T22:33:40.262+0000] {processor.py:161} INFO - Started process (PID=2126) to work on /home/airflow/.local/lib/python3.12/site-packages/airflow/example_dags/example_subdag_operator.py
[2024-07-07T22:33:40.262+0000] {processor.py:830} INFO - Processing file /home/airflow/.local/lib/python3.12/site-packages/airflow/example_dags/example_subdag_operator.py for tasks to queue
[2024-07-07T22:33:40.263+0000] {logging_mixin.py:188} INFO - [2024-07-07T22:33:40.263+0000] {dagbag.py:545} INFO - Filling up the DagBag from /home/airflow/.local/lib/python3.12/site-packages/airflow/example_dags/example_subdag_operator.py
[2024-07-07T22:33:40.275+0000] {processor.py:840} INFO - DAG(s) 'example_subdag_operator.section-1', 'example_subdag_operator.section-2', 'example_subdag_operator' retrieved from /home/airflow/.local/lib/python3.12/site-packages/airflow/example_dags/example_subdag_operator.py
[2024-07-07T22:33:40.282+0000] {logging_mixin.py:188} INFO - [2024-07-07T22:33:40.281+0000] {dag.py:3096} INFO - Sync 3 DAGs
[2024-07-07T22:33:40.292+0000] {logging_mixin.py:188} INFO - [2024-07-07T22:33:40.292+0000] {dag.py:3954} INFO - Setting next_dagrun for example_subdag_operator to 2022-01-01 00:00:00+00:00, run_after=2022-01-01 00:00:00+00:00
[2024-07-07T22:33:40.294+0000] {logging_mixin.py:188} INFO - [2024-07-07T22:33:40.294+0000] {dag.py:3954} INFO - Setting next_dagrun for example_subdag_operator.section-1 to None, run_after=None
[2024-07-07T22:33:40.295+0000] {logging_mixin.py:188} INFO - [2024-07-07T22:33:40.295+0000] {dag.py:3954} INFO - Setting next_dagrun for example_subdag_operator.section-2 to None, run_after=None
[2024-07-07T22:33:40.299+0000] {logging_mixin.py:188} INFO - [2024-07-07T22:33:40.299+0000] {dag.py:3096} INFO - Sync 2 DAGs
[2024-07-07T22:33:40.301+0000] {logging_mixin.py:188} INFO - [2024-07-07T22:33:40.301+0000] {dag.py:3954} INFO - Setting next_dagrun for example_subdag_operator.section-1 to None, run_after=None
[2024-07-07T22:33:40.301+0000] {logging_mixin.py:188} INFO - [2024-07-07T22:33:40.301+0000] {dag.py:3954} INFO - Setting next_dagrun for example_subdag_operator.section-2 to None, run_after=None
[2024-07-07T22:33:40.306+0000] {processor.py:183} INFO - Processing /home/airflow/.local/lib/python3.12/site-packages/airflow/example_dags/example_subdag_operator.py took 0.047 seconds
