[2024-07-07T22:13:09.680+0000] {processor.py:161} INFO - Started process (PID=74) to work on /home/airflow/.local/lib/python3.12/site-packages/airflow/example_dags/tutorial.py
[2024-07-07T22:13:09.680+0000] {processor.py:830} INFO - Processing file /home/airflow/.local/lib/python3.12/site-packages/airflow/example_dags/tutorial.py for tasks to queue
[2024-07-07T22:13:09.681+0000] {logging_mixin.py:188} INFO - [2024-07-07T22:13:09.681+0000] {dagbag.py:545} INFO - Filling up the DagBag from /home/airflow/.local/lib/python3.12/site-packages/airflow/example_dags/tutorial.py
[2024-07-07T22:13:09.684+0000] {processor.py:840} INFO - DAG(s) 'tutorial' retrieved from /home/airflow/.local/lib/python3.12/site-packages/airflow/example_dags/tutorial.py
[2024-07-07T22:13:09.721+0000] {logging_mixin.py:188} INFO - [2024-07-07T22:13:09.721+0000] {override.py:1829} INFO - Created Permission View: can edit on DAG:tutorial
[2024-07-07T22:13:09.725+0000] {logging_mixin.py:188} INFO - [2024-07-07T22:13:09.725+0000] {override.py:1829} INFO - Created Permission View: can read on DAG:tutorial
[2024-07-07T22:13:09.726+0000] {logging_mixin.py:188} INFO - [2024-07-07T22:13:09.726+0000] {override.py:1829} INFO - Created Permission View: can delete on DAG:tutorial
[2024-07-07T22:13:09.726+0000] {logging_mixin.py:188} INFO - [2024-07-07T22:13:09.726+0000] {dag.py:3096} INFO - Sync 1 DAGs
[2024-07-07T22:13:09.730+0000] {logging_mixin.py:188} INFO - [2024-07-07T22:13:09.730+0000] {dag.py:3118} INFO - Creating ORM DAG for tutorial
[2024-07-07T22:13:09.734+0000] {logging_mixin.py:188} INFO - [2024-07-07T22:13:09.734+0000] {dag.py:3954} INFO - Setting next_dagrun for tutorial to 2024-07-06 00:00:00+00:00, run_after=2024-07-07 00:00:00+00:00
[2024-07-07T22:13:09.740+0000] {processor.py:183} INFO - Processing /home/airflow/.local/lib/python3.12/site-packages/airflow/example_dags/tutorial.py took 0.063 seconds
[2024-07-07T22:13:54.133+0000] {processor.py:161} INFO - Started process (PID=74) to work on /home/airflow/.local/lib/python3.12/site-packages/airflow/example_dags/tutorial.py
[2024-07-07T22:13:54.134+0000] {processor.py:830} INFO - Processing file /home/airflow/.local/lib/python3.12/site-packages/airflow/example_dags/tutorial.py for tasks to queue
[2024-07-07T22:13:54.135+0000] {logging_mixin.py:188} INFO - [2024-07-07T22:13:54.135+0000] {dagbag.py:545} INFO - Filling up the DagBag from /home/airflow/.local/lib/python3.12/site-packages/airflow/example_dags/tutorial.py
[2024-07-07T22:13:54.140+0000] {processor.py:840} INFO - DAG(s) 'tutorial' retrieved from /home/airflow/.local/lib/python3.12/site-packages/airflow/example_dags/tutorial.py
[2024-07-07T22:13:54.148+0000] {logging_mixin.py:188} INFO - [2024-07-07T22:13:54.148+0000] {dag.py:3096} INFO - Sync 1 DAGs
[2024-07-07T22:13:54.159+0000] {logging_mixin.py:188} INFO - [2024-07-07T22:13:54.159+0000] {dag.py:3954} INFO - Setting next_dagrun for tutorial to 2024-07-06 00:00:00+00:00, run_after=2024-07-07 00:00:00+00:00
[2024-07-07T22:13:54.171+0000] {processor.py:183} INFO - Processing /home/airflow/.local/lib/python3.12/site-packages/airflow/example_dags/tutorial.py took 0.040 seconds
[2024-07-07T22:14:24.221+0000] {processor.py:161} INFO - Started process (PID=126) to work on /home/airflow/.local/lib/python3.12/site-packages/airflow/example_dags/tutorial.py
[2024-07-07T22:14:24.222+0000] {processor.py:830} INFO - Processing file /home/airflow/.local/lib/python3.12/site-packages/airflow/example_dags/tutorial.py for tasks to queue
[2024-07-07T22:14:24.222+0000] {logging_mixin.py:188} INFO - [2024-07-07T22:14:24.222+0000] {dagbag.py:545} INFO - Filling up the DagBag from /home/airflow/.local/lib/python3.12/site-packages/airflow/example_dags/tutorial.py
[2024-07-07T22:14:24.224+0000] {processor.py:840} INFO - DAG(s) 'tutorial' retrieved from /home/airflow/.local/lib/python3.12/site-packages/airflow/example_dags/tutorial.py
[2024-07-07T22:14:24.258+0000] {logging_mixin.py:188} INFO - [2024-07-07T22:14:24.257+0000] {dag.py:3096} INFO - Sync 1 DAGs
[2024-07-07T22:14:24.263+0000] {logging_mixin.py:188} INFO - [2024-07-07T22:14:24.263+0000] {dag.py:3954} INFO - Setting next_dagrun for tutorial to 2024-07-06 00:00:00+00:00, run_after=2024-07-07 00:00:00+00:00
[2024-07-07T22:14:24.269+0000] {processor.py:183} INFO - Processing /home/airflow/.local/lib/python3.12/site-packages/airflow/example_dags/tutorial.py took 0.049 seconds
[2024-07-07T22:14:54.879+0000] {processor.py:161} INFO - Started process (PID=178) to work on /home/airflow/.local/lib/python3.12/site-packages/airflow/example_dags/tutorial.py
[2024-07-07T22:14:54.880+0000] {processor.py:830} INFO - Processing file /home/airflow/.local/lib/python3.12/site-packages/airflow/example_dags/tutorial.py for tasks to queue
[2024-07-07T22:14:54.880+0000] {logging_mixin.py:188} INFO - [2024-07-07T22:14:54.880+0000] {dagbag.py:545} INFO - Filling up the DagBag from /home/airflow/.local/lib/python3.12/site-packages/airflow/example_dags/tutorial.py
[2024-07-07T22:14:54.883+0000] {processor.py:840} INFO - DAG(s) 'tutorial' retrieved from /home/airflow/.local/lib/python3.12/site-packages/airflow/example_dags/tutorial.py
[2024-07-07T22:14:54.890+0000] {logging_mixin.py:188} INFO - [2024-07-07T22:14:54.890+0000] {dag.py:3096} INFO - Sync 1 DAGs
[2024-07-07T22:14:54.898+0000] {logging_mixin.py:188} INFO - [2024-07-07T22:14:54.898+0000] {dag.py:3954} INFO - Setting next_dagrun for tutorial to 2024-07-06 00:00:00+00:00, run_after=2024-07-07 00:00:00+00:00
[2024-07-07T22:14:54.904+0000] {processor.py:183} INFO - Processing /home/airflow/.local/lib/python3.12/site-packages/airflow/example_dags/tutorial.py took 0.027 seconds
[2024-07-07T22:15:25.153+0000] {processor.py:161} INFO - Started process (PID=230) to work on /home/airflow/.local/lib/python3.12/site-packages/airflow/example_dags/tutorial.py
[2024-07-07T22:15:25.154+0000] {processor.py:830} INFO - Processing file /home/airflow/.local/lib/python3.12/site-packages/airflow/example_dags/tutorial.py for tasks to queue
[2024-07-07T22:15:25.154+0000] {logging_mixin.py:188} INFO - [2024-07-07T22:15:25.154+0000] {dagbag.py:545} INFO - Filling up the DagBag from /home/airflow/.local/lib/python3.12/site-packages/airflow/example_dags/tutorial.py
[2024-07-07T22:15:25.156+0000] {processor.py:840} INFO - DAG(s) 'tutorial' retrieved from /home/airflow/.local/lib/python3.12/site-packages/airflow/example_dags/tutorial.py
[2024-07-07T22:15:25.164+0000] {logging_mixin.py:188} INFO - [2024-07-07T22:15:25.164+0000] {dag.py:3096} INFO - Sync 1 DAGs
[2024-07-07T22:15:25.173+0000] {logging_mixin.py:188} INFO - [2024-07-07T22:15:25.173+0000] {dag.py:3954} INFO - Setting next_dagrun for tutorial to 2024-07-06 00:00:00+00:00, run_after=2024-07-07 00:00:00+00:00
[2024-07-07T22:15:25.180+0000] {processor.py:183} INFO - Processing /home/airflow/.local/lib/python3.12/site-packages/airflow/example_dags/tutorial.py took 0.029 seconds
[2024-07-07T22:15:55.387+0000] {processor.py:161} INFO - Started process (PID=295) to work on /home/airflow/.local/lib/python3.12/site-packages/airflow/example_dags/tutorial.py
[2024-07-07T22:15:55.387+0000] {processor.py:830} INFO - Processing file /home/airflow/.local/lib/python3.12/site-packages/airflow/example_dags/tutorial.py for tasks to queue
[2024-07-07T22:15:55.388+0000] {logging_mixin.py:188} INFO - [2024-07-07T22:15:55.388+0000] {dagbag.py:545} INFO - Filling up the DagBag from /home/airflow/.local/lib/python3.12/site-packages/airflow/example_dags/tutorial.py
[2024-07-07T22:15:55.390+0000] {processor.py:840} INFO - DAG(s) 'tutorial' retrieved from /home/airflow/.local/lib/python3.12/site-packages/airflow/example_dags/tutorial.py
[2024-07-07T22:15:55.397+0000] {logging_mixin.py:188} INFO - [2024-07-07T22:15:55.397+0000] {dag.py:3096} INFO - Sync 1 DAGs
[2024-07-07T22:15:55.404+0000] {logging_mixin.py:188} INFO - [2024-07-07T22:15:55.404+0000] {dag.py:3954} INFO - Setting next_dagrun for tutorial to 2024-07-06 00:00:00+00:00, run_after=2024-07-07 00:00:00+00:00
[2024-07-07T22:15:55.410+0000] {processor.py:183} INFO - Processing /home/airflow/.local/lib/python3.12/site-packages/airflow/example_dags/tutorial.py took 0.025 seconds
[2024-07-07T22:16:25.605+0000] {processor.py:161} INFO - Started process (PID=355) to work on /home/airflow/.local/lib/python3.12/site-packages/airflow/example_dags/tutorial.py
[2024-07-07T22:16:25.606+0000] {processor.py:830} INFO - Processing file /home/airflow/.local/lib/python3.12/site-packages/airflow/example_dags/tutorial.py for tasks to queue
[2024-07-07T22:16:25.607+0000] {logging_mixin.py:188} INFO - [2024-07-07T22:16:25.607+0000] {dagbag.py:545} INFO - Filling up the DagBag from /home/airflow/.local/lib/python3.12/site-packages/airflow/example_dags/tutorial.py
[2024-07-07T22:16:25.609+0000] {processor.py:840} INFO - DAG(s) 'tutorial' retrieved from /home/airflow/.local/lib/python3.12/site-packages/airflow/example_dags/tutorial.py
[2024-07-07T22:16:25.617+0000] {logging_mixin.py:188} INFO - [2024-07-07T22:16:25.617+0000] {dag.py:3096} INFO - Sync 1 DAGs
[2024-07-07T22:16:25.624+0000] {logging_mixin.py:188} INFO - [2024-07-07T22:16:25.624+0000] {dag.py:3954} INFO - Setting next_dagrun for tutorial to 2024-07-06 00:00:00+00:00, run_after=2024-07-07 00:00:00+00:00
[2024-07-07T22:16:25.630+0000] {processor.py:183} INFO - Processing /home/airflow/.local/lib/python3.12/site-packages/airflow/example_dags/tutorial.py took 0.027 seconds
[2024-07-07T22:16:55.822+0000] {processor.py:161} INFO - Started process (PID=420) to work on /home/airflow/.local/lib/python3.12/site-packages/airflow/example_dags/tutorial.py
[2024-07-07T22:16:55.822+0000] {processor.py:830} INFO - Processing file /home/airflow/.local/lib/python3.12/site-packages/airflow/example_dags/tutorial.py for tasks to queue
[2024-07-07T22:16:55.823+0000] {logging_mixin.py:188} INFO - [2024-07-07T22:16:55.822+0000] {dagbag.py:545} INFO - Filling up the DagBag from /home/airflow/.local/lib/python3.12/site-packages/airflow/example_dags/tutorial.py
[2024-07-07T22:16:55.825+0000] {processor.py:840} INFO - DAG(s) 'tutorial' retrieved from /home/airflow/.local/lib/python3.12/site-packages/airflow/example_dags/tutorial.py
[2024-07-07T22:16:55.832+0000] {logging_mixin.py:188} INFO - [2024-07-07T22:16:55.832+0000] {dag.py:3096} INFO - Sync 1 DAGs
[2024-07-07T22:16:55.841+0000] {logging_mixin.py:188} INFO - [2024-07-07T22:16:55.841+0000] {dag.py:3954} INFO - Setting next_dagrun for tutorial to 2024-07-06 00:00:00+00:00, run_after=2024-07-07 00:00:00+00:00
[2024-07-07T22:16:55.846+0000] {processor.py:183} INFO - Processing /home/airflow/.local/lib/python3.12/site-packages/airflow/example_dags/tutorial.py took 0.027 seconds
[2024-07-07T22:17:26.113+0000] {processor.py:161} INFO - Started process (PID=473) to work on /home/airflow/.local/lib/python3.12/site-packages/airflow/example_dags/tutorial.py
[2024-07-07T22:17:26.113+0000] {processor.py:830} INFO - Processing file /home/airflow/.local/lib/python3.12/site-packages/airflow/example_dags/tutorial.py for tasks to queue
[2024-07-07T22:17:26.114+0000] {logging_mixin.py:188} INFO - [2024-07-07T22:17:26.113+0000] {dagbag.py:545} INFO - Filling up the DagBag from /home/airflow/.local/lib/python3.12/site-packages/airflow/example_dags/tutorial.py
[2024-07-07T22:17:26.116+0000] {processor.py:840} INFO - DAG(s) 'tutorial' retrieved from /home/airflow/.local/lib/python3.12/site-packages/airflow/example_dags/tutorial.py
[2024-07-07T22:17:26.124+0000] {logging_mixin.py:188} INFO - [2024-07-07T22:17:26.124+0000] {dag.py:3096} INFO - Sync 1 DAGs
[2024-07-07T22:17:26.131+0000] {logging_mixin.py:188} INFO - [2024-07-07T22:17:26.131+0000] {dag.py:3954} INFO - Setting next_dagrun for tutorial to 2024-07-06 00:00:00+00:00, run_after=2024-07-07 00:00:00+00:00
[2024-07-07T22:17:26.138+0000] {processor.py:183} INFO - Processing /home/airflow/.local/lib/python3.12/site-packages/airflow/example_dags/tutorial.py took 0.028 seconds
[2024-07-07T22:17:56.503+0000] {processor.py:161} INFO - Started process (PID=527) to work on /home/airflow/.local/lib/python3.12/site-packages/airflow/example_dags/tutorial.py
[2024-07-07T22:17:56.503+0000] {processor.py:830} INFO - Processing file /home/airflow/.local/lib/python3.12/site-packages/airflow/example_dags/tutorial.py for tasks to queue
[2024-07-07T22:17:56.504+0000] {logging_mixin.py:188} INFO - [2024-07-07T22:17:56.504+0000] {dagbag.py:545} INFO - Filling up the DagBag from /home/airflow/.local/lib/python3.12/site-packages/airflow/example_dags/tutorial.py
[2024-07-07T22:17:56.507+0000] {processor.py:840} INFO - DAG(s) 'tutorial' retrieved from /home/airflow/.local/lib/python3.12/site-packages/airflow/example_dags/tutorial.py
[2024-07-07T22:17:56.514+0000] {logging_mixin.py:188} INFO - [2024-07-07T22:17:56.514+0000] {dag.py:3096} INFO - Sync 1 DAGs
[2024-07-07T22:17:56.522+0000] {logging_mixin.py:188} INFO - [2024-07-07T22:17:56.522+0000] {dag.py:3954} INFO - Setting next_dagrun for tutorial to 2024-07-06 00:00:00+00:00, run_after=2024-07-07 00:00:00+00:00
[2024-07-07T22:17:56.531+0000] {processor.py:183} INFO - Processing /home/airflow/.local/lib/python3.12/site-packages/airflow/example_dags/tutorial.py took 0.031 seconds
[2024-07-07T22:18:26.938+0000] {processor.py:161} INFO - Started process (PID=579) to work on /home/airflow/.local/lib/python3.12/site-packages/airflow/example_dags/tutorial.py
[2024-07-07T22:18:26.939+0000] {processor.py:830} INFO - Processing file /home/airflow/.local/lib/python3.12/site-packages/airflow/example_dags/tutorial.py for tasks to queue
[2024-07-07T22:18:26.939+0000] {logging_mixin.py:188} INFO - [2024-07-07T22:18:26.939+0000] {dagbag.py:545} INFO - Filling up the DagBag from /home/airflow/.local/lib/python3.12/site-packages/airflow/example_dags/tutorial.py
[2024-07-07T22:18:26.942+0000] {processor.py:840} INFO - DAG(s) 'tutorial' retrieved from /home/airflow/.local/lib/python3.12/site-packages/airflow/example_dags/tutorial.py
[2024-07-07T22:18:26.949+0000] {logging_mixin.py:188} INFO - [2024-07-07T22:18:26.949+0000] {dag.py:3096} INFO - Sync 1 DAGs
[2024-07-07T22:18:26.956+0000] {logging_mixin.py:188} INFO - [2024-07-07T22:18:26.956+0000] {dag.py:3954} INFO - Setting next_dagrun for tutorial to 2024-07-06 00:00:00+00:00, run_after=2024-07-07 00:00:00+00:00
[2024-07-07T22:18:26.962+0000] {processor.py:183} INFO - Processing /home/airflow/.local/lib/python3.12/site-packages/airflow/example_dags/tutorial.py took 0.026 seconds
[2024-07-07T22:18:57.246+0000] {processor.py:161} INFO - Started process (PID=631) to work on /home/airflow/.local/lib/python3.12/site-packages/airflow/example_dags/tutorial.py
[2024-07-07T22:18:57.247+0000] {processor.py:830} INFO - Processing file /home/airflow/.local/lib/python3.12/site-packages/airflow/example_dags/tutorial.py for tasks to queue
[2024-07-07T22:18:57.248+0000] {logging_mixin.py:188} INFO - [2024-07-07T22:18:57.247+0000] {dagbag.py:545} INFO - Filling up the DagBag from /home/airflow/.local/lib/python3.12/site-packages/airflow/example_dags/tutorial.py
[2024-07-07T22:18:57.250+0000] {processor.py:840} INFO - DAG(s) 'tutorial' retrieved from /home/airflow/.local/lib/python3.12/site-packages/airflow/example_dags/tutorial.py
[2024-07-07T22:18:57.257+0000] {logging_mixin.py:188} INFO - [2024-07-07T22:18:57.257+0000] {dag.py:3096} INFO - Sync 1 DAGs
[2024-07-07T22:18:57.264+0000] {logging_mixin.py:188} INFO - [2024-07-07T22:18:57.264+0000] {dag.py:3954} INFO - Setting next_dagrun for tutorial to 2024-07-06 00:00:00+00:00, run_after=2024-07-07 00:00:00+00:00
[2024-07-07T22:18:57.270+0000] {processor.py:183} INFO - Processing /home/airflow/.local/lib/python3.12/site-packages/airflow/example_dags/tutorial.py took 0.026 seconds
[2024-07-07T22:19:27.537+0000] {processor.py:161} INFO - Started process (PID=683) to work on /home/airflow/.local/lib/python3.12/site-packages/airflow/example_dags/tutorial.py
[2024-07-07T22:19:27.538+0000] {processor.py:830} INFO - Processing file /home/airflow/.local/lib/python3.12/site-packages/airflow/example_dags/tutorial.py for tasks to queue
[2024-07-07T22:19:27.538+0000] {logging_mixin.py:188} INFO - [2024-07-07T22:19:27.538+0000] {dagbag.py:545} INFO - Filling up the DagBag from /home/airflow/.local/lib/python3.12/site-packages/airflow/example_dags/tutorial.py
[2024-07-07T22:19:27.541+0000] {processor.py:840} INFO - DAG(s) 'tutorial' retrieved from /home/airflow/.local/lib/python3.12/site-packages/airflow/example_dags/tutorial.py
[2024-07-07T22:19:27.548+0000] {logging_mixin.py:188} INFO - [2024-07-07T22:19:27.548+0000] {dag.py:3096} INFO - Sync 1 DAGs
[2024-07-07T22:19:27.555+0000] {logging_mixin.py:188} INFO - [2024-07-07T22:19:27.555+0000] {dag.py:3954} INFO - Setting next_dagrun for tutorial to 2024-07-06 00:00:00+00:00, run_after=2024-07-07 00:00:00+00:00
[2024-07-07T22:19:27.561+0000] {processor.py:183} INFO - Processing /home/airflow/.local/lib/python3.12/site-packages/airflow/example_dags/tutorial.py took 0.026 seconds
[2024-07-07T22:19:57.850+0000] {processor.py:161} INFO - Started process (PID=735) to work on /home/airflow/.local/lib/python3.12/site-packages/airflow/example_dags/tutorial.py
[2024-07-07T22:19:57.850+0000] {processor.py:830} INFO - Processing file /home/airflow/.local/lib/python3.12/site-packages/airflow/example_dags/tutorial.py for tasks to queue
[2024-07-07T22:19:57.851+0000] {logging_mixin.py:188} INFO - [2024-07-07T22:19:57.851+0000] {dagbag.py:545} INFO - Filling up the DagBag from /home/airflow/.local/lib/python3.12/site-packages/airflow/example_dags/tutorial.py
[2024-07-07T22:19:57.853+0000] {processor.py:840} INFO - DAG(s) 'tutorial' retrieved from /home/airflow/.local/lib/python3.12/site-packages/airflow/example_dags/tutorial.py
[2024-07-07T22:19:57.861+0000] {logging_mixin.py:188} INFO - [2024-07-07T22:19:57.861+0000] {dag.py:3096} INFO - Sync 1 DAGs
[2024-07-07T22:19:57.869+0000] {logging_mixin.py:188} INFO - [2024-07-07T22:19:57.868+0000] {dag.py:3954} INFO - Setting next_dagrun for tutorial to 2024-07-06 00:00:00+00:00, run_after=2024-07-07 00:00:00+00:00
[2024-07-07T22:19:57.875+0000] {processor.py:183} INFO - Processing /home/airflow/.local/lib/python3.12/site-packages/airflow/example_dags/tutorial.py took 0.027 seconds
[2024-07-07T22:20:28.097+0000] {processor.py:161} INFO - Started process (PID=787) to work on /home/airflow/.local/lib/python3.12/site-packages/airflow/example_dags/tutorial.py
[2024-07-07T22:20:28.097+0000] {processor.py:830} INFO - Processing file /home/airflow/.local/lib/python3.12/site-packages/airflow/example_dags/tutorial.py for tasks to queue
[2024-07-07T22:20:28.098+0000] {logging_mixin.py:188} INFO - [2024-07-07T22:20:28.098+0000] {dagbag.py:545} INFO - Filling up the DagBag from /home/airflow/.local/lib/python3.12/site-packages/airflow/example_dags/tutorial.py
[2024-07-07T22:20:28.101+0000] {processor.py:840} INFO - DAG(s) 'tutorial' retrieved from /home/airflow/.local/lib/python3.12/site-packages/airflow/example_dags/tutorial.py
[2024-07-07T22:20:28.112+0000] {logging_mixin.py:188} INFO - [2024-07-07T22:20:28.112+0000] {dag.py:3096} INFO - Sync 1 DAGs
[2024-07-07T22:20:28.121+0000] {logging_mixin.py:188} INFO - [2024-07-07T22:20:28.121+0000] {dag.py:3954} INFO - Setting next_dagrun for tutorial to 2024-07-06 00:00:00+00:00, run_after=2024-07-07 00:00:00+00:00
[2024-07-07T22:20:28.127+0000] {processor.py:183} INFO - Processing /home/airflow/.local/lib/python3.12/site-packages/airflow/example_dags/tutorial.py took 0.033 seconds
[2024-07-07T22:20:58.413+0000] {processor.py:161} INFO - Started process (PID=839) to work on /home/airflow/.local/lib/python3.12/site-packages/airflow/example_dags/tutorial.py
[2024-07-07T22:20:58.413+0000] {processor.py:830} INFO - Processing file /home/airflow/.local/lib/python3.12/site-packages/airflow/example_dags/tutorial.py for tasks to queue
[2024-07-07T22:20:58.414+0000] {logging_mixin.py:188} INFO - [2024-07-07T22:20:58.414+0000] {dagbag.py:545} INFO - Filling up the DagBag from /home/airflow/.local/lib/python3.12/site-packages/airflow/example_dags/tutorial.py
[2024-07-07T22:20:58.416+0000] {processor.py:840} INFO - DAG(s) 'tutorial' retrieved from /home/airflow/.local/lib/python3.12/site-packages/airflow/example_dags/tutorial.py
[2024-07-07T22:20:58.423+0000] {logging_mixin.py:188} INFO - [2024-07-07T22:20:58.423+0000] {dag.py:3096} INFO - Sync 1 DAGs
[2024-07-07T22:20:58.430+0000] {logging_mixin.py:188} INFO - [2024-07-07T22:20:58.430+0000] {dag.py:3954} INFO - Setting next_dagrun for tutorial to 2024-07-06 00:00:00+00:00, run_after=2024-07-07 00:00:00+00:00
[2024-07-07T22:20:58.436+0000] {processor.py:183} INFO - Processing /home/airflow/.local/lib/python3.12/site-packages/airflow/example_dags/tutorial.py took 0.026 seconds
[2024-07-07T22:21:28.790+0000] {processor.py:161} INFO - Started process (PID=891) to work on /home/airflow/.local/lib/python3.12/site-packages/airflow/example_dags/tutorial.py
[2024-07-07T22:21:28.790+0000] {processor.py:830} INFO - Processing file /home/airflow/.local/lib/python3.12/site-packages/airflow/example_dags/tutorial.py for tasks to queue
[2024-07-07T22:21:28.791+0000] {logging_mixin.py:188} INFO - [2024-07-07T22:21:28.791+0000] {dagbag.py:545} INFO - Filling up the DagBag from /home/airflow/.local/lib/python3.12/site-packages/airflow/example_dags/tutorial.py
[2024-07-07T22:21:28.793+0000] {processor.py:840} INFO - DAG(s) 'tutorial' retrieved from /home/airflow/.local/lib/python3.12/site-packages/airflow/example_dags/tutorial.py
[2024-07-07T22:21:28.801+0000] {logging_mixin.py:188} INFO - [2024-07-07T22:21:28.801+0000] {dag.py:3096} INFO - Sync 1 DAGs
[2024-07-07T22:21:28.808+0000] {logging_mixin.py:188} INFO - [2024-07-07T22:21:28.808+0000] {dag.py:3954} INFO - Setting next_dagrun for tutorial to 2024-07-06 00:00:00+00:00, run_after=2024-07-07 00:00:00+00:00
[2024-07-07T22:21:28.814+0000] {processor.py:183} INFO - Processing /home/airflow/.local/lib/python3.12/site-packages/airflow/example_dags/tutorial.py took 0.026 seconds
[2024-07-07T22:21:59.070+0000] {processor.py:161} INFO - Started process (PID=943) to work on /home/airflow/.local/lib/python3.12/site-packages/airflow/example_dags/tutorial.py
[2024-07-07T22:21:59.070+0000] {processor.py:830} INFO - Processing file /home/airflow/.local/lib/python3.12/site-packages/airflow/example_dags/tutorial.py for tasks to queue
[2024-07-07T22:21:59.071+0000] {logging_mixin.py:188} INFO - [2024-07-07T22:21:59.071+0000] {dagbag.py:545} INFO - Filling up the DagBag from /home/airflow/.local/lib/python3.12/site-packages/airflow/example_dags/tutorial.py
[2024-07-07T22:21:59.073+0000] {processor.py:840} INFO - DAG(s) 'tutorial' retrieved from /home/airflow/.local/lib/python3.12/site-packages/airflow/example_dags/tutorial.py
[2024-07-07T22:21:59.081+0000] {logging_mixin.py:188} INFO - [2024-07-07T22:21:59.081+0000] {dag.py:3096} INFO - Sync 1 DAGs
[2024-07-07T22:21:59.089+0000] {logging_mixin.py:188} INFO - [2024-07-07T22:21:59.089+0000] {dag.py:3954} INFO - Setting next_dagrun for tutorial to 2024-07-06 00:00:00+00:00, run_after=2024-07-07 00:00:00+00:00
[2024-07-07T22:21:59.095+0000] {processor.py:183} INFO - Processing /home/airflow/.local/lib/python3.12/site-packages/airflow/example_dags/tutorial.py took 0.028 seconds
[2024-07-07T22:22:29.460+0000] {processor.py:161} INFO - Started process (PID=995) to work on /home/airflow/.local/lib/python3.12/site-packages/airflow/example_dags/tutorial.py
[2024-07-07T22:22:29.461+0000] {processor.py:830} INFO - Processing file /home/airflow/.local/lib/python3.12/site-packages/airflow/example_dags/tutorial.py for tasks to queue
[2024-07-07T22:22:29.461+0000] {logging_mixin.py:188} INFO - [2024-07-07T22:22:29.461+0000] {dagbag.py:545} INFO - Filling up the DagBag from /home/airflow/.local/lib/python3.12/site-packages/airflow/example_dags/tutorial.py
[2024-07-07T22:22:29.464+0000] {processor.py:840} INFO - DAG(s) 'tutorial' retrieved from /home/airflow/.local/lib/python3.12/site-packages/airflow/example_dags/tutorial.py
[2024-07-07T22:22:29.471+0000] {logging_mixin.py:188} INFO - [2024-07-07T22:22:29.471+0000] {dag.py:3096} INFO - Sync 1 DAGs
[2024-07-07T22:22:29.478+0000] {logging_mixin.py:188} INFO - [2024-07-07T22:22:29.478+0000] {dag.py:3954} INFO - Setting next_dagrun for tutorial to 2024-07-06 00:00:00+00:00, run_after=2024-07-07 00:00:00+00:00
[2024-07-07T22:22:29.484+0000] {processor.py:183} INFO - Processing /home/airflow/.local/lib/python3.12/site-packages/airflow/example_dags/tutorial.py took 0.026 seconds
[2024-07-07T22:22:59.811+0000] {processor.py:161} INFO - Started process (PID=1047) to work on /home/airflow/.local/lib/python3.12/site-packages/airflow/example_dags/tutorial.py
[2024-07-07T22:22:59.811+0000] {processor.py:830} INFO - Processing file /home/airflow/.local/lib/python3.12/site-packages/airflow/example_dags/tutorial.py for tasks to queue
[2024-07-07T22:22:59.812+0000] {logging_mixin.py:188} INFO - [2024-07-07T22:22:59.812+0000] {dagbag.py:545} INFO - Filling up the DagBag from /home/airflow/.local/lib/python3.12/site-packages/airflow/example_dags/tutorial.py
[2024-07-07T22:22:59.814+0000] {processor.py:840} INFO - DAG(s) 'tutorial' retrieved from /home/airflow/.local/lib/python3.12/site-packages/airflow/example_dags/tutorial.py
[2024-07-07T22:22:59.821+0000] {logging_mixin.py:188} INFO - [2024-07-07T22:22:59.821+0000] {dag.py:3096} INFO - Sync 1 DAGs
[2024-07-07T22:22:59.829+0000] {logging_mixin.py:188} INFO - [2024-07-07T22:22:59.829+0000] {dag.py:3954} INFO - Setting next_dagrun for tutorial to 2024-07-06 00:00:00+00:00, run_after=2024-07-07 00:00:00+00:00
[2024-07-07T22:22:59.837+0000] {processor.py:183} INFO - Processing /home/airflow/.local/lib/python3.12/site-packages/airflow/example_dags/tutorial.py took 0.028 seconds
[2024-07-07T22:23:30.107+0000] {processor.py:161} INFO - Started process (PID=1099) to work on /home/airflow/.local/lib/python3.12/site-packages/airflow/example_dags/tutorial.py
[2024-07-07T22:23:30.107+0000] {processor.py:830} INFO - Processing file /home/airflow/.local/lib/python3.12/site-packages/airflow/example_dags/tutorial.py for tasks to queue
[2024-07-07T22:23:30.108+0000] {logging_mixin.py:188} INFO - [2024-07-07T22:23:30.108+0000] {dagbag.py:545} INFO - Filling up the DagBag from /home/airflow/.local/lib/python3.12/site-packages/airflow/example_dags/tutorial.py
[2024-07-07T22:23:30.110+0000] {processor.py:840} INFO - DAG(s) 'tutorial' retrieved from /home/airflow/.local/lib/python3.12/site-packages/airflow/example_dags/tutorial.py
[2024-07-07T22:23:30.118+0000] {logging_mixin.py:188} INFO - [2024-07-07T22:23:30.118+0000] {dag.py:3096} INFO - Sync 1 DAGs
[2024-07-07T22:23:30.125+0000] {logging_mixin.py:188} INFO - [2024-07-07T22:23:30.125+0000] {dag.py:3954} INFO - Setting next_dagrun for tutorial to 2024-07-06 00:00:00+00:00, run_after=2024-07-07 00:00:00+00:00
[2024-07-07T22:23:30.130+0000] {processor.py:183} INFO - Processing /home/airflow/.local/lib/python3.12/site-packages/airflow/example_dags/tutorial.py took 0.026 seconds
[2024-07-07T22:24:00.477+0000] {processor.py:161} INFO - Started process (PID=1151) to work on /home/airflow/.local/lib/python3.12/site-packages/airflow/example_dags/tutorial.py
[2024-07-07T22:24:00.478+0000] {processor.py:830} INFO - Processing file /home/airflow/.local/lib/python3.12/site-packages/airflow/example_dags/tutorial.py for tasks to queue
[2024-07-07T22:24:00.478+0000] {logging_mixin.py:188} INFO - [2024-07-07T22:24:00.478+0000] {dagbag.py:545} INFO - Filling up the DagBag from /home/airflow/.local/lib/python3.12/site-packages/airflow/example_dags/tutorial.py
[2024-07-07T22:24:00.481+0000] {processor.py:840} INFO - DAG(s) 'tutorial' retrieved from /home/airflow/.local/lib/python3.12/site-packages/airflow/example_dags/tutorial.py
[2024-07-07T22:24:00.488+0000] {logging_mixin.py:188} INFO - [2024-07-07T22:24:00.488+0000] {dag.py:3096} INFO - Sync 1 DAGs
[2024-07-07T22:24:00.496+0000] {logging_mixin.py:188} INFO - [2024-07-07T22:24:00.496+0000] {dag.py:3954} INFO - Setting next_dagrun for tutorial to 2024-07-06 00:00:00+00:00, run_after=2024-07-07 00:00:00+00:00
[2024-07-07T22:24:00.502+0000] {processor.py:183} INFO - Processing /home/airflow/.local/lib/python3.12/site-packages/airflow/example_dags/tutorial.py took 0.027 seconds
[2024-07-07T22:24:30.822+0000] {processor.py:161} INFO - Started process (PID=1203) to work on /home/airflow/.local/lib/python3.12/site-packages/airflow/example_dags/tutorial.py
[2024-07-07T22:24:30.822+0000] {processor.py:830} INFO - Processing file /home/airflow/.local/lib/python3.12/site-packages/airflow/example_dags/tutorial.py for tasks to queue
[2024-07-07T22:24:30.823+0000] {logging_mixin.py:188} INFO - [2024-07-07T22:24:30.823+0000] {dagbag.py:545} INFO - Filling up the DagBag from /home/airflow/.local/lib/python3.12/site-packages/airflow/example_dags/tutorial.py
[2024-07-07T22:24:30.825+0000] {processor.py:840} INFO - DAG(s) 'tutorial' retrieved from /home/airflow/.local/lib/python3.12/site-packages/airflow/example_dags/tutorial.py
[2024-07-07T22:24:30.832+0000] {logging_mixin.py:188} INFO - [2024-07-07T22:24:30.832+0000] {dag.py:3096} INFO - Sync 1 DAGs
[2024-07-07T22:24:30.839+0000] {logging_mixin.py:188} INFO - [2024-07-07T22:24:30.839+0000] {dag.py:3954} INFO - Setting next_dagrun for tutorial to 2024-07-06 00:00:00+00:00, run_after=2024-07-07 00:00:00+00:00
[2024-07-07T22:24:30.845+0000] {processor.py:183} INFO - Processing /home/airflow/.local/lib/python3.12/site-packages/airflow/example_dags/tutorial.py took 0.026 seconds
[2024-07-07T22:25:01.423+0000] {processor.py:161} INFO - Started process (PID=1255) to work on /home/airflow/.local/lib/python3.12/site-packages/airflow/example_dags/tutorial.py
[2024-07-07T22:25:01.423+0000] {processor.py:830} INFO - Processing file /home/airflow/.local/lib/python3.12/site-packages/airflow/example_dags/tutorial.py for tasks to queue
[2024-07-07T22:25:01.424+0000] {logging_mixin.py:188} INFO - [2024-07-07T22:25:01.424+0000] {dagbag.py:545} INFO - Filling up the DagBag from /home/airflow/.local/lib/python3.12/site-packages/airflow/example_dags/tutorial.py
[2024-07-07T22:25:01.426+0000] {processor.py:840} INFO - DAG(s) 'tutorial' retrieved from /home/airflow/.local/lib/python3.12/site-packages/airflow/example_dags/tutorial.py
[2024-07-07T22:25:01.434+0000] {logging_mixin.py:188} INFO - [2024-07-07T22:25:01.434+0000] {dag.py:3096} INFO - Sync 1 DAGs
[2024-07-07T22:25:01.441+0000] {logging_mixin.py:188} INFO - [2024-07-07T22:25:01.441+0000] {dag.py:3954} INFO - Setting next_dagrun for tutorial to 2024-07-06 00:00:00+00:00, run_after=2024-07-07 00:00:00+00:00
[2024-07-07T22:25:01.446+0000] {processor.py:183} INFO - Processing /home/airflow/.local/lib/python3.12/site-packages/airflow/example_dags/tutorial.py took 0.025 seconds
[2024-07-07T22:25:31.820+0000] {processor.py:161} INFO - Started process (PID=1307) to work on /home/airflow/.local/lib/python3.12/site-packages/airflow/example_dags/tutorial.py
[2024-07-07T22:25:31.820+0000] {processor.py:830} INFO - Processing file /home/airflow/.local/lib/python3.12/site-packages/airflow/example_dags/tutorial.py for tasks to queue
[2024-07-07T22:25:31.821+0000] {logging_mixin.py:188} INFO - [2024-07-07T22:25:31.821+0000] {dagbag.py:545} INFO - Filling up the DagBag from /home/airflow/.local/lib/python3.12/site-packages/airflow/example_dags/tutorial.py
[2024-07-07T22:25:31.823+0000] {processor.py:840} INFO - DAG(s) 'tutorial' retrieved from /home/airflow/.local/lib/python3.12/site-packages/airflow/example_dags/tutorial.py
[2024-07-07T22:25:31.831+0000] {logging_mixin.py:188} INFO - [2024-07-07T22:25:31.831+0000] {dag.py:3096} INFO - Sync 1 DAGs
[2024-07-07T22:25:31.839+0000] {logging_mixin.py:188} INFO - [2024-07-07T22:25:31.839+0000] {dag.py:3954} INFO - Setting next_dagrun for tutorial to 2024-07-06 00:00:00+00:00, run_after=2024-07-07 00:00:00+00:00
[2024-07-07T22:25:31.845+0000] {processor.py:183} INFO - Processing /home/airflow/.local/lib/python3.12/site-packages/airflow/example_dags/tutorial.py took 0.028 seconds
[2024-07-07T22:26:02.389+0000] {processor.py:161} INFO - Started process (PID=1359) to work on /home/airflow/.local/lib/python3.12/site-packages/airflow/example_dags/tutorial.py
[2024-07-07T22:26:02.390+0000] {processor.py:830} INFO - Processing file /home/airflow/.local/lib/python3.12/site-packages/airflow/example_dags/tutorial.py for tasks to queue
[2024-07-07T22:26:02.391+0000] {logging_mixin.py:188} INFO - [2024-07-07T22:26:02.391+0000] {dagbag.py:545} INFO - Filling up the DagBag from /home/airflow/.local/lib/python3.12/site-packages/airflow/example_dags/tutorial.py
[2024-07-07T22:26:02.394+0000] {processor.py:840} INFO - DAG(s) 'tutorial' retrieved from /home/airflow/.local/lib/python3.12/site-packages/airflow/example_dags/tutorial.py
[2024-07-07T22:26:02.403+0000] {logging_mixin.py:188} INFO - [2024-07-07T22:26:02.403+0000] {dag.py:3096} INFO - Sync 1 DAGs
[2024-07-07T22:26:02.412+0000] {logging_mixin.py:188} INFO - [2024-07-07T22:26:02.412+0000] {dag.py:3954} INFO - Setting next_dagrun for tutorial to 2024-07-06 00:00:00+00:00, run_after=2024-07-07 00:00:00+00:00
[2024-07-07T22:26:02.420+0000] {processor.py:183} INFO - Processing /home/airflow/.local/lib/python3.12/site-packages/airflow/example_dags/tutorial.py took 0.033 seconds
[2024-07-07T22:26:32.676+0000] {processor.py:161} INFO - Started process (PID=1411) to work on /home/airflow/.local/lib/python3.12/site-packages/airflow/example_dags/tutorial.py
[2024-07-07T22:26:32.676+0000] {processor.py:830} INFO - Processing file /home/airflow/.local/lib/python3.12/site-packages/airflow/example_dags/tutorial.py for tasks to queue
[2024-07-07T22:26:32.677+0000] {logging_mixin.py:188} INFO - [2024-07-07T22:26:32.677+0000] {dagbag.py:545} INFO - Filling up the DagBag from /home/airflow/.local/lib/python3.12/site-packages/airflow/example_dags/tutorial.py
[2024-07-07T22:26:32.679+0000] {processor.py:840} INFO - DAG(s) 'tutorial' retrieved from /home/airflow/.local/lib/python3.12/site-packages/airflow/example_dags/tutorial.py
[2024-07-07T22:26:32.686+0000] {logging_mixin.py:188} INFO - [2024-07-07T22:26:32.686+0000] {dag.py:3096} INFO - Sync 1 DAGs
[2024-07-07T22:26:32.693+0000] {logging_mixin.py:188} INFO - [2024-07-07T22:26:32.693+0000] {dag.py:3954} INFO - Setting next_dagrun for tutorial to 2024-07-06 00:00:00+00:00, run_after=2024-07-07 00:00:00+00:00
[2024-07-07T22:26:32.699+0000] {processor.py:183} INFO - Processing /home/airflow/.local/lib/python3.12/site-packages/airflow/example_dags/tutorial.py took 0.025 seconds
[2024-07-07T22:27:02.973+0000] {processor.py:161} INFO - Started process (PID=1463) to work on /home/airflow/.local/lib/python3.12/site-packages/airflow/example_dags/tutorial.py
[2024-07-07T22:27:02.974+0000] {processor.py:830} INFO - Processing file /home/airflow/.local/lib/python3.12/site-packages/airflow/example_dags/tutorial.py for tasks to queue
[2024-07-07T22:27:02.974+0000] {logging_mixin.py:188} INFO - [2024-07-07T22:27:02.974+0000] {dagbag.py:545} INFO - Filling up the DagBag from /home/airflow/.local/lib/python3.12/site-packages/airflow/example_dags/tutorial.py
[2024-07-07T22:27:02.977+0000] {processor.py:840} INFO - DAG(s) 'tutorial' retrieved from /home/airflow/.local/lib/python3.12/site-packages/airflow/example_dags/tutorial.py
[2024-07-07T22:27:02.984+0000] {logging_mixin.py:188} INFO - [2024-07-07T22:27:02.984+0000] {dag.py:3096} INFO - Sync 1 DAGs
[2024-07-07T22:27:02.991+0000] {logging_mixin.py:188} INFO - [2024-07-07T22:27:02.991+0000] {dag.py:3954} INFO - Setting next_dagrun for tutorial to 2024-07-06 00:00:00+00:00, run_after=2024-07-07 00:00:00+00:00
[2024-07-07T22:27:02.997+0000] {processor.py:183} INFO - Processing /home/airflow/.local/lib/python3.12/site-packages/airflow/example_dags/tutorial.py took 0.026 seconds
[2024-07-07T22:27:33.229+0000] {processor.py:161} INFO - Started process (PID=1515) to work on /home/airflow/.local/lib/python3.12/site-packages/airflow/example_dags/tutorial.py
[2024-07-07T22:27:33.229+0000] {processor.py:830} INFO - Processing file /home/airflow/.local/lib/python3.12/site-packages/airflow/example_dags/tutorial.py for tasks to queue
[2024-07-07T22:27:33.230+0000] {logging_mixin.py:188} INFO - [2024-07-07T22:27:33.230+0000] {dagbag.py:545} INFO - Filling up the DagBag from /home/airflow/.local/lib/python3.12/site-packages/airflow/example_dags/tutorial.py
[2024-07-07T22:27:33.232+0000] {processor.py:840} INFO - DAG(s) 'tutorial' retrieved from /home/airflow/.local/lib/python3.12/site-packages/airflow/example_dags/tutorial.py
[2024-07-07T22:27:33.239+0000] {logging_mixin.py:188} INFO - [2024-07-07T22:27:33.239+0000] {dag.py:3096} INFO - Sync 1 DAGs
[2024-07-07T22:27:33.247+0000] {logging_mixin.py:188} INFO - [2024-07-07T22:27:33.246+0000] {dag.py:3954} INFO - Setting next_dagrun for tutorial to 2024-07-06 00:00:00+00:00, run_after=2024-07-07 00:00:00+00:00
[2024-07-07T22:27:33.253+0000] {processor.py:183} INFO - Processing /home/airflow/.local/lib/python3.12/site-packages/airflow/example_dags/tutorial.py took 0.026 seconds
[2024-07-07T22:28:03.492+0000] {processor.py:161} INFO - Started process (PID=1567) to work on /home/airflow/.local/lib/python3.12/site-packages/airflow/example_dags/tutorial.py
[2024-07-07T22:28:03.493+0000] {processor.py:830} INFO - Processing file /home/airflow/.local/lib/python3.12/site-packages/airflow/example_dags/tutorial.py for tasks to queue
[2024-07-07T22:28:03.493+0000] {logging_mixin.py:188} INFO - [2024-07-07T22:28:03.493+0000] {dagbag.py:545} INFO - Filling up the DagBag from /home/airflow/.local/lib/python3.12/site-packages/airflow/example_dags/tutorial.py
[2024-07-07T22:28:03.496+0000] {processor.py:840} INFO - DAG(s) 'tutorial' retrieved from /home/airflow/.local/lib/python3.12/site-packages/airflow/example_dags/tutorial.py
[2024-07-07T22:28:03.504+0000] {logging_mixin.py:188} INFO - [2024-07-07T22:28:03.503+0000] {dag.py:3096} INFO - Sync 1 DAGs
[2024-07-07T22:28:03.511+0000] {logging_mixin.py:188} INFO - [2024-07-07T22:28:03.511+0000] {dag.py:3954} INFO - Setting next_dagrun for tutorial to 2024-07-06 00:00:00+00:00, run_after=2024-07-07 00:00:00+00:00
[2024-07-07T22:28:03.518+0000] {processor.py:183} INFO - Processing /home/airflow/.local/lib/python3.12/site-packages/airflow/example_dags/tutorial.py took 0.028 seconds
[2024-07-07T22:28:33.756+0000] {processor.py:161} INFO - Started process (PID=1619) to work on /home/airflow/.local/lib/python3.12/site-packages/airflow/example_dags/tutorial.py
[2024-07-07T22:28:33.756+0000] {processor.py:830} INFO - Processing file /home/airflow/.local/lib/python3.12/site-packages/airflow/example_dags/tutorial.py for tasks to queue
[2024-07-07T22:28:33.757+0000] {logging_mixin.py:188} INFO - [2024-07-07T22:28:33.757+0000] {dagbag.py:545} INFO - Filling up the DagBag from /home/airflow/.local/lib/python3.12/site-packages/airflow/example_dags/tutorial.py
[2024-07-07T22:28:33.759+0000] {processor.py:840} INFO - DAG(s) 'tutorial' retrieved from /home/airflow/.local/lib/python3.12/site-packages/airflow/example_dags/tutorial.py
[2024-07-07T22:28:33.766+0000] {logging_mixin.py:188} INFO - [2024-07-07T22:28:33.766+0000] {dag.py:3096} INFO - Sync 1 DAGs
[2024-07-07T22:28:33.774+0000] {logging_mixin.py:188} INFO - [2024-07-07T22:28:33.773+0000] {dag.py:3954} INFO - Setting next_dagrun for tutorial to 2024-07-06 00:00:00+00:00, run_after=2024-07-07 00:00:00+00:00
[2024-07-07T22:28:33.780+0000] {processor.py:183} INFO - Processing /home/airflow/.local/lib/python3.12/site-packages/airflow/example_dags/tutorial.py took 0.026 seconds
[2024-07-07T22:29:04.034+0000] {processor.py:161} INFO - Started process (PID=1671) to work on /home/airflow/.local/lib/python3.12/site-packages/airflow/example_dags/tutorial.py
[2024-07-07T22:29:04.035+0000] {processor.py:830} INFO - Processing file /home/airflow/.local/lib/python3.12/site-packages/airflow/example_dags/tutorial.py for tasks to queue
[2024-07-07T22:29:04.035+0000] {logging_mixin.py:188} INFO - [2024-07-07T22:29:04.035+0000] {dagbag.py:545} INFO - Filling up the DagBag from /home/airflow/.local/lib/python3.12/site-packages/airflow/example_dags/tutorial.py
[2024-07-07T22:29:04.037+0000] {processor.py:840} INFO - DAG(s) 'tutorial' retrieved from /home/airflow/.local/lib/python3.12/site-packages/airflow/example_dags/tutorial.py
[2024-07-07T22:29:04.044+0000] {logging_mixin.py:188} INFO - [2024-07-07T22:29:04.044+0000] {dag.py:3096} INFO - Sync 1 DAGs
[2024-07-07T22:29:04.051+0000] {logging_mixin.py:188} INFO - [2024-07-07T22:29:04.051+0000] {dag.py:3954} INFO - Setting next_dagrun for tutorial to 2024-07-06 00:00:00+00:00, run_after=2024-07-07 00:00:00+00:00
[2024-07-07T22:29:04.056+0000] {processor.py:183} INFO - Processing /home/airflow/.local/lib/python3.12/site-packages/airflow/example_dags/tutorial.py took 0.024 seconds
[2024-07-07T22:29:34.569+0000] {processor.py:161} INFO - Started process (PID=1723) to work on /home/airflow/.local/lib/python3.12/site-packages/airflow/example_dags/tutorial.py
[2024-07-07T22:29:34.570+0000] {processor.py:830} INFO - Processing file /home/airflow/.local/lib/python3.12/site-packages/airflow/example_dags/tutorial.py for tasks to queue
[2024-07-07T22:29:34.570+0000] {logging_mixin.py:188} INFO - [2024-07-07T22:29:34.570+0000] {dagbag.py:545} INFO - Filling up the DagBag from /home/airflow/.local/lib/python3.12/site-packages/airflow/example_dags/tutorial.py
[2024-07-07T22:29:34.572+0000] {processor.py:840} INFO - DAG(s) 'tutorial' retrieved from /home/airflow/.local/lib/python3.12/site-packages/airflow/example_dags/tutorial.py
[2024-07-07T22:29:34.580+0000] {logging_mixin.py:188} INFO - [2024-07-07T22:29:34.580+0000] {dag.py:3096} INFO - Sync 1 DAGs
[2024-07-07T22:29:34.587+0000] {logging_mixin.py:188} INFO - [2024-07-07T22:29:34.587+0000] {dag.py:3954} INFO - Setting next_dagrun for tutorial to 2024-07-06 00:00:00+00:00, run_after=2024-07-07 00:00:00+00:00
[2024-07-07T22:29:34.592+0000] {processor.py:183} INFO - Processing /home/airflow/.local/lib/python3.12/site-packages/airflow/example_dags/tutorial.py took 0.025 seconds
[2024-07-07T22:30:05.096+0000] {processor.py:161} INFO - Started process (PID=1775) to work on /home/airflow/.local/lib/python3.12/site-packages/airflow/example_dags/tutorial.py
[2024-07-07T22:30:05.096+0000] {processor.py:830} INFO - Processing file /home/airflow/.local/lib/python3.12/site-packages/airflow/example_dags/tutorial.py for tasks to queue
[2024-07-07T22:30:05.097+0000] {logging_mixin.py:188} INFO - [2024-07-07T22:30:05.097+0000] {dagbag.py:545} INFO - Filling up the DagBag from /home/airflow/.local/lib/python3.12/site-packages/airflow/example_dags/tutorial.py
[2024-07-07T22:30:05.099+0000] {processor.py:840} INFO - DAG(s) 'tutorial' retrieved from /home/airflow/.local/lib/python3.12/site-packages/airflow/example_dags/tutorial.py
[2024-07-07T22:30:05.105+0000] {logging_mixin.py:188} INFO - [2024-07-07T22:30:05.105+0000] {dag.py:3096} INFO - Sync 1 DAGs
[2024-07-07T22:30:05.113+0000] {logging_mixin.py:188} INFO - [2024-07-07T22:30:05.113+0000] {dag.py:3954} INFO - Setting next_dagrun for tutorial to 2024-07-06 00:00:00+00:00, run_after=2024-07-07 00:00:00+00:00
[2024-07-07T22:30:05.118+0000] {processor.py:183} INFO - Processing /home/airflow/.local/lib/python3.12/site-packages/airflow/example_dags/tutorial.py took 0.025 seconds
[2024-07-07T22:30:35.885+0000] {processor.py:161} INFO - Started process (PID=1827) to work on /home/airflow/.local/lib/python3.12/site-packages/airflow/example_dags/tutorial.py
[2024-07-07T22:30:35.885+0000] {processor.py:830} INFO - Processing file /home/airflow/.local/lib/python3.12/site-packages/airflow/example_dags/tutorial.py for tasks to queue
[2024-07-07T22:30:35.886+0000] {logging_mixin.py:188} INFO - [2024-07-07T22:30:35.886+0000] {dagbag.py:545} INFO - Filling up the DagBag from /home/airflow/.local/lib/python3.12/site-packages/airflow/example_dags/tutorial.py
[2024-07-07T22:30:35.888+0000] {processor.py:840} INFO - DAG(s) 'tutorial' retrieved from /home/airflow/.local/lib/python3.12/site-packages/airflow/example_dags/tutorial.py
[2024-07-07T22:30:35.896+0000] {logging_mixin.py:188} INFO - [2024-07-07T22:30:35.896+0000] {dag.py:3096} INFO - Sync 1 DAGs
[2024-07-07T22:30:35.971+0000] {logging_mixin.py:188} INFO - [2024-07-07T22:30:35.971+0000] {dag.py:3954} INFO - Setting next_dagrun for tutorial to 2024-07-06 00:00:00+00:00, run_after=2024-07-07 00:00:00+00:00
[2024-07-07T22:30:35.977+0000] {processor.py:183} INFO - Processing /home/airflow/.local/lib/python3.12/site-packages/airflow/example_dags/tutorial.py took 0.095 seconds
[2024-07-07T22:31:06.593+0000] {processor.py:161} INFO - Started process (PID=1879) to work on /home/airflow/.local/lib/python3.12/site-packages/airflow/example_dags/tutorial.py
[2024-07-07T22:31:06.593+0000] {processor.py:830} INFO - Processing file /home/airflow/.local/lib/python3.12/site-packages/airflow/example_dags/tutorial.py for tasks to queue
[2024-07-07T22:31:06.594+0000] {logging_mixin.py:188} INFO - [2024-07-07T22:31:06.594+0000] {dagbag.py:545} INFO - Filling up the DagBag from /home/airflow/.local/lib/python3.12/site-packages/airflow/example_dags/tutorial.py
[2024-07-07T22:31:06.596+0000] {processor.py:840} INFO - DAG(s) 'tutorial' retrieved from /home/airflow/.local/lib/python3.12/site-packages/airflow/example_dags/tutorial.py
[2024-07-07T22:31:06.604+0000] {logging_mixin.py:188} INFO - [2024-07-07T22:31:06.603+0000] {dag.py:3096} INFO - Sync 1 DAGs
[2024-07-07T22:31:06.610+0000] {logging_mixin.py:188} INFO - [2024-07-07T22:31:06.610+0000] {dag.py:3954} INFO - Setting next_dagrun for tutorial to 2024-07-06 00:00:00+00:00, run_after=2024-07-07 00:00:00+00:00
[2024-07-07T22:31:06.616+0000] {processor.py:183} INFO - Processing /home/airflow/.local/lib/python3.12/site-packages/airflow/example_dags/tutorial.py took 0.026 seconds
[2024-07-07T22:31:37.514+0000] {processor.py:161} INFO - Started process (PID=1931) to work on /home/airflow/.local/lib/python3.12/site-packages/airflow/example_dags/tutorial.py
[2024-07-07T22:31:37.514+0000] {processor.py:830} INFO - Processing file /home/airflow/.local/lib/python3.12/site-packages/airflow/example_dags/tutorial.py for tasks to queue
[2024-07-07T22:31:37.515+0000] {logging_mixin.py:188} INFO - [2024-07-07T22:31:37.515+0000] {dagbag.py:545} INFO - Filling up the DagBag from /home/airflow/.local/lib/python3.12/site-packages/airflow/example_dags/tutorial.py
[2024-07-07T22:31:37.517+0000] {processor.py:840} INFO - DAG(s) 'tutorial' retrieved from /home/airflow/.local/lib/python3.12/site-packages/airflow/example_dags/tutorial.py
[2024-07-07T22:31:37.525+0000] {logging_mixin.py:188} INFO - [2024-07-07T22:31:37.525+0000] {dag.py:3096} INFO - Sync 1 DAGs
[2024-07-07T22:31:37.532+0000] {logging_mixin.py:188} INFO - [2024-07-07T22:31:37.532+0000] {dag.py:3954} INFO - Setting next_dagrun for tutorial to 2024-07-06 00:00:00+00:00, run_after=2024-07-07 00:00:00+00:00
[2024-07-07T22:31:37.538+0000] {processor.py:183} INFO - Processing /home/airflow/.local/lib/python3.12/site-packages/airflow/example_dags/tutorial.py took 0.027 seconds
[2024-07-07T22:32:09.170+0000] {processor.py:161} INFO - Started process (PID=1983) to work on /home/airflow/.local/lib/python3.12/site-packages/airflow/example_dags/tutorial.py
[2024-07-07T22:32:09.170+0000] {processor.py:830} INFO - Processing file /home/airflow/.local/lib/python3.12/site-packages/airflow/example_dags/tutorial.py for tasks to queue
[2024-07-07T22:32:09.171+0000] {logging_mixin.py:188} INFO - [2024-07-07T22:32:09.171+0000] {dagbag.py:545} INFO - Filling up the DagBag from /home/airflow/.local/lib/python3.12/site-packages/airflow/example_dags/tutorial.py
[2024-07-07T22:32:09.173+0000] {processor.py:840} INFO - DAG(s) 'tutorial' retrieved from /home/airflow/.local/lib/python3.12/site-packages/airflow/example_dags/tutorial.py
[2024-07-07T22:32:09.181+0000] {logging_mixin.py:188} INFO - [2024-07-07T22:32:09.181+0000] {dag.py:3096} INFO - Sync 1 DAGs
[2024-07-07T22:32:09.188+0000] {logging_mixin.py:188} INFO - [2024-07-07T22:32:09.188+0000] {dag.py:3954} INFO - Setting next_dagrun for tutorial to 2024-07-06 00:00:00+00:00, run_after=2024-07-07 00:00:00+00:00
[2024-07-07T22:32:09.194+0000] {processor.py:183} INFO - Processing /home/airflow/.local/lib/python3.12/site-packages/airflow/example_dags/tutorial.py took 0.026 seconds
[2024-07-07T22:32:39.613+0000] {processor.py:161} INFO - Started process (PID=2035) to work on /home/airflow/.local/lib/python3.12/site-packages/airflow/example_dags/tutorial.py
[2024-07-07T22:32:39.616+0000] {processor.py:830} INFO - Processing file /home/airflow/.local/lib/python3.12/site-packages/airflow/example_dags/tutorial.py for tasks to queue
[2024-07-07T22:32:39.617+0000] {logging_mixin.py:188} INFO - [2024-07-07T22:32:39.617+0000] {dagbag.py:545} INFO - Filling up the DagBag from /home/airflow/.local/lib/python3.12/site-packages/airflow/example_dags/tutorial.py
[2024-07-07T22:32:39.620+0000] {processor.py:840} INFO - DAG(s) 'tutorial' retrieved from /home/airflow/.local/lib/python3.12/site-packages/airflow/example_dags/tutorial.py
[2024-07-07T22:32:39.629+0000] {logging_mixin.py:188} INFO - [2024-07-07T22:32:39.629+0000] {dag.py:3096} INFO - Sync 1 DAGs
[2024-07-07T22:32:39.636+0000] {logging_mixin.py:188} INFO - [2024-07-07T22:32:39.636+0000] {dag.py:3954} INFO - Setting next_dagrun for tutorial to 2024-07-06 00:00:00+00:00, run_after=2024-07-07 00:00:00+00:00
[2024-07-07T22:32:39.642+0000] {processor.py:183} INFO - Processing /home/airflow/.local/lib/python3.12/site-packages/airflow/example_dags/tutorial.py took 0.031 seconds
[2024-07-07T22:33:10.134+0000] {processor.py:161} INFO - Started process (PID=2087) to work on /home/airflow/.local/lib/python3.12/site-packages/airflow/example_dags/tutorial.py
[2024-07-07T22:33:10.136+0000] {processor.py:830} INFO - Processing file /home/airflow/.local/lib/python3.12/site-packages/airflow/example_dags/tutorial.py for tasks to queue
[2024-07-07T22:33:10.138+0000] {logging_mixin.py:188} INFO - [2024-07-07T22:33:10.137+0000] {dagbag.py:545} INFO - Filling up the DagBag from /home/airflow/.local/lib/python3.12/site-packages/airflow/example_dags/tutorial.py
[2024-07-07T22:33:10.141+0000] {processor.py:840} INFO - DAG(s) 'tutorial' retrieved from /home/airflow/.local/lib/python3.12/site-packages/airflow/example_dags/tutorial.py
[2024-07-07T22:33:10.151+0000] {logging_mixin.py:188} INFO - [2024-07-07T22:33:10.151+0000] {dag.py:3096} INFO - Sync 1 DAGs
[2024-07-07T22:33:10.161+0000] {logging_mixin.py:188} INFO - [2024-07-07T22:33:10.161+0000] {dag.py:3954} INFO - Setting next_dagrun for tutorial to 2024-07-06 00:00:00+00:00, run_after=2024-07-07 00:00:00+00:00
[2024-07-07T22:33:10.170+0000] {processor.py:183} INFO - Processing /home/airflow/.local/lib/python3.12/site-packages/airflow/example_dags/tutorial.py took 0.040 seconds
[2024-07-07T22:33:40.604+0000] {processor.py:161} INFO - Started process (PID=2139) to work on /home/airflow/.local/lib/python3.12/site-packages/airflow/example_dags/tutorial.py
[2024-07-07T22:33:40.605+0000] {processor.py:830} INFO - Processing file /home/airflow/.local/lib/python3.12/site-packages/airflow/example_dags/tutorial.py for tasks to queue
[2024-07-07T22:33:40.606+0000] {logging_mixin.py:188} INFO - [2024-07-07T22:33:40.605+0000] {dagbag.py:545} INFO - Filling up the DagBag from /home/airflow/.local/lib/python3.12/site-packages/airflow/example_dags/tutorial.py
[2024-07-07T22:33:40.609+0000] {processor.py:840} INFO - DAG(s) 'tutorial' retrieved from /home/airflow/.local/lib/python3.12/site-packages/airflow/example_dags/tutorial.py
[2024-07-07T22:33:40.619+0000] {logging_mixin.py:188} INFO - [2024-07-07T22:33:40.619+0000] {dag.py:3096} INFO - Sync 1 DAGs
[2024-07-07T22:33:40.631+0000] {logging_mixin.py:188} INFO - [2024-07-07T22:33:40.631+0000] {dag.py:3954} INFO - Setting next_dagrun for tutorial to 2024-07-06 00:00:00+00:00, run_after=2024-07-07 00:00:00+00:00
[2024-07-07T22:33:40.640+0000] {processor.py:183} INFO - Processing /home/airflow/.local/lib/python3.12/site-packages/airflow/example_dags/tutorial.py took 0.040 seconds
