[2024-07-07T22:13:09.259+0000] {processor.py:161} INFO - Started process (PID=64) to work on /home/airflow/.local/lib/python3.12/site-packages/airflow/example_dags/tutorial_dag.py
[2024-07-07T22:13:09.260+0000] {processor.py:830} INFO - Processing file /home/airflow/.local/lib/python3.12/site-packages/airflow/example_dags/tutorial_dag.py for tasks to queue
[2024-07-07T22:13:09.261+0000] {logging_mixin.py:188} INFO - [2024-07-07T22:13:09.261+0000] {dagbag.py:545} INFO - Filling up the DagBag from /home/airflow/.local/lib/python3.12/site-packages/airflow/example_dags/tutorial_dag.py
[2024-07-07T22:13:09.265+0000] {processor.py:840} INFO - DAG(s) 'tutorial_dag' retrieved from /home/airflow/.local/lib/python3.12/site-packages/airflow/example_dags/tutorial_dag.py
[2024-07-07T22:13:09.313+0000] {logging_mixin.py:188} INFO - [2024-07-07T22:13:09.312+0000] {override.py:1829} INFO - Created Permission View: can edit on DAG:tutorial_dag
[2024-07-07T22:13:09.317+0000] {logging_mixin.py:188} INFO - [2024-07-07T22:13:09.317+0000] {override.py:1829} INFO - Created Permission View: can read on DAG:tutorial_dag
[2024-07-07T22:13:09.319+0000] {logging_mixin.py:188} INFO - [2024-07-07T22:13:09.319+0000] {override.py:1829} INFO - Created Permission View: can delete on DAG:tutorial_dag
[2024-07-07T22:13:09.320+0000] {logging_mixin.py:188} INFO - [2024-07-07T22:13:09.320+0000] {dag.py:3096} INFO - Sync 1 DAGs
[2024-07-07T22:13:09.326+0000] {logging_mixin.py:188} INFO - [2024-07-07T22:13:09.326+0000] {dag.py:3118} INFO - Creating ORM DAG for tutorial_dag
[2024-07-07T22:13:09.327+0000] {logging_mixin.py:188} INFO - [2024-07-07T22:13:09.327+0000] {dag.py:3954} INFO - Setting next_dagrun for tutorial_dag to None, run_after=None
[2024-07-07T22:13:09.335+0000] {processor.py:183} INFO - Processing /home/airflow/.local/lib/python3.12/site-packages/airflow/example_dags/tutorial_dag.py took 0.079 seconds
[2024-07-07T22:13:53.810+0000] {processor.py:161} INFO - Started process (PID=64) to work on /home/airflow/.local/lib/python3.12/site-packages/airflow/example_dags/tutorial_dag.py
[2024-07-07T22:13:53.811+0000] {processor.py:830} INFO - Processing file /home/airflow/.local/lib/python3.12/site-packages/airflow/example_dags/tutorial_dag.py for tasks to queue
[2024-07-07T22:13:53.812+0000] {logging_mixin.py:188} INFO - [2024-07-07T22:13:53.812+0000] {dagbag.py:545} INFO - Filling up the DagBag from /home/airflow/.local/lib/python3.12/site-packages/airflow/example_dags/tutorial_dag.py
[2024-07-07T22:13:53.817+0000] {processor.py:840} INFO - DAG(s) 'tutorial_dag' retrieved from /home/airflow/.local/lib/python3.12/site-packages/airflow/example_dags/tutorial_dag.py
[2024-07-07T22:13:53.826+0000] {logging_mixin.py:188} INFO - [2024-07-07T22:13:53.825+0000] {dag.py:3096} INFO - Sync 1 DAGs
[2024-07-07T22:13:53.833+0000] {logging_mixin.py:188} INFO - [2024-07-07T22:13:53.833+0000] {dag.py:3954} INFO - Setting next_dagrun for tutorial_dag to None, run_after=None
[2024-07-07T22:13:53.848+0000] {processor.py:183} INFO - Processing /home/airflow/.local/lib/python3.12/site-packages/airflow/example_dags/tutorial_dag.py took 0.040 seconds
[2024-07-07T22:14:23.870+0000] {processor.py:161} INFO - Started process (PID=116) to work on /home/airflow/.local/lib/python3.12/site-packages/airflow/example_dags/tutorial_dag.py
[2024-07-07T22:14:23.870+0000] {processor.py:830} INFO - Processing file /home/airflow/.local/lib/python3.12/site-packages/airflow/example_dags/tutorial_dag.py for tasks to queue
[2024-07-07T22:14:23.871+0000] {logging_mixin.py:188} INFO - [2024-07-07T22:14:23.871+0000] {dagbag.py:545} INFO - Filling up the DagBag from /home/airflow/.local/lib/python3.12/site-packages/airflow/example_dags/tutorial_dag.py
[2024-07-07T22:14:23.873+0000] {processor.py:840} INFO - DAG(s) 'tutorial_dag' retrieved from /home/airflow/.local/lib/python3.12/site-packages/airflow/example_dags/tutorial_dag.py
[2024-07-07T22:14:23.908+0000] {logging_mixin.py:188} INFO - [2024-07-07T22:14:23.908+0000] {dag.py:3096} INFO - Sync 1 DAGs
[2024-07-07T22:14:23.912+0000] {logging_mixin.py:188} INFO - [2024-07-07T22:14:23.912+0000] {dag.py:3954} INFO - Setting next_dagrun for tutorial_dag to None, run_after=None
[2024-07-07T22:14:23.919+0000] {processor.py:183} INFO - Processing /home/airflow/.local/lib/python3.12/site-packages/airflow/example_dags/tutorial_dag.py took 0.051 seconds
[2024-07-07T22:14:54.716+0000] {processor.py:161} INFO - Started process (PID=168) to work on /home/airflow/.local/lib/python3.12/site-packages/airflow/example_dags/tutorial_dag.py
[2024-07-07T22:14:54.716+0000] {processor.py:830} INFO - Processing file /home/airflow/.local/lib/python3.12/site-packages/airflow/example_dags/tutorial_dag.py for tasks to queue
[2024-07-07T22:14:54.717+0000] {logging_mixin.py:188} INFO - [2024-07-07T22:14:54.716+0000] {dagbag.py:545} INFO - Filling up the DagBag from /home/airflow/.local/lib/python3.12/site-packages/airflow/example_dags/tutorial_dag.py
[2024-07-07T22:14:54.719+0000] {processor.py:840} INFO - DAG(s) 'tutorial_dag' retrieved from /home/airflow/.local/lib/python3.12/site-packages/airflow/example_dags/tutorial_dag.py
[2024-07-07T22:14:54.726+0000] {logging_mixin.py:188} INFO - [2024-07-07T22:14:54.726+0000] {dag.py:3096} INFO - Sync 1 DAGs
[2024-07-07T22:14:54.730+0000] {logging_mixin.py:188} INFO - [2024-07-07T22:14:54.730+0000] {dag.py:3954} INFO - Setting next_dagrun for tutorial_dag to None, run_after=None
[2024-07-07T22:14:54.736+0000] {processor.py:183} INFO - Processing /home/airflow/.local/lib/python3.12/site-packages/airflow/example_dags/tutorial_dag.py took 0.023 seconds
[2024-07-07T22:15:24.957+0000] {processor.py:161} INFO - Started process (PID=220) to work on /home/airflow/.local/lib/python3.12/site-packages/airflow/example_dags/tutorial_dag.py
[2024-07-07T22:15:24.958+0000] {processor.py:830} INFO - Processing file /home/airflow/.local/lib/python3.12/site-packages/airflow/example_dags/tutorial_dag.py for tasks to queue
[2024-07-07T22:15:24.958+0000] {logging_mixin.py:188} INFO - [2024-07-07T22:15:24.958+0000] {dagbag.py:545} INFO - Filling up the DagBag from /home/airflow/.local/lib/python3.12/site-packages/airflow/example_dags/tutorial_dag.py
[2024-07-07T22:15:24.960+0000] {processor.py:840} INFO - DAG(s) 'tutorial_dag' retrieved from /home/airflow/.local/lib/python3.12/site-packages/airflow/example_dags/tutorial_dag.py
[2024-07-07T22:15:24.968+0000] {logging_mixin.py:188} INFO - [2024-07-07T22:15:24.967+0000] {dag.py:3096} INFO - Sync 1 DAGs
[2024-07-07T22:15:24.972+0000] {logging_mixin.py:188} INFO - [2024-07-07T22:15:24.972+0000] {dag.py:3954} INFO - Setting next_dagrun for tutorial_dag to None, run_after=None
[2024-07-07T22:15:24.978+0000] {processor.py:183} INFO - Processing /home/airflow/.local/lib/python3.12/site-packages/airflow/example_dags/tutorial_dag.py took 0.023 seconds
[2024-07-07T22:15:55.186+0000] {processor.py:161} INFO - Started process (PID=285) to work on /home/airflow/.local/lib/python3.12/site-packages/airflow/example_dags/tutorial_dag.py
[2024-07-07T22:15:55.186+0000] {processor.py:830} INFO - Processing file /home/airflow/.local/lib/python3.12/site-packages/airflow/example_dags/tutorial_dag.py for tasks to queue
[2024-07-07T22:15:55.187+0000] {logging_mixin.py:188} INFO - [2024-07-07T22:15:55.187+0000] {dagbag.py:545} INFO - Filling up the DagBag from /home/airflow/.local/lib/python3.12/site-packages/airflow/example_dags/tutorial_dag.py
[2024-07-07T22:15:55.189+0000] {processor.py:840} INFO - DAG(s) 'tutorial_dag' retrieved from /home/airflow/.local/lib/python3.12/site-packages/airflow/example_dags/tutorial_dag.py
[2024-07-07T22:15:55.197+0000] {logging_mixin.py:188} INFO - [2024-07-07T22:15:55.197+0000] {dag.py:3096} INFO - Sync 1 DAGs
[2024-07-07T22:15:55.202+0000] {logging_mixin.py:188} INFO - [2024-07-07T22:15:55.202+0000] {dag.py:3954} INFO - Setting next_dagrun for tutorial_dag to None, run_after=None
[2024-07-07T22:15:55.209+0000] {processor.py:183} INFO - Processing /home/airflow/.local/lib/python3.12/site-packages/airflow/example_dags/tutorial_dag.py took 0.025 seconds
[2024-07-07T22:16:25.411+0000] {processor.py:161} INFO - Started process (PID=344) to work on /home/airflow/.local/lib/python3.12/site-packages/airflow/example_dags/tutorial_dag.py
[2024-07-07T22:16:25.412+0000] {processor.py:830} INFO - Processing file /home/airflow/.local/lib/python3.12/site-packages/airflow/example_dags/tutorial_dag.py for tasks to queue
[2024-07-07T22:16:25.412+0000] {logging_mixin.py:188} INFO - [2024-07-07T22:16:25.412+0000] {dagbag.py:545} INFO - Filling up the DagBag from /home/airflow/.local/lib/python3.12/site-packages/airflow/example_dags/tutorial_dag.py
[2024-07-07T22:16:25.414+0000] {processor.py:840} INFO - DAG(s) 'tutorial_dag' retrieved from /home/airflow/.local/lib/python3.12/site-packages/airflow/example_dags/tutorial_dag.py
[2024-07-07T22:16:25.422+0000] {logging_mixin.py:188} INFO - [2024-07-07T22:16:25.422+0000] {dag.py:3096} INFO - Sync 1 DAGs
[2024-07-07T22:16:25.426+0000] {logging_mixin.py:188} INFO - [2024-07-07T22:16:25.426+0000] {dag.py:3954} INFO - Setting next_dagrun for tutorial_dag to None, run_after=None
[2024-07-07T22:16:25.432+0000] {processor.py:183} INFO - Processing /home/airflow/.local/lib/python3.12/site-packages/airflow/example_dags/tutorial_dag.py took 0.023 seconds
[2024-07-07T22:16:55.628+0000] {processor.py:161} INFO - Started process (PID=410) to work on /home/airflow/.local/lib/python3.12/site-packages/airflow/example_dags/tutorial_dag.py
[2024-07-07T22:16:55.628+0000] {processor.py:830} INFO - Processing file /home/airflow/.local/lib/python3.12/site-packages/airflow/example_dags/tutorial_dag.py for tasks to queue
[2024-07-07T22:16:55.629+0000] {logging_mixin.py:188} INFO - [2024-07-07T22:16:55.629+0000] {dagbag.py:545} INFO - Filling up the DagBag from /home/airflow/.local/lib/python3.12/site-packages/airflow/example_dags/tutorial_dag.py
[2024-07-07T22:16:55.631+0000] {processor.py:840} INFO - DAG(s) 'tutorial_dag' retrieved from /home/airflow/.local/lib/python3.12/site-packages/airflow/example_dags/tutorial_dag.py
[2024-07-07T22:16:55.637+0000] {logging_mixin.py:188} INFO - [2024-07-07T22:16:55.637+0000] {dag.py:3096} INFO - Sync 1 DAGs
[2024-07-07T22:16:55.642+0000] {logging_mixin.py:188} INFO - [2024-07-07T22:16:55.641+0000] {dag.py:3954} INFO - Setting next_dagrun for tutorial_dag to None, run_after=None
[2024-07-07T22:16:55.647+0000] {processor.py:183} INFO - Processing /home/airflow/.local/lib/python3.12/site-packages/airflow/example_dags/tutorial_dag.py took 0.022 seconds
[2024-07-07T22:17:25.894+0000] {processor.py:161} INFO - Started process (PID=463) to work on /home/airflow/.local/lib/python3.12/site-packages/airflow/example_dags/tutorial_dag.py
[2024-07-07T22:17:25.894+0000] {processor.py:830} INFO - Processing file /home/airflow/.local/lib/python3.12/site-packages/airflow/example_dags/tutorial_dag.py for tasks to queue
[2024-07-07T22:17:25.895+0000] {logging_mixin.py:188} INFO - [2024-07-07T22:17:25.895+0000] {dagbag.py:545} INFO - Filling up the DagBag from /home/airflow/.local/lib/python3.12/site-packages/airflow/example_dags/tutorial_dag.py
[2024-07-07T22:17:25.897+0000] {processor.py:840} INFO - DAG(s) 'tutorial_dag' retrieved from /home/airflow/.local/lib/python3.12/site-packages/airflow/example_dags/tutorial_dag.py
[2024-07-07T22:17:25.918+0000] {logging_mixin.py:188} INFO - [2024-07-07T22:17:25.918+0000] {dag.py:3096} INFO - Sync 1 DAGs
[2024-07-07T22:17:25.923+0000] {logging_mixin.py:188} INFO - [2024-07-07T22:17:25.923+0000] {dag.py:3954} INFO - Setting next_dagrun for tutorial_dag to None, run_after=None
[2024-07-07T22:17:25.930+0000] {processor.py:183} INFO - Processing /home/airflow/.local/lib/python3.12/site-packages/airflow/example_dags/tutorial_dag.py took 0.038 seconds
[2024-07-07T22:17:56.249+0000] {processor.py:161} INFO - Started process (PID=517) to work on /home/airflow/.local/lib/python3.12/site-packages/airflow/example_dags/tutorial_dag.py
[2024-07-07T22:17:56.249+0000] {processor.py:830} INFO - Processing file /home/airflow/.local/lib/python3.12/site-packages/airflow/example_dags/tutorial_dag.py for tasks to queue
[2024-07-07T22:17:56.250+0000] {logging_mixin.py:188} INFO - [2024-07-07T22:17:56.250+0000] {dagbag.py:545} INFO - Filling up the DagBag from /home/airflow/.local/lib/python3.12/site-packages/airflow/example_dags/tutorial_dag.py
[2024-07-07T22:17:56.252+0000] {processor.py:840} INFO - DAG(s) 'tutorial_dag' retrieved from /home/airflow/.local/lib/python3.12/site-packages/airflow/example_dags/tutorial_dag.py
[2024-07-07T22:17:56.260+0000] {logging_mixin.py:188} INFO - [2024-07-07T22:17:56.260+0000] {dag.py:3096} INFO - Sync 1 DAGs
[2024-07-07T22:17:56.265+0000] {logging_mixin.py:188} INFO - [2024-07-07T22:17:56.264+0000] {dag.py:3954} INFO - Setting next_dagrun for tutorial_dag to None, run_after=None
[2024-07-07T22:17:56.271+0000] {processor.py:183} INFO - Processing /home/airflow/.local/lib/python3.12/site-packages/airflow/example_dags/tutorial_dag.py took 0.025 seconds
[2024-07-07T22:18:26.738+0000] {processor.py:161} INFO - Started process (PID=569) to work on /home/airflow/.local/lib/python3.12/site-packages/airflow/example_dags/tutorial_dag.py
[2024-07-07T22:18:26.740+0000] {processor.py:830} INFO - Processing file /home/airflow/.local/lib/python3.12/site-packages/airflow/example_dags/tutorial_dag.py for tasks to queue
[2024-07-07T22:18:26.741+0000] {logging_mixin.py:188} INFO - [2024-07-07T22:18:26.741+0000] {dagbag.py:545} INFO - Filling up the DagBag from /home/airflow/.local/lib/python3.12/site-packages/airflow/example_dags/tutorial_dag.py
[2024-07-07T22:18:26.743+0000] {processor.py:840} INFO - DAG(s) 'tutorial_dag' retrieved from /home/airflow/.local/lib/python3.12/site-packages/airflow/example_dags/tutorial_dag.py
[2024-07-07T22:18:26.751+0000] {logging_mixin.py:188} INFO - [2024-07-07T22:18:26.751+0000] {dag.py:3096} INFO - Sync 1 DAGs
[2024-07-07T22:18:26.756+0000] {logging_mixin.py:188} INFO - [2024-07-07T22:18:26.755+0000] {dag.py:3954} INFO - Setting next_dagrun for tutorial_dag to None, run_after=None
[2024-07-07T22:18:26.763+0000] {processor.py:183} INFO - Processing /home/airflow/.local/lib/python3.12/site-packages/airflow/example_dags/tutorial_dag.py took 0.027 seconds
[2024-07-07T22:18:57.056+0000] {processor.py:161} INFO - Started process (PID=621) to work on /home/airflow/.local/lib/python3.12/site-packages/airflow/example_dags/tutorial_dag.py
[2024-07-07T22:18:57.056+0000] {processor.py:830} INFO - Processing file /home/airflow/.local/lib/python3.12/site-packages/airflow/example_dags/tutorial_dag.py for tasks to queue
[2024-07-07T22:18:57.057+0000] {logging_mixin.py:188} INFO - [2024-07-07T22:18:57.057+0000] {dagbag.py:545} INFO - Filling up the DagBag from /home/airflow/.local/lib/python3.12/site-packages/airflow/example_dags/tutorial_dag.py
[2024-07-07T22:18:57.059+0000] {processor.py:840} INFO - DAG(s) 'tutorial_dag' retrieved from /home/airflow/.local/lib/python3.12/site-packages/airflow/example_dags/tutorial_dag.py
[2024-07-07T22:18:57.066+0000] {logging_mixin.py:188} INFO - [2024-07-07T22:18:57.066+0000] {dag.py:3096} INFO - Sync 1 DAGs
[2024-07-07T22:18:57.071+0000] {logging_mixin.py:188} INFO - [2024-07-07T22:18:57.071+0000] {dag.py:3954} INFO - Setting next_dagrun for tutorial_dag to None, run_after=None
[2024-07-07T22:18:57.077+0000] {processor.py:183} INFO - Processing /home/airflow/.local/lib/python3.12/site-packages/airflow/example_dags/tutorial_dag.py took 0.023 seconds
[2024-07-07T22:19:27.340+0000] {processor.py:161} INFO - Started process (PID=673) to work on /home/airflow/.local/lib/python3.12/site-packages/airflow/example_dags/tutorial_dag.py
[2024-07-07T22:19:27.342+0000] {processor.py:830} INFO - Processing file /home/airflow/.local/lib/python3.12/site-packages/airflow/example_dags/tutorial_dag.py for tasks to queue
[2024-07-07T22:19:27.344+0000] {logging_mixin.py:188} INFO - [2024-07-07T22:19:27.344+0000] {dagbag.py:545} INFO - Filling up the DagBag from /home/airflow/.local/lib/python3.12/site-packages/airflow/example_dags/tutorial_dag.py
[2024-07-07T22:19:27.347+0000] {processor.py:840} INFO - DAG(s) 'tutorial_dag' retrieved from /home/airflow/.local/lib/python3.12/site-packages/airflow/example_dags/tutorial_dag.py
[2024-07-07T22:19:27.354+0000] {logging_mixin.py:188} INFO - [2024-07-07T22:19:27.354+0000] {dag.py:3096} INFO - Sync 1 DAGs
[2024-07-07T22:19:27.359+0000] {logging_mixin.py:188} INFO - [2024-07-07T22:19:27.359+0000] {dag.py:3954} INFO - Setting next_dagrun for tutorial_dag to None, run_after=None
[2024-07-07T22:19:27.364+0000] {processor.py:183} INFO - Processing /home/airflow/.local/lib/python3.12/site-packages/airflow/example_dags/tutorial_dag.py took 0.026 seconds
[2024-07-07T22:19:57.624+0000] {processor.py:161} INFO - Started process (PID=725) to work on /home/airflow/.local/lib/python3.12/site-packages/airflow/example_dags/tutorial_dag.py
[2024-07-07T22:19:57.625+0000] {processor.py:830} INFO - Processing file /home/airflow/.local/lib/python3.12/site-packages/airflow/example_dags/tutorial_dag.py for tasks to queue
[2024-07-07T22:19:57.626+0000] {logging_mixin.py:188} INFO - [2024-07-07T22:19:57.626+0000] {dagbag.py:545} INFO - Filling up the DagBag from /home/airflow/.local/lib/python3.12/site-packages/airflow/example_dags/tutorial_dag.py
[2024-07-07T22:19:57.628+0000] {processor.py:840} INFO - DAG(s) 'tutorial_dag' retrieved from /home/airflow/.local/lib/python3.12/site-packages/airflow/example_dags/tutorial_dag.py
[2024-07-07T22:19:57.635+0000] {logging_mixin.py:188} INFO - [2024-07-07T22:19:57.635+0000] {dag.py:3096} INFO - Sync 1 DAGs
[2024-07-07T22:19:57.640+0000] {logging_mixin.py:188} INFO - [2024-07-07T22:19:57.639+0000] {dag.py:3954} INFO - Setting next_dagrun for tutorial_dag to None, run_after=None
[2024-07-07T22:19:57.646+0000] {processor.py:183} INFO - Processing /home/airflow/.local/lib/python3.12/site-packages/airflow/example_dags/tutorial_dag.py took 0.024 seconds
[2024-07-07T22:20:27.925+0000] {processor.py:161} INFO - Started process (PID=777) to work on /home/airflow/.local/lib/python3.12/site-packages/airflow/example_dags/tutorial_dag.py
[2024-07-07T22:20:27.925+0000] {processor.py:830} INFO - Processing file /home/airflow/.local/lib/python3.12/site-packages/airflow/example_dags/tutorial_dag.py for tasks to queue
[2024-07-07T22:20:27.926+0000] {logging_mixin.py:188} INFO - [2024-07-07T22:20:27.926+0000] {dagbag.py:545} INFO - Filling up the DagBag from /home/airflow/.local/lib/python3.12/site-packages/airflow/example_dags/tutorial_dag.py
[2024-07-07T22:20:27.928+0000] {processor.py:840} INFO - DAG(s) 'tutorial_dag' retrieved from /home/airflow/.local/lib/python3.12/site-packages/airflow/example_dags/tutorial_dag.py
[2024-07-07T22:20:27.936+0000] {logging_mixin.py:188} INFO - [2024-07-07T22:20:27.935+0000] {dag.py:3096} INFO - Sync 1 DAGs
[2024-07-07T22:20:27.940+0000] {logging_mixin.py:188} INFO - [2024-07-07T22:20:27.940+0000] {dag.py:3954} INFO - Setting next_dagrun for tutorial_dag to None, run_after=None
[2024-07-07T22:20:27.947+0000] {processor.py:183} INFO - Processing /home/airflow/.local/lib/python3.12/site-packages/airflow/example_dags/tutorial_dag.py took 0.024 seconds
[2024-07-07T22:20:58.224+0000] {processor.py:161} INFO - Started process (PID=829) to work on /home/airflow/.local/lib/python3.12/site-packages/airflow/example_dags/tutorial_dag.py
[2024-07-07T22:20:58.224+0000] {processor.py:830} INFO - Processing file /home/airflow/.local/lib/python3.12/site-packages/airflow/example_dags/tutorial_dag.py for tasks to queue
[2024-07-07T22:20:58.225+0000] {logging_mixin.py:188} INFO - [2024-07-07T22:20:58.225+0000] {dagbag.py:545} INFO - Filling up the DagBag from /home/airflow/.local/lib/python3.12/site-packages/airflow/example_dags/tutorial_dag.py
[2024-07-07T22:20:58.227+0000] {processor.py:840} INFO - DAG(s) 'tutorial_dag' retrieved from /home/airflow/.local/lib/python3.12/site-packages/airflow/example_dags/tutorial_dag.py
[2024-07-07T22:20:58.235+0000] {logging_mixin.py:188} INFO - [2024-07-07T22:20:58.235+0000] {dag.py:3096} INFO - Sync 1 DAGs
[2024-07-07T22:20:58.239+0000] {logging_mixin.py:188} INFO - [2024-07-07T22:20:58.239+0000] {dag.py:3954} INFO - Setting next_dagrun for tutorial_dag to None, run_after=None
[2024-07-07T22:20:58.245+0000] {processor.py:183} INFO - Processing /home/airflow/.local/lib/python3.12/site-packages/airflow/example_dags/tutorial_dag.py took 0.023 seconds
[2024-07-07T22:21:28.561+0000] {processor.py:161} INFO - Started process (PID=881) to work on /home/airflow/.local/lib/python3.12/site-packages/airflow/example_dags/tutorial_dag.py
[2024-07-07T22:21:28.561+0000] {processor.py:830} INFO - Processing file /home/airflow/.local/lib/python3.12/site-packages/airflow/example_dags/tutorial_dag.py for tasks to queue
[2024-07-07T22:21:28.562+0000] {logging_mixin.py:188} INFO - [2024-07-07T22:21:28.562+0000] {dagbag.py:545} INFO - Filling up the DagBag from /home/airflow/.local/lib/python3.12/site-packages/airflow/example_dags/tutorial_dag.py
[2024-07-07T22:21:28.564+0000] {processor.py:840} INFO - DAG(s) 'tutorial_dag' retrieved from /home/airflow/.local/lib/python3.12/site-packages/airflow/example_dags/tutorial_dag.py
[2024-07-07T22:21:28.571+0000] {logging_mixin.py:188} INFO - [2024-07-07T22:21:28.571+0000] {dag.py:3096} INFO - Sync 1 DAGs
[2024-07-07T22:21:28.575+0000] {logging_mixin.py:188} INFO - [2024-07-07T22:21:28.575+0000] {dag.py:3954} INFO - Setting next_dagrun for tutorial_dag to None, run_after=None
[2024-07-07T22:21:28.581+0000] {processor.py:183} INFO - Processing /home/airflow/.local/lib/python3.12/site-packages/airflow/example_dags/tutorial_dag.py took 0.022 seconds
[2024-07-07T22:21:58.878+0000] {processor.py:161} INFO - Started process (PID=933) to work on /home/airflow/.local/lib/python3.12/site-packages/airflow/example_dags/tutorial_dag.py
[2024-07-07T22:21:58.879+0000] {processor.py:830} INFO - Processing file /home/airflow/.local/lib/python3.12/site-packages/airflow/example_dags/tutorial_dag.py for tasks to queue
[2024-07-07T22:21:58.879+0000] {logging_mixin.py:188} INFO - [2024-07-07T22:21:58.879+0000] {dagbag.py:545} INFO - Filling up the DagBag from /home/airflow/.local/lib/python3.12/site-packages/airflow/example_dags/tutorial_dag.py
[2024-07-07T22:21:58.881+0000] {processor.py:840} INFO - DAG(s) 'tutorial_dag' retrieved from /home/airflow/.local/lib/python3.12/site-packages/airflow/example_dags/tutorial_dag.py
[2024-07-07T22:21:58.889+0000] {logging_mixin.py:188} INFO - [2024-07-07T22:21:58.889+0000] {dag.py:3096} INFO - Sync 1 DAGs
[2024-07-07T22:21:58.893+0000] {logging_mixin.py:188} INFO - [2024-07-07T22:21:58.893+0000] {dag.py:3954} INFO - Setting next_dagrun for tutorial_dag to None, run_after=None
[2024-07-07T22:21:58.899+0000] {processor.py:183} INFO - Processing /home/airflow/.local/lib/python3.12/site-packages/airflow/example_dags/tutorial_dag.py took 0.023 seconds
[2024-07-07T22:22:29.272+0000] {processor.py:161} INFO - Started process (PID=985) to work on /home/airflow/.local/lib/python3.12/site-packages/airflow/example_dags/tutorial_dag.py
[2024-07-07T22:22:29.272+0000] {processor.py:830} INFO - Processing file /home/airflow/.local/lib/python3.12/site-packages/airflow/example_dags/tutorial_dag.py for tasks to queue
[2024-07-07T22:22:29.273+0000] {logging_mixin.py:188} INFO - [2024-07-07T22:22:29.273+0000] {dagbag.py:545} INFO - Filling up the DagBag from /home/airflow/.local/lib/python3.12/site-packages/airflow/example_dags/tutorial_dag.py
[2024-07-07T22:22:29.275+0000] {processor.py:840} INFO - DAG(s) 'tutorial_dag' retrieved from /home/airflow/.local/lib/python3.12/site-packages/airflow/example_dags/tutorial_dag.py
[2024-07-07T22:22:29.283+0000] {logging_mixin.py:188} INFO - [2024-07-07T22:22:29.283+0000] {dag.py:3096} INFO - Sync 1 DAGs
[2024-07-07T22:22:29.287+0000] {logging_mixin.py:188} INFO - [2024-07-07T22:22:29.287+0000] {dag.py:3954} INFO - Setting next_dagrun for tutorial_dag to None, run_after=None
[2024-07-07T22:22:29.293+0000] {processor.py:183} INFO - Processing /home/airflow/.local/lib/python3.12/site-packages/airflow/example_dags/tutorial_dag.py took 0.024 seconds
[2024-07-07T22:22:59.620+0000] {processor.py:161} INFO - Started process (PID=1037) to work on /home/airflow/.local/lib/python3.12/site-packages/airflow/example_dags/tutorial_dag.py
[2024-07-07T22:22:59.620+0000] {processor.py:830} INFO - Processing file /home/airflow/.local/lib/python3.12/site-packages/airflow/example_dags/tutorial_dag.py for tasks to queue
[2024-07-07T22:22:59.621+0000] {logging_mixin.py:188} INFO - [2024-07-07T22:22:59.621+0000] {dagbag.py:545} INFO - Filling up the DagBag from /home/airflow/.local/lib/python3.12/site-packages/airflow/example_dags/tutorial_dag.py
[2024-07-07T22:22:59.623+0000] {processor.py:840} INFO - DAG(s) 'tutorial_dag' retrieved from /home/airflow/.local/lib/python3.12/site-packages/airflow/example_dags/tutorial_dag.py
[2024-07-07T22:22:59.629+0000] {logging_mixin.py:188} INFO - [2024-07-07T22:22:59.629+0000] {dag.py:3096} INFO - Sync 1 DAGs
[2024-07-07T22:22:59.634+0000] {logging_mixin.py:188} INFO - [2024-07-07T22:22:59.634+0000] {dag.py:3954} INFO - Setting next_dagrun for tutorial_dag to None, run_after=None
[2024-07-07T22:22:59.640+0000] {processor.py:183} INFO - Processing /home/airflow/.local/lib/python3.12/site-packages/airflow/example_dags/tutorial_dag.py took 0.022 seconds
[2024-07-07T22:23:29.913+0000] {processor.py:161} INFO - Started process (PID=1089) to work on /home/airflow/.local/lib/python3.12/site-packages/airflow/example_dags/tutorial_dag.py
[2024-07-07T22:23:29.914+0000] {processor.py:830} INFO - Processing file /home/airflow/.local/lib/python3.12/site-packages/airflow/example_dags/tutorial_dag.py for tasks to queue
[2024-07-07T22:23:29.914+0000] {logging_mixin.py:188} INFO - [2024-07-07T22:23:29.914+0000] {dagbag.py:545} INFO - Filling up the DagBag from /home/airflow/.local/lib/python3.12/site-packages/airflow/example_dags/tutorial_dag.py
[2024-07-07T22:23:29.916+0000] {processor.py:840} INFO - DAG(s) 'tutorial_dag' retrieved from /home/airflow/.local/lib/python3.12/site-packages/airflow/example_dags/tutorial_dag.py
[2024-07-07T22:23:29.924+0000] {logging_mixin.py:188} INFO - [2024-07-07T22:23:29.924+0000] {dag.py:3096} INFO - Sync 1 DAGs
[2024-07-07T22:23:29.929+0000] {logging_mixin.py:188} INFO - [2024-07-07T22:23:29.929+0000] {dag.py:3954} INFO - Setting next_dagrun for tutorial_dag to None, run_after=None
[2024-07-07T22:23:29.935+0000] {processor.py:183} INFO - Processing /home/airflow/.local/lib/python3.12/site-packages/airflow/example_dags/tutorial_dag.py took 0.024 seconds
[2024-07-07T22:24:00.298+0000] {processor.py:161} INFO - Started process (PID=1141) to work on /home/airflow/.local/lib/python3.12/site-packages/airflow/example_dags/tutorial_dag.py
[2024-07-07T22:24:00.298+0000] {processor.py:830} INFO - Processing file /home/airflow/.local/lib/python3.12/site-packages/airflow/example_dags/tutorial_dag.py for tasks to queue
[2024-07-07T22:24:00.299+0000] {logging_mixin.py:188} INFO - [2024-07-07T22:24:00.299+0000] {dagbag.py:545} INFO - Filling up the DagBag from /home/airflow/.local/lib/python3.12/site-packages/airflow/example_dags/tutorial_dag.py
[2024-07-07T22:24:00.301+0000] {processor.py:840} INFO - DAG(s) 'tutorial_dag' retrieved from /home/airflow/.local/lib/python3.12/site-packages/airflow/example_dags/tutorial_dag.py
[2024-07-07T22:24:00.308+0000] {logging_mixin.py:188} INFO - [2024-07-07T22:24:00.308+0000] {dag.py:3096} INFO - Sync 1 DAGs
[2024-07-07T22:24:00.312+0000] {logging_mixin.py:188} INFO - [2024-07-07T22:24:00.312+0000] {dag.py:3954} INFO - Setting next_dagrun for tutorial_dag to None, run_after=None
[2024-07-07T22:24:00.318+0000] {processor.py:183} INFO - Processing /home/airflow/.local/lib/python3.12/site-packages/airflow/example_dags/tutorial_dag.py took 0.022 seconds
[2024-07-07T22:24:30.617+0000] {processor.py:161} INFO - Started process (PID=1193) to work on /home/airflow/.local/lib/python3.12/site-packages/airflow/example_dags/tutorial_dag.py
[2024-07-07T22:24:30.618+0000] {processor.py:830} INFO - Processing file /home/airflow/.local/lib/python3.12/site-packages/airflow/example_dags/tutorial_dag.py for tasks to queue
[2024-07-07T22:24:30.618+0000] {logging_mixin.py:188} INFO - [2024-07-07T22:24:30.618+0000] {dagbag.py:545} INFO - Filling up the DagBag from /home/airflow/.local/lib/python3.12/site-packages/airflow/example_dags/tutorial_dag.py
[2024-07-07T22:24:30.620+0000] {processor.py:840} INFO - DAG(s) 'tutorial_dag' retrieved from /home/airflow/.local/lib/python3.12/site-packages/airflow/example_dags/tutorial_dag.py
[2024-07-07T22:24:30.628+0000] {logging_mixin.py:188} INFO - [2024-07-07T22:24:30.628+0000] {dag.py:3096} INFO - Sync 1 DAGs
[2024-07-07T22:24:30.632+0000] {logging_mixin.py:188} INFO - [2024-07-07T22:24:30.632+0000] {dag.py:3954} INFO - Setting next_dagrun for tutorial_dag to None, run_after=None
[2024-07-07T22:24:30.638+0000] {processor.py:183} INFO - Processing /home/airflow/.local/lib/python3.12/site-packages/airflow/example_dags/tutorial_dag.py took 0.023 seconds
[2024-07-07T22:25:01.151+0000] {processor.py:161} INFO - Started process (PID=1245) to work on /home/airflow/.local/lib/python3.12/site-packages/airflow/example_dags/tutorial_dag.py
[2024-07-07T22:25:01.151+0000] {processor.py:830} INFO - Processing file /home/airflow/.local/lib/python3.12/site-packages/airflow/example_dags/tutorial_dag.py for tasks to queue
[2024-07-07T22:25:01.152+0000] {logging_mixin.py:188} INFO - [2024-07-07T22:25:01.152+0000] {dagbag.py:545} INFO - Filling up the DagBag from /home/airflow/.local/lib/python3.12/site-packages/airflow/example_dags/tutorial_dag.py
[2024-07-07T22:25:01.154+0000] {processor.py:840} INFO - DAG(s) 'tutorial_dag' retrieved from /home/airflow/.local/lib/python3.12/site-packages/airflow/example_dags/tutorial_dag.py
[2024-07-07T22:25:01.163+0000] {logging_mixin.py:188} INFO - [2024-07-07T22:25:01.162+0000] {dag.py:3096} INFO - Sync 1 DAGs
[2024-07-07T22:25:01.168+0000] {logging_mixin.py:188} INFO - [2024-07-07T22:25:01.168+0000] {dag.py:3954} INFO - Setting next_dagrun for tutorial_dag to None, run_after=None
[2024-07-07T22:25:01.176+0000] {processor.py:183} INFO - Processing /home/airflow/.local/lib/python3.12/site-packages/airflow/example_dags/tutorial_dag.py took 0.027 seconds
[2024-07-07T22:25:31.651+0000] {processor.py:161} INFO - Started process (PID=1297) to work on /home/airflow/.local/lib/python3.12/site-packages/airflow/example_dags/tutorial_dag.py
[2024-07-07T22:25:31.652+0000] {processor.py:830} INFO - Processing file /home/airflow/.local/lib/python3.12/site-packages/airflow/example_dags/tutorial_dag.py for tasks to queue
[2024-07-07T22:25:31.652+0000] {logging_mixin.py:188} INFO - [2024-07-07T22:25:31.652+0000] {dagbag.py:545} INFO - Filling up the DagBag from /home/airflow/.local/lib/python3.12/site-packages/airflow/example_dags/tutorial_dag.py
[2024-07-07T22:25:31.654+0000] {processor.py:840} INFO - DAG(s) 'tutorial_dag' retrieved from /home/airflow/.local/lib/python3.12/site-packages/airflow/example_dags/tutorial_dag.py
[2024-07-07T22:25:31.661+0000] {logging_mixin.py:188} INFO - [2024-07-07T22:25:31.661+0000] {dag.py:3096} INFO - Sync 1 DAGs
[2024-07-07T22:25:31.666+0000] {logging_mixin.py:188} INFO - [2024-07-07T22:25:31.666+0000] {dag.py:3954} INFO - Setting next_dagrun for tutorial_dag to None, run_after=None
[2024-07-07T22:25:31.671+0000] {processor.py:183} INFO - Processing /home/airflow/.local/lib/python3.12/site-packages/airflow/example_dags/tutorial_dag.py took 0.022 seconds
[2024-07-07T22:26:02.133+0000] {processor.py:161} INFO - Started process (PID=1349) to work on /home/airflow/.local/lib/python3.12/site-packages/airflow/example_dags/tutorial_dag.py
[2024-07-07T22:26:02.133+0000] {processor.py:830} INFO - Processing file /home/airflow/.local/lib/python3.12/site-packages/airflow/example_dags/tutorial_dag.py for tasks to queue
[2024-07-07T22:26:02.135+0000] {logging_mixin.py:188} INFO - [2024-07-07T22:26:02.134+0000] {dagbag.py:545} INFO - Filling up the DagBag from /home/airflow/.local/lib/python3.12/site-packages/airflow/example_dags/tutorial_dag.py
[2024-07-07T22:26:02.137+0000] {processor.py:840} INFO - DAG(s) 'tutorial_dag' retrieved from /home/airflow/.local/lib/python3.12/site-packages/airflow/example_dags/tutorial_dag.py
[2024-07-07T22:26:02.147+0000] {logging_mixin.py:188} INFO - [2024-07-07T22:26:02.147+0000] {dag.py:3096} INFO - Sync 1 DAGs
[2024-07-07T22:26:02.153+0000] {logging_mixin.py:188} INFO - [2024-07-07T22:26:02.153+0000] {dag.py:3954} INFO - Setting next_dagrun for tutorial_dag to None, run_after=None
[2024-07-07T22:26:02.162+0000] {processor.py:183} INFO - Processing /home/airflow/.local/lib/python3.12/site-packages/airflow/example_dags/tutorial_dag.py took 0.032 seconds
[2024-07-07T22:26:32.483+0000] {processor.py:161} INFO - Started process (PID=1401) to work on /home/airflow/.local/lib/python3.12/site-packages/airflow/example_dags/tutorial_dag.py
[2024-07-07T22:26:32.483+0000] {processor.py:830} INFO - Processing file /home/airflow/.local/lib/python3.12/site-packages/airflow/example_dags/tutorial_dag.py for tasks to queue
[2024-07-07T22:26:32.484+0000] {logging_mixin.py:188} INFO - [2024-07-07T22:26:32.484+0000] {dagbag.py:545} INFO - Filling up the DagBag from /home/airflow/.local/lib/python3.12/site-packages/airflow/example_dags/tutorial_dag.py
[2024-07-07T22:26:32.486+0000] {processor.py:840} INFO - DAG(s) 'tutorial_dag' retrieved from /home/airflow/.local/lib/python3.12/site-packages/airflow/example_dags/tutorial_dag.py
[2024-07-07T22:26:32.493+0000] {logging_mixin.py:188} INFO - [2024-07-07T22:26:32.493+0000] {dag.py:3096} INFO - Sync 1 DAGs
[2024-07-07T22:26:32.497+0000] {logging_mixin.py:188} INFO - [2024-07-07T22:26:32.497+0000] {dag.py:3954} INFO - Setting next_dagrun for tutorial_dag to None, run_after=None
[2024-07-07T22:26:32.503+0000] {processor.py:183} INFO - Processing /home/airflow/.local/lib/python3.12/site-packages/airflow/example_dags/tutorial_dag.py took 0.023 seconds
[2024-07-07T22:27:02.785+0000] {processor.py:161} INFO - Started process (PID=1453) to work on /home/airflow/.local/lib/python3.12/site-packages/airflow/example_dags/tutorial_dag.py
[2024-07-07T22:27:02.786+0000] {processor.py:830} INFO - Processing file /home/airflow/.local/lib/python3.12/site-packages/airflow/example_dags/tutorial_dag.py for tasks to queue
[2024-07-07T22:27:02.786+0000] {logging_mixin.py:188} INFO - [2024-07-07T22:27:02.786+0000] {dagbag.py:545} INFO - Filling up the DagBag from /home/airflow/.local/lib/python3.12/site-packages/airflow/example_dags/tutorial_dag.py
[2024-07-07T22:27:02.788+0000] {processor.py:840} INFO - DAG(s) 'tutorial_dag' retrieved from /home/airflow/.local/lib/python3.12/site-packages/airflow/example_dags/tutorial_dag.py
[2024-07-07T22:27:02.796+0000] {logging_mixin.py:188} INFO - [2024-07-07T22:27:02.796+0000] {dag.py:3096} INFO - Sync 1 DAGs
[2024-07-07T22:27:02.801+0000] {logging_mixin.py:188} INFO - [2024-07-07T22:27:02.801+0000] {dag.py:3954} INFO - Setting next_dagrun for tutorial_dag to None, run_after=None
[2024-07-07T22:27:02.807+0000] {processor.py:183} INFO - Processing /home/airflow/.local/lib/python3.12/site-packages/airflow/example_dags/tutorial_dag.py took 0.024 seconds
[2024-07-07T22:27:33.038+0000] {processor.py:161} INFO - Started process (PID=1505) to work on /home/airflow/.local/lib/python3.12/site-packages/airflow/example_dags/tutorial_dag.py
[2024-07-07T22:27:33.039+0000] {processor.py:830} INFO - Processing file /home/airflow/.local/lib/python3.12/site-packages/airflow/example_dags/tutorial_dag.py for tasks to queue
[2024-07-07T22:27:33.041+0000] {logging_mixin.py:188} INFO - [2024-07-07T22:27:33.041+0000] {dagbag.py:545} INFO - Filling up the DagBag from /home/airflow/.local/lib/python3.12/site-packages/airflow/example_dags/tutorial_dag.py
[2024-07-07T22:27:33.044+0000] {processor.py:840} INFO - DAG(s) 'tutorial_dag' retrieved from /home/airflow/.local/lib/python3.12/site-packages/airflow/example_dags/tutorial_dag.py
[2024-07-07T22:27:33.051+0000] {logging_mixin.py:188} INFO - [2024-07-07T22:27:33.051+0000] {dag.py:3096} INFO - Sync 1 DAGs
[2024-07-07T22:27:33.055+0000] {logging_mixin.py:188} INFO - [2024-07-07T22:27:33.055+0000] {dag.py:3954} INFO - Setting next_dagrun for tutorial_dag to None, run_after=None
[2024-07-07T22:27:33.061+0000] {processor.py:183} INFO - Processing /home/airflow/.local/lib/python3.12/site-packages/airflow/example_dags/tutorial_dag.py took 0.025 seconds
[2024-07-07T22:28:03.301+0000] {processor.py:161} INFO - Started process (PID=1557) to work on /home/airflow/.local/lib/python3.12/site-packages/airflow/example_dags/tutorial_dag.py
[2024-07-07T22:28:03.301+0000] {processor.py:830} INFO - Processing file /home/airflow/.local/lib/python3.12/site-packages/airflow/example_dags/tutorial_dag.py for tasks to queue
[2024-07-07T22:28:03.302+0000] {logging_mixin.py:188} INFO - [2024-07-07T22:28:03.302+0000] {dagbag.py:545} INFO - Filling up the DagBag from /home/airflow/.local/lib/python3.12/site-packages/airflow/example_dags/tutorial_dag.py
[2024-07-07T22:28:03.304+0000] {processor.py:840} INFO - DAG(s) 'tutorial_dag' retrieved from /home/airflow/.local/lib/python3.12/site-packages/airflow/example_dags/tutorial_dag.py
[2024-07-07T22:28:03.311+0000] {logging_mixin.py:188} INFO - [2024-07-07T22:28:03.311+0000] {dag.py:3096} INFO - Sync 1 DAGs
[2024-07-07T22:28:03.315+0000] {logging_mixin.py:188} INFO - [2024-07-07T22:28:03.315+0000] {dag.py:3954} INFO - Setting next_dagrun for tutorial_dag to None, run_after=None
[2024-07-07T22:28:03.321+0000] {processor.py:183} INFO - Processing /home/airflow/.local/lib/python3.12/site-packages/airflow/example_dags/tutorial_dag.py took 0.022 seconds
[2024-07-07T22:28:33.567+0000] {processor.py:161} INFO - Started process (PID=1609) to work on /home/airflow/.local/lib/python3.12/site-packages/airflow/example_dags/tutorial_dag.py
[2024-07-07T22:28:33.568+0000] {processor.py:830} INFO - Processing file /home/airflow/.local/lib/python3.12/site-packages/airflow/example_dags/tutorial_dag.py for tasks to queue
[2024-07-07T22:28:33.569+0000] {logging_mixin.py:188} INFO - [2024-07-07T22:28:33.568+0000] {dagbag.py:545} INFO - Filling up the DagBag from /home/airflow/.local/lib/python3.12/site-packages/airflow/example_dags/tutorial_dag.py
[2024-07-07T22:28:33.571+0000] {processor.py:840} INFO - DAG(s) 'tutorial_dag' retrieved from /home/airflow/.local/lib/python3.12/site-packages/airflow/example_dags/tutorial_dag.py
[2024-07-07T22:28:33.578+0000] {logging_mixin.py:188} INFO - [2024-07-07T22:28:33.578+0000] {dag.py:3096} INFO - Sync 1 DAGs
[2024-07-07T22:28:33.583+0000] {logging_mixin.py:188} INFO - [2024-07-07T22:28:33.583+0000] {dag.py:3954} INFO - Setting next_dagrun for tutorial_dag to None, run_after=None
[2024-07-07T22:28:33.589+0000] {processor.py:183} INFO - Processing /home/airflow/.local/lib/python3.12/site-packages/airflow/example_dags/tutorial_dag.py took 0.023 seconds
[2024-07-07T22:29:03.868+0000] {processor.py:161} INFO - Started process (PID=1661) to work on /home/airflow/.local/lib/python3.12/site-packages/airflow/example_dags/tutorial_dag.py
[2024-07-07T22:29:03.868+0000] {processor.py:830} INFO - Processing file /home/airflow/.local/lib/python3.12/site-packages/airflow/example_dags/tutorial_dag.py for tasks to queue
[2024-07-07T22:29:03.869+0000] {logging_mixin.py:188} INFO - [2024-07-07T22:29:03.869+0000] {dagbag.py:545} INFO - Filling up the DagBag from /home/airflow/.local/lib/python3.12/site-packages/airflow/example_dags/tutorial_dag.py
[2024-07-07T22:29:03.872+0000] {processor.py:840} INFO - DAG(s) 'tutorial_dag' retrieved from /home/airflow/.local/lib/python3.12/site-packages/airflow/example_dags/tutorial_dag.py
[2024-07-07T22:29:03.879+0000] {logging_mixin.py:188} INFO - [2024-07-07T22:29:03.879+0000] {dag.py:3096} INFO - Sync 1 DAGs
[2024-07-07T22:29:03.884+0000] {logging_mixin.py:188} INFO - [2024-07-07T22:29:03.884+0000] {dag.py:3954} INFO - Setting next_dagrun for tutorial_dag to None, run_after=None
[2024-07-07T22:29:03.890+0000] {processor.py:183} INFO - Processing /home/airflow/.local/lib/python3.12/site-packages/airflow/example_dags/tutorial_dag.py took 0.024 seconds
[2024-07-07T22:29:34.380+0000] {processor.py:161} INFO - Started process (PID=1713) to work on /home/airflow/.local/lib/python3.12/site-packages/airflow/example_dags/tutorial_dag.py
[2024-07-07T22:29:34.381+0000] {processor.py:830} INFO - Processing file /home/airflow/.local/lib/python3.12/site-packages/airflow/example_dags/tutorial_dag.py for tasks to queue
[2024-07-07T22:29:34.381+0000] {logging_mixin.py:188} INFO - [2024-07-07T22:29:34.381+0000] {dagbag.py:545} INFO - Filling up the DagBag from /home/airflow/.local/lib/python3.12/site-packages/airflow/example_dags/tutorial_dag.py
[2024-07-07T22:29:34.383+0000] {processor.py:840} INFO - DAG(s) 'tutorial_dag' retrieved from /home/airflow/.local/lib/python3.12/site-packages/airflow/example_dags/tutorial_dag.py
[2024-07-07T22:29:34.391+0000] {logging_mixin.py:188} INFO - [2024-07-07T22:29:34.391+0000] {dag.py:3096} INFO - Sync 1 DAGs
[2024-07-07T22:29:34.395+0000] {logging_mixin.py:188} INFO - [2024-07-07T22:29:34.395+0000] {dag.py:3954} INFO - Setting next_dagrun for tutorial_dag to None, run_after=None
[2024-07-07T22:29:34.401+0000] {processor.py:183} INFO - Processing /home/airflow/.local/lib/python3.12/site-packages/airflow/example_dags/tutorial_dag.py took 0.022 seconds
[2024-07-07T22:30:04.901+0000] {processor.py:161} INFO - Started process (PID=1765) to work on /home/airflow/.local/lib/python3.12/site-packages/airflow/example_dags/tutorial_dag.py
[2024-07-07T22:30:04.901+0000] {processor.py:830} INFO - Processing file /home/airflow/.local/lib/python3.12/site-packages/airflow/example_dags/tutorial_dag.py for tasks to queue
[2024-07-07T22:30:04.902+0000] {logging_mixin.py:188} INFO - [2024-07-07T22:30:04.902+0000] {dagbag.py:545} INFO - Filling up the DagBag from /home/airflow/.local/lib/python3.12/site-packages/airflow/example_dags/tutorial_dag.py
[2024-07-07T22:30:04.904+0000] {processor.py:840} INFO - DAG(s) 'tutorial_dag' retrieved from /home/airflow/.local/lib/python3.12/site-packages/airflow/example_dags/tutorial_dag.py
[2024-07-07T22:30:04.911+0000] {logging_mixin.py:188} INFO - [2024-07-07T22:30:04.911+0000] {dag.py:3096} INFO - Sync 1 DAGs
[2024-07-07T22:30:04.916+0000] {logging_mixin.py:188} INFO - [2024-07-07T22:30:04.916+0000] {dag.py:3954} INFO - Setting next_dagrun for tutorial_dag to None, run_after=None
[2024-07-07T22:30:04.989+0000] {processor.py:183} INFO - Processing /home/airflow/.local/lib/python3.12/site-packages/airflow/example_dags/tutorial_dag.py took 0.091 seconds
[2024-07-07T22:30:35.279+0000] {processor.py:161} INFO - Started process (PID=1817) to work on /home/airflow/.local/lib/python3.12/site-packages/airflow/example_dags/tutorial_dag.py
[2024-07-07T22:30:35.280+0000] {processor.py:830} INFO - Processing file /home/airflow/.local/lib/python3.12/site-packages/airflow/example_dags/tutorial_dag.py for tasks to queue
[2024-07-07T22:30:35.280+0000] {logging_mixin.py:188} INFO - [2024-07-07T22:30:35.280+0000] {dagbag.py:545} INFO - Filling up the DagBag from /home/airflow/.local/lib/python3.12/site-packages/airflow/example_dags/tutorial_dag.py
[2024-07-07T22:30:35.282+0000] {processor.py:840} INFO - DAG(s) 'tutorial_dag' retrieved from /home/airflow/.local/lib/python3.12/site-packages/airflow/example_dags/tutorial_dag.py
[2024-07-07T22:30:35.291+0000] {logging_mixin.py:188} INFO - [2024-07-07T22:30:35.291+0000] {dag.py:3096} INFO - Sync 1 DAGs
[2024-07-07T22:30:35.295+0000] {logging_mixin.py:188} INFO - [2024-07-07T22:30:35.295+0000] {dag.py:3954} INFO - Setting next_dagrun for tutorial_dag to None, run_after=None
[2024-07-07T22:30:35.301+0000] {processor.py:183} INFO - Processing /home/airflow/.local/lib/python3.12/site-packages/airflow/example_dags/tutorial_dag.py took 0.025 seconds
[2024-07-07T22:31:06.360+0000] {processor.py:161} INFO - Started process (PID=1869) to work on /home/airflow/.local/lib/python3.12/site-packages/airflow/example_dags/tutorial_dag.py
[2024-07-07T22:31:06.361+0000] {processor.py:830} INFO - Processing file /home/airflow/.local/lib/python3.12/site-packages/airflow/example_dags/tutorial_dag.py for tasks to queue
[2024-07-07T22:31:06.362+0000] {logging_mixin.py:188} INFO - [2024-07-07T22:31:06.362+0000] {dagbag.py:545} INFO - Filling up the DagBag from /home/airflow/.local/lib/python3.12/site-packages/airflow/example_dags/tutorial_dag.py
[2024-07-07T22:31:06.364+0000] {processor.py:840} INFO - DAG(s) 'tutorial_dag' retrieved from /home/airflow/.local/lib/python3.12/site-packages/airflow/example_dags/tutorial_dag.py
[2024-07-07T22:31:06.372+0000] {logging_mixin.py:188} INFO - [2024-07-07T22:31:06.372+0000] {dag.py:3096} INFO - Sync 1 DAGs
[2024-07-07T22:31:06.376+0000] {logging_mixin.py:188} INFO - [2024-07-07T22:31:06.376+0000] {dag.py:3954} INFO - Setting next_dagrun for tutorial_dag to None, run_after=None
[2024-07-07T22:31:06.383+0000] {processor.py:183} INFO - Processing /home/airflow/.local/lib/python3.12/site-packages/airflow/example_dags/tutorial_dag.py took 0.024 seconds
[2024-07-07T22:31:37.315+0000] {processor.py:161} INFO - Started process (PID=1921) to work on /home/airflow/.local/lib/python3.12/site-packages/airflow/example_dags/tutorial_dag.py
[2024-07-07T22:31:37.315+0000] {processor.py:830} INFO - Processing file /home/airflow/.local/lib/python3.12/site-packages/airflow/example_dags/tutorial_dag.py for tasks to queue
[2024-07-07T22:31:37.316+0000] {logging_mixin.py:188} INFO - [2024-07-07T22:31:37.316+0000] {dagbag.py:545} INFO - Filling up the DagBag from /home/airflow/.local/lib/python3.12/site-packages/airflow/example_dags/tutorial_dag.py
[2024-07-07T22:31:37.318+0000] {processor.py:840} INFO - DAG(s) 'tutorial_dag' retrieved from /home/airflow/.local/lib/python3.12/site-packages/airflow/example_dags/tutorial_dag.py
[2024-07-07T22:31:37.326+0000] {logging_mixin.py:188} INFO - [2024-07-07T22:31:37.325+0000] {dag.py:3096} INFO - Sync 1 DAGs
[2024-07-07T22:31:37.330+0000] {logging_mixin.py:188} INFO - [2024-07-07T22:31:37.330+0000] {dag.py:3954} INFO - Setting next_dagrun for tutorial_dag to None, run_after=None
[2024-07-07T22:31:37.336+0000] {processor.py:183} INFO - Processing /home/airflow/.local/lib/python3.12/site-packages/airflow/example_dags/tutorial_dag.py took 0.024 seconds
[2024-07-07T22:32:08.707+0000] {processor.py:161} INFO - Started process (PID=1973) to work on /home/airflow/.local/lib/python3.12/site-packages/airflow/example_dags/tutorial_dag.py
[2024-07-07T22:32:08.708+0000] {processor.py:830} INFO - Processing file /home/airflow/.local/lib/python3.12/site-packages/airflow/example_dags/tutorial_dag.py for tasks to queue
[2024-07-07T22:32:08.708+0000] {logging_mixin.py:188} INFO - [2024-07-07T22:32:08.708+0000] {dagbag.py:545} INFO - Filling up the DagBag from /home/airflow/.local/lib/python3.12/site-packages/airflow/example_dags/tutorial_dag.py
[2024-07-07T22:32:08.710+0000] {processor.py:840} INFO - DAG(s) 'tutorial_dag' retrieved from /home/airflow/.local/lib/python3.12/site-packages/airflow/example_dags/tutorial_dag.py
[2024-07-07T22:32:08.786+0000] {logging_mixin.py:188} INFO - [2024-07-07T22:32:08.786+0000] {dag.py:3096} INFO - Sync 1 DAGs
[2024-07-07T22:32:08.790+0000] {logging_mixin.py:188} INFO - [2024-07-07T22:32:08.790+0000] {dag.py:3954} INFO - Setting next_dagrun for tutorial_dag to None, run_after=None
[2024-07-07T22:32:08.797+0000] {processor.py:183} INFO - Processing /home/airflow/.local/lib/python3.12/site-packages/airflow/example_dags/tutorial_dag.py took 0.092 seconds
[2024-07-07T22:32:39.406+0000] {processor.py:161} INFO - Started process (PID=2025) to work on /home/airflow/.local/lib/python3.12/site-packages/airflow/example_dags/tutorial_dag.py
[2024-07-07T22:32:39.410+0000] {processor.py:830} INFO - Processing file /home/airflow/.local/lib/python3.12/site-packages/airflow/example_dags/tutorial_dag.py for tasks to queue
[2024-07-07T22:32:39.411+0000] {logging_mixin.py:188} INFO - [2024-07-07T22:32:39.411+0000] {dagbag.py:545} INFO - Filling up the DagBag from /home/airflow/.local/lib/python3.12/site-packages/airflow/example_dags/tutorial_dag.py
[2024-07-07T22:32:39.413+0000] {processor.py:840} INFO - DAG(s) 'tutorial_dag' retrieved from /home/airflow/.local/lib/python3.12/site-packages/airflow/example_dags/tutorial_dag.py
[2024-07-07T22:32:39.424+0000] {logging_mixin.py:188} INFO - [2024-07-07T22:32:39.423+0000] {dag.py:3096} INFO - Sync 1 DAGs
[2024-07-07T22:32:39.428+0000] {logging_mixin.py:188} INFO - [2024-07-07T22:32:39.428+0000] {dag.py:3954} INFO - Setting next_dagrun for tutorial_dag to None, run_after=None
[2024-07-07T22:32:39.435+0000] {processor.py:183} INFO - Processing /home/airflow/.local/lib/python3.12/site-packages/airflow/example_dags/tutorial_dag.py took 0.032 seconds
[2024-07-07T22:33:09.895+0000] {processor.py:161} INFO - Started process (PID=2077) to work on /home/airflow/.local/lib/python3.12/site-packages/airflow/example_dags/tutorial_dag.py
[2024-07-07T22:33:09.896+0000] {processor.py:830} INFO - Processing file /home/airflow/.local/lib/python3.12/site-packages/airflow/example_dags/tutorial_dag.py for tasks to queue
[2024-07-07T22:33:09.896+0000] {logging_mixin.py:188} INFO - [2024-07-07T22:33:09.896+0000] {dagbag.py:545} INFO - Filling up the DagBag from /home/airflow/.local/lib/python3.12/site-packages/airflow/example_dags/tutorial_dag.py
[2024-07-07T22:33:09.899+0000] {processor.py:840} INFO - DAG(s) 'tutorial_dag' retrieved from /home/airflow/.local/lib/python3.12/site-packages/airflow/example_dags/tutorial_dag.py
[2024-07-07T22:33:09.907+0000] {logging_mixin.py:188} INFO - [2024-07-07T22:33:09.907+0000] {dag.py:3096} INFO - Sync 1 DAGs
[2024-07-07T22:33:09.912+0000] {logging_mixin.py:188} INFO - [2024-07-07T22:33:09.912+0000] {dag.py:3954} INFO - Setting next_dagrun for tutorial_dag to None, run_after=None
[2024-07-07T22:33:09.919+0000] {processor.py:183} INFO - Processing /home/airflow/.local/lib/python3.12/site-packages/airflow/example_dags/tutorial_dag.py took 0.026 seconds
[2024-07-07T22:33:40.345+0000] {processor.py:161} INFO - Started process (PID=2129) to work on /home/airflow/.local/lib/python3.12/site-packages/airflow/example_dags/tutorial_dag.py
[2024-07-07T22:33:40.346+0000] {processor.py:830} INFO - Processing file /home/airflow/.local/lib/python3.12/site-packages/airflow/example_dags/tutorial_dag.py for tasks to queue
[2024-07-07T22:33:40.347+0000] {logging_mixin.py:188} INFO - [2024-07-07T22:33:40.347+0000] {dagbag.py:545} INFO - Filling up the DagBag from /home/airflow/.local/lib/python3.12/site-packages/airflow/example_dags/tutorial_dag.py
[2024-07-07T22:33:40.350+0000] {processor.py:840} INFO - DAG(s) 'tutorial_dag' retrieved from /home/airflow/.local/lib/python3.12/site-packages/airflow/example_dags/tutorial_dag.py
[2024-07-07T22:33:40.360+0000] {logging_mixin.py:188} INFO - [2024-07-07T22:33:40.360+0000] {dag.py:3096} INFO - Sync 1 DAGs
[2024-07-07T22:33:40.366+0000] {logging_mixin.py:188} INFO - [2024-07-07T22:33:40.366+0000] {dag.py:3954} INFO - Setting next_dagrun for tutorial_dag to None, run_after=None
[2024-07-07T22:33:40.375+0000] {processor.py:183} INFO - Processing /home/airflow/.local/lib/python3.12/site-packages/airflow/example_dags/tutorial_dag.py took 0.033 seconds
