[2024-07-08T17:20:56.296+0000] {local_task_job_runner.py:120} INFO - ::group::Pre task execution logs
[2024-07-08T17:20:56.329+0000] {taskinstance.py:2076} INFO - Dependencies all met for dep_context=non-requeueable deps ti=<TaskInstance: minha_primeira_dag.minha_primeira_dag scheduled__2024-01-12T00:00:00+00:00 [queued]>
[2024-07-08T17:20:56.355+0000] {taskinstance.py:2076} INFO - Dependencies all met for dep_context=requeueable deps ti=<TaskInstance: minha_primeira_dag.minha_primeira_dag scheduled__2024-01-12T00:00:00+00:00 [queued]>
[2024-07-08T17:20:56.357+0000] {taskinstance.py:2306} INFO - Starting attempt 1 of 2
[2024-07-08T17:20:56.389+0000] {taskinstance.py:2330} INFO - Executing <Task(PythonOperator): minha_primeira_dag> on 2024-01-12 00:00:00+00:00
[2024-07-08T17:20:56.410+0000] {warnings.py:112} WARNING - /home/***/.local/lib/python3.12/site-packages/***/task/task_runner/standard_task_runner.py:61: DeprecationWarning: This process (pid=635) is multi-threaded, use of fork() may lead to deadlocks in the child.
  pid = os.fork()

[2024-07-08T17:20:56.435+0000] {standard_task_runner.py:63} INFO - Started process 654 to run task
[2024-07-08T17:20:56.411+0000] {standard_task_runner.py:90} INFO - Running: ['***', 'tasks', 'run', 'minha_primeira_dag', 'minha_primeira_dag', 'scheduled__2024-01-12T00:00:00+00:00', '--job-id', '233', '--raw', '--subdir', 'DAGS_FOLDER/vitorfornaro_dag.py', '--cfg-path', '/tmp/tmppe4y2epl']
[2024-07-08T17:20:56.452+0000] {standard_task_runner.py:91} INFO - Job 233: Subtask minha_primeira_dag
[2024-07-08T17:20:56.494+0000] {warnings.py:112} WARNING - /home/***/.local/lib/python3.12/site-packages/***/settings.py:195: DeprecationWarning: The sql_alchemy_conn option in [core] has been moved to the sql_alchemy_conn option in [database] - the old setting has been used, but please update your config.
  SQL_ALCHEMY_CONN = conf.get("database", "SQL_ALCHEMY_CONN")

[2024-07-08T17:20:56.550+0000] {task_command.py:426} INFO - Running <TaskInstance: minha_primeira_dag.minha_primeira_dag scheduled__2024-01-12T00:00:00+00:00 [running]> on host 97f0f2466900
[2024-07-08T17:20:56.722+0000] {taskinstance.py:2648} INFO - Exporting env vars: AIRFLOW_CTX_DAG_OWNER='***' AIRFLOW_CTX_DAG_ID='minha_primeira_dag' AIRFLOW_CTX_TASK_ID='minha_primeira_dag' AIRFLOW_CTX_EXECUTION_DATE='2024-01-12T00:00:00+00:00' AIRFLOW_CTX_TRY_NUMBER='1' AIRFLOW_CTX_DAG_RUN_ID='scheduled__2024-01-12T00:00:00+00:00'
[2024-07-08T17:20:56.726+0000] {taskinstance.py:430} INFO - ::endgroup::
[2024-07-08T17:20:56.732+0000] {logging_mixin.py:188} INFO - Hello, world!
[2024-07-08T17:20:56.733+0000] {python.py:237} INFO - Done. Returned value was: None
[2024-07-08T17:20:56.733+0000] {taskinstance.py:441} INFO - ::group::Post task execution logs
[2024-07-08T17:20:56.740+0000] {taskinstance.py:1206} INFO - Marking task as SUCCESS. dag_id=minha_primeira_dag, task_id=minha_primeira_dag, run_id=scheduled__2024-01-12T00:00:00+00:00, execution_date=20240112T000000, start_date=20240708T172056, end_date=20240708T172056
[2024-07-08T17:20:56.754+0000] {local_task_job_runner.py:240} INFO - Task exited with return code 0
[2024-07-08T17:20:56.775+0000] {taskinstance.py:3503} INFO - 0 downstream tasks scheduled from follow-on schedule check
[2024-07-08T17:20:56.791+0000] {local_task_job_runner.py:222} INFO - ::endgroup::
